<?xml version="1.0" encoding="UTF-8"?>
<testsuite xmlns:xsi="http://www.w3.org/2001/XMLSchema-instance" xsi:noNamespaceSchemaLocation="https://maven.apache.org/surefire/maven-surefire-plugin/xsd/surefire-test-report.xsd" name="org.reverside.bootcamp.ubereats.test.ProductTestCase" time="4.468" tests="1" errors="1" skipped="0" failures="0">
  <properties>
    <property name="sun.desktop" value="windows"/>
    <property name="awt.toolkit" value="sun.awt.windows.WToolkit"/>
    <property name="file.encoding.pkg" value="sun.io"/>
    <property name="java.specification.version" value="1.8"/>
    <property name="sun.cpu.isalist" value="amd64"/>
    <property name="sun.jnu.encoding" value="Cp1252"/>
    <property name="java.class.path" value="C:\Users\User\eclipse-workspace\ubereats\target\test-classes;C:\Users\User\eclipse-workspace\ubereats\target\classes;C:\Users\User\.m2\repository\org\springframework\boot\spring-boot-starter-tomcat\2.0.0.RELEASE\spring-boot-starter-tomcat-2.0.0.RELEASE.jar;C:\Users\User\.m2\repository\javax\annotation\javax.annotation-api\1.3.2\javax.annotation-api-1.3.2.jar;C:\Users\User\.m2\repository\org\apache\tomcat\embed\tomcat-embed-core\8.5.28\tomcat-embed-core-8.5.28.jar;C:\Users\User\.m2\repository\org\apache\tomcat\embed\tomcat-embed-el\8.5.28\tomcat-embed-el-8.5.28.jar;C:\Users\User\.m2\repository\org\apache\tomcat\embed\tomcat-embed-websocket\8.5.28\tomcat-embed-websocket-8.5.28.jar;C:\Users\User\.m2\repository\junit\junit\4.12\junit-4.12.jar;C:\Users\User\.m2\repository\org\hamcrest\hamcrest-core\1.3\hamcrest-core-1.3.jar;C:\Users\User\.m2\repository\org\springframework\boot\spring-boot-starter-web\2.0.0.RELEASE\spring-boot-starter-web-2.0.0.RELEASE.jar;C:\Users\User\.m2\repository\org\springframework\boot\spring-boot-starter\2.0.0.RELEASE\spring-boot-starter-2.0.0.RELEASE.jar;C:\Users\User\.m2\repository\org\springframework\boot\spring-boot-starter-logging\2.0.0.RELEASE\spring-boot-starter-logging-2.0.0.RELEASE.jar;C:\Users\User\.m2\repository\ch\qos\logback\logback-classic\1.2.3\logback-classic-1.2.3.jar;C:\Users\User\.m2\repository\ch\qos\logback\logback-core\1.2.3\logback-core-1.2.3.jar;C:\Users\User\.m2\repository\org\apache\logging\log4j\log4j-to-slf4j\2.10.0\log4j-to-slf4j-2.10.0.jar;C:\Users\User\.m2\repository\org\apache\logging\log4j\log4j-api\2.10.0\log4j-api-2.10.0.jar;C:\Users\User\.m2\repository\org\slf4j\jul-to-slf4j\1.7.25\jul-to-slf4j-1.7.25.jar;C:\Users\User\.m2\repository\org\yaml\snakeyaml\1.19\snakeyaml-1.19.jar;C:\Users\User\.m2\repository\org\springframework\boot\spring-boot-starter-json\2.0.0.RELEASE\spring-boot-starter-json-2.0.0.RELEASE.jar;C:\Users\User\.m2\repository\com\fasterxml\jackson\datatype\jackson-datatype-jdk8\2.9.4\jackson-datatype-jdk8-2.9.4.jar;C:\Users\User\.m2\repository\com\fasterxml\jackson\datatype\jackson-datatype-jsr310\2.9.4\jackson-datatype-jsr310-2.9.4.jar;C:\Users\User\.m2\repository\com\fasterxml\jackson\module\jackson-module-parameter-names\2.9.4\jackson-module-parameter-names-2.9.4.jar;C:\Users\User\.m2\repository\org\hibernate\validator\hibernate-validator\6.0.7.Final\hibernate-validator-6.0.7.Final.jar;C:\Users\User\.m2\repository\javax\validation\validation-api\2.0.1.Final\validation-api-2.0.1.Final.jar;C:\Users\User\.m2\repository\org\springframework\spring-web\5.0.4.RELEASE\spring-web-5.0.4.RELEASE.jar;C:\Users\User\.m2\repository\org\springframework\spring-webmvc\5.0.4.RELEASE\spring-webmvc-5.0.4.RELEASE.jar;C:\Users\User\.m2\repository\org\springframework\spring-aop\5.0.4.RELEASE\spring-aop-5.0.4.RELEASE.jar;C:\Users\User\.m2\repository\org\springframework\spring-context\5.0.4.RELEASE\spring-context-5.0.4.RELEASE.jar;C:\Users\User\.m2\repository\org\springframework\spring-expression\5.0.4.RELEASE\spring-expression-5.0.4.RELEASE.jar;C:\Users\User\.m2\repository\org\springframework\boot\spring-boot-starter-data-jpa\2.0.0.RELEASE\spring-boot-starter-data-jpa-2.0.0.RELEASE.jar;C:\Users\User\.m2\repository\org\springframework\boot\spring-boot-starter-aop\2.0.0.RELEASE\spring-boot-starter-aop-2.0.0.RELEASE.jar;C:\Users\User\.m2\repository\org\aspectj\aspectjweaver\1.8.13\aspectjweaver-1.8.13.jar;C:\Users\User\.m2\repository\org\springframework\boot\spring-boot-starter-jdbc\2.0.0.RELEASE\spring-boot-starter-jdbc-2.0.0.RELEASE.jar;C:\Users\User\.m2\repository\com\zaxxer\HikariCP\2.7.8\HikariCP-2.7.8.jar;C:\Users\User\.m2\repository\javax\transaction\javax.transaction-api\1.2\javax.transaction-api-1.2.jar;C:\Users\User\.m2\repository\org\springframework\data\spring-data-jpa\2.0.5.RELEASE\spring-data-jpa-2.0.5.RELEASE.jar;C:\Users\User\.m2\repository\org\springframework\data\spring-data-commons\2.0.5.RELEASE\spring-data-commons-2.0.5.RELEASE.jar;C:\Users\User\.m2\repository\org\slf4j\slf4j-api\1.7.25\slf4j-api-1.7.25.jar;C:\Users\User\.m2\repository\org\springframework\spring-aspects\5.0.4.RELEASE\spring-aspects-5.0.4.RELEASE.jar;C:\Users\User\.m2\repository\mysql\mysql-connector-java\5.1.45\mysql-connector-java-5.1.45.jar;C:\Users\User\.m2\repository\org\springframework\boot\spring-boot-starter-test\2.0.0.RELEASE\spring-boot-starter-test-2.0.0.RELEASE.jar;C:\Users\User\.m2\repository\org\springframework\boot\spring-boot-test\2.0.0.RELEASE\spring-boot-test-2.0.0.RELEASE.jar;C:\Users\User\.m2\repository\org\springframework\boot\spring-boot-test-autoconfigure\2.0.0.RELEASE\spring-boot-test-autoconfigure-2.0.0.RELEASE.jar;C:\Users\User\.m2\repository\com\jayway\jsonpath\json-path\2.4.0\json-path-2.4.0.jar;C:\Users\User\.m2\repository\net\minidev\json-smart\2.3\json-smart-2.3.jar;C:\Users\User\.m2\repository\net\minidev\accessors-smart\1.2\accessors-smart-1.2.jar;C:\Users\User\.m2\repository\org\assertj\assertj-core\3.9.1\assertj-core-3.9.1.jar;C:\Users\User\.m2\repository\org\mockito\mockito-core\2.15.0\mockito-core-2.15.0.jar;C:\Users\User\.m2\repository\net\bytebuddy\byte-buddy\1.7.10\byte-buddy-1.7.10.jar;C:\Users\User\.m2\repository\net\bytebuddy\byte-buddy-agent\1.7.10\byte-buddy-agent-1.7.10.jar;C:\Users\User\.m2\repository\org\objenesis\objenesis\2.6\objenesis-2.6.jar;C:\Users\User\.m2\repository\org\hamcrest\hamcrest-library\1.3\hamcrest-library-1.3.jar;C:\Users\User\.m2\repository\org\skyscreamer\jsonassert\1.5.0\jsonassert-1.5.0.jar;C:\Users\User\.m2\repository\com\vaadin\external\google\android-json\0.0.20131108.vaadin1\android-json-0.0.20131108.vaadin1.jar;C:\Users\User\.m2\repository\org\springframework\spring-core\5.0.4.RELEASE\spring-core-5.0.4.RELEASE.jar;C:\Users\User\.m2\repository\org\springframework\spring-jcl\5.0.4.RELEASE\spring-jcl-5.0.4.RELEASE.jar;C:\Users\User\.m2\repository\org\springframework\spring-test\5.0.4.RELEASE\spring-test-5.0.4.RELEASE.jar;C:\Users\User\.m2\repository\org\xmlunit\xmlunit-core\2.5.1\xmlunit-core-2.5.1.jar;C:\Users\User\.m2\repository\org\springframework\boot\spring-boot-devtools\2.0.0.RELEASE\spring-boot-devtools-2.0.0.RELEASE.jar;C:\Users\User\.m2\repository\org\springframework\boot\spring-boot\2.0.0.RELEASE\spring-boot-2.0.0.RELEASE.jar;C:\Users\User\.m2\repository\org\springframework\boot\spring-boot-autoconfigure\2.0.0.RELEASE\spring-boot-autoconfigure-2.0.0.RELEASE.jar;C:\Users\User\.m2\repository\com\h2database\h2\1.4.196\h2-1.4.196.jar;C:\Users\User\.m2\repository\org\hibernate\hibernate-core\5.2.14.Final\hibernate-core-5.2.14.Final.jar;C:\Users\User\.m2\repository\org\jboss\logging\jboss-logging\3.3.2.Final\jboss-logging-3.3.2.Final.jar;C:\Users\User\.m2\repository\org\hibernate\javax\persistence\hibernate-jpa-2.1-api\1.0.0.Final\hibernate-jpa-2.1-api-1.0.0.Final.jar;C:\Users\User\.m2\repository\org\javassist\javassist\3.22.0-GA\javassist-3.22.0-GA.jar;C:\Users\User\.m2\repository\antlr\antlr\2.7.7\antlr-2.7.7.jar;C:\Users\User\.m2\repository\org\jboss\spec\javax\transaction\jboss-transaction-api_1.2_spec\1.0.1.Final\jboss-transaction-api_1.2_spec-1.0.1.Final.jar;C:\Users\User\.m2\repository\org\jboss\jandex\2.0.3.Final\jandex-2.0.3.Final.jar;C:\Users\User\.m2\repository\com\fasterxml\classmate\1.3.4\classmate-1.3.4.jar;C:\Users\User\.m2\repository\dom4j\dom4j\1.6.1\dom4j-1.6.1.jar;C:\Users\User\.m2\repository\org\hibernate\common\hibernate-commons-annotations\5.0.1.Final\hibernate-commons-annotations-5.0.1.Final.jar;C:\Users\User\.m2\repository\org\springframework\spring-orm\5.0.4.RELEASE\spring-orm-5.0.4.RELEASE.jar;C:\Users\User\.m2\repository\org\springframework\spring-beans\5.0.4.RELEASE\spring-beans-5.0.4.RELEASE.jar;C:\Users\User\.m2\repository\org\springframework\spring-jdbc\5.0.4.RELEASE\spring-jdbc-5.0.4.RELEASE.jar;C:\Users\User\.m2\repository\org\springframework\spring-tx\5.0.4.RELEASE\spring-tx-5.0.4.RELEASE.jar;C:\Users\User\.m2\repository\org\apache\commons\commons-dbcp2\2.2.0\commons-dbcp2-2.2.0.jar;C:\Users\User\.m2\repository\org\apache\commons\commons-pool2\2.5.0\commons-pool2-2.5.0.jar;C:\Users\User\.m2\repository\org\apache\maven\plugins\maven-compiler-plugin\3.7.0\maven-compiler-plugin-3.7.0.jar;C:\Users\User\.m2\repository\org\apache\maven\maven-plugin-api\3.0\maven-plugin-api-3.0.jar;C:\Users\User\.m2\repository\org\apache\maven\maven-model\3.0\maven-model-3.0.jar;C:\Users\User\.m2\repository\org\sonatype\sisu\sisu-inject-plexus\1.4.2\sisu-inject-plexus-1.4.2.jar;C:\Users\User\.m2\repository\org\sonatype\sisu\sisu-inject-bean\1.4.2\sisu-inject-bean-1.4.2.jar;C:\Users\User\.m2\repository\org\sonatype\sisu\sisu-guice\2.1.7\sisu-guice-2.1.7-noaop.jar;C:\Users\User\.m2\repository\org\apache\maven\maven-artifact\3.0\maven-artifact-3.0.jar;C:\Users\User\.m2\repository\org\codehaus\plexus\plexus-utils\2.0.4\plexus-utils-2.0.4.jar;C:\Users\User\.m2\repository\org\apache\maven\maven-core\3.0\maven-core-3.0.jar;C:\Users\User\.m2\repository\org\apache\maven\maven-settings\3.0\maven-settings-3.0.jar;C:\Users\User\.m2\repository\org\apache\maven\maven-settings-builder\3.0\maven-settings-builder-3.0.jar;C:\Users\User\.m2\repository\org\apache\maven\maven-repository-metadata\3.0\maven-repository-metadata-3.0.jar;C:\Users\User\.m2\repository\org\apache\maven\maven-model-builder\3.0\maven-model-builder-3.0.jar;C:\Users\User\.m2\repository\org\apache\maven\maven-aether-provider\3.0\maven-aether-provider-3.0.jar;C:\Users\User\.m2\repository\org\sonatype\aether\aether-impl\1.7\aether-impl-1.7.jar;C:\Users\User\.m2\repository\org\sonatype\aether\aether-spi\1.7\aether-spi-1.7.jar;C:\Users\User\.m2\repository\org\sonatype\aether\aether-api\1.7\aether-api-1.7.jar;C:\Users\User\.m2\repository\org\sonatype\aether\aether-util\1.7\aether-util-1.7.jar;C:\Users\User\.m2\repository\org\codehaus\plexus\plexus-interpolation\1.14\plexus-interpolation-1.14.jar;C:\Users\User\.m2\repository\org\codehaus\plexus\plexus-classworlds\2.2.3\plexus-classworlds-2.2.3.jar;C:\Users\User\.m2\repository\org\codehaus\plexus\plexus-component-annotations\1.5.5\plexus-component-annotations-1.5.5.jar;C:\Users\User\.m2\repository\org\sonatype\plexus\plexus-sec-dispatcher\1.3\plexus-sec-dispatcher-1.3.jar;C:\Users\User\.m2\repository\org\sonatype\plexus\plexus-cipher\1.4\plexus-cipher-1.4.jar;C:\Users\User\.m2\repository\org\apache\maven\shared\maven-shared-utils\3.1.0\maven-shared-utils-3.1.0.jar;C:\Users\User\.m2\repository\commons-io\commons-io\2.5\commons-io-2.5.jar;C:\Users\User\.m2\repository\org\apache\maven\shared\maven-shared-incremental\1.1\maven-shared-incremental-1.1.jar;C:\Users\User\.m2\repository\org\codehaus\plexus\plexus-java\0.9.2\plexus-java-0.9.2.jar;C:\Users\User\.m2\repository\org\ow2\asm\asm\6.0_BETA\asm-6.0_BETA.jar;C:\Users\User\.m2\repository\com\thoughtworks\qdox\qdox\2.0-M7\qdox-2.0-M7.jar;C:\Users\User\.m2\repository\org\codehaus\plexus\plexus-compiler-api\2.8.2\plexus-compiler-api-2.8.2.jar;C:\Users\User\.m2\repository\org\codehaus\plexus\plexus-compiler-manager\2.8.2\plexus-compiler-manager-2.8.2.jar;C:\Users\User\.m2\repository\org\codehaus\plexus\plexus-compiler-javac\2.8.2\plexus-compiler-javac-2.8.2.jar;C:\Users\User\.m2\repository\com\fasterxml\jackson\core\jackson-databind\2.9.4\jackson-databind-2.9.4.jar;C:\Users\User\.m2\repository\com\fasterxml\jackson\core\jackson-core\2.9.4\jackson-core-2.9.4.jar;C:\Users\User\.m2\repository\com\fasterxml\jackson\core\jackson-annotations\2.9.0\jackson-annotations-2.9.0.jar;"/>
    <property name="java.vm.vendor" value="Oracle Corporation"/>
    <property name="sun.arch.data.model" value="64"/>
    <property name="user.variant" value=""/>
    <property name="java.vendor.url" value="http://java.oracle.com/"/>
    <property name="user.timezone" value=""/>
    <property name="java.vm.specification.version" value="1.8"/>
    <property name="os.name" value="Windows 10"/>
    <property name="user.country" value="US"/>
    <property name="sun.java.launcher" value="SUN_STANDARD"/>
    <property name="sun.boot.library.path" value="C:\Program Files\Java\jdk1.8.0_101\jre\bin"/>
    <property name="sun.java.command" value="C:\Users\User\AppData\Local\Temp\surefire411137058472474102\surefirebooter4073495440638963479.jar C:\Users\User\AppData\Local\Temp\surefire411137058472474102 2018-03-05T11-18-42_141-jvmRun1 surefire308685472930676419tmp surefire_07681882179701116136tmp"/>
    <property name="surefire.test.class.path" value="C:\Users\User\eclipse-workspace\ubereats\target\test-classes;C:\Users\User\eclipse-workspace\ubereats\target\classes;C:\Users\User\.m2\repository\org\springframework\boot\spring-boot-starter-tomcat\2.0.0.RELEASE\spring-boot-starter-tomcat-2.0.0.RELEASE.jar;C:\Users\User\.m2\repository\javax\annotation\javax.annotation-api\1.3.2\javax.annotation-api-1.3.2.jar;C:\Users\User\.m2\repository\org\apache\tomcat\embed\tomcat-embed-core\8.5.28\tomcat-embed-core-8.5.28.jar;C:\Users\User\.m2\repository\org\apache\tomcat\embed\tomcat-embed-el\8.5.28\tomcat-embed-el-8.5.28.jar;C:\Users\User\.m2\repository\org\apache\tomcat\embed\tomcat-embed-websocket\8.5.28\tomcat-embed-websocket-8.5.28.jar;C:\Users\User\.m2\repository\junit\junit\4.12\junit-4.12.jar;C:\Users\User\.m2\repository\org\hamcrest\hamcrest-core\1.3\hamcrest-core-1.3.jar;C:\Users\User\.m2\repository\org\springframework\boot\spring-boot-starter-web\2.0.0.RELEASE\spring-boot-starter-web-2.0.0.RELEASE.jar;C:\Users\User\.m2\repository\org\springframework\boot\spring-boot-starter\2.0.0.RELEASE\spring-boot-starter-2.0.0.RELEASE.jar;C:\Users\User\.m2\repository\org\springframework\boot\spring-boot-starter-logging\2.0.0.RELEASE\spring-boot-starter-logging-2.0.0.RELEASE.jar;C:\Users\User\.m2\repository\ch\qos\logback\logback-classic\1.2.3\logback-classic-1.2.3.jar;C:\Users\User\.m2\repository\ch\qos\logback\logback-core\1.2.3\logback-core-1.2.3.jar;C:\Users\User\.m2\repository\org\apache\logging\log4j\log4j-to-slf4j\2.10.0\log4j-to-slf4j-2.10.0.jar;C:\Users\User\.m2\repository\org\apache\logging\log4j\log4j-api\2.10.0\log4j-api-2.10.0.jar;C:\Users\User\.m2\repository\org\slf4j\jul-to-slf4j\1.7.25\jul-to-slf4j-1.7.25.jar;C:\Users\User\.m2\repository\org\yaml\snakeyaml\1.19\snakeyaml-1.19.jar;C:\Users\User\.m2\repository\org\springframework\boot\spring-boot-starter-json\2.0.0.RELEASE\spring-boot-starter-json-2.0.0.RELEASE.jar;C:\Users\User\.m2\repository\com\fasterxml\jackson\datatype\jackson-datatype-jdk8\2.9.4\jackson-datatype-jdk8-2.9.4.jar;C:\Users\User\.m2\repository\com\fasterxml\jackson\datatype\jackson-datatype-jsr310\2.9.4\jackson-datatype-jsr310-2.9.4.jar;C:\Users\User\.m2\repository\com\fasterxml\jackson\module\jackson-module-parameter-names\2.9.4\jackson-module-parameter-names-2.9.4.jar;C:\Users\User\.m2\repository\org\hibernate\validator\hibernate-validator\6.0.7.Final\hibernate-validator-6.0.7.Final.jar;C:\Users\User\.m2\repository\javax\validation\validation-api\2.0.1.Final\validation-api-2.0.1.Final.jar;C:\Users\User\.m2\repository\org\springframework\spring-web\5.0.4.RELEASE\spring-web-5.0.4.RELEASE.jar;C:\Users\User\.m2\repository\org\springframework\spring-webmvc\5.0.4.RELEASE\spring-webmvc-5.0.4.RELEASE.jar;C:\Users\User\.m2\repository\org\springframework\spring-aop\5.0.4.RELEASE\spring-aop-5.0.4.RELEASE.jar;C:\Users\User\.m2\repository\org\springframework\spring-context\5.0.4.RELEASE\spring-context-5.0.4.RELEASE.jar;C:\Users\User\.m2\repository\org\springframework\spring-expression\5.0.4.RELEASE\spring-expression-5.0.4.RELEASE.jar;C:\Users\User\.m2\repository\org\springframework\boot\spring-boot-starter-data-jpa\2.0.0.RELEASE\spring-boot-starter-data-jpa-2.0.0.RELEASE.jar;C:\Users\User\.m2\repository\org\springframework\boot\spring-boot-starter-aop\2.0.0.RELEASE\spring-boot-starter-aop-2.0.0.RELEASE.jar;C:\Users\User\.m2\repository\org\aspectj\aspectjweaver\1.8.13\aspectjweaver-1.8.13.jar;C:\Users\User\.m2\repository\org\springframework\boot\spring-boot-starter-jdbc\2.0.0.RELEASE\spring-boot-starter-jdbc-2.0.0.RELEASE.jar;C:\Users\User\.m2\repository\com\zaxxer\HikariCP\2.7.8\HikariCP-2.7.8.jar;C:\Users\User\.m2\repository\javax\transaction\javax.transaction-api\1.2\javax.transaction-api-1.2.jar;C:\Users\User\.m2\repository\org\springframework\data\spring-data-jpa\2.0.5.RELEASE\spring-data-jpa-2.0.5.RELEASE.jar;C:\Users\User\.m2\repository\org\springframework\data\spring-data-commons\2.0.5.RELEASE\spring-data-commons-2.0.5.RELEASE.jar;C:\Users\User\.m2\repository\org\slf4j\slf4j-api\1.7.25\slf4j-api-1.7.25.jar;C:\Users\User\.m2\repository\org\springframework\spring-aspects\5.0.4.RELEASE\spring-aspects-5.0.4.RELEASE.jar;C:\Users\User\.m2\repository\mysql\mysql-connector-java\5.1.45\mysql-connector-java-5.1.45.jar;C:\Users\User\.m2\repository\org\springframework\boot\spring-boot-starter-test\2.0.0.RELEASE\spring-boot-starter-test-2.0.0.RELEASE.jar;C:\Users\User\.m2\repository\org\springframework\boot\spring-boot-test\2.0.0.RELEASE\spring-boot-test-2.0.0.RELEASE.jar;C:\Users\User\.m2\repository\org\springframework\boot\spring-boot-test-autoconfigure\2.0.0.RELEASE\spring-boot-test-autoconfigure-2.0.0.RELEASE.jar;C:\Users\User\.m2\repository\com\jayway\jsonpath\json-path\2.4.0\json-path-2.4.0.jar;C:\Users\User\.m2\repository\net\minidev\json-smart\2.3\json-smart-2.3.jar;C:\Users\User\.m2\repository\net\minidev\accessors-smart\1.2\accessors-smart-1.2.jar;C:\Users\User\.m2\repository\org\assertj\assertj-core\3.9.1\assertj-core-3.9.1.jar;C:\Users\User\.m2\repository\org\mockito\mockito-core\2.15.0\mockito-core-2.15.0.jar;C:\Users\User\.m2\repository\net\bytebuddy\byte-buddy\1.7.10\byte-buddy-1.7.10.jar;C:\Users\User\.m2\repository\net\bytebuddy\byte-buddy-agent\1.7.10\byte-buddy-agent-1.7.10.jar;C:\Users\User\.m2\repository\org\objenesis\objenesis\2.6\objenesis-2.6.jar;C:\Users\User\.m2\repository\org\hamcrest\hamcrest-library\1.3\hamcrest-library-1.3.jar;C:\Users\User\.m2\repository\org\skyscreamer\jsonassert\1.5.0\jsonassert-1.5.0.jar;C:\Users\User\.m2\repository\com\vaadin\external\google\android-json\0.0.20131108.vaadin1\android-json-0.0.20131108.vaadin1.jar;C:\Users\User\.m2\repository\org\springframework\spring-core\5.0.4.RELEASE\spring-core-5.0.4.RELEASE.jar;C:\Users\User\.m2\repository\org\springframework\spring-jcl\5.0.4.RELEASE\spring-jcl-5.0.4.RELEASE.jar;C:\Users\User\.m2\repository\org\springframework\spring-test\5.0.4.RELEASE\spring-test-5.0.4.RELEASE.jar;C:\Users\User\.m2\repository\org\xmlunit\xmlunit-core\2.5.1\xmlunit-core-2.5.1.jar;C:\Users\User\.m2\repository\org\springframework\boot\spring-boot-devtools\2.0.0.RELEASE\spring-boot-devtools-2.0.0.RELEASE.jar;C:\Users\User\.m2\repository\org\springframework\boot\spring-boot\2.0.0.RELEASE\spring-boot-2.0.0.RELEASE.jar;C:\Users\User\.m2\repository\org\springframework\boot\spring-boot-autoconfigure\2.0.0.RELEASE\spring-boot-autoconfigure-2.0.0.RELEASE.jar;C:\Users\User\.m2\repository\com\h2database\h2\1.4.196\h2-1.4.196.jar;C:\Users\User\.m2\repository\org\hibernate\hibernate-core\5.2.14.Final\hibernate-core-5.2.14.Final.jar;C:\Users\User\.m2\repository\org\jboss\logging\jboss-logging\3.3.2.Final\jboss-logging-3.3.2.Final.jar;C:\Users\User\.m2\repository\org\hibernate\javax\persistence\hibernate-jpa-2.1-api\1.0.0.Final\hibernate-jpa-2.1-api-1.0.0.Final.jar;C:\Users\User\.m2\repository\org\javassist\javassist\3.22.0-GA\javassist-3.22.0-GA.jar;C:\Users\User\.m2\repository\antlr\antlr\2.7.7\antlr-2.7.7.jar;C:\Users\User\.m2\repository\org\jboss\spec\javax\transaction\jboss-transaction-api_1.2_spec\1.0.1.Final\jboss-transaction-api_1.2_spec-1.0.1.Final.jar;C:\Users\User\.m2\repository\org\jboss\jandex\2.0.3.Final\jandex-2.0.3.Final.jar;C:\Users\User\.m2\repository\com\fasterxml\classmate\1.3.4\classmate-1.3.4.jar;C:\Users\User\.m2\repository\dom4j\dom4j\1.6.1\dom4j-1.6.1.jar;C:\Users\User\.m2\repository\org\hibernate\common\hibernate-commons-annotations\5.0.1.Final\hibernate-commons-annotations-5.0.1.Final.jar;C:\Users\User\.m2\repository\org\springframework\spring-orm\5.0.4.RELEASE\spring-orm-5.0.4.RELEASE.jar;C:\Users\User\.m2\repository\org\springframework\spring-beans\5.0.4.RELEASE\spring-beans-5.0.4.RELEASE.jar;C:\Users\User\.m2\repository\org\springframework\spring-jdbc\5.0.4.RELEASE\spring-jdbc-5.0.4.RELEASE.jar;C:\Users\User\.m2\repository\org\springframework\spring-tx\5.0.4.RELEASE\spring-tx-5.0.4.RELEASE.jar;C:\Users\User\.m2\repository\org\apache\commons\commons-dbcp2\2.2.0\commons-dbcp2-2.2.0.jar;C:\Users\User\.m2\repository\org\apache\commons\commons-pool2\2.5.0\commons-pool2-2.5.0.jar;C:\Users\User\.m2\repository\org\apache\maven\plugins\maven-compiler-plugin\3.7.0\maven-compiler-plugin-3.7.0.jar;C:\Users\User\.m2\repository\org\apache\maven\maven-plugin-api\3.0\maven-plugin-api-3.0.jar;C:\Users\User\.m2\repository\org\apache\maven\maven-model\3.0\maven-model-3.0.jar;C:\Users\User\.m2\repository\org\sonatype\sisu\sisu-inject-plexus\1.4.2\sisu-inject-plexus-1.4.2.jar;C:\Users\User\.m2\repository\org\sonatype\sisu\sisu-inject-bean\1.4.2\sisu-inject-bean-1.4.2.jar;C:\Users\User\.m2\repository\org\sonatype\sisu\sisu-guice\2.1.7\sisu-guice-2.1.7-noaop.jar;C:\Users\User\.m2\repository\org\apache\maven\maven-artifact\3.0\maven-artifact-3.0.jar;C:\Users\User\.m2\repository\org\codehaus\plexus\plexus-utils\2.0.4\plexus-utils-2.0.4.jar;C:\Users\User\.m2\repository\org\apache\maven\maven-core\3.0\maven-core-3.0.jar;C:\Users\User\.m2\repository\org\apache\maven\maven-settings\3.0\maven-settings-3.0.jar;C:\Users\User\.m2\repository\org\apache\maven\maven-settings-builder\3.0\maven-settings-builder-3.0.jar;C:\Users\User\.m2\repository\org\apache\maven\maven-repository-metadata\3.0\maven-repository-metadata-3.0.jar;C:\Users\User\.m2\repository\org\apache\maven\maven-model-builder\3.0\maven-model-builder-3.0.jar;C:\Users\User\.m2\repository\org\apache\maven\maven-aether-provider\3.0\maven-aether-provider-3.0.jar;C:\Users\User\.m2\repository\org\sonatype\aether\aether-impl\1.7\aether-impl-1.7.jar;C:\Users\User\.m2\repository\org\sonatype\aether\aether-spi\1.7\aether-spi-1.7.jar;C:\Users\User\.m2\repository\org\sonatype\aether\aether-api\1.7\aether-api-1.7.jar;C:\Users\User\.m2\repository\org\sonatype\aether\aether-util\1.7\aether-util-1.7.jar;C:\Users\User\.m2\repository\org\codehaus\plexus\plexus-interpolation\1.14\plexus-interpolation-1.14.jar;C:\Users\User\.m2\repository\org\codehaus\plexus\plexus-classworlds\2.2.3\plexus-classworlds-2.2.3.jar;C:\Users\User\.m2\repository\org\codehaus\plexus\plexus-component-annotations\1.5.5\plexus-component-annotations-1.5.5.jar;C:\Users\User\.m2\repository\org\sonatype\plexus\plexus-sec-dispatcher\1.3\plexus-sec-dispatcher-1.3.jar;C:\Users\User\.m2\repository\org\sonatype\plexus\plexus-cipher\1.4\plexus-cipher-1.4.jar;C:\Users\User\.m2\repository\org\apache\maven\shared\maven-shared-utils\3.1.0\maven-shared-utils-3.1.0.jar;C:\Users\User\.m2\repository\commons-io\commons-io\2.5\commons-io-2.5.jar;C:\Users\User\.m2\repository\org\apache\maven\shared\maven-shared-incremental\1.1\maven-shared-incremental-1.1.jar;C:\Users\User\.m2\repository\org\codehaus\plexus\plexus-java\0.9.2\plexus-java-0.9.2.jar;C:\Users\User\.m2\repository\org\ow2\asm\asm\6.0_BETA\asm-6.0_BETA.jar;C:\Users\User\.m2\repository\com\thoughtworks\qdox\qdox\2.0-M7\qdox-2.0-M7.jar;C:\Users\User\.m2\repository\org\codehaus\plexus\plexus-compiler-api\2.8.2\plexus-compiler-api-2.8.2.jar;C:\Users\User\.m2\repository\org\codehaus\plexus\plexus-compiler-manager\2.8.2\plexus-compiler-manager-2.8.2.jar;C:\Users\User\.m2\repository\org\codehaus\plexus\plexus-compiler-javac\2.8.2\plexus-compiler-javac-2.8.2.jar;C:\Users\User\.m2\repository\com\fasterxml\jackson\core\jackson-databind\2.9.4\jackson-databind-2.9.4.jar;C:\Users\User\.m2\repository\com\fasterxml\jackson\core\jackson-core\2.9.4\jackson-core-2.9.4.jar;C:\Users\User\.m2\repository\com\fasterxml\jackson\core\jackson-annotations\2.9.0\jackson-annotations-2.9.0.jar;"/>
    <property name="sun.cpu.endian" value="little"/>
    <property name="user.home" value="C:\Users\User"/>
    <property name="user.language" value="en"/>
    <property name="java.specification.vendor" value="Oracle Corporation"/>
    <property name="java.home" value="C:\Program Files\Java\jdk1.8.0_101\jre"/>
    <property name="basedir" value="C:\Users\User\eclipse-workspace\ubereats"/>
    <property name="file.separator" value="\"/>
    <property name="line.separator" value="&#10;"/>
    <property name="java.vm.specification.vendor" value="Oracle Corporation"/>
    <property name="java.specification.name" value="Java Platform API Specification"/>
    <property name="java.awt.graphicsenv" value="sun.awt.Win32GraphicsEnvironment"/>
    <property name="surefire.real.class.path" value="C:\Users\User\AppData\Local\Temp\surefire411137058472474102\surefirebooter4073495440638963479.jar"/>
    <property name="sun.boot.class.path" value="C:\Program Files\Java\jdk1.8.0_101\jre\lib\resources.jar;C:\Program Files\Java\jdk1.8.0_101\jre\lib\rt.jar;C:\Program Files\Java\jdk1.8.0_101\jre\lib\sunrsasign.jar;C:\Program Files\Java\jdk1.8.0_101\jre\lib\jsse.jar;C:\Program Files\Java\jdk1.8.0_101\jre\lib\jce.jar;C:\Program Files\Java\jdk1.8.0_101\jre\lib\charsets.jar;C:\Program Files\Java\jdk1.8.0_101\jre\lib\jfr.jar;C:\Program Files\Java\jdk1.8.0_101\jre\classes"/>
    <property name="user.script" value=""/>
    <property name="sun.management.compiler" value="HotSpot 64-Bit Tiered Compilers"/>
    <property name="java.runtime.version" value="1.8.0_101-b13"/>
    <property name="user.name" value="User"/>
    <property name="path.separator" value=";"/>
    <property name="os.version" value="10.0"/>
    <property name="java.endorsed.dirs" value="C:\Program Files\Java\jdk1.8.0_101\jre\lib\endorsed"/>
    <property name="java.runtime.name" value="Java(TM) SE Runtime Environment"/>
    <property name="file.encoding" value="Cp1252"/>
    <property name="java.vm.name" value="Java HotSpot(TM) 64-Bit Server VM"/>
    <property name="localRepository" value="C:\Users\User\.m2\repository"/>
    <property name="java.vendor.url.bug" value="http://bugreport.sun.com/bugreport/"/>
    <property name="java.io.tmpdir" value="C:\Users\User\AppData\Local\Temp\"/>
    <property name="java.version" value="1.8.0_101"/>
    <property name="user.dir" value="C:\Users\User\eclipse-workspace\ubereats"/>
    <property name="os.arch" value="amd64"/>
    <property name="java.vm.specification.name" value="Java Virtual Machine Specification"/>
    <property name="java.awt.printerjob" value="sun.awt.windows.WPrinterJob"/>
    <property name="sun.os.patch.level" value=""/>
    <property name="java.library.path" value="C:\Program Files\Java\jdk1.8.0_101\jre\bin;C:\WINDOWS\Sun\Java\bin;C:\WINDOWS\system32;C:\WINDOWS;C:/Program Files/Java/jre1.8.0_101/bin/server;C:/Program Files/Java/jre1.8.0_101/bin;C:/Program Files/Java/jre1.8.0_101/lib/amd64;C:\Program Files\Microsoft MPI\Bin\;C:\ProgramData\Oracle\Java\javapath;C:\Program Files (x86)\Intel\iCLS Client\;C:\Program Files\Intel\iCLS Client\;C:\WINDOWS\system32;C:\WINDOWS;C:\WINDOWS\System32\Wbem;C:\WINDOWS\System32\WindowsPowerShell\v1.0\;C:\Program Files (x86)\Intel\OpenCL SDK\2.0\bin\x86;C:\Program Files (x86)\Intel\OpenCL SDK\2.0\bin\x64;C:\Program Files (x86)\Intel\Intel(R) Management Engine Components\DAL;C:\Program Files\Intel\Intel(R) Management Engine Components\DAL;C:\Program Files (x86)\Intel\Intel(R) Management Engine Components\IPT;C:\Program Files\Intel\Intel(R) Management Engine Components\IPT;C:\Program Files\Microsoft SQL Server\Client SDK\ODBC\130\Tools\Binn\;C:\Program Files (x86)\Microsoft SQL Server\130\Tools\Binn\;C:\Program Files\Microsoft SQL Server\130\Tools\Binn\;C:\Program Files\Microsoft SQL Server\130\DTS\Binn\;C:\WINDOWS\system32\config\systemprofile\.dnx\bin;C:\Program Files\Microsoft DNX\Dnvm\;C:\Program Files\Microsoft SQL Server\120\Tools\Binn\;C:\Program Files (x86)\Microsoft SQL Server\130\DTS\Binn\;C:\Program Files (x86)\Microsoft SQL Server\Client SDK\ODBC\130\Tools\Binn\;C:\Program Files (x86)\Microsoft SQL Server\140\Tools\Binn\;C:\Program Files (x86)\Microsoft SQL Server\140\DTS\Binn\;C:\Program Files (x86)\Microsoft SQL Server\140\Tools\Binn\ManagementStudio\;C:\Program Files\nodejs\;C:\Users\User\AppData\Local\Microsoft\WindowsApps;C:\Users\User\AppData\Roaming\npm;C:\Users\User\Downloads\Compressed\apache-maven-3.5.2-bin\bin;;C:\Users\User\Desktop;;."/>
    <property name="java.vm.info" value="mixed mode"/>
    <property name="java.vendor" value="Oracle Corporation"/>
    <property name="java.vm.version" value="25.101-b13"/>
    <property name="java.ext.dirs" value="C:\Program Files\Java\jdk1.8.0_101\jre\lib\ext;C:\WINDOWS\Sun\Java\lib\ext"/>
    <property name="sun.io.unicode.encoding" value="UnicodeLittle"/>
    <property name="java.class.version" value="52.0"/>
  </properties>
  <testcase name="org.reverside.bootcamp.ubereats.test.ProductTestCase" classname="org.reverside.bootcamp.ubereats.test.ProductTestCase" time="4.468">
    <error message="Unable to register MBean [org.apache.commons.dbcp2.BasicDataSource@785ed99c] with key &apos;getDataSource&apos;; nested exception is javax.management.InstanceAlreadyExistsException: org.apache.commons.dbcp2:name=getDataSource,type=BasicDataSource" type="org.springframework.jmx.export.UnableToRegisterMBeanException">org.springframework.jmx.export.UnableToRegisterMBeanException: Unable to register MBean [org.apache.commons.dbcp2.BasicDataSource@785ed99c] with key 'getDataSource'; nested exception is javax.management.InstanceAlreadyExistsException: org.apache.commons.dbcp2:name=getDataSource,type=BasicDataSource
	at org.reverside.bootcamp.ubereats.test.ProductTestCase.init(ProductTestCase.java:26)
Caused by: javax.management.InstanceAlreadyExistsException: org.apache.commons.dbcp2:name=getDataSource,type=BasicDataSource
	at org.reverside.bootcamp.ubereats.test.ProductTestCase.init(ProductTestCase.java:26)
</error>
    <system-out><![CDATA[11:19:03.541 [main] DEBUG org.springframework.core.env.StandardEnvironment - Adding PropertySource 'systemProperties' with lowest search precedence
11:19:03.542 [main] DEBUG org.springframework.core.env.StandardEnvironment - Adding PropertySource 'systemEnvironment' with lowest search precedence
11:19:03.542 [main] DEBUG org.springframework.core.env.StandardEnvironment - Initialized StandardEnvironment with PropertySources [MapPropertySource@506518405 {name='systemProperties', properties={java.runtime.name=Java(TM) SE Runtime Environment, sun.boot.library.path=C:\Program Files\Java\jdk1.8.0_101\jre\bin, java.vm.version=25.101-b13, java.vm.vendor=Oracle Corporation, java.vendor.url=http://java.oracle.com/, path.separator=;, java.vm.name=Java HotSpot(TM) 64-Bit Server VM, file.encoding.pkg=sun.io, user.country=US, user.script=, sun.java.launcher=SUN_STANDARD, sun.os.patch.level=, java.vm.specification.name=Java Virtual Machine Specification, user.dir=C:\Users\User\eclipse-workspace\ubereats, java.runtime.version=1.8.0_101-b13, basedir=C:\Users\User\eclipse-workspace\ubereats, java.awt.graphicsenv=sun.awt.Win32GraphicsEnvironment, java.endorsed.dirs=C:\Program Files\Java\jdk1.8.0_101\jre\lib\endorsed, os.arch=amd64, surefire.real.class.path=C:\Users\User\AppData\Local\Temp\surefire411137058472474102\surefirebooter4073495440638963479.jar, java.io.tmpdir=C:\Users\User\AppData\Local\Temp\, line.separator=
, java.vm.specification.vendor=Oracle Corporation, user.variant=, os.name=Windows 10, sun.jnu.encoding=Cp1252, java.library.path=C:\Program Files\Java\jdk1.8.0_101\jre\bin;C:\WINDOWS\Sun\Java\bin;C:\WINDOWS\system32;C:\WINDOWS;C:/Program Files/Java/jre1.8.0_101/bin/server;C:/Program Files/Java/jre1.8.0_101/bin;C:/Program Files/Java/jre1.8.0_101/lib/amd64;C:\Program Files\Microsoft MPI\Bin\;C:\ProgramData\Oracle\Java\javapath;C:\Program Files (x86)\Intel\iCLS Client\;C:\Program Files\Intel\iCLS Client\;C:\WINDOWS\system32;C:\WINDOWS;C:\WINDOWS\System32\Wbem;C:\WINDOWS\System32\WindowsPowerShell\v1.0\;C:\Program Files (x86)\Intel\OpenCL SDK\2.0\bin\x86;C:\Program Files (x86)\Intel\OpenCL SDK\2.0\bin\x64;C:\Program Files (x86)\Intel\Intel(R) Management Engine Components\DAL;C:\Program Files\Intel\Intel(R) Management Engine Components\DAL;C:\Program Files (x86)\Intel\Intel(R) Management Engine Components\IPT;C:\Program Files\Intel\Intel(R) Management Engine Components\IPT;C:\Program Files\Microsoft SQL Server\Client SDK\ODBC\130\Tools\Binn\;C:\Program Files (x86)\Microsoft SQL Server\130\Tools\Binn\;C:\Program Files\Microsoft SQL Server\130\Tools\Binn\;C:\Program Files\Microsoft SQL Server\130\DTS\Binn\;C:\WINDOWS\system32\config\systemprofile\.dnx\bin;C:\Program Files\Microsoft DNX\Dnvm\;C:\Program Files\Microsoft SQL Server\120\Tools\Binn\;C:\Program Files (x86)\Microsoft SQL Server\130\DTS\Binn\;C:\Program Files (x86)\Microsoft SQL Server\Client SDK\ODBC\130\Tools\Binn\;C:\Program Files (x86)\Microsoft SQL Server\140\Tools\Binn\;C:\Program Files (x86)\Microsoft SQL Server\140\DTS\Binn\;C:\Program Files (x86)\Microsoft SQL Server\140\Tools\Binn\ManagementStudio\;C:\Program Files\nodejs\;C:\Users\User\AppData\Local\Microsoft\WindowsApps;C:\Users\User\AppData\Roaming\npm;C:\Users\User\Downloads\Compressed\apache-maven-3.5.2-bin\bin;;C:\Users\User\Desktop;;., surefire.test.class.path=C:\Users\User\eclipse-workspace\ubereats\target\test-classes;C:\Users\User\eclipse-workspace\ubereats\target\classes;C:\Users\User\.m2\repository\org\springframework\boot\spring-boot-starter-tomcat\2.0.0.RELEASE\spring-boot-starter-tomcat-2.0.0.RELEASE.jar;C:\Users\User\.m2\repository\javax\annotation\javax.annotation-api\1.3.2\javax.annotation-api-1.3.2.jar;C:\Users\User\.m2\repository\org\apache\tomcat\embed\tomcat-embed-core\8.5.28\tomcat-embed-core-8.5.28.jar;C:\Users\User\.m2\repository\org\apache\tomcat\embed\tomcat-embed-el\8.5.28\tomcat-embed-el-8.5.28.jar;C:\Users\User\.m2\repository\org\apache\tomcat\embed\tomcat-embed-websocket\8.5.28\tomcat-embed-websocket-8.5.28.jar;C:\Users\User\.m2\repository\junit\junit\4.12\junit-4.12.jar;C:\Users\User\.m2\repository\org\hamcrest\hamcrest-core\1.3\hamcrest-core-1.3.jar;C:\Users\User\.m2\repository\org\springframework\boot\spring-boot-starter-web\2.0.0.RELEASE\spring-boot-starter-web-2.0.0.RELEASE.jar;C:\Users\User\.m2\repository\org\springframework\boot\spring-boot-starter\2.0.0.RELEASE\spring-boot-starter-2.0.0.RELEASE.jar;C:\Users\User\.m2\repository\org\springframework\boot\spring-boot-starter-logging\2.0.0.RELEASE\spring-boot-starter-logging-2.0.0.RELEASE.jar;C:\Users\User\.m2\repository\ch\qos\logback\logback-classic\1.2.3\logback-classic-1.2.3.jar;C:\Users\User\.m2\repository\ch\qos\logback\logback-core\1.2.3\logback-core-1.2.3.jar;C:\Users\User\.m2\repository\org\apache\logging\log4j\log4j-to-slf4j\2.10.0\log4j-to-slf4j-2.10.0.jar;C:\Users\User\.m2\repository\org\apache\logging\log4j\log4j-api\2.10.0\log4j-api-2.10.0.jar;C:\Users\User\.m2\repository\org\slf4j\jul-to-slf4j\1.7.25\jul-to-slf4j-1.7.25.jar;C:\Users\User\.m2\repository\org\yaml\snakeyaml\1.19\snakeyaml-1.19.jar;C:\Users\User\.m2\repository\org\springframework\boot\spring-boot-starter-json\2.0.0.RELEASE\spring-boot-starter-json-2.0.0.RELEASE.jar;C:\Users\User\.m2\repository\com\fasterxml\jackson\datatype\jackson-datatype-jdk8\2.9.4\jackson-datatype-jdk8-2.9.4.jar;C:\Users\User\.m2\repository\com\fasterxml\jackson\datatype\jackson-datatype-jsr310\2.9.4\jackson-datatype-jsr310-2.9.4.jar;C:\Users\User\.m2\repository\com\fasterxml\jackson\module\jackson-module-parameter-names\2.9.4\jackson-module-parameter-names-2.9.4.jar;C:\Users\User\.m2\repository\org\hibernate\validator\hibernate-validator\6.0.7.Final\hibernate-validator-6.0.7.Final.jar;C:\Users\User\.m2\repository\javax\validation\validation-api\2.0.1.Final\validation-api-2.0.1.Final.jar;C:\Users\User\.m2\repository\org\springframework\spring-web\5.0.4.RELEASE\spring-web-5.0.4.RELEASE.jar;C:\Users\User\.m2\repository\org\springframework\spring-webmvc\5.0.4.RELEASE\spring-webmvc-5.0.4.RELEASE.jar;C:\Users\User\.m2\repository\org\springframework\spring-aop\5.0.4.RELEASE\spring-aop-5.0.4.RELEASE.jar;C:\Users\User\.m2\repository\org\springframework\spring-context\5.0.4.RELEASE\spring-context-5.0.4.RELEASE.jar;C:\Users\User\.m2\repository\org\springframework\spring-expression\5.0.4.RELEASE\spring-expression-5.0.4.RELEASE.jar;C:\Users\User\.m2\repository\org\springframework\boot\spring-boot-starter-data-jpa\2.0.0.RELEASE\spring-boot-starter-data-jpa-2.0.0.RELEASE.jar;C:\Users\User\.m2\repository\org\springframework\boot\spring-boot-starter-aop\2.0.0.RELEASE\spring-boot-starter-aop-2.0.0.RELEASE.jar;C:\Users\User\.m2\repository\org\aspectj\aspectjweaver\1.8.13\aspectjweaver-1.8.13.jar;C:\Users\User\.m2\repository\org\springframework\boot\spring-boot-starter-jdbc\2.0.0.RELEASE\spring-boot-starter-jdbc-2.0.0.RELEASE.jar;C:\Users\User\.m2\repository\com\zaxxer\HikariCP\2.7.8\HikariCP-2.7.8.jar;C:\Users\User\.m2\repository\javax\transaction\javax.transaction-api\1.2\javax.transaction-api-1.2.jar;C:\Users\User\.m2\repository\org\springframework\data\spring-data-jpa\2.0.5.RELEASE\spring-data-jpa-2.0.5.RELEASE.jar;C:\Users\User\.m2\repository\org\springframework\data\spring-data-commons\2.0.5.RELEASE\spring-data-commons-2.0.5.RELEASE.jar;C:\Users\User\.m2\repository\org\slf4j\slf4j-api\1.7.25\slf4j-api-1.7.25.jar;C:\Users\User\.m2\repository\org\springframework\spring-aspects\5.0.4.RELEASE\spring-aspects-5.0.4.RELEASE.jar;C:\Users\User\.m2\repository\mysql\mysql-connector-java\5.1.45\mysql-connector-java-5.1.45.jar;C:\Users\User\.m2\repository\org\springframework\boot\spring-boot-starter-test\2.0.0.RELEASE\spring-boot-starter-test-2.0.0.RELEASE.jar;C:\Users\User\.m2\repository\org\springframework\boot\spring-boot-test\2.0.0.RELEASE\spring-boot-test-2.0.0.RELEASE.jar;C:\Users\User\.m2\repository\org\springframework\boot\spring-boot-test-autoconfigure\2.0.0.RELEASE\spring-boot-test-autoconfigure-2.0.0.RELEASE.jar;C:\Users\User\.m2\repository\com\jayway\jsonpath\json-path\2.4.0\json-path-2.4.0.jar;C:\Users\User\.m2\repository\net\minidev\json-smart\2.3\json-smart-2.3.jar;C:\Users\User\.m2\repository\net\minidev\accessors-smart\1.2\accessors-smart-1.2.jar;C:\Users\User\.m2\repository\org\assertj\assertj-core\3.9.1\assertj-core-3.9.1.jar;C:\Users\User\.m2\repository\org\mockito\mockito-core\2.15.0\mockito-core-2.15.0.jar;C:\Users\User\.m2\repository\net\bytebuddy\byte-buddy\1.7.10\byte-buddy-1.7.10.jar;C:\Users\User\.m2\repository\net\bytebuddy\byte-buddy-agent\1.7.10\byte-buddy-agent-1.7.10.jar;C:\Users\User\.m2\repository\org\objenesis\objenesis\2.6\objenesis-2.6.jar;C:\Users\User\.m2\repository\org\hamcrest\hamcrest-library\1.3\hamcrest-library-1.3.jar;C:\Users\User\.m2\repository\org\skyscreamer\jsonassert\1.5.0\jsonassert-1.5.0.jar;C:\Users\User\.m2\repository\com\vaadin\external\google\android-json\0.0.20131108.vaadin1\android-json-0.0.20131108.vaadin1.jar;C:\Users\User\.m2\repository\org\springframework\spring-core\5.0.4.RELEASE\spring-core-5.0.4.RELEASE.jar;C:\Users\User\.m2\repository\org\springframework\spring-jcl\5.0.4.RELEASE\spring-jcl-5.0.4.RELEASE.jar;C:\Users\User\.m2\repository\org\springframework\spring-test\5.0.4.RELEASE\spring-test-5.0.4.RELEASE.jar;C:\Users\User\.m2\repository\org\xmlunit\xmlunit-core\2.5.1\xmlunit-core-2.5.1.jar;C:\Users\User\.m2\repository\org\springframework\boot\spring-boot-devtools\2.0.0.RELEASE\spring-boot-devtools-2.0.0.RELEASE.jar;C:\Users\User\.m2\repository\org\springframework\boot\spring-boot\2.0.0.RELEASE\spring-boot-2.0.0.RELEASE.jar;C:\Users\User\.m2\repository\org\springframework\boot\spring-boot-autoconfigure\2.0.0.RELEASE\spring-boot-autoconfigure-2.0.0.RELEASE.jar;C:\Users\User\.m2\repository\com\h2database\h2\1.4.196\h2-1.4.196.jar;C:\Users\User\.m2\repository\org\hibernate\hibernate-core\5.2.14.Final\hibernate-core-5.2.14.Final.jar;C:\Users\User\.m2\repository\org\jboss\logging\jboss-logging\3.3.2.Final\jboss-logging-3.3.2.Final.jar;C:\Users\User\.m2\repository\org\hibernate\javax\persistence\hibernate-jpa-2.1-api\1.0.0.Final\hibernate-jpa-2.1-api-1.0.0.Final.jar;C:\Users\User\.m2\repository\org\javassist\javassist\3.22.0-GA\javassist-3.22.0-GA.jar;C:\Users\User\.m2\repository\antlr\antlr\2.7.7\antlr-2.7.7.jar;C:\Users\User\.m2\repository\org\jboss\spec\javax\transaction\jboss-transaction-api_1.2_spec\1.0.1.Final\jboss-transaction-api_1.2_spec-1.0.1.Final.jar;C:\Users\User\.m2\repository\org\jboss\jandex\2.0.3.Final\jandex-2.0.3.Final.jar;C:\Users\User\.m2\repository\com\fasterxml\classmate\1.3.4\classmate-1.3.4.jar;C:\Users\User\.m2\repository\dom4j\dom4j\1.6.1\dom4j-1.6.1.jar;C:\Users\User\.m2\repository\org\hibernate\common\hibernate-commons-annotations\5.0.1.Final\hibernate-commons-annotations-5.0.1.Final.jar;C:\Users\User\.m2\repository\org\springframework\spring-orm\5.0.4.RELEASE\spring-orm-5.0.4.RELEASE.jar;C:\Users\User\.m2\repository\org\springframework\spring-beans\5.0.4.RELEASE\spring-beans-5.0.4.RELEASE.jar;C:\Users\User\.m2\repository\org\springframework\spring-jdbc\5.0.4.RELEASE\spring-jdbc-5.0.4.RELEASE.jar;C:\Users\User\.m2\repository\org\springframework\spring-tx\5.0.4.RELEASE\spring-tx-5.0.4.RELEASE.jar;C:\Users\User\.m2\repository\org\apache\commons\commons-dbcp2\2.2.0\commons-dbcp2-2.2.0.jar;C:\Users\User\.m2\repository\org\apache\commons\commons-pool2\2.5.0\commons-pool2-2.5.0.jar;C:\Users\User\.m2\repository\org\apache\maven\plugins\maven-compiler-plugin\3.7.0\maven-compiler-plugin-3.7.0.jar;C:\Users\User\.m2\repository\org\apache\maven\maven-plugin-api\3.0\maven-plugin-api-3.0.jar;C:\Users\User\.m2\repository\org\apache\maven\maven-model\3.0\maven-model-3.0.jar;C:\Users\User\.m2\repository\org\sonatype\sisu\sisu-inject-plexus\1.4.2\sisu-inject-plexus-1.4.2.jar;C:\Users\User\.m2\repository\org\sonatype\sisu\sisu-inject-bean\1.4.2\sisu-inject-bean-1.4.2.jar;C:\Users\User\.m2\repository\org\sonatype\sisu\sisu-guice\2.1.7\sisu-guice-2.1.7-noaop.jar;C:\Users\User\.m2\repository\org\apache\maven\maven-artifact\3.0\maven-artifact-3.0.jar;C:\Users\User\.m2\repository\org\codehaus\plexus\plexus-utils\2.0.4\plexus-utils-2.0.4.jar;C:\Users\User\.m2\repository\org\apache\maven\maven-core\3.0\maven-core-3.0.jar;C:\Users\User\.m2\repository\org\apache\maven\maven-settings\3.0\maven-settings-3.0.jar;C:\Users\User\.m2\repository\org\apache\maven\maven-settings-builder\3.0\maven-settings-builder-3.0.jar;C:\Users\User\.m2\repository\org\apache\maven\maven-repository-metadata\3.0\maven-repository-metadata-3.0.jar;C:\Users\User\.m2\repository\org\apache\maven\maven-model-builder\3.0\maven-model-builder-3.0.jar;C:\Users\User\.m2\repository\org\apache\maven\maven-aether-provider\3.0\maven-aether-provider-3.0.jar;C:\Users\User\.m2\repository\org\sonatype\aether\aether-impl\1.7\aether-impl-1.7.jar;C:\Users\User\.m2\repository\org\sonatype\aether\aether-spi\1.7\aether-spi-1.7.jar;C:\Users\User\.m2\repository\org\sonatype\aether\aether-api\1.7\aether-api-1.7.jar;C:\Users\User\.m2\repository\org\sonatype\aether\aether-util\1.7\aether-util-1.7.jar;C:\Users\User\.m2\repository\org\codehaus\plexus\plexus-interpolation\1.14\plexus-interpolation-1.14.jar;C:\Users\User\.m2\repository\org\codehaus\plexus\plexus-classworlds\2.2.3\plexus-classworlds-2.2.3.jar;C:\Users\User\.m2\repository\org\codehaus\plexus\plexus-component-annotations\1.5.5\plexus-component-annotations-1.5.5.jar;C:\Users\User\.m2\repository\org\sonatype\plexus\plexus-sec-dispatcher\1.3\plexus-sec-dispatcher-1.3.jar;C:\Users\User\.m2\repository\org\sonatype\plexus\plexus-cipher\1.4\plexus-cipher-1.4.jar;C:\Users\User\.m2\repository\org\apache\maven\shared\maven-shared-utils\3.1.0\maven-shared-utils-3.1.0.jar;C:\Users\User\.m2\repository\commons-io\commons-io\2.5\commons-io-2.5.jar;C:\Users\User\.m2\repository\org\apache\maven\shared\maven-shared-incremental\1.1\maven-shared-incremental-1.1.jar;C:\Users\User\.m2\repository\org\codehaus\plexus\plexus-java\0.9.2\plexus-java-0.9.2.jar;C:\Users\User\.m2\repository\org\ow2\asm\asm\6.0_BETA\asm-6.0_BETA.jar;C:\Users\User\.m2\repository\com\thoughtworks\qdox\qdox\2.0-M7\qdox-2.0-M7.jar;C:\Users\User\.m2\repository\org\codehaus\plexus\plexus-compiler-api\2.8.2\plexus-compiler-api-2.8.2.jar;C:\Users\User\.m2\repository\org\codehaus\plexus\plexus-compiler-manager\2.8.2\plexus-compiler-manager-2.8.2.jar;C:\Users\User\.m2\repository\org\codehaus\plexus\plexus-compiler-javac\2.8.2\plexus-compiler-javac-2.8.2.jar;C:\Users\User\.m2\repository\com\fasterxml\jackson\core\jackson-databind\2.9.4\jackson-databind-2.9.4.jar;C:\Users\User\.m2\repository\com\fasterxml\jackson\core\jackson-core\2.9.4\jackson-core-2.9.4.jar;C:\Users\User\.m2\repository\com\fasterxml\jackson\core\jackson-annotations\2.9.0\jackson-annotations-2.9.0.jar;, java.specification.name=Java Platform API Specification, java.class.version=52.0, sun.management.compiler=HotSpot 64-Bit Tiered Compilers, os.version=10.0, user.home=C:\Users\User, user.timezone=Africa/Harare, java.awt.printerjob=sun.awt.windows.WPrinterJob, file.encoding=Cp1252, java.specification.version=1.8, java.class.path=C:\Users\User\eclipse-workspace\ubereats\target\test-classes;C:\Users\User\eclipse-workspace\ubereats\target\classes;C:\Users\User\.m2\repository\org\springframework\boot\spring-boot-starter-tomcat\2.0.0.RELEASE\spring-boot-starter-tomcat-2.0.0.RELEASE.jar;C:\Users\User\.m2\repository\javax\annotation\javax.annotation-api\1.3.2\javax.annotation-api-1.3.2.jar;C:\Users\User\.m2\repository\org\apache\tomcat\embed\tomcat-embed-core\8.5.28\tomcat-embed-core-8.5.28.jar;C:\Users\User\.m2\repository\org\apache\tomcat\embed\tomcat-embed-el\8.5.28\tomcat-embed-el-8.5.28.jar;C:\Users\User\.m2\repository\org\apache\tomcat\embed\tomcat-embed-websocket\8.5.28\tomcat-embed-websocket-8.5.28.jar;C:\Users\User\.m2\repository\junit\junit\4.12\junit-4.12.jar;C:\Users\User\.m2\repository\org\hamcrest\hamcrest-core\1.3\hamcrest-core-1.3.jar;C:\Users\User\.m2\repository\org\springframework\boot\spring-boot-starter-web\2.0.0.RELEASE\spring-boot-starter-web-2.0.0.RELEASE.jar;C:\Users\User\.m2\repository\org\springframework\boot\spring-boot-starter\2.0.0.RELEASE\spring-boot-starter-2.0.0.RELEASE.jar;C:\Users\User\.m2\repository\org\springframework\boot\spring-boot-starter-logging\2.0.0.RELEASE\spring-boot-starter-logging-2.0.0.RELEASE.jar;C:\Users\User\.m2\repository\ch\qos\logback\logback-classic\1.2.3\logback-classic-1.2.3.jar;C:\Users\User\.m2\repository\ch\qos\logback\logback-core\1.2.3\logback-core-1.2.3.jar;C:\Users\User\.m2\repository\org\apache\logging\log4j\log4j-to-slf4j\2.10.0\log4j-to-slf4j-2.10.0.jar;C:\Users\User\.m2\repository\org\apache\logging\log4j\log4j-api\2.10.0\log4j-api-2.10.0.jar;C:\Users\User\.m2\repository\org\slf4j\jul-to-slf4j\1.7.25\jul-to-slf4j-1.7.25.jar;C:\Users\User\.m2\repository\org\yaml\snakeyaml\1.19\snakeyaml-1.19.jar;C:\Users\User\.m2\repository\org\springframework\boot\spring-boot-starter-json\2.0.0.RELEASE\spring-boot-starter-json-2.0.0.RELEASE.jar;C:\Users\User\.m2\repository\com\fasterxml\jackson\datatype\jackson-datatype-jdk8\2.9.4\jackson-datatype-jdk8-2.9.4.jar;C:\Users\User\.m2\repository\com\fasterxml\jackson\datatype\jackson-datatype-jsr310\2.9.4\jackson-datatype-jsr310-2.9.4.jar;C:\Users\User\.m2\repository\com\fasterxml\jackson\module\jackson-module-parameter-names\2.9.4\jackson-module-parameter-names-2.9.4.jar;C:\Users\User\.m2\repository\org\hibernate\validator\hibernate-validator\6.0.7.Final\hibernate-validator-6.0.7.Final.jar;C:\Users\User\.m2\repository\javax\validation\validation-api\2.0.1.Final\validation-api-2.0.1.Final.jar;C:\Users\User\.m2\repository\org\springframework\spring-web\5.0.4.RELEASE\spring-web-5.0.4.RELEASE.jar;C:\Users\User\.m2\repository\org\springframework\spring-webmvc\5.0.4.RELEASE\spring-webmvc-5.0.4.RELEASE.jar;C:\Users\User\.m2\repository\org\springframework\spring-aop\5.0.4.RELEASE\spring-aop-5.0.4.RELEASE.jar;C:\Users\User\.m2\repository\org\springframework\spring-context\5.0.4.RELEASE\spring-context-5.0.4.RELEASE.jar;C:\Users\User\.m2\repository\org\springframework\spring-expression\5.0.4.RELEASE\spring-expression-5.0.4.RELEASE.jar;C:\Users\User\.m2\repository\org\springframework\boot\spring-boot-starter-data-jpa\2.0.0.RELEASE\spring-boot-starter-data-jpa-2.0.0.RELEASE.jar;C:\Users\User\.m2\repository\org\springframework\boot\spring-boot-starter-aop\2.0.0.RELEASE\spring-boot-starter-aop-2.0.0.RELEASE.jar;C:\Users\User\.m2\repository\org\aspectj\aspectjweaver\1.8.13\aspectjweaver-1.8.13.jar;C:\Users\User\.m2\repository\org\springframework\boot\spring-boot-starter-jdbc\2.0.0.RELEASE\spring-boot-starter-jdbc-2.0.0.RELEASE.jar;C:\Users\User\.m2\repository\com\zaxxer\HikariCP\2.7.8\HikariCP-2.7.8.jar;C:\Users\User\.m2\repository\javax\transaction\javax.transaction-api\1.2\javax.transaction-api-1.2.jar;C:\Users\User\.m2\repository\org\springframework\data\spring-data-jpa\2.0.5.RELEASE\spring-data-jpa-2.0.5.RELEASE.jar;C:\Users\User\.m2\repository\org\springframework\data\spring-data-commons\2.0.5.RELEASE\spring-data-commons-2.0.5.RELEASE.jar;C:\Users\User\.m2\repository\org\slf4j\slf4j-api\1.7.25\slf4j-api-1.7.25.jar;C:\Users\User\.m2\repository\org\springframework\spring-aspects\5.0.4.RELEASE\spring-aspects-5.0.4.RELEASE.jar;C:\Users\User\.m2\repository\mysql\mysql-connector-java\5.1.45\mysql-connector-java-5.1.45.jar;C:\Users\User\.m2\repository\org\springframework\boot\spring-boot-starter-test\2.0.0.RELEASE\spring-boot-starter-test-2.0.0.RELEASE.jar;C:\Users\User\.m2\repository\org\springframework\boot\spring-boot-test\2.0.0.RELEASE\spring-boot-test-2.0.0.RELEASE.jar;C:\Users\User\.m2\repository\org\springframework\boot\spring-boot-test-autoconfigure\2.0.0.RELEASE\spring-boot-test-autoconfigure-2.0.0.RELEASE.jar;C:\Users\User\.m2\repository\com\jayway\jsonpath\json-path\2.4.0\json-path-2.4.0.jar;C:\Users\User\.m2\repository\net\minidev\json-smart\2.3\json-smart-2.3.jar;C:\Users\User\.m2\repository\net\minidev\accessors-smart\1.2\accessors-smart-1.2.jar;C:\Users\User\.m2\repository\org\assertj\assertj-core\3.9.1\assertj-core-3.9.1.jar;C:\Users\User\.m2\repository\org\mockito\mockito-core\2.15.0\mockito-core-2.15.0.jar;C:\Users\User\.m2\repository\net\bytebuddy\byte-buddy\1.7.10\byte-buddy-1.7.10.jar;C:\Users\User\.m2\repository\net\bytebuddy\byte-buddy-agent\1.7.10\byte-buddy-agent-1.7.10.jar;C:\Users\User\.m2\repository\org\objenesis\objenesis\2.6\objenesis-2.6.jar;C:\Users\User\.m2\repository\org\hamcrest\hamcrest-library\1.3\hamcrest-library-1.3.jar;C:\Users\User\.m2\repository\org\skyscreamer\jsonassert\1.5.0\jsonassert-1.5.0.jar;C:\Users\User\.m2\repository\com\vaadin\external\google\android-json\0.0.20131108.vaadin1\android-json-0.0.20131108.vaadin1.jar;C:\Users\User\.m2\repository\org\springframework\spring-core\5.0.4.RELEASE\spring-core-5.0.4.RELEASE.jar;C:\Users\User\.m2\repository\org\springframework\spring-jcl\5.0.4.RELEASE\spring-jcl-5.0.4.RELEASE.jar;C:\Users\User\.m2\repository\org\springframework\spring-test\5.0.4.RELEASE\spring-test-5.0.4.RELEASE.jar;C:\Users\User\.m2\repository\org\xmlunit\xmlunit-core\2.5.1\xmlunit-core-2.5.1.jar;C:\Users\User\.m2\repository\org\springframework\boot\spring-boot-devtools\2.0.0.RELEASE\spring-boot-devtools-2.0.0.RELEASE.jar;C:\Users\User\.m2\repository\org\springframework\boot\spring-boot\2.0.0.RELEASE\spring-boot-2.0.0.RELEASE.jar;C:\Users\User\.m2\repository\org\springframework\boot\spring-boot-autoconfigure\2.0.0.RELEASE\spring-boot-autoconfigure-2.0.0.RELEASE.jar;C:\Users\User\.m2\repository\com\h2database\h2\1.4.196\h2-1.4.196.jar;C:\Users\User\.m2\repository\org\hibernate\hibernate-core\5.2.14.Final\hibernate-core-5.2.14.Final.jar;C:\Users\User\.m2\repository\org\jboss\logging\jboss-logging\3.3.2.Final\jboss-logging-3.3.2.Final.jar;C:\Users\User\.m2\repository\org\hibernate\javax\persistence\hibernate-jpa-2.1-api\1.0.0.Final\hibernate-jpa-2.1-api-1.0.0.Final.jar;C:\Users\User\.m2\repository\org\javassist\javassist\3.22.0-GA\javassist-3.22.0-GA.jar;C:\Users\User\.m2\repository\antlr\antlr\2.7.7\antlr-2.7.7.jar;C:\Users\User\.m2\repository\org\jboss\spec\javax\transaction\jboss-transaction-api_1.2_spec\1.0.1.Final\jboss-transaction-api_1.2_spec-1.0.1.Final.jar;C:\Users\User\.m2\repository\org\jboss\jandex\2.0.3.Final\jandex-2.0.3.Final.jar;C:\Users\User\.m2\repository\com\fasterxml\classmate\1.3.4\classmate-1.3.4.jar;C:\Users\User\.m2\repository\dom4j\dom4j\1.6.1\dom4j-1.6.1.jar;C:\Users\User\.m2\repository\org\hibernate\common\hibernate-commons-annotations\5.0.1.Final\hibernate-commons-annotations-5.0.1.Final.jar;C:\Users\User\.m2\repository\org\springframework\spring-orm\5.0.4.RELEASE\spring-orm-5.0.4.RELEASE.jar;C:\Users\User\.m2\repository\org\springframework\spring-beans\5.0.4.RELEASE\spring-beans-5.0.4.RELEASE.jar;C:\Users\User\.m2\repository\org\springframework\spring-jdbc\5.0.4.RELEASE\spring-jdbc-5.0.4.RELEASE.jar;C:\Users\User\.m2\repository\org\springframework\spring-tx\5.0.4.RELEASE\spring-tx-5.0.4.RELEASE.jar;C:\Users\User\.m2\repository\org\apache\commons\commons-dbcp2\2.2.0\commons-dbcp2-2.2.0.jar;C:\Users\User\.m2\repository\org\apache\commons\commons-pool2\2.5.0\commons-pool2-2.5.0.jar;C:\Users\User\.m2\repository\org\apache\maven\plugins\maven-compiler-plugin\3.7.0\maven-compiler-plugin-3.7.0.jar;C:\Users\User\.m2\repository\org\apache\maven\maven-plugin-api\3.0\maven-plugin-api-3.0.jar;C:\Users\User\.m2\repository\org\apache\maven\maven-model\3.0\maven-model-3.0.jar;C:\Users\User\.m2\repository\org\sonatype\sisu\sisu-inject-plexus\1.4.2\sisu-inject-plexus-1.4.2.jar;C:\Users\User\.m2\repository\org\sonatype\sisu\sisu-inject-bean\1.4.2\sisu-inject-bean-1.4.2.jar;C:\Users\User\.m2\repository\org\sonatype\sisu\sisu-guice\2.1.7\sisu-guice-2.1.7-noaop.jar;C:\Users\User\.m2\repository\org\apache\maven\maven-artifact\3.0\maven-artifact-3.0.jar;C:\Users\User\.m2\repository\org\codehaus\plexus\plexus-utils\2.0.4\plexus-utils-2.0.4.jar;C:\Users\User\.m2\repository\org\apache\maven\maven-core\3.0\maven-core-3.0.jar;C:\Users\User\.m2\repository\org\apache\maven\maven-settings\3.0\maven-settings-3.0.jar;C:\Users\User\.m2\repository\org\apache\maven\maven-settings-builder\3.0\maven-settings-builder-3.0.jar;C:\Users\User\.m2\repository\org\apache\maven\maven-repository-metadata\3.0\maven-repository-metadata-3.0.jar;C:\Users\User\.m2\repository\org\apache\maven\maven-model-builder\3.0\maven-model-builder-3.0.jar;C:\Users\User\.m2\repository\org\apache\maven\maven-aether-provider\3.0\maven-aether-provider-3.0.jar;C:\Users\User\.m2\repository\org\sonatype\aether\aether-impl\1.7\aether-impl-1.7.jar;C:\Users\User\.m2\repository\org\sonatype\aether\aether-spi\1.7\aether-spi-1.7.jar;C:\Users\User\.m2\repository\org\sonatype\aether\aether-api\1.7\aether-api-1.7.jar;C:\Users\User\.m2\repository\org\sonatype\aether\aether-util\1.7\aether-util-1.7.jar;C:\Users\User\.m2\repository\org\codehaus\plexus\plexus-interpolation\1.14\plexus-interpolation-1.14.jar;C:\Users\User\.m2\repository\org\codehaus\plexus\plexus-classworlds\2.2.3\plexus-classworlds-2.2.3.jar;C:\Users\User\.m2\repository\org\codehaus\plexus\plexus-component-annotations\1.5.5\plexus-component-annotations-1.5.5.jar;C:\Users\User\.m2\repository\org\sonatype\plexus\plexus-sec-dispatcher\1.3\plexus-sec-dispatcher-1.3.jar;C:\Users\User\.m2\repository\org\sonatype\plexus\plexus-cipher\1.4\plexus-cipher-1.4.jar;C:\Users\User\.m2\repository\org\apache\maven\shared\maven-shared-utils\3.1.0\maven-shared-utils-3.1.0.jar;C:\Users\User\.m2\repository\commons-io\commons-io\2.5\commons-io-2.5.jar;C:\Users\User\.m2\repository\org\apache\maven\shared\maven-shared-incremental\1.1\maven-shared-incremental-1.1.jar;C:\Users\User\.m2\repository\org\codehaus\plexus\plexus-java\0.9.2\plexus-java-0.9.2.jar;C:\Users\User\.m2\repository\org\ow2\asm\asm\6.0_BETA\asm-6.0_BETA.jar;C:\Users\User\.m2\repository\com\thoughtworks\qdox\qdox\2.0-M7\qdox-2.0-M7.jar;C:\Users\User\.m2\repository\org\codehaus\plexus\plexus-compiler-api\2.8.2\plexus-compiler-api-2.8.2.jar;C:\Users\User\.m2\repository\org\codehaus\plexus\plexus-compiler-manager\2.8.2\plexus-compiler-manager-2.8.2.jar;C:\Users\User\.m2\repository\org\codehaus\plexus\plexus-compiler-javac\2.8.2\plexus-compiler-javac-2.8.2.jar;C:\Users\User\.m2\repository\com\fasterxml\jackson\core\jackson-databind\2.9.4\jackson-databind-2.9.4.jar;C:\Users\User\.m2\repository\com\fasterxml\jackson\core\jackson-core\2.9.4\jackson-core-2.9.4.jar;C:\Users\User\.m2\repository\com\fasterxml\jackson\core\jackson-annotations\2.9.0\jackson-annotations-2.9.0.jar;, user.name=User, java.vm.specification.version=1.8, sun.java.command=C:\Users\User\AppData\Local\Temp\surefire411137058472474102\surefirebooter4073495440638963479.jar C:\Users\User\AppData\Local\Temp\surefire411137058472474102 2018-03-05T11-18-42_141-jvmRun1 surefire308685472930676419tmp surefire_07681882179701116136tmp, java.home=C:\Program Files\Java\jdk1.8.0_101\jre, sun.arch.data.model=64, user.language=en, java.specification.vendor=Oracle Corporation, awt.toolkit=sun.awt.windows.WToolkit, java.vm.info=mixed mode, java.version=1.8.0_101, java.ext.dirs=C:\Program Files\Java\jdk1.8.0_101\jre\lib\ext;C:\WINDOWS\Sun\Java\lib\ext, sun.boot.class.path=C:\Program Files\Java\jdk1.8.0_101\jre\lib\resources.jar;C:\Program Files\Java\jdk1.8.0_101\jre\lib\rt.jar;C:\Program Files\Java\jdk1.8.0_101\jre\lib\sunrsasign.jar;C:\Program Files\Java\jdk1.8.0_101\jre\lib\jsse.jar;C:\Program Files\Java\jdk1.8.0_101\jre\lib\jce.jar;C:\Program Files\Java\jdk1.8.0_101\jre\lib\charsets.jar;C:\Program Files\Java\jdk1.8.0_101\jre\lib\jfr.jar;C:\Program Files\Java\jdk1.8.0_101\jre\classes, java.vendor=Oracle Corporation, localRepository=C:\Users\User\.m2\repository, file.separator=\, java.vendor.url.bug=http://bugreport.sun.com/bugreport/, sun.io.unicode.encoding=UnicodeLittle, sun.cpu.endian=little, sun.desktop=windows, sun.cpu.isalist=amd64}}, SystemEnvironmentPropertySource@427980296 {name='systemEnvironment', properties={PATH=C:/Program Files/Java/jre1.8.0_101/bin/server;C:/Program Files/Java/jre1.8.0_101/bin;C:/Program Files/Java/jre1.8.0_101/lib/amd64;C:\Program Files\Microsoft MPI\Bin\;C:\ProgramData\Oracle\Java\javapath;C:\Program Files (x86)\Intel\iCLS Client\;C:\Program Files\Intel\iCLS Client\;C:\WINDOWS\system32;C:\WINDOWS;C:\WINDOWS\System32\Wbem;C:\WINDOWS\System32\WindowsPowerShell\v1.0\;C:\Program Files (x86)\Intel\OpenCL SDK\2.0\bin\x86;C:\Program Files (x86)\Intel\OpenCL SDK\2.0\bin\x64;C:\Program Files (x86)\Intel\Intel(R) Management Engine Components\DAL;C:\Program Files\Intel\Intel(R) Management Engine Components\DAL;C:\Program Files (x86)\Intel\Intel(R) Management Engine Components\IPT;C:\Program Files\Intel\Intel(R) Management Engine Components\IPT;C:\Program Files\Microsoft SQL Server\Client SDK\ODBC\130\Tools\Binn\;C:\Program Files (x86)\Microsoft SQL Server\130\Tools\Binn\;C:\Program Files\Microsoft SQL Server\130\Tools\Binn\;C:\Program Files\Microsoft SQL Server\130\DTS\Binn\;C:\WINDOWS\system32\config\systemprofile\.dnx\bin;C:\Program Files\Microsoft DNX\Dnvm\;C:\Program Files\Microsoft SQL Server\120\Tools\Binn\;C:\Program Files (x86)\Microsoft SQL Server\130\DTS\Binn\;C:\Program Files (x86)\Microsoft SQL Server\Client SDK\ODBC\130\Tools\Binn\;C:\Program Files (x86)\Microsoft SQL Server\140\Tools\Binn\;C:\Program Files (x86)\Microsoft SQL Server\140\DTS\Binn\;C:\Program Files (x86)\Microsoft SQL Server\140\Tools\Binn\ManagementStudio\;C:\Program Files\nodejs\;C:\Users\User\AppData\Local\Microsoft\WindowsApps;C:\Users\User\AppData\Roaming\npm;C:\Users\User\Downloads\Compressed\apache-maven-3.5.2-bin\bin;;C:\Users\User\Desktop;, USERDOMAIN_ROAMINGPROFILE=BOOTCAMP21, PROCESSOR_LEVEL=6, SYSTEMDRIVE=C:, FP_NO_HOST_CHECK=NO, VS140COMNTOOLS=C:\Program Files (x86)\Microsoft Visual Studio 14.0\Common7\Tools\, SESSIONNAME=Console, ALLUSERSPROFILE=C:\ProgramData, PROCESSOR_ARCHITECTURE=AMD64, PROGRAMFILES=C:\Program Files, PSMODULEPATH=C:\WINDOWS\system32\WindowsPowerShell\v1.0\Modules\;C:\Program Files (x86)\Microsoft SQL Server\130\Tools\PowerShell\Modules\, BUNIFUFRAMEWORK.STAT.LASTSEEN=fmzS/Ho+IoSS5OTBflblU8c3HzFTRkhajg5fU6CSrkk=, PROGRAMDATA=C:\ProgramData, USERNAME=User, BUNIFUFRAMEWORK.DAYS=0duHBvINw4Op2KTFbpUotw==, FPS_BROWSER_USER_PROFILE_STRING=Default, ONEDRIVE=C:\Users\User\OneDrive, PATHEXT=.COM;.EXE;.BAT;.CMD;.VBS;.VBE;.JS;.JSE;.WSF;.WSH;.MSC, BUNIFUFRAMEWORK.EMAIL=mGUPnPVXj5d3E9drz1A8FLXNFm7J1JCeUwWgwGOzjGc=, WINDIR=C:\WINDOWS, BUNIFUFRAMEWORK.LASTSEEN=636447074321285198, HOMEPATH=\Users\User, PROCESSOR_IDENTIFIER=Intel64 Family 6 Model 42 Stepping 7, GenuineIntel, WINDOWS_TRACING_LOGFILE=C:\BVTBin\Tests\installpackage\csilogfile.log, POWERMGRPATH=C:\Program Files (x86)\Lenovo\PowerMgr, PUBLIC=C:\Users\Public, =::=::\, BUNIFUFRAMEWORK.DATE=jkzeHe5wD599DGtvVyrBpbJwDbeNv48T1ejJFEWjBFY=, LOCALAPPDATA=C:\Users\User\AppData\Local, MSMPI_BIN=C:\Program Files\Microsoft MPI\Bin\, COMMONPROGRAMFILES(X86)=C:\Program Files (x86)\Common Files, USERDOMAIN=BOOTCAMP21, FPS_BROWSER_APP_PROFILE_STRING=Internet Explorer, LOGONSERVER=\\BOOTCAMP21, JAVA_HOME=C:\Program Files\Java\jdk1.8.0_101, PROMPT=$P$G, PROGRAMFILES(X86)=C:\Program Files (x86), BUNIFUFRAMEWORK.TOKEN=UGOrZyGFaaO21RU7PlCXi+vMfZLGVGzWUSJTv4ZvJBIhnZWaZJSadubkcCwXwcbd, WINDOWS_TRACING_FLAGS=3, =C:=C:\Users\User\eclipse-workspace\ubereats, APPDATA=C:\Users\User\AppData\Roaming, BUNIFUFRAMEWORK.KEY=nAZJ8F+cydbCwvRMj8OsZg==, BUNIFUFRAMEWORK.STAT.LANG=nAZJ8F+cydbCwvRMj8OsZg==, PROGRAMW6432=C:\Program Files, SYSTEMROOT=C:\WINDOWS, OS=Windows_NT, COMMONPROGRAMW6432=C:\Program Files\Common Files, COMPUTERNAME=BOOTCAMP21, COMMONPROGRAMFILES=C:\Program Files\Common Files, COMSPEC=C:\WINDOWS\system32\cmd.exe, PROCESSOR_REVISION=2a07, TEMP=C:\Users\User\AppData\Local\Temp, HOMEDRIVE=C:, USERPROFILE=C:\Users\User, BUNIFUFRAMEWORK.PRODUCT=4sRIJSTJEkYJGZ64wANVf3y9QltOzNrpTfKG9hlAoYk=, BUNIFUFRAMEWORK.STAT.PROJECTS=Tie3I6MrSIlpbrv07eZY2g==, TMP=C:\Users\User\AppData\Local\Temp, MYSQLCONNECTOR_ASSEMBLIESPATH=C:\Program Files (x86)\MySQL\Connector.NET 6.9\Assemblies\v4.5, BUNIFUFRAMEWORK.EXPIRY=w+4bkfaGBJg/jhWvDZs7zcMVNs56mAG3ebOuBofdnjs=, NUMBER_OF_PROCESSORS=4}}]
11:19:03.543 [main] DEBUG org.springframework.context.annotation.ClassPathBeanDefinitionScanner - JSR-250 'javax.annotation.ManagedBean' found and supported for component scanning
11:19:03.543 [main] DEBUG org.springframework.context.annotation.ClassPathBeanDefinitionScanner - JSR-330 'javax.inject.Named' annotation found and supported for component scanning
11:19:03.544 [main] DEBUG org.springframework.core.io.support.PathMatchingResourcePatternResolver - Resolved classpath location [org/reverside/bootcamp/ubereats/] to resources [URL [file:/C:/Users/User/eclipse-workspace/ubereats/target/test-classes/org/reverside/bootcamp/ubereats/], URL [file:/C:/Users/User/eclipse-workspace/ubereats/target/classes/org/reverside/bootcamp/ubereats/]]
11:19:03.545 [main] DEBUG org.springframework.core.io.support.PathMatchingResourcePatternResolver - Looking for matching resources in directory tree [C:\Users\User\eclipse-workspace\ubereats\target\test-classes\org\reverside\bootcamp\ubereats]
11:19:03.545 [main] DEBUG org.springframework.core.io.support.PathMatchingResourcePatternResolver - Searching directory [C:\Users\User\eclipse-workspace\ubereats\target\test-classes\org\reverside\bootcamp\ubereats] for files matching pattern [C:/Users/User/eclipse-workspace/ubereats/target/test-classes/org/reverside/bootcamp/ubereats/**/*.class]
11:19:03.547 [main] DEBUG org.springframework.core.io.support.PathMatchingResourcePatternResolver - Searching directory [C:\Users\User\eclipse-workspace\ubereats\target\test-classes\org\reverside\bootcamp\ubereats\test] for files matching pattern [C:/Users/User/eclipse-workspace/ubereats/target/test-classes/org/reverside/bootcamp/ubereats/**/*.class]
11:19:03.548 [main] DEBUG org.springframework.core.io.support.PathMatchingResourcePatternResolver - Looking for matching resources in directory tree [C:\Users\User\eclipse-workspace\ubereats\target\classes\org\reverside\bootcamp\ubereats]
11:19:03.548 [main] DEBUG org.springframework.core.io.support.PathMatchingResourcePatternResolver - Searching directory [C:\Users\User\eclipse-workspace\ubereats\target\classes\org\reverside\bootcamp\ubereats] for files matching pattern [C:/Users/User/eclipse-workspace/ubereats/target/classes/org/reverside/bootcamp/ubereats/**/*.class]
11:19:03.550 [main] DEBUG org.springframework.core.io.support.PathMatchingResourcePatternResolver - Searching directory [C:\Users\User\eclipse-workspace\ubereats\target\classes\org\reverside\bootcamp\ubereats\config] for files matching pattern [C:/Users/User/eclipse-workspace/ubereats/target/classes/org/reverside/bootcamp/ubereats/**/*.class]
11:19:03.551 [main] DEBUG org.springframework.core.io.support.PathMatchingResourcePatternResolver - Searching directory [C:\Users\User\eclipse-workspace\ubereats\target\classes\org\reverside\bootcamp\ubereats\controller] for files matching pattern [C:/Users/User/eclipse-workspace/ubereats/target/classes/org/reverside/bootcamp/ubereats/**/*.class]
11:19:03.553 [main] DEBUG org.springframework.core.io.support.PathMatchingResourcePatternResolver - Searching directory [C:\Users\User\eclipse-workspace\ubereats\target\classes\org\reverside\bootcamp\ubereats\dto] for files matching pattern [C:/Users/User/eclipse-workspace/ubereats/target/classes/org/reverside/bootcamp/ubereats/**/*.class]
11:19:03.556 [main] DEBUG org.springframework.core.io.support.PathMatchingResourcePatternResolver - Searching directory [C:\Users\User\eclipse-workspace\ubereats\target\classes\org\reverside\bootcamp\ubereats\repository] for files matching pattern [C:/Users/User/eclipse-workspace/ubereats/target/classes/org/reverside/bootcamp/ubereats/**/*.class]
11:19:03.561 [main] DEBUG org.springframework.core.io.support.PathMatchingResourcePatternResolver - Searching directory [C:\Users\User\eclipse-workspace\ubereats\target\classes\org\reverside\bootcamp\ubereats\repositoryImpl] for files matching pattern [C:/Users/User/eclipse-workspace/ubereats/target/classes/org/reverside/bootcamp/ubereats/**/*.class]
11:19:03.565 [main] DEBUG org.springframework.core.io.support.PathMatchingResourcePatternResolver - Resolved location pattern [classpath*:org/reverside/bootcamp/ubereats/**/*.class] to resources [file [C:\Users\User\eclipse-workspace\ubereats\target\test-classes\org\reverside\bootcamp\ubereats\AppTest.class], file [C:\Users\User\eclipse-workspace\ubereats\target\test-classes\org\reverside\bootcamp\ubereats\test\CategoryTestCase.class], file [C:\Users\User\eclipse-workspace\ubereats\target\test-classes\org\reverside\bootcamp\ubereats\test\ProductTestCase.class], file [C:\Users\User\eclipse-workspace\ubereats\target\classes\org\reverside\bootcamp\ubereats\App.class], file [C:\Users\User\eclipse-workspace\ubereats\target\classes\org\reverside\bootcamp\ubereats\config\HibernateConfig.class], file [C:\Users\User\eclipse-workspace\ubereats\target\classes\org\reverside\bootcamp\ubereats\controller\JsonDataController.class], file [C:\Users\User\eclipse-workspace\ubereats\target\classes\org\reverside\bootcamp\ubereats\controller\UserController.class], file [C:\Users\User\eclipse-workspace\ubereats\target\classes\org\reverside\bootcamp\ubereats\controller\WebController.class], file [C:\Users\User\eclipse-workspace\ubereats\target\classes\org\reverside\bootcamp\ubereats\dto\Account.class], file [C:\Users\User\eclipse-workspace\ubereats\target\classes\org\reverside\bootcamp\ubereats\dto\Admin.class], file [C:\Users\User\eclipse-workspace\ubereats\target\classes\org\reverside\bootcamp\ubereats\dto\Cart.class], file [C:\Users\User\eclipse-workspace\ubereats\target\classes\org\reverside\bootcamp\ubereats\dto\CartItem.class], file [C:\Users\User\eclipse-workspace\ubereats\target\classes\org\reverside\bootcamp\ubereats\dto\Category.class], file [C:\Users\User\eclipse-workspace\ubereats\target\classes\org\reverside\bootcamp\ubereats\dto\Delivery.class], file [C:\Users\User\eclipse-workspace\ubereats\target\classes\org\reverside\bootcamp\ubereats\dto\Driver.class], file [C:\Users\User\eclipse-workspace\ubereats\target\classes\org\reverside\bootcamp\ubereats\dto\FoodOutlet.class], file [C:\Users\User\eclipse-workspace\ubereats\target\classes\org\reverside\bootcamp\ubereats\dto\Menu.class], file [C:\Users\User\eclipse-workspace\ubereats\target\classes\org\reverside\bootcamp\ubereats\dto\Product.class], file [C:\Users\User\eclipse-workspace\ubereats\target\classes\org\reverside\bootcamp\ubereats\dto\Role.class], file [C:\Users\User\eclipse-workspace\ubereats\target\classes\org\reverside\bootcamp\ubereats\dto\User.class], file [C:\Users\User\eclipse-workspace\ubereats\target\classes\org\reverside\bootcamp\ubereats\repository\AdminDAO.class], file [C:\Users\User\eclipse-workspace\ubereats\target\classes\org\reverside\bootcamp\ubereats\repository\CategoryDAO.class], file [C:\Users\User\eclipse-workspace\ubereats\target\classes\org\reverside\bootcamp\ubereats\repository\CustomerDAO.class], file [C:\Users\User\eclipse-workspace\ubereats\target\classes\org\reverside\bootcamp\ubereats\repository\ProductDAO.class], file [C:\Users\User\eclipse-workspace\ubereats\target\classes\org\reverside\bootcamp\ubereats\repository\UserDAO.class], file [C:\Users\User\eclipse-workspace\ubereats\target\classes\org\reverside\bootcamp\ubereats\repositoryImpl\CategoryDaoImpl.class], file [C:\Users\User\eclipse-workspace\ubereats\target\classes\org\reverside\bootcamp\ubereats\repositoryImpl\ProductDaoImpl.class], file [C:\Users\User\eclipse-workspace\ubereats\target\classes\org\reverside\bootcamp\ubereats\repositoryImpl\UserDaoImpl.class]]
11:19:03.571 [main] DEBUG org.springframework.context.annotation.ClassPathBeanDefinitionScanner - Identified candidate component class: file [C:\Users\User\eclipse-workspace\ubereats\target\classes\org\reverside\bootcamp\ubereats\App.class]
11:19:03.573 [main] DEBUG org.springframework.context.annotation.ClassPathBeanDefinitionScanner - Identified candidate component class: file [C:\Users\User\eclipse-workspace\ubereats\target\classes\org\reverside\bootcamp\ubereats\config\HibernateConfig.class]
11:19:03.575 [main] DEBUG org.springframework.context.annotation.ClassPathBeanDefinitionScanner - Identified candidate component class: file [C:\Users\User\eclipse-workspace\ubereats\target\classes\org\reverside\bootcamp\ubereats\controller\JsonDataController.class]
11:19:03.576 [main] DEBUG org.springframework.context.annotation.ClassPathBeanDefinitionScanner - Identified candidate component class: file [C:\Users\User\eclipse-workspace\ubereats\target\classes\org\reverside\bootcamp\ubereats\controller\UserController.class]
11:19:03.578 [main] DEBUG org.springframework.context.annotation.ClassPathBeanDefinitionScanner - Identified candidate component class: file [C:\Users\User\eclipse-workspace\ubereats\target\classes\org\reverside\bootcamp\ubereats\controller\WebController.class]
11:19:03.606 [main] DEBUG org.springframework.context.annotation.ClassPathBeanDefinitionScanner - Identified candidate component class: file [C:\Users\User\eclipse-workspace\ubereats\target\classes\org\reverside\bootcamp\ubereats\repositoryImpl\CategoryDaoImpl.class]
11:19:03.607 [main] DEBUG org.springframework.context.annotation.ClassPathBeanDefinitionScanner - Identified candidate component class: file [C:\Users\User\eclipse-workspace\ubereats\target\classes\org\reverside\bootcamp\ubereats\repositoryImpl\ProductDaoImpl.class]
11:19:03.634 [main] DEBUG org.springframework.context.annotation.ClassPathBeanDefinitionScanner - Identified candidate component class: file [C:\Users\User\eclipse-workspace\ubereats\target\classes\org\reverside\bootcamp\ubereats\repositoryImpl\UserDaoImpl.class]
11:19:03.639 [main] INFO org.springframework.context.annotation.AnnotationConfigApplicationContext - Refreshing org.springframework.context.annotation.AnnotationConfigApplicationContext@19f02280: startup date [Mon Mar 05 11:19:03 CAT 2018]; root of context hierarchy
11:19:03.639 [main] DEBUG org.springframework.context.annotation.AnnotationConfigApplicationContext - Bean factory for org.springframework.context.annotation.AnnotationConfigApplicationContext@19f02280: org.springframework.beans.factory.support.DefaultListableBeanFactory@7d2c345d: defining beans [org.springframework.context.annotation.internalConfigurationAnnotationProcessor,org.springframework.context.annotation.internalAutowiredAnnotationProcessor,org.springframework.context.annotation.internalRequiredAnnotationProcessor,org.springframework.context.annotation.internalCommonAnnotationProcessor,org.springframework.context.annotation.internalPersistenceAnnotationProcessor,org.springframework.context.event.internalEventListenerProcessor,org.springframework.context.event.internalEventListenerFactory,app,hibernateConfig,jsonDataController,userController,webController,categoryDAO,productDAO,userDAO]; root of factory hierarchy
11:19:03.641 [main] DEBUG org.springframework.beans.factory.support.DefaultListableBeanFactory - Creating shared instance of singleton bean 'org.springframework.context.annotation.internalConfigurationAnnotationProcessor'
11:19:03.641 [main] DEBUG org.springframework.beans.factory.support.DefaultListableBeanFactory - Creating instance of bean 'org.springframework.context.annotation.internalConfigurationAnnotationProcessor'
11:19:03.641 [main] DEBUG org.springframework.beans.factory.support.DefaultListableBeanFactory - Eagerly caching bean 'org.springframework.context.annotation.internalConfigurationAnnotationProcessor' to allow for resolving potential circular references
11:19:03.641 [main] DEBUG org.springframework.beans.factory.support.DefaultListableBeanFactory - Finished creating instance of bean 'org.springframework.context.annotation.internalConfigurationAnnotationProcessor'
11:19:03.673 [main] DEBUG org.springframework.context.annotation.ClassPathBeanDefinitionScanner - JSR-250 'javax.annotation.ManagedBean' found and supported for component scanning
11:19:03.673 [main] DEBUG org.springframework.context.annotation.ClassPathBeanDefinitionScanner - JSR-330 'javax.inject.Named' annotation found and supported for component scanning
11:19:03.675 [main] DEBUG org.springframework.core.io.support.PathMatchingResourcePatternResolver - Resolved classpath location [org/reverside/bootcamp/ubereats/] to resources [URL [file:/C:/Users/User/eclipse-workspace/ubereats/target/test-classes/org/reverside/bootcamp/ubereats/], URL [file:/C:/Users/User/eclipse-workspace/ubereats/target/classes/org/reverside/bootcamp/ubereats/]]
11:19:03.675 [main] DEBUG org.springframework.core.io.support.PathMatchingResourcePatternResolver - Looking for matching resources in directory tree [C:\Users\User\eclipse-workspace\ubereats\target\test-classes\org\reverside\bootcamp\ubereats]
11:19:03.676 [main] DEBUG org.springframework.core.io.support.PathMatchingResourcePatternResolver - Searching directory [C:\Users\User\eclipse-workspace\ubereats\target\test-classes\org\reverside\bootcamp\ubereats] for files matching pattern [C:/Users/User/eclipse-workspace/ubereats/target/test-classes/org/reverside/bootcamp/ubereats/**/*.class]
11:19:03.677 [main] DEBUG org.springframework.core.io.support.PathMatchingResourcePatternResolver - Searching directory [C:\Users\User\eclipse-workspace\ubereats\target\test-classes\org\reverside\bootcamp\ubereats\test] for files matching pattern [C:/Users/User/eclipse-workspace/ubereats/target/test-classes/org/reverside/bootcamp/ubereats/**/*.class]
11:19:03.679 [main] DEBUG org.springframework.core.io.support.PathMatchingResourcePatternResolver - Looking for matching resources in directory tree [C:\Users\User\eclipse-workspace\ubereats\target\classes\org\reverside\bootcamp\ubereats]
11:19:03.679 [main] DEBUG org.springframework.core.io.support.PathMatchingResourcePatternResolver - Searching directory [C:\Users\User\eclipse-workspace\ubereats\target\classes\org\reverside\bootcamp\ubereats] for files matching pattern [C:/Users/User/eclipse-workspace/ubereats/target/classes/org/reverside/bootcamp/ubereats/**/*.class]
11:19:03.680 [main] DEBUG org.springframework.core.io.support.PathMatchingResourcePatternResolver - Searching directory [C:\Users\User\eclipse-workspace\ubereats\target\classes\org\reverside\bootcamp\ubereats\config] for files matching pattern [C:/Users/User/eclipse-workspace/ubereats/target/classes/org/reverside/bootcamp/ubereats/**/*.class]
11:19:03.681 [main] DEBUG org.springframework.core.io.support.PathMatchingResourcePatternResolver - Searching directory [C:\Users\User\eclipse-workspace\ubereats\target\classes\org\reverside\bootcamp\ubereats\controller] for files matching pattern [C:/Users/User/eclipse-workspace/ubereats/target/classes/org/reverside/bootcamp/ubereats/**/*.class]
11:19:03.683 [main] DEBUG org.springframework.core.io.support.PathMatchingResourcePatternResolver - Searching directory [C:\Users\User\eclipse-workspace\ubereats\target\classes\org\reverside\bootcamp\ubereats\dto] for files matching pattern [C:/Users/User/eclipse-workspace/ubereats/target/classes/org/reverside/bootcamp/ubereats/**/*.class]
11:19:03.692 [main] DEBUG org.springframework.core.io.support.PathMatchingResourcePatternResolver - Searching directory [C:\Users\User\eclipse-workspace\ubereats\target\classes\org\reverside\bootcamp\ubereats\repository] for files matching pattern [C:/Users/User/eclipse-workspace/ubereats/target/classes/org/reverside/bootcamp/ubereats/**/*.class]
11:19:03.695 [main] DEBUG org.springframework.core.io.support.PathMatchingResourcePatternResolver - Searching directory [C:\Users\User\eclipse-workspace\ubereats\target\classes\org\reverside\bootcamp\ubereats\repositoryImpl] for files matching pattern [C:/Users/User/eclipse-workspace/ubereats/target/classes/org/reverside/bootcamp/ubereats/**/*.class]
11:19:03.697 [main] DEBUG org.springframework.core.io.support.PathMatchingResourcePatternResolver - Resolved location pattern [classpath*:org/reverside/bootcamp/ubereats/**/*.class] to resources [file [C:\Users\User\eclipse-workspace\ubereats\target\test-classes\org\reverside\bootcamp\ubereats\AppTest.class], file [C:\Users\User\eclipse-workspace\ubereats\target\test-classes\org\reverside\bootcamp\ubereats\test\CategoryTestCase.class], file [C:\Users\User\eclipse-workspace\ubereats\target\test-classes\org\reverside\bootcamp\ubereats\test\ProductTestCase.class], file [C:\Users\User\eclipse-workspace\ubereats\target\classes\org\reverside\bootcamp\ubereats\App.class], file [C:\Users\User\eclipse-workspace\ubereats\target\classes\org\reverside\bootcamp\ubereats\config\HibernateConfig.class], file [C:\Users\User\eclipse-workspace\ubereats\target\classes\org\reverside\bootcamp\ubereats\controller\JsonDataController.class], file [C:\Users\User\eclipse-workspace\ubereats\target\classes\org\reverside\bootcamp\ubereats\controller\UserController.class], file [C:\Users\User\eclipse-workspace\ubereats\target\classes\org\reverside\bootcamp\ubereats\controller\WebController.class], file [C:\Users\User\eclipse-workspace\ubereats\target\classes\org\reverside\bootcamp\ubereats\dto\Account.class], file [C:\Users\User\eclipse-workspace\ubereats\target\classes\org\reverside\bootcamp\ubereats\dto\Admin.class], file [C:\Users\User\eclipse-workspace\ubereats\target\classes\org\reverside\bootcamp\ubereats\dto\Cart.class], file [C:\Users\User\eclipse-workspace\ubereats\target\classes\org\reverside\bootcamp\ubereats\dto\CartItem.class], file [C:\Users\User\eclipse-workspace\ubereats\target\classes\org\reverside\bootcamp\ubereats\dto\Category.class], file [C:\Users\User\eclipse-workspace\ubereats\target\classes\org\reverside\bootcamp\ubereats\dto\Delivery.class], file [C:\Users\User\eclipse-workspace\ubereats\target\classes\org\reverside\bootcamp\ubereats\dto\Driver.class], file [C:\Users\User\eclipse-workspace\ubereats\target\classes\org\reverside\bootcamp\ubereats\dto\FoodOutlet.class], file [C:\Users\User\eclipse-workspace\ubereats\target\classes\org\reverside\bootcamp\ubereats\dto\Menu.class], file [C:\Users\User\eclipse-workspace\ubereats\target\classes\org\reverside\bootcamp\ubereats\dto\Product.class], file [C:\Users\User\eclipse-workspace\ubereats\target\classes\org\reverside\bootcamp\ubereats\dto\Role.class], file [C:\Users\User\eclipse-workspace\ubereats\target\classes\org\reverside\bootcamp\ubereats\dto\User.class], file [C:\Users\User\eclipse-workspace\ubereats\target\classes\org\reverside\bootcamp\ubereats\repository\AdminDAO.class], file [C:\Users\User\eclipse-workspace\ubereats\target\classes\org\reverside\bootcamp\ubereats\repository\CategoryDAO.class], file [C:\Users\User\eclipse-workspace\ubereats\target\classes\org\reverside\bootcamp\ubereats\repository\CustomerDAO.class], file [C:\Users\User\eclipse-workspace\ubereats\target\classes\org\reverside\bootcamp\ubereats\repository\ProductDAO.class], file [C:\Users\User\eclipse-workspace\ubereats\target\classes\org\reverside\bootcamp\ubereats\repository\UserDAO.class], file [C:\Users\User\eclipse-workspace\ubereats\target\classes\org\reverside\bootcamp\ubereats\repositoryImpl\CategoryDaoImpl.class], file [C:\Users\User\eclipse-workspace\ubereats\target\classes\org\reverside\bootcamp\ubereats\repositoryImpl\ProductDaoImpl.class], file [C:\Users\User\eclipse-workspace\ubereats\target\classes\org\reverside\bootcamp\ubereats\repositoryImpl\UserDaoImpl.class]]
11:19:03.698 [main] DEBUG org.springframework.context.annotation.ClassPathBeanDefinitionScanner - Identified candidate component class: file [C:\Users\User\eclipse-workspace\ubereats\target\classes\org\reverside\bootcamp\ubereats\config\HibernateConfig.class]
11:19:03.698 [main] DEBUG org.springframework.context.annotation.ClassPathBeanDefinitionScanner - Identified candidate component class: file [C:\Users\User\eclipse-workspace\ubereats\target\classes\org\reverside\bootcamp\ubereats\controller\JsonDataController.class]
11:19:03.698 [main] DEBUG org.springframework.context.annotation.ClassPathBeanDefinitionScanner - Identified candidate component class: file [C:\Users\User\eclipse-workspace\ubereats\target\classes\org\reverside\bootcamp\ubereats\controller\UserController.class]
11:19:03.699 [main] DEBUG org.springframework.context.annotation.ClassPathBeanDefinitionScanner - Identified candidate component class: file [C:\Users\User\eclipse-workspace\ubereats\target\classes\org\reverside\bootcamp\ubereats\controller\WebController.class]
11:19:03.705 [main] DEBUG org.springframework.context.annotation.ClassPathBeanDefinitionScanner - Identified candidate component class: file [C:\Users\User\eclipse-workspace\ubereats\target\classes\org\reverside\bootcamp\ubereats\repositoryImpl\CategoryDaoImpl.class]
11:19:03.705 [main] DEBUG org.springframework.context.annotation.ClassPathBeanDefinitionScanner - Identified candidate component class: file [C:\Users\User\eclipse-workspace\ubereats\target\classes\org\reverside\bootcamp\ubereats\repositoryImpl\ProductDaoImpl.class]
11:19:03.706 [main] DEBUG org.springframework.context.annotation.ClassPathBeanDefinitionScanner - Identified candidate component class: file [C:\Users\User\eclipse-workspace\ubereats\target\classes\org\reverside\bootcamp\ubereats\repositoryImpl\UserDaoImpl.class]
11:19:03.732 [main] DEBUG org.springframework.context.annotation.ClassPathBeanDefinitionScanner - JSR-250 'javax.annotation.ManagedBean' found and supported for component scanning
11:19:03.732 [main] DEBUG org.springframework.context.annotation.ClassPathBeanDefinitionScanner - JSR-330 'javax.inject.Named' annotation found and supported for component scanning
11:19:03.735 [main] DEBUG org.springframework.core.io.support.PathMatchingResourcePatternResolver - Resolved classpath location [org/reverside/bootcamp/ubereats/dto/] to resources [URL [file:/C:/Users/User/eclipse-workspace/ubereats/target/classes/org/reverside/bootcamp/ubereats/dto/]]
11:19:03.735 [main] DEBUG org.springframework.core.io.support.PathMatchingResourcePatternResolver - Looking for matching resources in directory tree [C:\Users\User\eclipse-workspace\ubereats\target\classes\org\reverside\bootcamp\ubereats\dto]
11:19:03.735 [main] DEBUG org.springframework.core.io.support.PathMatchingResourcePatternResolver - Searching directory [C:\Users\User\eclipse-workspace\ubereats\target\classes\org\reverside\bootcamp\ubereats\dto] for files matching pattern [C:/Users/User/eclipse-workspace/ubereats/target/classes/org/reverside/bootcamp/ubereats/dto/**/*.class]
11:19:03.738 [main] DEBUG org.springframework.core.io.support.PathMatchingResourcePatternResolver - Resolved location pattern [classpath*:org/reverside/bootcamp/ubereats/dto/**/*.class] to resources [file [C:\Users\User\eclipse-workspace\ubereats\target\classes\org\reverside\bootcamp\ubereats\dto\Account.class], file [C:\Users\User\eclipse-workspace\ubereats\target\classes\org\reverside\bootcamp\ubereats\dto\Admin.class], file [C:\Users\User\eclipse-workspace\ubereats\target\classes\org\reverside\bootcamp\ubereats\dto\Cart.class], file [C:\Users\User\eclipse-workspace\ubereats\target\classes\org\reverside\bootcamp\ubereats\dto\CartItem.class], file [C:\Users\User\eclipse-workspace\ubereats\target\classes\org\reverside\bootcamp\ubereats\dto\Category.class], file [C:\Users\User\eclipse-workspace\ubereats\target\classes\org\reverside\bootcamp\ubereats\dto\Delivery.class], file [C:\Users\User\eclipse-workspace\ubereats\target\classes\org\reverside\bootcamp\ubereats\dto\Driver.class], file [C:\Users\User\eclipse-workspace\ubereats\target\classes\org\reverside\bootcamp\ubereats\dto\FoodOutlet.class], file [C:\Users\User\eclipse-workspace\ubereats\target\classes\org\reverside\bootcamp\ubereats\dto\Menu.class], file [C:\Users\User\eclipse-workspace\ubereats\target\classes\org\reverside\bootcamp\ubereats\dto\Product.class], file [C:\Users\User\eclipse-workspace\ubereats\target\classes\org\reverside\bootcamp\ubereats\dto\Role.class], file [C:\Users\User\eclipse-workspace\ubereats\target\classes\org\reverside\bootcamp\ubereats\dto\User.class]]
11:19:03.822 [main] DEBUG org.springframework.core.env.PropertySourcesPropertyResolver - Could not find key 'spring.boot.enableautoconfiguration' in any property source
11:19:03.921 [main] DEBUG org.springframework.beans.factory.support.DefaultListableBeanFactory - Returning cached instance of singleton bean 'autoConfigurationReport'
11:19:03.969 [main] DEBUG org.springframework.core.env.PropertySourcesPropertyResolver - Could not find key 'spring.messages.basename' in any property source
11:19:03.970 [main] DEBUG org.springframework.beans.factory.support.DefaultListableBeanFactory - Returning cached instance of singleton bean 'autoConfigurationReport'
11:19:03.971 [main] DEBUG org.springframework.beans.factory.support.DefaultListableBeanFactory - Returning cached instance of singleton bean 'autoConfigurationReport'
11:19:03.979 [main] DEBUG org.springframework.beans.factory.support.DefaultListableBeanFactory - Returning cached instance of singleton bean 'autoConfigurationReport'
11:19:03.988 [main] DEBUG org.springframework.beans.factory.support.DefaultListableBeanFactory - Returning cached instance of singleton bean 'autoConfigurationReport'
11:19:03.989 [main] DEBUG org.springframework.beans.factory.support.DefaultListableBeanFactory - Returning cached instance of singleton bean 'autoConfigurationReport'
11:19:03.991 [main] DEBUG org.springframework.beans.factory.support.DefaultListableBeanFactory - Returning cached instance of singleton bean 'autoConfigurationReport'
11:19:03.991 [main] DEBUG org.springframework.beans.factory.support.DefaultListableBeanFactory - Returning cached instance of singleton bean 'autoConfigurationReport'
11:19:03.993 [main] DEBUG org.springframework.beans.factory.support.DefaultListableBeanFactory - Returning cached instance of singleton bean 'autoConfigurationReport'
11:19:03.996 [main] DEBUG org.springframework.beans.factory.support.DefaultListableBeanFactory - Returning cached instance of singleton bean 'autoConfigurationReport'
11:19:03.996 [main] DEBUG org.springframework.beans.factory.support.DefaultListableBeanFactory - Returning cached instance of singleton bean 'autoConfigurationReport'
11:19:03.997 [main] DEBUG org.springframework.beans.factory.support.DefaultListableBeanFactory - Returning cached instance of singleton bean 'autoConfigurationReport'
11:19:03.998 [main] DEBUG org.springframework.beans.factory.support.DefaultListableBeanFactory - Returning cached instance of singleton bean 'autoConfigurationReport'
11:19:03.999 [main] DEBUG org.springframework.beans.factory.support.DefaultListableBeanFactory - Returning cached instance of singleton bean 'autoConfigurationReport'
11:19:04.000 [main] DEBUG org.springframework.beans.factory.support.DefaultListableBeanFactory - Returning cached instance of singleton bean 'autoConfigurationReport'
11:19:04.000 [main] DEBUG org.springframework.beans.factory.support.DefaultListableBeanFactory - Returning cached instance of singleton bean 'autoConfigurationReport'
11:19:04.001 [main] DEBUG org.springframework.beans.factory.support.DefaultListableBeanFactory - Returning cached instance of singleton bean 'autoConfigurationReport'
11:19:04.001 [main] DEBUG org.springframework.beans.factory.support.DefaultListableBeanFactory - Returning cached instance of singleton bean 'autoConfigurationReport'
11:19:04.001 [main] DEBUG org.springframework.beans.factory.support.DefaultListableBeanFactory - Returning cached instance of singleton bean 'autoConfigurationReport'
11:19:04.003 [main] DEBUG org.springframework.beans.factory.support.DefaultListableBeanFactory - Returning cached instance of singleton bean 'autoConfigurationReport'
11:19:04.004 [main] DEBUG org.springframework.beans.factory.support.DefaultListableBeanFactory - Returning cached instance of singleton bean 'autoConfigurationReport'
11:19:04.005 [main] DEBUG org.springframework.beans.factory.support.DefaultListableBeanFactory - Returning cached instance of singleton bean 'autoConfigurationReport'
11:19:04.019 [main] DEBUG org.springframework.beans.factory.support.DefaultListableBeanFactory - Returning cached instance of singleton bean 'autoConfigurationReport'
11:19:04.019 [main] DEBUG org.springframework.beans.factory.support.DefaultListableBeanFactory - Returning cached instance of singleton bean 'autoConfigurationReport'
11:19:04.019 [main] DEBUG org.springframework.beans.factory.support.DefaultListableBeanFactory - Returning cached instance of singleton bean 'autoConfigurationReport'
11:19:04.020 [main] DEBUG org.springframework.beans.factory.support.DefaultListableBeanFactory - Returning cached instance of singleton bean 'autoConfigurationReport'
11:19:04.033 [main] DEBUG org.springframework.beans.factory.support.DefaultListableBeanFactory - Returning cached instance of singleton bean 'autoConfigurationReport'
11:19:04.033 [main] DEBUG org.springframework.beans.factory.support.DefaultListableBeanFactory - Returning cached instance of singleton bean 'autoConfigurationReport'
11:19:04.035 [main] DEBUG org.springframework.beans.factory.support.DefaultListableBeanFactory - Returning cached instance of singleton bean 'autoConfigurationReport'
11:19:04.038 [main] DEBUG org.springframework.beans.factory.support.DefaultListableBeanFactory - Returning cached instance of singleton bean 'autoConfigurationReport'
11:19:04.039 [main] DEBUG org.springframework.beans.factory.support.DefaultListableBeanFactory - Returning cached instance of singleton bean 'autoConfigurationReport'
11:19:04.041 [main] DEBUG org.springframework.beans.factory.support.DefaultListableBeanFactory - Returning cached instance of singleton bean 'autoConfigurationReport'
11:19:04.047 [main] DEBUG org.springframework.beans.factory.support.DefaultListableBeanFactory - Returning cached instance of singleton bean 'autoConfigurationReport'
11:19:04.055 [main] DEBUG org.springframework.beans.factory.support.DefaultListableBeanFactory - Returning cached instance of singleton bean 'autoConfigurationReport'
11:19:04.061 [main] DEBUG org.springframework.beans.factory.support.DefaultListableBeanFactory - Returning cached instance of singleton bean 'autoConfigurationReport'
11:19:04.062 [main] DEBUG org.springframework.beans.factory.support.DefaultListableBeanFactory - Returning cached instance of singleton bean 'autoConfigurationReport'
11:19:04.063 [main] DEBUG org.springframework.beans.factory.support.DefaultListableBeanFactory - Returning cached instance of singleton bean 'autoConfigurationReport'
11:19:04.064 [main] DEBUG org.springframework.beans.factory.support.DefaultListableBeanFactory - Returning cached instance of singleton bean 'autoConfigurationReport'
11:19:04.066 [main] DEBUG org.springframework.beans.factory.support.DefaultListableBeanFactory - Returning cached instance of singleton bean 'autoConfigurationReport'
11:19:04.094 [main] DEBUG org.springframework.beans.factory.support.DefaultListableBeanFactory - Returning cached instance of singleton bean 'autoConfigurationReport'
11:19:04.097 [main] DEBUG org.springframework.beans.factory.support.DefaultListableBeanFactory - Returning cached instance of singleton bean 'autoConfigurationReport'
11:19:04.099 [main] DEBUG org.springframework.beans.factory.support.DefaultListableBeanFactory - Returning cached instance of singleton bean 'autoConfigurationReport'
11:19:04.105 [main] DEBUG org.springframework.beans.factory.support.DefaultListableBeanFactory - Returning cached instance of singleton bean 'autoConfigurationReport'
11:19:04.105 [main] DEBUG org.springframework.beans.factory.support.DefaultListableBeanFactory - Returning cached instance of singleton bean 'autoConfigurationReport'
11:19:04.106 [main] DEBUG org.springframework.beans.factory.support.DefaultListableBeanFactory - Returning cached instance of singleton bean 'autoConfigurationReport'
11:19:04.109 [main] DEBUG org.springframework.beans.factory.support.DefaultListableBeanFactory - Returning cached instance of singleton bean 'autoConfigurationReport'
11:19:04.109 [main] DEBUG org.springframework.beans.factory.support.DefaultListableBeanFactory - Returning cached instance of singleton bean 'autoConfigurationReport'
11:19:04.113 [main] DEBUG org.springframework.beans.factory.support.DefaultListableBeanFactory - Returning cached instance of singleton bean 'autoConfigurationReport'
11:19:04.120 [main] DEBUG org.springframework.beans.factory.support.DefaultListableBeanFactory - Returning cached instance of singleton bean 'autoConfigurationReport'
11:19:04.122 [main] DEBUG org.springframework.beans.factory.support.DefaultListableBeanFactory - Returning cached instance of singleton bean 'autoConfigurationReport'
11:19:04.126 [main] DEBUG org.springframework.beans.factory.support.DefaultListableBeanFactory - Returning cached instance of singleton bean 'autoConfigurationReport'
11:19:04.133 [main] DEBUG org.springframework.beans.factory.support.DefaultListableBeanFactory - Returning cached instance of singleton bean 'autoConfigurationReport'
11:19:04.139 [main] DEBUG org.springframework.beans.factory.support.DefaultListableBeanFactory - Returning cached instance of singleton bean 'autoConfigurationReport'
11:19:04.141 [main] DEBUG org.springframework.beans.factory.support.DefaultListableBeanFactory - Returning cached instance of singleton bean 'autoConfigurationReport'
11:19:04.142 [main] DEBUG org.springframework.beans.factory.support.DefaultListableBeanFactory - Returning cached instance of singleton bean 'autoConfigurationReport'
11:19:04.142 [main] DEBUG org.springframework.beans.factory.support.DefaultListableBeanFactory - Returning cached instance of singleton bean 'autoConfigurationReport'
11:19:04.144 [main] DEBUG org.springframework.beans.factory.support.DefaultListableBeanFactory - Returning cached instance of singleton bean 'autoConfigurationReport'
11:19:04.145 [main] DEBUG org.springframework.beans.factory.support.DefaultListableBeanFactory - Returning cached instance of singleton bean 'autoConfigurationReport'
11:19:04.146 [main] DEBUG org.springframework.beans.factory.support.DefaultListableBeanFactory - Returning cached instance of singleton bean 'autoConfigurationReport'
11:19:04.147 [main] DEBUG org.springframework.beans.factory.support.DefaultListableBeanFactory - Returning cached instance of singleton bean 'autoConfigurationReport'
11:19:04.147 [main] DEBUG org.springframework.beans.factory.support.DefaultListableBeanFactory - Returning cached instance of singleton bean 'autoConfigurationReport'
11:19:04.149 [main] DEBUG org.springframework.beans.factory.support.DefaultListableBeanFactory - Returning cached instance of singleton bean 'autoConfigurationReport'
11:19:04.152 [main] DEBUG org.springframework.beans.factory.support.DefaultListableBeanFactory - Returning cached instance of singleton bean 'autoConfigurationReport'
11:19:04.153 [main] DEBUG org.springframework.beans.factory.support.DefaultListableBeanFactory - Returning cached instance of singleton bean 'autoConfigurationReport'
11:19:04.156 [main] DEBUG org.springframework.beans.factory.support.DefaultListableBeanFactory - Returning cached instance of singleton bean 'autoConfigurationReport'
11:19:04.210 [main] DEBUG org.springframework.beans.factory.support.DefaultListableBeanFactory - Returning cached instance of singleton bean 'autoConfigurationReport'
11:19:04.214 [main] DEBUG org.springframework.beans.factory.support.DefaultListableBeanFactory - Returning cached instance of singleton bean 'autoConfigurationReport'
11:19:04.216 [main] DEBUG org.springframework.beans.factory.support.DefaultListableBeanFactory - Returning cached instance of singleton bean 'autoConfigurationReport'
11:19:04.221 [main] DEBUG org.springframework.beans.factory.support.DefaultListableBeanFactory - Returning cached instance of singleton bean 'autoConfigurationReport'
11:19:04.224 [main] DEBUG org.springframework.beans.factory.support.DefaultListableBeanFactory - Returning cached instance of singleton bean 'autoConfigurationReport'
11:19:04.229 [main] DEBUG org.springframework.beans.factory.support.DefaultListableBeanFactory - Returning cached instance of singleton bean 'autoConfigurationReport'
11:19:04.239 [main] DEBUG org.springframework.beans.factory.support.DefaultListableBeanFactory - Returning cached instance of singleton bean 'autoConfigurationReport'
11:19:04.242 [main] DEBUG org.springframework.beans.factory.support.DefaultListableBeanFactory - Returning cached instance of singleton bean 'autoConfigurationReport'
11:19:04.247 [main] DEBUG org.springframework.beans.factory.support.DefaultListableBeanFactory - Returning cached instance of singleton bean 'autoConfigurationReport'
11:19:04.249 [main] DEBUG org.springframework.beans.factory.support.DefaultListableBeanFactory - Returning cached instance of singleton bean 'autoConfigurationReport'
11:19:04.250 [main] DEBUG org.springframework.beans.factory.support.DefaultListableBeanFactory - Returning cached instance of singleton bean 'autoConfigurationReport'
11:19:04.250 [main] DEBUG org.springframework.beans.factory.support.DefaultListableBeanFactory - Returning cached instance of singleton bean 'autoConfigurationReport'
11:19:04.262 [main] DEBUG org.springframework.beans.factory.support.DefaultListableBeanFactory - Returning cached instance of singleton bean 'autoConfigurationReport'
11:19:04.263 [main] DEBUG org.springframework.beans.factory.support.DefaultListableBeanFactory - Returning cached instance of singleton bean 'autoConfigurationReport'
11:19:04.265 [main] DEBUG org.springframework.beans.factory.support.DefaultListableBeanFactory - Returning cached instance of singleton bean 'autoConfigurationReport'
11:19:04.267 [main] DEBUG org.springframework.beans.factory.support.DefaultListableBeanFactory - Returning cached instance of singleton bean 'autoConfigurationReport'
11:19:04.267 [main] DEBUG org.springframework.beans.factory.support.DefaultListableBeanFactory - Returning cached instance of singleton bean 'autoConfigurationReport'
11:19:04.271 [main] DEBUG org.springframework.beans.factory.support.DefaultListableBeanFactory - Returning cached instance of singleton bean 'autoConfigurationReport'
11:19:04.272 [main] DEBUG org.springframework.beans.factory.support.DefaultListableBeanFactory - Returning cached instance of singleton bean 'autoConfigurationReport'
11:19:04.277 [main] DEBUG org.springframework.beans.factory.support.DefaultListableBeanFactory - Returning cached instance of singleton bean 'autoConfigurationReport'
11:19:04.278 [main] DEBUG org.springframework.beans.factory.support.DefaultListableBeanFactory - Returning cached instance of singleton bean 'autoConfigurationReport'
11:19:04.278 [main] DEBUG org.springframework.beans.factory.support.DefaultListableBeanFactory - Returning cached instance of singleton bean 'autoConfigurationReport'
11:19:04.279 [main] DEBUG org.springframework.beans.factory.support.DefaultListableBeanFactory - Returning cached instance of singleton bean 'autoConfigurationReport'
11:19:04.280 [main] DEBUG org.springframework.beans.factory.support.DefaultListableBeanFactory - Returning cached instance of singleton bean 'autoConfigurationReport'
11:19:04.280 [main] DEBUG org.springframework.beans.factory.support.DefaultListableBeanFactory - Returning cached instance of singleton bean 'autoConfigurationReport'
11:19:04.281 [main] DEBUG org.springframework.beans.factory.support.DefaultListableBeanFactory - Returning cached instance of singleton bean 'autoConfigurationReport'
11:19:04.281 [main] DEBUG org.springframework.beans.factory.support.DefaultListableBeanFactory - Returning cached instance of singleton bean 'autoConfigurationReport'
11:19:04.281 [main] DEBUG org.springframework.beans.factory.support.DefaultListableBeanFactory - Returning cached instance of singleton bean 'autoConfigurationReport'
11:19:04.283 [main] DEBUG org.springframework.beans.factory.support.DefaultListableBeanFactory - Returning cached instance of singleton bean 'autoConfigurationReport'
11:19:04.286 [main] DEBUG org.springframework.beans.factory.support.DefaultListableBeanFactory - Returning cached instance of singleton bean 'autoConfigurationReport'
11:19:04.290 [main] DEBUG org.springframework.beans.factory.support.DefaultListableBeanFactory - Returning cached instance of singleton bean 'autoConfigurationReport'
11:19:04.291 [main] DEBUG org.springframework.beans.factory.support.DefaultListableBeanFactory - Returning cached instance of singleton bean 'autoConfigurationReport'
11:19:04.293 [main] DEBUG org.springframework.beans.factory.support.DefaultListableBeanFactory - Returning cached instance of singleton bean 'autoConfigurationReport'
11:19:04.296 [main] DEBUG org.springframework.beans.factory.support.DefaultListableBeanFactory - Returning cached instance of singleton bean 'autoConfigurationReport'
11:19:04.296 [main] DEBUG org.springframework.beans.factory.support.DefaultListableBeanFactory - Returning cached instance of singleton bean 'autoConfigurationReport'
11:19:04.303 [main] DEBUG org.springframework.beans.factory.support.DefaultListableBeanFactory - Returning cached instance of singleton bean 'autoConfigurationReport'
11:19:04.305 [main] DEBUG org.springframework.beans.factory.support.DefaultListableBeanFactory - Returning cached instance of singleton bean 'autoConfigurationReport'
11:19:04.306 [main] DEBUG org.springframework.beans.factory.support.DefaultListableBeanFactory - Returning cached instance of singleton bean 'autoConfigurationReport'
11:19:04.307 [main] DEBUG org.springframework.beans.factory.support.DefaultListableBeanFactory - Returning cached instance of singleton bean 'autoConfigurationReport'
11:19:04.308 [main] DEBUG org.springframework.beans.factory.support.DefaultListableBeanFactory - Returning cached instance of singleton bean 'autoConfigurationReport'
11:19:04.308 [main] DEBUG org.springframework.beans.factory.support.DefaultListableBeanFactory - Returning cached instance of singleton bean 'autoConfigurationReport'
11:19:04.309 [main] DEBUG org.springframework.beans.factory.support.DefaultListableBeanFactory - Returning cached instance of singleton bean 'autoConfigurationReport'
11:19:04.311 [main] DEBUG org.springframework.beans.factory.support.DefaultListableBeanFactory - Returning cached instance of singleton bean 'autoConfigurationReport'
11:19:04.312 [main] DEBUG org.springframework.beans.factory.support.DefaultListableBeanFactory - Returning cached instance of singleton bean 'autoConfigurationReport'
11:19:04.313 [main] DEBUG org.springframework.beans.factory.support.DefaultListableBeanFactory - Returning cached instance of singleton bean 'autoConfigurationReport'
11:19:04.313 [main] DEBUG org.springframework.beans.factory.support.DefaultListableBeanFactory - Returning cached instance of singleton bean 'autoConfigurationReport'
11:19:04.314 [main] DEBUG org.springframework.context.annotation.ConfigurationClassBeanDefinitionReader - Registered bean definition for imported class 'org.springframework.transaction.annotation.ProxyTransactionManagementConfiguration'
11:19:04.315 [main] DEBUG org.springframework.context.annotation.ConfigurationClassBeanDefinitionReader - Registering bean definition for @Bean method org.springframework.transaction.annotation.ProxyTransactionManagementConfiguration.org.springframework.transaction.config.internalTransactionAdvisor()
11:19:04.316 [main] DEBUG org.springframework.context.annotation.ConfigurationClassBeanDefinitionReader - Registering bean definition for @Bean method org.springframework.transaction.annotation.ProxyTransactionManagementConfiguration.transactionAttributeSource()
11:19:04.316 [main] DEBUG org.springframework.context.annotation.ConfigurationClassBeanDefinitionReader - Registering bean definition for @Bean method org.springframework.transaction.annotation.ProxyTransactionManagementConfiguration.transactionInterceptor()
11:19:04.318 [main] DEBUG org.springframework.context.annotation.ConfigurationClassBeanDefinitionReader - Registering bean definition for @Bean method org.springframework.transaction.annotation.ProxyTransactionManagementConfiguration.org.springframework.transaction.config.internalTransactionalEventListenerFactory()
11:19:04.319 [main] DEBUG org.springframework.context.annotation.ConfigurationClassBeanDefinitionReader - Registering bean definition for @Bean method org.reverside.bootcamp.ubereats.config.HibernateConfig.getDataSource()
11:19:04.320 [main] DEBUG org.springframework.context.annotation.ConfigurationClassBeanDefinitionReader - Registering bean definition for @Bean method org.reverside.bootcamp.ubereats.config.HibernateConfig.getSessionFactory()
11:19:04.321 [main] DEBUG org.springframework.context.annotation.ConfigurationClassBeanDefinitionReader - Registering bean definition for @Bean method org.reverside.bootcamp.ubereats.config.HibernateConfig.getTransactionManager()
11:19:04.322 [main] DEBUG org.springframework.context.annotation.ConfigurationClassBeanDefinitionReader - Registered bean definition for imported class 'org.springframework.boot.autoconfigure.context.PropertyPlaceholderAutoConfiguration'
11:19:04.323 [main] DEBUG org.springframework.beans.factory.support.DefaultListableBeanFactory - Creating shared instance of singleton bean 'org.springframework.boot.autoconfigure.condition.BeanTypeRegistry'
11:19:04.323 [main] DEBUG org.springframework.beans.factory.support.DefaultListableBeanFactory - Creating instance of bean 'org.springframework.boot.autoconfigure.condition.BeanTypeRegistry'
11:19:04.324 [main] DEBUG org.springframework.beans.factory.support.DefaultListableBeanFactory - Eagerly caching bean 'org.springframework.boot.autoconfigure.condition.BeanTypeRegistry' to allow for resolving potential circular references
11:19:04.325 [main] DEBUG org.springframework.beans.factory.support.DefaultListableBeanFactory - Finished creating instance of bean 'org.springframework.boot.autoconfigure.condition.BeanTypeRegistry'
11:19:04.326 [main] DEBUG org.springframework.beans.factory.support.DefaultListableBeanFactory - Returning cached instance of singleton bean 'autoConfigurationReport'
11:19:04.326 [main] DEBUG org.springframework.context.annotation.ConfigurationClassBeanDefinitionReader - Registering bean definition for @Bean method org.springframework.boot.autoconfigure.context.PropertyPlaceholderAutoConfiguration.propertySourcesPlaceholderConfigurer()
11:19:04.327 [main] DEBUG org.springframework.beans.factory.support.DefaultListableBeanFactory - Returning cached instance of singleton bean 'autoConfigurationReport'
11:19:04.327 [main] DEBUG org.springframework.beans.factory.support.DefaultListableBeanFactory - Returning cached instance of singleton bean 'autoConfigurationReport'
11:19:04.328 [main] DEBUG org.springframework.context.annotation.ConfigurationClassBeanDefinitionReader - Registered bean definition for imported class 'org.springframework.boot.autoconfigure.jackson.JacksonAutoConfiguration$Jackson2ObjectMapperBuilderCustomizerConfiguration'
11:19:04.328 [main] DEBUG org.springframework.context.annotation.ConfigurationClassBeanDefinitionReader - Registering bean definition for @Bean method org.springframework.boot.autoconfigure.jackson.JacksonAutoConfiguration$Jackson2ObjectMapperBuilderCustomizerConfiguration.standardJacksonObjectMapperBuilderCustomizer()
11:19:04.329 [main] DEBUG org.springframework.beans.factory.support.DefaultListableBeanFactory - Returning cached instance of singleton bean 'autoConfigurationReport'
11:19:04.329 [main] DEBUG org.springframework.context.annotation.ConfigurationClassBeanDefinitionReader - Registered bean definition for imported class 'org.springframework.boot.autoconfigure.jackson.JacksonAutoConfiguration$JacksonObjectMapperBuilderConfiguration'
11:19:04.330 [main] DEBUG org.springframework.beans.factory.support.DefaultListableBeanFactory - Returning cached instance of singleton bean 'org.springframework.boot.autoconfigure.condition.BeanTypeRegistry'
11:19:04.331 [main] DEBUG org.springframework.beans.factory.support.DefaultListableBeanFactory - Returning cached instance of singleton bean 'autoConfigurationReport'
11:19:04.332 [main] DEBUG org.springframework.context.annotation.ConfigurationClassBeanDefinitionReader - Registering bean definition for @Bean method org.springframework.boot.autoconfigure.jackson.JacksonAutoConfiguration$JacksonObjectMapperBuilderConfiguration.jacksonObjectMapperBuilder()
11:19:04.333 [main] DEBUG org.springframework.beans.factory.support.DefaultListableBeanFactory - Returning cached instance of singleton bean 'autoConfigurationReport'
11:19:04.333 [main] DEBUG org.springframework.context.annotation.ConfigurationClassBeanDefinitionReader - Registered bean definition for imported class 'org.springframework.boot.autoconfigure.jackson.JacksonAutoConfiguration$ParameterNamesModuleConfiguration'
11:19:04.334 [main] DEBUG org.springframework.beans.factory.support.DefaultListableBeanFactory - Returning cached instance of singleton bean 'org.springframework.boot.autoconfigure.condition.BeanTypeRegistry'
11:19:04.335 [main] DEBUG org.springframework.beans.factory.support.DefaultListableBeanFactory - Returning cached instance of singleton bean 'autoConfigurationReport'
11:19:04.335 [main] DEBUG org.springframework.context.annotation.ConfigurationClassBeanDefinitionReader - Registering bean definition for @Bean method org.springframework.boot.autoconfigure.jackson.JacksonAutoConfiguration$ParameterNamesModuleConfiguration.parameterNamesModule()
11:19:04.336 [main] DEBUG org.springframework.beans.factory.support.DefaultListableBeanFactory - Returning cached instance of singleton bean 'autoConfigurationReport'
11:19:04.336 [main] DEBUG org.springframework.context.annotation.ConfigurationClassBeanDefinitionReader - Registered bean definition for imported class 'org.springframework.boot.autoconfigure.jackson.JacksonAutoConfiguration$JacksonObjectMapperConfiguration'
11:19:04.336 [main] DEBUG org.springframework.beans.factory.support.DefaultListableBeanFactory - Returning cached instance of singleton bean 'org.springframework.boot.autoconfigure.condition.BeanTypeRegistry'
11:19:04.337 [main] DEBUG org.springframework.beans.factory.support.DefaultListableBeanFactory - Returning cached instance of singleton bean 'autoConfigurationReport'
11:19:04.337 [main] DEBUG org.springframework.context.annotation.ConfigurationClassBeanDefinitionReader - Registering bean definition for @Bean method org.springframework.boot.autoconfigure.jackson.JacksonAutoConfiguration$JacksonObjectMapperConfiguration.jacksonObjectMapper()
11:19:04.338 [main] DEBUG org.springframework.context.annotation.ConfigurationClassBeanDefinitionReader - Registered bean definition for imported class 'org.springframework.boot.autoconfigure.jackson.JacksonAutoConfiguration'
11:19:04.338 [main] DEBUG org.springframework.context.annotation.ConfigurationClassBeanDefinitionReader - Registering bean definition for @Bean method org.springframework.boot.autoconfigure.jackson.JacksonAutoConfiguration.jsonComponentModule()
11:19:04.339 [main] DEBUG org.springframework.beans.factory.support.DefaultListableBeanFactory - Returning cached instance of singleton bean 'autoConfigurationReport'
11:19:04.339 [main] DEBUG org.springframework.beans.factory.support.DefaultListableBeanFactory - Returning cached instance of singleton bean 'autoConfigurationReport'
11:19:04.339 [main] DEBUG org.springframework.context.annotation.ConfigurationClassBeanDefinitionReader - Registered bean definition for imported class 'org.springframework.boot.autoconfigure.http.codec.CodecsAutoConfiguration$JacksonCodecConfiguration'
11:19:04.340 [main] DEBUG org.springframework.beans.factory.support.DefaultListableBeanFactory - Returning cached instance of singleton bean 'org.springframework.boot.autoconfigure.condition.BeanTypeRegistry'
11:19:04.341 [main] DEBUG org.springframework.beans.factory.support.DefaultListableBeanFactory - Returning cached instance of singleton bean 'autoConfigurationReport'
11:19:04.341 [main] DEBUG org.springframework.context.annotation.ConfigurationClassBeanDefinitionReader - Registering bean definition for @Bean method org.springframework.boot.autoconfigure.http.codec.CodecsAutoConfiguration$JacksonCodecConfiguration.jacksonCodecCustomizer()
11:19:04.342 [main] DEBUG org.springframework.context.annotation.ConfigurationClassBeanDefinitionReader - Registered bean definition for imported class 'org.springframework.boot.autoconfigure.http.codec.CodecsAutoConfiguration'
11:19:04.342 [main] DEBUG org.springframework.beans.factory.support.DefaultListableBeanFactory - Returning cached instance of singleton bean 'autoConfigurationReport'
11:19:04.343 [main] DEBUG org.springframework.beans.factory.support.DefaultListableBeanFactory - Returning cached instance of singleton bean 'autoConfigurationReport'
11:19:04.343 [main] DEBUG org.springframework.context.annotation.ConfigurationClassBeanDefinitionReader - Registered bean definition for imported class 'org.springframework.boot.autoconfigure.validation.ValidationAutoConfiguration'
11:19:04.344 [main] DEBUG org.springframework.beans.factory.support.DefaultListableBeanFactory - Returning cached instance of singleton bean 'org.springframework.boot.autoconfigure.condition.BeanTypeRegistry'
11:19:04.344 [main] DEBUG org.springframework.beans.factory.support.DefaultListableBeanFactory - Returning cached instance of singleton bean 'autoConfigurationReport'
11:19:04.345 [main] DEBUG org.springframework.context.annotation.ConfigurationClassBeanDefinitionReader - Registering bean definition for @Bean method org.springframework.boot.autoconfigure.validation.ValidationAutoConfiguration.defaultValidator()
11:19:04.345 [main] DEBUG org.springframework.beans.factory.support.DefaultListableBeanFactory - Returning cached instance of singleton bean 'org.springframework.boot.autoconfigure.condition.BeanTypeRegistry'
11:19:04.346 [main] DEBUG org.springframework.beans.factory.support.DefaultListableBeanFactory - Returning cached instance of singleton bean 'autoConfigurationReport'
11:19:04.346 [main] DEBUG org.springframework.context.annotation.ConfigurationClassBeanDefinitionReader - Registering bean definition for @Bean method org.springframework.boot.autoconfigure.validation.ValidationAutoConfiguration.methodValidationPostProcessor()
11:19:04.347 [main] DEBUG org.springframework.beans.factory.support.DefaultListableBeanFactory - Returning cached instance of singleton bean 'autoConfigurationReport'
11:19:04.347 [main] DEBUG org.springframework.beans.factory.support.DefaultListableBeanFactory - Returning cached instance of singleton bean 'autoConfigurationReport'
11:19:04.347 [main] DEBUG org.springframework.context.annotation.ConfigurationClassBeanDefinitionReader - Registered bean definition for imported class 'org.springframework.boot.autoconfigure.transaction.jta.JtaAutoConfiguration'
11:19:04.348 [main] DEBUG org.springframework.beans.factory.support.DefaultListableBeanFactory - Returning cached instance of singleton bean 'autoConfigurationReport'
11:19:04.348 [main] DEBUG org.springframework.beans.factory.support.DefaultListableBeanFactory - Returning cached instance of singleton bean 'org.springframework.boot.autoconfigure.condition.BeanTypeRegistry'
11:19:04.349 [main] DEBUG org.springframework.beans.factory.support.DefaultListableBeanFactory - Returning cached instance of singleton bean 'autoConfigurationReport'
11:19:04.349 [main] DEBUG org.springframework.beans.factory.support.DefaultListableBeanFactory - Returning cached instance of singleton bean 'autoConfigurationReport'
11:19:04.350 [main] DEBUG org.springframework.beans.factory.support.DefaultListableBeanFactory - Returning cached instance of singleton bean 'org.springframework.boot.autoconfigure.condition.BeanTypeRegistry'
11:19:04.350 [main] DEBUG org.springframework.beans.factory.support.DefaultListableBeanFactory - Returning cached instance of singleton bean 'org.springframework.boot.autoconfigure.condition.BeanTypeRegistry'
11:19:04.350 [main] DEBUG org.springframework.beans.factory.support.DefaultListableBeanFactory - Returning cached instance of singleton bean 'autoConfigurationReport'
11:19:04.352 [main] DEBUG org.springframework.beans.factory.support.DefaultListableBeanFactory - Returning cached instance of singleton bean 'autoConfigurationReport'
11:19:04.353 [main] DEBUG org.springframework.context.annotation.ConfigurationClassBeanDefinitionReader - Registered bean definition for imported class 'org.springframework.boot.autoconfigure.jdbc.metadata.DataSourcePoolMetadataProvidersConfiguration$CommonsDbcp2PoolDataSourceMetadataProviderConfiguration'
11:19:04.353 [main] DEBUG org.springframework.context.annotation.ConfigurationClassBeanDefinitionReader - Registering bean definition for @Bean method org.springframework.boot.autoconfigure.jdbc.metadata.DataSourcePoolMetadataProvidersConfiguration$CommonsDbcp2PoolDataSourceMetadataProviderConfiguration.commonsDbcp2PoolDataSourceMetadataProvider()
11:19:04.354 [main] DEBUG org.springframework.beans.factory.support.DefaultListableBeanFactory - Returning cached instance of singleton bean 'autoConfigurationReport'
11:19:04.354 [main] DEBUG org.springframework.context.annotation.ConfigurationClassBeanDefinitionReader - Registered bean definition for imported class 'org.springframework.boot.autoconfigure.jdbc.metadata.DataSourcePoolMetadataProvidersConfiguration$HikariPoolDataSourceMetadataProviderConfiguration'
11:19:04.355 [main] DEBUG org.springframework.context.annotation.ConfigurationClassBeanDefinitionReader - Registering bean definition for @Bean method org.springframework.boot.autoconfigure.jdbc.metadata.DataSourcePoolMetadataProvidersConfiguration$HikariPoolDataSourceMetadataProviderConfiguration.hikariPoolDataSourceMetadataProvider()
11:19:04.355 [main] DEBUG org.springframework.context.annotation.ConfigurationClassBeanDefinitionReader - Registered bean definition for imported class 'org.springframework.boot.autoconfigure.jdbc.metadata.DataSourcePoolMetadataProvidersConfiguration'
11:19:04.355 [main] DEBUG org.springframework.context.annotation.ConfigurationClassBeanDefinitionReader - Registered bean definition for imported class 'org.springframework.boot.autoconfigure.jdbc.DataSourceInitializerInvoker'
11:19:04.356 [main] DEBUG org.springframework.context.annotation.ConfigurationClassBeanDefinitionReader - Registered bean definition for imported class 'org.springframework.boot.autoconfigure.jdbc.DataSourceInitializationConfiguration'
11:19:04.356 [main] DEBUG org.springframework.context.annotation.ConfigurationClassBeanDefinitionReader - Registered bean definition for imported class 'org.springframework.boot.autoconfigure.jdbc.DataSourceAutoConfiguration'
11:19:04.357 [main] DEBUG org.springframework.beans.factory.support.DefaultListableBeanFactory - Returning cached instance of singleton bean 'autoConfigurationReport'
11:19:04.357 [main] DEBUG org.springframework.beans.factory.support.DefaultListableBeanFactory - Returning cached instance of singleton bean 'org.springframework.boot.autoconfigure.condition.BeanTypeRegistry'
11:19:04.358 [main] DEBUG org.springframework.beans.factory.support.DefaultListableBeanFactory - Returning cached instance of singleton bean 'autoConfigurationReport'
11:19:04.359 [main] DEBUG org.springframework.context.annotation.ConfigurationClassBeanDefinitionReader - Registered bean definition for imported class 'org.springframework.boot.autoconfigure.jdbc.JdbcTemplateAutoConfiguration$JdbcTemplateConfiguration'
11:19:04.359 [main] DEBUG org.springframework.beans.factory.support.DefaultListableBeanFactory - Returning cached instance of singleton bean 'org.springframework.boot.autoconfigure.condition.BeanTypeRegistry'
11:19:04.360 [main] DEBUG org.springframework.beans.factory.support.DefaultListableBeanFactory - Returning cached instance of singleton bean 'autoConfigurationReport'
11:19:04.360 [main] DEBUG org.springframework.context.annotation.ConfigurationClassBeanDefinitionReader - Registering bean definition for @Bean method org.springframework.boot.autoconfigure.jdbc.JdbcTemplateAutoConfiguration$JdbcTemplateConfiguration.jdbcTemplate()
11:19:04.360 [main] DEBUG org.springframework.context.annotation.ConfigurationClassBeanDefinitionReader - Registered bean definition for imported class 'org.springframework.boot.autoconfigure.jdbc.JdbcTemplateAutoConfiguration$NamedParameterJdbcTemplateConfiguration'
11:19:04.362 [main] DEBUG org.springframework.beans.factory.support.DefaultListableBeanFactory - Returning cached instance of singleton bean 'org.springframework.boot.autoconfigure.condition.BeanTypeRegistry'
11:19:04.362 [main] DEBUG org.springframework.beans.factory.support.DefaultListableBeanFactory - Returning cached instance of singleton bean 'org.springframework.boot.autoconfigure.condition.BeanTypeRegistry'
11:19:04.363 [main] DEBUG org.springframework.beans.factory.support.DefaultListableBeanFactory - Returning cached instance of singleton bean 'autoConfigurationReport'
11:19:04.363 [main] DEBUG org.springframework.beans.factory.support.DefaultListableBeanFactory - Returning cached instance of singleton bean 'org.springframework.boot.autoconfigure.condition.BeanTypeRegistry'
11:19:04.363 [main] DEBUG org.springframework.beans.factory.support.DefaultListableBeanFactory - Returning cached instance of singleton bean 'org.springframework.boot.autoconfigure.condition.BeanTypeRegistry'
11:19:04.364 [main] DEBUG org.springframework.beans.factory.support.DefaultListableBeanFactory - Returning cached instance of singleton bean 'autoConfigurationReport'
11:19:04.365 [main] DEBUG org.springframework.context.annotation.ConfigurationClassBeanDefinitionReader - Registering bean definition for @Bean method org.springframework.boot.autoconfigure.jdbc.JdbcTemplateAutoConfiguration$NamedParameterJdbcTemplateConfiguration.namedParameterJdbcTemplate()
11:19:04.366 [main] DEBUG org.springframework.context.annotation.ConfigurationClassBeanDefinitionReader - Registered bean definition for imported class 'org.springframework.boot.autoconfigure.jdbc.JdbcTemplateAutoConfiguration'
11:19:04.366 [main] DEBUG org.springframework.beans.factory.support.DefaultListableBeanFactory - Returning cached instance of singleton bean 'autoConfigurationReport'
11:19:04.367 [main] DEBUG org.springframework.beans.factory.support.DefaultListableBeanFactory - Returning cached instance of singleton bean 'autoConfigurationReport'
11:19:04.367 [main] DEBUG org.springframework.context.annotation.ConfigurationClassBeanDefinitionReader - Registered bean definition for imported class 'org.springframework.boot.autoconfigure.jmx.JmxAutoConfiguration'
11:19:04.367 [main] DEBUG org.springframework.beans.factory.support.DefaultListableBeanFactory - Returning cached instance of singleton bean 'org.springframework.boot.autoconfigure.condition.BeanTypeRegistry'
11:19:04.368 [main] DEBUG org.springframework.beans.factory.support.DefaultListableBeanFactory - Returning cached instance of singleton bean 'autoConfigurationReport'
11:19:04.369 [main] DEBUG org.springframework.context.annotation.ConfigurationClassBeanDefinitionReader - Registering bean definition for @Bean method org.springframework.boot.autoconfigure.jmx.JmxAutoConfiguration.mbeanExporter()
11:19:04.369 [main] DEBUG org.springframework.beans.factory.support.DefaultListableBeanFactory - Returning cached instance of singleton bean 'org.springframework.boot.autoconfigure.condition.BeanTypeRegistry'
11:19:04.373 [main] DEBUG org.springframework.beans.factory.support.DefaultListableBeanFactory - Returning cached instance of singleton bean 'autoConfigurationReport'
11:19:04.373 [main] DEBUG org.springframework.context.annotation.ConfigurationClassBeanDefinitionReader - Registering bean definition for @Bean method org.springframework.boot.autoconfigure.jmx.JmxAutoConfiguration.objectNamingStrategy()
11:19:04.373 [main] DEBUG org.springframework.beans.factory.support.DefaultListableBeanFactory - Returning cached instance of singleton bean 'org.springframework.boot.autoconfigure.condition.BeanTypeRegistry'
11:19:04.374 [main] DEBUG org.springframework.beans.factory.support.DefaultListableBeanFactory - Returning cached instance of singleton bean 'autoConfigurationReport'
11:19:04.375 [main] DEBUG org.springframework.context.annotation.ConfigurationClassBeanDefinitionReader - Registering bean definition for @Bean method org.springframework.boot.autoconfigure.jmx.JmxAutoConfiguration.mbeanServer()
11:19:04.375 [main] DEBUG org.springframework.beans.factory.support.DefaultListableBeanFactory - Returning cached instance of singleton bean 'autoConfigurationReport'
11:19:04.376 [main] DEBUG org.springframework.beans.factory.support.DefaultListableBeanFactory - Returning cached instance of singleton bean 'autoConfigurationReport'
11:19:04.376 [main] DEBUG org.springframework.beans.factory.support.DefaultListableBeanFactory - Returning cached instance of singleton bean 'autoConfigurationReport'
11:19:04.376 [main] DEBUG org.springframework.context.annotation.ConfigurationClassBeanDefinitionReader - Registered bean definition for imported class 'org.springframework.boot.autoconfigure.aop.AopAutoConfiguration$CglibAutoProxyConfiguration'
11:19:04.377 [main] DEBUG org.springframework.context.annotation.ConfigurationClassBeanDefinitionReader - Registered bean definition for imported class 'org.springframework.boot.autoconfigure.aop.AopAutoConfiguration'
11:19:04.377 [main] DEBUG org.springframework.beans.factory.support.DefaultListableBeanFactory - Returning cached instance of singleton bean 'autoConfigurationReport'
11:19:04.377 [main] DEBUG org.springframework.beans.factory.support.DefaultListableBeanFactory - Returning cached instance of singleton bean 'org.springframework.boot.autoconfigure.condition.BeanTypeRegistry'
11:19:04.378 [main] DEBUG org.springframework.beans.factory.support.DefaultListableBeanFactory - Returning cached instance of singleton bean 'autoConfigurationReport'
11:19:04.378 [main] DEBUG org.springframework.beans.factory.support.DefaultListableBeanFactory - Returning cached instance of singleton bean 'autoConfigurationReport'
11:19:04.379 [main] DEBUG org.springframework.beans.factory.support.DefaultListableBeanFactory - Returning cached instance of singleton bean 'autoConfigurationReport'
11:19:04.379 [main] DEBUG org.springframework.beans.factory.support.DefaultListableBeanFactory - Returning cached instance of singleton bean 'org.springframework.boot.autoconfigure.condition.BeanTypeRegistry'
11:19:04.379 [main] DEBUG org.springframework.beans.factory.support.DefaultListableBeanFactory - Returning cached instance of singleton bean 'autoConfigurationReport'
11:19:04.379 [main] DEBUG org.springframework.context.annotation.ConfigurationClassBeanDefinitionReader - Registered bean definition for imported class 'org.springframework.boot.autoconfigure.orm.jpa.HibernateJpaConfiguration'
11:19:04.379 [main] DEBUG org.springframework.beans.factory.support.DefaultListableBeanFactory - Returning cached instance of singleton bean 'org.springframework.boot.autoconfigure.condition.BeanTypeRegistry'
11:19:04.390 [main] DEBUG org.springframework.beans.factory.support.DefaultListableBeanFactory - Returning cached instance of singleton bean 'autoConfigurationReport'
11:19:04.391 [main] DEBUG org.springframework.beans.factory.support.DefaultListableBeanFactory - Returning cached instance of singleton bean 'org.springframework.boot.autoconfigure.condition.BeanTypeRegistry'
11:19:04.391 [main] DEBUG org.springframework.beans.factory.support.DefaultListableBeanFactory - Returning cached instance of singleton bean 'autoConfigurationReport'
11:19:04.391 [main] DEBUG org.springframework.context.annotation.ConfigurationClassBeanDefinitionReader - Registering bean definition for @Bean method org.springframework.boot.autoconfigure.orm.jpa.HibernateJpaConfiguration.jpaVendorAdapter()
11:19:04.392 [main] DEBUG org.springframework.beans.factory.support.DefaultListableBeanFactory - Returning cached instance of singleton bean 'org.springframework.boot.autoconfigure.condition.BeanTypeRegistry'
11:19:04.392 [main] DEBUG org.springframework.beans.factory.support.DefaultListableBeanFactory - Returning cached instance of singleton bean 'autoConfigurationReport'
11:19:04.393 [main] DEBUG org.springframework.context.annotation.ConfigurationClassBeanDefinitionReader - Registering bean definition for @Bean method org.springframework.boot.autoconfigure.orm.jpa.HibernateJpaConfiguration.entityManagerFactoryBuilder()
11:19:04.394 [main] DEBUG org.springframework.beans.factory.support.DefaultListableBeanFactory - Returning cached instance of singleton bean 'org.springframework.boot.autoconfigure.condition.BeanTypeRegistry'
11:19:04.395 [main] DEBUG org.springframework.beans.factory.support.DefaultListableBeanFactory - Returning cached instance of singleton bean 'org.springframework.boot.autoconfigure.condition.BeanTypeRegistry'
11:19:04.395 [main] DEBUG org.springframework.beans.factory.support.DefaultListableBeanFactory - Returning cached instance of singleton bean 'autoConfigurationReport'
11:19:04.395 [main] DEBUG org.springframework.context.annotation.ConfigurationClassBeanDefinitionReader - Registered bean definition for imported class 'org.springframework.boot.autoconfigure.orm.jpa.HibernateJpaAutoConfiguration'
11:19:04.396 [main] DEBUG org.springframework.context.annotation.ConfigurationClassBeanDefinitionReader - Registered bean definition for imported class 'org.springframework.boot.autoconfigure.context.ConfigurationPropertiesAutoConfiguration'
11:19:04.396 [main] DEBUG org.springframework.beans.factory.support.DefaultListableBeanFactory - Returning cached instance of singleton bean 'autoConfigurationReport'
11:19:04.396 [main] DEBUG org.springframework.context.annotation.ConfigurationClassBeanDefinitionReader - Registered bean definition for imported class 'org.springframework.boot.autoconfigure.dao.PersistenceExceptionTranslationAutoConfiguration'
11:19:04.397 [main] DEBUG org.springframework.beans.factory.support.DefaultListableBeanFactory - Returning cached instance of singleton bean 'autoConfigurationReport'
11:19:04.397 [main] DEBUG org.springframework.beans.factory.support.DefaultListableBeanFactory - Returning cached instance of singleton bean 'org.springframework.boot.autoconfigure.condition.BeanTypeRegistry'
11:19:04.397 [main] DEBUG org.springframework.beans.factory.support.DefaultListableBeanFactory - Returning cached instance of singleton bean 'autoConfigurationReport'
11:19:04.398 [main] DEBUG org.springframework.context.annotation.ConfigurationClassBeanDefinitionReader - Registering bean definition for @Bean method org.springframework.boot.autoconfigure.dao.PersistenceExceptionTranslationAutoConfiguration.persistenceExceptionTranslationPostProcessor()
11:19:04.398 [main] DEBUG org.springframework.beans.factory.support.DefaultListableBeanFactory - Returning cached instance of singleton bean 'autoConfigurationReport'
11:19:04.399 [main] DEBUG org.springframework.beans.factory.support.DefaultListableBeanFactory - Returning cached instance of singleton bean 'autoConfigurationReport'
11:19:04.399 [main] DEBUG org.springframework.beans.factory.support.DefaultListableBeanFactory - Returning cached instance of singleton bean 'org.springframework.boot.autoconfigure.condition.BeanTypeRegistry'
11:19:04.400 [main] DEBUG org.springframework.beans.factory.support.DefaultListableBeanFactory - Returning cached instance of singleton bean 'org.springframework.boot.autoconfigure.condition.BeanTypeRegistry'
11:19:04.400 [main] DEBUG org.springframework.beans.factory.support.DefaultListableBeanFactory - Returning cached instance of singleton bean 'org.springframework.boot.autoconfigure.condition.BeanTypeRegistry'
11:19:04.400 [main] DEBUG org.springframework.beans.factory.support.DefaultListableBeanFactory - Returning cached instance of singleton bean 'autoConfigurationReport'
11:19:04.400 [main] DEBUG org.springframework.beans.factory.support.DefaultListableBeanFactory - Returning cached instance of singleton bean 'org.springframework.boot.autoconfigure.condition.BeanTypeRegistry'
11:19:04.401 [main] DEBUG org.springframework.beans.factory.support.DefaultListableBeanFactory - Returning cached instance of singleton bean 'org.springframework.boot.autoconfigure.condition.BeanTypeRegistry'
11:19:04.401 [main] DEBUG org.springframework.beans.factory.support.DefaultListableBeanFactory - Returning cached instance of singleton bean 'org.springframework.boot.autoconfigure.condition.BeanTypeRegistry'
11:19:04.401 [main] DEBUG org.springframework.beans.factory.support.DefaultListableBeanFactory - Returning cached instance of singleton bean 'autoConfigurationReport'
11:19:04.401 [main] DEBUG org.springframework.context.annotation.ConfigurationClassBeanDefinitionReader - Registered bean definition for imported class 'org.springframework.boot.autoconfigure.data.jpa.JpaRepositoriesAutoConfiguration'
11:19:04.402 [main] DEBUG org.springframework.core.env.StandardEnvironment - Adding PropertySource 'systemProperties' with lowest search precedence
11:19:04.402 [main] DEBUG org.springframework.core.env.StandardEnvironment - Adding PropertySource 'systemEnvironment' with lowest search precedence
11:19:04.403 [main] DEBUG org.springframework.core.env.StandardEnvironment - Initialized StandardEnvironment with PropertySources [MapPropertySource@700171153 {name='systemProperties', properties={java.runtime.name=Java(TM) SE Runtime Environment, sun.boot.library.path=C:\Program Files\Java\jdk1.8.0_101\jre\bin, java.vm.version=25.101-b13, java.vm.vendor=Oracle Corporation, java.vendor.url=http://java.oracle.com/, path.separator=;, java.vm.name=Java HotSpot(TM) 64-Bit Server VM, file.encoding.pkg=sun.io, user.country=US, user.script=, sun.java.launcher=SUN_STANDARD, sun.os.patch.level=, java.vm.specification.name=Java Virtual Machine Specification, user.dir=C:\Users\User\eclipse-workspace\ubereats, java.runtime.version=1.8.0_101-b13, basedir=C:\Users\User\eclipse-workspace\ubereats, java.awt.graphicsenv=sun.awt.Win32GraphicsEnvironment, java.endorsed.dirs=C:\Program Files\Java\jdk1.8.0_101\jre\lib\endorsed, os.arch=amd64, surefire.real.class.path=C:\Users\User\AppData\Local\Temp\surefire411137058472474102\surefirebooter4073495440638963479.jar, java.io.tmpdir=C:\Users\User\AppData\Local\Temp\, line.separator=
, java.vm.specification.vendor=Oracle Corporation, user.variant=, os.name=Windows 10, sun.jnu.encoding=Cp1252, java.library.path=C:\Program Files\Java\jdk1.8.0_101\jre\bin;C:\WINDOWS\Sun\Java\bin;C:\WINDOWS\system32;C:\WINDOWS;C:/Program Files/Java/jre1.8.0_101/bin/server;C:/Program Files/Java/jre1.8.0_101/bin;C:/Program Files/Java/jre1.8.0_101/lib/amd64;C:\Program Files\Microsoft MPI\Bin\;C:\ProgramData\Oracle\Java\javapath;C:\Program Files (x86)\Intel\iCLS Client\;C:\Program Files\Intel\iCLS Client\;C:\WINDOWS\system32;C:\WINDOWS;C:\WINDOWS\System32\Wbem;C:\WINDOWS\System32\WindowsPowerShell\v1.0\;C:\Program Files (x86)\Intel\OpenCL SDK\2.0\bin\x86;C:\Program Files (x86)\Intel\OpenCL SDK\2.0\bin\x64;C:\Program Files (x86)\Intel\Intel(R) Management Engine Components\DAL;C:\Program Files\Intel\Intel(R) Management Engine Components\DAL;C:\Program Files (x86)\Intel\Intel(R) Management Engine Components\IPT;C:\Program Files\Intel\Intel(R) Management Engine Components\IPT;C:\Program Files\Microsoft SQL Server\Client SDK\ODBC\130\Tools\Binn\;C:\Program Files (x86)\Microsoft SQL Server\130\Tools\Binn\;C:\Program Files\Microsoft SQL Server\130\Tools\Binn\;C:\Program Files\Microsoft SQL Server\130\DTS\Binn\;C:\WINDOWS\system32\config\systemprofile\.dnx\bin;C:\Program Files\Microsoft DNX\Dnvm\;C:\Program Files\Microsoft SQL Server\120\Tools\Binn\;C:\Program Files (x86)\Microsoft SQL Server\130\DTS\Binn\;C:\Program Files (x86)\Microsoft SQL Server\Client SDK\ODBC\130\Tools\Binn\;C:\Program Files (x86)\Microsoft SQL Server\140\Tools\Binn\;C:\Program Files (x86)\Microsoft SQL Server\140\DTS\Binn\;C:\Program Files (x86)\Microsoft SQL Server\140\Tools\Binn\ManagementStudio\;C:\Program Files\nodejs\;C:\Users\User\AppData\Local\Microsoft\WindowsApps;C:\Users\User\AppData\Roaming\npm;C:\Users\User\Downloads\Compressed\apache-maven-3.5.2-bin\bin;;C:\Users\User\Desktop;;., surefire.test.class.path=C:\Users\User\eclipse-workspace\ubereats\target\test-classes;C:\Users\User\eclipse-workspace\ubereats\target\classes;C:\Users\User\.m2\repository\org\springframework\boot\spring-boot-starter-tomcat\2.0.0.RELEASE\spring-boot-starter-tomcat-2.0.0.RELEASE.jar;C:\Users\User\.m2\repository\javax\annotation\javax.annotation-api\1.3.2\javax.annotation-api-1.3.2.jar;C:\Users\User\.m2\repository\org\apache\tomcat\embed\tomcat-embed-core\8.5.28\tomcat-embed-core-8.5.28.jar;C:\Users\User\.m2\repository\org\apache\tomcat\embed\tomcat-embed-el\8.5.28\tomcat-embed-el-8.5.28.jar;C:\Users\User\.m2\repository\org\apache\tomcat\embed\tomcat-embed-websocket\8.5.28\tomcat-embed-websocket-8.5.28.jar;C:\Users\User\.m2\repository\junit\junit\4.12\junit-4.12.jar;C:\Users\User\.m2\repository\org\hamcrest\hamcrest-core\1.3\hamcrest-core-1.3.jar;C:\Users\User\.m2\repository\org\springframework\boot\spring-boot-starter-web\2.0.0.RELEASE\spring-boot-starter-web-2.0.0.RELEASE.jar;C:\Users\User\.m2\repository\org\springframework\boot\spring-boot-starter\2.0.0.RELEASE\spring-boot-starter-2.0.0.RELEASE.jar;C:\Users\User\.m2\repository\org\springframework\boot\spring-boot-starter-logging\2.0.0.RELEASE\spring-boot-starter-logging-2.0.0.RELEASE.jar;C:\Users\User\.m2\repository\ch\qos\logback\logback-classic\1.2.3\logback-classic-1.2.3.jar;C:\Users\User\.m2\repository\ch\qos\logback\logback-core\1.2.3\logback-core-1.2.3.jar;C:\Users\User\.m2\repository\org\apache\logging\log4j\log4j-to-slf4j\2.10.0\log4j-to-slf4j-2.10.0.jar;C:\Users\User\.m2\repository\org\apache\logging\log4j\log4j-api\2.10.0\log4j-api-2.10.0.jar;C:\Users\User\.m2\repository\org\slf4j\jul-to-slf4j\1.7.25\jul-to-slf4j-1.7.25.jar;C:\Users\User\.m2\repository\org\yaml\snakeyaml\1.19\snakeyaml-1.19.jar;C:\Users\User\.m2\repository\org\springframework\boot\spring-boot-starter-json\2.0.0.RELEASE\spring-boot-starter-json-2.0.0.RELEASE.jar;C:\Users\User\.m2\repository\com\fasterxml\jackson\datatype\jackson-datatype-jdk8\2.9.4\jackson-datatype-jdk8-2.9.4.jar;C:\Users\User\.m2\repository\com\fasterxml\jackson\datatype\jackson-datatype-jsr310\2.9.4\jackson-datatype-jsr310-2.9.4.jar;C:\Users\User\.m2\repository\com\fasterxml\jackson\module\jackson-module-parameter-names\2.9.4\jackson-module-parameter-names-2.9.4.jar;C:\Users\User\.m2\repository\org\hibernate\validator\hibernate-validator\6.0.7.Final\hibernate-validator-6.0.7.Final.jar;C:\Users\User\.m2\repository\javax\validation\validation-api\2.0.1.Final\validation-api-2.0.1.Final.jar;C:\Users\User\.m2\repository\org\springframework\spring-web\5.0.4.RELEASE\spring-web-5.0.4.RELEASE.jar;C:\Users\User\.m2\repository\org\springframework\spring-webmvc\5.0.4.RELEASE\spring-webmvc-5.0.4.RELEASE.jar;C:\Users\User\.m2\repository\org\springframework\spring-aop\5.0.4.RELEASE\spring-aop-5.0.4.RELEASE.jar;C:\Users\User\.m2\repository\org\springframework\spring-context\5.0.4.RELEASE\spring-context-5.0.4.RELEASE.jar;C:\Users\User\.m2\repository\org\springframework\spring-expression\5.0.4.RELEASE\spring-expression-5.0.4.RELEASE.jar;C:\Users\User\.m2\repository\org\springframework\boot\spring-boot-starter-data-jpa\2.0.0.RELEASE\spring-boot-starter-data-jpa-2.0.0.RELEASE.jar;C:\Users\User\.m2\repository\org\springframework\boot\spring-boot-starter-aop\2.0.0.RELEASE\spring-boot-starter-aop-2.0.0.RELEASE.jar;C:\Users\User\.m2\repository\org\aspectj\aspectjweaver\1.8.13\aspectjweaver-1.8.13.jar;C:\Users\User\.m2\repository\org\springframework\boot\spring-boot-starter-jdbc\2.0.0.RELEASE\spring-boot-starter-jdbc-2.0.0.RELEASE.jar;C:\Users\User\.m2\repository\com\zaxxer\HikariCP\2.7.8\HikariCP-2.7.8.jar;C:\Users\User\.m2\repository\javax\transaction\javax.transaction-api\1.2\javax.transaction-api-1.2.jar;C:\Users\User\.m2\repository\org\springframework\data\spring-data-jpa\2.0.5.RELEASE\spring-data-jpa-2.0.5.RELEASE.jar;C:\Users\User\.m2\repository\org\springframework\data\spring-data-commons\2.0.5.RELEASE\spring-data-commons-2.0.5.RELEASE.jar;C:\Users\User\.m2\repository\org\slf4j\slf4j-api\1.7.25\slf4j-api-1.7.25.jar;C:\Users\User\.m2\repository\org\springframework\spring-aspects\5.0.4.RELEASE\spring-aspects-5.0.4.RELEASE.jar;C:\Users\User\.m2\repository\mysql\mysql-connector-java\5.1.45\mysql-connector-java-5.1.45.jar;C:\Users\User\.m2\repository\org\springframework\boot\spring-boot-starter-test\2.0.0.RELEASE\spring-boot-starter-test-2.0.0.RELEASE.jar;C:\Users\User\.m2\repository\org\springframework\boot\spring-boot-test\2.0.0.RELEASE\spring-boot-test-2.0.0.RELEASE.jar;C:\Users\User\.m2\repository\org\springframework\boot\spring-boot-test-autoconfigure\2.0.0.RELEASE\spring-boot-test-autoconfigure-2.0.0.RELEASE.jar;C:\Users\User\.m2\repository\com\jayway\jsonpath\json-path\2.4.0\json-path-2.4.0.jar;C:\Users\User\.m2\repository\net\minidev\json-smart\2.3\json-smart-2.3.jar;C:\Users\User\.m2\repository\net\minidev\accessors-smart\1.2\accessors-smart-1.2.jar;C:\Users\User\.m2\repository\org\assertj\assertj-core\3.9.1\assertj-core-3.9.1.jar;C:\Users\User\.m2\repository\org\mockito\mockito-core\2.15.0\mockito-core-2.15.0.jar;C:\Users\User\.m2\repository\net\bytebuddy\byte-buddy\1.7.10\byte-buddy-1.7.10.jar;C:\Users\User\.m2\repository\net\bytebuddy\byte-buddy-agent\1.7.10\byte-buddy-agent-1.7.10.jar;C:\Users\User\.m2\repository\org\objenesis\objenesis\2.6\objenesis-2.6.jar;C:\Users\User\.m2\repository\org\hamcrest\hamcrest-library\1.3\hamcrest-library-1.3.jar;C:\Users\User\.m2\repository\org\skyscreamer\jsonassert\1.5.0\jsonassert-1.5.0.jar;C:\Users\User\.m2\repository\com\vaadin\external\google\android-json\0.0.20131108.vaadin1\android-json-0.0.20131108.vaadin1.jar;C:\Users\User\.m2\repository\org\springframework\spring-core\5.0.4.RELEASE\spring-core-5.0.4.RELEASE.jar;C:\Users\User\.m2\repository\org\springframework\spring-jcl\5.0.4.RELEASE\spring-jcl-5.0.4.RELEASE.jar;C:\Users\User\.m2\repository\org\springframework\spring-test\5.0.4.RELEASE\spring-test-5.0.4.RELEASE.jar;C:\Users\User\.m2\repository\org\xmlunit\xmlunit-core\2.5.1\xmlunit-core-2.5.1.jar;C:\Users\User\.m2\repository\org\springframework\boot\spring-boot-devtools\2.0.0.RELEASE\spring-boot-devtools-2.0.0.RELEASE.jar;C:\Users\User\.m2\repository\org\springframework\boot\spring-boot\2.0.0.RELEASE\spring-boot-2.0.0.RELEASE.jar;C:\Users\User\.m2\repository\org\springframework\boot\spring-boot-autoconfigure\2.0.0.RELEASE\spring-boot-autoconfigure-2.0.0.RELEASE.jar;C:\Users\User\.m2\repository\com\h2database\h2\1.4.196\h2-1.4.196.jar;C:\Users\User\.m2\repository\org\hibernate\hibernate-core\5.2.14.Final\hibernate-core-5.2.14.Final.jar;C:\Users\User\.m2\repository\org\jboss\logging\jboss-logging\3.3.2.Final\jboss-logging-3.3.2.Final.jar;C:\Users\User\.m2\repository\org\hibernate\javax\persistence\hibernate-jpa-2.1-api\1.0.0.Final\hibernate-jpa-2.1-api-1.0.0.Final.jar;C:\Users\User\.m2\repository\org\javassist\javassist\3.22.0-GA\javassist-3.22.0-GA.jar;C:\Users\User\.m2\repository\antlr\antlr\2.7.7\antlr-2.7.7.jar;C:\Users\User\.m2\repository\org\jboss\spec\javax\transaction\jboss-transaction-api_1.2_spec\1.0.1.Final\jboss-transaction-api_1.2_spec-1.0.1.Final.jar;C:\Users\User\.m2\repository\org\jboss\jandex\2.0.3.Final\jandex-2.0.3.Final.jar;C:\Users\User\.m2\repository\com\fasterxml\classmate\1.3.4\classmate-1.3.4.jar;C:\Users\User\.m2\repository\dom4j\dom4j\1.6.1\dom4j-1.6.1.jar;C:\Users\User\.m2\repository\org\hibernate\common\hibernate-commons-annotations\5.0.1.Final\hibernate-commons-annotations-5.0.1.Final.jar;C:\Users\User\.m2\repository\org\springframework\spring-orm\5.0.4.RELEASE\spring-orm-5.0.4.RELEASE.jar;C:\Users\User\.m2\repository\org\springframework\spring-beans\5.0.4.RELEASE\spring-beans-5.0.4.RELEASE.jar;C:\Users\User\.m2\repository\org\springframework\spring-jdbc\5.0.4.RELEASE\spring-jdbc-5.0.4.RELEASE.jar;C:\Users\User\.m2\repository\org\springframework\spring-tx\5.0.4.RELEASE\spring-tx-5.0.4.RELEASE.jar;C:\Users\User\.m2\repository\org\apache\commons\commons-dbcp2\2.2.0\commons-dbcp2-2.2.0.jar;C:\Users\User\.m2\repository\org\apache\commons\commons-pool2\2.5.0\commons-pool2-2.5.0.jar;C:\Users\User\.m2\repository\org\apache\maven\plugins\maven-compiler-plugin\3.7.0\maven-compiler-plugin-3.7.0.jar;C:\Users\User\.m2\repository\org\apache\maven\maven-plugin-api\3.0\maven-plugin-api-3.0.jar;C:\Users\User\.m2\repository\org\apache\maven\maven-model\3.0\maven-model-3.0.jar;C:\Users\User\.m2\repository\org\sonatype\sisu\sisu-inject-plexus\1.4.2\sisu-inject-plexus-1.4.2.jar;C:\Users\User\.m2\repository\org\sonatype\sisu\sisu-inject-bean\1.4.2\sisu-inject-bean-1.4.2.jar;C:\Users\User\.m2\repository\org\sonatype\sisu\sisu-guice\2.1.7\sisu-guice-2.1.7-noaop.jar;C:\Users\User\.m2\repository\org\apache\maven\maven-artifact\3.0\maven-artifact-3.0.jar;C:\Users\User\.m2\repository\org\codehaus\plexus\plexus-utils\2.0.4\plexus-utils-2.0.4.jar;C:\Users\User\.m2\repository\org\apache\maven\maven-core\3.0\maven-core-3.0.jar;C:\Users\User\.m2\repository\org\apache\maven\maven-settings\3.0\maven-settings-3.0.jar;C:\Users\User\.m2\repository\org\apache\maven\maven-settings-builder\3.0\maven-settings-builder-3.0.jar;C:\Users\User\.m2\repository\org\apache\maven\maven-repository-metadata\3.0\maven-repository-metadata-3.0.jar;C:\Users\User\.m2\repository\org\apache\maven\maven-model-builder\3.0\maven-model-builder-3.0.jar;C:\Users\User\.m2\repository\org\apache\maven\maven-aether-provider\3.0\maven-aether-provider-3.0.jar;C:\Users\User\.m2\repository\org\sonatype\aether\aether-impl\1.7\aether-impl-1.7.jar;C:\Users\User\.m2\repository\org\sonatype\aether\aether-spi\1.7\aether-spi-1.7.jar;C:\Users\User\.m2\repository\org\sonatype\aether\aether-api\1.7\aether-api-1.7.jar;C:\Users\User\.m2\repository\org\sonatype\aether\aether-util\1.7\aether-util-1.7.jar;C:\Users\User\.m2\repository\org\codehaus\plexus\plexus-interpolation\1.14\plexus-interpolation-1.14.jar;C:\Users\User\.m2\repository\org\codehaus\plexus\plexus-classworlds\2.2.3\plexus-classworlds-2.2.3.jar;C:\Users\User\.m2\repository\org\codehaus\plexus\plexus-component-annotations\1.5.5\plexus-component-annotations-1.5.5.jar;C:\Users\User\.m2\repository\org\sonatype\plexus\plexus-sec-dispatcher\1.3\plexus-sec-dispatcher-1.3.jar;C:\Users\User\.m2\repository\org\sonatype\plexus\plexus-cipher\1.4\plexus-cipher-1.4.jar;C:\Users\User\.m2\repository\org\apache\maven\shared\maven-shared-utils\3.1.0\maven-shared-utils-3.1.0.jar;C:\Users\User\.m2\repository\commons-io\commons-io\2.5\commons-io-2.5.jar;C:\Users\User\.m2\repository\org\apache\maven\shared\maven-shared-incremental\1.1\maven-shared-incremental-1.1.jar;C:\Users\User\.m2\repository\org\codehaus\plexus\plexus-java\0.9.2\plexus-java-0.9.2.jar;C:\Users\User\.m2\repository\org\ow2\asm\asm\6.0_BETA\asm-6.0_BETA.jar;C:\Users\User\.m2\repository\com\thoughtworks\qdox\qdox\2.0-M7\qdox-2.0-M7.jar;C:\Users\User\.m2\repository\org\codehaus\plexus\plexus-compiler-api\2.8.2\plexus-compiler-api-2.8.2.jar;C:\Users\User\.m2\repository\org\codehaus\plexus\plexus-compiler-manager\2.8.2\plexus-compiler-manager-2.8.2.jar;C:\Users\User\.m2\repository\org\codehaus\plexus\plexus-compiler-javac\2.8.2\plexus-compiler-javac-2.8.2.jar;C:\Users\User\.m2\repository\com\fasterxml\jackson\core\jackson-databind\2.9.4\jackson-databind-2.9.4.jar;C:\Users\User\.m2\repository\com\fasterxml\jackson\core\jackson-core\2.9.4\jackson-core-2.9.4.jar;C:\Users\User\.m2\repository\com\fasterxml\jackson\core\jackson-annotations\2.9.0\jackson-annotations-2.9.0.jar;, java.specification.name=Java Platform API Specification, java.class.version=52.0, sun.management.compiler=HotSpot 64-Bit Tiered Compilers, os.version=10.0, user.home=C:\Users\User, user.timezone=Africa/Harare, java.awt.printerjob=sun.awt.windows.WPrinterJob, file.encoding=Cp1252, java.specification.version=1.8, java.class.path=C:\Users\User\eclipse-workspace\ubereats\target\test-classes;C:\Users\User\eclipse-workspace\ubereats\target\classes;C:\Users\User\.m2\repository\org\springframework\boot\spring-boot-starter-tomcat\2.0.0.RELEASE\spring-boot-starter-tomcat-2.0.0.RELEASE.jar;C:\Users\User\.m2\repository\javax\annotation\javax.annotation-api\1.3.2\javax.annotation-api-1.3.2.jar;C:\Users\User\.m2\repository\org\apache\tomcat\embed\tomcat-embed-core\8.5.28\tomcat-embed-core-8.5.28.jar;C:\Users\User\.m2\repository\org\apache\tomcat\embed\tomcat-embed-el\8.5.28\tomcat-embed-el-8.5.28.jar;C:\Users\User\.m2\repository\org\apache\tomcat\embed\tomcat-embed-websocket\8.5.28\tomcat-embed-websocket-8.5.28.jar;C:\Users\User\.m2\repository\junit\junit\4.12\junit-4.12.jar;C:\Users\User\.m2\repository\org\hamcrest\hamcrest-core\1.3\hamcrest-core-1.3.jar;C:\Users\User\.m2\repository\org\springframework\boot\spring-boot-starter-web\2.0.0.RELEASE\spring-boot-starter-web-2.0.0.RELEASE.jar;C:\Users\User\.m2\repository\org\springframework\boot\spring-boot-starter\2.0.0.RELEASE\spring-boot-starter-2.0.0.RELEASE.jar;C:\Users\User\.m2\repository\org\springframework\boot\spring-boot-starter-logging\2.0.0.RELEASE\spring-boot-starter-logging-2.0.0.RELEASE.jar;C:\Users\User\.m2\repository\ch\qos\logback\logback-classic\1.2.3\logback-classic-1.2.3.jar;C:\Users\User\.m2\repository\ch\qos\logback\logback-core\1.2.3\logback-core-1.2.3.jar;C:\Users\User\.m2\repository\org\apache\logging\log4j\log4j-to-slf4j\2.10.0\log4j-to-slf4j-2.10.0.jar;C:\Users\User\.m2\repository\org\apache\logging\log4j\log4j-api\2.10.0\log4j-api-2.10.0.jar;C:\Users\User\.m2\repository\org\slf4j\jul-to-slf4j\1.7.25\jul-to-slf4j-1.7.25.jar;C:\Users\User\.m2\repository\org\yaml\snakeyaml\1.19\snakeyaml-1.19.jar;C:\Users\User\.m2\repository\org\springframework\boot\spring-boot-starter-json\2.0.0.RELEASE\spring-boot-starter-json-2.0.0.RELEASE.jar;C:\Users\User\.m2\repository\com\fasterxml\jackson\datatype\jackson-datatype-jdk8\2.9.4\jackson-datatype-jdk8-2.9.4.jar;C:\Users\User\.m2\repository\com\fasterxml\jackson\datatype\jackson-datatype-jsr310\2.9.4\jackson-datatype-jsr310-2.9.4.jar;C:\Users\User\.m2\repository\com\fasterxml\jackson\module\jackson-module-parameter-names\2.9.4\jackson-module-parameter-names-2.9.4.jar;C:\Users\User\.m2\repository\org\hibernate\validator\hibernate-validator\6.0.7.Final\hibernate-validator-6.0.7.Final.jar;C:\Users\User\.m2\repository\javax\validation\validation-api\2.0.1.Final\validation-api-2.0.1.Final.jar;C:\Users\User\.m2\repository\org\springframework\spring-web\5.0.4.RELEASE\spring-web-5.0.4.RELEASE.jar;C:\Users\User\.m2\repository\org\springframework\spring-webmvc\5.0.4.RELEASE\spring-webmvc-5.0.4.RELEASE.jar;C:\Users\User\.m2\repository\org\springframework\spring-aop\5.0.4.RELEASE\spring-aop-5.0.4.RELEASE.jar;C:\Users\User\.m2\repository\org\springframework\spring-context\5.0.4.RELEASE\spring-context-5.0.4.RELEASE.jar;C:\Users\User\.m2\repository\org\springframework\spring-expression\5.0.4.RELEASE\spring-expression-5.0.4.RELEASE.jar;C:\Users\User\.m2\repository\org\springframework\boot\spring-boot-starter-data-jpa\2.0.0.RELEASE\spring-boot-starter-data-jpa-2.0.0.RELEASE.jar;C:\Users\User\.m2\repository\org\springframework\boot\spring-boot-starter-aop\2.0.0.RELEASE\spring-boot-starter-aop-2.0.0.RELEASE.jar;C:\Users\User\.m2\repository\org\aspectj\aspectjweaver\1.8.13\aspectjweaver-1.8.13.jar;C:\Users\User\.m2\repository\org\springframework\boot\spring-boot-starter-jdbc\2.0.0.RELEASE\spring-boot-starter-jdbc-2.0.0.RELEASE.jar;C:\Users\User\.m2\repository\com\zaxxer\HikariCP\2.7.8\HikariCP-2.7.8.jar;C:\Users\User\.m2\repository\javax\transaction\javax.transaction-api\1.2\javax.transaction-api-1.2.jar;C:\Users\User\.m2\repository\org\springframework\data\spring-data-jpa\2.0.5.RELEASE\spring-data-jpa-2.0.5.RELEASE.jar;C:\Users\User\.m2\repository\org\springframework\data\spring-data-commons\2.0.5.RELEASE\spring-data-commons-2.0.5.RELEASE.jar;C:\Users\User\.m2\repository\org\slf4j\slf4j-api\1.7.25\slf4j-api-1.7.25.jar;C:\Users\User\.m2\repository\org\springframework\spring-aspects\5.0.4.RELEASE\spring-aspects-5.0.4.RELEASE.jar;C:\Users\User\.m2\repository\mysql\mysql-connector-java\5.1.45\mysql-connector-java-5.1.45.jar;C:\Users\User\.m2\repository\org\springframework\boot\spring-boot-starter-test\2.0.0.RELEASE\spring-boot-starter-test-2.0.0.RELEASE.jar;C:\Users\User\.m2\repository\org\springframework\boot\spring-boot-test\2.0.0.RELEASE\spring-boot-test-2.0.0.RELEASE.jar;C:\Users\User\.m2\repository\org\springframework\boot\spring-boot-test-autoconfigure\2.0.0.RELEASE\spring-boot-test-autoconfigure-2.0.0.RELEASE.jar;C:\Users\User\.m2\repository\com\jayway\jsonpath\json-path\2.4.0\json-path-2.4.0.jar;C:\Users\User\.m2\repository\net\minidev\json-smart\2.3\json-smart-2.3.jar;C:\Users\User\.m2\repository\net\minidev\accessors-smart\1.2\accessors-smart-1.2.jar;C:\Users\User\.m2\repository\org\assertj\assertj-core\3.9.1\assertj-core-3.9.1.jar;C:\Users\User\.m2\repository\org\mockito\mockito-core\2.15.0\mockito-core-2.15.0.jar;C:\Users\User\.m2\repository\net\bytebuddy\byte-buddy\1.7.10\byte-buddy-1.7.10.jar;C:\Users\User\.m2\repository\net\bytebuddy\byte-buddy-agent\1.7.10\byte-buddy-agent-1.7.10.jar;C:\Users\User\.m2\repository\org\objenesis\objenesis\2.6\objenesis-2.6.jar;C:\Users\User\.m2\repository\org\hamcrest\hamcrest-library\1.3\hamcrest-library-1.3.jar;C:\Users\User\.m2\repository\org\skyscreamer\jsonassert\1.5.0\jsonassert-1.5.0.jar;C:\Users\User\.m2\repository\com\vaadin\external\google\android-json\0.0.20131108.vaadin1\android-json-0.0.20131108.vaadin1.jar;C:\Users\User\.m2\repository\org\springframework\spring-core\5.0.4.RELEASE\spring-core-5.0.4.RELEASE.jar;C:\Users\User\.m2\repository\org\springframework\spring-jcl\5.0.4.RELEASE\spring-jcl-5.0.4.RELEASE.jar;C:\Users\User\.m2\repository\org\springframework\spring-test\5.0.4.RELEASE\spring-test-5.0.4.RELEASE.jar;C:\Users\User\.m2\repository\org\xmlunit\xmlunit-core\2.5.1\xmlunit-core-2.5.1.jar;C:\Users\User\.m2\repository\org\springframework\boot\spring-boot-devtools\2.0.0.RELEASE\spring-boot-devtools-2.0.0.RELEASE.jar;C:\Users\User\.m2\repository\org\springframework\boot\spring-boot\2.0.0.RELEASE\spring-boot-2.0.0.RELEASE.jar;C:\Users\User\.m2\repository\org\springframework\boot\spring-boot-autoconfigure\2.0.0.RELEASE\spring-boot-autoconfigure-2.0.0.RELEASE.jar;C:\Users\User\.m2\repository\com\h2database\h2\1.4.196\h2-1.4.196.jar;C:\Users\User\.m2\repository\org\hibernate\hibernate-core\5.2.14.Final\hibernate-core-5.2.14.Final.jar;C:\Users\User\.m2\repository\org\jboss\logging\jboss-logging\3.3.2.Final\jboss-logging-3.3.2.Final.jar;C:\Users\User\.m2\repository\org\hibernate\javax\persistence\hibernate-jpa-2.1-api\1.0.0.Final\hibernate-jpa-2.1-api-1.0.0.Final.jar;C:\Users\User\.m2\repository\org\javassist\javassist\3.22.0-GA\javassist-3.22.0-GA.jar;C:\Users\User\.m2\repository\antlr\antlr\2.7.7\antlr-2.7.7.jar;C:\Users\User\.m2\repository\org\jboss\spec\javax\transaction\jboss-transaction-api_1.2_spec\1.0.1.Final\jboss-transaction-api_1.2_spec-1.0.1.Final.jar;C:\Users\User\.m2\repository\org\jboss\jandex\2.0.3.Final\jandex-2.0.3.Final.jar;C:\Users\User\.m2\repository\com\fasterxml\classmate\1.3.4\classmate-1.3.4.jar;C:\Users\User\.m2\repository\dom4j\dom4j\1.6.1\dom4j-1.6.1.jar;C:\Users\User\.m2\repository\org\hibernate\common\hibernate-commons-annotations\5.0.1.Final\hibernate-commons-annotations-5.0.1.Final.jar;C:\Users\User\.m2\repository\org\springframework\spring-orm\5.0.4.RELEASE\spring-orm-5.0.4.RELEASE.jar;C:\Users\User\.m2\repository\org\springframework\spring-beans\5.0.4.RELEASE\spring-beans-5.0.4.RELEASE.jar;C:\Users\User\.m2\repository\org\springframework\spring-jdbc\5.0.4.RELEASE\spring-jdbc-5.0.4.RELEASE.jar;C:\Users\User\.m2\repository\org\springframework\spring-tx\5.0.4.RELEASE\spring-tx-5.0.4.RELEASE.jar;C:\Users\User\.m2\repository\org\apache\commons\commons-dbcp2\2.2.0\commons-dbcp2-2.2.0.jar;C:\Users\User\.m2\repository\org\apache\commons\commons-pool2\2.5.0\commons-pool2-2.5.0.jar;C:\Users\User\.m2\repository\org\apache\maven\plugins\maven-compiler-plugin\3.7.0\maven-compiler-plugin-3.7.0.jar;C:\Users\User\.m2\repository\org\apache\maven\maven-plugin-api\3.0\maven-plugin-api-3.0.jar;C:\Users\User\.m2\repository\org\apache\maven\maven-model\3.0\maven-model-3.0.jar;C:\Users\User\.m2\repository\org\sonatype\sisu\sisu-inject-plexus\1.4.2\sisu-inject-plexus-1.4.2.jar;C:\Users\User\.m2\repository\org\sonatype\sisu\sisu-inject-bean\1.4.2\sisu-inject-bean-1.4.2.jar;C:\Users\User\.m2\repository\org\sonatype\sisu\sisu-guice\2.1.7\sisu-guice-2.1.7-noaop.jar;C:\Users\User\.m2\repository\org\apache\maven\maven-artifact\3.0\maven-artifact-3.0.jar;C:\Users\User\.m2\repository\org\codehaus\plexus\plexus-utils\2.0.4\plexus-utils-2.0.4.jar;C:\Users\User\.m2\repository\org\apache\maven\maven-core\3.0\maven-core-3.0.jar;C:\Users\User\.m2\repository\org\apache\maven\maven-settings\3.0\maven-settings-3.0.jar;C:\Users\User\.m2\repository\org\apache\maven\maven-settings-builder\3.0\maven-settings-builder-3.0.jar;C:\Users\User\.m2\repository\org\apache\maven\maven-repository-metadata\3.0\maven-repository-metadata-3.0.jar;C:\Users\User\.m2\repository\org\apache\maven\maven-model-builder\3.0\maven-model-builder-3.0.jar;C:\Users\User\.m2\repository\org\apache\maven\maven-aether-provider\3.0\maven-aether-provider-3.0.jar;C:\Users\User\.m2\repository\org\sonatype\aether\aether-impl\1.7\aether-impl-1.7.jar;C:\Users\User\.m2\repository\org\sonatype\aether\aether-spi\1.7\aether-spi-1.7.jar;C:\Users\User\.m2\repository\org\sonatype\aether\aether-api\1.7\aether-api-1.7.jar;C:\Users\User\.m2\repository\org\sonatype\aether\aether-util\1.7\aether-util-1.7.jar;C:\Users\User\.m2\repository\org\codehaus\plexus\plexus-interpolation\1.14\plexus-interpolation-1.14.jar;C:\Users\User\.m2\repository\org\codehaus\plexus\plexus-classworlds\2.2.3\plexus-classworlds-2.2.3.jar;C:\Users\User\.m2\repository\org\codehaus\plexus\plexus-component-annotations\1.5.5\plexus-component-annotations-1.5.5.jar;C:\Users\User\.m2\repository\org\sonatype\plexus\plexus-sec-dispatcher\1.3\plexus-sec-dispatcher-1.3.jar;C:\Users\User\.m2\repository\org\sonatype\plexus\plexus-cipher\1.4\plexus-cipher-1.4.jar;C:\Users\User\.m2\repository\org\apache\maven\shared\maven-shared-utils\3.1.0\maven-shared-utils-3.1.0.jar;C:\Users\User\.m2\repository\commons-io\commons-io\2.5\commons-io-2.5.jar;C:\Users\User\.m2\repository\org\apache\maven\shared\maven-shared-incremental\1.1\maven-shared-incremental-1.1.jar;C:\Users\User\.m2\repository\org\codehaus\plexus\plexus-java\0.9.2\plexus-java-0.9.2.jar;C:\Users\User\.m2\repository\org\ow2\asm\asm\6.0_BETA\asm-6.0_BETA.jar;C:\Users\User\.m2\repository\com\thoughtworks\qdox\qdox\2.0-M7\qdox-2.0-M7.jar;C:\Users\User\.m2\repository\org\codehaus\plexus\plexus-compiler-api\2.8.2\plexus-compiler-api-2.8.2.jar;C:\Users\User\.m2\repository\org\codehaus\plexus\plexus-compiler-manager\2.8.2\plexus-compiler-manager-2.8.2.jar;C:\Users\User\.m2\repository\org\codehaus\plexus\plexus-compiler-javac\2.8.2\plexus-compiler-javac-2.8.2.jar;C:\Users\User\.m2\repository\com\fasterxml\jackson\core\jackson-databind\2.9.4\jackson-databind-2.9.4.jar;C:\Users\User\.m2\repository\com\fasterxml\jackson\core\jackson-core\2.9.4\jackson-core-2.9.4.jar;C:\Users\User\.m2\repository\com\fasterxml\jackson\core\jackson-annotations\2.9.0\jackson-annotations-2.9.0.jar;, user.name=User, java.vm.specification.version=1.8, sun.java.command=C:\Users\User\AppData\Local\Temp\surefire411137058472474102\surefirebooter4073495440638963479.jar C:\Users\User\AppData\Local\Temp\surefire411137058472474102 2018-03-05T11-18-42_141-jvmRun1 surefire308685472930676419tmp surefire_07681882179701116136tmp, java.home=C:\Program Files\Java\jdk1.8.0_101\jre, sun.arch.data.model=64, user.language=en, java.specification.vendor=Oracle Corporation, awt.toolkit=sun.awt.windows.WToolkit, java.vm.info=mixed mode, java.version=1.8.0_101, java.ext.dirs=C:\Program Files\Java\jdk1.8.0_101\jre\lib\ext;C:\WINDOWS\Sun\Java\lib\ext, sun.boot.class.path=C:\Program Files\Java\jdk1.8.0_101\jre\lib\resources.jar;C:\Program Files\Java\jdk1.8.0_101\jre\lib\rt.jar;C:\Program Files\Java\jdk1.8.0_101\jre\lib\sunrsasign.jar;C:\Program Files\Java\jdk1.8.0_101\jre\lib\jsse.jar;C:\Program Files\Java\jdk1.8.0_101\jre\lib\jce.jar;C:\Program Files\Java\jdk1.8.0_101\jre\lib\charsets.jar;C:\Program Files\Java\jdk1.8.0_101\jre\lib\jfr.jar;C:\Program Files\Java\jdk1.8.0_101\jre\classes, java.vendor=Oracle Corporation, localRepository=C:\Users\User\.m2\repository, file.separator=\, java.vendor.url.bug=http://bugreport.sun.com/bugreport/, sun.io.unicode.encoding=UnicodeLittle, sun.cpu.endian=little, sun.desktop=windows, sun.cpu.isalist=amd64}}, SystemEnvironmentPropertySource@881280045 {name='systemEnvironment', properties={PATH=C:/Program Files/Java/jre1.8.0_101/bin/server;C:/Program Files/Java/jre1.8.0_101/bin;C:/Program Files/Java/jre1.8.0_101/lib/amd64;C:\Program Files\Microsoft MPI\Bin\;C:\ProgramData\Oracle\Java\javapath;C:\Program Files (x86)\Intel\iCLS Client\;C:\Program Files\Intel\iCLS Client\;C:\WINDOWS\system32;C:\WINDOWS;C:\WINDOWS\System32\Wbem;C:\WINDOWS\System32\WindowsPowerShell\v1.0\;C:\Program Files (x86)\Intel\OpenCL SDK\2.0\bin\x86;C:\Program Files (x86)\Intel\OpenCL SDK\2.0\bin\x64;C:\Program Files (x86)\Intel\Intel(R) Management Engine Components\DAL;C:\Program Files\Intel\Intel(R) Management Engine Components\DAL;C:\Program Files (x86)\Intel\Intel(R) Management Engine Components\IPT;C:\Program Files\Intel\Intel(R) Management Engine Components\IPT;C:\Program Files\Microsoft SQL Server\Client SDK\ODBC\130\Tools\Binn\;C:\Program Files (x86)\Microsoft SQL Server\130\Tools\Binn\;C:\Program Files\Microsoft SQL Server\130\Tools\Binn\;C:\Program Files\Microsoft SQL Server\130\DTS\Binn\;C:\WINDOWS\system32\config\systemprofile\.dnx\bin;C:\Program Files\Microsoft DNX\Dnvm\;C:\Program Files\Microsoft SQL Server\120\Tools\Binn\;C:\Program Files (x86)\Microsoft SQL Server\130\DTS\Binn\;C:\Program Files (x86)\Microsoft SQL Server\Client SDK\ODBC\130\Tools\Binn\;C:\Program Files (x86)\Microsoft SQL Server\140\Tools\Binn\;C:\Program Files (x86)\Microsoft SQL Server\140\DTS\Binn\;C:\Program Files (x86)\Microsoft SQL Server\140\Tools\Binn\ManagementStudio\;C:\Program Files\nodejs\;C:\Users\User\AppData\Local\Microsoft\WindowsApps;C:\Users\User\AppData\Roaming\npm;C:\Users\User\Downloads\Compressed\apache-maven-3.5.2-bin\bin;;C:\Users\User\Desktop;, USERDOMAIN_ROAMINGPROFILE=BOOTCAMP21, PROCESSOR_LEVEL=6, SYSTEMDRIVE=C:, FP_NO_HOST_CHECK=NO, VS140COMNTOOLS=C:\Program Files (x86)\Microsoft Visual Studio 14.0\Common7\Tools\, SESSIONNAME=Console, ALLUSERSPROFILE=C:\ProgramData, PROCESSOR_ARCHITECTURE=AMD64, PROGRAMFILES=C:\Program Files, PSMODULEPATH=C:\WINDOWS\system32\WindowsPowerShell\v1.0\Modules\;C:\Program Files (x86)\Microsoft SQL Server\130\Tools\PowerShell\Modules\, BUNIFUFRAMEWORK.STAT.LASTSEEN=fmzS/Ho+IoSS5OTBflblU8c3HzFTRkhajg5fU6CSrkk=, PROGRAMDATA=C:\ProgramData, USERNAME=User, BUNIFUFRAMEWORK.DAYS=0duHBvINw4Op2KTFbpUotw==, FPS_BROWSER_USER_PROFILE_STRING=Default, ONEDRIVE=C:\Users\User\OneDrive, PATHEXT=.COM;.EXE;.BAT;.CMD;.VBS;.VBE;.JS;.JSE;.WSF;.WSH;.MSC, BUNIFUFRAMEWORK.EMAIL=mGUPnPVXj5d3E9drz1A8FLXNFm7J1JCeUwWgwGOzjGc=, WINDIR=C:\WINDOWS, BUNIFUFRAMEWORK.LASTSEEN=636447074321285198, HOMEPATH=\Users\User, PROCESSOR_IDENTIFIER=Intel64 Family 6 Model 42 Stepping 7, GenuineIntel, WINDOWS_TRACING_LOGFILE=C:\BVTBin\Tests\installpackage\csilogfile.log, POWERMGRPATH=C:\Program Files (x86)\Lenovo\PowerMgr, PUBLIC=C:\Users\Public, =::=::\, BUNIFUFRAMEWORK.DATE=jkzeHe5wD599DGtvVyrBpbJwDbeNv48T1ejJFEWjBFY=, LOCALAPPDATA=C:\Users\User\AppData\Local, MSMPI_BIN=C:\Program Files\Microsoft MPI\Bin\, COMMONPROGRAMFILES(X86)=C:\Program Files (x86)\Common Files, USERDOMAIN=BOOTCAMP21, FPS_BROWSER_APP_PROFILE_STRING=Internet Explorer, LOGONSERVER=\\BOOTCAMP21, JAVA_HOME=C:\Program Files\Java\jdk1.8.0_101, PROMPT=$P$G, PROGRAMFILES(X86)=C:\Program Files (x86), BUNIFUFRAMEWORK.TOKEN=UGOrZyGFaaO21RU7PlCXi+vMfZLGVGzWUSJTv4ZvJBIhnZWaZJSadubkcCwXwcbd, WINDOWS_TRACING_FLAGS=3, =C:=C:\Users\User\eclipse-workspace\ubereats, APPDATA=C:\Users\User\AppData\Roaming, BUNIFUFRAMEWORK.KEY=nAZJ8F+cydbCwvRMj8OsZg==, BUNIFUFRAMEWORK.STAT.LANG=nAZJ8F+cydbCwvRMj8OsZg==, PROGRAMW6432=C:\Program Files, SYSTEMROOT=C:\WINDOWS, OS=Windows_NT, COMMONPROGRAMW6432=C:\Program Files\Common Files, COMPUTERNAME=BOOTCAMP21, COMMONPROGRAMFILES=C:\Program Files\Common Files, COMSPEC=C:\WINDOWS\system32\cmd.exe, PROCESSOR_REVISION=2a07, TEMP=C:\Users\User\AppData\Local\Temp, HOMEDRIVE=C:, USERPROFILE=C:\Users\User, BUNIFUFRAMEWORK.PRODUCT=4sRIJSTJEkYJGZ64wANVf3y9QltOzNrpTfKG9hlAoYk=, BUNIFUFRAMEWORK.STAT.PROJECTS=Tie3I6MrSIlpbrv07eZY2g==, TMP=C:\Users\User\AppData\Local\Temp, MYSQLCONNECTOR_ASSEMBLIESPATH=C:\Program Files (x86)\MySQL\Connector.NET 6.9\Assemblies\v4.5, BUNIFUFRAMEWORK.EXPIRY=w+4bkfaGBJg/jhWvDZs7zcMVNs56mAG3ebOuBofdnjs=, NUMBER_OF_PROCESSORS=4}}]
11:19:04.405 [main] DEBUG org.springframework.beans.factory.support.DefaultListableBeanFactory - Creating shared instance of singleton bean 'org.springframework.boot.autoconfigure.AutoConfigurationPackages'
11:19:04.405 [main] DEBUG org.springframework.beans.factory.support.DefaultListableBeanFactory - Creating instance of bean 'org.springframework.boot.autoconfigure.AutoConfigurationPackages'
11:19:04.406 [main] DEBUG org.springframework.beans.factory.support.DefaultListableBeanFactory - Eagerly caching bean 'org.springframework.boot.autoconfigure.AutoConfigurationPackages' to allow for resolving potential circular references
11:19:04.406 [main] DEBUG org.springframework.beans.factory.support.DefaultListableBeanFactory - Finished creating instance of bean 'org.springframework.boot.autoconfigure.AutoConfigurationPackages'
11:19:04.406 [main] DEBUG org.springframework.boot.autoconfigure.AutoConfigurationPackages - @EnableAutoConfiguration was declared on a class in the package 'org.reverside.bootcamp.ubereats'. Automatic @Repository and @Entity scanning is enabled.
11:19:04.407 [main] DEBUG org.springframework.core.io.support.PathMatchingResourcePatternResolver - Resolved classpath location [org/reverside/bootcamp/ubereats/] to resources [URL [file:/C:/Users/User/eclipse-workspace/ubereats/target/test-classes/org/reverside/bootcamp/ubereats/], URL [file:/C:/Users/User/eclipse-workspace/ubereats/target/classes/org/reverside/bootcamp/ubereats/]]
11:19:04.407 [main] DEBUG org.springframework.core.io.support.PathMatchingResourcePatternResolver - Looking for matching resources in directory tree [C:\Users\User\eclipse-workspace\ubereats\target\test-classes\org\reverside\bootcamp\ubereats]
11:19:04.408 [main] DEBUG org.springframework.core.io.support.PathMatchingResourcePatternResolver - Searching directory [C:\Users\User\eclipse-workspace\ubereats\target\test-classes\org\reverside\bootcamp\ubereats] for files matching pattern [C:/Users/User/eclipse-workspace/ubereats/target/test-classes/org/reverside/bootcamp/ubereats/**/*.class]
11:19:04.409 [main] DEBUG org.springframework.core.io.support.PathMatchingResourcePatternResolver - Searching directory [C:\Users\User\eclipse-workspace\ubereats\target\test-classes\org\reverside\bootcamp\ubereats\test] for files matching pattern [C:/Users/User/eclipse-workspace/ubereats/target/test-classes/org/reverside/bootcamp/ubereats/**/*.class]
11:19:04.410 [main] DEBUG org.springframework.core.io.support.PathMatchingResourcePatternResolver - Looking for matching resources in directory tree [C:\Users\User\eclipse-workspace\ubereats\target\classes\org\reverside\bootcamp\ubereats]
11:19:04.411 [main] DEBUG org.springframework.core.io.support.PathMatchingResourcePatternResolver - Searching directory [C:\Users\User\eclipse-workspace\ubereats\target\classes\org\reverside\bootcamp\ubereats] for files matching pattern [C:/Users/User/eclipse-workspace/ubereats/target/classes/org/reverside/bootcamp/ubereats/**/*.class]
11:19:04.412 [main] DEBUG org.springframework.core.io.support.PathMatchingResourcePatternResolver - Searching directory [C:\Users\User\eclipse-workspace\ubereats\target\classes\org\reverside\bootcamp\ubereats\config] for files matching pattern [C:/Users/User/eclipse-workspace/ubereats/target/classes/org/reverside/bootcamp/ubereats/**/*.class]
11:19:04.413 [main] DEBUG org.springframework.core.io.support.PathMatchingResourcePatternResolver - Searching directory [C:\Users\User\eclipse-workspace\ubereats\target\classes\org\reverside\bootcamp\ubereats\controller] for files matching pattern [C:/Users/User/eclipse-workspace/ubereats/target/classes/org/reverside/bootcamp/ubereats/**/*.class]
11:19:04.415 [main] DEBUG org.springframework.core.io.support.PathMatchingResourcePatternResolver - Searching directory [C:\Users\User\eclipse-workspace\ubereats\target\classes\org\reverside\bootcamp\ubereats\dto] for files matching pattern [C:/Users/User/eclipse-workspace/ubereats/target/classes/org/reverside/bootcamp/ubereats/**/*.class]
11:19:04.419 [main] DEBUG org.springframework.core.io.support.PathMatchingResourcePatternResolver - Searching directory [C:\Users\User\eclipse-workspace\ubereats\target\classes\org\reverside\bootcamp\ubereats\repository] for files matching pattern [C:/Users/User/eclipse-workspace/ubereats/target/classes/org/reverside/bootcamp/ubereats/**/*.class]
11:19:04.423 [main] DEBUG org.springframework.core.io.support.PathMatchingResourcePatternResolver - Searching directory [C:\Users\User\eclipse-workspace\ubereats\target\classes\org\reverside\bootcamp\ubereats\repositoryImpl] for files matching pattern [C:/Users/User/eclipse-workspace/ubereats/target/classes/org/reverside/bootcamp/ubereats/**/*.class]
11:19:04.427 [main] DEBUG org.springframework.core.io.support.PathMatchingResourcePatternResolver - Resolved location pattern [classpath*:org/reverside/bootcamp/ubereats/**/*.class] to resources [file [C:\Users\User\eclipse-workspace\ubereats\target\test-classes\org\reverside\bootcamp\ubereats\AppTest.class], file [C:\Users\User\eclipse-workspace\ubereats\target\test-classes\org\reverside\bootcamp\ubereats\test\CategoryTestCase.class], file [C:\Users\User\eclipse-workspace\ubereats\target\test-classes\org\reverside\bootcamp\ubereats\test\ProductTestCase.class], file [C:\Users\User\eclipse-workspace\ubereats\target\classes\org\reverside\bootcamp\ubereats\App.class], file [C:\Users\User\eclipse-workspace\ubereats\target\classes\org\reverside\bootcamp\ubereats\config\HibernateConfig.class], file [C:\Users\User\eclipse-workspace\ubereats\target\classes\org\reverside\bootcamp\ubereats\controller\JsonDataController.class], file [C:\Users\User\eclipse-workspace\ubereats\target\classes\org\reverside\bootcamp\ubereats\controller\UserController.class], file [C:\Users\User\eclipse-workspace\ubereats\target\classes\org\reverside\bootcamp\ubereats\controller\WebController.class], file [C:\Users\User\eclipse-workspace\ubereats\target\classes\org\reverside\bootcamp\ubereats\dto\Account.class], file [C:\Users\User\eclipse-workspace\ubereats\target\classes\org\reverside\bootcamp\ubereats\dto\Admin.class], file [C:\Users\User\eclipse-workspace\ubereats\target\classes\org\reverside\bootcamp\ubereats\dto\Cart.class], file [C:\Users\User\eclipse-workspace\ubereats\target\classes\org\reverside\bootcamp\ubereats\dto\CartItem.class], file [C:\Users\User\eclipse-workspace\ubereats\target\classes\org\reverside\bootcamp\ubereats\dto\Category.class], file [C:\Users\User\eclipse-workspace\ubereats\target\classes\org\reverside\bootcamp\ubereats\dto\Delivery.class], file [C:\Users\User\eclipse-workspace\ubereats\target\classes\org\reverside\bootcamp\ubereats\dto\Driver.class], file [C:\Users\User\eclipse-workspace\ubereats\target\classes\org\reverside\bootcamp\ubereats\dto\FoodOutlet.class], file [C:\Users\User\eclipse-workspace\ubereats\target\classes\org\reverside\bootcamp\ubereats\dto\Menu.class], file [C:\Users\User\eclipse-workspace\ubereats\target\classes\org\reverside\bootcamp\ubereats\dto\Product.class], file [C:\Users\User\eclipse-workspace\ubereats\target\classes\org\reverside\bootcamp\ubereats\dto\Role.class], file [C:\Users\User\eclipse-workspace\ubereats\target\classes\org\reverside\bootcamp\ubereats\dto\User.class], file [C:\Users\User\eclipse-workspace\ubereats\target\classes\org\reverside\bootcamp\ubereats\repository\AdminDAO.class], file [C:\Users\User\eclipse-workspace\ubereats\target\classes\org\reverside\bootcamp\ubereats\repository\CategoryDAO.class], file [C:\Users\User\eclipse-workspace\ubereats\target\classes\org\reverside\bootcamp\ubereats\repository\CustomerDAO.class], file [C:\Users\User\eclipse-workspace\ubereats\target\classes\org\reverside\bootcamp\ubereats\repository\ProductDAO.class], file [C:\Users\User\eclipse-workspace\ubereats\target\classes\org\reverside\bootcamp\ubereats\repository\UserDAO.class], file [C:\Users\User\eclipse-workspace\ubereats\target\classes\org\reverside\bootcamp\ubereats\repositoryImpl\CategoryDaoImpl.class], file [C:\Users\User\eclipse-workspace\ubereats\target\classes\org\reverside\bootcamp\ubereats\repositoryImpl\ProductDaoImpl.class], file [C:\Users\User\eclipse-workspace\ubereats\target\classes\org\reverside\bootcamp\ubereats\repositoryImpl\UserDaoImpl.class]]
11:19:04.438 [main] DEBUG org.springframework.beans.factory.support.DefaultListableBeanFactory - Returning cached instance of singleton bean 'autoConfigurationReport'
11:19:04.438 [main] DEBUG org.springframework.beans.factory.support.DefaultListableBeanFactory - Returning cached instance of singleton bean 'autoConfigurationReport'
11:19:04.439 [main] DEBUG org.springframework.context.annotation.ConfigurationClassBeanDefinitionReader - Registered bean definition for imported class 'org.springframework.boot.autoconfigure.http.HttpMessageConvertersAutoConfiguration$StringHttpMessageConverterConfiguration'
11:19:04.439 [main] DEBUG org.springframework.beans.factory.support.DefaultListableBeanFactory - Returning cached instance of singleton bean 'org.springframework.boot.autoconfigure.condition.BeanTypeRegistry'
11:19:04.439 [main] DEBUG org.springframework.beans.factory.support.DefaultListableBeanFactory - Returning cached instance of singleton bean 'autoConfigurationReport'
11:19:04.439 [main] DEBUG org.springframework.context.annotation.ConfigurationClassBeanDefinitionReader - Registering bean definition for @Bean method org.springframework.boot.autoconfigure.http.HttpMessageConvertersAutoConfiguration$StringHttpMessageConverterConfiguration.stringHttpMessageConverter()
11:19:04.440 [main] DEBUG org.springframework.beans.factory.support.DefaultListableBeanFactory - Returning cached instance of singleton bean 'autoConfigurationReport'
11:19:04.440 [main] DEBUG org.springframework.beans.factory.support.DefaultListableBeanFactory - Returning cached instance of singleton bean 'autoConfigurationReport'
11:19:04.440 [main] DEBUG org.springframework.beans.factory.support.DefaultListableBeanFactory - Returning cached instance of singleton bean 'org.springframework.boot.autoconfigure.condition.BeanTypeRegistry'
11:19:04.440 [main] DEBUG org.springframework.beans.factory.support.DefaultListableBeanFactory - Returning cached instance of singleton bean 'autoConfigurationReport'
11:19:04.441 [main] DEBUG org.springframework.context.annotation.ConfigurationClassBeanDefinitionReader - Registered bean definition for imported class 'org.springframework.boot.autoconfigure.http.JacksonHttpMessageConvertersConfiguration$MappingJackson2HttpMessageConverterConfiguration'
11:19:04.483 [main] DEBUG org.springframework.beans.factory.support.DefaultListableBeanFactory - Returning cached instance of singleton bean 'org.springframework.boot.autoconfigure.condition.BeanTypeRegistry'
11:19:04.484 [main] DEBUG org.springframework.beans.factory.support.DefaultListableBeanFactory - Returning cached instance of singleton bean 'autoConfigurationReport'
11:19:04.484 [main] DEBUG org.springframework.context.annotation.ConfigurationClassBeanDefinitionReader - Registering bean definition for @Bean method org.springframework.boot.autoconfigure.http.JacksonHttpMessageConvertersConfiguration$MappingJackson2HttpMessageConverterConfiguration.mappingJackson2HttpMessageConverter()
11:19:04.484 [main] DEBUG org.springframework.context.annotation.ConfigurationClassBeanDefinitionReader - Registered bean definition for imported class 'org.springframework.boot.autoconfigure.http.JacksonHttpMessageConvertersConfiguration'
11:19:04.484 [main] DEBUG org.springframework.context.annotation.ConfigurationClassBeanDefinitionReader - Registered bean definition for imported class 'org.springframework.boot.autoconfigure.http.HttpMessageConvertersAutoConfiguration'
11:19:04.485 [main] DEBUG org.springframework.beans.factory.support.DefaultListableBeanFactory - Returning cached instance of singleton bean 'org.springframework.boot.autoconfigure.condition.BeanTypeRegistry'
11:19:04.485 [main] DEBUG org.springframework.beans.factory.support.DefaultListableBeanFactory - Returning cached instance of singleton bean 'autoConfigurationReport'
11:19:04.486 [main] DEBUG org.springframework.context.annotation.ConfigurationClassBeanDefinitionReader - Registering bean definition for @Bean method org.springframework.boot.autoconfigure.http.HttpMessageConvertersAutoConfiguration.messageConverters()
11:19:04.486 [main] DEBUG org.springframework.context.annotation.ConfigurationClassBeanDefinitionReader - Registered bean definition for imported class 'org.springframework.boot.autoconfigure.info.ProjectInfoAutoConfiguration'
11:19:04.486 [main] DEBUG org.springframework.core.env.PropertySourcesPropertyResolver - Could not find key 'spring.info.git.location' in any property source
11:19:04.486 [main] DEBUG org.springframework.beans.factory.support.DefaultListableBeanFactory - Returning cached instance of singleton bean 'autoConfigurationReport'
11:19:04.487 [main] DEBUG org.springframework.core.env.PropertySourcesPropertyResolver - Could not find key 'spring.info.build.location:classpath:META-INF/build-info.properties' in any property source
11:19:04.487 [main] DEBUG org.springframework.core.env.PropertySourcesPropertyResolver - Could not find key 'spring.info.build.location' in any property source
11:19:04.488 [main] DEBUG org.springframework.beans.factory.support.DefaultListableBeanFactory - Returning cached instance of singleton bean 'autoConfigurationReport'
11:19:04.488 [main] DEBUG org.springframework.beans.factory.support.DefaultListableBeanFactory - Returning cached instance of singleton bean 'autoConfigurationReport'
11:19:04.488 [main] DEBUG org.springframework.beans.factory.support.DefaultListableBeanFactory - Returning cached instance of singleton bean 'org.springframework.boot.autoconfigure.condition.BeanTypeRegistry'
11:19:04.489 [main] DEBUG org.springframework.beans.factory.support.DefaultListableBeanFactory - Returning cached instance of singleton bean 'autoConfigurationReport'
11:19:04.490 [main] DEBUG org.springframework.context.annotation.ConfigurationClassBeanDefinitionReader - Registered bean definition for imported class 'org.springframework.boot.autoconfigure.jdbc.DataSourceTransactionManagerAutoConfiguration$DataSourceTransactionManagerConfiguration'
11:19:04.490 [main] DEBUG org.springframework.beans.factory.support.DefaultListableBeanFactory - Returning cached instance of singleton bean 'org.springframework.boot.autoconfigure.condition.BeanTypeRegistry'
11:19:04.490 [main] DEBUG org.springframework.beans.factory.support.DefaultListableBeanFactory - Returning cached instance of singleton bean 'autoConfigurationReport'
11:19:04.490 [main] DEBUG org.springframework.context.annotation.ConfigurationClassBeanDefinitionReader - Registered bean definition for imported class 'org.springframework.boot.autoconfigure.jdbc.DataSourceTransactionManagerAutoConfiguration'
11:19:04.491 [main] DEBUG org.springframework.beans.factory.support.DefaultListableBeanFactory - Returning cached instance of singleton bean 'autoConfigurationReport'
11:19:04.492 [main] DEBUG org.springframework.beans.factory.support.DefaultListableBeanFactory - Returning cached instance of singleton bean 'org.springframework.boot.autoconfigure.condition.BeanTypeRegistry'
11:19:04.492 [main] DEBUG org.springframework.beans.factory.support.DefaultListableBeanFactory - Returning cached instance of singleton bean 'org.springframework.boot.autoconfigure.condition.BeanTypeRegistry'
11:19:04.492 [main] DEBUG org.springframework.beans.factory.support.DefaultListableBeanFactory - Returning cached instance of singleton bean 'autoConfigurationReport'
11:19:04.493 [main] DEBUG org.springframework.beans.factory.support.DefaultListableBeanFactory - Returning cached instance of singleton bean 'org.springframework.boot.autoconfigure.condition.BeanTypeRegistry'
11:19:04.493 [main] DEBUG org.springframework.beans.factory.support.DefaultListableBeanFactory - Returning cached instance of singleton bean 'autoConfigurationReport'
11:19:04.493 [main] DEBUG org.springframework.context.annotation.ConfigurationClassBeanDefinitionReader - Registered bean definition for imported class 'org.springframework.boot.autoconfigure.transaction.TransactionAutoConfiguration$TransactionTemplateConfiguration'
11:19:04.493 [main] DEBUG org.springframework.beans.factory.support.DefaultListableBeanFactory - Returning cached instance of singleton bean 'org.springframework.boot.autoconfigure.condition.BeanTypeRegistry'
11:19:04.493 [main] DEBUG org.springframework.beans.factory.support.DefaultListableBeanFactory - Returning cached instance of singleton bean 'autoConfigurationReport'
11:19:04.494 [main] DEBUG org.springframework.context.annotation.ConfigurationClassBeanDefinitionReader - Registering bean definition for @Bean method org.springframework.boot.autoconfigure.transaction.TransactionAutoConfiguration$TransactionTemplateConfiguration.transactionTemplate()
11:19:04.494 [main] DEBUG org.springframework.context.annotation.ConfigurationClassBeanDefinitionReader - Registered bean definition for imported class 'org.springframework.boot.autoconfigure.transaction.TransactionAutoConfiguration'
11:19:04.494 [main] DEBUG org.springframework.beans.factory.support.DefaultListableBeanFactory - Returning cached instance of singleton bean 'org.springframework.boot.autoconfigure.condition.BeanTypeRegistry'
11:19:04.494 [main] DEBUG org.springframework.beans.factory.support.DefaultListableBeanFactory - Returning cached instance of singleton bean 'autoConfigurationReport'
11:19:04.495 [main] DEBUG org.springframework.context.annotation.ConfigurationClassBeanDefinitionReader - Registering bean definition for @Bean method org.springframework.boot.autoconfigure.transaction.TransactionAutoConfiguration.platformTransactionManagerCustomizers()
11:19:04.495 [main] DEBUG org.springframework.context.annotation.ConfigurationClassBeanDefinitionReader - Registered bean definition for imported class 'org.springframework.boot.autoconfigure.security.reactive.ReactiveSecurityAutoConfiguration'
11:19:04.495 [main] DEBUG org.springframework.beans.factory.support.DefaultListableBeanFactory - Returning cached instance of singleton bean 'autoConfigurationReport'
11:19:04.495 [main] DEBUG org.springframework.context.annotation.ConfigurationClassBeanDefinitionReader - Registered bean definition for imported class 'org.springframework.boot.autoconfigure.web.client.RestTemplateAutoConfiguration'
11:19:04.495 [main] DEBUG org.springframework.beans.factory.support.DefaultListableBeanFactory - Returning cached instance of singleton bean 'org.springframework.boot.autoconfigure.condition.BeanTypeRegistry'
11:19:04.496 [main] DEBUG org.springframework.beans.factory.support.DefaultListableBeanFactory - Returning cached instance of singleton bean 'autoConfigurationReport'
11:19:04.496 [main] DEBUG org.springframework.context.annotation.ConfigurationClassBeanDefinitionReader - Registering bean definition for @Bean method org.springframework.boot.autoconfigure.web.client.RestTemplateAutoConfiguration.restTemplateBuilder()
11:19:04.496 [main] DEBUG org.springframework.beans.factory.support.DefaultListableBeanFactory - Returning cached instance of singleton bean 'autoConfigurationReport'
11:19:04.496 [main] DEBUG org.springframework.context.annotation.ConfigurationClassBeanDefinitionReader - Registered bean definition for imported class 'org.springframework.boot.autoconfigure.web.embedded.EmbeddedWebServerFactoryCustomizerAutoConfiguration$TomcatWebServerFactoryCustomizerConfiguration'
11:19:04.497 [main] DEBUG org.springframework.context.annotation.ConfigurationClassBeanDefinitionReader - Registering bean definition for @Bean method org.springframework.boot.autoconfigure.web.embedded.EmbeddedWebServerFactoryCustomizerAutoConfiguration$TomcatWebServerFactoryCustomizerConfiguration.tomcatWebServerFactoryCustomizer()
11:19:04.497 [main] DEBUG org.springframework.context.annotation.ConfigurationClassBeanDefinitionReader - Registered bean definition for imported class 'org.springframework.boot.autoconfigure.web.embedded.EmbeddedWebServerFactoryCustomizerAutoConfiguration'
11:19:04.497 [main] DEBUG org.springframework.beans.factory.support.DefaultListableBeanFactory - Returning cached instance of singleton bean 'autoConfigurationReport'
11:19:04.500 [main] DEBUG org.springframework.context.annotation.ConfigurationClassEnhancer - Successfully enhanced org.reverside.bootcamp.ubereats.App; enhanced class name is: org.reverside.bootcamp.ubereats.App$$EnhancerBySpringCGLIB$$b1a11de8
11:19:04.500 [main] DEBUG org.springframework.context.annotation.ConfigurationClassPostProcessor - Replacing bean definition 'app' existing class 'org.reverside.bootcamp.ubereats.App' with enhanced class 'org.reverside.bootcamp.ubereats.App$$EnhancerBySpringCGLIB$$b1a11de8'
11:19:04.500 [main] DEBUG org.springframework.context.annotation.ConfigurationClassEnhancer - Successfully enhanced org.reverside.bootcamp.ubereats.config.HibernateConfig; enhanced class name is: org.reverside.bootcamp.ubereats.config.HibernateConfig$$EnhancerBySpringCGLIB$$d611b86d
11:19:04.501 [main] DEBUG org.springframework.context.annotation.ConfigurationClassPostProcessor - Replacing bean definition 'hibernateConfig' existing class 'org.reverside.bootcamp.ubereats.config.HibernateConfig' with enhanced class 'org.reverside.bootcamp.ubereats.config.HibernateConfig$$EnhancerBySpringCGLIB$$d611b86d'
11:19:04.502 [main] DEBUG org.springframework.context.annotation.ConfigurationClassEnhancer - Successfully enhanced org.springframework.transaction.annotation.ProxyTransactionManagementConfiguration; enhanced class name is: org.springframework.transaction.annotation.ProxyTransactionManagementConfiguration$$EnhancerBySpringCGLIB$$df77b4d1
11:19:04.502 [main] DEBUG org.springframework.context.annotation.ConfigurationClassPostProcessor - Replacing bean definition 'org.springframework.transaction.annotation.ProxyTransactionManagementConfiguration' existing class 'org.springframework.transaction.annotation.ProxyTransactionManagementConfiguration' with enhanced class 'org.springframework.transaction.annotation.ProxyTransactionManagementConfiguration$$EnhancerBySpringCGLIB$$df77b4d1'
11:19:04.502 [main] DEBUG org.springframework.context.annotation.ConfigurationClassEnhancer - Successfully enhanced org.springframework.boot.autoconfigure.context.PropertyPlaceholderAutoConfiguration; enhanced class name is: org.springframework.boot.autoconfigure.context.PropertyPlaceholderAutoConfiguration$$EnhancerBySpringCGLIB$$e02e270a
11:19:04.502 [main] DEBUG org.springframework.context.annotation.ConfigurationClassPostProcessor - Replacing bean definition 'org.springframework.boot.autoconfigure.context.PropertyPlaceholderAutoConfiguration' existing class 'org.springframework.boot.autoconfigure.context.PropertyPlaceholderAutoConfiguration' with enhanced class 'org.springframework.boot.autoconfigure.context.PropertyPlaceholderAutoConfiguration$$EnhancerBySpringCGLIB$$e02e270a'
11:19:04.502 [main] DEBUG org.springframework.context.annotation.ConfigurationClassEnhancer - Successfully enhanced org.springframework.boot.autoconfigure.jackson.JacksonAutoConfiguration$Jackson2ObjectMapperBuilderCustomizerConfiguration; enhanced class name is: org.springframework.boot.autoconfigure.jackson.JacksonAutoConfiguration$Jackson2ObjectMapperBuilderCustomizerConfiguration$$EnhancerBySpringCGLIB$$a86edc6a
11:19:04.502 [main] DEBUG org.springframework.context.annotation.ConfigurationClassPostProcessor - Replacing bean definition 'org.springframework.boot.autoconfigure.jackson.JacksonAutoConfiguration$Jackson2ObjectMapperBuilderCustomizerConfiguration' existing class 'org.springframework.boot.autoconfigure.jackson.JacksonAutoConfiguration$Jackson2ObjectMapperBuilderCustomizerConfiguration' with enhanced class 'org.springframework.boot.autoconfigure.jackson.JacksonAutoConfiguration$Jackson2ObjectMapperBuilderCustomizerConfiguration$$EnhancerBySpringCGLIB$$a86edc6a'
11:19:04.502 [main] DEBUG org.springframework.context.annotation.ConfigurationClassEnhancer - Successfully enhanced org.springframework.boot.autoconfigure.jackson.JacksonAutoConfiguration$JacksonObjectMapperBuilderConfiguration; enhanced class name is: org.springframework.boot.autoconfigure.jackson.JacksonAutoConfiguration$JacksonObjectMapperBuilderConfiguration$$EnhancerBySpringCGLIB$$ed57f67b
11:19:04.502 [main] DEBUG org.springframework.context.annotation.ConfigurationClassPostProcessor - Replacing bean definition 'org.springframework.boot.autoconfigure.jackson.JacksonAutoConfiguration$JacksonObjectMapperBuilderConfiguration' existing class 'org.springframework.boot.autoconfigure.jackson.JacksonAutoConfiguration$JacksonObjectMapperBuilderConfiguration' with enhanced class 'org.springframework.boot.autoconfigure.jackson.JacksonAutoConfiguration$JacksonObjectMapperBuilderConfiguration$$EnhancerBySpringCGLIB$$ed57f67b'
11:19:04.502 [main] DEBUG org.springframework.context.annotation.ConfigurationClassEnhancer - Successfully enhanced org.springframework.boot.autoconfigure.jackson.JacksonAutoConfiguration$ParameterNamesModuleConfiguration; enhanced class name is: org.springframework.boot.autoconfigure.jackson.JacksonAutoConfiguration$ParameterNamesModuleConfiguration$$EnhancerBySpringCGLIB$$cf3a5398
11:19:04.503 [main] DEBUG org.springframework.context.annotation.ConfigurationClassPostProcessor - Replacing bean definition 'org.springframework.boot.autoconfigure.jackson.JacksonAutoConfiguration$ParameterNamesModuleConfiguration' existing class 'org.springframework.boot.autoconfigure.jackson.JacksonAutoConfiguration$ParameterNamesModuleConfiguration' with enhanced class 'org.springframework.boot.autoconfigure.jackson.JacksonAutoConfiguration$ParameterNamesModuleConfiguration$$EnhancerBySpringCGLIB$$cf3a5398'
11:19:04.503 [main] DEBUG org.springframework.context.annotation.ConfigurationClassEnhancer - Successfully enhanced org.springframework.boot.autoconfigure.jackson.JacksonAutoConfiguration$JacksonObjectMapperConfiguration; enhanced class name is: org.springframework.boot.autoconfigure.jackson.JacksonAutoConfiguration$JacksonObjectMapperConfiguration$$EnhancerBySpringCGLIB$$3b0b3462
11:19:04.503 [main] DEBUG org.springframework.context.annotation.ConfigurationClassPostProcessor - Replacing bean definition 'org.springframework.boot.autoconfigure.jackson.JacksonAutoConfiguration$JacksonObjectMapperConfiguration' existing class 'org.springframework.boot.autoconfigure.jackson.JacksonAutoConfiguration$JacksonObjectMapperConfiguration' with enhanced class 'org.springframework.boot.autoconfigure.jackson.JacksonAutoConfiguration$JacksonObjectMapperConfiguration$$EnhancerBySpringCGLIB$$3b0b3462'
11:19:04.503 [main] DEBUG org.springframework.context.annotation.ConfigurationClassEnhancer - Successfully enhanced org.springframework.boot.autoconfigure.jackson.JacksonAutoConfiguration; enhanced class name is: org.springframework.boot.autoconfigure.jackson.JacksonAutoConfiguration$$EnhancerBySpringCGLIB$$1d16d1f1
11:19:04.503 [main] DEBUG org.springframework.context.annotation.ConfigurationClassPostProcessor - Replacing bean definition 'org.springframework.boot.autoconfigure.jackson.JacksonAutoConfiguration' existing class 'org.springframework.boot.autoconfigure.jackson.JacksonAutoConfiguration' with enhanced class 'org.springframework.boot.autoconfigure.jackson.JacksonAutoConfiguration$$EnhancerBySpringCGLIB$$1d16d1f1'
11:19:04.503 [main] DEBUG org.springframework.context.annotation.ConfigurationClassEnhancer - Successfully enhanced org.springframework.boot.autoconfigure.http.codec.CodecsAutoConfiguration$JacksonCodecConfiguration; enhanced class name is: org.springframework.boot.autoconfigure.http.codec.CodecsAutoConfiguration$JacksonCodecConfiguration$$EnhancerBySpringCGLIB$$4751d01d
11:19:04.503 [main] DEBUG org.springframework.context.annotation.ConfigurationClassPostProcessor - Replacing bean definition 'org.springframework.boot.autoconfigure.http.codec.CodecsAutoConfiguration$JacksonCodecConfiguration' existing class 'org.springframework.boot.autoconfigure.http.codec.CodecsAutoConfiguration$JacksonCodecConfiguration' with enhanced class 'org.springframework.boot.autoconfigure.http.codec.CodecsAutoConfiguration$JacksonCodecConfiguration$$EnhancerBySpringCGLIB$$4751d01d'
11:19:04.503 [main] DEBUG org.springframework.context.annotation.ConfigurationClassEnhancer - Successfully enhanced org.springframework.boot.autoconfigure.http.codec.CodecsAutoConfiguration; enhanced class name is: org.springframework.boot.autoconfigure.http.codec.CodecsAutoConfiguration$$EnhancerBySpringCGLIB$$521f47ce
11:19:04.503 [main] DEBUG org.springframework.context.annotation.ConfigurationClassPostProcessor - Replacing bean definition 'org.springframework.boot.autoconfigure.http.codec.CodecsAutoConfiguration' existing class 'org.springframework.boot.autoconfigure.http.codec.CodecsAutoConfiguration' with enhanced class 'org.springframework.boot.autoconfigure.http.codec.CodecsAutoConfiguration$$EnhancerBySpringCGLIB$$521f47ce'
11:19:04.503 [main] DEBUG org.springframework.context.annotation.ConfigurationClassEnhancer - Successfully enhanced org.springframework.boot.autoconfigure.validation.ValidationAutoConfiguration; enhanced class name is: org.springframework.boot.autoconfigure.validation.ValidationAutoConfiguration$$EnhancerBySpringCGLIB$$5077455b
11:19:04.503 [main] DEBUG org.springframework.context.annotation.ConfigurationClassPostProcessor - Replacing bean definition 'org.springframework.boot.autoconfigure.validation.ValidationAutoConfiguration' existing class 'org.springframework.boot.autoconfigure.validation.ValidationAutoConfiguration' with enhanced class 'org.springframework.boot.autoconfigure.validation.ValidationAutoConfiguration$$EnhancerBySpringCGLIB$$5077455b'
11:19:04.503 [main] DEBUG org.springframework.context.annotation.ConfigurationClassEnhancer - Successfully enhanced org.springframework.boot.autoconfigure.jdbc.metadata.DataSourcePoolMetadataProvidersConfiguration$CommonsDbcp2PoolDataSourceMetadataProviderConfiguration; enhanced class name is: org.springframework.boot.autoconfigure.jdbc.metadata.DataSourcePoolMetadataProvidersConfiguration$CommonsDbcp2PoolDataSourceMetadataProviderConfiguration$$EnhancerBySpringCGLIB$$533f7a64
11:19:04.503 [main] DEBUG org.springframework.context.annotation.ConfigurationClassPostProcessor - Replacing bean definition 'org.springframework.boot.autoconfigure.jdbc.metadata.DataSourcePoolMetadataProvidersConfiguration$CommonsDbcp2PoolDataSourceMetadataProviderConfiguration' existing class 'org.springframework.boot.autoconfigure.jdbc.metadata.DataSourcePoolMetadataProvidersConfiguration$CommonsDbcp2PoolDataSourceMetadataProviderConfiguration' with enhanced class 'org.springframework.boot.autoconfigure.jdbc.metadata.DataSourcePoolMetadataProvidersConfiguration$CommonsDbcp2PoolDataSourceMetadataProviderConfiguration$$EnhancerBySpringCGLIB$$533f7a64'
11:19:04.504 [main] DEBUG org.springframework.context.annotation.ConfigurationClassEnhancer - Successfully enhanced org.springframework.boot.autoconfigure.jdbc.metadata.DataSourcePoolMetadataProvidersConfiguration$HikariPoolDataSourceMetadataProviderConfiguration; enhanced class name is: org.springframework.boot.autoconfigure.jdbc.metadata.DataSourcePoolMetadataProvidersConfiguration$HikariPoolDataSourceMetadataProviderConfiguration$$EnhancerBySpringCGLIB$$3fcedcb5
11:19:04.504 [main] DEBUG org.springframework.context.annotation.ConfigurationClassPostProcessor - Replacing bean definition 'org.springframework.boot.autoconfigure.jdbc.metadata.DataSourcePoolMetadataProvidersConfiguration$HikariPoolDataSourceMetadataProviderConfiguration' existing class 'org.springframework.boot.autoconfigure.jdbc.metadata.DataSourcePoolMetadataProvidersConfiguration$HikariPoolDataSourceMetadataProviderConfiguration' with enhanced class 'org.springframework.boot.autoconfigure.jdbc.metadata.DataSourcePoolMetadataProvidersConfiguration$HikariPoolDataSourceMetadataProviderConfiguration$$EnhancerBySpringCGLIB$$3fcedcb5'
11:19:04.504 [main] DEBUG org.springframework.context.annotation.ConfigurationClassEnhancer - Successfully enhanced org.springframework.boot.autoconfigure.jdbc.metadata.DataSourcePoolMetadataProvidersConfiguration; enhanced class name is: org.springframework.boot.autoconfigure.jdbc.metadata.DataSourcePoolMetadataProvidersConfiguration$$EnhancerBySpringCGLIB$$bc689d12
11:19:04.504 [main] DEBUG org.springframework.context.annotation.ConfigurationClassPostProcessor - Replacing bean definition 'org.springframework.boot.autoconfigure.jdbc.metadata.DataSourcePoolMetadataProvidersConfiguration' existing class 'org.springframework.boot.autoconfigure.jdbc.metadata.DataSourcePoolMetadataProvidersConfiguration' with enhanced class 'org.springframework.boot.autoconfigure.jdbc.metadata.DataSourcePoolMetadataProvidersConfiguration$$EnhancerBySpringCGLIB$$bc689d12'
11:19:04.504 [main] DEBUG org.springframework.context.annotation.ConfigurationClassEnhancer - Successfully enhanced org.springframework.boot.autoconfigure.jdbc.DataSourceInitializationConfiguration; enhanced class name is: org.springframework.boot.autoconfigure.jdbc.DataSourceInitializationConfiguration$$EnhancerBySpringCGLIB$$7adda6c0
11:19:04.504 [main] DEBUG org.springframework.context.annotation.ConfigurationClassPostProcessor - Replacing bean definition 'org.springframework.boot.autoconfigure.jdbc.DataSourceInitializationConfiguration' existing class 'org.springframework.boot.autoconfigure.jdbc.DataSourceInitializationConfiguration' with enhanced class 'org.springframework.boot.autoconfigure.jdbc.DataSourceInitializationConfiguration$$EnhancerBySpringCGLIB$$7adda6c0'
11:19:04.504 [main] DEBUG org.springframework.context.annotation.ConfigurationClassEnhancer - Successfully enhanced org.springframework.boot.autoconfigure.jdbc.DataSourceAutoConfiguration; enhanced class name is: org.springframework.boot.autoconfigure.jdbc.DataSourceAutoConfiguration$$EnhancerBySpringCGLIB$$c16b5831
11:19:04.504 [main] DEBUG org.springframework.context.annotation.ConfigurationClassPostProcessor - Replacing bean definition 'org.springframework.boot.autoconfigure.jdbc.DataSourceAutoConfiguration' existing class 'org.springframework.boot.autoconfigure.jdbc.DataSourceAutoConfiguration' with enhanced class 'org.springframework.boot.autoconfigure.jdbc.DataSourceAutoConfiguration$$EnhancerBySpringCGLIB$$c16b5831'
11:19:04.504 [main] DEBUG org.springframework.context.annotation.ConfigurationClassEnhancer - Successfully enhanced org.springframework.boot.autoconfigure.jdbc.JdbcTemplateAutoConfiguration$JdbcTemplateConfiguration; enhanced class name is: org.springframework.boot.autoconfigure.jdbc.JdbcTemplateAutoConfiguration$JdbcTemplateConfiguration$$EnhancerBySpringCGLIB$$f802e33e
11:19:04.504 [main] DEBUG org.springframework.context.annotation.ConfigurationClassPostProcessor - Replacing bean definition 'org.springframework.boot.autoconfigure.jdbc.JdbcTemplateAutoConfiguration$JdbcTemplateConfiguration' existing class 'org.springframework.boot.autoconfigure.jdbc.JdbcTemplateAutoConfiguration$JdbcTemplateConfiguration' with enhanced class 'org.springframework.boot.autoconfigure.jdbc.JdbcTemplateAutoConfiguration$JdbcTemplateConfiguration$$EnhancerBySpringCGLIB$$f802e33e'
11:19:04.504 [main] DEBUG org.springframework.context.annotation.ConfigurationClassEnhancer - Successfully enhanced org.springframework.boot.autoconfigure.jdbc.JdbcTemplateAutoConfiguration$NamedParameterJdbcTemplateConfiguration; enhanced class name is: org.springframework.boot.autoconfigure.jdbc.JdbcTemplateAutoConfiguration$NamedParameterJdbcTemplateConfiguration$$EnhancerBySpringCGLIB$$e9e3da6e
11:19:04.504 [main] DEBUG org.springframework.context.annotation.ConfigurationClassPostProcessor - Replacing bean definition 'org.springframework.boot.autoconfigure.jdbc.JdbcTemplateAutoConfiguration$NamedParameterJdbcTemplateConfiguration' existing class 'org.springframework.boot.autoconfigure.jdbc.JdbcTemplateAutoConfiguration$NamedParameterJdbcTemplateConfiguration' with enhanced class 'org.springframework.boot.autoconfigure.jdbc.JdbcTemplateAutoConfiguration$NamedParameterJdbcTemplateConfiguration$$EnhancerBySpringCGLIB$$e9e3da6e'
11:19:04.505 [main] DEBUG org.springframework.context.annotation.ConfigurationClassEnhancer - Successfully enhanced org.springframework.boot.autoconfigure.jdbc.JdbcTemplateAutoConfiguration; enhanced class name is: org.springframework.boot.autoconfigure.jdbc.JdbcTemplateAutoConfiguration$$EnhancerBySpringCGLIB$$ff5be9c1
11:19:04.505 [main] DEBUG org.springframework.context.annotation.ConfigurationClassPostProcessor - Replacing bean definition 'org.springframework.boot.autoconfigure.jdbc.JdbcTemplateAutoConfiguration' existing class 'org.springframework.boot.autoconfigure.jdbc.JdbcTemplateAutoConfiguration' with enhanced class 'org.springframework.boot.autoconfigure.jdbc.JdbcTemplateAutoConfiguration$$EnhancerBySpringCGLIB$$ff5be9c1'
11:19:04.505 [main] DEBUG org.springframework.context.annotation.ConfigurationClassEnhancer - Successfully enhanced org.springframework.boot.autoconfigure.jmx.JmxAutoConfiguration; enhanced class name is: org.springframework.boot.autoconfigure.jmx.JmxAutoConfiguration$$EnhancerBySpringCGLIB$$5ee323ed
11:19:04.505 [main] DEBUG org.springframework.context.annotation.ConfigurationClassPostProcessor - Replacing bean definition 'org.springframework.boot.autoconfigure.jmx.JmxAutoConfiguration' existing class 'org.springframework.boot.autoconfigure.jmx.JmxAutoConfiguration' with enhanced class 'org.springframework.boot.autoconfigure.jmx.JmxAutoConfiguration$$EnhancerBySpringCGLIB$$5ee323ed'
11:19:04.505 [main] DEBUG org.springframework.context.annotation.ConfigurationClassEnhancer - Successfully enhanced org.springframework.boot.autoconfigure.aop.AopAutoConfiguration$CglibAutoProxyConfiguration; enhanced class name is: org.springframework.boot.autoconfigure.aop.AopAutoConfiguration$CglibAutoProxyConfiguration$$EnhancerBySpringCGLIB$$1b943407
11:19:04.505 [main] DEBUG org.springframework.context.annotation.ConfigurationClassPostProcessor - Replacing bean definition 'org.springframework.boot.autoconfigure.aop.AopAutoConfiguration$CglibAutoProxyConfiguration' existing class 'org.springframework.boot.autoconfigure.aop.AopAutoConfiguration$CglibAutoProxyConfiguration' with enhanced class 'org.springframework.boot.autoconfigure.aop.AopAutoConfiguration$CglibAutoProxyConfiguration$$EnhancerBySpringCGLIB$$1b943407'
11:19:04.505 [main] DEBUG org.springframework.context.annotation.ConfigurationClassEnhancer - Successfully enhanced org.springframework.boot.autoconfigure.aop.AopAutoConfiguration; enhanced class name is: org.springframework.boot.autoconfigure.aop.AopAutoConfiguration$$EnhancerBySpringCGLIB$$2ace3393
11:19:04.505 [main] DEBUG org.springframework.context.annotation.ConfigurationClassPostProcessor - Replacing bean definition 'org.springframework.boot.autoconfigure.aop.AopAutoConfiguration' existing class 'org.springframework.boot.autoconfigure.aop.AopAutoConfiguration' with enhanced class 'org.springframework.boot.autoconfigure.aop.AopAutoConfiguration$$EnhancerBySpringCGLIB$$2ace3393'
11:19:04.505 [main] DEBUG org.springframework.context.annotation.ConfigurationClassEnhancer - Successfully enhanced org.springframework.boot.autoconfigure.orm.jpa.HibernateJpaConfiguration; enhanced class name is: org.springframework.boot.autoconfigure.orm.jpa.HibernateJpaConfiguration$$EnhancerBySpringCGLIB$$fe4e7740
11:19:04.505 [main] DEBUG org.springframework.context.annotation.ConfigurationClassPostProcessor - Replacing bean definition 'org.springframework.boot.autoconfigure.orm.jpa.HibernateJpaConfiguration' existing class 'org.springframework.boot.autoconfigure.orm.jpa.HibernateJpaConfiguration' with enhanced class 'org.springframework.boot.autoconfigure.orm.jpa.HibernateJpaConfiguration$$EnhancerBySpringCGLIB$$fe4e7740'
11:19:04.505 [main] DEBUG org.springframework.context.annotation.ConfigurationClassEnhancer - Successfully enhanced org.springframework.boot.autoconfigure.orm.jpa.HibernateJpaAutoConfiguration; enhanced class name is: org.springframework.boot.autoconfigure.orm.jpa.HibernateJpaAutoConfiguration$$EnhancerBySpringCGLIB$$48fe18f1
11:19:04.505 [main] DEBUG org.springframework.context.annotation.ConfigurationClassPostProcessor - Replacing bean definition 'org.springframework.boot.autoconfigure.orm.jpa.HibernateJpaAutoConfiguration' existing class 'org.springframework.boot.autoconfigure.orm.jpa.HibernateJpaAutoConfiguration' with enhanced class 'org.springframework.boot.autoconfigure.orm.jpa.HibernateJpaAutoConfiguration$$EnhancerBySpringCGLIB$$48fe18f1'
11:19:04.505 [main] DEBUG org.springframework.context.annotation.ConfigurationClassEnhancer - Successfully enhanced org.springframework.boot.autoconfigure.context.ConfigurationPropertiesAutoConfiguration; enhanced class name is: org.springframework.boot.autoconfigure.context.ConfigurationPropertiesAutoConfiguration$$EnhancerBySpringCGLIB$$cf01401f
11:19:04.505 [main] DEBUG org.springframework.context.annotation.ConfigurationClassPostProcessor - Replacing bean definition 'org.springframework.boot.autoconfigure.context.ConfigurationPropertiesAutoConfiguration' existing class 'org.springframework.boot.autoconfigure.context.ConfigurationPropertiesAutoConfiguration' with enhanced class 'org.springframework.boot.autoconfigure.context.ConfigurationPropertiesAutoConfiguration$$EnhancerBySpringCGLIB$$cf01401f'
11:19:04.505 [main] DEBUG org.springframework.context.annotation.ConfigurationClassEnhancer - Successfully enhanced org.springframework.boot.autoconfigure.data.jpa.JpaRepositoriesAutoConfiguration; enhanced class name is: org.springframework.boot.autoconfigure.data.jpa.JpaRepositoriesAutoConfiguration$$EnhancerBySpringCGLIB$$8f52a285
11:19:04.505 [main] DEBUG org.springframework.context.annotation.ConfigurationClassPostProcessor - Replacing bean definition 'org.springframework.boot.autoconfigure.data.jpa.JpaRepositoriesAutoConfiguration' existing class 'org.springframework.boot.autoconfigure.data.jpa.JpaRepositoriesAutoConfiguration' with enhanced class 'org.springframework.boot.autoconfigure.data.jpa.JpaRepositoriesAutoConfiguration$$EnhancerBySpringCGLIB$$8f52a285'
11:19:04.505 [main] DEBUG org.springframework.context.annotation.ConfigurationClassEnhancer - Successfully enhanced org.springframework.boot.autoconfigure.http.HttpMessageConvertersAutoConfiguration$StringHttpMessageConverterConfiguration; enhanced class name is: org.springframework.boot.autoconfigure.http.HttpMessageConvertersAutoConfiguration$StringHttpMessageConverterConfiguration$$EnhancerBySpringCGLIB$$2cb94705
11:19:04.506 [main] DEBUG org.springframework.context.annotation.ConfigurationClassPostProcessor - Replacing bean definition 'org.springframework.boot.autoconfigure.http.HttpMessageConvertersAutoConfiguration$StringHttpMessageConverterConfiguration' existing class 'org.springframework.boot.autoconfigure.http.HttpMessageConvertersAutoConfiguration$StringHttpMessageConverterConfiguration' with enhanced class 'org.springframework.boot.autoconfigure.http.HttpMessageConvertersAutoConfiguration$StringHttpMessageConverterConfiguration$$EnhancerBySpringCGLIB$$2cb94705'
11:19:04.506 [main] DEBUG org.springframework.context.annotation.ConfigurationClassEnhancer - Successfully enhanced org.springframework.boot.autoconfigure.http.JacksonHttpMessageConvertersConfiguration$MappingJackson2HttpMessageConverterConfiguration; enhanced class name is: org.springframework.boot.autoconfigure.http.JacksonHttpMessageConvertersConfiguration$MappingJackson2HttpMessageConverterConfiguration$$EnhancerBySpringCGLIB$$668f4305
11:19:04.506 [main] DEBUG org.springframework.context.annotation.ConfigurationClassPostProcessor - Replacing bean definition 'org.springframework.boot.autoconfigure.http.JacksonHttpMessageConvertersConfiguration$MappingJackson2HttpMessageConverterConfiguration' existing class 'org.springframework.boot.autoconfigure.http.JacksonHttpMessageConvertersConfiguration$MappingJackson2HttpMessageConverterConfiguration' with enhanced class 'org.springframework.boot.autoconfigure.http.JacksonHttpMessageConvertersConfiguration$MappingJackson2HttpMessageConverterConfiguration$$EnhancerBySpringCGLIB$$668f4305'
11:19:04.506 [main] DEBUG org.springframework.context.annotation.ConfigurationClassEnhancer - Successfully enhanced org.springframework.boot.autoconfigure.http.JacksonHttpMessageConvertersConfiguration; enhanced class name is: org.springframework.boot.autoconfigure.http.JacksonHttpMessageConvertersConfiguration$$EnhancerBySpringCGLIB$$5d027693
11:19:04.506 [main] DEBUG org.springframework.context.annotation.ConfigurationClassPostProcessor - Replacing bean definition 'org.springframework.boot.autoconfigure.http.JacksonHttpMessageConvertersConfiguration' existing class 'org.springframework.boot.autoconfigure.http.JacksonHttpMessageConvertersConfiguration' with enhanced class 'org.springframework.boot.autoconfigure.http.JacksonHttpMessageConvertersConfiguration$$EnhancerBySpringCGLIB$$5d027693'
11:19:04.506 [main] DEBUG org.springframework.context.annotation.ConfigurationClassEnhancer - Successfully enhanced org.springframework.boot.autoconfigure.http.HttpMessageConvertersAutoConfiguration; enhanced class name is: org.springframework.boot.autoconfigure.http.HttpMessageConvertersAutoConfiguration$$EnhancerBySpringCGLIB$$f9ab8065
11:19:04.506 [main] DEBUG org.springframework.context.annotation.ConfigurationClassPostProcessor - Replacing bean definition 'org.springframework.boot.autoconfigure.http.HttpMessageConvertersAutoConfiguration' existing class 'org.springframework.boot.autoconfigure.http.HttpMessageConvertersAutoConfiguration' with enhanced class 'org.springframework.boot.autoconfigure.http.HttpMessageConvertersAutoConfiguration$$EnhancerBySpringCGLIB$$f9ab8065'
11:19:04.506 [main] DEBUG org.springframework.context.annotation.ConfigurationClassEnhancer - Successfully enhanced org.springframework.boot.autoconfigure.info.ProjectInfoAutoConfiguration; enhanced class name is: org.springframework.boot.autoconfigure.info.ProjectInfoAutoConfiguration$$EnhancerBySpringCGLIB$$1b71c1ea
11:19:04.506 [main] DEBUG org.springframework.context.annotation.ConfigurationClassPostProcessor - Replacing bean definition 'org.springframework.boot.autoconfigure.info.ProjectInfoAutoConfiguration' existing class 'org.springframework.boot.autoconfigure.info.ProjectInfoAutoConfiguration' with enhanced class 'org.springframework.boot.autoconfigure.info.ProjectInfoAutoConfiguration$$EnhancerBySpringCGLIB$$1b71c1ea'
11:19:04.506 [main] DEBUG org.springframework.context.annotation.ConfigurationClassEnhancer - Successfully enhanced org.springframework.boot.autoconfigure.jdbc.DataSourceTransactionManagerAutoConfiguration$DataSourceTransactionManagerConfiguration; enhanced class name is: org.springframework.boot.autoconfigure.jdbc.DataSourceTransactionManagerAutoConfiguration$DataSourceTransactionManagerConfiguration$$EnhancerBySpringCGLIB$$8c784d40
11:19:04.506 [main] DEBUG org.springframework.context.annotation.ConfigurationClassPostProcessor - Replacing bean definition 'org.springframework.boot.autoconfigure.jdbc.DataSourceTransactionManagerAutoConfiguration$DataSourceTransactionManagerConfiguration' existing class 'org.springframework.boot.autoconfigure.jdbc.DataSourceTransactionManagerAutoConfiguration$DataSourceTransactionManagerConfiguration' with enhanced class 'org.springframework.boot.autoconfigure.jdbc.DataSourceTransactionManagerAutoConfiguration$DataSourceTransactionManagerConfiguration$$EnhancerBySpringCGLIB$$8c784d40'
11:19:04.506 [main] DEBUG org.springframework.context.annotation.ConfigurationClassEnhancer - Successfully enhanced org.springframework.boot.autoconfigure.jdbc.DataSourceTransactionManagerAutoConfiguration; enhanced class name is: org.springframework.boot.autoconfigure.jdbc.DataSourceTransactionManagerAutoConfiguration$$EnhancerBySpringCGLIB$$f04ea522
11:19:04.507 [main] DEBUG org.springframework.context.annotation.ConfigurationClassPostProcessor - Replacing bean definition 'org.springframework.boot.autoconfigure.jdbc.DataSourceTransactionManagerAutoConfiguration' existing class 'org.springframework.boot.autoconfigure.jdbc.DataSourceTransactionManagerAutoConfiguration' with enhanced class 'org.springframework.boot.autoconfigure.jdbc.DataSourceTransactionManagerAutoConfiguration$$EnhancerBySpringCGLIB$$f04ea522'
11:19:04.507 [main] DEBUG org.springframework.context.annotation.ConfigurationClassEnhancer - Successfully enhanced org.springframework.boot.autoconfigure.transaction.TransactionAutoConfiguration$TransactionTemplateConfiguration; enhanced class name is: org.springframework.boot.autoconfigure.transaction.TransactionAutoConfiguration$TransactionTemplateConfiguration$$EnhancerBySpringCGLIB$$de021213
11:19:04.507 [main] DEBUG org.springframework.context.annotation.ConfigurationClassPostProcessor - Replacing bean definition 'org.springframework.boot.autoconfigure.transaction.TransactionAutoConfiguration$TransactionTemplateConfiguration' existing class 'org.springframework.boot.autoconfigure.transaction.TransactionAutoConfiguration$TransactionTemplateConfiguration' with enhanced class 'org.springframework.boot.autoconfigure.transaction.TransactionAutoConfiguration$TransactionTemplateConfiguration$$EnhancerBySpringCGLIB$$de021213'
11:19:04.507 [main] DEBUG org.springframework.context.annotation.ConfigurationClassEnhancer - Successfully enhanced org.springframework.boot.autoconfigure.transaction.TransactionAutoConfiguration; enhanced class name is: org.springframework.boot.autoconfigure.transaction.TransactionAutoConfiguration$$EnhancerBySpringCGLIB$$73ebafdb
11:19:04.507 [main] DEBUG org.springframework.context.annotation.ConfigurationClassPostProcessor - Replacing bean definition 'org.springframework.boot.autoconfigure.transaction.TransactionAutoConfiguration' existing class 'org.springframework.boot.autoconfigure.transaction.TransactionAutoConfiguration' with enhanced class 'org.springframework.boot.autoconfigure.transaction.TransactionAutoConfiguration$$EnhancerBySpringCGLIB$$73ebafdb'
11:19:04.507 [main] DEBUG org.springframework.context.annotation.ConfigurationClassEnhancer - Successfully enhanced org.springframework.boot.autoconfigure.security.reactive.ReactiveSecurityAutoConfiguration; enhanced class name is: org.springframework.boot.autoconfigure.security.reactive.ReactiveSecurityAutoConfiguration$$EnhancerBySpringCGLIB$$41d59351
11:19:04.507 [main] DEBUG org.springframework.context.annotation.ConfigurationClassPostProcessor - Replacing bean definition 'org.springframework.boot.autoconfigure.security.reactive.ReactiveSecurityAutoConfiguration' existing class 'org.springframework.boot.autoconfigure.security.reactive.ReactiveSecurityAutoConfiguration' with enhanced class 'org.springframework.boot.autoconfigure.security.reactive.ReactiveSecurityAutoConfiguration$$EnhancerBySpringCGLIB$$41d59351'
11:19:04.507 [main] DEBUG org.springframework.context.annotation.ConfigurationClassEnhancer - Successfully enhanced org.springframework.boot.autoconfigure.web.client.RestTemplateAutoConfiguration; enhanced class name is: org.springframework.boot.autoconfigure.web.client.RestTemplateAutoConfiguration$$EnhancerBySpringCGLIB$$7a8dae52
11:19:04.507 [main] DEBUG org.springframework.context.annotation.ConfigurationClassPostProcessor - Replacing bean definition 'org.springframework.boot.autoconfigure.web.client.RestTemplateAutoConfiguration' existing class 'org.springframework.boot.autoconfigure.web.client.RestTemplateAutoConfiguration' with enhanced class 'org.springframework.boot.autoconfigure.web.client.RestTemplateAutoConfiguration$$EnhancerBySpringCGLIB$$7a8dae52'
11:19:04.507 [main] DEBUG org.springframework.context.annotation.ConfigurationClassEnhancer - Successfully enhanced org.springframework.boot.autoconfigure.web.embedded.EmbeddedWebServerFactoryCustomizerAutoConfiguration; enhanced class name is: org.springframework.boot.autoconfigure.web.embedded.EmbeddedWebServerFactoryCustomizerAutoConfiguration$$EnhancerBySpringCGLIB$$f4dfb4b3
11:19:04.507 [main] DEBUG org.springframework.context.annotation.ConfigurationClassPostProcessor - Replacing bean definition 'org.springframework.boot.autoconfigure.web.embedded.EmbeddedWebServerFactoryCustomizerAutoConfiguration' existing class 'org.springframework.boot.autoconfigure.web.embedded.EmbeddedWebServerFactoryCustomizerAutoConfiguration' with enhanced class 'org.springframework.boot.autoconfigure.web.embedded.EmbeddedWebServerFactoryCustomizerAutoConfiguration$$EnhancerBySpringCGLIB$$f4dfb4b3'
11:19:04.507 [main] DEBUG org.springframework.beans.factory.support.DefaultListableBeanFactory - Creating shared instance of singleton bean 'propertySourcesPlaceholderConfigurer'
11:19:04.507 [main] DEBUG org.springframework.beans.factory.support.DefaultListableBeanFactory - Creating instance of bean 'propertySourcesPlaceholderConfigurer'
11:19:04.508 [main] DEBUG org.springframework.beans.factory.support.DefaultListableBeanFactory - Eagerly caching bean 'propertySourcesPlaceholderConfigurer' to allow for resolving potential circular references
11:19:04.513 [main] DEBUG org.springframework.beans.factory.support.DefaultListableBeanFactory - Finished creating instance of bean 'propertySourcesPlaceholderConfigurer'
11:19:04.513 [main] DEBUG org.springframework.core.env.MutablePropertySources - Adding PropertySource 'environmentProperties' with lowest search precedence
11:19:04.513 [main] DEBUG org.springframework.core.env.MutablePropertySources - Adding PropertySource 'localProperties' with lowest search precedence
11:19:04.513 [main] DEBUG org.springframework.beans.factory.support.DefaultListableBeanFactory - Creating shared instance of singleton bean 'org.springframework.boot.context.properties.ConfigurationBeanFactoryMetadata'
11:19:04.514 [main] DEBUG org.springframework.beans.factory.support.DefaultListableBeanFactory - Creating instance of bean 'org.springframework.boot.context.properties.ConfigurationBeanFactoryMetadata'
11:19:04.514 [main] DEBUG org.springframework.beans.factory.support.DefaultListableBeanFactory - Eagerly caching bean 'org.springframework.boot.context.properties.ConfigurationBeanFactoryMetadata' to allow for resolving potential circular references
11:19:04.515 [main] DEBUG org.springframework.beans.factory.support.DefaultListableBeanFactory - Finished creating instance of bean 'org.springframework.boot.context.properties.ConfigurationBeanFactoryMetadata'
11:19:04.515 [main] DEBUG org.springframework.beans.factory.support.DefaultListableBeanFactory - Creating shared instance of singleton bean 'emBeanDefinitionRegistrarPostProcessor'
11:19:04.515 [main] DEBUG org.springframework.beans.factory.support.DefaultListableBeanFactory - Creating instance of bean 'emBeanDefinitionRegistrarPostProcessor'
11:19:04.515 [main] DEBUG org.springframework.beans.factory.support.DefaultListableBeanFactory - Eagerly caching bean 'emBeanDefinitionRegistrarPostProcessor' to allow for resolving potential circular references
11:19:04.516 [main] DEBUG org.springframework.beans.factory.support.DefaultListableBeanFactory - Finished creating instance of bean 'emBeanDefinitionRegistrarPostProcessor'
11:19:04.519 [main] DEBUG org.springframework.beans.factory.support.DefaultListableBeanFactory - Creating shared instance of singleton bean 'org.springframework.context.annotation.internalAutowiredAnnotationProcessor'
11:19:04.519 [main] DEBUG org.springframework.beans.factory.support.DefaultListableBeanFactory - Creating instance of bean 'org.springframework.context.annotation.internalAutowiredAnnotationProcessor'
11:19:04.519 [main] INFO org.springframework.beans.factory.annotation.AutowiredAnnotationBeanPostProcessor - JSR-330 'javax.inject.Inject' annotation found and supported for autowiring
11:19:04.519 [main] DEBUG org.springframework.beans.factory.support.DefaultListableBeanFactory - Eagerly caching bean 'org.springframework.context.annotation.internalAutowiredAnnotationProcessor' to allow for resolving potential circular references
11:19:04.619 [main] DEBUG org.springframework.beans.factory.support.DefaultListableBeanFactory - Finished creating instance of bean 'org.springframework.context.annotation.internalAutowiredAnnotationProcessor'
11:19:04.622 [main] DEBUG org.springframework.beans.factory.support.DefaultListableBeanFactory - Creating shared instance of singleton bean 'org.springframework.context.annotation.internalRequiredAnnotationProcessor'
11:19:04.622 [main] DEBUG org.springframework.beans.factory.support.DefaultListableBeanFactory - Creating instance of bean 'org.springframework.context.annotation.internalRequiredAnnotationProcessor'
11:19:04.622 [main] DEBUG org.springframework.beans.factory.support.DefaultListableBeanFactory - Eagerly caching bean 'org.springframework.context.annotation.internalRequiredAnnotationProcessor' to allow for resolving potential circular references
11:19:04.626 [main] DEBUG org.springframework.beans.factory.support.DefaultListableBeanFactory - Finished creating instance of bean 'org.springframework.context.annotation.internalRequiredAnnotationProcessor'
11:19:04.627 [main] DEBUG org.springframework.beans.factory.support.DefaultListableBeanFactory - Creating shared instance of singleton bean 'org.springframework.context.annotation.internalCommonAnnotationProcessor'
11:19:04.627 [main] DEBUG org.springframework.beans.factory.support.DefaultListableBeanFactory - Creating instance of bean 'org.springframework.context.annotation.internalCommonAnnotationProcessor'
11:19:04.628 [main] DEBUG org.springframework.beans.factory.support.DefaultListableBeanFactory - Eagerly caching bean 'org.springframework.context.annotation.internalCommonAnnotationProcessor' to allow for resolving potential circular references
11:19:04.633 [main] DEBUG org.springframework.beans.factory.support.DefaultListableBeanFactory - Finished creating instance of bean 'org.springframework.context.annotation.internalCommonAnnotationProcessor'
11:19:04.633 [main] DEBUG org.springframework.beans.factory.support.DefaultListableBeanFactory - Creating shared instance of singleton bean 'org.springframework.context.annotation.internalPersistenceAnnotationProcessor'
11:19:04.633 [main] DEBUG org.springframework.beans.factory.support.DefaultListableBeanFactory - Creating instance of bean 'org.springframework.context.annotation.internalPersistenceAnnotationProcessor'
11:19:04.636 [main] DEBUG org.springframework.beans.factory.support.DefaultListableBeanFactory - Eagerly caching bean 'org.springframework.context.annotation.internalPersistenceAnnotationProcessor' to allow for resolving potential circular references
11:19:04.653 [main] DEBUG org.springframework.beans.factory.support.DefaultListableBeanFactory - Finished creating instance of bean 'org.springframework.context.annotation.internalPersistenceAnnotationProcessor'
11:19:04.655 [main] DEBUG org.springframework.beans.factory.support.DefaultListableBeanFactory - Creating shared instance of singleton bean 'org.springframework.boot.context.properties.ConfigurationPropertiesBindingPostProcessor'
11:19:04.658 [main] DEBUG org.springframework.beans.factory.support.DefaultListableBeanFactory - Creating instance of bean 'org.springframework.boot.context.properties.ConfigurationPropertiesBindingPostProcessor'
11:19:04.660 [main] DEBUG org.springframework.beans.factory.support.DefaultListableBeanFactory - Eagerly caching bean 'org.springframework.boot.context.properties.ConfigurationPropertiesBindingPostProcessor' to allow for resolving potential circular references
11:19:04.666 [main] DEBUG org.springframework.beans.factory.support.DefaultListableBeanFactory - Invoking afterPropertiesSet() on bean with name 'org.springframework.boot.context.properties.ConfigurationPropertiesBindingPostProcessor'
11:19:04.666 [main] DEBUG org.springframework.beans.factory.support.DefaultListableBeanFactory - Returning cached instance of singleton bean 'org.springframework.boot.context.properties.ConfigurationBeanFactoryMetadata'
11:19:04.668 [main] DEBUG org.springframework.beans.factory.support.DefaultListableBeanFactory - Returning cached instance of singleton bean 'propertySourcesPlaceholderConfigurer'
11:19:04.668 [main] DEBUG org.hibernate.validator.internal.engine.resolver.TraversableResolvers - Found javax.persistence.Persistence on classpath containing 'getPersistenceUtil'. Assuming JPA 2 environment. Trying to instantiate JPA aware TraversableResolver
11:19:04.669 [main] DEBUG org.hibernate.validator.internal.engine.resolver.TraversableResolvers - Instantiated JPA aware TraversableResolver of type org.hibernate.validator.internal.engine.resolver.JPATraversableResolver.
11:19:04.669 [main] DEBUG org.hibernate.validator.internal.engine.resolver.TraversableResolvers - Unable to load or instantiate JPA aware resolver org.hibernate.validator.internal.engine.resolver.JPATraversableResolver. All properties will per default be traversable.
11:19:04.670 [main] DEBUG org.hibernate.validator.messageinterpolation.ResourceBundleMessageInterpolator - Loaded expression factory via original TCCL
11:19:04.692 [main] DEBUG org.hibernate.validator.internal.engine.resolver.TraversableResolvers - Found javax.persistence.Persistence on classpath containing 'getPersistenceUtil'. Assuming JPA 2 environment. Trying to instantiate JPA aware TraversableResolver
11:19:04.692 [main] DEBUG org.hibernate.validator.internal.engine.resolver.TraversableResolvers - Instantiated JPA aware TraversableResolver of type org.hibernate.validator.internal.engine.resolver.JPATraversableResolver.
11:19:04.693 [main] DEBUG org.hibernate.validator.internal.engine.resolver.TraversableResolvers - Unable to load or instantiate JPA aware resolver org.hibernate.validator.internal.engine.resolver.JPATraversableResolver. All properties will per default be traversable.
11:19:04.693 [main] DEBUG org.hibernate.validator.internal.engine.ConfigurationImpl - Setting custom MessageInterpolator of type org.springframework.validation.beanvalidation.LocaleContextMessageInterpolator
11:19:04.693 [main] DEBUG org.hibernate.validator.internal.engine.ConfigurationImpl - Setting custom ConstraintValidatorFactory of type org.springframework.validation.beanvalidation.SpringConstraintValidatorFactory
11:19:04.693 [main] DEBUG org.hibernate.validator.internal.engine.ConfigurationImpl - Setting custom ParameterNameProvider of type org.springframework.validation.beanvalidation.LocalValidatorFactoryBean$1
11:19:04.694 [main] DEBUG org.hibernate.validator.internal.xml.ValidationXmlParser - Trying to load META-INF/validation.xml for XML based Validator configuration.
11:19:04.695 [main] DEBUG org.hibernate.validator.internal.xml.ResourceLoaderHelper - Trying to load META-INF/validation.xml via user class loader
11:19:04.696 [main] DEBUG org.hibernate.validator.internal.xml.ResourceLoaderHelper - Trying to load META-INF/validation.xml via TCCL
11:19:04.697 [main] DEBUG org.hibernate.validator.internal.xml.ResourceLoaderHelper - Trying to load META-INF/validation.xml via Hibernate Validator's class loader
11:19:04.698 [main] DEBUG org.hibernate.validator.internal.xml.ValidationXmlParser - No META-INF/validation.xml found. Using annotation based configuration only.
11:19:04.712 [main] DEBUG org.hibernate.validator.internal.engine.ValidatorFactoryImpl - HV000234: Using org.springframework.validation.beanvalidation.LocaleContextMessageInterpolator as ValidatorFactory-scoped message interpolator.
11:19:04.717 [main] DEBUG org.hibernate.validator.internal.engine.ValidatorFactoryImpl - HV000234: Using org.hibernate.validator.internal.engine.resolver.TraverseAllTraversableResolver as ValidatorFactory-scoped traversable resolver.
11:19:04.717 [main] DEBUG org.hibernate.validator.internal.engine.ValidatorFactoryImpl - HV000234: Using org.hibernate.validator.internal.util.ExecutableParameterNameProvider as ValidatorFactory-scoped parameter name provider.
11:19:04.717 [main] DEBUG org.hibernate.validator.internal.engine.ValidatorFactoryImpl - HV000234: Using org.hibernate.validator.internal.engine.DefaultClockProvider as ValidatorFactory-scoped clock provider.
11:19:04.717 [main] DEBUG org.hibernate.validator.internal.engine.ValidatorFactoryImpl - HV000234: Using org.hibernate.validator.internal.engine.scripting.DefaultScriptEvaluatorFactory as ValidatorFactory-scoped script evaluator factory.
11:19:04.720 [main] DEBUG org.springframework.beans.factory.support.DefaultListableBeanFactory - Finished creating instance of bean 'org.springframework.boot.context.properties.ConfigurationPropertiesBindingPostProcessor'
11:19:04.722 [main] DEBUG org.springframework.beans.factory.support.DefaultListableBeanFactory - Creating shared instance of singleton bean 'org.springframework.aop.config.internalAutoProxyCreator'
11:19:04.722 [main] DEBUG org.springframework.beans.factory.support.DefaultListableBeanFactory - Creating instance of bean 'org.springframework.aop.config.internalAutoProxyCreator'
11:19:04.723 [main] DEBUG org.springframework.beans.factory.support.DefaultListableBeanFactory - Eagerly caching bean 'org.springframework.aop.config.internalAutoProxyCreator' to allow for resolving potential circular references
11:19:04.734 [main] DEBUG org.springframework.beans.factory.support.DefaultListableBeanFactory - Finished creating instance of bean 'org.springframework.aop.config.internalAutoProxyCreator'
11:19:04.735 [main] DEBUG org.springframework.beans.factory.support.DefaultListableBeanFactory - Creating shared instance of singleton bean 'methodValidationPostProcessor'
11:19:04.735 [main] DEBUG org.springframework.beans.factory.support.DefaultListableBeanFactory - Creating instance of bean 'methodValidationPostProcessor'
11:19:04.736 [main] DEBUG org.springframework.beans.factory.support.DefaultListableBeanFactory - Returning cached instance of singleton bean 'environment'
11:19:04.737 [main] DEBUG org.springframework.aop.framework.JdkDynamicAopProxy - Creating JDK dynamic proxy: target source is org.springframework.context.annotation.ContextAnnotationAutowireCandidateResolver$1@18ffca6c
11:19:04.737 [main] DEBUG org.springframework.beans.factory.support.DefaultListableBeanFactory - Autowiring by type from bean name 'methodValidationPostProcessor' via factory method to bean named 'environment'
11:19:04.739 [main] DEBUG org.springframework.core.env.PropertySourcesPropertyResolver - Could not find key 'spring.aop.proxy-target-class' in any property source
11:19:04.742 [main] DEBUG org.springframework.beans.factory.support.DefaultListableBeanFactory - Eagerly caching bean 'methodValidationPostProcessor' to allow for resolving potential circular references
11:19:04.755 [main] DEBUG org.springframework.beans.factory.support.DefaultListableBeanFactory - Invoking afterPropertiesSet() on bean with name 'methodValidationPostProcessor'
11:19:04.758 [main] DEBUG org.springframework.beans.factory.support.DefaultListableBeanFactory - Finished creating instance of bean 'methodValidationPostProcessor'
11:19:04.758 [main] DEBUG org.springframework.beans.factory.support.DefaultListableBeanFactory - Creating shared instance of singleton bean 'dataSourceInitializerPostProcessor'
11:19:04.758 [main] DEBUG org.springframework.beans.factory.support.DefaultListableBeanFactory - Creating instance of bean 'dataSourceInitializerPostProcessor'
11:19:04.759 [main] DEBUG org.springframework.beans.factory.annotation.InjectionMetadata - Registered injected element on class [org.springframework.boot.autoconfigure.jdbc.DataSourceInitializerPostProcessor]: AutowiredFieldElement for private org.springframework.beans.factory.BeanFactory org.springframework.boot.autoconfigure.jdbc.DataSourceInitializerPostProcessor.beanFactory
11:19:04.759 [main] DEBUG org.springframework.beans.factory.support.DefaultListableBeanFactory - Eagerly caching bean 'dataSourceInitializerPostProcessor' to allow for resolving potential circular references
11:19:04.761 [main] DEBUG org.springframework.beans.factory.annotation.InjectionMetadata - Processing injected element of bean 'dataSourceInitializerPostProcessor': AutowiredFieldElement for private org.springframework.beans.factory.BeanFactory org.springframework.boot.autoconfigure.jdbc.DataSourceInitializerPostProcessor.beanFactory
11:19:04.764 [main] DEBUG org.springframework.core.annotation.AnnotationUtils - Failed to meta-introspect annotation [interface org.springframework.beans.factory.annotation.Autowired]: java.lang.NullPointerException
11:19:04.767 [main] DEBUG org.springframework.beans.factory.annotation.AutowiredAnnotationBeanPostProcessor - Autowiring by type from bean name 'dataSourceInitializerPostProcessor' to bean named 'org.springframework.beans.factory.support.DefaultListableBeanFactory@7d2c345d'
11:19:04.768 [main] DEBUG org.springframework.beans.factory.support.DefaultListableBeanFactory - Finished creating instance of bean 'dataSourceInitializerPostProcessor'
11:19:04.768 [main] DEBUG org.springframework.beans.factory.support.DefaultListableBeanFactory - Creating shared instance of singleton bean 'persistenceExceptionTranslationPostProcessor'
11:19:04.769 [main] DEBUG org.springframework.beans.factory.support.DefaultListableBeanFactory - Creating instance of bean 'persistenceExceptionTranslationPostProcessor'
11:19:04.770 [main] DEBUG org.springframework.beans.factory.support.DefaultListableBeanFactory - Returning cached instance of singleton bean 'environment'
11:19:04.770 [main] DEBUG org.springframework.beans.factory.support.DefaultListableBeanFactory - Autowiring by type from bean name 'persistenceExceptionTranslationPostProcessor' via factory method to bean named 'environment'
11:19:04.771 [main] DEBUG org.springframework.core.env.PropertySourcesPropertyResolver - Could not find key 'spring.aop.proxy-target-class' in any property source
11:19:04.771 [main] DEBUG org.springframework.beans.factory.support.DefaultListableBeanFactory - Eagerly caching bean 'persistenceExceptionTranslationPostProcessor' to allow for resolving potential circular references
11:19:04.776 [main] DEBUG org.springframework.beans.factory.support.DefaultListableBeanFactory - Finished creating instance of bean 'persistenceExceptionTranslationPostProcessor'
11:19:04.776 [main] DEBUG org.springframework.beans.factory.support.DefaultListableBeanFactory - Creating shared instance of singleton bean 'dataSourceInitializedPublisher'
11:19:04.776 [main] DEBUG org.springframework.beans.factory.support.DefaultListableBeanFactory - Creating instance of bean 'dataSourceInitializedPublisher'
11:19:04.777 [main] DEBUG org.springframework.beans.factory.annotation.InjectionMetadata - Registered injected element on class [org.springframework.boot.autoconfigure.orm.jpa.DataSourceInitializedPublisher]: AutowiredFieldElement for private org.springframework.context.ApplicationContext org.springframework.boot.autoconfigure.orm.jpa.DataSourceInitializedPublisher.applicationContext
11:19:04.777 [main] DEBUG org.springframework.beans.factory.support.DefaultListableBeanFactory - Eagerly caching bean 'dataSourceInitializedPublisher' to allow for resolving potential circular references
11:19:04.779 [main] DEBUG org.springframework.beans.factory.annotation.InjectionMetadata - Processing injected element of bean 'dataSourceInitializedPublisher': AutowiredFieldElement for private org.springframework.context.ApplicationContext org.springframework.boot.autoconfigure.orm.jpa.DataSourceInitializedPublisher.applicationContext
11:19:04.779 [main] DEBUG org.springframework.core.annotation.AnnotationUtils - Failed to meta-introspect annotation [interface org.springframework.beans.factory.annotation.Autowired]: java.lang.NullPointerException
11:19:04.780 [main] DEBUG org.springframework.beans.factory.annotation.AutowiredAnnotationBeanPostProcessor - Autowiring by type from bean name 'dataSourceInitializedPublisher' to bean named 'org.springframework.context.annotation.AnnotationConfigApplicationContext@19f02280'
11:19:04.780 [main] DEBUG org.springframework.beans.factory.support.DefaultListableBeanFactory - Finished creating instance of bean 'dataSourceInitializedPublisher'
11:19:04.781 [main] DEBUG org.springframework.context.annotation.AnnotationConfigApplicationContext - Unable to locate MessageSource with name 'messageSource': using default [org.springframework.context.support.DelegatingMessageSource@511da44f]
11:19:04.781 [main] DEBUG org.springframework.context.annotation.AnnotationConfigApplicationContext - Unable to locate ApplicationEventMulticaster with name 'applicationEventMulticaster': using default [org.springframework.context.event.SimpleApplicationEventMulticaster@4645679e]
11:19:04.782 [main] DEBUG org.springframework.beans.factory.support.DefaultListableBeanFactory - Pre-instantiating singletons in org.springframework.beans.factory.support.DefaultListableBeanFactory@7d2c345d: defining beans [org.springframework.context.annotation.internalConfigurationAnnotationProcessor,org.springframework.context.annotation.internalAutowiredAnnotationProcessor,org.springframework.context.annotation.internalRequiredAnnotationProcessor,org.springframework.context.annotation.internalCommonAnnotationProcessor,org.springframework.context.annotation.internalPersistenceAnnotationProcessor,org.springframework.context.event.internalEventListenerProcessor,org.springframework.context.event.internalEventListenerFactory,app,hibernateConfig,jsonDataController,userController,webController,categoryDAO,productDAO,userDAO,org.springframework.boot.autoconfigure.AutoConfigurationPackages,org.springframework.transaction.annotation.ProxyTransactionManagementConfiguration,org.springframework.transaction.config.internalTransactionAdvisor,transactionAttributeSource,transactionInterceptor,org.springframework.transaction.config.internalTransactionalEventListenerFactory,getDataSource,getSessionFactory,getTransactionManager,org.springframework.aop.config.internalAutoProxyCreator,org.springframework.boot.autoconfigure.context.PropertyPlaceholderAutoConfiguration,org.springframework.boot.autoconfigure.condition.BeanTypeRegistry,propertySourcesPlaceholderConfigurer,org.springframework.boot.autoconfigure.jackson.JacksonAutoConfiguration$Jackson2ObjectMapperBuilderCustomizerConfiguration,standardJacksonObjectMapperBuilderCustomizer,spring.jackson-org.springframework.boot.autoconfigure.jackson.JacksonProperties,org.springframework.boot.context.properties.ConfigurationPropertiesBindingPostProcessor,org.springframework.boot.context.properties.ConfigurationBeanFactoryMetadata,org.springframework.boot.autoconfigure.jackson.JacksonAutoConfiguration$JacksonObjectMapperBuilderConfiguration,jacksonObjectMapperBuilder,org.springframework.boot.autoconfigure.jackson.JacksonAutoConfiguration$ParameterNamesModuleConfiguration,parameterNamesModule,org.springframework.boot.autoconfigure.jackson.JacksonAutoConfiguration$JacksonObjectMapperConfiguration,jacksonObjectMapper,org.springframework.boot.autoconfigure.jackson.JacksonAutoConfiguration,jsonComponentModule,org.springframework.boot.autoconfigure.http.codec.CodecsAutoConfiguration$JacksonCodecConfiguration,jacksonCodecCustomizer,org.springframework.boot.autoconfigure.http.codec.CodecsAutoConfiguration,org.springframework.boot.autoconfigure.validation.ValidationAutoConfiguration,defaultValidator,methodValidationPostProcessor,org.springframework.boot.autoconfigure.transaction.jta.JtaAutoConfiguration,spring.jta-org.springframework.boot.autoconfigure.transaction.jta.JtaProperties,org.springframework.boot.autoconfigure.jdbc.metadata.DataSourcePoolMetadataProvidersConfiguration$CommonsDbcp2PoolDataSourceMetadataProviderConfiguration,commonsDbcp2PoolDataSourceMetadataProvider,org.springframework.boot.autoconfigure.jdbc.metadata.DataSourcePoolMetadataProvidersConfiguration$HikariPoolDataSourceMetadataProviderConfiguration,hikariPoolDataSourceMetadataProvider,org.springframework.boot.autoconfigure.jdbc.metadata.DataSourcePoolMetadataProvidersConfiguration,org.springframework.boot.autoconfigure.jdbc.DataSourceInitializerInvoker,org.springframework.boot.autoconfigure.jdbc.DataSourceInitializationConfiguration,dataSourceInitializerPostProcessor,org.springframework.boot.autoconfigure.jdbc.DataSourceAutoConfiguration,spring.datasource-org.springframework.boot.autoconfigure.jdbc.DataSourceProperties,org.springframework.boot.autoconfigure.jdbc.JdbcTemplateAutoConfiguration$JdbcTemplateConfiguration,jdbcTemplate,org.springframework.boot.autoconfigure.jdbc.JdbcTemplateAutoConfiguration$NamedParameterJdbcTemplateConfiguration,namedParameterJdbcTemplate,org.springframework.boot.autoconfigure.jdbc.JdbcTemplateAutoConfiguration,spring.jdbc-org.springframework.boot.autoconfigure.jdbc.JdbcProperties,org.springframework.boot.autoconfigure.jmx.JmxAutoConfiguration,mbeanExporter,objectNamingStrategy,mbeanServer,org.springframework.boot.autoconfigure.aop.AopAutoConfiguration$CglibAutoProxyConfiguration,org.springframework.boot.autoconfigure.aop.AopAutoConfiguration,org.springframework.boot.autoconfigure.orm.jpa.HibernateJpaConfiguration,jpaVendorAdapter,entityManagerFactoryBuilder,spring.jpa-org.springframework.boot.autoconfigure.orm.jpa.JpaProperties,dataSourceInitializedPublisher,org.springframework.boot.autoconfigure.orm.jpa.HibernateJpaAutoConfiguration,org.springframework.boot.autoconfigure.context.ConfigurationPropertiesAutoConfiguration,org.springframework.boot.autoconfigure.dao.PersistenceExceptionTranslationAutoConfiguration,persistenceExceptionTranslationPostProcessor,org.springframework.boot.autoconfigure.data.jpa.JpaRepositoriesAutoConfiguration,emBeanDefinitionRegistrarPostProcessor,jpaMappingContext,jpaContext,org.springframework.boot.autoconfigure.http.HttpMessageConvertersAutoConfiguration$StringHttpMessageConverterConfiguration,stringHttpMessageConverter,spring.http.encoding-org.springframework.boot.autoconfigure.http.HttpEncodingProperties,org.springframework.boot.autoconfigure.http.JacksonHttpMessageConvertersConfiguration$MappingJackson2HttpMessageConverterConfiguration,mappingJackson2HttpMessageConverter,org.springframework.boot.autoconfigure.http.JacksonHttpMessageConvertersConfiguration,org.springframework.boot.autoconfigure.http.HttpMessageConvertersAutoConfiguration,messageConverters,org.springframework.boot.autoconfigure.info.ProjectInfoAutoConfiguration,spring.info-org.springframework.boot.autoconfigure.info.ProjectInfoProperties,org.springframework.boot.autoconfigure.jdbc.DataSourceTransactionManagerAutoConfiguration$DataSourceTransactionManagerConfiguration,org.springframework.boot.autoconfigure.jdbc.DataSourceTransactionManagerAutoConfiguration,org.springframework.boot.autoconfigure.transaction.TransactionAutoConfiguration$TransactionTemplateConfiguration,transactionTemplate,org.springframework.boot.autoconfigure.transaction.TransactionAutoConfiguration,platformTransactionManagerCustomizers,spring.transaction-org.springframework.boot.autoconfigure.transaction.TransactionProperties,org.springframework.boot.autoconfigure.security.reactive.ReactiveSecurityAutoConfiguration,spring.security-org.springframework.boot.autoconfigure.security.SecurityProperties,org.springframework.boot.autoconfigure.web.client.RestTemplateAutoConfiguration,restTemplateBuilder,org.springframework.boot.autoconfigure.web.embedded.EmbeddedWebServerFactoryCustomizerAutoConfiguration$TomcatWebServerFactoryCustomizerConfiguration,tomcatWebServerFactoryCustomizer,org.springframework.boot.autoconfigure.web.embedded.EmbeddedWebServerFactoryCustomizerAutoConfiguration,server-org.springframework.boot.autoconfigure.web.ServerProperties,org.springframework.orm.jpa.SharedEntityManagerCreator#0]; root of factory hierarchy
11:19:04.783 [main] DEBUG org.springframework.beans.factory.support.DefaultListableBeanFactory - Returning cached instance of singleton bean 'org.springframework.context.annotation.internalConfigurationAnnotationProcessor'
11:19:04.783 [main] DEBUG org.springframework.beans.factory.support.DefaultListableBeanFactory - Returning cached instance of singleton bean 'org.springframework.context.annotation.internalAutowiredAnnotationProcessor'
11:19:04.783 [main] DEBUG org.springframework.beans.factory.support.DefaultListableBeanFactory - Returning cached instance of singleton bean 'org.springframework.context.annotation.internalRequiredAnnotationProcessor'
11:19:04.784 [main] DEBUG org.springframework.beans.factory.support.DefaultListableBeanFactory - Returning cached instance of singleton bean 'org.springframework.context.annotation.internalCommonAnnotationProcessor'
11:19:04.784 [main] DEBUG org.springframework.beans.factory.support.DefaultListableBeanFactory - Returning cached instance of singleton bean 'org.springframework.context.annotation.internalPersistenceAnnotationProcessor'
11:19:04.784 [main] DEBUG org.springframework.beans.factory.support.DefaultListableBeanFactory - Creating shared instance of singleton bean 'org.springframework.context.event.internalEventListenerProcessor'
11:19:04.784 [main] DEBUG org.springframework.beans.factory.support.DefaultListableBeanFactory - Creating instance of bean 'org.springframework.context.event.internalEventListenerProcessor'
11:19:04.785 [main] DEBUG org.springframework.beans.factory.support.DefaultListableBeanFactory - Creating shared instance of singleton bean 'org.springframework.transaction.config.internalTransactionAdvisor'
11:19:04.785 [main] DEBUG org.springframework.beans.factory.support.DefaultListableBeanFactory - Creating instance of bean 'org.springframework.transaction.config.internalTransactionAdvisor'
11:19:04.786 [main] DEBUG org.springframework.beans.factory.support.DefaultListableBeanFactory - Creating shared instance of singleton bean 'org.springframework.transaction.annotation.ProxyTransactionManagementConfiguration'
11:19:04.786 [main] DEBUG org.springframework.beans.factory.support.DefaultListableBeanFactory - Creating instance of bean 'org.springframework.transaction.annotation.ProxyTransactionManagementConfiguration'
11:19:04.786 [main] DEBUG org.springframework.aop.framework.autoproxy.BeanFactoryAdvisorRetrievalHelper - Skipping currently created advisor 'org.springframework.transaction.config.internalTransactionAdvisor'
11:19:04.796 [main] DEBUG org.springframework.beans.factory.annotation.InjectionMetadata - Registered injected element on class [org.springframework.transaction.annotation.ProxyTransactionManagementConfiguration$$EnhancerBySpringCGLIB$$df77b4d1]: AutowiredMethodElement for void org.springframework.transaction.annotation.AbstractTransactionManagementConfiguration.setConfigurers(java.util.Collection)
11:19:04.796 [main] DEBUG org.springframework.beans.factory.support.DefaultListableBeanFactory - Eagerly caching bean 'org.springframework.transaction.annotation.ProxyTransactionManagementConfiguration' to allow for resolving potential circular references
11:19:04.800 [main] DEBUG org.springframework.beans.factory.annotation.InjectionMetadata - Processing injected element of bean 'org.springframework.transaction.annotation.ProxyTransactionManagementConfiguration': AutowiredMethodElement for void org.springframework.transaction.annotation.AbstractTransactionManagementConfiguration.setConfigurers(java.util.Collection)
11:19:04.803 [main] DEBUG org.springframework.beans.factory.support.DefaultListableBeanFactory - Returning cached instance of singleton bean 'org.springframework.context.annotation.ConfigurationClassPostProcessor.importRegistry'
11:19:04.805 [main] DEBUG org.springframework.aop.framework.autoproxy.BeanFactoryAdvisorRetrievalHelper - Skipping currently created advisor 'org.springframework.transaction.config.internalTransactionAdvisor'
11:19:04.828 [main] DEBUG org.springframework.aop.framework.autoproxy.BeanFactoryAdvisorRetrievalHelper - Skipping currently created advisor 'org.springframework.transaction.config.internalTransactionAdvisor'
11:19:04.828 [main] DEBUG org.springframework.beans.factory.support.DefaultListableBeanFactory - Finished creating instance of bean 'org.springframework.transaction.annotation.ProxyTransactionManagementConfiguration'
11:19:04.829 [main] DEBUG org.springframework.beans.factory.support.DefaultListableBeanFactory - Creating shared instance of singleton bean 'transactionAttributeSource'
11:19:04.831 [main] DEBUG org.springframework.beans.factory.support.DefaultListableBeanFactory - Creating instance of bean 'transactionAttributeSource'
11:19:04.831 [main] DEBUG org.springframework.aop.framework.autoproxy.BeanFactoryAdvisorRetrievalHelper - Skipping currently created advisor 'org.springframework.transaction.config.internalTransactionAdvisor'
11:19:04.832 [main] DEBUG org.springframework.beans.factory.support.DefaultListableBeanFactory - Returning cached instance of singleton bean 'org.springframework.transaction.annotation.ProxyTransactionManagementConfiguration'
11:19:04.833 [main] DEBUG org.springframework.beans.factory.support.DefaultListableBeanFactory - Eagerly caching bean 'transactionAttributeSource' to allow for resolving potential circular references
11:19:04.835 [main] DEBUG org.springframework.aop.framework.autoproxy.BeanFactoryAdvisorRetrievalHelper - Skipping currently created advisor 'org.springframework.transaction.config.internalTransactionAdvisor'
11:19:04.836 [main] DEBUG org.springframework.aop.framework.autoproxy.BeanFactoryAdvisorRetrievalHelper - Skipping currently created advisor 'org.springframework.transaction.config.internalTransactionAdvisor'
11:19:04.836 [main] DEBUG org.springframework.beans.factory.support.DefaultListableBeanFactory - Finished creating instance of bean 'transactionAttributeSource'
11:19:04.836 [main] DEBUG org.springframework.beans.factory.support.DefaultListableBeanFactory - Creating shared instance of singleton bean 'transactionInterceptor'
11:19:04.836 [main] DEBUG org.springframework.beans.factory.support.DefaultListableBeanFactory - Creating instance of bean 'transactionInterceptor'
11:19:04.837 [main] DEBUG org.springframework.beans.factory.support.DefaultListableBeanFactory - Returning cached instance of singleton bean 'org.springframework.transaction.annotation.ProxyTransactionManagementConfiguration'
11:19:04.838 [main] DEBUG org.springframework.beans.factory.support.DefaultListableBeanFactory - Returning cached instance of singleton bean 'transactionAttributeSource'
11:19:04.839 [main] DEBUG org.springframework.beans.factory.support.DefaultListableBeanFactory - Eagerly caching bean 'transactionInterceptor' to allow for resolving potential circular references
11:19:04.843 [main] DEBUG org.springframework.beans.factory.support.DefaultListableBeanFactory - Invoking afterPropertiesSet() on bean with name 'transactionInterceptor'
11:19:04.843 [main] DEBUG org.springframework.beans.factory.support.DefaultListableBeanFactory - Finished creating instance of bean 'transactionInterceptor'
11:19:04.844 [main] DEBUG org.springframework.beans.factory.support.DefaultListableBeanFactory - Eagerly caching bean 'org.springframework.transaction.config.internalTransactionAdvisor' to allow for resolving potential circular references
11:19:04.847 [main] DEBUG org.springframework.beans.factory.support.DefaultListableBeanFactory - Finished creating instance of bean 'org.springframework.transaction.config.internalTransactionAdvisor'
11:19:04.858 [main] DEBUG org.springframework.beans.factory.support.DefaultListableBeanFactory - Eagerly caching bean 'org.springframework.context.event.internalEventListenerProcessor' to allow for resolving potential circular references
11:19:04.861 [main] DEBUG org.springframework.beans.factory.support.DefaultListableBeanFactory - Returning cached instance of singleton bean 'org.springframework.transaction.config.internalTransactionAdvisor'
11:19:04.861 [main] DEBUG org.springframework.beans.factory.support.DefaultListableBeanFactory - Returning cached instance of singleton bean 'org.springframework.transaction.config.internalTransactionAdvisor'
11:19:04.862 [main] DEBUG org.springframework.beans.factory.support.DefaultListableBeanFactory - Finished creating instance of bean 'org.springframework.context.event.internalEventListenerProcessor'
11:19:04.900 [main] DEBUG org.springframework.beans.factory.support.DefaultListableBeanFactory - Creating shared instance of singleton bean 'org.springframework.context.event.internalEventListenerFactory'
11:19:04.900 [main] DEBUG org.springframework.beans.factory.support.DefaultListableBeanFactory - Creating instance of bean 'org.springframework.context.event.internalEventListenerFactory'
11:19:04.901 [main] DEBUG org.springframework.beans.factory.support.DefaultListableBeanFactory - Returning cached instance of singleton bean 'org.springframework.transaction.config.internalTransactionAdvisor'
11:19:04.901 [main] DEBUG org.springframework.beans.factory.support.DefaultListableBeanFactory - Eagerly caching bean 'org.springframework.context.event.internalEventListenerFactory' to allow for resolving potential circular references
11:19:04.905 [main] DEBUG org.springframework.beans.factory.support.DefaultListableBeanFactory - Returning cached instance of singleton bean 'org.springframework.transaction.config.internalTransactionAdvisor'
11:19:04.906 [main] DEBUG org.springframework.beans.factory.support.DefaultListableBeanFactory - Returning cached instance of singleton bean 'org.springframework.transaction.config.internalTransactionAdvisor'
11:19:04.906 [main] DEBUG org.springframework.beans.factory.support.DefaultListableBeanFactory - Finished creating instance of bean 'org.springframework.context.event.internalEventListenerFactory'
11:19:04.907 [main] DEBUG org.springframework.beans.factory.support.DefaultListableBeanFactory - Creating shared instance of singleton bean 'app'
11:19:04.907 [main] DEBUG org.springframework.beans.factory.support.DefaultListableBeanFactory - Creating instance of bean 'app'
11:19:04.907 [main] DEBUG org.springframework.beans.factory.support.DefaultListableBeanFactory - Returning cached instance of singleton bean 'org.springframework.transaction.config.internalTransactionAdvisor'
11:19:04.908 [main] DEBUG org.springframework.beans.factory.support.DefaultListableBeanFactory - Eagerly caching bean 'app' to allow for resolving potential circular references
11:19:04.911 [main] DEBUG org.springframework.beans.factory.support.DefaultListableBeanFactory - Returning cached instance of singleton bean 'org.springframework.transaction.config.internalTransactionAdvisor'
11:19:04.912 [main] DEBUG org.springframework.beans.factory.support.DefaultListableBeanFactory - Returning cached instance of singleton bean 'org.springframework.transaction.config.internalTransactionAdvisor'
11:19:04.915 [main] DEBUG org.springframework.beans.factory.support.DefaultListableBeanFactory - Finished creating instance of bean 'app'
11:19:04.916 [main] DEBUG org.springframework.beans.factory.support.DefaultListableBeanFactory - Creating shared instance of singleton bean 'hibernateConfig'
11:19:04.916 [main] DEBUG org.springframework.beans.factory.support.DefaultListableBeanFactory - Creating instance of bean 'hibernateConfig'
11:19:04.916 [main] DEBUG org.springframework.beans.factory.support.DefaultListableBeanFactory - Returning cached instance of singleton bean 'org.springframework.transaction.config.internalTransactionAdvisor'
11:19:04.916 [main] DEBUG org.springframework.beans.factory.support.DefaultListableBeanFactory - Eagerly caching bean 'hibernateConfig' to allow for resolving potential circular references
11:19:04.920 [main] DEBUG org.springframework.beans.factory.support.DefaultListableBeanFactory - Returning cached instance of singleton bean 'org.springframework.transaction.config.internalTransactionAdvisor'
11:19:04.920 [main] DEBUG org.springframework.beans.factory.support.DefaultListableBeanFactory - Returning cached instance of singleton bean 'org.springframework.transaction.config.internalTransactionAdvisor'
11:19:04.921 [main] DEBUG org.springframework.beans.factory.support.DefaultListableBeanFactory - Finished creating instance of bean 'hibernateConfig'
11:19:04.921 [main] DEBUG org.springframework.beans.factory.support.DefaultListableBeanFactory - Creating shared instance of singleton bean 'jsonDataController'
11:19:04.921 [main] DEBUG org.springframework.beans.factory.support.DefaultListableBeanFactory - Creating instance of bean 'jsonDataController'
11:19:04.921 [main] DEBUG org.springframework.beans.factory.support.DefaultListableBeanFactory - Returning cached instance of singleton bean 'org.springframework.transaction.config.internalTransactionAdvisor'
11:19:04.922 [main] DEBUG org.springframework.beans.factory.annotation.InjectionMetadata - Registered injected element on class [org.reverside.bootcamp.ubereats.controller.JsonDataController]: AutowiredFieldElement for private org.reverside.bootcamp.ubereats.repository.ProductDAO org.reverside.bootcamp.ubereats.controller.JsonDataController.productDAO
11:19:04.922 [main] DEBUG org.springframework.beans.factory.support.DefaultListableBeanFactory - Eagerly caching bean 'jsonDataController' to allow for resolving potential circular references
11:19:04.922 [main] DEBUG org.springframework.beans.factory.annotation.InjectionMetadata - Processing injected element of bean 'jsonDataController': AutowiredFieldElement for private org.reverside.bootcamp.ubereats.repository.ProductDAO org.reverside.bootcamp.ubereats.controller.JsonDataController.productDAO
11:19:04.923 [main] DEBUG org.springframework.core.annotation.AnnotationUtils - Failed to meta-introspect annotation [interface org.springframework.beans.factory.annotation.Autowired]: java.lang.NullPointerException
11:19:04.924 [main] DEBUG org.springframework.beans.factory.support.DefaultListableBeanFactory - Creating shared instance of singleton bean 'productDAO'
11:19:04.924 [main] DEBUG org.springframework.beans.factory.support.DefaultListableBeanFactory - Creating instance of bean 'productDAO'
11:19:04.924 [main] DEBUG org.springframework.beans.factory.support.DefaultListableBeanFactory - Returning cached instance of singleton bean 'org.springframework.transaction.config.internalTransactionAdvisor'
11:19:04.925 [main] DEBUG org.springframework.beans.factory.annotation.InjectionMetadata - Registered injected element on class [org.reverside.bootcamp.ubereats.repositoryImpl.ProductDaoImpl]: AutowiredFieldElement for private org.hibernate.SessionFactory org.reverside.bootcamp.ubereats.repositoryImpl.ProductDaoImpl.sessionFactory
11:19:04.925 [main] DEBUG org.springframework.beans.factory.support.DefaultListableBeanFactory - Eagerly caching bean 'productDAO' to allow for resolving potential circular references
11:19:04.927 [main] DEBUG org.springframework.beans.factory.annotation.InjectionMetadata - Processing injected element of bean 'productDAO': AutowiredFieldElement for private org.hibernate.SessionFactory org.reverside.bootcamp.ubereats.repositoryImpl.ProductDaoImpl.sessionFactory
11:19:04.927 [main] DEBUG org.springframework.core.annotation.AnnotationUtils - Failed to meta-introspect annotation [interface org.springframework.beans.factory.annotation.Autowired]: java.lang.NullPointerException
11:19:04.928 [main] DEBUG org.springframework.beans.factory.support.DefaultListableBeanFactory - Creating shared instance of singleton bean 'getSessionFactory'
11:19:04.928 [main] DEBUG org.springframework.beans.factory.support.DefaultListableBeanFactory - Creating instance of bean 'getSessionFactory'
11:19:04.928 [main] DEBUG org.springframework.beans.factory.support.DefaultListableBeanFactory - Returning cached instance of singleton bean 'org.springframework.transaction.config.internalTransactionAdvisor'
11:19:04.929 [main] DEBUG org.springframework.beans.factory.support.DefaultListableBeanFactory - Returning cached instance of singleton bean 'hibernateConfig'
11:19:04.929 [main] DEBUG org.springframework.beans.factory.support.DefaultListableBeanFactory - Creating shared instance of singleton bean 'getDataSource'
11:19:04.929 [main] DEBUG org.springframework.beans.factory.support.DefaultListableBeanFactory - Creating instance of bean 'getDataSource'
11:19:04.929 [main] DEBUG org.springframework.beans.factory.support.DefaultListableBeanFactory - Returning cached instance of singleton bean 'org.springframework.transaction.config.internalTransactionAdvisor'
11:19:04.930 [main] DEBUG org.springframework.beans.factory.support.DefaultListableBeanFactory - Returning cached instance of singleton bean 'hibernateConfig'
11:19:04.930 [main] DEBUG org.springframework.beans.factory.support.DefaultListableBeanFactory - Eagerly caching bean 'getDataSource' to allow for resolving potential circular references
11:19:04.937 [main] DEBUG org.springframework.beans.factory.support.DefaultListableBeanFactory - Returning cached instance of singleton bean 'org.springframework.transaction.config.internalTransactionAdvisor'
11:19:04.937 [main] DEBUG org.springframework.beans.factory.support.DefaultListableBeanFactory - Returning cached instance of singleton bean 'org.springframework.transaction.config.internalTransactionAdvisor'
11:19:04.939 [main] DEBUG org.springframework.beans.factory.support.DefaultListableBeanFactory - Creating shared instance of singleton bean 'org.springframework.boot.autoconfigure.jdbc.DataSourceInitializerInvoker'
11:19:04.939 [main] DEBUG org.springframework.beans.factory.support.DefaultListableBeanFactory - Creating instance of bean 'org.springframework.boot.autoconfigure.jdbc.DataSourceInitializerInvoker'
11:19:04.939 [main] DEBUG org.springframework.beans.factory.support.DefaultListableBeanFactory - Returning cached instance of singleton bean 'org.springframework.transaction.config.internalTransactionAdvisor'
11:19:04.940 [main] DEBUG org.springframework.beans.factory.support.DefaultListableBeanFactory - Creating shared instance of singleton bean 'spring.datasource-org.springframework.boot.autoconfigure.jdbc.DataSourceProperties'
11:19:04.940 [main] DEBUG org.springframework.beans.factory.support.DefaultListableBeanFactory - Creating instance of bean 'spring.datasource-org.springframework.boot.autoconfigure.jdbc.DataSourceProperties'
11:19:04.940 [main] DEBUG org.springframework.beans.factory.support.DefaultListableBeanFactory - Returning cached instance of singleton bean 'org.springframework.transaction.config.internalTransactionAdvisor'
11:19:04.941 [main] DEBUG org.springframework.beans.factory.support.DefaultListableBeanFactory - Eagerly caching bean 'spring.datasource-org.springframework.boot.autoconfigure.jdbc.DataSourceProperties' to allow for resolving potential circular references
11:19:04.957 [main] DEBUG org.springframework.beans.factory.support.DefaultListableBeanFactory - Creating instance of bean 'org.springframework.boot.context.properties.ConversionServiceDeducer$Factory'
11:19:04.959 [main] DEBUG org.springframework.beans.factory.support.DefaultListableBeanFactory - Returning cached instance of singleton bean 'org.springframework.transaction.config.internalTransactionAdvisor'
11:19:04.963 [main] DEBUG org.springframework.beans.factory.annotation.InjectionMetadata - Registered injected element on class [org.springframework.boot.context.properties.ConversionServiceDeducer$Factory]: AutowiredMethodElement for public void org.springframework.boot.context.properties.ConversionServiceDeducer$Factory.setGenericConverters(java.util.List)
11:19:04.965 [main] DEBUG org.springframework.beans.factory.annotation.InjectionMetadata - Registered injected element on class [org.springframework.boot.context.properties.ConversionServiceDeducer$Factory]: AutowiredMethodElement for public void org.springframework.boot.context.properties.ConversionServiceDeducer$Factory.setConverters(java.util.List)
11:19:04.965 [main] DEBUG org.springframework.beans.factory.annotation.InjectionMetadata - Processing injected element of bean 'org.springframework.boot.context.properties.ConversionServiceDeducer$Factory': AutowiredMethodElement for public void org.springframework.boot.context.properties.ConversionServiceDeducer$Factory.setGenericConverters(java.util.List)
11:19:04.967 [main] DEBUG org.springframework.beans.factory.annotation.InjectionMetadata - Processing injected element of bean 'org.springframework.boot.context.properties.ConversionServiceDeducer$Factory': AutowiredMethodElement for public void org.springframework.boot.context.properties.ConversionServiceDeducer$Factory.setConverters(java.util.List)
11:19:04.969 [main] DEBUG org.springframework.beans.factory.support.DefaultListableBeanFactory - Returning cached instance of singleton bean 'org.springframework.transaction.config.internalTransactionAdvisor'
11:19:04.969 [main] DEBUG org.springframework.beans.factory.support.DefaultListableBeanFactory - Returning cached instance of singleton bean 'org.springframework.transaction.config.internalTransactionAdvisor'
11:19:04.969 [main] DEBUG org.springframework.beans.factory.support.DefaultListableBeanFactory - Finished creating instance of bean 'org.springframework.boot.context.properties.ConversionServiceDeducer$Factory'
11:19:04.974 [main] DEBUG org.springframework.beans.factory.support.DefaultListableBeanFactory - Invoking afterPropertiesSet() on bean with name 'spring.datasource-org.springframework.boot.autoconfigure.jdbc.DataSourceProperties'
11:19:04.976 [main] DEBUG org.springframework.beans.factory.support.DefaultListableBeanFactory - Returning cached instance of singleton bean 'org.springframework.transaction.config.internalTransactionAdvisor'
11:19:04.978 [main] DEBUG org.springframework.beans.factory.support.DefaultListableBeanFactory - Returning cached instance of singleton bean 'org.springframework.transaction.config.internalTransactionAdvisor'
11:19:04.982 [main] DEBUG org.springframework.beans.factory.support.DefaultListableBeanFactory - Finished creating instance of bean 'spring.datasource-org.springframework.boot.autoconfigure.jdbc.DataSourceProperties'
11:19:04.985 [main] DEBUG org.springframework.beans.factory.support.DefaultListableBeanFactory - Autowiring by type from bean name 'org.springframework.boot.autoconfigure.jdbc.DataSourceInitializerInvoker' via constructor to bean named 'spring.datasource-org.springframework.boot.autoconfigure.jdbc.DataSourceProperties'
11:19:04.986 [main] DEBUG org.springframework.beans.factory.support.DefaultListableBeanFactory - Autowiring by type from bean name 'org.springframework.boot.autoconfigure.jdbc.DataSourceInitializerInvoker' via constructor to bean named 'org.springframework.context.annotation.AnnotationConfigApplicationContext@19f02280'
11:19:04.987 [main] DEBUG org.springframework.beans.factory.support.DefaultListableBeanFactory - Eagerly caching bean 'org.springframework.boot.autoconfigure.jdbc.DataSourceInitializerInvoker' to allow for resolving potential circular references
11:19:04.994 [main] DEBUG org.springframework.beans.factory.support.DefaultListableBeanFactory - Invoking afterPropertiesSet() on bean with name 'org.springframework.boot.autoconfigure.jdbc.DataSourceInitializerInvoker'
11:19:04.997 [main] DEBUG org.springframework.beans.factory.support.DefaultListableBeanFactory - Returning eagerly cached instance of singleton bean 'getDataSource' that is not fully initialized yet - a consequence of a circular reference
11:19:05.001 [main] DEBUG org.springframework.core.io.support.PathMatchingResourcePatternResolver - Resolved classpath location [schema-all.sql] to resources []
11:19:05.003 [main] DEBUG org.springframework.core.io.support.PathMatchingResourcePatternResolver - Resolved classpath location [schema.sql] to resources []
11:19:05.006 [main] DEBUG org.springframework.beans.factory.support.DefaultListableBeanFactory - Returning cached instance of singleton bean 'org.springframework.transaction.config.internalTransactionAdvisor'
11:19:05.006 [main] DEBUG org.springframework.beans.factory.support.DefaultListableBeanFactory - Returning cached instance of singleton bean 'org.springframework.transaction.config.internalTransactionAdvisor'
11:19:05.007 [main] DEBUG org.springframework.beans.factory.support.DefaultListableBeanFactory - Finished creating instance of bean 'org.springframework.boot.autoconfigure.jdbc.DataSourceInitializerInvoker'
11:19:05.007 [main] DEBUG org.springframework.beans.factory.support.DefaultListableBeanFactory - Finished creating instance of bean 'getDataSource'
11:19:05.007 [main] DEBUG org.springframework.beans.factory.support.DefaultListableBeanFactory - Autowiring by type from bean name 'getSessionFactory' via factory method to bean named 'getDataSource'
11:19:05.008 [main] DEBUG org.hibernate.integrator.internal.IntegratorServiceImpl - Adding Integrator [org.hibernate.cfg.beanvalidation.BeanValidationIntegrator].
11:19:05.008 [main] DEBUG org.hibernate.integrator.internal.IntegratorServiceImpl - Adding Integrator [org.hibernate.secure.spi.JaccIntegrator].
11:19:05.008 [main] DEBUG org.hibernate.integrator.internal.IntegratorServiceImpl - Adding Integrator [org.hibernate.cache.internal.CollectionCacheInvalidator].
11:19:05.013 [main] DEBUG org.springframework.core.io.support.PathMatchingResourcePatternResolver - Resolved classpath location [org/reverside/bootcamp/ubereats/dto/] to resources [URL [file:/C:/Users/User/eclipse-workspace/ubereats/target/classes/org/reverside/bootcamp/ubereats/dto/]]
11:19:05.016 [main] DEBUG org.springframework.core.io.support.PathMatchingResourcePatternResolver - Looking for matching resources in directory tree [C:\Users\User\eclipse-workspace\ubereats\target\classes\org\reverside\bootcamp\ubereats\dto]
11:19:05.017 [main] DEBUG org.springframework.core.io.support.PathMatchingResourcePatternResolver - Searching directory [C:\Users\User\eclipse-workspace\ubereats\target\classes\org\reverside\bootcamp\ubereats\dto] for files matching pattern [C:/Users/User/eclipse-workspace/ubereats/target/classes/org/reverside/bootcamp/ubereats/dto/**/*.class]
11:19:05.022 [main] DEBUG org.springframework.core.io.support.PathMatchingResourcePatternResolver - Resolved location pattern [classpath*:org/reverside/bootcamp/ubereats/dto/**/*.class] to resources [file [C:\Users\User\eclipse-workspace\ubereats\target\classes\org\reverside\bootcamp\ubereats\dto\Account.class], file [C:\Users\User\eclipse-workspace\ubereats\target\classes\org\reverside\bootcamp\ubereats\dto\Admin.class], file [C:\Users\User\eclipse-workspace\ubereats\target\classes\org\reverside\bootcamp\ubereats\dto\Cart.class], file [C:\Users\User\eclipse-workspace\ubereats\target\classes\org\reverside\bootcamp\ubereats\dto\CartItem.class], file [C:\Users\User\eclipse-workspace\ubereats\target\classes\org\reverside\bootcamp\ubereats\dto\Category.class], file [C:\Users\User\eclipse-workspace\ubereats\target\classes\org\reverside\bootcamp\ubereats\dto\Delivery.class], file [C:\Users\User\eclipse-workspace\ubereats\target\classes\org\reverside\bootcamp\ubereats\dto\Driver.class], file [C:\Users\User\eclipse-workspace\ubereats\target\classes\org\reverside\bootcamp\ubereats\dto\FoodOutlet.class], file [C:\Users\User\eclipse-workspace\ubereats\target\classes\org\reverside\bootcamp\ubereats\dto\Menu.class], file [C:\Users\User\eclipse-workspace\ubereats\target\classes\org\reverside\bootcamp\ubereats\dto\Product.class], file [C:\Users\User\eclipse-workspace\ubereats\target\classes\org\reverside\bootcamp\ubereats\dto\Role.class], file [C:\Users\User\eclipse-workspace\ubereats\target\classes\org\reverside\bootcamp\ubereats\dto\User.class]]
11:19:05.036 [main] DEBUG org.hibernate.cfg.Configuration - Building session factory using internal StandardServiceRegistryBuilder
11:19:05.041 [main] DEBUG org.hibernate.service.spi.ServiceBinding - Overriding existing service binding [org.hibernate.secure.spi.JaccService]
11:19:05.042 [main] DEBUG org.hibernate.cfg.Configuration - Building session factory using provided StandardServiceRegistry
11:19:05.054 [main] DEBUG org.hibernate.cache.internal.RegionFactoryInitiator - Cache region factory : org.hibernate.cache.internal.NoCachingRegionFactory
11:19:05.058 [main] DEBUG org.hibernate.type.BasicTypeRegistry - Adding type registration boolean -> org.hibernate.type.BooleanType@67a056f1
11:19:05.058 [main] DEBUG org.hibernate.type.BasicTypeRegistry - Adding type registration boolean -> org.hibernate.type.BooleanType@67a056f1
11:19:05.059 [main] DEBUG org.hibernate.type.BasicTypeRegistry - Adding type registration java.lang.Boolean -> org.hibernate.type.BooleanType@67a056f1
11:19:05.059 [main] DEBUG org.hibernate.type.BasicTypeRegistry - Adding type registration numeric_boolean -> org.hibernate.type.NumericBooleanType@4bff2185
11:19:05.059 [main] DEBUG org.hibernate.type.BasicTypeRegistry - Adding type registration true_false -> org.hibernate.type.TrueFalseType@458544e0
11:19:05.059 [main] DEBUG org.hibernate.type.BasicTypeRegistry - Adding type registration yes_no -> org.hibernate.type.YesNoType@1d207fad
11:19:05.059 [main] DEBUG org.hibernate.type.BasicTypeRegistry - Adding type registration byte -> org.hibernate.type.ByteType@488b50ec
11:19:05.060 [main] DEBUG org.hibernate.type.BasicTypeRegistry - Adding type registration byte -> org.hibernate.type.ByteType@488b50ec
11:19:05.060 [main] DEBUG org.hibernate.type.BasicTypeRegistry - Adding type registration java.lang.Byte -> org.hibernate.type.ByteType@488b50ec
11:19:05.060 [main] DEBUG org.hibernate.type.BasicTypeRegistry - Adding type registration character -> org.hibernate.type.CharacterType@f9b5552
11:19:05.060 [main] DEBUG org.hibernate.type.BasicTypeRegistry - Adding type registration char -> org.hibernate.type.CharacterType@f9b5552
11:19:05.060 [main] DEBUG org.hibernate.type.BasicTypeRegistry - Adding type registration java.lang.Character -> org.hibernate.type.CharacterType@f9b5552
11:19:05.060 [main] DEBUG org.hibernate.type.BasicTypeRegistry - Adding type registration short -> org.hibernate.type.ShortType@5d58c727
11:19:05.060 [main] DEBUG org.hibernate.type.BasicTypeRegistry - Adding type registration short -> org.hibernate.type.ShortType@5d58c727
11:19:05.061 [main] DEBUG org.hibernate.type.BasicTypeRegistry - Adding type registration java.lang.Short -> org.hibernate.type.ShortType@5d58c727
11:19:05.061 [main] DEBUG org.hibernate.type.BasicTypeRegistry - Adding type registration integer -> org.hibernate.type.IntegerType@1d782abe
11:19:05.061 [main] DEBUG org.hibernate.type.BasicTypeRegistry - Adding type registration int -> org.hibernate.type.IntegerType@1d782abe
11:19:05.061 [main] DEBUG org.hibernate.type.BasicTypeRegistry - Adding type registration java.lang.Integer -> org.hibernate.type.IntegerType@1d782abe
11:19:05.061 [main] DEBUG org.hibernate.type.BasicTypeRegistry - Adding type registration long -> org.hibernate.type.LongType@66bfd864
11:19:05.061 [main] DEBUG org.hibernate.type.BasicTypeRegistry - Adding type registration long -> org.hibernate.type.LongType@66bfd864
11:19:05.062 [main] DEBUG org.hibernate.type.BasicTypeRegistry - Adding type registration java.lang.Long -> org.hibernate.type.LongType@66bfd864
11:19:05.062 [main] DEBUG org.hibernate.type.BasicTypeRegistry - Adding type registration float -> org.hibernate.type.FloatType@1440c311
11:19:05.062 [main] DEBUG org.hibernate.type.BasicTypeRegistry - Adding type registration float -> org.hibernate.type.FloatType@1440c311
11:19:05.062 [main] DEBUG org.hibernate.type.BasicTypeRegistry - Adding type registration java.lang.Float -> org.hibernate.type.FloatType@1440c311
11:19:05.062 [main] DEBUG org.hibernate.type.BasicTypeRegistry - Adding type registration double -> org.hibernate.type.DoubleType@37c5fc56
11:19:05.062 [main] DEBUG org.hibernate.type.BasicTypeRegistry - Adding type registration double -> org.hibernate.type.DoubleType@37c5fc56
11:19:05.062 [main] DEBUG org.hibernate.type.BasicTypeRegistry - Adding type registration java.lang.Double -> org.hibernate.type.DoubleType@37c5fc56
11:19:05.063 [main] DEBUG org.hibernate.type.BasicTypeRegistry - Adding type registration big_decimal -> org.hibernate.type.BigDecimalType@2abc224d
11:19:05.063 [main] DEBUG org.hibernate.type.BasicTypeRegistry - Adding type registration java.math.BigDecimal -> org.hibernate.type.BigDecimalType@2abc224d
11:19:05.063 [main] DEBUG org.hibernate.type.BasicTypeRegistry - Adding type registration big_integer -> org.hibernate.type.BigIntegerType@18324f97
11:19:05.063 [main] DEBUG org.hibernate.type.BasicTypeRegistry - Adding type registration java.math.BigInteger -> org.hibernate.type.BigIntegerType@18324f97
11:19:05.063 [main] DEBUG org.hibernate.type.BasicTypeRegistry - Adding type registration string -> org.hibernate.type.StringType@44afefd5
11:19:05.063 [main] DEBUG org.hibernate.type.BasicTypeRegistry - Adding type registration java.lang.String -> org.hibernate.type.StringType@44afefd5
11:19:05.064 [main] DEBUG org.hibernate.type.BasicTypeRegistry - Adding type registration nstring -> org.hibernate.type.StringNVarcharType@29be7749
11:19:05.064 [main] DEBUG org.hibernate.type.BasicTypeRegistry - Adding type registration ncharacter -> org.hibernate.type.CharacterNCharType@10ec523c
11:19:05.064 [main] DEBUG org.hibernate.type.BasicTypeRegistry - Adding type registration url -> org.hibernate.type.UrlType@245a060f
11:19:05.064 [main] DEBUG org.hibernate.type.BasicTypeRegistry - Adding type registration java.net.URL -> org.hibernate.type.UrlType@245a060f
11:19:05.065 [main] DEBUG org.hibernate.type.BasicTypeRegistry - Adding type registration Duration -> org.hibernate.type.DurationType@2d195ee4
11:19:05.065 [main] DEBUG org.hibernate.type.BasicTypeRegistry - Adding type registration java.time.Duration -> org.hibernate.type.DurationType@2d195ee4
11:19:05.065 [main] DEBUG org.hibernate.type.BasicTypeRegistry - Adding type registration Instant -> org.hibernate.type.InstantType@6b1e7ad3
11:19:05.065 [main] DEBUG org.hibernate.type.BasicTypeRegistry - Adding type registration java.time.Instant -> org.hibernate.type.InstantType@6b1e7ad3
11:19:05.065 [main] DEBUG org.hibernate.type.BasicTypeRegistry - Adding type registration LocalDateTime -> org.hibernate.type.LocalDateTimeType@5e840abf
11:19:05.065 [main] DEBUG org.hibernate.type.BasicTypeRegistry - Adding type registration java.time.LocalDateTime -> org.hibernate.type.LocalDateTimeType@5e840abf
11:19:05.066 [main] DEBUG org.hibernate.type.BasicTypeRegistry - Adding type registration LocalDate -> org.hibernate.type.LocalDateType@749f539e
11:19:05.066 [main] DEBUG org.hibernate.type.BasicTypeRegistry - Adding type registration java.time.LocalDate -> org.hibernate.type.LocalDateType@749f539e
11:19:05.066 [main] DEBUG org.hibernate.type.BasicTypeRegistry - Adding type registration LocalTime -> org.hibernate.type.LocalTimeType@273842a6
11:19:05.066 [main] DEBUG org.hibernate.type.BasicTypeRegistry - Adding type registration java.time.LocalTime -> org.hibernate.type.LocalTimeType@273842a6
11:19:05.066 [main] DEBUG org.hibernate.type.BasicTypeRegistry - Adding type registration OffsetDateTime -> org.hibernate.type.OffsetDateTimeType@b558294
11:19:05.067 [main] DEBUG org.hibernate.type.BasicTypeRegistry - Adding type registration java.time.OffsetDateTime -> org.hibernate.type.OffsetDateTimeType@b558294
11:19:05.067 [main] DEBUG org.hibernate.type.BasicTypeRegistry - Adding type registration OffsetTime -> org.hibernate.type.OffsetTimeType@5d1e09bc
11:19:05.067 [main] DEBUG org.hibernate.type.BasicTypeRegistry - Adding type registration java.time.OffsetTime -> org.hibernate.type.OffsetTimeType@5d1e09bc
11:19:05.079 [main] DEBUG org.hibernate.type.BasicTypeRegistry - Adding type registration ZonedDateTime -> org.hibernate.type.ZonedDateTimeType@76b224cd
11:19:05.079 [main] DEBUG org.hibernate.type.BasicTypeRegistry - Adding type registration java.time.ZonedDateTime -> org.hibernate.type.ZonedDateTimeType@76b224cd
11:19:05.079 [main] DEBUG org.hibernate.type.BasicTypeRegistry - Adding type registration date -> org.hibernate.type.DateType@aa10649
11:19:05.079 [main] DEBUG org.hibernate.type.BasicTypeRegistry - Adding type registration java.sql.Date -> org.hibernate.type.DateType@aa10649
11:19:05.079 [main] DEBUG org.hibernate.type.BasicTypeRegistry - Adding type registration time -> org.hibernate.type.TimeType@43826ec
11:19:05.079 [main] DEBUG org.hibernate.type.BasicTypeRegistry - Adding type registration java.sql.Time -> org.hibernate.type.TimeType@43826ec
11:19:05.080 [main] DEBUG org.hibernate.type.BasicTypeRegistry - Adding type registration timestamp -> org.hibernate.type.TimestampType@56da52a7
11:19:05.080 [main] DEBUG org.hibernate.type.BasicTypeRegistry - Adding type registration java.sql.Timestamp -> org.hibernate.type.TimestampType@56da52a7
11:19:05.081 [main] DEBUG org.hibernate.type.BasicTypeRegistry - Adding type registration java.util.Date -> org.hibernate.type.TimestampType@56da52a7
11:19:05.081 [main] DEBUG org.hibernate.type.BasicTypeRegistry - Adding type registration dbtimestamp -> org.hibernate.type.DbTimestampType@340b7ef6
11:19:05.081 [main] DEBUG org.hibernate.type.BasicTypeRegistry - Adding type registration calendar -> org.hibernate.type.CalendarType@11841b15
11:19:05.081 [main] DEBUG org.hibernate.type.BasicTypeRegistry - Adding type registration java.util.Calendar -> org.hibernate.type.CalendarType@11841b15
11:19:05.082 [main] DEBUG org.hibernate.type.BasicTypeRegistry - Adding type registration java.util.GregorianCalendar -> org.hibernate.type.CalendarType@11841b15
11:19:05.082 [main] DEBUG org.hibernate.type.BasicTypeRegistry - Adding type registration calendar_date -> org.hibernate.type.CalendarDateType@5bfc257
11:19:05.082 [main] DEBUG org.hibernate.type.BasicTypeRegistry - Adding type registration locale -> org.hibernate.type.LocaleType@5d235104
11:19:05.082 [main] DEBUG org.hibernate.type.BasicTypeRegistry - Adding type registration java.util.Locale -> org.hibernate.type.LocaleType@5d235104
11:19:05.082 [main] DEBUG org.hibernate.type.BasicTypeRegistry - Adding type registration currency -> org.hibernate.type.CurrencyType@7e46d648
11:19:05.082 [main] DEBUG org.hibernate.type.BasicTypeRegistry - Adding type registration java.util.Currency -> org.hibernate.type.CurrencyType@7e46d648
11:19:05.083 [main] DEBUG org.hibernate.type.BasicTypeRegistry - Adding type registration timezone -> org.hibernate.type.TimeZoneType@41aaedaa
11:19:05.083 [main] DEBUG org.hibernate.type.BasicTypeRegistry - Adding type registration java.util.TimeZone -> org.hibernate.type.TimeZoneType@41aaedaa
11:19:05.083 [main] DEBUG org.hibernate.type.BasicTypeRegistry - Adding type registration class -> org.hibernate.type.ClassType@6fca2a8f
11:19:05.083 [main] DEBUG org.hibernate.type.BasicTypeRegistry - Adding type registration java.lang.Class -> org.hibernate.type.ClassType@6fca2a8f
11:19:05.084 [main] DEBUG org.hibernate.type.BasicTypeRegistry - Adding type registration uuid-binary -> org.hibernate.type.UUIDBinaryType@42c2f48c
11:19:05.085 [main] DEBUG org.hibernate.type.BasicTypeRegistry - Adding type registration java.util.UUID -> org.hibernate.type.UUIDBinaryType@42c2f48c
11:19:05.085 [main] DEBUG org.hibernate.type.BasicTypeRegistry - Adding type registration uuid-char -> org.hibernate.type.UUIDCharType@198ef2ce
11:19:05.085 [main] DEBUG org.hibernate.type.BasicTypeRegistry - Adding type registration binary -> org.hibernate.type.BinaryType@3013909b
11:19:05.085 [main] DEBUG org.hibernate.type.BasicTypeRegistry - Adding type registration byte[] -> org.hibernate.type.BinaryType@3013909b
11:19:05.086 [main] DEBUG org.hibernate.type.BasicTypeRegistry - Adding type registration [B -> org.hibernate.type.BinaryType@3013909b
11:19:05.086 [main] DEBUG org.hibernate.type.BasicTypeRegistry - Adding type registration wrapper-binary -> org.hibernate.type.WrapperBinaryType@24a298a6
11:19:05.086 [main] DEBUG org.hibernate.type.BasicTypeRegistry - Adding type registration Byte[] -> org.hibernate.type.WrapperBinaryType@24a298a6
11:19:05.086 [main] DEBUG org.hibernate.type.BasicTypeRegistry - Adding type registration [Ljava.lang.Byte; -> org.hibernate.type.WrapperBinaryType@24a298a6
11:19:05.086 [main] DEBUG org.hibernate.type.BasicTypeRegistry - Adding type registration row_version -> org.hibernate.type.RowVersionType@57fae983
11:19:05.086 [main] DEBUG org.hibernate.type.BasicTypeRegistry - Adding type registration image -> org.hibernate.type.ImageType@417d6615
11:19:05.087 [main] DEBUG org.hibernate.type.BasicTypeRegistry - Adding type registration characters -> org.hibernate.type.CharArrayType@6de30571
11:19:05.087 [main] DEBUG org.hibernate.type.BasicTypeRegistry - Adding type registration char[] -> org.hibernate.type.CharArrayType@6de30571
11:19:05.088 [main] DEBUG org.hibernate.type.BasicTypeRegistry - Adding type registration [C -> org.hibernate.type.CharArrayType@6de30571
11:19:05.088 [main] DEBUG org.hibernate.type.BasicTypeRegistry - Adding type registration wrapper-characters -> org.hibernate.type.CharacterArrayType@7906578e
11:19:05.088 [main] DEBUG org.hibernate.type.BasicTypeRegistry - Adding type registration [Ljava.lang.Character; -> org.hibernate.type.CharacterArrayType@7906578e
11:19:05.089 [main] DEBUG org.hibernate.type.BasicTypeRegistry - Adding type registration Character[] -> org.hibernate.type.CharacterArrayType@7906578e
11:19:05.089 [main] DEBUG org.hibernate.type.BasicTypeRegistry - Adding type registration text -> org.hibernate.type.TextType@659925f4
11:19:05.089 [main] DEBUG org.hibernate.type.BasicTypeRegistry - Adding type registration ntext -> org.hibernate.type.NTextType@659a2455
11:19:05.089 [main] DEBUG org.hibernate.type.BasicTypeRegistry - Adding type registration blob -> org.hibernate.type.BlobType@6b587673
11:19:05.089 [main] DEBUG org.hibernate.type.BasicTypeRegistry - Adding type registration java.sql.Blob -> org.hibernate.type.BlobType@6b587673
11:19:05.089 [main] DEBUG org.hibernate.type.BasicTypeRegistry - Adding type registration materialized_blob -> org.hibernate.type.MaterializedBlobType@53692008
11:19:05.090 [main] DEBUG org.hibernate.type.BasicTypeRegistry - Adding type registration clob -> org.hibernate.type.ClobType@4c27d39d
11:19:05.090 [main] DEBUG org.hibernate.type.BasicTypeRegistry - Adding type registration java.sql.Clob -> org.hibernate.type.ClobType@4c27d39d
11:19:05.090 [main] DEBUG org.hibernate.type.BasicTypeRegistry - Adding type registration nclob -> org.hibernate.type.NClobType@31cb96e1
11:19:05.090 [main] DEBUG org.hibernate.type.BasicTypeRegistry - Adding type registration java.sql.NClob -> org.hibernate.type.NClobType@31cb96e1
11:19:05.090 [main] DEBUG org.hibernate.type.BasicTypeRegistry - Adding type registration materialized_clob -> org.hibernate.type.MaterializedClobType@2032e725
11:19:05.090 [main] DEBUG org.hibernate.type.BasicTypeRegistry - Adding type registration materialized_nclob -> org.hibernate.type.MaterializedNClobType@441cc260
11:19:05.090 [main] DEBUG org.hibernate.type.BasicTypeRegistry - Adding type registration serializable -> org.hibernate.type.SerializableType@55b8dbda
11:19:05.091 [main] DEBUG org.hibernate.type.BasicTypeRegistry - Adding type registration object -> org.hibernate.type.ObjectType@415156bf
11:19:05.091 [main] DEBUG org.hibernate.type.BasicTypeRegistry - Adding type registration java.lang.Object -> org.hibernate.type.ObjectType@415156bf
11:19:05.091 [main] DEBUG org.hibernate.type.BasicTypeRegistry - Adding type registration imm_date -> org.hibernate.type.AdaptedImmutableType@2cccf134
11:19:05.092 [main] DEBUG org.hibernate.type.BasicTypeRegistry - Adding type registration imm_time -> org.hibernate.type.AdaptedImmutableType@3c18942
11:19:05.092 [main] DEBUG org.hibernate.type.BasicTypeRegistry - Adding type registration imm_timestamp -> org.hibernate.type.AdaptedImmutableType@743c3520
11:19:05.092 [main] DEBUG org.hibernate.type.BasicTypeRegistry - Adding type registration imm_dbtimestamp -> org.hibernate.type.AdaptedImmutableType@6842c101
11:19:05.092 [main] DEBUG org.hibernate.type.BasicTypeRegistry - Adding type registration imm_calendar -> org.hibernate.type.AdaptedImmutableType@234cd86c
11:19:05.092 [main] DEBUG org.hibernate.type.BasicTypeRegistry - Adding type registration imm_calendar_date -> org.hibernate.type.AdaptedImmutableType@2c48cede
11:19:05.092 [main] DEBUG org.hibernate.type.BasicTypeRegistry - Adding type registration imm_binary -> org.hibernate.type.AdaptedImmutableType@39c87b42
11:19:05.093 [main] DEBUG org.hibernate.type.BasicTypeRegistry - Adding type registration imm_serializable -> org.hibernate.type.AdaptedImmutableType@47fcefb3
11:19:05.199 [main] DEBUG org.hibernate.engine.jdbc.env.internal.JdbcEnvironmentInitiator - Database ->
       name : H2
    version : 1.4.196 (2017-06-10)
      major : 1
      minor : 4
11:19:05.199 [main] DEBUG org.hibernate.engine.jdbc.env.internal.JdbcEnvironmentInitiator - Driver ->
       name : H2 JDBC Driver
    version : 1.4.196 (2017-06-10)
      major : 1
      minor : 4
11:19:05.199 [main] DEBUG org.hibernate.engine.jdbc.env.internal.JdbcEnvironmentInitiator - JDBC version : 4.0
11:19:05.200 [main] INFO org.hibernate.dialect.Dialect - HHH000400: Using dialect: org.hibernate.dialect.H2Dialect
11:19:05.206 [main] DEBUG org.hibernate.engine.jdbc.env.internal.DefaultSchemaNameResolver - Unable to resolve connection default schema : Feature not supported: "getSchema && remote session" [50100-196]
11:19:05.206 [main] DEBUG org.hibernate.engine.jdbc.env.internal.JdbcEnvironmentImpl - Unable to resolve connection default schema
java.lang.NullPointerException: null
	at org.hibernate.engine.jdbc.env.internal.DefaultSchemaNameResolver.resolveSchemaName(DefaultSchemaNameResolver.java:70)
	at org.hibernate.engine.jdbc.env.internal.JdbcEnvironmentImpl.determineCurrentSchemaName(JdbcEnvironmentImpl.java:298)
	at org.hibernate.engine.jdbc.env.internal.JdbcEnvironmentImpl.<init>(JdbcEnvironmentImpl.java:232)
	at org.hibernate.engine.jdbc.env.internal.JdbcEnvironmentInitiator.initiateService(JdbcEnvironmentInitiator.java:114)
	at org.hibernate.engine.jdbc.env.internal.JdbcEnvironmentInitiator.initiateService(JdbcEnvironmentInitiator.java:35)
	at org.hibernate.boot.registry.internal.StandardServiceRegistryImpl.initiateService(StandardServiceRegistryImpl.java:88)
	at org.hibernate.service.internal.AbstractServiceRegistryImpl.createService(AbstractServiceRegistryImpl.java:259)
	at org.hibernate.service.internal.AbstractServiceRegistryImpl.initializeService(AbstractServiceRegistryImpl.java:233)
	at org.hibernate.service.internal.AbstractServiceRegistryImpl.getService(AbstractServiceRegistryImpl.java:210)
	at org.hibernate.engine.jdbc.internal.JdbcServicesImpl.configure(JdbcServicesImpl.java:51)
	at org.hibernate.boot.registry.internal.StandardServiceRegistryImpl.configureService(StandardServiceRegistryImpl.java:94)
	at org.hibernate.service.internal.AbstractServiceRegistryImpl.initializeService(AbstractServiceRegistryImpl.java:242)
	at org.hibernate.service.internal.AbstractServiceRegistryImpl.getService(AbstractServiceRegistryImpl.java:210)
	at org.hibernate.boot.model.process.spi.MetadataBuildingProcess.handleTypes(MetadataBuildingProcess.java:352)
	at org.hibernate.boot.model.process.spi.MetadataBuildingProcess.complete(MetadataBuildingProcess.java:111)
	at org.hibernate.boot.model.process.spi.MetadataBuildingProcess.build(MetadataBuildingProcess.java:83)
	at org.hibernate.boot.internal.MetadataBuilderImpl.build(MetadataBuilderImpl.java:418)
	at org.hibernate.boot.internal.MetadataBuilderImpl.build(MetadataBuilderImpl.java:87)
	at org.hibernate.cfg.Configuration.buildSessionFactory(Configuration.java:691)
	at org.hibernate.cfg.Configuration.buildSessionFactory(Configuration.java:726)
	at org.reverside.bootcamp.ubereats.config.HibernateConfig.getSessionFactory(HibernateConfig.java:56)
	at org.reverside.bootcamp.ubereats.config.HibernateConfig$$EnhancerBySpringCGLIB$$d611b86d.CGLIB$getSessionFactory$1(<generated>)
	at org.reverside.bootcamp.ubereats.config.HibernateConfig$$EnhancerBySpringCGLIB$$d611b86d$$FastClassBySpringCGLIB$$8ce41538.invoke(<generated>)
	at org.springframework.cglib.proxy.MethodProxy.invokeSuper(MethodProxy.java:228)
	at org.springframework.context.annotation.ConfigurationClassEnhancer$BeanMethodInterceptor.intercept(ConfigurationClassEnhancer.java:361)
	at org.reverside.bootcamp.ubereats.config.HibernateConfig$$EnhancerBySpringCGLIB$$d611b86d.getSessionFactory(<generated>)
	at sun.reflect.NativeMethodAccessorImpl.invoke0(Native Method)
	at sun.reflect.NativeMethodAccessorImpl.invoke(NativeMethodAccessorImpl.java:62)
	at sun.reflect.DelegatingMethodAccessorImpl.invoke(DelegatingMethodAccessorImpl.java:43)
	at java.lang.reflect.Method.invoke(Method.java:498)
	at org.springframework.beans.factory.support.SimpleInstantiationStrategy.instantiate(SimpleInstantiationStrategy.java:154)
	at org.springframework.beans.factory.support.ConstructorResolver.instantiateUsingFactoryMethod(ConstructorResolver.java:579)
	at org.springframework.beans.factory.support.AbstractAutowireCapableBeanFactory.instantiateUsingFactoryMethod(AbstractAutowireCapableBeanFactory.java:1250)
	at org.springframework.beans.factory.support.AbstractAutowireCapableBeanFactory.createBeanInstance(AbstractAutowireCapableBeanFactory.java:1099)
	at org.springframework.beans.factory.support.AbstractAutowireCapableBeanFactory.doCreateBean(AbstractAutowireCapableBeanFactory.java:545)
	at org.springframework.beans.factory.support.AbstractAutowireCapableBeanFactory.createBean(AbstractAutowireCapableBeanFactory.java:502)
	at org.springframework.beans.factory.support.AbstractBeanFactory.lambda$doGetBean$0(AbstractBeanFactory.java:312)
	at org.springframework.beans.factory.support.DefaultSingletonBeanRegistry.getSingleton(DefaultSingletonBeanRegistry.java:228)
	at org.springframework.beans.factory.support.AbstractBeanFactory.doGetBean(AbstractBeanFactory.java:310)
	at org.springframework.beans.factory.support.AbstractBeanFactory.getBean(AbstractBeanFactory.java:200)
	at org.springframework.beans.factory.config.DependencyDescriptor.resolveCandidate(DependencyDescriptor.java:251)
	at org.springframework.beans.factory.support.DefaultListableBeanFactory.doResolveDependency(DefaultListableBeanFactory.java:1138)
	at org.springframework.beans.factory.support.DefaultListableBeanFactory.resolveDependency(DefaultListableBeanFactory.java:1065)
	at org.springframework.beans.factory.annotation.AutowiredAnnotationBeanPostProcessor$AutowiredFieldElement.inject(AutowiredAnnotationBeanPostProcessor.java:584)
	at org.springframework.beans.factory.annotation.InjectionMetadata.inject(InjectionMetadata.java:91)
	at org.springframework.beans.factory.annotation.AutowiredAnnotationBeanPostProcessor.postProcessPropertyValues(AutowiredAnnotationBeanPostProcessor.java:373)
	at org.springframework.beans.factory.support.AbstractAutowireCapableBeanFactory.populateBean(AbstractAutowireCapableBeanFactory.java:1344)
	at org.springframework.beans.factory.support.AbstractAutowireCapableBeanFactory.doCreateBean(AbstractAutowireCapableBeanFactory.java:582)
	at org.springframework.beans.factory.support.AbstractAutowireCapableBeanFactory.createBean(AbstractAutowireCapableBeanFactory.java:502)
	at org.springframework.beans.factory.support.AbstractBeanFactory.lambda$doGetBean$0(AbstractBeanFactory.java:312)
	at org.springframework.beans.factory.support.DefaultSingletonBeanRegistry.getSingleton(DefaultSingletonBeanRegistry.java:228)
	at org.springframework.beans.factory.support.AbstractBeanFactory.doGetBean(AbstractBeanFactory.java:310)
	at org.springframework.beans.factory.support.AbstractBeanFactory.getBean(AbstractBeanFactory.java:200)
	at org.springframework.beans.factory.config.DependencyDescriptor.resolveCandidate(DependencyDescriptor.java:251)
	at org.springframework.beans.factory.support.DefaultListableBeanFactory.doResolveDependency(DefaultListableBeanFactory.java:1138)
	at org.springframework.beans.factory.support.DefaultListableBeanFactory.resolveDependency(DefaultListableBeanFactory.java:1065)
	at org.springframework.beans.factory.annotation.AutowiredAnnotationBeanPostProcessor$AutowiredFieldElement.inject(AutowiredAnnotationBeanPostProcessor.java:584)
	at org.springframework.beans.factory.annotation.InjectionMetadata.inject(InjectionMetadata.java:91)
	at org.springframework.beans.factory.annotation.AutowiredAnnotationBeanPostProcessor.postProcessPropertyValues(AutowiredAnnotationBeanPostProcessor.java:373)
	at org.springframework.beans.factory.support.AbstractAutowireCapableBeanFactory.populateBean(AbstractAutowireCapableBeanFactory.java:1344)
	at org.springframework.beans.factory.support.AbstractAutowireCapableBeanFactory.doCreateBean(AbstractAutowireCapableBeanFactory.java:582)
	at org.springframework.beans.factory.support.AbstractAutowireCapableBeanFactory.createBean(AbstractAutowireCapableBeanFactory.java:502)
	at org.springframework.beans.factory.support.AbstractBeanFactory.lambda$doGetBean$0(AbstractBeanFactory.java:312)
	at org.springframework.beans.factory.support.DefaultSingletonBeanRegistry.getSingleton(DefaultSingletonBeanRegistry.java:228)
	at org.springframework.beans.factory.support.AbstractBeanFactory.doGetBean(AbstractBeanFactory.java:310)
	at org.springframework.beans.factory.support.AbstractBeanFactory.getBean(AbstractBeanFactory.java:200)
	at org.springframework.beans.factory.support.DefaultListableBeanFactory.preInstantiateSingletons(DefaultListableBeanFactory.java:760)
	at org.springframework.context.support.AbstractApplicationContext.finishBeanFactoryInitialization(AbstractApplicationContext.java:868)
	at org.springframework.context.support.AbstractApplicationContext.refresh(AbstractApplicationContext.java:549)
	at org.reverside.bootcamp.ubereats.test.ProductTestCase.init(ProductTestCase.java:26)
	at sun.reflect.NativeMethodAccessorImpl.invoke0(Native Method)
	at sun.reflect.NativeMethodAccessorImpl.invoke(NativeMethodAccessorImpl.java:62)
	at sun.reflect.DelegatingMethodAccessorImpl.invoke(DelegatingMethodAccessorImpl.java:43)
	at java.lang.reflect.Method.invoke(Method.java:498)
	at org.junit.runners.model.FrameworkMethod$1.runReflectiveCall(FrameworkMethod.java:50)
	at org.junit.internal.runners.model.ReflectiveCallable.run(ReflectiveCallable.java:12)
	at org.junit.runners.model.FrameworkMethod.invokeExplosively(FrameworkMethod.java:47)
	at org.junit.internal.runners.statements.RunBefores.evaluate(RunBefores.java:24)
	at org.junit.runners.ParentRunner.run(ParentRunner.java:363)
	at org.apache.maven.surefire.junit4.JUnit4Provider.execute(JUnit4Provider.java:369)
	at org.apache.maven.surefire.junit4.JUnit4Provider.executeWithRerun(JUnit4Provider.java:275)
	at org.apache.maven.surefire.junit4.JUnit4Provider.executeTestSet(JUnit4Provider.java:239)
	at org.apache.maven.surefire.junit4.JUnit4Provider.invoke(JUnit4Provider.java:160)
	at org.apache.maven.surefire.booter.ForkedBooter.invokeProviderInSameClassLoader(ForkedBooter.java:373)
	at org.apache.maven.surefire.booter.ForkedBooter.runSuitesInProcess(ForkedBooter.java:334)
	at org.apache.maven.surefire.booter.ForkedBooter.execute(ForkedBooter.java:119)
	at org.apache.maven.surefire.booter.ForkedBooter.main(ForkedBooter.java:407)
11:19:05.232 [main] DEBUG org.hibernate.id.factory.internal.DefaultIdentifierGeneratorFactory - Registering IdentifierGenerator strategy [uuid2] -> [org.hibernate.id.UUIDGenerator]
11:19:05.232 [main] DEBUG org.hibernate.id.factory.internal.DefaultIdentifierGeneratorFactory - Registering IdentifierGenerator strategy [guid] -> [org.hibernate.id.GUIDGenerator]
11:19:05.232 [main] DEBUG org.hibernate.id.factory.internal.DefaultIdentifierGeneratorFactory - Registering IdentifierGenerator strategy [uuid] -> [org.hibernate.id.UUIDHexGenerator]
11:19:05.232 [main] DEBUG org.hibernate.id.factory.internal.DefaultIdentifierGeneratorFactory - Registering IdentifierGenerator strategy [uuid.hex] -> [org.hibernate.id.UUIDHexGenerator]
11:19:05.232 [main] DEBUG org.hibernate.id.factory.internal.DefaultIdentifierGeneratorFactory - Registering IdentifierGenerator strategy [assigned] -> [org.hibernate.id.Assigned]
11:19:05.232 [main] DEBUG org.hibernate.id.factory.internal.DefaultIdentifierGeneratorFactory - Registering IdentifierGenerator strategy [identity] -> [org.hibernate.id.IdentityGenerator]
11:19:05.232 [main] DEBUG org.hibernate.id.factory.internal.DefaultIdentifierGeneratorFactory - Registering IdentifierGenerator strategy [select] -> [org.hibernate.id.SelectGenerator]
11:19:05.232 [main] DEBUG org.hibernate.id.factory.internal.DefaultIdentifierGeneratorFactory - Registering IdentifierGenerator strategy [sequence] -> [org.hibernate.id.enhanced.SequenceStyleGenerator]
11:19:05.232 [main] DEBUG org.hibernate.id.factory.internal.DefaultIdentifierGeneratorFactory - Registering IdentifierGenerator strategy [seqhilo] -> [org.hibernate.id.SequenceHiLoGenerator]
11:19:05.232 [main] DEBUG org.hibernate.id.factory.internal.DefaultIdentifierGeneratorFactory - Registering IdentifierGenerator strategy [increment] -> [org.hibernate.id.IncrementGenerator]
11:19:05.232 [main] DEBUG org.hibernate.id.factory.internal.DefaultIdentifierGeneratorFactory - Registering IdentifierGenerator strategy [foreign] -> [org.hibernate.id.ForeignGenerator]
11:19:05.232 [main] DEBUG org.hibernate.id.factory.internal.DefaultIdentifierGeneratorFactory - Registering IdentifierGenerator strategy [sequence-identity] -> [org.hibernate.id.SequenceIdentityGenerator]
11:19:05.232 [main] DEBUG org.hibernate.id.factory.internal.DefaultIdentifierGeneratorFactory - Registering IdentifierGenerator strategy [enhanced-sequence] -> [org.hibernate.id.enhanced.SequenceStyleGenerator]
11:19:05.232 [main] DEBUG org.hibernate.id.factory.internal.DefaultIdentifierGeneratorFactory - Registering IdentifierGenerator strategy [enhanced-table] -> [org.hibernate.id.enhanced.TableGenerator]
11:19:05.232 [main] DEBUG org.hibernate.boot.model.relational.Namespace - Created database namespace [logicalName=Name{catalog=null, schema=null}, physicalName=Name{catalog=null, schema=null}]
11:19:05.233 [main] DEBUG org.hibernate.cfg.AnnotationBinder - Binding entity from annotated class: org.reverside.bootcamp.ubereats.dto.User
11:19:05.233 [main] DEBUG org.hibernate.cfg.Ejb3Column - Binding column: Ejb3DiscriminatorColumn{logicalColumnName'DTYPE', discriminatorTypeName='string'}
11:19:05.233 [main] DEBUG org.hibernate.cfg.annotations.EntityBinder - Import with entity name User
11:19:05.233 [main] DEBUG org.hibernate.cfg.annotations.EntityBinder - Bind entity org.reverside.bootcamp.ubereats.dto.User on table User
11:19:05.235 [main] DEBUG org.hibernate.cfg.Ejb3Column - Binding column: Ejb3Column{table=org.hibernate.mapping.Table(User), mappingColumn=email, insertable=true, updatable=true, unique=false}
11:19:05.235 [main] DEBUG org.hibernate.cfg.annotations.PropertyBinder - MetadataSourceProcessor property email with lazy=false
11:19:05.235 [main] DEBUG org.hibernate.cfg.AbstractPropertyHolder - Attempting to locate auto-apply AttributeConverter for property [org.reverside.bootcamp.ubereats.dto.User:email]
11:19:05.235 [main] DEBUG org.hibernate.cfg.annotations.SimpleValueBinder - building SimpleValue for email
11:19:05.235 [main] DEBUG org.hibernate.cfg.annotations.PropertyBinder - Building property email
11:19:05.235 [main] DEBUG org.hibernate.cfg.Ejb3Column - Binding column: Ejb3Column{table=org.hibernate.mapping.Table(User), mappingColumn=account_id, insertable=true, updatable=true, unique=false}
11:19:05.236 [main] DEBUG org.hibernate.cfg.annotations.PropertyBinder - MetadataSourceProcessor property accountId with lazy=false
11:19:05.236 [main] DEBUG org.hibernate.cfg.AbstractPropertyHolder - Attempting to locate auto-apply AttributeConverter for property [org.reverside.bootcamp.ubereats.dto.User:accountId]
11:19:05.236 [main] DEBUG org.hibernate.cfg.annotations.SimpleValueBinder - building SimpleValue for accountId
11:19:05.236 [main] DEBUG org.hibernate.cfg.annotations.PropertyBinder - Building property accountId
11:19:05.236 [main] DEBUG org.hibernate.cfg.Ejb3Column - Binding column: Ejb3Column{table=org.hibernate.mapping.Table(User), mappingColumn=is_active, insertable=true, updatable=true, unique=false}
11:19:05.236 [main] DEBUG org.hibernate.cfg.annotations.PropertyBinder - MetadataSourceProcessor property active with lazy=false
11:19:05.236 [main] DEBUG org.hibernate.cfg.AbstractPropertyHolder - Attempting to locate auto-apply AttributeConverter for property [org.reverside.bootcamp.ubereats.dto.User:active]
11:19:05.236 [main] DEBUG org.hibernate.cfg.annotations.SimpleValueBinder - building SimpleValue for active
11:19:05.236 [main] DEBUG org.hibernate.cfg.annotations.PropertyBinder - Building property active
11:19:05.236 [main] DEBUG org.hibernate.cfg.Ejb3Column - Binding column: Ejb3Column{table=org.hibernate.mapping.Table(User), mappingColumn=enabled, insertable=true, updatable=true, unique=false}
11:19:05.236 [main] DEBUG org.hibernate.cfg.annotations.PropertyBinder - MetadataSourceProcessor property enabled with lazy=false
11:19:05.236 [main] DEBUG org.hibernate.cfg.AbstractPropertyHolder - Attempting to locate auto-apply AttributeConverter for property [org.reverside.bootcamp.ubereats.dto.User:enabled]
11:19:05.236 [main] DEBUG org.hibernate.cfg.annotations.SimpleValueBinder - building SimpleValue for enabled
11:19:05.236 [main] DEBUG org.hibernate.cfg.annotations.PropertyBinder - Building property enabled
11:19:05.236 [main] DEBUG org.hibernate.cfg.Ejb3Column - Binding column: Ejb3Column{table=org.hibernate.mapping.Table(User), mappingColumn=name, insertable=true, updatable=true, unique=false}
11:19:05.237 [main] DEBUG org.hibernate.cfg.annotations.PropertyBinder - MetadataSourceProcessor property name with lazy=false
11:19:05.237 [main] DEBUG org.hibernate.cfg.AbstractPropertyHolder - Attempting to locate auto-apply AttributeConverter for property [org.reverside.bootcamp.ubereats.dto.User:name]
11:19:05.237 [main] DEBUG org.hibernate.cfg.annotations.SimpleValueBinder - building SimpleValue for name
11:19:05.237 [main] DEBUG org.hibernate.cfg.annotations.PropertyBinder - Building property name
11:19:05.237 [main] DEBUG org.hibernate.cfg.Ejb3Column - Binding column: Ejb3Column{table=org.hibernate.mapping.Table(User), mappingColumn=phone_num, insertable=true, updatable=true, unique=false}
11:19:05.237 [main] DEBUG org.hibernate.cfg.annotations.PropertyBinder - MetadataSourceProcessor property phoneNum with lazy=false
11:19:05.238 [main] DEBUG org.hibernate.cfg.AbstractPropertyHolder - Attempting to locate auto-apply AttributeConverter for property [org.reverside.bootcamp.ubereats.dto.User:phoneNum]
11:19:05.238 [main] DEBUG org.hibernate.cfg.annotations.SimpleValueBinder - building SimpleValue for phoneNum
11:19:05.238 [main] DEBUG org.hibernate.cfg.annotations.PropertyBinder - Building property phoneNum
11:19:05.238 [main] DEBUG org.hibernate.cfg.Ejb3Column - Binding column: Ejb3Column{table=org.hibernate.mapping.Table(User), mappingColumn=recovery_question, insertable=true, updatable=true, unique=false}
11:19:05.238 [main] DEBUG org.hibernate.cfg.annotations.PropertyBinder - MetadataSourceProcessor property recovery_question with lazy=false
11:19:05.238 [main] DEBUG org.hibernate.cfg.AbstractPropertyHolder - Attempting to locate auto-apply AttributeConverter for property [org.reverside.bootcamp.ubereats.dto.User:recovery_question]
11:19:05.238 [main] DEBUG org.hibernate.cfg.annotations.SimpleValueBinder - building SimpleValue for recovery_question
11:19:05.238 [main] DEBUG org.hibernate.cfg.annotations.PropertyBinder - Building property recovery_question
11:19:05.238 [main] DEBUG org.hibernate.cfg.Ejb3Column - Binding column: Ejb3Column{table=org.hibernate.mapping.Table(User), mappingColumn=null, insertable=true, updatable=true, unique=false}
11:19:05.239 [main] DEBUG org.hibernate.cfg.Ejb3Column - Binding column: Ejb3Column{table=org.hibernate.mapping.Table(User), mappingColumn=element, insertable=true, updatable=true, unique=false}
11:19:05.239 [main] DEBUG org.hibernate.cfg.Ejb3Column - Binding column: Ejb3Column{table=org.hibernate.mapping.Table(User), mappingColumn=roles_KEY, insertable=true, updatable=true, unique=false}
11:19:05.239 [main] DEBUG org.hibernate.cfg.Ejb3Column - Binding column: Ejb3JoinColumn{logicalColumnName='roles_KEY', referencedColumn='null', mappedBy='null'}
11:19:05.239 [main] DEBUG org.hibernate.cfg.Ejb3Column - Binding column: Ejb3JoinColumn{logicalColumnName='email', referencedColumn='', mappedBy=''}
11:19:05.239 [main] DEBUG org.hibernate.cfg.Ejb3Column - Binding column: Ejb3JoinColumn{logicalColumnName='role_id', referencedColumn='', mappedBy=''}
11:19:05.239 [main] DEBUG org.hibernate.cfg.annotations.CollectionBinder - Collection role: org.reverside.bootcamp.ubereats.dto.User.roles
11:19:05.239 [main] DEBUG org.hibernate.cfg.annotations.PropertyBinder - Building property roles
11:19:05.240 [main] DEBUG org.hibernate.cfg.Ejb3Column - Binding column: Ejb3Column{table=org.hibernate.mapping.Table(User), mappingColumn=surname, insertable=true, updatable=true, unique=false}
11:19:05.240 [main] DEBUG org.hibernate.cfg.annotations.PropertyBinder - MetadataSourceProcessor property surname with lazy=false
11:19:05.240 [main] DEBUG org.hibernate.cfg.AbstractPropertyHolder - Attempting to locate auto-apply AttributeConverter for property [org.reverside.bootcamp.ubereats.dto.User:surname]
11:19:05.240 [main] DEBUG org.hibernate.cfg.annotations.SimpleValueBinder - building SimpleValue for surname
11:19:05.240 [main] DEBUG org.hibernate.cfg.annotations.PropertyBinder - Building property surname
11:19:05.240 [main] DEBUG org.hibernate.cfg.AnnotationBinder - Binding entity from annotated class: org.reverside.bootcamp.ubereats.dto.Admin
11:19:05.240 [main] DEBUG org.hibernate.cfg.annotations.EntityBinder - Import with entity name Admin
11:19:05.241 [main] DEBUG org.hibernate.cfg.Ejb3Column - Binding column: Ejb3Column{table=org.hibernate.mapping.Table(User), mappingColumn=region, insertable=true, updatable=true, unique=false}
11:19:05.241 [main] DEBUG org.hibernate.cfg.annotations.PropertyBinder - MetadataSourceProcessor property region with lazy=false
11:19:05.241 [main] DEBUG org.hibernate.cfg.AbstractPropertyHolder - Attempting to locate auto-apply AttributeConverter for property [org.reverside.bootcamp.ubereats.dto.Admin:region]
11:19:05.241 [main] DEBUG org.hibernate.cfg.annotations.SimpleValueBinder - building SimpleValue for region
11:19:05.241 [main] DEBUG org.hibernate.cfg.annotations.PropertyBinder - Building property region
11:19:05.241 [main] DEBUG org.hibernate.cfg.AnnotationBinder - Binding entity from annotated class: org.reverside.bootcamp.ubereats.dto.Category
11:19:05.241 [main] DEBUG org.hibernate.cfg.Ejb3Column - Binding column: Ejb3DiscriminatorColumn{logicalColumnName'DTYPE', discriminatorTypeName='string'}
11:19:05.242 [main] DEBUG org.hibernate.cfg.annotations.EntityBinder - Import with entity name Category
11:19:05.242 [main] DEBUG org.hibernate.cfg.annotations.EntityBinder - Bind entity org.reverside.bootcamp.ubereats.dto.Category on table Category
11:19:05.242 [main] DEBUG org.hibernate.cfg.Ejb3Column - Binding column: Ejb3Column{table=org.hibernate.mapping.Table(Category), mappingColumn=id, insertable=true, updatable=true, unique=false}
11:19:05.242 [main] DEBUG org.hibernate.cfg.annotations.PropertyBinder - MetadataSourceProcessor property id with lazy=false
11:19:05.243 [main] DEBUG org.hibernate.cfg.AbstractPropertyHolder - Attempting to locate auto-apply AttributeConverter for property [org.reverside.bootcamp.ubereats.dto.Category:id]
11:19:05.243 [main] DEBUG org.hibernate.cfg.annotations.SimpleValueBinder - building SimpleValue for id
11:19:05.243 [main] DEBUG org.hibernate.cfg.annotations.PropertyBinder - Building property id
11:19:05.243 [main] DEBUG org.hibernate.cfg.Ejb3Column - Binding column: Ejb3Column{table=org.hibernate.mapping.Table(Category), mappingColumn=is_active, insertable=true, updatable=true, unique=false}
11:19:05.243 [main] DEBUG org.hibernate.cfg.annotations.PropertyBinder - MetadataSourceProcessor property active with lazy=false
11:19:05.243 [main] DEBUG org.hibernate.cfg.AbstractPropertyHolder - Attempting to locate auto-apply AttributeConverter for property [org.reverside.bootcamp.ubereats.dto.Category:active]
11:19:05.243 [main] DEBUG org.hibernate.cfg.annotations.SimpleValueBinder - building SimpleValue for active
11:19:05.243 [main] DEBUG org.hibernate.cfg.annotations.PropertyBinder - Building property active
11:19:05.243 [main] DEBUG org.hibernate.cfg.Ejb3Column - Binding column: Ejb3Column{table=org.hibernate.mapping.Table(Category), mappingColumn=description, insertable=true, updatable=true, unique=false}
11:19:05.243 [main] DEBUG org.hibernate.cfg.annotations.PropertyBinder - MetadataSourceProcessor property description with lazy=false
11:19:05.243 [main] DEBUG org.hibernate.cfg.AbstractPropertyHolder - Attempting to locate auto-apply AttributeConverter for property [org.reverside.bootcamp.ubereats.dto.Category:description]
11:19:05.243 [main] DEBUG org.hibernate.cfg.annotations.SimpleValueBinder - building SimpleValue for description
11:19:05.244 [main] DEBUG org.hibernate.cfg.annotations.PropertyBinder - Building property description
11:19:05.244 [main] DEBUG org.hibernate.cfg.Ejb3Column - Binding column: Ejb3Column{table=org.hibernate.mapping.Table(Category), mappingColumn=name, insertable=true, updatable=true, unique=false}
11:19:05.244 [main] DEBUG org.hibernate.cfg.annotations.PropertyBinder - MetadataSourceProcessor property name with lazy=false
11:19:05.244 [main] DEBUG org.hibernate.cfg.AbstractPropertyHolder - Attempting to locate auto-apply AttributeConverter for property [org.reverside.bootcamp.ubereats.dto.Category:name]
11:19:05.244 [main] DEBUG org.hibernate.cfg.annotations.SimpleValueBinder - building SimpleValue for name
11:19:05.244 [main] DEBUG org.hibernate.cfg.annotations.PropertyBinder - Building property name
11:19:05.245 [main] DEBUG org.hibernate.cfg.AnnotationBinder - Binding entity from annotated class: org.reverside.bootcamp.ubereats.dto.Product
11:19:05.245 [main] DEBUG org.hibernate.cfg.Ejb3Column - Binding column: Ejb3DiscriminatorColumn{logicalColumnName'DTYPE', discriminatorTypeName='string'}
11:19:05.245 [main] DEBUG org.hibernate.cfg.annotations.EntityBinder - Import with entity name Product
11:19:05.245 [main] DEBUG org.hibernate.cfg.annotations.EntityBinder - Bind entity org.reverside.bootcamp.ubereats.dto.Product on table Product
11:19:05.246 [main] DEBUG org.hibernate.cfg.Ejb3Column - Binding column: Ejb3Column{table=org.hibernate.mapping.Table(Product), mappingColumn=id, insertable=true, updatable=true, unique=false}
11:19:05.247 [main] DEBUG org.hibernate.cfg.annotations.PropertyBinder - MetadataSourceProcessor property id with lazy=false
11:19:05.247 [main] DEBUG org.hibernate.cfg.AbstractPropertyHolder - Attempting to locate auto-apply AttributeConverter for property [org.reverside.bootcamp.ubereats.dto.Product:id]
11:19:05.247 [main] DEBUG org.hibernate.cfg.annotations.SimpleValueBinder - building SimpleValue for id
11:19:05.247 [main] DEBUG org.hibernate.cfg.annotations.PropertyBinder - Building property id
11:19:05.247 [main] DEBUG org.hibernate.cfg.Ejb3Column - Binding column: Ejb3Column{table=org.hibernate.mapping.Table(Product), mappingColumn=is_active, insertable=true, updatable=true, unique=false}
11:19:05.247 [main] DEBUG org.hibernate.cfg.annotations.PropertyBinder - MetadataSourceProcessor property active with lazy=false
11:19:05.247 [main] DEBUG org.hibernate.cfg.AbstractPropertyHolder - Attempting to locate auto-apply AttributeConverter for property [org.reverside.bootcamp.ubereats.dto.Product:active]
11:19:05.247 [main] DEBUG org.hibernate.cfg.annotations.SimpleValueBinder - building SimpleValue for active
11:19:05.247 [main] DEBUG org.hibernate.cfg.annotations.PropertyBinder - Building property active
11:19:05.248 [main] DEBUG org.hibernate.cfg.Ejb3Column - Binding column: Ejb3Column{table=org.hibernate.mapping.Table(Product), mappingColumn=category_id, insertable=true, updatable=true, unique=false}
11:19:05.248 [main] DEBUG org.hibernate.cfg.annotations.PropertyBinder - MetadataSourceProcessor property categoryId with lazy=false
11:19:05.248 [main] DEBUG org.hibernate.cfg.AbstractPropertyHolder - Attempting to locate auto-apply AttributeConverter for property [org.reverside.bootcamp.ubereats.dto.Product:categoryId]
11:19:05.248 [main] DEBUG org.hibernate.cfg.annotations.SimpleValueBinder - building SimpleValue for categoryId
11:19:05.248 [main] DEBUG org.hibernate.cfg.annotations.PropertyBinder - Building property categoryId
11:19:05.248 [main] DEBUG org.hibernate.cfg.Ejb3Column - Binding column: Ejb3Column{table=org.hibernate.mapping.Table(Product), mappingColumn=code, insertable=true, updatable=true, unique=false}
11:19:05.248 [main] DEBUG org.hibernate.cfg.annotations.PropertyBinder - MetadataSourceProcessor property code with lazy=false
11:19:05.248 [main] DEBUG org.hibernate.cfg.AbstractPropertyHolder - Attempting to locate auto-apply AttributeConverter for property [org.reverside.bootcamp.ubereats.dto.Product:code]
11:19:05.248 [main] DEBUG org.hibernate.cfg.annotations.SimpleValueBinder - building SimpleValue for code
11:19:05.248 [main] DEBUG org.hibernate.cfg.annotations.PropertyBinder - Building property code
11:19:05.248 [main] DEBUG org.hibernate.cfg.Ejb3Column - Binding column: Ejb3Column{table=org.hibernate.mapping.Table(Product), mappingColumn=description, insertable=true, updatable=true, unique=false}
11:19:05.248 [main] DEBUG org.hibernate.cfg.annotations.PropertyBinder - MetadataSourceProcessor property description with lazy=false
11:19:05.248 [main] DEBUG org.hibernate.cfg.AbstractPropertyHolder - Attempting to locate auto-apply AttributeConverter for property [org.reverside.bootcamp.ubereats.dto.Product:description]
11:19:05.248 [main] DEBUG org.hibernate.cfg.annotations.SimpleValueBinder - building SimpleValue for description
11:19:05.249 [main] DEBUG org.hibernate.cfg.annotations.PropertyBinder - Building property description
11:19:05.249 [main] DEBUG org.hibernate.cfg.Ejb3Column - Binding column: Ejb3Column{table=org.hibernate.mapping.Table(Product), mappingColumn=image_url, insertable=true, updatable=true, unique=false}
11:19:05.249 [main] DEBUG org.hibernate.cfg.annotations.PropertyBinder - MetadataSourceProcessor property imageUrl with lazy=false
11:19:05.249 [main] DEBUG org.hibernate.cfg.AbstractPropertyHolder - Attempting to locate auto-apply AttributeConverter for property [org.reverside.bootcamp.ubereats.dto.Product:imageUrl]
11:19:05.249 [main] DEBUG org.hibernate.cfg.annotations.SimpleValueBinder - building SimpleValue for imageUrl
11:19:05.249 [main] DEBUG org.hibernate.cfg.annotations.PropertyBinder - Building property imageUrl
11:19:05.249 [main] DEBUG org.hibernate.cfg.Ejb3Column - Binding column: Ejb3Column{table=org.hibernate.mapping.Table(Product), mappingColumn=menu_id, insertable=true, updatable=true, unique=false}
11:19:05.249 [main] DEBUG org.hibernate.cfg.annotations.PropertyBinder - MetadataSourceProcessor property menuId with lazy=false
11:19:05.249 [main] DEBUG org.hibernate.cfg.AbstractPropertyHolder - Attempting to locate auto-apply AttributeConverter for property [org.reverside.bootcamp.ubereats.dto.Product:menuId]
11:19:05.249 [main] DEBUG org.hibernate.cfg.annotations.SimpleValueBinder - building SimpleValue for menuId
11:19:05.250 [main] DEBUG org.hibernate.cfg.annotations.PropertyBinder - Building property menuId
11:19:05.250 [main] DEBUG org.hibernate.cfg.Ejb3Column - Binding column: Ejb3Column{table=org.hibernate.mapping.Table(Product), mappingColumn=name, insertable=true, updatable=true, unique=false}
11:19:05.250 [main] DEBUG org.hibernate.cfg.annotations.PropertyBinder - MetadataSourceProcessor property name with lazy=false
11:19:05.250 [main] DEBUG org.hibernate.cfg.AbstractPropertyHolder - Attempting to locate auto-apply AttributeConverter for property [org.reverside.bootcamp.ubereats.dto.Product:name]
11:19:05.250 [main] DEBUG org.hibernate.cfg.annotations.SimpleValueBinder - building SimpleValue for name
11:19:05.250 [main] DEBUG org.hibernate.cfg.annotations.PropertyBinder - Building property name
11:19:05.250 [main] DEBUG org.hibernate.cfg.Ejb3Column - Binding column: Ejb3Column{table=org.hibernate.mapping.Table(Product), mappingColumn=purchases, insertable=true, updatable=true, unique=false}
11:19:05.250 [main] DEBUG org.hibernate.cfg.annotations.PropertyBinder - MetadataSourceProcessor property purchases with lazy=false
11:19:05.250 [main] DEBUG org.hibernate.cfg.AbstractPropertyHolder - Attempting to locate auto-apply AttributeConverter for property [org.reverside.bootcamp.ubereats.dto.Product:purchases]
11:19:05.250 [main] DEBUG org.hibernate.cfg.annotations.SimpleValueBinder - building SimpleValue for purchases
11:19:05.250 [main] DEBUG org.hibernate.cfg.annotations.PropertyBinder - Building property purchases
11:19:05.250 [main] DEBUG org.hibernate.cfg.Ejb3Column - Binding column: Ejb3Column{table=org.hibernate.mapping.Table(Product), mappingColumn=unit_price, insertable=true, updatable=true, unique=false}
11:19:05.251 [main] DEBUG org.hibernate.cfg.annotations.PropertyBinder - MetadataSourceProcessor property unitPrice with lazy=false
11:19:05.251 [main] DEBUG org.hibernate.cfg.AbstractPropertyHolder - Attempting to locate auto-apply AttributeConverter for property [org.reverside.bootcamp.ubereats.dto.Product:unitPrice]
11:19:05.251 [main] DEBUG org.hibernate.cfg.annotations.SimpleValueBinder - building SimpleValue for unitPrice
11:19:05.251 [main] DEBUG org.hibernate.cfg.annotations.PropertyBinder - Building property unitPrice
11:19:05.251 [main] DEBUG org.hibernate.cfg.Ejb3Column - Binding column: Ejb3Column{table=org.hibernate.mapping.Table(Product), mappingColumn=views, insertable=true, updatable=true, unique=false}
11:19:05.251 [main] DEBUG org.hibernate.cfg.annotations.PropertyBinder - MetadataSourceProcessor property views with lazy=false
11:19:05.260 [main] DEBUG org.hibernate.cfg.AbstractPropertyHolder - Attempting to locate auto-apply AttributeConverter for property [org.reverside.bootcamp.ubereats.dto.Product:views]
11:19:05.260 [main] DEBUG org.hibernate.cfg.annotations.SimpleValueBinder - building SimpleValue for views
11:19:05.260 [main] DEBUG org.hibernate.cfg.annotations.PropertyBinder - Building property views
11:19:05.260 [main] DEBUG org.hibernate.cfg.AnnotationBinder - Binding entity from annotated class: org.reverside.bootcamp.ubereats.dto.Role
11:19:05.260 [main] DEBUG org.hibernate.cfg.Ejb3Column - Binding column: Ejb3DiscriminatorColumn{logicalColumnName'DTYPE', discriminatorTypeName='string'}
11:19:05.260 [main] DEBUG org.hibernate.cfg.annotations.EntityBinder - Import with entity name Role
11:19:05.260 [main] DEBUG org.hibernate.cfg.annotations.EntityBinder - Bind entity org.reverside.bootcamp.ubereats.dto.Role on table Role
11:19:05.261 [main] DEBUG org.hibernate.cfg.Ejb3Column - Binding column: Ejb3Column{table=org.hibernate.mapping.Table(Role), mappingColumn=role_id, insertable=true, updatable=true, unique=false}
11:19:05.261 [main] DEBUG org.hibernate.cfg.annotations.PropertyBinder - MetadataSourceProcessor property id with lazy=false
11:19:05.261 [main] DEBUG org.hibernate.cfg.AbstractPropertyHolder - Attempting to locate auto-apply AttributeConverter for property [org.reverside.bootcamp.ubereats.dto.Role:id]
11:19:05.261 [main] DEBUG org.hibernate.cfg.annotations.SimpleValueBinder - building SimpleValue for id
11:19:05.261 [main] DEBUG org.hibernate.cfg.annotations.PropertyBinder - Building property id
11:19:05.261 [main] DEBUG org.hibernate.cfg.Ejb3Column - Binding column: Ejb3Column{table=org.hibernate.mapping.Table(Role), mappingColumn=role, insertable=true, updatable=true, unique=false}
11:19:05.261 [main] DEBUG org.hibernate.cfg.annotations.PropertyBinder - MetadataSourceProcessor property role with lazy=false
11:19:05.262 [main] DEBUG org.hibernate.cfg.AbstractPropertyHolder - Attempting to locate auto-apply AttributeConverter for property [org.reverside.bootcamp.ubereats.dto.Role:role]
11:19:05.262 [main] DEBUG org.hibernate.cfg.annotations.SimpleValueBinder - building SimpleValue for role
11:19:05.262 [main] DEBUG org.hibernate.cfg.annotations.PropertyBinder - Building property role
11:19:05.263 [main] DEBUG org.hibernate.cfg.annotations.SimpleValueBinder - Starting fillSimpleValue for email
11:19:05.263 [main] DEBUG org.hibernate.cfg.annotations.SimpleValueBinder - Starting fillSimpleValue for accountId
11:19:05.263 [main] DEBUG org.hibernate.cfg.annotations.SimpleValueBinder - Starting fillSimpleValue for active
11:19:05.263 [main] DEBUG org.hibernate.cfg.annotations.SimpleValueBinder - Starting fillSimpleValue for enabled
11:19:05.263 [main] DEBUG org.hibernate.cfg.annotations.SimpleValueBinder - Starting fillSimpleValue for name
11:19:05.263 [main] DEBUG org.hibernate.cfg.annotations.SimpleValueBinder - Starting fillSimpleValue for phoneNum
11:19:05.263 [main] DEBUG org.hibernate.cfg.annotations.SimpleValueBinder - Starting fillSimpleValue for recovery_question
11:19:05.263 [main] DEBUG org.hibernate.cfg.annotations.SimpleValueBinder - Starting fillSimpleValue for surname
11:19:05.263 [main] DEBUG org.hibernate.cfg.annotations.SimpleValueBinder - Starting fillSimpleValue for region
11:19:05.263 [main] DEBUG org.hibernate.cfg.annotations.SimpleValueBinder - Starting fillSimpleValue for id
11:19:05.263 [main] DEBUG org.hibernate.cfg.annotations.SimpleValueBinder - Starting fillSimpleValue for active
11:19:05.263 [main] DEBUG org.hibernate.cfg.annotations.SimpleValueBinder - Starting fillSimpleValue for description
11:19:05.263 [main] DEBUG org.hibernate.cfg.annotations.SimpleValueBinder - Starting fillSimpleValue for name
11:19:05.263 [main] DEBUG org.hibernate.cfg.annotations.SimpleValueBinder - Starting fillSimpleValue for id
11:19:05.263 [main] DEBUG org.hibernate.cfg.annotations.SimpleValueBinder - Starting fillSimpleValue for active
11:19:05.263 [main] DEBUG org.hibernate.cfg.annotations.SimpleValueBinder - Starting fillSimpleValue for categoryId
11:19:05.263 [main] DEBUG org.hibernate.cfg.annotations.SimpleValueBinder - Starting fillSimpleValue for code
11:19:05.264 [main] DEBUG org.hibernate.cfg.annotations.SimpleValueBinder - Starting fillSimpleValue for description
11:19:05.264 [main] DEBUG org.hibernate.cfg.annotations.SimpleValueBinder - Starting fillSimpleValue for imageUrl
11:19:05.264 [main] DEBUG org.hibernate.cfg.annotations.SimpleValueBinder - Starting fillSimpleValue for menuId
11:19:05.264 [main] DEBUG org.hibernate.cfg.annotations.SimpleValueBinder - Starting fillSimpleValue for name
11:19:05.264 [main] DEBUG org.hibernate.cfg.annotations.SimpleValueBinder - Starting fillSimpleValue for purchases
11:19:05.264 [main] DEBUG org.hibernate.cfg.annotations.SimpleValueBinder - Starting fillSimpleValue for unitPrice
11:19:05.264 [main] DEBUG org.hibernate.cfg.annotations.SimpleValueBinder - Starting fillSimpleValue for views
11:19:05.264 [main] DEBUG org.hibernate.cfg.annotations.SimpleValueBinder - Starting fillSimpleValue for id
11:19:05.264 [main] DEBUG org.hibernate.cfg.annotations.SimpleValueBinder - Starting fillSimpleValue for role
11:19:05.264 [main] DEBUG org.hibernate.mapping.PrimaryKey - Forcing column [email] to be non-null as it is part of the primary key for table [user]
11:19:05.264 [main] DEBUG org.hibernate.mapping.PrimaryKey - Forcing column [id] to be non-null as it is part of the primary key for table [category]
11:19:05.264 [main] DEBUG org.hibernate.mapping.PrimaryKey - Forcing column [id] to be non-null as it is part of the primary key for table [product]
11:19:05.264 [main] DEBUG org.hibernate.mapping.PrimaryKey - Forcing column [role_id] to be non-null as it is part of the primary key for table [role]
11:19:05.264 [main] DEBUG org.hibernate.cfg.CollectionSecondPass - Second pass for collection: org.reverside.bootcamp.ubereats.dto.User.roles
11:19:05.264 [main] DEBUG org.hibernate.cfg.annotations.CollectionBinder - Binding as ManyToMany: org.reverside.bootcamp.ubereats.dto.User.roles
11:19:05.265 [main] DEBUG org.hibernate.mapping.PrimaryKey - Forcing column [email] to be non-null as it is part of the primary key for table [user_role]
11:19:05.265 [main] DEBUG org.hibernate.mapping.PrimaryKey - Forcing column [role_id] to be non-null as it is part of the primary key for table [user_role]
11:19:05.265 [main] DEBUG org.hibernate.cfg.CollectionSecondPass - Mapped collection key: email, element: role_id
11:19:05.265 [main] DEBUG org.hibernate.boot.internal.InFlightMetadataCollectorImpl - Resolving reference to class: org.reverside.bootcamp.ubereats.dto.Role
11:19:05.265 [main] DEBUG org.hibernate.boot.internal.InFlightMetadataCollectorImpl - Resolving reference to class: org.reverside.bootcamp.ubereats.dto.User
11:19:05.266 [main] DEBUG org.hibernate.boot.internal.InFlightMetadataCollectorImpl - Resolving reference to class: org.reverside.bootcamp.ubereats.dto.Role
11:19:05.280 [main] DEBUG org.hibernate.boot.internal.InFlightMetadataCollectorImpl - Resolving reference to class: org.reverside.bootcamp.ubereats.dto.User
11:19:05.282 [main] DEBUG org.hibernate.internal.SessionFactoryImpl - Building session factory
11:19:05.282 [main] DEBUG org.hibernate.cfg.Settings - SessionFactory name : null
11:19:05.282 [main] DEBUG org.hibernate.cfg.Settings - Automatic flush during beforeCompletion(): enabled
11:19:05.282 [main] DEBUG org.hibernate.cfg.Settings - Automatic session close at end of transaction: disabled
11:19:05.282 [main] DEBUG org.hibernate.cfg.Settings - Statistics: disabled
11:19:05.282 [main] DEBUG org.hibernate.cfg.Settings - Deleted entity synthetic identifier rollback: disabled
11:19:05.282 [main] DEBUG org.hibernate.cfg.Settings - Default entity-mode: pojo
11:19:05.282 [main] DEBUG org.hibernate.cfg.Settings - Check Nullability in Core (should be disabled when Bean Validation is on): enabled
11:19:05.282 [main] DEBUG org.hibernate.cfg.Settings - Allow initialization of lazy state outside session : disabled
11:19:05.282 [main] DEBUG org.hibernate.cfg.Settings - Using BatchFetchStyle : LEGACY
11:19:05.282 [main] DEBUG org.hibernate.cfg.Settings - Default batch fetch size: -1
11:19:05.282 [main] DEBUG org.hibernate.cfg.Settings - Maximum outer join fetch depth: null
11:19:05.282 [main] DEBUG org.hibernate.cfg.Settings - Default null ordering: NONE
11:19:05.282 [main] DEBUG org.hibernate.cfg.Settings - Order SQL updates by primary key: disabled
11:19:05.283 [main] DEBUG org.hibernate.cfg.Settings - Order SQL inserts for batching: disabled
11:19:05.283 [main] DEBUG org.hibernate.cfg.Settings - multi-tenancy strategy : NONE
11:19:05.283 [main] DEBUG org.hibernate.cfg.Settings - JTA Track by Thread: enabled
11:19:05.283 [main] DEBUG org.hibernate.cfg.Settings - Query language substitutions: {}
11:19:05.283 [main] DEBUG org.hibernate.cfg.Settings - JPA query language strict compliance: disabled
11:19:05.283 [main] DEBUG org.hibernate.cfg.Settings - Named query checking : enabled
11:19:05.283 [main] DEBUG org.hibernate.cfg.Settings - Second-level cache: enabled
11:19:05.283 [main] DEBUG org.hibernate.cfg.Settings - Second-level query cache: disabled
11:19:05.283 [main] DEBUG org.hibernate.cfg.Settings - Second-level query cache factory: org.hibernate.cache.internal.StandardQueryCacheFactory@e8e0dec
11:19:05.283 [main] DEBUG org.hibernate.cfg.Settings - Second-level cache region prefix: null
11:19:05.283 [main] DEBUG org.hibernate.cfg.Settings - Optimize second-level cache for minimal puts: disabled
11:19:05.283 [main] DEBUG org.hibernate.cfg.Settings - Structured second-level cache entries: disabled
11:19:05.283 [main] DEBUG org.hibernate.cfg.Settings - Second-level cache direct-reference entries: disabled
11:19:05.283 [main] DEBUG org.hibernate.cfg.Settings - Automatic eviction of collection cache: disabled
11:19:05.283 [main] DEBUG org.hibernate.cfg.Settings - JDBC batch size: 15
11:19:05.283 [main] DEBUG org.hibernate.cfg.Settings - JDBC batch updates for versioned data: enabled
11:19:05.284 [main] DEBUG org.hibernate.cfg.Settings - Scrollable result sets: enabled
11:19:05.285 [main] DEBUG org.hibernate.cfg.Settings - Wrap result sets: disabled
11:19:05.285 [main] DEBUG org.hibernate.cfg.Settings - JDBC3 getGeneratedKeys(): enabled
11:19:05.285 [main] DEBUG org.hibernate.cfg.Settings - JDBC result set fetch size: null
11:19:05.285 [main] DEBUG org.hibernate.cfg.Settings - Connection release mode: ON_CLOSE
11:19:05.285 [main] DEBUG org.hibernate.cfg.Settings - Generate SQL with comments: disabled
11:19:05.287 [main] DEBUG org.hibernate.internal.SessionFactoryImpl - Session factory constructed with filter configurations : {}
11:19:05.288 [main] DEBUG org.hibernate.internal.SessionFactoryImpl - Instantiating session factory with properties: {sun.desktop=windows, hibernate.format_sql=true, awt.toolkit=sun.awt.windows.WToolkit, file.encoding.pkg=sun.io, java.specification.version=1.8, hibernate.connection.handling_mode=DELAYED_ACQUISITION_AND_HOLD, sun.cpu.isalist=amd64, sun.jnu.encoding=Cp1252, hibernate.dialect=org.hibernate.dialect.H2Dialect, java.class.path=C:\Users\User\eclipse-workspace\ubereats\target\test-classes;C:\Users\User\eclipse-workspace\ubereats\target\classes;C:\Users\User\.m2\repository\org\springframework\boot\spring-boot-starter-tomcat\2.0.0.RELEASE\spring-boot-starter-tomcat-2.0.0.RELEASE.jar;C:\Users\User\.m2\repository\javax\annotation\javax.annotation-api\1.3.2\javax.annotation-api-1.3.2.jar;C:\Users\User\.m2\repository\org\apache\tomcat\embed\tomcat-embed-core\8.5.28\tomcat-embed-core-8.5.28.jar;C:\Users\User\.m2\repository\org\apache\tomcat\embed\tomcat-embed-el\8.5.28\tomcat-embed-el-8.5.28.jar;C:\Users\User\.m2\repository\org\apache\tomcat\embed\tomcat-embed-websocket\8.5.28\tomcat-embed-websocket-8.5.28.jar;C:\Users\User\.m2\repository\junit\junit\4.12\junit-4.12.jar;C:\Users\User\.m2\repository\org\hamcrest\hamcrest-core\1.3\hamcrest-core-1.3.jar;C:\Users\User\.m2\repository\org\springframework\boot\spring-boot-starter-web\2.0.0.RELEASE\spring-boot-starter-web-2.0.0.RELEASE.jar;C:\Users\User\.m2\repository\org\springframework\boot\spring-boot-starter\2.0.0.RELEASE\spring-boot-starter-2.0.0.RELEASE.jar;C:\Users\User\.m2\repository\org\springframework\boot\spring-boot-starter-logging\2.0.0.RELEASE\spring-boot-starter-logging-2.0.0.RELEASE.jar;C:\Users\User\.m2\repository\ch\qos\logback\logback-classic\1.2.3\logback-classic-1.2.3.jar;C:\Users\User\.m2\repository\ch\qos\logback\logback-core\1.2.3\logback-core-1.2.3.jar;C:\Users\User\.m2\repository\org\apache\logging\log4j\log4j-to-slf4j\2.10.0\log4j-to-slf4j-2.10.0.jar;C:\Users\User\.m2\repository\org\apache\logging\log4j\log4j-api\2.10.0\log4j-api-2.10.0.jar;C:\Users\User\.m2\repository\org\slf4j\jul-to-slf4j\1.7.25\jul-to-slf4j-1.7.25.jar;C:\Users\User\.m2\repository\org\yaml\snakeyaml\1.19\snakeyaml-1.19.jar;C:\Users\User\.m2\repository\org\springframework\boot\spring-boot-starter-json\2.0.0.RELEASE\spring-boot-starter-json-2.0.0.RELEASE.jar;C:\Users\User\.m2\repository\com\fasterxml\jackson\datatype\jackson-datatype-jdk8\2.9.4\jackson-datatype-jdk8-2.9.4.jar;C:\Users\User\.m2\repository\com\fasterxml\jackson\datatype\jackson-datatype-jsr310\2.9.4\jackson-datatype-jsr310-2.9.4.jar;C:\Users\User\.m2\repository\com\fasterxml\jackson\module\jackson-module-parameter-names\2.9.4\jackson-module-parameter-names-2.9.4.jar;C:\Users\User\.m2\repository\org\hibernate\validator\hibernate-validator\6.0.7.Final\hibernate-validator-6.0.7.Final.jar;C:\Users\User\.m2\repository\javax\validation\validation-api\2.0.1.Final\validation-api-2.0.1.Final.jar;C:\Users\User\.m2\repository\org\springframework\spring-web\5.0.4.RELEASE\spring-web-5.0.4.RELEASE.jar;C:\Users\User\.m2\repository\org\springframework\spring-webmvc\5.0.4.RELEASE\spring-webmvc-5.0.4.RELEASE.jar;C:\Users\User\.m2\repository\org\springframework\spring-aop\5.0.4.RELEASE\spring-aop-5.0.4.RELEASE.jar;C:\Users\User\.m2\repository\org\springframework\spring-context\5.0.4.RELEASE\spring-context-5.0.4.RELEASE.jar;C:\Users\User\.m2\repository\org\springframework\spring-expression\5.0.4.RELEASE\spring-expression-5.0.4.RELEASE.jar;C:\Users\User\.m2\repository\org\springframework\boot\spring-boot-starter-data-jpa\2.0.0.RELEASE\spring-boot-starter-data-jpa-2.0.0.RELEASE.jar;C:\Users\User\.m2\repository\org\springframework\boot\spring-boot-starter-aop\2.0.0.RELEASE\spring-boot-starter-aop-2.0.0.RELEASE.jar;C:\Users\User\.m2\repository\org\aspectj\aspectjweaver\1.8.13\aspectjweaver-1.8.13.jar;C:\Users\User\.m2\repository\org\springframework\boot\spring-boot-starter-jdbc\2.0.0.RELEASE\spring-boot-starter-jdbc-2.0.0.RELEASE.jar;C:\Users\User\.m2\repository\com\zaxxer\HikariCP\2.7.8\HikariCP-2.7.8.jar;C:\Users\User\.m2\repository\javax\transaction\javax.transaction-api\1.2\javax.transaction-api-1.2.jar;C:\Users\User\.m2\repository\org\springframework\data\spring-data-jpa\2.0.5.RELEASE\spring-data-jpa-2.0.5.RELEASE.jar;C:\Users\User\.m2\repository\org\springframework\data\spring-data-commons\2.0.5.RELEASE\spring-data-commons-2.0.5.RELEASE.jar;C:\Users\User\.m2\repository\org\slf4j\slf4j-api\1.7.25\slf4j-api-1.7.25.jar;C:\Users\User\.m2\repository\org\springframework\spring-aspects\5.0.4.RELEASE\spring-aspects-5.0.4.RELEASE.jar;C:\Users\User\.m2\repository\mysql\mysql-connector-java\5.1.45\mysql-connector-java-5.1.45.jar;C:\Users\User\.m2\repository\org\springframework\boot\spring-boot-starter-test\2.0.0.RELEASE\spring-boot-starter-test-2.0.0.RELEASE.jar;C:\Users\User\.m2\repository\org\springframework\boot\spring-boot-test\2.0.0.RELEASE\spring-boot-test-2.0.0.RELEASE.jar;C:\Users\User\.m2\repository\org\springframework\boot\spring-boot-test-autoconfigure\2.0.0.RELEASE\spring-boot-test-autoconfigure-2.0.0.RELEASE.jar;C:\Users\User\.m2\repository\com\jayway\jsonpath\json-path\2.4.0\json-path-2.4.0.jar;C:\Users\User\.m2\repository\net\minidev\json-smart\2.3\json-smart-2.3.jar;C:\Users\User\.m2\repository\net\minidev\accessors-smart\1.2\accessors-smart-1.2.jar;C:\Users\User\.m2\repository\org\assertj\assertj-core\3.9.1\assertj-core-3.9.1.jar;C:\Users\User\.m2\repository\org\mockito\mockito-core\2.15.0\mockito-core-2.15.0.jar;C:\Users\User\.m2\repository\net\bytebuddy\byte-buddy\1.7.10\byte-buddy-1.7.10.jar;C:\Users\User\.m2\repository\net\bytebuddy\byte-buddy-agent\1.7.10\byte-buddy-agent-1.7.10.jar;C:\Users\User\.m2\repository\org\objenesis\objenesis\2.6\objenesis-2.6.jar;C:\Users\User\.m2\repository\org\hamcrest\hamcrest-library\1.3\hamcrest-library-1.3.jar;C:\Users\User\.m2\repository\org\skyscreamer\jsonassert\1.5.0\jsonassert-1.5.0.jar;C:\Users\User\.m2\repository\com\vaadin\external\google\android-json\0.0.20131108.vaadin1\android-json-0.0.20131108.vaadin1.jar;C:\Users\User\.m2\repository\org\springframework\spring-core\5.0.4.RELEASE\spring-core-5.0.4.RELEASE.jar;C:\Users\User\.m2\repository\org\springframework\spring-jcl\5.0.4.RELEASE\spring-jcl-5.0.4.RELEASE.jar;C:\Users\User\.m2\repository\org\springframework\spring-test\5.0.4.RELEASE\spring-test-5.0.4.RELEASE.jar;C:\Users\User\.m2\repository\org\xmlunit\xmlunit-core\2.5.1\xmlunit-core-2.5.1.jar;C:\Users\User\.m2\repository\org\springframework\boot\spring-boot-devtools\2.0.0.RELEASE\spring-boot-devtools-2.0.0.RELEASE.jar;C:\Users\User\.m2\repository\org\springframework\boot\spring-boot\2.0.0.RELEASE\spring-boot-2.0.0.RELEASE.jar;C:\Users\User\.m2\repository\org\springframework\boot\spring-boot-autoconfigure\2.0.0.RELEASE\spring-boot-autoconfigure-2.0.0.RELEASE.jar;C:\Users\User\.m2\repository\com\h2database\h2\1.4.196\h2-1.4.196.jar;C:\Users\User\.m2\repository\org\hibernate\hibernate-core\5.2.14.Final\hibernate-core-5.2.14.Final.jar;C:\Users\User\.m2\repository\org\jboss\logging\jboss-logging\3.3.2.Final\jboss-logging-3.3.2.Final.jar;C:\Users\User\.m2\repository\org\hibernate\javax\persistence\hibernate-jpa-2.1-api\1.0.0.Final\hibernate-jpa-2.1-api-1.0.0.Final.jar;C:\Users\User\.m2\repository\org\javassist\javassist\3.22.0-GA\javassist-3.22.0-GA.jar;C:\Users\User\.m2\repository\antlr\antlr\2.7.7\antlr-2.7.7.jar;C:\Users\User\.m2\repository\org\jboss\spec\javax\transaction\jboss-transaction-api_1.2_spec\1.0.1.Final\jboss-transaction-api_1.2_spec-1.0.1.Final.jar;C:\Users\User\.m2\repository\org\jboss\jandex\2.0.3.Final\jandex-2.0.3.Final.jar;C:\Users\User\.m2\repository\com\fasterxml\classmate\1.3.4\classmate-1.3.4.jar;C:\Users\User\.m2\repository\dom4j\dom4j\1.6.1\dom4j-1.6.1.jar;C:\Users\User\.m2\repository\org\hibernate\common\hibernate-commons-annotations\5.0.1.Final\hibernate-commons-annotations-5.0.1.Final.jar;C:\Users\User\.m2\repository\org\springframework\spring-orm\5.0.4.RELEASE\spring-orm-5.0.4.RELEASE.jar;C:\Users\User\.m2\repository\org\springframework\spring-beans\5.0.4.RELEASE\spring-beans-5.0.4.RELEASE.jar;C:\Users\User\.m2\repository\org\springframework\spring-jdbc\5.0.4.RELEASE\spring-jdbc-5.0.4.RELEASE.jar;C:\Users\User\.m2\repository\org\springframework\spring-tx\5.0.4.RELEASE\spring-tx-5.0.4.RELEASE.jar;C:\Users\User\.m2\repository\org\apache\commons\commons-dbcp2\2.2.0\commons-dbcp2-2.2.0.jar;C:\Users\User\.m2\repository\org\apache\commons\commons-pool2\2.5.0\commons-pool2-2.5.0.jar;C:\Users\User\.m2\repository\org\apache\maven\plugins\maven-compiler-plugin\3.7.0\maven-compiler-plugin-3.7.0.jar;C:\Users\User\.m2\repository\org\apache\maven\maven-plugin-api\3.0\maven-plugin-api-3.0.jar;C:\Users\User\.m2\repository\org\apache\maven\maven-model\3.0\maven-model-3.0.jar;C:\Users\User\.m2\repository\org\sonatype\sisu\sisu-inject-plexus\1.4.2\sisu-inject-plexus-1.4.2.jar;C:\Users\User\.m2\repository\org\sonatype\sisu\sisu-inject-bean\1.4.2\sisu-inject-bean-1.4.2.jar;C:\Users\User\.m2\repository\org\sonatype\sisu\sisu-guice\2.1.7\sisu-guice-2.1.7-noaop.jar;C:\Users\User\.m2\repository\org\apache\maven\maven-artifact\3.0\maven-artifact-3.0.jar;C:\Users\User\.m2\repository\org\codehaus\plexus\plexus-utils\2.0.4\plexus-utils-2.0.4.jar;C:\Users\User\.m2\repository\org\apache\maven\maven-core\3.0\maven-core-3.0.jar;C:\Users\User\.m2\repository\org\apache\maven\maven-settings\3.0\maven-settings-3.0.jar;C:\Users\User\.m2\repository\org\apache\maven\maven-settings-builder\3.0\maven-settings-builder-3.0.jar;C:\Users\User\.m2\repository\org\apache\maven\maven-repository-metadata\3.0\maven-repository-metadata-3.0.jar;C:\Users\User\.m2\repository\org\apache\maven\maven-model-builder\3.0\maven-model-builder-3.0.jar;C:\Users\User\.m2\repository\org\apache\maven\maven-aether-provider\3.0\maven-aether-provider-3.0.jar;C:\Users\User\.m2\repository\org\sonatype\aether\aether-impl\1.7\aether-impl-1.7.jar;C:\Users\User\.m2\repository\org\sonatype\aether\aether-spi\1.7\aether-spi-1.7.jar;C:\Users\User\.m2\repository\org\sonatype\aether\aether-api\1.7\aether-api-1.7.jar;C:\Users\User\.m2\repository\org\sonatype\aether\aether-util\1.7\aether-util-1.7.jar;C:\Users\User\.m2\repository\org\codehaus\plexus\plexus-interpolation\1.14\plexus-interpolation-1.14.jar;C:\Users\User\.m2\repository\org\codehaus\plexus\plexus-classworlds\2.2.3\plexus-classworlds-2.2.3.jar;C:\Users\User\.m2\repository\org\codehaus\plexus\plexus-component-annotations\1.5.5\plexus-component-annotations-1.5.5.jar;C:\Users\User\.m2\repository\org\sonatype\plexus\plexus-sec-dispatcher\1.3\plexus-sec-dispatcher-1.3.jar;C:\Users\User\.m2\repository\org\sonatype\plexus\plexus-cipher\1.4\plexus-cipher-1.4.jar;C:\Users\User\.m2\repository\org\apache\maven\shared\maven-shared-utils\3.1.0\maven-shared-utils-3.1.0.jar;C:\Users\User\.m2\repository\commons-io\commons-io\2.5\commons-io-2.5.jar;C:\Users\User\.m2\repository\org\apache\maven\shared\maven-shared-incremental\1.1\maven-shared-incremental-1.1.jar;C:\Users\User\.m2\repository\org\codehaus\plexus\plexus-java\0.9.2\plexus-java-0.9.2.jar;C:\Users\User\.m2\repository\org\ow2\asm\asm\6.0_BETA\asm-6.0_BETA.jar;C:\Users\User\.m2\repository\com\thoughtworks\qdox\qdox\2.0-M7\qdox-2.0-M7.jar;C:\Users\User\.m2\repository\org\codehaus\plexus\plexus-compiler-api\2.8.2\plexus-compiler-api-2.8.2.jar;C:\Users\User\.m2\repository\org\codehaus\plexus\plexus-compiler-manager\2.8.2\plexus-compiler-manager-2.8.2.jar;C:\Users\User\.m2\repository\org\codehaus\plexus\plexus-compiler-javac\2.8.2\plexus-compiler-javac-2.8.2.jar;C:\Users\User\.m2\repository\com\fasterxml\jackson\core\jackson-databind\2.9.4\jackson-databind-2.9.4.jar;C:\Users\User\.m2\repository\com\fasterxml\jackson\core\jackson-core\2.9.4\jackson-core-2.9.4.jar;C:\Users\User\.m2\repository\com\fasterxml\jackson\core\jackson-annotations\2.9.0\jackson-annotations-2.9.0.jar;, java.vm.vendor=Oracle Corporation, sun.arch.data.model=64, user.variant=, java.vendor.url=http://java.oracle.com/, user.timezone=Africa/Harare, os.name=Windows 10, java.vm.specification.version=1.8, user.country=US, sun.java.launcher=SUN_STANDARD, sun.boot.library.path=C:\Program Files\Java\jdk1.8.0_101\jre\bin, sun.java.command=C:\Users\User\AppData\Local\Temp\surefire411137058472474102\surefirebooter4073495440638963479.jar C:\Users\User\AppData\Local\Temp\surefire411137058472474102 2018-03-05T11-18-42_141-jvmRun1 surefire308685472930676419tmp surefire_07681882179701116136tmp, surefire.test.class.path=C:\Users\User\eclipse-workspace\ubereats\target\test-classes;C:\Users\User\eclipse-workspace\ubereats\target\classes;C:\Users\User\.m2\repository\org\springframework\boot\spring-boot-starter-tomcat\2.0.0.RELEASE\spring-boot-starter-tomcat-2.0.0.RELEASE.jar;C:\Users\User\.m2\repository\javax\annotation\javax.annotation-api\1.3.2\javax.annotation-api-1.3.2.jar;C:\Users\User\.m2\repository\org\apache\tomcat\embed\tomcat-embed-core\8.5.28\tomcat-embed-core-8.5.28.jar;C:\Users\User\.m2\repository\org\apache\tomcat\embed\tomcat-embed-el\8.5.28\tomcat-embed-el-8.5.28.jar;C:\Users\User\.m2\repository\org\apache\tomcat\embed\tomcat-embed-websocket\8.5.28\tomcat-embed-websocket-8.5.28.jar;C:\Users\User\.m2\repository\junit\junit\4.12\junit-4.12.jar;C:\Users\User\.m2\repository\org\hamcrest\hamcrest-core\1.3\hamcrest-core-1.3.jar;C:\Users\User\.m2\repository\org\springframework\boot\spring-boot-starter-web\2.0.0.RELEASE\spring-boot-starter-web-2.0.0.RELEASE.jar;C:\Users\User\.m2\repository\org\springframework\boot\spring-boot-starter\2.0.0.RELEASE\spring-boot-starter-2.0.0.RELEASE.jar;C:\Users\User\.m2\repository\org\springframework\boot\spring-boot-starter-logging\2.0.0.RELEASE\spring-boot-starter-logging-2.0.0.RELEASE.jar;C:\Users\User\.m2\repository\ch\qos\logback\logback-classic\1.2.3\logback-classic-1.2.3.jar;C:\Users\User\.m2\repository\ch\qos\logback\logback-core\1.2.3\logback-core-1.2.3.jar;C:\Users\User\.m2\repository\org\apache\logging\log4j\log4j-to-slf4j\2.10.0\log4j-to-slf4j-2.10.0.jar;C:\Users\User\.m2\repository\org\apache\logging\log4j\log4j-api\2.10.0\log4j-api-2.10.0.jar;C:\Users\User\.m2\repository\org\slf4j\jul-to-slf4j\1.7.25\jul-to-slf4j-1.7.25.jar;C:\Users\User\.m2\repository\org\yaml\snakeyaml\1.19\snakeyaml-1.19.jar;C:\Users\User\.m2\repository\org\springframework\boot\spring-boot-starter-json\2.0.0.RELEASE\spring-boot-starter-json-2.0.0.RELEASE.jar;C:\Users\User\.m2\repository\com\fasterxml\jackson\datatype\jackson-datatype-jdk8\2.9.4\jackson-datatype-jdk8-2.9.4.jar;C:\Users\User\.m2\repository\com\fasterxml\jackson\datatype\jackson-datatype-jsr310\2.9.4\jackson-datatype-jsr310-2.9.4.jar;C:\Users\User\.m2\repository\com\fasterxml\jackson\module\jackson-module-parameter-names\2.9.4\jackson-module-parameter-names-2.9.4.jar;C:\Users\User\.m2\repository\org\hibernate\validator\hibernate-validator\6.0.7.Final\hibernate-validator-6.0.7.Final.jar;C:\Users\User\.m2\repository\javax\validation\validation-api\2.0.1.Final\validation-api-2.0.1.Final.jar;C:\Users\User\.m2\repository\org\springframework\spring-web\5.0.4.RELEASE\spring-web-5.0.4.RELEASE.jar;C:\Users\User\.m2\repository\org\springframework\spring-webmvc\5.0.4.RELEASE\spring-webmvc-5.0.4.RELEASE.jar;C:\Users\User\.m2\repository\org\springframework\spring-aop\5.0.4.RELEASE\spring-aop-5.0.4.RELEASE.jar;C:\Users\User\.m2\repository\org\springframework\spring-context\5.0.4.RELEASE\spring-context-5.0.4.RELEASE.jar;C:\Users\User\.m2\repository\org\springframework\spring-expression\5.0.4.RELEASE\spring-expression-5.0.4.RELEASE.jar;C:\Users\User\.m2\repository\org\springframework\boot\spring-boot-starter-data-jpa\2.0.0.RELEASE\spring-boot-starter-data-jpa-2.0.0.RELEASE.jar;C:\Users\User\.m2\repository\org\springframework\boot\spring-boot-starter-aop\2.0.0.RELEASE\spring-boot-starter-aop-2.0.0.RELEASE.jar;C:\Users\User\.m2\repository\org\aspectj\aspectjweaver\1.8.13\aspectjweaver-1.8.13.jar;C:\Users\User\.m2\repository\org\springframework\boot\spring-boot-starter-jdbc\2.0.0.RELEASE\spring-boot-starter-jdbc-2.0.0.RELEASE.jar;C:\Users\User\.m2\repository\com\zaxxer\HikariCP\2.7.8\HikariCP-2.7.8.jar;C:\Users\User\.m2\repository\javax\transaction\javax.transaction-api\1.2\javax.transaction-api-1.2.jar;C:\Users\User\.m2\repository\org\springframework\data\spring-data-jpa\2.0.5.RELEASE\spring-data-jpa-2.0.5.RELEASE.jar;C:\Users\User\.m2\repository\org\springframework\data\spring-data-commons\2.0.5.RELEASE\spring-data-commons-2.0.5.RELEASE.jar;C:\Users\User\.m2\repository\org\slf4j\slf4j-api\1.7.25\slf4j-api-1.7.25.jar;C:\Users\User\.m2\repository\org\springframework\spring-aspects\5.0.4.RELEASE\spring-aspects-5.0.4.RELEASE.jar;C:\Users\User\.m2\repository\mysql\mysql-connector-java\5.1.45\mysql-connector-java-5.1.45.jar;C:\Users\User\.m2\repository\org\springframework\boot\spring-boot-starter-test\2.0.0.RELEASE\spring-boot-starter-test-2.0.0.RELEASE.jar;C:\Users\User\.m2\repository\org\springframework\boot\spring-boot-test\2.0.0.RELEASE\spring-boot-test-2.0.0.RELEASE.jar;C:\Users\User\.m2\repository\org\springframework\boot\spring-boot-test-autoconfigure\2.0.0.RELEASE\spring-boot-test-autoconfigure-2.0.0.RELEASE.jar;C:\Users\User\.m2\repository\com\jayway\jsonpath\json-path\2.4.0\json-path-2.4.0.jar;C:\Users\User\.m2\repository\net\minidev\json-smart\2.3\json-smart-2.3.jar;C:\Users\User\.m2\repository\net\minidev\accessors-smart\1.2\accessors-smart-1.2.jar;C:\Users\User\.m2\repository\org\assertj\assertj-core\3.9.1\assertj-core-3.9.1.jar;C:\Users\User\.m2\repository\org\mockito\mockito-core\2.15.0\mockito-core-2.15.0.jar;C:\Users\User\.m2\repository\net\bytebuddy\byte-buddy\1.7.10\byte-buddy-1.7.10.jar;C:\Users\User\.m2\repository\net\bytebuddy\byte-buddy-agent\1.7.10\byte-buddy-agent-1.7.10.jar;C:\Users\User\.m2\repository\org\objenesis\objenesis\2.6\objenesis-2.6.jar;C:\Users\User\.m2\repository\org\hamcrest\hamcrest-library\1.3\hamcrest-library-1.3.jar;C:\Users\User\.m2\repository\org\skyscreamer\jsonassert\1.5.0\jsonassert-1.5.0.jar;C:\Users\User\.m2\repository\com\vaadin\external\google\android-json\0.0.20131108.vaadin1\android-json-0.0.20131108.vaadin1.jar;C:\Users\User\.m2\repository\org\springframework\spring-core\5.0.4.RELEASE\spring-core-5.0.4.RELEASE.jar;C:\Users\User\.m2\repository\org\springframework\spring-jcl\5.0.4.RELEASE\spring-jcl-5.0.4.RELEASE.jar;C:\Users\User\.m2\repository\org\springframework\spring-test\5.0.4.RELEASE\spring-test-5.0.4.RELEASE.jar;C:\Users\User\.m2\repository\org\xmlunit\xmlunit-core\2.5.1\xmlunit-core-2.5.1.jar;C:\Users\User\.m2\repository\org\springframework\boot\spring-boot-devtools\2.0.0.RELEASE\spring-boot-devtools-2.0.0.RELEASE.jar;C:\Users\User\.m2\repository\org\springframework\boot\spring-boot\2.0.0.RELEASE\spring-boot-2.0.0.RELEASE.jar;C:\Users\User\.m2\repository\org\springframework\boot\spring-boot-autoconfigure\2.0.0.RELEASE\spring-boot-autoconfigure-2.0.0.RELEASE.jar;C:\Users\User\.m2\repository\com\h2database\h2\1.4.196\h2-1.4.196.jar;C:\Users\User\.m2\repository\org\hibernate\hibernate-core\5.2.14.Final\hibernate-core-5.2.14.Final.jar;C:\Users\User\.m2\repository\org\jboss\logging\jboss-logging\3.3.2.Final\jboss-logging-3.3.2.Final.jar;C:\Users\User\.m2\repository\org\hibernate\javax\persistence\hibernate-jpa-2.1-api\1.0.0.Final\hibernate-jpa-2.1-api-1.0.0.Final.jar;C:\Users\User\.m2\repository\org\javassist\javassist\3.22.0-GA\javassist-3.22.0-GA.jar;C:\Users\User\.m2\repository\antlr\antlr\2.7.7\antlr-2.7.7.jar;C:\Users\User\.m2\repository\org\jboss\spec\javax\transaction\jboss-transaction-api_1.2_spec\1.0.1.Final\jboss-transaction-api_1.2_spec-1.0.1.Final.jar;C:\Users\User\.m2\repository\org\jboss\jandex\2.0.3.Final\jandex-2.0.3.Final.jar;C:\Users\User\.m2\repository\com\fasterxml\classmate\1.3.4\classmate-1.3.4.jar;C:\Users\User\.m2\repository\dom4j\dom4j\1.6.1\dom4j-1.6.1.jar;C:\Users\User\.m2\repository\org\hibernate\common\hibernate-commons-annotations\5.0.1.Final\hibernate-commons-annotations-5.0.1.Final.jar;C:\Users\User\.m2\repository\org\springframework\spring-orm\5.0.4.RELEASE\spring-orm-5.0.4.RELEASE.jar;C:\Users\User\.m2\repository\org\springframework\spring-beans\5.0.4.RELEASE\spring-beans-5.0.4.RELEASE.jar;C:\Users\User\.m2\repository\org\springframework\spring-jdbc\5.0.4.RELEASE\spring-jdbc-5.0.4.RELEASE.jar;C:\Users\User\.m2\repository\org\springframework\spring-tx\5.0.4.RELEASE\spring-tx-5.0.4.RELEASE.jar;C:\Users\User\.m2\repository\org\apache\commons\commons-dbcp2\2.2.0\commons-dbcp2-2.2.0.jar;C:\Users\User\.m2\repository\org\apache\commons\commons-pool2\2.5.0\commons-pool2-2.5.0.jar;C:\Users\User\.m2\repository\org\apache\maven\plugins\maven-compiler-plugin\3.7.0\maven-compiler-plugin-3.7.0.jar;C:\Users\User\.m2\repository\org\apache\maven\maven-plugin-api\3.0\maven-plugin-api-3.0.jar;C:\Users\User\.m2\repository\org\apache\maven\maven-model\3.0\maven-model-3.0.jar;C:\Users\User\.m2\repository\org\sonatype\sisu\sisu-inject-plexus\1.4.2\sisu-inject-plexus-1.4.2.jar;C:\Users\User\.m2\repository\org\sonatype\sisu\sisu-inject-bean\1.4.2\sisu-inject-bean-1.4.2.jar;C:\Users\User\.m2\repository\org\sonatype\sisu\sisu-guice\2.1.7\sisu-guice-2.1.7-noaop.jar;C:\Users\User\.m2\repository\org\apache\maven\maven-artifact\3.0\maven-artifact-3.0.jar;C:\Users\User\.m2\repository\org\codehaus\plexus\plexus-utils\2.0.4\plexus-utils-2.0.4.jar;C:\Users\User\.m2\repository\org\apache\maven\maven-core\3.0\maven-core-3.0.jar;C:\Users\User\.m2\repository\org\apache\maven\maven-settings\3.0\maven-settings-3.0.jar;C:\Users\User\.m2\repository\org\apache\maven\maven-settings-builder\3.0\maven-settings-builder-3.0.jar;C:\Users\User\.m2\repository\org\apache\maven\maven-repository-metadata\3.0\maven-repository-metadata-3.0.jar;C:\Users\User\.m2\repository\org\apache\maven\maven-model-builder\3.0\maven-model-builder-3.0.jar;C:\Users\User\.m2\repository\org\apache\maven\maven-aether-provider\3.0\maven-aether-provider-3.0.jar;C:\Users\User\.m2\repository\org\sonatype\aether\aether-impl\1.7\aether-impl-1.7.jar;C:\Users\User\.m2\repository\org\sonatype\aether\aether-spi\1.7\aether-spi-1.7.jar;C:\Users\User\.m2\repository\org\sonatype\aether\aether-api\1.7\aether-api-1.7.jar;C:\Users\User\.m2\repository\org\sonatype\aether\aether-util\1.7\aether-util-1.7.jar;C:\Users\User\.m2\repository\org\codehaus\plexus\plexus-interpolation\1.14\plexus-interpolation-1.14.jar;C:\Users\User\.m2\repository\org\codehaus\plexus\plexus-classworlds\2.2.3\plexus-classworlds-2.2.3.jar;C:\Users\User\.m2\repository\org\codehaus\plexus\plexus-component-annotations\1.5.5\plexus-component-annotations-1.5.5.jar;C:\Users\User\.m2\repository\org\sonatype\plexus\plexus-sec-dispatcher\1.3\plexus-sec-dispatcher-1.3.jar;C:\Users\User\.m2\repository\org\sonatype\plexus\plexus-cipher\1.4\plexus-cipher-1.4.jar;C:\Users\User\.m2\repository\org\apache\maven\shared\maven-shared-utils\3.1.0\maven-shared-utils-3.1.0.jar;C:\Users\User\.m2\repository\commons-io\commons-io\2.5\commons-io-2.5.jar;C:\Users\User\.m2\repository\org\apache\maven\shared\maven-shared-incremental\1.1\maven-shared-incremental-1.1.jar;C:\Users\User\.m2\repository\org\codehaus\plexus\plexus-java\0.9.2\plexus-java-0.9.2.jar;C:\Users\User\.m2\repository\org\ow2\asm\asm\6.0_BETA\asm-6.0_BETA.jar;C:\Users\User\.m2\repository\com\thoughtworks\qdox\qdox\2.0-M7\qdox-2.0-M7.jar;C:\Users\User\.m2\repository\org\codehaus\plexus\plexus-compiler-api\2.8.2\plexus-compiler-api-2.8.2.jar;C:\Users\User\.m2\repository\org\codehaus\plexus\plexus-compiler-manager\2.8.2\plexus-compiler-manager-2.8.2.jar;C:\Users\User\.m2\repository\org\codehaus\plexus\plexus-compiler-javac\2.8.2\plexus-compiler-javac-2.8.2.jar;C:\Users\User\.m2\repository\com\fasterxml\jackson\core\jackson-databind\2.9.4\jackson-databind-2.9.4.jar;C:\Users\User\.m2\repository\com\fasterxml\jackson\core\jackson-core\2.9.4\jackson-core-2.9.4.jar;C:\Users\User\.m2\repository\com\fasterxml\jackson\core\jackson-annotations\2.9.0\jackson-annotations-2.9.0.jar;, sun.cpu.endian=little, user.home=C:\Users\User, user.language=en, java.specification.vendor=Oracle Corporation, java.home=C:\Program Files\Java\jdk1.8.0_101\jre, basedir=C:\Users\User\eclipse-workspace\ubereats, file.separator=\, line.separator=
, java.vm.specification.vendor=Oracle Corporation, java.specification.name=Java Platform API Specification, java.awt.graphicsenv=sun.awt.Win32GraphicsEnvironment, surefire.real.class.path=C:\Users\User\AppData\Local\Temp\surefire411137058472474102\surefirebooter4073495440638963479.jar, sun.boot.class.path=C:\Program Files\Java\jdk1.8.0_101\jre\lib\resources.jar;C:\Program Files\Java\jdk1.8.0_101\jre\lib\rt.jar;C:\Program Files\Java\jdk1.8.0_101\jre\lib\sunrsasign.jar;C:\Program Files\Java\jdk1.8.0_101\jre\lib\jsse.jar;C:\Program Files\Java\jdk1.8.0_101\jre\lib\jce.jar;C:\Program Files\Java\jdk1.8.0_101\jre\lib\charsets.jar;C:\Program Files\Java\jdk1.8.0_101\jre\lib\jfr.jar;C:\Program Files\Java\jdk1.8.0_101\jre\classes, user.script=, sun.management.compiler=HotSpot 64-Bit Tiered Compilers, java.runtime.version=1.8.0_101-b13, user.name=User, path.separator=;, os.version=10.0, java.endorsed.dirs=C:\Program Files\Java\jdk1.8.0_101\jre\lib\endorsed, java.runtime.name=Java(TM) SE Runtime Environment, file.encoding=Cp1252, java.vm.name=Java HotSpot(TM) 64-Bit Server VM, hibernate.show_sql=true, hibernate.classLoaders=[sun.misc.Launcher$AppClassLoader@6bc7c054], hibernate.current_session_context_class=org.springframework.orm.hibernate5.SpringSessionContext, localRepository=C:\Users\User\.m2\repository, java.vendor.url.bug=http://bugreport.sun.com/bugreport/, java.io.tmpdir=C:\Users\User\AppData\Local\Temp\, java.version=1.8.0_101, user.dir=C:\Users\User\eclipse-workspace\ubereats, os.arch=amd64, java.vm.specification.name=Java Virtual Machine Specification, java.awt.printerjob=sun.awt.windows.WPrinterJob, sun.os.patch.level=, hibernate.boot.CfgXmlAccessService.key=org.hibernate.boot.cfgxml.spi.LoadedConfig@6aae0e6f, java.library.path=C:\Program Files\Java\jdk1.8.0_101\jre\bin;C:\WINDOWS\Sun\Java\bin;C:\WINDOWS\system32;C:\WINDOWS;C:/Program Files/Java/jre1.8.0_101/bin/server;C:/Program Files/Java/jre1.8.0_101/bin;C:/Program Files/Java/jre1.8.0_101/lib/amd64;C:\Program Files\Microsoft MPI\Bin\;C:\ProgramData\Oracle\Java\javapath;C:\Program Files (x86)\Intel\iCLS Client\;C:\Program Files\Intel\iCLS Client\;C:\WINDOWS\system32;C:\WINDOWS;C:\WINDOWS\System32\Wbem;C:\WINDOWS\System32\WindowsPowerShell\v1.0\;C:\Program Files (x86)\Intel\OpenCL SDK\2.0\bin\x86;C:\Program Files (x86)\Intel\OpenCL SDK\2.0\bin\x64;C:\Program Files (x86)\Intel\Intel(R) Management Engine Components\DAL;C:\Program Files\Intel\Intel(R) Management Engine Components\DAL;C:\Program Files (x86)\Intel\Intel(R) Management Engine Components\IPT;C:\Program Files\Intel\Intel(R) Management Engine Components\IPT;C:\Program Files\Microsoft SQL Server\Client SDK\ODBC\130\Tools\Binn\;C:\Program Files (x86)\Microsoft SQL Server\130\Tools\Binn\;C:\Program Files\Microsoft SQL Server\130\Tools\Binn\;C:\Program Files\Microsoft SQL Server\130\DTS\Binn\;C:\WINDOWS\system32\config\systemprofile\.dnx\bin;C:\Program Files\Microsoft DNX\Dnvm\;C:\Program Files\Microsoft SQL Server\120\Tools\Binn\;C:\Program Files (x86)\Microsoft SQL Server\130\DTS\Binn\;C:\Program Files (x86)\Microsoft SQL Server\Client SDK\ODBC\130\Tools\Binn\;C:\Program Files (x86)\Microsoft SQL Server\140\Tools\Binn\;C:\Program Files (x86)\Microsoft SQL Server\140\DTS\Binn\;C:\Program Files (x86)\Microsoft SQL Server\140\Tools\Binn\ManagementStudio\;C:\Program Files\nodejs\;C:\Users\User\AppData\Local\Microsoft\WindowsApps;C:\Users\User\AppData\Roaming\npm;C:\Users\User\Downloads\Compressed\apache-maven-3.5.2-bin\bin;;C:\Users\User\Desktop;;., java.vm.info=mixed mode, java.vendor=Oracle Corporation, java.vm.version=25.101-b13, hibernate.bytecode.use_reflection_optimizer=false, hibernate.connection.datasource=org.apache.commons.dbcp2.BasicDataSource@785ed99c, java.ext.dirs=C:\Program Files\Java\jdk1.8.0_101\jre\lib\ext;C:\WINDOWS\Sun\Java\lib\ext, sun.io.unicode.encoding=UnicodeLittle, java.class.version=52.0}
11:19:05.289 [main] DEBUG org.hibernate.validator.internal.engine.resolver.TraversableResolvers - Found javax.persistence.Persistence on classpath containing 'getPersistenceUtil'. Assuming JPA 2 environment. Trying to instantiate JPA aware TraversableResolver
11:19:05.289 [main] DEBUG org.hibernate.validator.internal.engine.resolver.TraversableResolvers - Instantiated JPA aware TraversableResolver of type org.hibernate.validator.internal.engine.resolver.JPATraversableResolver.
11:19:05.289 [main] DEBUG org.hibernate.validator.internal.engine.resolver.TraversableResolvers - Unable to load or instantiate JPA aware resolver org.hibernate.validator.internal.engine.resolver.JPATraversableResolver. All properties will per default be traversable.
11:19:05.290 [main] DEBUG org.hibernate.validator.internal.xml.ValidationXmlParser - Trying to load META-INF/validation.xml for XML based Validator configuration.
11:19:05.290 [main] DEBUG org.hibernate.validator.internal.xml.ResourceLoaderHelper - Trying to load META-INF/validation.xml via TCCL
11:19:05.290 [main] DEBUG org.hibernate.validator.internal.xml.ResourceLoaderHelper - Trying to load META-INF/validation.xml via Hibernate Validator's class loader
11:19:05.291 [main] DEBUG org.hibernate.validator.internal.xml.ValidationXmlParser - No META-INF/validation.xml found. Using annotation based configuration only.
11:19:05.303 [main] DEBUG org.hibernate.validator.messageinterpolation.ResourceBundleMessageInterpolator - Loaded expression factory via original TCCL
11:19:05.303 [main] DEBUG org.hibernate.validator.internal.engine.ValidatorFactoryImpl - HV000234: Using org.hibernate.validator.messageinterpolation.ResourceBundleMessageInterpolator as ValidatorFactory-scoped message interpolator.
11:19:05.303 [main] DEBUG org.hibernate.validator.internal.engine.ValidatorFactoryImpl - HV000234: Using org.hibernate.validator.internal.engine.resolver.TraverseAllTraversableResolver as ValidatorFactory-scoped traversable resolver.
11:19:05.303 [main] DEBUG org.hibernate.validator.internal.engine.ValidatorFactoryImpl - HV000234: Using org.hibernate.validator.internal.util.ExecutableParameterNameProvider as ValidatorFactory-scoped parameter name provider.
11:19:05.303 [main] DEBUG org.hibernate.validator.internal.engine.ValidatorFactoryImpl - HV000234: Using org.hibernate.validator.internal.engine.DefaultClockProvider as ValidatorFactory-scoped clock provider.
11:19:05.303 [main] DEBUG org.hibernate.validator.internal.engine.ValidatorFactoryImpl - HV000234: Using org.hibernate.validator.internal.engine.scripting.DefaultScriptEvaluatorFactory as ValidatorFactory-scoped script evaluator factory.
11:19:05.303 [main] DEBUG org.hibernate.boot.internal.ClassLoaderAccessImpl - Not known whether passed class name [org.reverside.bootcamp.ubereats.dto.Role] is safe
11:19:05.303 [main] DEBUG org.hibernate.boot.internal.ClassLoaderAccessImpl - No temp ClassLoader provided; using live ClassLoader for loading potentially unsafe class : org.reverside.bootcamp.ubereats.dto.Role
11:19:05.315 [main] DEBUG org.hibernate.boot.internal.ClassLoaderAccessImpl - Not known whether passed class name [org.reverside.bootcamp.ubereats.dto.Admin] is safe
11:19:05.315 [main] DEBUG org.hibernate.boot.internal.ClassLoaderAccessImpl - No temp ClassLoader provided; using live ClassLoader for loading potentially unsafe class : org.reverside.bootcamp.ubereats.dto.Admin
11:19:05.350 [main] DEBUG org.hibernate.boot.internal.ClassLoaderAccessImpl - Not known whether passed class name [org.reverside.bootcamp.ubereats.dto.Product] is safe
11:19:05.350 [main] DEBUG org.hibernate.boot.internal.ClassLoaderAccessImpl - No temp ClassLoader provided; using live ClassLoader for loading potentially unsafe class : org.reverside.bootcamp.ubereats.dto.Product
11:19:05.386 [main] DEBUG org.hibernate.boot.internal.ClassLoaderAccessImpl - Not known whether passed class name [org.reverside.bootcamp.ubereats.dto.Category] is safe
11:19:05.387 [main] DEBUG org.hibernate.boot.internal.ClassLoaderAccessImpl - No temp ClassLoader provided; using live ClassLoader for loading potentially unsafe class : org.reverside.bootcamp.ubereats.dto.Category
11:19:05.402 [main] DEBUG org.hibernate.boot.internal.ClassLoaderAccessImpl - Not known whether passed class name [org.reverside.bootcamp.ubereats.dto.User] is safe
11:19:05.403 [main] DEBUG org.hibernate.boot.internal.ClassLoaderAccessImpl - No temp ClassLoader provided; using live ClassLoader for loading potentially unsafe class : org.reverside.bootcamp.ubereats.dto.User
11:19:05.414 [main] DEBUG org.hibernate.secure.spi.JaccIntegrator - Skipping JACC integration as it was not enabled
11:19:05.414 [main] DEBUG org.hibernate.internal.SessionFactoryImpl - Instantiated session factory
11:19:05.414 [main] DEBUG org.hibernate.boot.internal.ClassLoaderAccessImpl - Not known whether passed class name [org.reverside.bootcamp.ubereats.dto.Role] is safe
11:19:05.414 [main] DEBUG org.hibernate.boot.internal.ClassLoaderAccessImpl - No temp ClassLoader provided; using live ClassLoader for loading potentially unsafe class : org.reverside.bootcamp.ubereats.dto.Role
11:19:05.415 [main] DEBUG org.hibernate.boot.internal.ClassLoaderAccessImpl - Not known whether passed class name [org.reverside.bootcamp.ubereats.dto.Role] is safe
11:19:05.415 [main] DEBUG org.hibernate.boot.internal.ClassLoaderAccessImpl - No temp ClassLoader provided; using live ClassLoader for loading potentially unsafe class : org.reverside.bootcamp.ubereats.dto.Role
11:19:05.417 [main] DEBUG org.hibernate.boot.internal.ClassLoaderAccessImpl - Not known whether passed class name [org.reverside.bootcamp.ubereats.dto.User] is safe
11:19:05.418 [main] DEBUG org.hibernate.boot.internal.ClassLoaderAccessImpl - No temp ClassLoader provided; using live ClassLoader for loading potentially unsafe class : org.reverside.bootcamp.ubereats.dto.User
11:19:05.418 [main] DEBUG org.hibernate.boot.internal.ClassLoaderAccessImpl - Not known whether passed class name [org.reverside.bootcamp.ubereats.dto.Admin] is safe
11:19:05.418 [main] DEBUG org.hibernate.boot.internal.ClassLoaderAccessImpl - No temp ClassLoader provided; using live ClassLoader for loading potentially unsafe class : org.reverside.bootcamp.ubereats.dto.Admin
11:19:05.419 [main] DEBUG org.hibernate.boot.internal.ClassLoaderAccessImpl - Not known whether passed class name [org.reverside.bootcamp.ubereats.dto.Admin] is safe
11:19:05.419 [main] DEBUG org.hibernate.boot.internal.ClassLoaderAccessImpl - No temp ClassLoader provided; using live ClassLoader for loading potentially unsafe class : org.reverside.bootcamp.ubereats.dto.Admin
11:19:05.426 [main] DEBUG org.hibernate.boot.internal.ClassLoaderAccessImpl - Not known whether passed class name [org.reverside.bootcamp.ubereats.dto.Product] is safe
11:19:05.426 [main] DEBUG org.hibernate.boot.internal.ClassLoaderAccessImpl - No temp ClassLoader provided; using live ClassLoader for loading potentially unsafe class : org.reverside.bootcamp.ubereats.dto.Product
11:19:05.427 [main] DEBUG org.hibernate.boot.internal.ClassLoaderAccessImpl - Not known whether passed class name [org.reverside.bootcamp.ubereats.dto.Product] is safe
11:19:05.427 [main] DEBUG org.hibernate.boot.internal.ClassLoaderAccessImpl - No temp ClassLoader provided; using live ClassLoader for loading potentially unsafe class : org.reverside.bootcamp.ubereats.dto.Product
11:19:05.440 [main] DEBUG org.hibernate.boot.internal.ClassLoaderAccessImpl - Not known whether passed class name [org.reverside.bootcamp.ubereats.dto.Category] is safe
11:19:05.441 [main] DEBUG org.hibernate.boot.internal.ClassLoaderAccessImpl - No temp ClassLoader provided; using live ClassLoader for loading potentially unsafe class : org.reverside.bootcamp.ubereats.dto.Category
11:19:05.441 [main] DEBUG org.hibernate.boot.internal.ClassLoaderAccessImpl - Not known whether passed class name [org.reverside.bootcamp.ubereats.dto.Category] is safe
11:19:05.441 [main] DEBUG org.hibernate.boot.internal.ClassLoaderAccessImpl - No temp ClassLoader provided; using live ClassLoader for loading potentially unsafe class : org.reverside.bootcamp.ubereats.dto.Category
11:19:05.443 [main] DEBUG org.hibernate.boot.internal.ClassLoaderAccessImpl - Not known whether passed class name [org.reverside.bootcamp.ubereats.dto.User] is safe
11:19:05.443 [main] DEBUG org.hibernate.boot.internal.ClassLoaderAccessImpl - No temp ClassLoader provided; using live ClassLoader for loading potentially unsafe class : org.reverside.bootcamp.ubereats.dto.User
11:19:05.448 [main] DEBUG org.hibernate.persister.collection.AbstractCollectionPersister - Static SQL for collection: org.reverside.bootcamp.ubereats.dto.User.roles
11:19:05.448 [main] DEBUG org.hibernate.persister.collection.AbstractCollectionPersister -  Row insert: insert into user_role (email, role_id) values (?, ?)
11:19:05.448 [main] DEBUG org.hibernate.persister.collection.AbstractCollectionPersister -  Row update: update user_role set role_id=? where email=? and role_id=?
11:19:05.448 [main] DEBUG org.hibernate.persister.collection.AbstractCollectionPersister -  Row delete: delete from user_role where email=? and role_id=?
11:19:05.449 [main] DEBUG org.hibernate.persister.collection.AbstractCollectionPersister -  One-shot delete: delete from user_role where email=?
11:19:05.449 [main] DEBUG org.hibernate.persister.entity.AbstractEntityPersister - Static SQL for entity: org.reverside.bootcamp.ubereats.dto.Role
11:19:05.450 [main] DEBUG org.hibernate.persister.entity.AbstractEntityPersister -  Version select: select role_id from Role where role_id =?
11:19:05.450 [main] DEBUG org.hibernate.persister.entity.AbstractEntityPersister -  Snapshot select: select role_.role_id, role_.role as role2_2_ from Role role_ where role_.role_id=?
11:19:05.450 [main] DEBUG org.hibernate.persister.entity.AbstractEntityPersister -  Insert 0: insert into Role (role, role_id) values (?, ?)
11:19:05.450 [main] DEBUG org.hibernate.persister.entity.AbstractEntityPersister -  Update 0: update Role set role=? where role_id=?
11:19:05.451 [main] DEBUG org.hibernate.persister.entity.AbstractEntityPersister -  Delete 0: delete from Role where role_id=?
11:19:05.451 [main] DEBUG org.hibernate.loader.plan.build.internal.spaces.QuerySpacesImpl - Adding QuerySpace : uid = <gen:0> -> org.hibernate.loader.plan.build.internal.spaces.EntityQuerySpaceImpl@39133244]
11:19:05.452 [main] DEBUG org.hibernate.persister.walking.spi.MetamodelGraphWalker - Visiting attribute path : role
11:19:05.452 [main] DEBUG org.hibernate.loader.plan.build.internal.FetchStyleLoadPlanBuildingAssociationVisitationStrategy - Building LoadPlan...
11:19:05.452 [main] DEBUG org.hibernate.loader.plan.exec.internal.LoadQueryJoinAndFetchProcessor - processing queryspace <gen:0>
11:19:05.453 [main] DEBUG org.hibernate.loader.plan.build.spi.LoadPlanTreePrinter - LoadPlan(entity=org.reverside.bootcamp.ubereats.dto.Role)
    - Returns
       - EntityReturnImpl(entity=org.reverside.bootcamp.ubereats.dto.Role, querySpaceUid=<gen:0>, path=org.reverside.bootcamp.ubereats.dto.Role)
    - QuerySpaces
       - EntityQuerySpaceImpl(uid=<gen:0>, entity=org.reverside.bootcamp.ubereats.dto.Role)
          - SQL table alias mapping - role0_
          - alias suffix - 0_
          - suffixed key columns - {role_id1_2_0_}

11:19:05.453 [main] DEBUG org.hibernate.loader.entity.plan.EntityLoader - Static select for entity org.reverside.bootcamp.ubereats.dto.Role [NONE]: select role0_.role_id as role_id1_2_0_, role0_.role as role2_2_0_ from Role role0_ where role0_.role_id=?
11:19:05.453 [main] DEBUG org.hibernate.loader.plan.build.internal.spaces.QuerySpacesImpl - Adding QuerySpace : uid = <gen:0> -> org.hibernate.loader.plan.build.internal.spaces.EntityQuerySpaceImpl@5e193ef5]
11:19:05.453 [main] DEBUG org.hibernate.persister.walking.spi.MetamodelGraphWalker - Visiting attribute path : role
11:19:05.454 [main] DEBUG org.hibernate.loader.plan.build.internal.FetchStyleLoadPlanBuildingAssociationVisitationStrategy - Building LoadPlan...
11:19:05.454 [main] DEBUG org.hibernate.loader.plan.exec.internal.LoadQueryJoinAndFetchProcessor - processing queryspace <gen:0>
11:19:05.454 [main] DEBUG org.hibernate.loader.plan.build.spi.LoadPlanTreePrinter - LoadPlan(entity=org.reverside.bootcamp.ubereats.dto.Role)
    - Returns
       - EntityReturnImpl(entity=org.reverside.bootcamp.ubereats.dto.Role, querySpaceUid=<gen:0>, path=org.reverside.bootcamp.ubereats.dto.Role)
    - QuerySpaces
       - EntityQuerySpaceImpl(uid=<gen:0>, entity=org.reverside.bootcamp.ubereats.dto.Role)
          - SQL table alias mapping - role0_
          - alias suffix - 0_
          - suffixed key columns - {role_id1_2_0_}

11:19:05.455 [main] DEBUG org.hibernate.loader.entity.plan.EntityLoader - Static select for entity org.reverside.bootcamp.ubereats.dto.Role [READ]: select role0_.role_id as role_id1_2_0_, role0_.role as role2_2_0_ from Role role0_ where role0_.role_id=?
11:19:05.455 [main] DEBUG org.hibernate.loader.plan.build.internal.spaces.QuerySpacesImpl - Adding QuerySpace : uid = <gen:0> -> org.hibernate.loader.plan.build.internal.spaces.EntityQuerySpaceImpl@21274afe]
11:19:05.456 [main] DEBUG org.hibernate.persister.walking.spi.MetamodelGraphWalker - Visiting attribute path : role
11:19:05.456 [main] DEBUG org.hibernate.loader.plan.build.internal.FetchStyleLoadPlanBuildingAssociationVisitationStrategy - Building LoadPlan...
11:19:05.456 [main] DEBUG org.hibernate.loader.plan.exec.internal.LoadQueryJoinAndFetchProcessor - processing queryspace <gen:0>
11:19:05.457 [main] DEBUG org.hibernate.loader.plan.build.spi.LoadPlanTreePrinter - LoadPlan(entity=org.reverside.bootcamp.ubereats.dto.Role)
    - Returns
       - EntityReturnImpl(entity=org.reverside.bootcamp.ubereats.dto.Role, querySpaceUid=<gen:0>, path=org.reverside.bootcamp.ubereats.dto.Role)
    - QuerySpaces
       - EntityQuerySpaceImpl(uid=<gen:0>, entity=org.reverside.bootcamp.ubereats.dto.Role)
          - SQL table alias mapping - role0_
          - alias suffix - 0_
          - suffixed key columns - {role_id1_2_0_}

11:19:05.457 [main] DEBUG org.hibernate.loader.entity.plan.EntityLoader - Static select for entity org.reverside.bootcamp.ubereats.dto.Role [UPGRADE]: select role0_.role_id as role_id1_2_0_, role0_.role as role2_2_0_ from Role role0_ where role0_.role_id=? for update
11:19:05.458 [main] DEBUG org.hibernate.loader.plan.build.internal.spaces.QuerySpacesImpl - Adding QuerySpace : uid = <gen:0> -> org.hibernate.loader.plan.build.internal.spaces.EntityQuerySpaceImpl@61da0413]
11:19:05.458 [main] DEBUG org.hibernate.persister.walking.spi.MetamodelGraphWalker - Visiting attribute path : role
11:19:05.458 [main] DEBUG org.hibernate.loader.plan.build.internal.FetchStyleLoadPlanBuildingAssociationVisitationStrategy - Building LoadPlan...
11:19:05.458 [main] DEBUG org.hibernate.loader.plan.exec.internal.LoadQueryJoinAndFetchProcessor - processing queryspace <gen:0>
11:19:05.459 [main] DEBUG org.hibernate.loader.plan.build.spi.LoadPlanTreePrinter - LoadPlan(entity=org.reverside.bootcamp.ubereats.dto.Role)
    - Returns
       - EntityReturnImpl(entity=org.reverside.bootcamp.ubereats.dto.Role, querySpaceUid=<gen:0>, path=org.reverside.bootcamp.ubereats.dto.Role)
    - QuerySpaces
       - EntityQuerySpaceImpl(uid=<gen:0>, entity=org.reverside.bootcamp.ubereats.dto.Role)
          - SQL table alias mapping - role0_
          - alias suffix - 0_
          - suffixed key columns - {role_id1_2_0_}

11:19:05.461 [main] DEBUG org.hibernate.loader.entity.plan.EntityLoader - Static select for entity org.reverside.bootcamp.ubereats.dto.Role [UPGRADE_NOWAIT]: select role0_.role_id as role_id1_2_0_, role0_.role as role2_2_0_ from Role role0_ where role0_.role_id=? for update
11:19:05.461 [main] DEBUG org.hibernate.loader.plan.build.internal.spaces.QuerySpacesImpl - Adding QuerySpace : uid = <gen:0> -> org.hibernate.loader.plan.build.internal.spaces.EntityQuerySpaceImpl@4d4c1ba9]
11:19:05.462 [main] DEBUG org.hibernate.persister.walking.spi.MetamodelGraphWalker - Visiting attribute path : role
11:19:05.462 [main] DEBUG org.hibernate.loader.plan.build.internal.FetchStyleLoadPlanBuildingAssociationVisitationStrategy - Building LoadPlan...
11:19:05.462 [main] DEBUG org.hibernate.loader.plan.exec.internal.LoadQueryJoinAndFetchProcessor - processing queryspace <gen:0>
11:19:05.463 [main] DEBUG org.hibernate.loader.plan.build.spi.LoadPlanTreePrinter - LoadPlan(entity=org.reverside.bootcamp.ubereats.dto.Role)
    - Returns
       - EntityReturnImpl(entity=org.reverside.bootcamp.ubereats.dto.Role, querySpaceUid=<gen:0>, path=org.reverside.bootcamp.ubereats.dto.Role)
    - QuerySpaces
       - EntityQuerySpaceImpl(uid=<gen:0>, entity=org.reverside.bootcamp.ubereats.dto.Role)
          - SQL table alias mapping - role0_
          - alias suffix - 0_
          - suffixed key columns - {role_id1_2_0_}

11:19:05.463 [main] DEBUG org.hibernate.loader.entity.plan.EntityLoader - Static select for entity org.reverside.bootcamp.ubereats.dto.Role [UPGRADE_SKIPLOCKED]: select role0_.role_id as role_id1_2_0_, role0_.role as role2_2_0_ from Role role0_ where role0_.role_id=? for update
11:19:05.464 [main] DEBUG org.hibernate.loader.plan.build.internal.spaces.QuerySpacesImpl - Adding QuerySpace : uid = <gen:0> -> org.hibernate.loader.plan.build.internal.spaces.EntityQuerySpaceImpl@115c946b]
11:19:05.464 [main] DEBUG org.hibernate.persister.walking.spi.MetamodelGraphWalker - Visiting attribute path : role
11:19:05.464 [main] DEBUG org.hibernate.loader.plan.build.internal.FetchStyleLoadPlanBuildingAssociationVisitationStrategy - Building LoadPlan...
11:19:05.465 [main] DEBUG org.hibernate.loader.plan.exec.internal.LoadQueryJoinAndFetchProcessor - processing queryspace <gen:0>
11:19:05.466 [main] DEBUG org.hibernate.loader.plan.build.spi.LoadPlanTreePrinter - LoadPlan(entity=org.reverside.bootcamp.ubereats.dto.Role)
    - Returns
       - EntityReturnImpl(entity=org.reverside.bootcamp.ubereats.dto.Role, querySpaceUid=<gen:0>, path=org.reverside.bootcamp.ubereats.dto.Role)
    - QuerySpaces
       - EntityQuerySpaceImpl(uid=<gen:0>, entity=org.reverside.bootcamp.ubereats.dto.Role)
          - SQL table alias mapping - role0_
          - alias suffix - 0_
          - suffixed key columns - {role_id1_2_0_}

11:19:05.466 [main] DEBUG org.hibernate.loader.entity.plan.EntityLoader - Static select for entity org.reverside.bootcamp.ubereats.dto.Role [FORCE]: select role0_.role_id as role_id1_2_0_, role0_.role as role2_2_0_ from Role role0_ where role0_.role_id=? for update
11:19:05.466 [main] DEBUG org.hibernate.loader.plan.build.internal.spaces.QuerySpacesImpl - Adding QuerySpace : uid = <gen:0> -> org.hibernate.loader.plan.build.internal.spaces.EntityQuerySpaceImpl@54f6b629]
11:19:05.466 [main] DEBUG org.hibernate.persister.walking.spi.MetamodelGraphWalker - Visiting attribute path : role
11:19:05.468 [main] DEBUG org.hibernate.loader.plan.build.internal.FetchStyleLoadPlanBuildingAssociationVisitationStrategy - Building LoadPlan...
11:19:05.469 [main] DEBUG org.hibernate.loader.plan.exec.internal.LoadQueryJoinAndFetchProcessor - processing queryspace <gen:0>
11:19:05.470 [main] DEBUG org.hibernate.loader.plan.build.spi.LoadPlanTreePrinter - LoadPlan(entity=org.reverside.bootcamp.ubereats.dto.Role)
    - Returns
       - EntityReturnImpl(entity=org.reverside.bootcamp.ubereats.dto.Role, querySpaceUid=<gen:0>, path=org.reverside.bootcamp.ubereats.dto.Role)
    - QuerySpaces
       - EntityQuerySpaceImpl(uid=<gen:0>, entity=org.reverside.bootcamp.ubereats.dto.Role)
          - SQL table alias mapping - role0_
          - alias suffix - 0_
          - suffixed key columns - {role_id1_2_0_}

11:19:05.470 [main] DEBUG org.hibernate.loader.entity.plan.EntityLoader - Static select for entity org.reverside.bootcamp.ubereats.dto.Role [PESSIMISTIC_READ]: select role0_.role_id as role_id1_2_0_, role0_.role as role2_2_0_ from Role role0_ where role0_.role_id=? for update
11:19:05.473 [main] DEBUG org.hibernate.loader.plan.build.internal.spaces.QuerySpacesImpl - Adding QuerySpace : uid = <gen:0> -> org.hibernate.loader.plan.build.internal.spaces.EntityQuerySpaceImpl@3e43f049]
11:19:05.475 [main] DEBUG org.hibernate.persister.walking.spi.MetamodelGraphWalker - Visiting attribute path : role
11:19:05.477 [main] DEBUG org.hibernate.loader.plan.build.internal.FetchStyleLoadPlanBuildingAssociationVisitationStrategy - Building LoadPlan...
11:19:05.478 [main] DEBUG org.hibernate.loader.plan.exec.internal.LoadQueryJoinAndFetchProcessor - processing queryspace <gen:0>
11:19:05.479 [main] DEBUG org.hibernate.loader.plan.build.spi.LoadPlanTreePrinter - LoadPlan(entity=org.reverside.bootcamp.ubereats.dto.Role)
    - Returns
       - EntityReturnImpl(entity=org.reverside.bootcamp.ubereats.dto.Role, querySpaceUid=<gen:0>, path=org.reverside.bootcamp.ubereats.dto.Role)
    - QuerySpaces
       - EntityQuerySpaceImpl(uid=<gen:0>, entity=org.reverside.bootcamp.ubereats.dto.Role)
          - SQL table alias mapping - role0_
          - alias suffix - 0_
          - suffixed key columns - {role_id1_2_0_}

11:19:05.480 [main] DEBUG org.hibernate.loader.entity.plan.EntityLoader - Static select for entity org.reverside.bootcamp.ubereats.dto.Role [PESSIMISTIC_WRITE]: select role0_.role_id as role_id1_2_0_, role0_.role as role2_2_0_ from Role role0_ where role0_.role_id=? for update
11:19:05.481 [main] DEBUG org.hibernate.loader.plan.build.internal.spaces.QuerySpacesImpl - Adding QuerySpace : uid = <gen:0> -> org.hibernate.loader.plan.build.internal.spaces.EntityQuerySpaceImpl@755a7218]
11:19:05.481 [main] DEBUG org.hibernate.persister.walking.spi.MetamodelGraphWalker - Visiting attribute path : role
11:19:05.481 [main] DEBUG org.hibernate.loader.plan.build.internal.FetchStyleLoadPlanBuildingAssociationVisitationStrategy - Building LoadPlan...
11:19:05.483 [main] DEBUG org.hibernate.loader.plan.exec.internal.LoadQueryJoinAndFetchProcessor - processing queryspace <gen:0>
11:19:05.483 [main] DEBUG org.hibernate.loader.plan.build.spi.LoadPlanTreePrinter - LoadPlan(entity=org.reverside.bootcamp.ubereats.dto.Role)
    - Returns
       - EntityReturnImpl(entity=org.reverside.bootcamp.ubereats.dto.Role, querySpaceUid=<gen:0>, path=org.reverside.bootcamp.ubereats.dto.Role)
    - QuerySpaces
       - EntityQuerySpaceImpl(uid=<gen:0>, entity=org.reverside.bootcamp.ubereats.dto.Role)
          - SQL table alias mapping - role0_
          - alias suffix - 0_
          - suffixed key columns - {role_id1_2_0_}

11:19:05.485 [main] DEBUG org.hibernate.loader.entity.plan.EntityLoader - Static select for entity org.reverside.bootcamp.ubereats.dto.Role [PESSIMISTIC_FORCE_INCREMENT]: select role0_.role_id as role_id1_2_0_, role0_.role as role2_2_0_ from Role role0_ where role0_.role_id=? for update
11:19:05.485 [main] DEBUG org.hibernate.loader.plan.build.internal.spaces.QuerySpacesImpl - Adding QuerySpace : uid = <gen:0> -> org.hibernate.loader.plan.build.internal.spaces.EntityQuerySpaceImpl@5122e4bf]
11:19:05.485 [main] DEBUG org.hibernate.persister.walking.spi.MetamodelGraphWalker - Visiting attribute path : role
11:19:05.485 [main] DEBUG org.hibernate.loader.plan.build.internal.FetchStyleLoadPlanBuildingAssociationVisitationStrategy - Building LoadPlan...
11:19:05.486 [main] DEBUG org.hibernate.loader.plan.exec.internal.LoadQueryJoinAndFetchProcessor - processing queryspace <gen:0>
11:19:05.486 [main] DEBUG org.hibernate.loader.plan.build.spi.LoadPlanTreePrinter - LoadPlan(entity=org.reverside.bootcamp.ubereats.dto.Role)
    - Returns
       - EntityReturnImpl(entity=org.reverside.bootcamp.ubereats.dto.Role, querySpaceUid=<gen:0>, path=org.reverside.bootcamp.ubereats.dto.Role)
    - QuerySpaces
       - EntityQuerySpaceImpl(uid=<gen:0>, entity=org.reverside.bootcamp.ubereats.dto.Role)
          - SQL table alias mapping - role0_
          - alias suffix - 0_
          - suffixed key columns - {role_id1_2_0_}

11:19:05.486 [main] DEBUG org.hibernate.loader.entity.plan.EntityLoader - Static select for entity org.reverside.bootcamp.ubereats.dto.Role [OPTIMISTIC]: select role0_.role_id as role_id1_2_0_, role0_.role as role2_2_0_ from Role role0_ where role0_.role_id=?
11:19:05.486 [main] DEBUG org.hibernate.loader.plan.build.internal.spaces.QuerySpacesImpl - Adding QuerySpace : uid = <gen:0> -> org.hibernate.loader.plan.build.internal.spaces.EntityQuerySpaceImpl@58a7dc4]
11:19:05.486 [main] DEBUG org.hibernate.persister.walking.spi.MetamodelGraphWalker - Visiting attribute path : role
11:19:05.487 [main] DEBUG org.hibernate.loader.plan.build.internal.FetchStyleLoadPlanBuildingAssociationVisitationStrategy - Building LoadPlan...
11:19:05.487 [main] DEBUG org.hibernate.loader.plan.exec.internal.LoadQueryJoinAndFetchProcessor - processing queryspace <gen:0>
11:19:05.487 [main] DEBUG org.hibernate.loader.plan.build.spi.LoadPlanTreePrinter - LoadPlan(entity=org.reverside.bootcamp.ubereats.dto.Role)
    - Returns
       - EntityReturnImpl(entity=org.reverside.bootcamp.ubereats.dto.Role, querySpaceUid=<gen:0>, path=org.reverside.bootcamp.ubereats.dto.Role)
    - QuerySpaces
       - EntityQuerySpaceImpl(uid=<gen:0>, entity=org.reverside.bootcamp.ubereats.dto.Role)
          - SQL table alias mapping - role0_
          - alias suffix - 0_
          - suffixed key columns - {role_id1_2_0_}

11:19:05.487 [main] DEBUG org.hibernate.loader.entity.plan.EntityLoader - Static select for entity org.reverside.bootcamp.ubereats.dto.Role [OPTIMISTIC_FORCE_INCREMENT]: select role0_.role_id as role_id1_2_0_, role0_.role as role2_2_0_ from Role role0_ where role0_.role_id=?
11:19:05.488 [main] DEBUG org.hibernate.loader.Loader - Static select for action ACTION_MERGE on entity org.reverside.bootcamp.ubereats.dto.Role: select role0_.role_id as role_id1_2_0_, role0_.role as role2_2_0_ from Role role0_ where role0_.role_id=?
11:19:05.488 [main] DEBUG org.hibernate.loader.Loader - Static select for action ACTION_REFRESH on entity org.reverside.bootcamp.ubereats.dto.Role: select role0_.role_id as role_id1_2_0_, role0_.role as role2_2_0_ from Role role0_ where role0_.role_id=?
11:19:05.488 [main] DEBUG org.hibernate.persister.entity.AbstractEntityPersister - Static SQL for entity: org.reverside.bootcamp.ubereats.dto.Admin
11:19:05.488 [main] DEBUG org.hibernate.persister.entity.AbstractEntityPersister -  Version select: select email from User where email =?
11:19:05.488 [main] DEBUG org.hibernate.persister.entity.AbstractEntityPersister -  Snapshot select: select admin_.email, admin_.account_id as account_3_3_, admin_.is_active as is_activ4_3_, admin_.enabled as enabled5_3_, admin_.name as name6_3_, admin_.phone_num as phone_nu7_3_, admin_.recovery_question as recovery8_3_, admin_.surname as surname9_3_, admin_.region as region10_3_ from User admin_ where admin_.email=?
11:19:05.488 [main] DEBUG org.hibernate.persister.entity.AbstractEntityPersister -  Insert 0: insert into User (account_id, is_active, enabled, name, phone_num, recovery_question, surname, region, DTYPE, email) values (?, ?, ?, ?, ?, ?, ?, ?, 'Admin', ?)
11:19:05.488 [main] DEBUG org.hibernate.persister.entity.AbstractEntityPersister -  Update 0: update User set account_id=?, is_active=?, enabled=?, name=?, phone_num=?, recovery_question=?, surname=?, region=? where email=?
11:19:05.489 [main] DEBUG org.hibernate.persister.entity.AbstractEntityPersister -  Delete 0: delete from User where email=?
11:19:05.489 [main] DEBUG org.hibernate.loader.plan.build.internal.spaces.QuerySpacesImpl - Adding QuerySpace : uid = <gen:0> -> org.hibernate.loader.plan.build.internal.spaces.EntityQuerySpaceImpl@27f71195]
11:19:05.489 [main] DEBUG org.hibernate.persister.walking.spi.MetamodelGraphWalker - Visiting attribute path : accountId
11:19:05.489 [main] DEBUG org.hibernate.persister.walking.spi.MetamodelGraphWalker - Visiting attribute path : active
11:19:05.489 [main] DEBUG org.hibernate.persister.walking.spi.MetamodelGraphWalker - Visiting attribute path : enabled
11:19:05.489 [main] DEBUG org.hibernate.persister.walking.spi.MetamodelGraphWalker - Visiting attribute path : name
11:19:05.489 [main] DEBUG org.hibernate.persister.walking.spi.MetamodelGraphWalker - Visiting attribute path : phoneNum
11:19:05.489 [main] DEBUG org.hibernate.persister.walking.spi.MetamodelGraphWalker - Visiting attribute path : recovery_question
11:19:05.489 [main] DEBUG org.hibernate.persister.walking.spi.MetamodelGraphWalker - Visiting attribute path : roles
11:19:05.489 [main] DEBUG org.hibernate.loader.plan.build.internal.spaces.QuerySpacesImpl - Adding QuerySpace : uid = <gen:1> -> org.hibernate.loader.plan.build.internal.spaces.CollectionQuerySpaceImpl@6238d5e0]
11:19:05.489 [main] DEBUG org.hibernate.loader.plan.build.internal.spaces.QuerySpacesImpl - Adding QuerySpace : uid = <gen:2> -> org.hibernate.loader.plan.build.internal.spaces.EntityQuerySpaceImpl@336f49a1]
11:19:05.489 [main] DEBUG org.hibernate.persister.walking.spi.MetamodelGraphWalker - Visiting attribute path : surname
11:19:05.489 [main] DEBUG org.hibernate.persister.walking.spi.MetamodelGraphWalker - Visiting attribute path : region
11:19:05.489 [main] DEBUG org.hibernate.loader.plan.build.internal.FetchStyleLoadPlanBuildingAssociationVisitationStrategy - Building LoadPlan...
11:19:05.490 [main] DEBUG org.hibernate.loader.plan.exec.internal.LoadQueryJoinAndFetchProcessor - processing queryspace <gen:0>
11:19:05.490 [main] DEBUG org.hibernate.loader.plan.build.spi.LoadPlanTreePrinter - LoadPlan(entity=org.reverside.bootcamp.ubereats.dto.Admin)
    - Returns
       - EntityReturnImpl(entity=org.reverside.bootcamp.ubereats.dto.Admin, querySpaceUid=<gen:0>, path=org.reverside.bootcamp.ubereats.dto.Admin)
          - CollectionAttributeFetchImpl(collection=org.reverside.bootcamp.ubereats.dto.User.roles, querySpaceUid=<gen:1>, path=org.reverside.bootcamp.ubereats.dto.Admin.roles)
             - (collection element) CollectionFetchableElementEntityGraph(entity=org.reverside.bootcamp.ubereats.dto.Role, querySpaceUid=<gen:2>, path=org.reverside.bootcamp.ubereats.dto.Admin.roles.<elements>)
    - QuerySpaces
       - EntityQuerySpaceImpl(uid=<gen:0>, entity=org.reverside.bootcamp.ubereats.dto.Admin)
          - SQL table alias mapping - admin0_
          - alias suffix - 0_
          - suffixed key columns - {email2_3_0_}

11:19:05.490 [main] DEBUG org.hibernate.loader.entity.plan.EntityLoader - Static select for entity org.reverside.bootcamp.ubereats.dto.Admin [NONE]: select admin0_.email as email2_3_0_, admin0_.account_id as account_3_3_0_, admin0_.is_active as is_activ4_3_0_, admin0_.enabled as enabled5_3_0_, admin0_.name as name6_3_0_, admin0_.phone_num as phone_nu7_3_0_, admin0_.recovery_question as recovery8_3_0_, admin0_.surname as surname9_3_0_, admin0_.region as region10_3_0_ from User admin0_ where admin0_.email=? and admin0_.DTYPE='Admin'
11:19:05.491 [main] DEBUG org.hibernate.loader.plan.build.internal.spaces.QuerySpacesImpl - Adding QuerySpace : uid = <gen:0> -> org.hibernate.loader.plan.build.internal.spaces.EntityQuerySpaceImpl@2c8b8de0]
11:19:05.492 [main] DEBUG org.hibernate.persister.walking.spi.MetamodelGraphWalker - Visiting attribute path : accountId
11:19:05.492 [main] DEBUG org.hibernate.persister.walking.spi.MetamodelGraphWalker - Visiting attribute path : active
11:19:05.492 [main] DEBUG org.hibernate.persister.walking.spi.MetamodelGraphWalker - Visiting attribute path : enabled
11:19:05.492 [main] DEBUG org.hibernate.persister.walking.spi.MetamodelGraphWalker - Visiting attribute path : name
11:19:05.492 [main] DEBUG org.hibernate.persister.walking.spi.MetamodelGraphWalker - Visiting attribute path : phoneNum
11:19:05.492 [main] DEBUG org.hibernate.persister.walking.spi.MetamodelGraphWalker - Visiting attribute path : recovery_question
11:19:05.492 [main] DEBUG org.hibernate.persister.walking.spi.MetamodelGraphWalker - Visiting attribute path : roles
11:19:05.492 [main] DEBUG org.hibernate.loader.plan.build.internal.spaces.QuerySpacesImpl - Adding QuerySpace : uid = <gen:1> -> org.hibernate.loader.plan.build.internal.spaces.CollectionQuerySpaceImpl@6b063470]
11:19:05.492 [main] DEBUG org.hibernate.loader.plan.build.internal.spaces.QuerySpacesImpl - Adding QuerySpace : uid = <gen:2> -> org.hibernate.loader.plan.build.internal.spaces.EntityQuerySpaceImpl@226d5af0]
11:19:05.492 [main] DEBUG org.hibernate.persister.walking.spi.MetamodelGraphWalker - Visiting attribute path : surname
11:19:05.492 [main] DEBUG org.hibernate.persister.walking.spi.MetamodelGraphWalker - Visiting attribute path : region
11:19:05.492 [main] DEBUG org.hibernate.loader.plan.build.internal.FetchStyleLoadPlanBuildingAssociationVisitationStrategy - Building LoadPlan...
11:19:05.493 [main] DEBUG org.hibernate.loader.plan.exec.internal.LoadQueryJoinAndFetchProcessor - processing queryspace <gen:0>
11:19:05.494 [main] DEBUG org.hibernate.loader.plan.build.spi.LoadPlanTreePrinter - LoadPlan(entity=org.reverside.bootcamp.ubereats.dto.Admin)
    - Returns
       - EntityReturnImpl(entity=org.reverside.bootcamp.ubereats.dto.Admin, querySpaceUid=<gen:0>, path=org.reverside.bootcamp.ubereats.dto.Admin)
          - CollectionAttributeFetchImpl(collection=org.reverside.bootcamp.ubereats.dto.User.roles, querySpaceUid=<gen:1>, path=org.reverside.bootcamp.ubereats.dto.Admin.roles)
             - (collection element) CollectionFetchableElementEntityGraph(entity=org.reverside.bootcamp.ubereats.dto.Role, querySpaceUid=<gen:2>, path=org.reverside.bootcamp.ubereats.dto.Admin.roles.<elements>)
    - QuerySpaces
       - EntityQuerySpaceImpl(uid=<gen:0>, entity=org.reverside.bootcamp.ubereats.dto.Admin)
          - SQL table alias mapping - admin0_
          - alias suffix - 0_
          - suffixed key columns - {email2_3_0_}

11:19:05.494 [main] DEBUG org.hibernate.loader.entity.plan.EntityLoader - Static select for entity org.reverside.bootcamp.ubereats.dto.Admin [READ]: select admin0_.email as email2_3_0_, admin0_.account_id as account_3_3_0_, admin0_.is_active as is_activ4_3_0_, admin0_.enabled as enabled5_3_0_, admin0_.name as name6_3_0_, admin0_.phone_num as phone_nu7_3_0_, admin0_.recovery_question as recovery8_3_0_, admin0_.surname as surname9_3_0_, admin0_.region as region10_3_0_ from User admin0_ where admin0_.email=? and admin0_.DTYPE='Admin'
11:19:05.494 [main] DEBUG org.hibernate.loader.plan.build.internal.spaces.QuerySpacesImpl - Adding QuerySpace : uid = <gen:0> -> org.hibernate.loader.plan.build.internal.spaces.EntityQuerySpaceImpl@527937d0]
11:19:05.494 [main] DEBUG org.hibernate.persister.walking.spi.MetamodelGraphWalker - Visiting attribute path : accountId
11:19:05.494 [main] DEBUG org.hibernate.persister.walking.spi.MetamodelGraphWalker - Visiting attribute path : active
11:19:05.495 [main] DEBUG org.hibernate.persister.walking.spi.MetamodelGraphWalker - Visiting attribute path : enabled
11:19:05.495 [main] DEBUG org.hibernate.persister.walking.spi.MetamodelGraphWalker - Visiting attribute path : name
11:19:05.495 [main] DEBUG org.hibernate.persister.walking.spi.MetamodelGraphWalker - Visiting attribute path : phoneNum
11:19:05.495 [main] DEBUG org.hibernate.persister.walking.spi.MetamodelGraphWalker - Visiting attribute path : recovery_question
11:19:05.495 [main] DEBUG org.hibernate.persister.walking.spi.MetamodelGraphWalker - Visiting attribute path : roles
11:19:05.495 [main] DEBUG org.hibernate.loader.plan.build.internal.spaces.QuerySpacesImpl - Adding QuerySpace : uid = <gen:1> -> org.hibernate.loader.plan.build.internal.spaces.CollectionQuerySpaceImpl@6c2a95d5]
11:19:05.495 [main] DEBUG org.hibernate.loader.plan.build.internal.spaces.QuerySpacesImpl - Adding QuerySpace : uid = <gen:2> -> org.hibernate.loader.plan.build.internal.spaces.EntityQuerySpaceImpl@24d8f87a]
11:19:05.495 [main] DEBUG org.hibernate.persister.walking.spi.MetamodelGraphWalker - Visiting attribute path : surname
11:19:05.495 [main] DEBUG org.hibernate.persister.walking.spi.MetamodelGraphWalker - Visiting attribute path : region
11:19:05.495 [main] DEBUG org.hibernate.loader.plan.build.internal.FetchStyleLoadPlanBuildingAssociationVisitationStrategy - Building LoadPlan...
11:19:05.496 [main] DEBUG org.hibernate.loader.plan.exec.internal.LoadQueryJoinAndFetchProcessor - processing queryspace <gen:0>
11:19:05.496 [main] DEBUG org.hibernate.loader.plan.build.spi.LoadPlanTreePrinter - LoadPlan(entity=org.reverside.bootcamp.ubereats.dto.Admin)
    - Returns
       - EntityReturnImpl(entity=org.reverside.bootcamp.ubereats.dto.Admin, querySpaceUid=<gen:0>, path=org.reverside.bootcamp.ubereats.dto.Admin)
          - CollectionAttributeFetchImpl(collection=org.reverside.bootcamp.ubereats.dto.User.roles, querySpaceUid=<gen:1>, path=org.reverside.bootcamp.ubereats.dto.Admin.roles)
             - (collection element) CollectionFetchableElementEntityGraph(entity=org.reverside.bootcamp.ubereats.dto.Role, querySpaceUid=<gen:2>, path=org.reverside.bootcamp.ubereats.dto.Admin.roles.<elements>)
    - QuerySpaces
       - EntityQuerySpaceImpl(uid=<gen:0>, entity=org.reverside.bootcamp.ubereats.dto.Admin)
          - SQL table alias mapping - admin0_
          - alias suffix - 0_
          - suffixed key columns - {email2_3_0_}

11:19:05.496 [main] DEBUG org.hibernate.loader.entity.plan.EntityLoader - Static select for entity org.reverside.bootcamp.ubereats.dto.Admin [UPGRADE]: select admin0_.email as email2_3_0_, admin0_.account_id as account_3_3_0_, admin0_.is_active as is_activ4_3_0_, admin0_.enabled as enabled5_3_0_, admin0_.name as name6_3_0_, admin0_.phone_num as phone_nu7_3_0_, admin0_.recovery_question as recovery8_3_0_, admin0_.surname as surname9_3_0_, admin0_.region as region10_3_0_ from User admin0_ where admin0_.email=? and admin0_.DTYPE='Admin' for update
11:19:05.496 [main] DEBUG org.hibernate.loader.plan.build.internal.spaces.QuerySpacesImpl - Adding QuerySpace : uid = <gen:0> -> org.hibernate.loader.plan.build.internal.spaces.EntityQuerySpaceImpl@3f048c86]
11:19:05.496 [main] DEBUG org.hibernate.persister.walking.spi.MetamodelGraphWalker - Visiting attribute path : accountId
11:19:05.497 [main] DEBUG org.hibernate.persister.walking.spi.MetamodelGraphWalker - Visiting attribute path : active
11:19:05.497 [main] DEBUG org.hibernate.persister.walking.spi.MetamodelGraphWalker - Visiting attribute path : enabled
11:19:05.497 [main] DEBUG org.hibernate.persister.walking.spi.MetamodelGraphWalker - Visiting attribute path : name
11:19:05.497 [main] DEBUG org.hibernate.persister.walking.spi.MetamodelGraphWalker - Visiting attribute path : phoneNum
11:19:05.497 [main] DEBUG org.hibernate.persister.walking.spi.MetamodelGraphWalker - Visiting attribute path : recovery_question
11:19:05.497 [main] DEBUG org.hibernate.persister.walking.spi.MetamodelGraphWalker - Visiting attribute path : roles
11:19:05.497 [main] DEBUG org.hibernate.loader.plan.build.internal.spaces.QuerySpacesImpl - Adding QuerySpace : uid = <gen:1> -> org.hibernate.loader.plan.build.internal.spaces.CollectionQuerySpaceImpl@1de13f34]
11:19:05.505 [main] DEBUG org.hibernate.loader.plan.build.internal.spaces.QuerySpacesImpl - Adding QuerySpace : uid = <gen:2> -> org.hibernate.loader.plan.build.internal.spaces.EntityQuerySpaceImpl@7e191fda]
11:19:05.505 [main] DEBUG org.hibernate.persister.walking.spi.MetamodelGraphWalker - Visiting attribute path : surname
11:19:05.506 [main] DEBUG org.hibernate.persister.walking.spi.MetamodelGraphWalker - Visiting attribute path : region
11:19:05.506 [main] DEBUG org.hibernate.loader.plan.build.internal.FetchStyleLoadPlanBuildingAssociationVisitationStrategy - Building LoadPlan...
11:19:05.508 [main] DEBUG org.hibernate.loader.plan.exec.internal.LoadQueryJoinAndFetchProcessor - processing queryspace <gen:0>
11:19:05.509 [main] DEBUG org.hibernate.loader.plan.build.spi.LoadPlanTreePrinter - LoadPlan(entity=org.reverside.bootcamp.ubereats.dto.Admin)
    - Returns
       - EntityReturnImpl(entity=org.reverside.bootcamp.ubereats.dto.Admin, querySpaceUid=<gen:0>, path=org.reverside.bootcamp.ubereats.dto.Admin)
          - CollectionAttributeFetchImpl(collection=org.reverside.bootcamp.ubereats.dto.User.roles, querySpaceUid=<gen:1>, path=org.reverside.bootcamp.ubereats.dto.Admin.roles)
             - (collection element) CollectionFetchableElementEntityGraph(entity=org.reverside.bootcamp.ubereats.dto.Role, querySpaceUid=<gen:2>, path=org.reverside.bootcamp.ubereats.dto.Admin.roles.<elements>)
    - QuerySpaces
       - EntityQuerySpaceImpl(uid=<gen:0>, entity=org.reverside.bootcamp.ubereats.dto.Admin)
          - SQL table alias mapping - admin0_
          - alias suffix - 0_
          - suffixed key columns - {email2_3_0_}

11:19:05.509 [main] DEBUG org.hibernate.loader.entity.plan.EntityLoader - Static select for entity org.reverside.bootcamp.ubereats.dto.Admin [UPGRADE_NOWAIT]: select admin0_.email as email2_3_0_, admin0_.account_id as account_3_3_0_, admin0_.is_active as is_activ4_3_0_, admin0_.enabled as enabled5_3_0_, admin0_.name as name6_3_0_, admin0_.phone_num as phone_nu7_3_0_, admin0_.recovery_question as recovery8_3_0_, admin0_.surname as surname9_3_0_, admin0_.region as region10_3_0_ from User admin0_ where admin0_.email=? and admin0_.DTYPE='Admin' for update
11:19:05.561 [main] DEBUG org.hibernate.loader.plan.build.internal.spaces.QuerySpacesImpl - Adding QuerySpace : uid = <gen:0> -> org.hibernate.loader.plan.build.internal.spaces.EntityQuerySpaceImpl@6562cc23]
11:19:05.561 [main] DEBUG org.hibernate.persister.walking.spi.MetamodelGraphWalker - Visiting attribute path : accountId
11:19:05.561 [main] DEBUG org.hibernate.persister.walking.spi.MetamodelGraphWalker - Visiting attribute path : active
11:19:05.561 [main] DEBUG org.hibernate.persister.walking.spi.MetamodelGraphWalker - Visiting attribute path : enabled
11:19:05.561 [main] DEBUG org.hibernate.persister.walking.spi.MetamodelGraphWalker - Visiting attribute path : name
11:19:05.561 [main] DEBUG org.hibernate.persister.walking.spi.MetamodelGraphWalker - Visiting attribute path : phoneNum
11:19:05.562 [main] DEBUG org.hibernate.persister.walking.spi.MetamodelGraphWalker - Visiting attribute path : recovery_question
11:19:05.562 [main] DEBUG org.hibernate.persister.walking.spi.MetamodelGraphWalker - Visiting attribute path : roles
11:19:05.562 [main] DEBUG org.hibernate.loader.plan.build.internal.spaces.QuerySpacesImpl - Adding QuerySpace : uid = <gen:1> -> org.hibernate.loader.plan.build.internal.spaces.CollectionQuerySpaceImpl@3869a6e5]
11:19:05.562 [main] DEBUG org.hibernate.loader.plan.build.internal.spaces.QuerySpacesImpl - Adding QuerySpace : uid = <gen:2> -> org.hibernate.loader.plan.build.internal.spaces.EntityQuerySpaceImpl@e3899fd]
11:19:05.562 [main] DEBUG org.hibernate.persister.walking.spi.MetamodelGraphWalker - Visiting attribute path : surname
11:19:05.562 [main] DEBUG org.hibernate.persister.walking.spi.MetamodelGraphWalker - Visiting attribute path : region
11:19:05.562 [main] DEBUG org.hibernate.loader.plan.build.internal.FetchStyleLoadPlanBuildingAssociationVisitationStrategy - Building LoadPlan...
11:19:05.562 [main] DEBUG org.hibernate.loader.plan.exec.internal.LoadQueryJoinAndFetchProcessor - processing queryspace <gen:0>
11:19:05.563 [main] DEBUG org.hibernate.loader.plan.build.spi.LoadPlanTreePrinter - LoadPlan(entity=org.reverside.bootcamp.ubereats.dto.Admin)
    - Returns
       - EntityReturnImpl(entity=org.reverside.bootcamp.ubereats.dto.Admin, querySpaceUid=<gen:0>, path=org.reverside.bootcamp.ubereats.dto.Admin)
          - CollectionAttributeFetchImpl(collection=org.reverside.bootcamp.ubereats.dto.User.roles, querySpaceUid=<gen:1>, path=org.reverside.bootcamp.ubereats.dto.Admin.roles)
             - (collection element) CollectionFetchableElementEntityGraph(entity=org.reverside.bootcamp.ubereats.dto.Role, querySpaceUid=<gen:2>, path=org.reverside.bootcamp.ubereats.dto.Admin.roles.<elements>)
    - QuerySpaces
       - EntityQuerySpaceImpl(uid=<gen:0>, entity=org.reverside.bootcamp.ubereats.dto.Admin)
          - SQL table alias mapping - admin0_
          - alias suffix - 0_
          - suffixed key columns - {email2_3_0_}

11:19:05.563 [main] DEBUG org.hibernate.loader.entity.plan.EntityLoader - Static select for entity org.reverside.bootcamp.ubereats.dto.Admin [UPGRADE_SKIPLOCKED]: select admin0_.email as email2_3_0_, admin0_.account_id as account_3_3_0_, admin0_.is_active as is_activ4_3_0_, admin0_.enabled as enabled5_3_0_, admin0_.name as name6_3_0_, admin0_.phone_num as phone_nu7_3_0_, admin0_.recovery_question as recovery8_3_0_, admin0_.surname as surname9_3_0_, admin0_.region as region10_3_0_ from User admin0_ where admin0_.email=? and admin0_.DTYPE='Admin' for update
11:19:05.563 [main] DEBUG org.hibernate.loader.plan.build.internal.spaces.QuerySpacesImpl - Adding QuerySpace : uid = <gen:0> -> org.hibernate.loader.plan.build.internal.spaces.EntityQuerySpaceImpl@7d484fcd]
11:19:05.563 [main] DEBUG org.hibernate.persister.walking.spi.MetamodelGraphWalker - Visiting attribute path : accountId
11:19:05.564 [main] DEBUG org.hibernate.persister.walking.spi.MetamodelGraphWalker - Visiting attribute path : active
11:19:05.578 [main] DEBUG org.hibernate.persister.walking.spi.MetamodelGraphWalker - Visiting attribute path : enabled
11:19:05.578 [main] DEBUG org.hibernate.persister.walking.spi.MetamodelGraphWalker - Visiting attribute path : name
11:19:05.578 [main] DEBUG org.hibernate.persister.walking.spi.MetamodelGraphWalker - Visiting attribute path : phoneNum
11:19:05.578 [main] DEBUG org.hibernate.persister.walking.spi.MetamodelGraphWalker - Visiting attribute path : recovery_question
11:19:05.578 [main] DEBUG org.hibernate.persister.walking.spi.MetamodelGraphWalker - Visiting attribute path : roles
11:19:05.579 [main] DEBUG org.hibernate.loader.plan.build.internal.spaces.QuerySpacesImpl - Adding QuerySpace : uid = <gen:1> -> org.hibernate.loader.plan.build.internal.spaces.CollectionQuerySpaceImpl@d25e878]
11:19:05.579 [main] DEBUG org.hibernate.loader.plan.build.internal.spaces.QuerySpacesImpl - Adding QuerySpace : uid = <gen:2> -> org.hibernate.loader.plan.build.internal.spaces.EntityQuerySpaceImpl@47187f50]
11:19:05.579 [main] DEBUG org.hibernate.persister.walking.spi.MetamodelGraphWalker - Visiting attribute path : surname
11:19:05.580 [main] DEBUG org.hibernate.persister.walking.spi.MetamodelGraphWalker - Visiting attribute path : region
11:19:05.580 [main] DEBUG org.hibernate.loader.plan.build.internal.FetchStyleLoadPlanBuildingAssociationVisitationStrategy - Building LoadPlan...
11:19:05.580 [main] DEBUG org.hibernate.loader.plan.exec.internal.LoadQueryJoinAndFetchProcessor - processing queryspace <gen:0>
11:19:05.581 [main] DEBUG org.hibernate.loader.plan.build.spi.LoadPlanTreePrinter - LoadPlan(entity=org.reverside.bootcamp.ubereats.dto.Admin)
    - Returns
       - EntityReturnImpl(entity=org.reverside.bootcamp.ubereats.dto.Admin, querySpaceUid=<gen:0>, path=org.reverside.bootcamp.ubereats.dto.Admin)
          - CollectionAttributeFetchImpl(collection=org.reverside.bootcamp.ubereats.dto.User.roles, querySpaceUid=<gen:1>, path=org.reverside.bootcamp.ubereats.dto.Admin.roles)
             - (collection element) CollectionFetchableElementEntityGraph(entity=org.reverside.bootcamp.ubereats.dto.Role, querySpaceUid=<gen:2>, path=org.reverside.bootcamp.ubereats.dto.Admin.roles.<elements>)
    - QuerySpaces
       - EntityQuerySpaceImpl(uid=<gen:0>, entity=org.reverside.bootcamp.ubereats.dto.Admin)
          - SQL table alias mapping - admin0_
          - alias suffix - 0_
          - suffixed key columns - {email2_3_0_}

11:19:05.581 [main] DEBUG org.hibernate.loader.entity.plan.EntityLoader - Static select for entity org.reverside.bootcamp.ubereats.dto.Admin [FORCE]: select admin0_.email as email2_3_0_, admin0_.account_id as account_3_3_0_, admin0_.is_active as is_activ4_3_0_, admin0_.enabled as enabled5_3_0_, admin0_.name as name6_3_0_, admin0_.phone_num as phone_nu7_3_0_, admin0_.recovery_question as recovery8_3_0_, admin0_.surname as surname9_3_0_, admin0_.region as region10_3_0_ from User admin0_ where admin0_.email=? and admin0_.DTYPE='Admin' for update
11:19:05.581 [main] DEBUG org.hibernate.loader.plan.build.internal.spaces.QuerySpacesImpl - Adding QuerySpace : uid = <gen:0> -> org.hibernate.loader.plan.build.internal.spaces.EntityQuerySpaceImpl@78116659]
11:19:05.582 [main] DEBUG org.hibernate.persister.walking.spi.MetamodelGraphWalker - Visiting attribute path : accountId
11:19:05.582 [main] DEBUG org.hibernate.persister.walking.spi.MetamodelGraphWalker - Visiting attribute path : active
11:19:05.582 [main] DEBUG org.hibernate.persister.walking.spi.MetamodelGraphWalker - Visiting attribute path : enabled
11:19:05.582 [main] DEBUG org.hibernate.persister.walking.spi.MetamodelGraphWalker - Visiting attribute path : name
11:19:05.582 [main] DEBUG org.hibernate.persister.walking.spi.MetamodelGraphWalker - Visiting attribute path : phoneNum
11:19:05.582 [main] DEBUG org.hibernate.persister.walking.spi.MetamodelGraphWalker - Visiting attribute path : recovery_question
11:19:05.583 [main] DEBUG org.hibernate.persister.walking.spi.MetamodelGraphWalker - Visiting attribute path : roles
11:19:05.583 [main] DEBUG org.hibernate.loader.plan.build.internal.spaces.QuerySpacesImpl - Adding QuerySpace : uid = <gen:1> -> org.hibernate.loader.plan.build.internal.spaces.CollectionQuerySpaceImpl@53ea380b]
11:19:05.583 [main] DEBUG org.hibernate.loader.plan.build.internal.spaces.QuerySpacesImpl - Adding QuerySpace : uid = <gen:2> -> org.hibernate.loader.plan.build.internal.spaces.EntityQuerySpaceImpl@578c3fd9]
11:19:05.584 [main] DEBUG org.hibernate.persister.walking.spi.MetamodelGraphWalker - Visiting attribute path : surname
11:19:05.584 [main] DEBUG org.hibernate.persister.walking.spi.MetamodelGraphWalker - Visiting attribute path : region
11:19:05.587 [main] DEBUG org.hibernate.loader.plan.build.internal.FetchStyleLoadPlanBuildingAssociationVisitationStrategy - Building LoadPlan...
11:19:05.587 [main] DEBUG org.hibernate.loader.plan.exec.internal.LoadQueryJoinAndFetchProcessor - processing queryspace <gen:0>
11:19:05.588 [main] DEBUG org.hibernate.loader.plan.build.spi.LoadPlanTreePrinter - LoadPlan(entity=org.reverside.bootcamp.ubereats.dto.Admin)
    - Returns
       - EntityReturnImpl(entity=org.reverside.bootcamp.ubereats.dto.Admin, querySpaceUid=<gen:0>, path=org.reverside.bootcamp.ubereats.dto.Admin)
          - CollectionAttributeFetchImpl(collection=org.reverside.bootcamp.ubereats.dto.User.roles, querySpaceUid=<gen:1>, path=org.reverside.bootcamp.ubereats.dto.Admin.roles)
             - (collection element) CollectionFetchableElementEntityGraph(entity=org.reverside.bootcamp.ubereats.dto.Role, querySpaceUid=<gen:2>, path=org.reverside.bootcamp.ubereats.dto.Admin.roles.<elements>)
    - QuerySpaces
       - EntityQuerySpaceImpl(uid=<gen:0>, entity=org.reverside.bootcamp.ubereats.dto.Admin)
          - SQL table alias mapping - admin0_
          - alias suffix - 0_
          - suffixed key columns - {email2_3_0_}

11:19:05.588 [main] DEBUG org.hibernate.loader.entity.plan.EntityLoader - Static select for entity org.reverside.bootcamp.ubereats.dto.Admin [PESSIMISTIC_READ]: select admin0_.email as email2_3_0_, admin0_.account_id as account_3_3_0_, admin0_.is_active as is_activ4_3_0_, admin0_.enabled as enabled5_3_0_, admin0_.name as name6_3_0_, admin0_.phone_num as phone_nu7_3_0_, admin0_.recovery_question as recovery8_3_0_, admin0_.surname as surname9_3_0_, admin0_.region as region10_3_0_ from User admin0_ where admin0_.email=? and admin0_.DTYPE='Admin' for update
11:19:05.589 [main] DEBUG org.hibernate.loader.plan.build.internal.spaces.QuerySpacesImpl - Adding QuerySpace : uid = <gen:0> -> org.hibernate.loader.plan.build.internal.spaces.EntityQuerySpaceImpl@245cb8df]
11:19:05.589 [main] DEBUG org.hibernate.persister.walking.spi.MetamodelGraphWalker - Visiting attribute path : accountId
11:19:05.589 [main] DEBUG org.hibernate.persister.walking.spi.MetamodelGraphWalker - Visiting attribute path : active
11:19:05.590 [main] DEBUG org.hibernate.persister.walking.spi.MetamodelGraphWalker - Visiting attribute path : enabled
11:19:05.590 [main] DEBUG org.hibernate.persister.walking.spi.MetamodelGraphWalker - Visiting attribute path : name
11:19:05.590 [main] DEBUG org.hibernate.persister.walking.spi.MetamodelGraphWalker - Visiting attribute path : phoneNum
11:19:05.590 [main] DEBUG org.hibernate.persister.walking.spi.MetamodelGraphWalker - Visiting attribute path : recovery_question
11:19:05.590 [main] DEBUG org.hibernate.persister.walking.spi.MetamodelGraphWalker - Visiting attribute path : roles
11:19:05.590 [main] DEBUG org.hibernate.loader.plan.build.internal.spaces.QuerySpacesImpl - Adding QuerySpace : uid = <gen:1> -> org.hibernate.loader.plan.build.internal.spaces.CollectionQuerySpaceImpl@241b971f]
11:19:05.591 [main] DEBUG org.hibernate.loader.plan.build.internal.spaces.QuerySpacesImpl - Adding QuerySpace : uid = <gen:2> -> org.hibernate.loader.plan.build.internal.spaces.EntityQuerySpaceImpl@125f16b2]
11:19:05.591 [main] DEBUG org.hibernate.persister.walking.spi.MetamodelGraphWalker - Visiting attribute path : surname
11:19:05.591 [main] DEBUG org.hibernate.persister.walking.spi.MetamodelGraphWalker - Visiting attribute path : region
11:19:05.591 [main] DEBUG org.hibernate.loader.plan.build.internal.FetchStyleLoadPlanBuildingAssociationVisitationStrategy - Building LoadPlan...
11:19:05.592 [main] DEBUG org.hibernate.loader.plan.exec.internal.LoadQueryJoinAndFetchProcessor - processing queryspace <gen:0>
11:19:05.592 [main] DEBUG org.hibernate.loader.plan.build.spi.LoadPlanTreePrinter - LoadPlan(entity=org.reverside.bootcamp.ubereats.dto.Admin)
    - Returns
       - EntityReturnImpl(entity=org.reverside.bootcamp.ubereats.dto.Admin, querySpaceUid=<gen:0>, path=org.reverside.bootcamp.ubereats.dto.Admin)
          - CollectionAttributeFetchImpl(collection=org.reverside.bootcamp.ubereats.dto.User.roles, querySpaceUid=<gen:1>, path=org.reverside.bootcamp.ubereats.dto.Admin.roles)
             - (collection element) CollectionFetchableElementEntityGraph(entity=org.reverside.bootcamp.ubereats.dto.Role, querySpaceUid=<gen:2>, path=org.reverside.bootcamp.ubereats.dto.Admin.roles.<elements>)
    - QuerySpaces
       - EntityQuerySpaceImpl(uid=<gen:0>, entity=org.reverside.bootcamp.ubereats.dto.Admin)
          - SQL table alias mapping - admin0_
          - alias suffix - 0_
          - suffixed key columns - {email2_3_0_}

11:19:05.593 [main] DEBUG org.hibernate.loader.entity.plan.EntityLoader - Static select for entity org.reverside.bootcamp.ubereats.dto.Admin [PESSIMISTIC_WRITE]: select admin0_.email as email2_3_0_, admin0_.account_id as account_3_3_0_, admin0_.is_active as is_activ4_3_0_, admin0_.enabled as enabled5_3_0_, admin0_.name as name6_3_0_, admin0_.phone_num as phone_nu7_3_0_, admin0_.recovery_question as recovery8_3_0_, admin0_.surname as surname9_3_0_, admin0_.region as region10_3_0_ from User admin0_ where admin0_.email=? and admin0_.DTYPE='Admin' for update
11:19:05.593 [main] DEBUG org.hibernate.loader.plan.build.internal.spaces.QuerySpacesImpl - Adding QuerySpace : uid = <gen:0> -> org.hibernate.loader.plan.build.internal.spaces.EntityQuerySpaceImpl@5384ce66]
11:19:05.594 [main] DEBUG org.hibernate.persister.walking.spi.MetamodelGraphWalker - Visiting attribute path : accountId
11:19:05.595 [main] DEBUG org.hibernate.persister.walking.spi.MetamodelGraphWalker - Visiting attribute path : active
11:19:05.595 [main] DEBUG org.hibernate.persister.walking.spi.MetamodelGraphWalker - Visiting attribute path : enabled
11:19:05.595 [main] DEBUG org.hibernate.persister.walking.spi.MetamodelGraphWalker - Visiting attribute path : name
11:19:05.595 [main] DEBUG org.hibernate.persister.walking.spi.MetamodelGraphWalker - Visiting attribute path : phoneNum
11:19:05.595 [main] DEBUG org.hibernate.persister.walking.spi.MetamodelGraphWalker - Visiting attribute path : recovery_question
11:19:05.595 [main] DEBUG org.hibernate.persister.walking.spi.MetamodelGraphWalker - Visiting attribute path : roles
11:19:05.596 [main] DEBUG org.hibernate.loader.plan.build.internal.spaces.QuerySpacesImpl - Adding QuerySpace : uid = <gen:1> -> org.hibernate.loader.plan.build.internal.spaces.CollectionQuerySpaceImpl@13192275]
11:19:05.596 [main] DEBUG org.hibernate.loader.plan.build.internal.spaces.QuerySpacesImpl - Adding QuerySpace : uid = <gen:2> -> org.hibernate.loader.plan.build.internal.spaces.EntityQuerySpaceImpl@79195c22]
11:19:05.596 [main] DEBUG org.hibernate.persister.walking.spi.MetamodelGraphWalker - Visiting attribute path : surname
11:19:05.596 [main] DEBUG org.hibernate.persister.walking.spi.MetamodelGraphWalker - Visiting attribute path : region
11:19:05.596 [main] DEBUG org.hibernate.loader.plan.build.internal.FetchStyleLoadPlanBuildingAssociationVisitationStrategy - Building LoadPlan...
11:19:05.597 [main] DEBUG org.hibernate.loader.plan.exec.internal.LoadQueryJoinAndFetchProcessor - processing queryspace <gen:0>
11:19:05.598 [main] DEBUG org.hibernate.loader.plan.build.spi.LoadPlanTreePrinter - LoadPlan(entity=org.reverside.bootcamp.ubereats.dto.Admin)
    - Returns
       - EntityReturnImpl(entity=org.reverside.bootcamp.ubereats.dto.Admin, querySpaceUid=<gen:0>, path=org.reverside.bootcamp.ubereats.dto.Admin)
          - CollectionAttributeFetchImpl(collection=org.reverside.bootcamp.ubereats.dto.User.roles, querySpaceUid=<gen:1>, path=org.reverside.bootcamp.ubereats.dto.Admin.roles)
             - (collection element) CollectionFetchableElementEntityGraph(entity=org.reverside.bootcamp.ubereats.dto.Role, querySpaceUid=<gen:2>, path=org.reverside.bootcamp.ubereats.dto.Admin.roles.<elements>)
    - QuerySpaces
       - EntityQuerySpaceImpl(uid=<gen:0>, entity=org.reverside.bootcamp.ubereats.dto.Admin)
          - SQL table alias mapping - admin0_
          - alias suffix - 0_
          - suffixed key columns - {email2_3_0_}

11:19:05.598 [main] DEBUG org.hibernate.loader.entity.plan.EntityLoader - Static select for entity org.reverside.bootcamp.ubereats.dto.Admin [PESSIMISTIC_FORCE_INCREMENT]: select admin0_.email as email2_3_0_, admin0_.account_id as account_3_3_0_, admin0_.is_active as is_activ4_3_0_, admin0_.enabled as enabled5_3_0_, admin0_.name as name6_3_0_, admin0_.phone_num as phone_nu7_3_0_, admin0_.recovery_question as recovery8_3_0_, admin0_.surname as surname9_3_0_, admin0_.region as region10_3_0_ from User admin0_ where admin0_.email=? and admin0_.DTYPE='Admin' for update
11:19:05.599 [main] DEBUG org.hibernate.loader.plan.build.internal.spaces.QuerySpacesImpl - Adding QuerySpace : uid = <gen:0> -> org.hibernate.loader.plan.build.internal.spaces.EntityQuerySpaceImpl@c9b5a99]
11:19:05.599 [main] DEBUG org.hibernate.persister.walking.spi.MetamodelGraphWalker - Visiting attribute path : accountId
11:19:05.599 [main] DEBUG org.hibernate.persister.walking.spi.MetamodelGraphWalker - Visiting attribute path : active
11:19:05.599 [main] DEBUG org.hibernate.persister.walking.spi.MetamodelGraphWalker - Visiting attribute path : enabled
11:19:05.599 [main] DEBUG org.hibernate.persister.walking.spi.MetamodelGraphWalker - Visiting attribute path : name
11:19:05.599 [main] DEBUG org.hibernate.persister.walking.spi.MetamodelGraphWalker - Visiting attribute path : phoneNum
11:19:05.599 [main] DEBUG org.hibernate.persister.walking.spi.MetamodelGraphWalker - Visiting attribute path : recovery_question
11:19:05.599 [main] DEBUG org.hibernate.persister.walking.spi.MetamodelGraphWalker - Visiting attribute path : roles
11:19:05.600 [main] DEBUG org.hibernate.loader.plan.build.internal.spaces.QuerySpacesImpl - Adding QuerySpace : uid = <gen:1> -> org.hibernate.loader.plan.build.internal.spaces.CollectionQuerySpaceImpl@2aee0704]
11:19:05.601 [main] DEBUG org.hibernate.loader.plan.build.internal.spaces.QuerySpacesImpl - Adding QuerySpace : uid = <gen:2> -> org.hibernate.loader.plan.build.internal.spaces.EntityQuerySpaceImpl@19a5b637]
11:19:05.601 [main] DEBUG org.hibernate.persister.walking.spi.MetamodelGraphWalker - Visiting attribute path : surname
11:19:05.601 [main] DEBUG org.hibernate.persister.walking.spi.MetamodelGraphWalker - Visiting attribute path : region
11:19:05.601 [main] DEBUG org.hibernate.loader.plan.build.internal.FetchStyleLoadPlanBuildingAssociationVisitationStrategy - Building LoadPlan...
11:19:05.602 [main] DEBUG org.hibernate.loader.plan.exec.internal.LoadQueryJoinAndFetchProcessor - processing queryspace <gen:0>
11:19:05.603 [main] DEBUG org.hibernate.loader.plan.build.spi.LoadPlanTreePrinter - LoadPlan(entity=org.reverside.bootcamp.ubereats.dto.Admin)
    - Returns
       - EntityReturnImpl(entity=org.reverside.bootcamp.ubereats.dto.Admin, querySpaceUid=<gen:0>, path=org.reverside.bootcamp.ubereats.dto.Admin)
          - CollectionAttributeFetchImpl(collection=org.reverside.bootcamp.ubereats.dto.User.roles, querySpaceUid=<gen:1>, path=org.reverside.bootcamp.ubereats.dto.Admin.roles)
             - (collection element) CollectionFetchableElementEntityGraph(entity=org.reverside.bootcamp.ubereats.dto.Role, querySpaceUid=<gen:2>, path=org.reverside.bootcamp.ubereats.dto.Admin.roles.<elements>)
    - QuerySpaces
       - EntityQuerySpaceImpl(uid=<gen:0>, entity=org.reverside.bootcamp.ubereats.dto.Admin)
          - SQL table alias mapping - admin0_
          - alias suffix - 0_
          - suffixed key columns - {email2_3_0_}

11:19:05.606 [main] DEBUG org.hibernate.loader.entity.plan.EntityLoader - Static select for entity org.reverside.bootcamp.ubereats.dto.Admin [OPTIMISTIC]: select admin0_.email as email2_3_0_, admin0_.account_id as account_3_3_0_, admin0_.is_active as is_activ4_3_0_, admin0_.enabled as enabled5_3_0_, admin0_.name as name6_3_0_, admin0_.phone_num as phone_nu7_3_0_, admin0_.recovery_question as recovery8_3_0_, admin0_.surname as surname9_3_0_, admin0_.region as region10_3_0_ from User admin0_ where admin0_.email=? and admin0_.DTYPE='Admin'
11:19:05.606 [main] DEBUG org.hibernate.loader.plan.build.internal.spaces.QuerySpacesImpl - Adding QuerySpace : uid = <gen:0> -> org.hibernate.loader.plan.build.internal.spaces.EntityQuerySpaceImpl@4f3c7808]
11:19:05.606 [main] DEBUG org.hibernate.persister.walking.spi.MetamodelGraphWalker - Visiting attribute path : accountId
11:19:05.606 [main] DEBUG org.hibernate.persister.walking.spi.MetamodelGraphWalker - Visiting attribute path : active
11:19:05.607 [main] DEBUG org.hibernate.persister.walking.spi.MetamodelGraphWalker - Visiting attribute path : enabled
11:19:05.607 [main] DEBUG org.hibernate.persister.walking.spi.MetamodelGraphWalker - Visiting attribute path : name
11:19:05.607 [main] DEBUG org.hibernate.persister.walking.spi.MetamodelGraphWalker - Visiting attribute path : phoneNum
11:19:05.607 [main] DEBUG org.hibernate.persister.walking.spi.MetamodelGraphWalker - Visiting attribute path : recovery_question
11:19:05.607 [main] DEBUG org.hibernate.persister.walking.spi.MetamodelGraphWalker - Visiting attribute path : roles
11:19:05.607 [main] DEBUG org.hibernate.loader.plan.build.internal.spaces.QuerySpacesImpl - Adding QuerySpace : uid = <gen:1> -> org.hibernate.loader.plan.build.internal.spaces.CollectionQuerySpaceImpl@11c581a0]
11:19:05.607 [main] DEBUG org.hibernate.loader.plan.build.internal.spaces.QuerySpacesImpl - Adding QuerySpace : uid = <gen:2> -> org.hibernate.loader.plan.build.internal.spaces.EntityQuerySpaceImpl@256589a1]
11:19:05.608 [main] DEBUG org.hibernate.persister.walking.spi.MetamodelGraphWalker - Visiting attribute path : surname
11:19:05.608 [main] DEBUG org.hibernate.persister.walking.spi.MetamodelGraphWalker - Visiting attribute path : region
11:19:05.609 [main] DEBUG org.hibernate.loader.plan.build.internal.FetchStyleLoadPlanBuildingAssociationVisitationStrategy - Building LoadPlan...
11:19:05.610 [main] DEBUG org.hibernate.loader.plan.exec.internal.LoadQueryJoinAndFetchProcessor - processing queryspace <gen:0>
11:19:05.610 [main] DEBUG org.hibernate.loader.plan.build.spi.LoadPlanTreePrinter - LoadPlan(entity=org.reverside.bootcamp.ubereats.dto.Admin)
    - Returns
       - EntityReturnImpl(entity=org.reverside.bootcamp.ubereats.dto.Admin, querySpaceUid=<gen:0>, path=org.reverside.bootcamp.ubereats.dto.Admin)
          - CollectionAttributeFetchImpl(collection=org.reverside.bootcamp.ubereats.dto.User.roles, querySpaceUid=<gen:1>, path=org.reverside.bootcamp.ubereats.dto.Admin.roles)
             - (collection element) CollectionFetchableElementEntityGraph(entity=org.reverside.bootcamp.ubereats.dto.Role, querySpaceUid=<gen:2>, path=org.reverside.bootcamp.ubereats.dto.Admin.roles.<elements>)
    - QuerySpaces
       - EntityQuerySpaceImpl(uid=<gen:0>, entity=org.reverside.bootcamp.ubereats.dto.Admin)
          - SQL table alias mapping - admin0_
          - alias suffix - 0_
          - suffixed key columns - {email2_3_0_}

11:19:05.612 [main] DEBUG org.hibernate.loader.entity.plan.EntityLoader - Static select for entity org.reverside.bootcamp.ubereats.dto.Admin [OPTIMISTIC_FORCE_INCREMENT]: select admin0_.email as email2_3_0_, admin0_.account_id as account_3_3_0_, admin0_.is_active as is_activ4_3_0_, admin0_.enabled as enabled5_3_0_, admin0_.name as name6_3_0_, admin0_.phone_num as phone_nu7_3_0_, admin0_.recovery_question as recovery8_3_0_, admin0_.surname as surname9_3_0_, admin0_.region as region10_3_0_ from User admin0_ where admin0_.email=? and admin0_.DTYPE='Admin'
11:19:05.613 [main] DEBUG org.hibernate.loader.Loader - Static select for action ACTION_MERGE on entity org.reverside.bootcamp.ubereats.dto.Admin: select admin0_.email as email2_3_1_, admin0_.account_id as account_3_3_1_, admin0_.is_active as is_activ4_3_1_, admin0_.enabled as enabled5_3_1_, admin0_.name as name6_3_1_, admin0_.phone_num as phone_nu7_3_1_, admin0_.recovery_question as recovery8_3_1_, admin0_.surname as surname9_3_1_, admin0_.region as region10_3_1_, roles1_.email as email1_4_3_, role2_.role_id as role_id2_4_3_, role2_.role_id as role_id1_2_0_, role2_.role as role2_2_0_ from User admin0_ left outer join user_role roles1_ on admin0_.email=roles1_.email left outer join Role role2_ on roles1_.role_id=role2_.role_id where admin0_.email=? and admin0_.DTYPE='Admin'
11:19:05.614 [main] DEBUG org.hibernate.loader.Loader - Static select for action ACTION_REFRESH on entity org.reverside.bootcamp.ubereats.dto.Admin: select admin0_.email as email2_3_1_, admin0_.account_id as account_3_3_1_, admin0_.is_active as is_activ4_3_1_, admin0_.enabled as enabled5_3_1_, admin0_.name as name6_3_1_, admin0_.phone_num as phone_nu7_3_1_, admin0_.recovery_question as recovery8_3_1_, admin0_.surname as surname9_3_1_, admin0_.region as region10_3_1_, roles1_.email as email1_4_3_, role2_.role_id as role_id2_4_3_, role2_.role_id as role_id1_2_0_, role2_.role as role2_2_0_ from User admin0_ left outer join user_role roles1_ on admin0_.email=roles1_.email left outer join Role role2_ on roles1_.role_id=role2_.role_id where admin0_.email=? and admin0_.DTYPE='Admin'
11:19:05.615 [main] DEBUG org.hibernate.persister.entity.AbstractEntityPersister - Static SQL for entity: org.reverside.bootcamp.ubereats.dto.Product
11:19:05.615 [main] DEBUG org.hibernate.persister.entity.AbstractEntityPersister -  Version select: select id from Product where id =?
11:19:05.615 [main] DEBUG org.hibernate.persister.entity.AbstractEntityPersister -  Snapshot select: select product_.id, product_.is_active as is_activ2_1_, product_.category_id as category3_1_, product_.code as code4_1_, product_.description as descript5_1_, product_.image_url as image_ur6_1_, product_.menu_id as menu_id7_1_, product_.name as name8_1_, product_.purchases as purchase9_1_, product_.unit_price as unit_pr10_1_, product_.views as views11_1_ from Product product_ where product_.id=?
11:19:05.616 [main] DEBUG org.hibernate.persister.entity.AbstractEntityPersister -  Insert 0: insert into Product (is_active, category_id, code, description, image_url, menu_id, name, purchases, unit_price, views, id) values (?, ?, ?, ?, ?, ?, ?, ?, ?, ?, ?)
11:19:05.616 [main] DEBUG org.hibernate.persister.entity.AbstractEntityPersister -  Update 0: update Product set is_active=?, category_id=?, code=?, description=?, image_url=?, menu_id=?, name=?, purchases=?, unit_price=?, views=? where id=?
11:19:05.616 [main] DEBUG org.hibernate.persister.entity.AbstractEntityPersister -  Delete 0: delete from Product where id=?
11:19:05.616 [main] DEBUG org.hibernate.persister.entity.AbstractEntityPersister -  Identity insert: insert into Product (id, is_active, category_id, code, description, image_url, menu_id, name, purchases, unit_price, views) values (null, ?, ?, ?, ?, ?, ?, ?, ?, ?, ?)
11:19:05.616 [main] DEBUG org.hibernate.loader.plan.build.internal.spaces.QuerySpacesImpl - Adding QuerySpace : uid = <gen:0> -> org.hibernate.loader.plan.build.internal.spaces.EntityQuerySpaceImpl@935493d]
11:19:05.617 [main] DEBUG org.hibernate.persister.walking.spi.MetamodelGraphWalker - Visiting attribute path : active
11:19:05.617 [main] DEBUG org.hibernate.persister.walking.spi.MetamodelGraphWalker - Visiting attribute path : categoryId
11:19:05.617 [main] DEBUG org.hibernate.persister.walking.spi.MetamodelGraphWalker - Visiting attribute path : code
11:19:05.617 [main] DEBUG org.hibernate.persister.walking.spi.MetamodelGraphWalker - Visiting attribute path : description
11:19:05.617 [main] DEBUG org.hibernate.persister.walking.spi.MetamodelGraphWalker - Visiting attribute path : imageUrl
11:19:05.617 [main] DEBUG org.hibernate.persister.walking.spi.MetamodelGraphWalker - Visiting attribute path : menuId
11:19:05.617 [main] DEBUG org.hibernate.persister.walking.spi.MetamodelGraphWalker - Visiting attribute path : name
11:19:05.618 [main] DEBUG org.hibernate.persister.walking.spi.MetamodelGraphWalker - Visiting attribute path : purchases
11:19:05.618 [main] DEBUG org.hibernate.persister.walking.spi.MetamodelGraphWalker - Visiting attribute path : unitPrice
11:19:05.618 [main] DEBUG org.hibernate.persister.walking.spi.MetamodelGraphWalker - Visiting attribute path : views
11:19:05.618 [main] DEBUG org.hibernate.loader.plan.build.internal.FetchStyleLoadPlanBuildingAssociationVisitationStrategy - Building LoadPlan...
11:19:05.619 [main] DEBUG org.hibernate.loader.plan.exec.internal.LoadQueryJoinAndFetchProcessor - processing queryspace <gen:0>
11:19:05.619 [main] DEBUG org.hibernate.loader.plan.build.spi.LoadPlanTreePrinter - LoadPlan(entity=org.reverside.bootcamp.ubereats.dto.Product)
    - Returns
       - EntityReturnImpl(entity=org.reverside.bootcamp.ubereats.dto.Product, querySpaceUid=<gen:0>, path=org.reverside.bootcamp.ubereats.dto.Product)
    - QuerySpaces
       - EntityQuerySpaceImpl(uid=<gen:0>, entity=org.reverside.bootcamp.ubereats.dto.Product)
          - SQL table alias mapping - product0_
          - alias suffix - 0_
          - suffixed key columns - {id1_1_0_}

11:19:05.620 [main] DEBUG org.hibernate.loader.entity.plan.EntityLoader - Static select for entity org.reverside.bootcamp.ubereats.dto.Product [NONE]: select product0_.id as id1_1_0_, product0_.is_active as is_activ2_1_0_, product0_.category_id as category3_1_0_, product0_.code as code4_1_0_, product0_.description as descript5_1_0_, product0_.image_url as image_ur6_1_0_, product0_.menu_id as menu_id7_1_0_, product0_.name as name8_1_0_, product0_.purchases as purchase9_1_0_, product0_.unit_price as unit_pr10_1_0_, product0_.views as views11_1_0_ from Product product0_ where product0_.id=?
11:19:05.620 [main] DEBUG org.hibernate.loader.plan.build.internal.spaces.QuerySpacesImpl - Adding QuerySpace : uid = <gen:0> -> org.hibernate.loader.plan.build.internal.spaces.EntityQuerySpaceImpl@34c62fdf]
11:19:05.620 [main] DEBUG org.hibernate.persister.walking.spi.MetamodelGraphWalker - Visiting attribute path : active
11:19:05.621 [main] DEBUG org.hibernate.persister.walking.spi.MetamodelGraphWalker - Visiting attribute path : categoryId
11:19:05.621 [main] DEBUG org.hibernate.persister.walking.spi.MetamodelGraphWalker - Visiting attribute path : code
11:19:05.621 [main] DEBUG org.hibernate.persister.walking.spi.MetamodelGraphWalker - Visiting attribute path : description
11:19:05.621 [main] DEBUG org.hibernate.persister.walking.spi.MetamodelGraphWalker - Visiting attribute path : imageUrl
11:19:05.621 [main] DEBUG org.hibernate.persister.walking.spi.MetamodelGraphWalker - Visiting attribute path : menuId
11:19:05.621 [main] DEBUG org.hibernate.persister.walking.spi.MetamodelGraphWalker - Visiting attribute path : name
11:19:05.621 [main] DEBUG org.hibernate.persister.walking.spi.MetamodelGraphWalker - Visiting attribute path : purchases
11:19:05.622 [main] DEBUG org.hibernate.persister.walking.spi.MetamodelGraphWalker - Visiting attribute path : unitPrice
11:19:05.622 [main] DEBUG org.hibernate.persister.walking.spi.MetamodelGraphWalker - Visiting attribute path : views
11:19:05.622 [main] DEBUG org.hibernate.loader.plan.build.internal.FetchStyleLoadPlanBuildingAssociationVisitationStrategy - Building LoadPlan...
11:19:05.622 [main] DEBUG org.hibernate.loader.plan.exec.internal.LoadQueryJoinAndFetchProcessor - processing queryspace <gen:0>
11:19:05.623 [main] DEBUG org.hibernate.loader.plan.build.spi.LoadPlanTreePrinter - LoadPlan(entity=org.reverside.bootcamp.ubereats.dto.Product)
    - Returns
       - EntityReturnImpl(entity=org.reverside.bootcamp.ubereats.dto.Product, querySpaceUid=<gen:0>, path=org.reverside.bootcamp.ubereats.dto.Product)
    - QuerySpaces
       - EntityQuerySpaceImpl(uid=<gen:0>, entity=org.reverside.bootcamp.ubereats.dto.Product)
          - SQL table alias mapping - product0_
          - alias suffix - 0_
          - suffixed key columns - {id1_1_0_}

11:19:05.623 [main] DEBUG org.hibernate.loader.entity.plan.EntityLoader - Static select for entity org.reverside.bootcamp.ubereats.dto.Product [READ]: select product0_.id as id1_1_0_, product0_.is_active as is_activ2_1_0_, product0_.category_id as category3_1_0_, product0_.code as code4_1_0_, product0_.description as descript5_1_0_, product0_.image_url as image_ur6_1_0_, product0_.menu_id as menu_id7_1_0_, product0_.name as name8_1_0_, product0_.purchases as purchase9_1_0_, product0_.unit_price as unit_pr10_1_0_, product0_.views as views11_1_0_ from Product product0_ where product0_.id=?
11:19:05.624 [main] DEBUG org.hibernate.loader.plan.build.internal.spaces.QuerySpacesImpl - Adding QuerySpace : uid = <gen:0> -> org.hibernate.loader.plan.build.internal.spaces.EntityQuerySpaceImpl@1eb85a47]
11:19:05.624 [main] DEBUG org.hibernate.persister.walking.spi.MetamodelGraphWalker - Visiting attribute path : active
11:19:05.625 [main] DEBUG org.hibernate.persister.walking.spi.MetamodelGraphWalker - Visiting attribute path : categoryId
11:19:05.625 [main] DEBUG org.hibernate.persister.walking.spi.MetamodelGraphWalker - Visiting attribute path : code
11:19:05.625 [main] DEBUG org.hibernate.persister.walking.spi.MetamodelGraphWalker - Visiting attribute path : description
11:19:05.625 [main] DEBUG org.hibernate.persister.walking.spi.MetamodelGraphWalker - Visiting attribute path : imageUrl
11:19:05.625 [main] DEBUG org.hibernate.persister.walking.spi.MetamodelGraphWalker - Visiting attribute path : menuId
11:19:05.626 [main] DEBUG org.hibernate.persister.walking.spi.MetamodelGraphWalker - Visiting attribute path : name
11:19:05.626 [main] DEBUG org.hibernate.persister.walking.spi.MetamodelGraphWalker - Visiting attribute path : purchases
11:19:05.626 [main] DEBUG org.hibernate.persister.walking.spi.MetamodelGraphWalker - Visiting attribute path : unitPrice
11:19:05.626 [main] DEBUG org.hibernate.persister.walking.spi.MetamodelGraphWalker - Visiting attribute path : views
11:19:05.628 [main] DEBUG org.hibernate.loader.plan.build.internal.FetchStyleLoadPlanBuildingAssociationVisitationStrategy - Building LoadPlan...
11:19:05.749 [main] DEBUG org.hibernate.loader.plan.exec.internal.LoadQueryJoinAndFetchProcessor - processing queryspace <gen:0>
11:19:05.752 [main] DEBUG org.hibernate.loader.plan.build.spi.LoadPlanTreePrinter - LoadPlan(entity=org.reverside.bootcamp.ubereats.dto.Product)
    - Returns
       - EntityReturnImpl(entity=org.reverside.bootcamp.ubereats.dto.Product, querySpaceUid=<gen:0>, path=org.reverside.bootcamp.ubereats.dto.Product)
    - QuerySpaces
       - EntityQuerySpaceImpl(uid=<gen:0>, entity=org.reverside.bootcamp.ubereats.dto.Product)
          - SQL table alias mapping - product0_
          - alias suffix - 0_
          - suffixed key columns - {id1_1_0_}

11:19:05.755 [main] DEBUG org.hibernate.loader.entity.plan.EntityLoader - Static select for entity org.reverside.bootcamp.ubereats.dto.Product [UPGRADE]: select product0_.id as id1_1_0_, product0_.is_active as is_activ2_1_0_, product0_.category_id as category3_1_0_, product0_.code as code4_1_0_, product0_.description as descript5_1_0_, product0_.image_url as image_ur6_1_0_, product0_.menu_id as menu_id7_1_0_, product0_.name as name8_1_0_, product0_.purchases as purchase9_1_0_, product0_.unit_price as unit_pr10_1_0_, product0_.views as views11_1_0_ from Product product0_ where product0_.id=? for update
11:19:05.758 [main] DEBUG org.hibernate.loader.plan.build.internal.spaces.QuerySpacesImpl - Adding QuerySpace : uid = <gen:0> -> org.hibernate.loader.plan.build.internal.spaces.EntityQuerySpaceImpl@99a8de3]
11:19:05.760 [main] DEBUG org.hibernate.persister.walking.spi.MetamodelGraphWalker - Visiting attribute path : active
11:19:05.763 [main] DEBUG org.hibernate.persister.walking.spi.MetamodelGraphWalker - Visiting attribute path : categoryId
11:19:05.765 [main] DEBUG org.hibernate.persister.walking.spi.MetamodelGraphWalker - Visiting attribute path : code
11:19:05.768 [main] DEBUG org.hibernate.persister.walking.spi.MetamodelGraphWalker - Visiting attribute path : description
11:19:05.770 [main] DEBUG org.hibernate.persister.walking.spi.MetamodelGraphWalker - Visiting attribute path : imageUrl
11:19:05.773 [main] DEBUG org.hibernate.persister.walking.spi.MetamodelGraphWalker - Visiting attribute path : menuId
11:19:05.775 [main] DEBUG org.hibernate.persister.walking.spi.MetamodelGraphWalker - Visiting attribute path : name
11:19:05.778 [main] DEBUG org.hibernate.persister.walking.spi.MetamodelGraphWalker - Visiting attribute path : purchases
11:19:05.780 [main] DEBUG org.hibernate.persister.walking.spi.MetamodelGraphWalker - Visiting attribute path : unitPrice
11:19:05.783 [main] DEBUG org.hibernate.persister.walking.spi.MetamodelGraphWalker - Visiting attribute path : views
11:19:05.786 [main] DEBUG org.hibernate.loader.plan.build.internal.FetchStyleLoadPlanBuildingAssociationVisitationStrategy - Building LoadPlan...
11:19:05.788 [main] DEBUG org.hibernate.loader.plan.exec.internal.LoadQueryJoinAndFetchProcessor - processing queryspace <gen:0>
11:19:05.791 [main] DEBUG org.hibernate.loader.plan.build.spi.LoadPlanTreePrinter - LoadPlan(entity=org.reverside.bootcamp.ubereats.dto.Product)
    - Returns
       - EntityReturnImpl(entity=org.reverside.bootcamp.ubereats.dto.Product, querySpaceUid=<gen:0>, path=org.reverside.bootcamp.ubereats.dto.Product)
    - QuerySpaces
       - EntityQuerySpaceImpl(uid=<gen:0>, entity=org.reverside.bootcamp.ubereats.dto.Product)
          - SQL table alias mapping - product0_
          - alias suffix - 0_
          - suffixed key columns - {id1_1_0_}

11:19:05.794 [main] DEBUG org.hibernate.loader.entity.plan.EntityLoader - Static select for entity org.reverside.bootcamp.ubereats.dto.Product [UPGRADE_NOWAIT]: select product0_.id as id1_1_0_, product0_.is_active as is_activ2_1_0_, product0_.category_id as category3_1_0_, product0_.code as code4_1_0_, product0_.description as descript5_1_0_, product0_.image_url as image_ur6_1_0_, product0_.menu_id as menu_id7_1_0_, product0_.name as name8_1_0_, product0_.purchases as purchase9_1_0_, product0_.unit_price as unit_pr10_1_0_, product0_.views as views11_1_0_ from Product product0_ where product0_.id=? for update
11:19:05.797 [main] DEBUG org.hibernate.loader.plan.build.internal.spaces.QuerySpacesImpl - Adding QuerySpace : uid = <gen:0> -> org.hibernate.loader.plan.build.internal.spaces.EntityQuerySpaceImpl@54495935]
11:19:05.801 [main] DEBUG org.hibernate.persister.walking.spi.MetamodelGraphWalker - Visiting attribute path : active
11:19:05.808 [main] DEBUG org.hibernate.persister.walking.spi.MetamodelGraphWalker - Visiting attribute path : categoryId
11:19:05.808 [main] DEBUG org.hibernate.persister.walking.spi.MetamodelGraphWalker - Visiting attribute path : code
11:19:05.808 [main] DEBUG org.hibernate.persister.walking.spi.MetamodelGraphWalker - Visiting attribute path : description
11:19:05.808 [main] DEBUG org.hibernate.persister.walking.spi.MetamodelGraphWalker - Visiting attribute path : imageUrl
11:19:05.808 [main] DEBUG org.hibernate.persister.walking.spi.MetamodelGraphWalker - Visiting attribute path : menuId
11:19:05.808 [main] DEBUG org.hibernate.persister.walking.spi.MetamodelGraphWalker - Visiting attribute path : name
11:19:05.808 [main] DEBUG org.hibernate.persister.walking.spi.MetamodelGraphWalker - Visiting attribute path : purchases
11:19:05.808 [main] DEBUG org.hibernate.persister.walking.spi.MetamodelGraphWalker - Visiting attribute path : unitPrice
11:19:05.808 [main] DEBUG org.hibernate.persister.walking.spi.MetamodelGraphWalker - Visiting attribute path : views
11:19:05.809 [main] DEBUG org.hibernate.loader.plan.build.internal.FetchStyleLoadPlanBuildingAssociationVisitationStrategy - Building LoadPlan...
11:19:05.809 [main] DEBUG org.hibernate.loader.plan.exec.internal.LoadQueryJoinAndFetchProcessor - processing queryspace <gen:0>
11:19:05.809 [main] DEBUG org.hibernate.loader.plan.build.spi.LoadPlanTreePrinter - LoadPlan(entity=org.reverside.bootcamp.ubereats.dto.Product)
    - Returns
       - EntityReturnImpl(entity=org.reverside.bootcamp.ubereats.dto.Product, querySpaceUid=<gen:0>, path=org.reverside.bootcamp.ubereats.dto.Product)
    - QuerySpaces
       - EntityQuerySpaceImpl(uid=<gen:0>, entity=org.reverside.bootcamp.ubereats.dto.Product)
          - SQL table alias mapping - product0_
          - alias suffix - 0_
          - suffixed key columns - {id1_1_0_}

11:19:05.810 [main] DEBUG org.hibernate.loader.entity.plan.EntityLoader - Static select for entity org.reverside.bootcamp.ubereats.dto.Product [UPGRADE_SKIPLOCKED]: select product0_.id as id1_1_0_, product0_.is_active as is_activ2_1_0_, product0_.category_id as category3_1_0_, product0_.code as code4_1_0_, product0_.description as descript5_1_0_, product0_.image_url as image_ur6_1_0_, product0_.menu_id as menu_id7_1_0_, product0_.name as name8_1_0_, product0_.purchases as purchase9_1_0_, product0_.unit_price as unit_pr10_1_0_, product0_.views as views11_1_0_ from Product product0_ where product0_.id=? for update
11:19:05.810 [main] DEBUG org.hibernate.loader.plan.build.internal.spaces.QuerySpacesImpl - Adding QuerySpace : uid = <gen:0> -> org.hibernate.loader.plan.build.internal.spaces.EntityQuerySpaceImpl@3a6e9856]
11:19:05.810 [main] DEBUG org.hibernate.persister.walking.spi.MetamodelGraphWalker - Visiting attribute path : active
11:19:05.810 [main] DEBUG org.hibernate.persister.walking.spi.MetamodelGraphWalker - Visiting attribute path : categoryId
11:19:05.811 [main] DEBUG org.hibernate.persister.walking.spi.MetamodelGraphWalker - Visiting attribute path : code
11:19:05.811 [main] DEBUG org.hibernate.persister.walking.spi.MetamodelGraphWalker - Visiting attribute path : description
11:19:05.811 [main] DEBUG org.hibernate.persister.walking.spi.MetamodelGraphWalker - Visiting attribute path : imageUrl
11:19:05.811 [main] DEBUG org.hibernate.persister.walking.spi.MetamodelGraphWalker - Visiting attribute path : menuId
11:19:05.811 [main] DEBUG org.hibernate.persister.walking.spi.MetamodelGraphWalker - Visiting attribute path : name
11:19:05.811 [main] DEBUG org.hibernate.persister.walking.spi.MetamodelGraphWalker - Visiting attribute path : purchases
11:19:05.811 [main] DEBUG org.hibernate.persister.walking.spi.MetamodelGraphWalker - Visiting attribute path : unitPrice
11:19:05.811 [main] DEBUG org.hibernate.persister.walking.spi.MetamodelGraphWalker - Visiting attribute path : views
11:19:05.812 [main] DEBUG org.hibernate.loader.plan.build.internal.FetchStyleLoadPlanBuildingAssociationVisitationStrategy - Building LoadPlan...
11:19:05.812 [main] DEBUG org.hibernate.loader.plan.exec.internal.LoadQueryJoinAndFetchProcessor - processing queryspace <gen:0>
11:19:05.812 [main] DEBUG org.hibernate.loader.plan.build.spi.LoadPlanTreePrinter - LoadPlan(entity=org.reverside.bootcamp.ubereats.dto.Product)
    - Returns
       - EntityReturnImpl(entity=org.reverside.bootcamp.ubereats.dto.Product, querySpaceUid=<gen:0>, path=org.reverside.bootcamp.ubereats.dto.Product)
    - QuerySpaces
       - EntityQuerySpaceImpl(uid=<gen:0>, entity=org.reverside.bootcamp.ubereats.dto.Product)
          - SQL table alias mapping - product0_
          - alias suffix - 0_
          - suffixed key columns - {id1_1_0_}

11:19:05.812 [main] DEBUG org.hibernate.loader.entity.plan.EntityLoader - Static select for entity org.reverside.bootcamp.ubereats.dto.Product [FORCE]: select product0_.id as id1_1_0_, product0_.is_active as is_activ2_1_0_, product0_.category_id as category3_1_0_, product0_.code as code4_1_0_, product0_.description as descript5_1_0_, product0_.image_url as image_ur6_1_0_, product0_.menu_id as menu_id7_1_0_, product0_.name as name8_1_0_, product0_.purchases as purchase9_1_0_, product0_.unit_price as unit_pr10_1_0_, product0_.views as views11_1_0_ from Product product0_ where product0_.id=? for update
11:19:05.813 [main] DEBUG org.hibernate.loader.plan.build.internal.spaces.QuerySpacesImpl - Adding QuerySpace : uid = <gen:0> -> org.hibernate.loader.plan.build.internal.spaces.EntityQuerySpaceImpl@56fda064]
11:19:05.813 [main] DEBUG org.hibernate.persister.walking.spi.MetamodelGraphWalker - Visiting attribute path : active
11:19:05.814 [main] DEBUG org.hibernate.persister.walking.spi.MetamodelGraphWalker - Visiting attribute path : categoryId
11:19:05.814 [main] DEBUG org.hibernate.persister.walking.spi.MetamodelGraphWalker - Visiting attribute path : code
11:19:05.815 [main] DEBUG org.hibernate.persister.walking.spi.MetamodelGraphWalker - Visiting attribute path : description
11:19:05.815 [main] DEBUG org.hibernate.persister.walking.spi.MetamodelGraphWalker - Visiting attribute path : imageUrl
11:19:05.815 [main] DEBUG org.hibernate.persister.walking.spi.MetamodelGraphWalker - Visiting attribute path : menuId
11:19:05.815 [main] DEBUG org.hibernate.persister.walking.spi.MetamodelGraphWalker - Visiting attribute path : name
11:19:05.815 [main] DEBUG org.hibernate.persister.walking.spi.MetamodelGraphWalker - Visiting attribute path : purchases
11:19:05.815 [main] DEBUG org.hibernate.persister.walking.spi.MetamodelGraphWalker - Visiting attribute path : unitPrice
11:19:05.815 [main] DEBUG org.hibernate.persister.walking.spi.MetamodelGraphWalker - Visiting attribute path : views
11:19:05.815 [main] DEBUG org.hibernate.loader.plan.build.internal.FetchStyleLoadPlanBuildingAssociationVisitationStrategy - Building LoadPlan...
11:19:05.816 [main] DEBUG org.hibernate.loader.plan.exec.internal.LoadQueryJoinAndFetchProcessor - processing queryspace <gen:0>
11:19:05.816 [main] DEBUG org.hibernate.loader.plan.build.spi.LoadPlanTreePrinter - LoadPlan(entity=org.reverside.bootcamp.ubereats.dto.Product)
    - Returns
       - EntityReturnImpl(entity=org.reverside.bootcamp.ubereats.dto.Product, querySpaceUid=<gen:0>, path=org.reverside.bootcamp.ubereats.dto.Product)
    - QuerySpaces
       - EntityQuerySpaceImpl(uid=<gen:0>, entity=org.reverside.bootcamp.ubereats.dto.Product)
          - SQL table alias mapping - product0_
          - alias suffix - 0_
          - suffixed key columns - {id1_1_0_}

11:19:05.817 [main] DEBUG org.hibernate.loader.entity.plan.EntityLoader - Static select for entity org.reverside.bootcamp.ubereats.dto.Product [PESSIMISTIC_READ]: select product0_.id as id1_1_0_, product0_.is_active as is_activ2_1_0_, product0_.category_id as category3_1_0_, product0_.code as code4_1_0_, product0_.description as descript5_1_0_, product0_.image_url as image_ur6_1_0_, product0_.menu_id as menu_id7_1_0_, product0_.name as name8_1_0_, product0_.purchases as purchase9_1_0_, product0_.unit_price as unit_pr10_1_0_, product0_.views as views11_1_0_ from Product product0_ where product0_.id=? for update
11:19:05.819 [main] DEBUG org.hibernate.loader.plan.build.internal.spaces.QuerySpacesImpl - Adding QuerySpace : uid = <gen:0> -> org.hibernate.loader.plan.build.internal.spaces.EntityQuerySpaceImpl@482f7af0]
11:19:05.820 [main] DEBUG org.hibernate.persister.walking.spi.MetamodelGraphWalker - Visiting attribute path : active
11:19:05.820 [main] DEBUG org.hibernate.persister.walking.spi.MetamodelGraphWalker - Visiting attribute path : categoryId
11:19:05.820 [main] DEBUG org.hibernate.persister.walking.spi.MetamodelGraphWalker - Visiting attribute path : code
11:19:05.820 [main] DEBUG org.hibernate.persister.walking.spi.MetamodelGraphWalker - Visiting attribute path : description
11:19:05.820 [main] DEBUG org.hibernate.persister.walking.spi.MetamodelGraphWalker - Visiting attribute path : imageUrl
11:19:05.820 [main] DEBUG org.hibernate.persister.walking.spi.MetamodelGraphWalker - Visiting attribute path : menuId
11:19:05.821 [main] DEBUG org.hibernate.persister.walking.spi.MetamodelGraphWalker - Visiting attribute path : name
11:19:05.821 [main] DEBUG org.hibernate.persister.walking.spi.MetamodelGraphWalker - Visiting attribute path : purchases
11:19:05.821 [main] DEBUG org.hibernate.persister.walking.spi.MetamodelGraphWalker - Visiting attribute path : unitPrice
11:19:05.821 [main] DEBUG org.hibernate.persister.walking.spi.MetamodelGraphWalker - Visiting attribute path : views
11:19:05.821 [main] DEBUG org.hibernate.loader.plan.build.internal.FetchStyleLoadPlanBuildingAssociationVisitationStrategy - Building LoadPlan...
11:19:05.822 [main] DEBUG org.hibernate.loader.plan.exec.internal.LoadQueryJoinAndFetchProcessor - processing queryspace <gen:0>
11:19:05.823 [main] DEBUG org.hibernate.loader.plan.build.spi.LoadPlanTreePrinter - LoadPlan(entity=org.reverside.bootcamp.ubereats.dto.Product)
    - Returns
       - EntityReturnImpl(entity=org.reverside.bootcamp.ubereats.dto.Product, querySpaceUid=<gen:0>, path=org.reverside.bootcamp.ubereats.dto.Product)
    - QuerySpaces
       - EntityQuerySpaceImpl(uid=<gen:0>, entity=org.reverside.bootcamp.ubereats.dto.Product)
          - SQL table alias mapping - product0_
          - alias suffix - 0_
          - suffixed key columns - {id1_1_0_}

11:19:05.823 [main] DEBUG org.hibernate.loader.entity.plan.EntityLoader - Static select for entity org.reverside.bootcamp.ubereats.dto.Product [PESSIMISTIC_WRITE]: select product0_.id as id1_1_0_, product0_.is_active as is_activ2_1_0_, product0_.category_id as category3_1_0_, product0_.code as code4_1_0_, product0_.description as descript5_1_0_, product0_.image_url as image_ur6_1_0_, product0_.menu_id as menu_id7_1_0_, product0_.name as name8_1_0_, product0_.purchases as purchase9_1_0_, product0_.unit_price as unit_pr10_1_0_, product0_.views as views11_1_0_ from Product product0_ where product0_.id=? for update
11:19:05.824 [main] DEBUG org.hibernate.loader.plan.build.internal.spaces.QuerySpacesImpl - Adding QuerySpace : uid = <gen:0> -> org.hibernate.loader.plan.build.internal.spaces.EntityQuerySpaceImpl@251a90ce]
11:19:05.824 [main] DEBUG org.hibernate.persister.walking.spi.MetamodelGraphWalker - Visiting attribute path : active
11:19:05.824 [main] DEBUG org.hibernate.persister.walking.spi.MetamodelGraphWalker - Visiting attribute path : categoryId
11:19:05.824 [main] DEBUG org.hibernate.persister.walking.spi.MetamodelGraphWalker - Visiting attribute path : code
11:19:05.824 [main] DEBUG org.hibernate.persister.walking.spi.MetamodelGraphWalker - Visiting attribute path : description
11:19:05.825 [main] DEBUG org.hibernate.persister.walking.spi.MetamodelGraphWalker - Visiting attribute path : imageUrl
11:19:05.825 [main] DEBUG org.hibernate.persister.walking.spi.MetamodelGraphWalker - Visiting attribute path : menuId
11:19:05.825 [main] DEBUG org.hibernate.persister.walking.spi.MetamodelGraphWalker - Visiting attribute path : name
11:19:05.825 [main] DEBUG org.hibernate.persister.walking.spi.MetamodelGraphWalker - Visiting attribute path : purchases
11:19:05.825 [main] DEBUG org.hibernate.persister.walking.spi.MetamodelGraphWalker - Visiting attribute path : unitPrice
11:19:05.825 [main] DEBUG org.hibernate.persister.walking.spi.MetamodelGraphWalker - Visiting attribute path : views
11:19:05.825 [main] DEBUG org.hibernate.loader.plan.build.internal.FetchStyleLoadPlanBuildingAssociationVisitationStrategy - Building LoadPlan...
11:19:05.826 [main] DEBUG org.hibernate.loader.plan.exec.internal.LoadQueryJoinAndFetchProcessor - processing queryspace <gen:0>
11:19:05.826 [main] DEBUG org.hibernate.loader.plan.build.spi.LoadPlanTreePrinter - LoadPlan(entity=org.reverside.bootcamp.ubereats.dto.Product)
    - Returns
       - EntityReturnImpl(entity=org.reverside.bootcamp.ubereats.dto.Product, querySpaceUid=<gen:0>, path=org.reverside.bootcamp.ubereats.dto.Product)
    - QuerySpaces
       - EntityQuerySpaceImpl(uid=<gen:0>, entity=org.reverside.bootcamp.ubereats.dto.Product)
          - SQL table alias mapping - product0_
          - alias suffix - 0_
          - suffixed key columns - {id1_1_0_}

11:19:05.826 [main] DEBUG org.hibernate.loader.entity.plan.EntityLoader - Static select for entity org.reverside.bootcamp.ubereats.dto.Product [PESSIMISTIC_FORCE_INCREMENT]: select product0_.id as id1_1_0_, product0_.is_active as is_activ2_1_0_, product0_.category_id as category3_1_0_, product0_.code as code4_1_0_, product0_.description as descript5_1_0_, product0_.image_url as image_ur6_1_0_, product0_.menu_id as menu_id7_1_0_, product0_.name as name8_1_0_, product0_.purchases as purchase9_1_0_, product0_.unit_price as unit_pr10_1_0_, product0_.views as views11_1_0_ from Product product0_ where product0_.id=? for update
11:19:05.826 [main] DEBUG org.hibernate.loader.plan.build.internal.spaces.QuerySpacesImpl - Adding QuerySpace : uid = <gen:0> -> org.hibernate.loader.plan.build.internal.spaces.EntityQuerySpaceImpl@7f0766ef]
11:19:05.827 [main] DEBUG org.hibernate.persister.walking.spi.MetamodelGraphWalker - Visiting attribute path : active
11:19:05.827 [main] DEBUG org.hibernate.persister.walking.spi.MetamodelGraphWalker - Visiting attribute path : categoryId
11:19:05.827 [main] DEBUG org.hibernate.persister.walking.spi.MetamodelGraphWalker - Visiting attribute path : code
11:19:05.827 [main] DEBUG org.hibernate.persister.walking.spi.MetamodelGraphWalker - Visiting attribute path : description
11:19:05.827 [main] DEBUG org.hibernate.persister.walking.spi.MetamodelGraphWalker - Visiting attribute path : imageUrl
11:19:05.827 [main] DEBUG org.hibernate.persister.walking.spi.MetamodelGraphWalker - Visiting attribute path : menuId
11:19:05.827 [main] DEBUG org.hibernate.persister.walking.spi.MetamodelGraphWalker - Visiting attribute path : name
11:19:05.827 [main] DEBUG org.hibernate.persister.walking.spi.MetamodelGraphWalker - Visiting attribute path : purchases
11:19:05.828 [main] DEBUG org.hibernate.persister.walking.spi.MetamodelGraphWalker - Visiting attribute path : unitPrice
11:19:05.828 [main] DEBUG org.hibernate.persister.walking.spi.MetamodelGraphWalker - Visiting attribute path : views
11:19:05.828 [main] DEBUG org.hibernate.loader.plan.build.internal.FetchStyleLoadPlanBuildingAssociationVisitationStrategy - Building LoadPlan...
11:19:05.828 [main] DEBUG org.hibernate.loader.plan.exec.internal.LoadQueryJoinAndFetchProcessor - processing queryspace <gen:0>
11:19:05.829 [main] DEBUG org.hibernate.loader.plan.build.spi.LoadPlanTreePrinter - LoadPlan(entity=org.reverside.bootcamp.ubereats.dto.Product)
    - Returns
       - EntityReturnImpl(entity=org.reverside.bootcamp.ubereats.dto.Product, querySpaceUid=<gen:0>, path=org.reverside.bootcamp.ubereats.dto.Product)
    - QuerySpaces
       - EntityQuerySpaceImpl(uid=<gen:0>, entity=org.reverside.bootcamp.ubereats.dto.Product)
          - SQL table alias mapping - product0_
          - alias suffix - 0_
          - suffixed key columns - {id1_1_0_}

11:19:05.829 [main] DEBUG org.hibernate.loader.entity.plan.EntityLoader - Static select for entity org.reverside.bootcamp.ubereats.dto.Product [OPTIMISTIC]: select product0_.id as id1_1_0_, product0_.is_active as is_activ2_1_0_, product0_.category_id as category3_1_0_, product0_.code as code4_1_0_, product0_.description as descript5_1_0_, product0_.image_url as image_ur6_1_0_, product0_.menu_id as menu_id7_1_0_, product0_.name as name8_1_0_, product0_.purchases as purchase9_1_0_, product0_.unit_price as unit_pr10_1_0_, product0_.views as views11_1_0_ from Product product0_ where product0_.id=?
11:19:05.829 [main] DEBUG org.hibernate.loader.plan.build.internal.spaces.QuerySpacesImpl - Adding QuerySpace : uid = <gen:0> -> org.hibernate.loader.plan.build.internal.spaces.EntityQuerySpaceImpl@6f3bd37f]
11:19:05.829 [main] DEBUG org.hibernate.persister.walking.spi.MetamodelGraphWalker - Visiting attribute path : active
11:19:05.829 [main] DEBUG org.hibernate.persister.walking.spi.MetamodelGraphWalker - Visiting attribute path : categoryId
11:19:05.830 [main] DEBUG org.hibernate.persister.walking.spi.MetamodelGraphWalker - Visiting attribute path : code
11:19:05.830 [main] DEBUG org.hibernate.persister.walking.spi.MetamodelGraphWalker - Visiting attribute path : description
11:19:05.830 [main] DEBUG org.hibernate.persister.walking.spi.MetamodelGraphWalker - Visiting attribute path : imageUrl
11:19:05.830 [main] DEBUG org.hibernate.persister.walking.spi.MetamodelGraphWalker - Visiting attribute path : menuId
11:19:05.830 [main] DEBUG org.hibernate.persister.walking.spi.MetamodelGraphWalker - Visiting attribute path : name
11:19:05.830 [main] DEBUG org.hibernate.persister.walking.spi.MetamodelGraphWalker - Visiting attribute path : purchases
11:19:05.830 [main] DEBUG org.hibernate.persister.walking.spi.MetamodelGraphWalker - Visiting attribute path : unitPrice
11:19:05.830 [main] DEBUG org.hibernate.persister.walking.spi.MetamodelGraphWalker - Visiting attribute path : views
11:19:05.830 [main] DEBUG org.hibernate.loader.plan.build.internal.FetchStyleLoadPlanBuildingAssociationVisitationStrategy - Building LoadPlan...
11:19:05.862 [main] DEBUG org.hibernate.loader.plan.exec.internal.LoadQueryJoinAndFetchProcessor - processing queryspace <gen:0>
11:19:05.876 [main] DEBUG org.hibernate.loader.plan.build.spi.LoadPlanTreePrinter - LoadPlan(entity=org.reverside.bootcamp.ubereats.dto.Product)
    - Returns
       - EntityReturnImpl(entity=org.reverside.bootcamp.ubereats.dto.Product, querySpaceUid=<gen:0>, path=org.reverside.bootcamp.ubereats.dto.Product)
    - QuerySpaces
       - EntityQuerySpaceImpl(uid=<gen:0>, entity=org.reverside.bootcamp.ubereats.dto.Product)
          - SQL table alias mapping - product0_
          - alias suffix - 0_
          - suffixed key columns - {id1_1_0_}

11:19:05.877 [main] DEBUG org.hibernate.loader.entity.plan.EntityLoader - Static select for entity org.reverside.bootcamp.ubereats.dto.Product [OPTIMISTIC_FORCE_INCREMENT]: select product0_.id as id1_1_0_, product0_.is_active as is_activ2_1_0_, product0_.category_id as category3_1_0_, product0_.code as code4_1_0_, product0_.description as descript5_1_0_, product0_.image_url as image_ur6_1_0_, product0_.menu_id as menu_id7_1_0_, product0_.name as name8_1_0_, product0_.purchases as purchase9_1_0_, product0_.unit_price as unit_pr10_1_0_, product0_.views as views11_1_0_ from Product product0_ where product0_.id=?
11:19:05.877 [main] DEBUG org.hibernate.loader.Loader - Static select for action ACTION_MERGE on entity org.reverside.bootcamp.ubereats.dto.Product: select product0_.id as id1_1_0_, product0_.is_active as is_activ2_1_0_, product0_.category_id as category3_1_0_, product0_.code as code4_1_0_, product0_.description as descript5_1_0_, product0_.image_url as image_ur6_1_0_, product0_.menu_id as menu_id7_1_0_, product0_.name as name8_1_0_, product0_.purchases as purchase9_1_0_, product0_.unit_price as unit_pr10_1_0_, product0_.views as views11_1_0_ from Product product0_ where product0_.id=?
11:19:05.878 [main] DEBUG org.hibernate.loader.Loader - Static select for action ACTION_REFRESH on entity org.reverside.bootcamp.ubereats.dto.Product: select product0_.id as id1_1_0_, product0_.is_active as is_activ2_1_0_, product0_.category_id as category3_1_0_, product0_.code as code4_1_0_, product0_.description as descript5_1_0_, product0_.image_url as image_ur6_1_0_, product0_.menu_id as menu_id7_1_0_, product0_.name as name8_1_0_, product0_.purchases as purchase9_1_0_, product0_.unit_price as unit_pr10_1_0_, product0_.views as views11_1_0_ from Product product0_ where product0_.id=?
11:19:05.878 [main] DEBUG org.hibernate.persister.entity.AbstractEntityPersister - Static SQL for entity: org.reverside.bootcamp.ubereats.dto.Category
11:19:05.878 [main] DEBUG org.hibernate.persister.entity.AbstractEntityPersister -  Version select: select id from Category where id =?
11:19:05.878 [main] DEBUG org.hibernate.persister.entity.AbstractEntityPersister -  Snapshot select: select category_.id, category_.is_active as is_activ2_0_, category_.description as descript3_0_, category_.name as name4_0_ from Category category_ where category_.id=?
11:19:05.878 [main] DEBUG org.hibernate.persister.entity.AbstractEntityPersister -  Insert 0: insert into Category (is_active, description, name, id) values (?, ?, ?, ?)
11:19:05.878 [main] DEBUG org.hibernate.persister.entity.AbstractEntityPersister -  Update 0: update Category set is_active=?, description=?, name=? where id=?
11:19:05.878 [main] DEBUG org.hibernate.persister.entity.AbstractEntityPersister -  Delete 0: delete from Category where id=?
11:19:05.879 [main] DEBUG org.hibernate.persister.entity.AbstractEntityPersister -  Identity insert: insert into Category (id, is_active, description, name) values (null, ?, ?, ?)
11:19:05.879 [main] DEBUG org.hibernate.loader.plan.build.internal.spaces.QuerySpacesImpl - Adding QuerySpace : uid = <gen:0> -> org.hibernate.loader.plan.build.internal.spaces.EntityQuerySpaceImpl@447521e]
11:19:05.879 [main] DEBUG org.hibernate.persister.walking.spi.MetamodelGraphWalker - Visiting attribute path : active
11:19:05.879 [main] DEBUG org.hibernate.persister.walking.spi.MetamodelGraphWalker - Visiting attribute path : description
11:19:05.879 [main] DEBUG org.hibernate.persister.walking.spi.MetamodelGraphWalker - Visiting attribute path : name
11:19:05.879 [main] DEBUG org.hibernate.loader.plan.build.internal.FetchStyleLoadPlanBuildingAssociationVisitationStrategy - Building LoadPlan...
11:19:05.880 [main] DEBUG org.hibernate.loader.plan.exec.internal.LoadQueryJoinAndFetchProcessor - processing queryspace <gen:0>
11:19:05.880 [main] DEBUG org.hibernate.loader.plan.build.spi.LoadPlanTreePrinter - LoadPlan(entity=org.reverside.bootcamp.ubereats.dto.Category)
    - Returns
       - EntityReturnImpl(entity=org.reverside.bootcamp.ubereats.dto.Category, querySpaceUid=<gen:0>, path=org.reverside.bootcamp.ubereats.dto.Category)
    - QuerySpaces
       - EntityQuerySpaceImpl(uid=<gen:0>, entity=org.reverside.bootcamp.ubereats.dto.Category)
          - SQL table alias mapping - category0_
          - alias suffix - 0_
          - suffixed key columns - {id1_0_0_}

11:19:05.880 [main] DEBUG org.hibernate.loader.entity.plan.EntityLoader - Static select for entity org.reverside.bootcamp.ubereats.dto.Category [NONE]: select category0_.id as id1_0_0_, category0_.is_active as is_activ2_0_0_, category0_.description as descript3_0_0_, category0_.name as name4_0_0_ from Category category0_ where category0_.id=?
11:19:05.881 [main] DEBUG org.hibernate.loader.plan.build.internal.spaces.QuerySpacesImpl - Adding QuerySpace : uid = <gen:0> -> org.hibernate.loader.plan.build.internal.spaces.EntityQuerySpaceImpl@1ecf0ac6]
11:19:05.881 [main] DEBUG org.hibernate.persister.walking.spi.MetamodelGraphWalker - Visiting attribute path : active
11:19:05.881 [main] DEBUG org.hibernate.persister.walking.spi.MetamodelGraphWalker - Visiting attribute path : description
11:19:05.881 [main] DEBUG org.hibernate.persister.walking.spi.MetamodelGraphWalker - Visiting attribute path : name
11:19:05.881 [main] DEBUG org.hibernate.loader.plan.build.internal.FetchStyleLoadPlanBuildingAssociationVisitationStrategy - Building LoadPlan...
11:19:05.882 [main] DEBUG org.hibernate.loader.plan.exec.internal.LoadQueryJoinAndFetchProcessor - processing queryspace <gen:0>
11:19:05.890 [main] DEBUG org.hibernate.loader.plan.build.spi.LoadPlanTreePrinter - LoadPlan(entity=org.reverside.bootcamp.ubereats.dto.Category)
    - Returns
       - EntityReturnImpl(entity=org.reverside.bootcamp.ubereats.dto.Category, querySpaceUid=<gen:0>, path=org.reverside.bootcamp.ubereats.dto.Category)
    - QuerySpaces
       - EntityQuerySpaceImpl(uid=<gen:0>, entity=org.reverside.bootcamp.ubereats.dto.Category)
          - SQL table alias mapping - category0_
          - alias suffix - 0_
          - suffixed key columns - {id1_0_0_}

11:19:05.891 [main] DEBUG org.hibernate.loader.entity.plan.EntityLoader - Static select for entity org.reverside.bootcamp.ubereats.dto.Category [READ]: select category0_.id as id1_0_0_, category0_.is_active as is_activ2_0_0_, category0_.description as descript3_0_0_, category0_.name as name4_0_0_ from Category category0_ where category0_.id=?
11:19:05.891 [main] DEBUG org.hibernate.loader.plan.build.internal.spaces.QuerySpacesImpl - Adding QuerySpace : uid = <gen:0> -> org.hibernate.loader.plan.build.internal.spaces.EntityQuerySpaceImpl@7be94cd6]
11:19:05.891 [main] DEBUG org.hibernate.persister.walking.spi.MetamodelGraphWalker - Visiting attribute path : active
11:19:05.891 [main] DEBUG org.hibernate.persister.walking.spi.MetamodelGraphWalker - Visiting attribute path : description
11:19:05.891 [main] DEBUG org.hibernate.persister.walking.spi.MetamodelGraphWalker - Visiting attribute path : name
11:19:05.891 [main] DEBUG org.hibernate.loader.plan.build.internal.FetchStyleLoadPlanBuildingAssociationVisitationStrategy - Building LoadPlan...
11:19:05.892 [main] DEBUG org.hibernate.loader.plan.exec.internal.LoadQueryJoinAndFetchProcessor - processing queryspace <gen:0>
11:19:05.893 [main] DEBUG org.hibernate.loader.plan.build.spi.LoadPlanTreePrinter - LoadPlan(entity=org.reverside.bootcamp.ubereats.dto.Category)
    - Returns
       - EntityReturnImpl(entity=org.reverside.bootcamp.ubereats.dto.Category, querySpaceUid=<gen:0>, path=org.reverside.bootcamp.ubereats.dto.Category)
    - QuerySpaces
       - EntityQuerySpaceImpl(uid=<gen:0>, entity=org.reverside.bootcamp.ubereats.dto.Category)
          - SQL table alias mapping - category0_
          - alias suffix - 0_
          - suffixed key columns - {id1_0_0_}

11:19:05.893 [main] DEBUG org.hibernate.loader.entity.plan.EntityLoader - Static select for entity org.reverside.bootcamp.ubereats.dto.Category [UPGRADE]: select category0_.id as id1_0_0_, category0_.is_active as is_activ2_0_0_, category0_.description as descript3_0_0_, category0_.name as name4_0_0_ from Category category0_ where category0_.id=? for update
11:19:05.893 [main] DEBUG org.hibernate.loader.plan.build.internal.spaces.QuerySpacesImpl - Adding QuerySpace : uid = <gen:0> -> org.hibernate.loader.plan.build.internal.spaces.EntityQuerySpaceImpl@463045fb]
11:19:05.893 [main] DEBUG org.hibernate.persister.walking.spi.MetamodelGraphWalker - Visiting attribute path : active
11:19:05.893 [main] DEBUG org.hibernate.persister.walking.spi.MetamodelGraphWalker - Visiting attribute path : description
11:19:05.893 [main] DEBUG org.hibernate.persister.walking.spi.MetamodelGraphWalker - Visiting attribute path : name
11:19:05.893 [main] DEBUG org.hibernate.loader.plan.build.internal.FetchStyleLoadPlanBuildingAssociationVisitationStrategy - Building LoadPlan...
11:19:05.893 [main] DEBUG org.hibernate.loader.plan.exec.internal.LoadQueryJoinAndFetchProcessor - processing queryspace <gen:0>
11:19:05.896 [main] DEBUG org.hibernate.loader.plan.build.spi.LoadPlanTreePrinter - LoadPlan(entity=org.reverside.bootcamp.ubereats.dto.Category)
    - Returns
       - EntityReturnImpl(entity=org.reverside.bootcamp.ubereats.dto.Category, querySpaceUid=<gen:0>, path=org.reverside.bootcamp.ubereats.dto.Category)
    - QuerySpaces
       - EntityQuerySpaceImpl(uid=<gen:0>, entity=org.reverside.bootcamp.ubereats.dto.Category)
          - SQL table alias mapping - category0_
          - alias suffix - 0_
          - suffixed key columns - {id1_0_0_}

11:19:05.896 [main] DEBUG org.hibernate.loader.entity.plan.EntityLoader - Static select for entity org.reverside.bootcamp.ubereats.dto.Category [UPGRADE_NOWAIT]: select category0_.id as id1_0_0_, category0_.is_active as is_activ2_0_0_, category0_.description as descript3_0_0_, category0_.name as name4_0_0_ from Category category0_ where category0_.id=? for update
11:19:05.896 [main] DEBUG org.hibernate.loader.plan.build.internal.spaces.QuerySpacesImpl - Adding QuerySpace : uid = <gen:0> -> org.hibernate.loader.plan.build.internal.spaces.EntityQuerySpaceImpl@3344d163]
11:19:05.896 [main] DEBUG org.hibernate.persister.walking.spi.MetamodelGraphWalker - Visiting attribute path : active
11:19:05.896 [main] DEBUG org.hibernate.persister.walking.spi.MetamodelGraphWalker - Visiting attribute path : description
11:19:05.896 [main] DEBUG org.hibernate.persister.walking.spi.MetamodelGraphWalker - Visiting attribute path : name
11:19:05.896 [main] DEBUG org.hibernate.loader.plan.build.internal.FetchStyleLoadPlanBuildingAssociationVisitationStrategy - Building LoadPlan...
11:19:05.896 [main] DEBUG org.hibernate.loader.plan.exec.internal.LoadQueryJoinAndFetchProcessor - processing queryspace <gen:0>
11:19:05.898 [main] DEBUG org.hibernate.loader.plan.build.spi.LoadPlanTreePrinter - LoadPlan(entity=org.reverside.bootcamp.ubereats.dto.Category)
    - Returns
       - EntityReturnImpl(entity=org.reverside.bootcamp.ubereats.dto.Category, querySpaceUid=<gen:0>, path=org.reverside.bootcamp.ubereats.dto.Category)
    - QuerySpaces
       - EntityQuerySpaceImpl(uid=<gen:0>, entity=org.reverside.bootcamp.ubereats.dto.Category)
          - SQL table alias mapping - category0_
          - alias suffix - 0_
          - suffixed key columns - {id1_0_0_}

11:19:05.898 [main] DEBUG org.hibernate.loader.entity.plan.EntityLoader - Static select for entity org.reverside.bootcamp.ubereats.dto.Category [UPGRADE_SKIPLOCKED]: select category0_.id as id1_0_0_, category0_.is_active as is_activ2_0_0_, category0_.description as descript3_0_0_, category0_.name as name4_0_0_ from Category category0_ where category0_.id=? for update
11:19:05.898 [main] DEBUG org.hibernate.loader.plan.build.internal.spaces.QuerySpacesImpl - Adding QuerySpace : uid = <gen:0> -> org.hibernate.loader.plan.build.internal.spaces.EntityQuerySpaceImpl@289f15e9]
11:19:05.898 [main] DEBUG org.hibernate.persister.walking.spi.MetamodelGraphWalker - Visiting attribute path : active
11:19:05.898 [main] DEBUG org.hibernate.persister.walking.spi.MetamodelGraphWalker - Visiting attribute path : description
11:19:05.898 [main] DEBUG org.hibernate.persister.walking.spi.MetamodelGraphWalker - Visiting attribute path : name
11:19:05.899 [main] DEBUG org.hibernate.loader.plan.build.internal.FetchStyleLoadPlanBuildingAssociationVisitationStrategy - Building LoadPlan...
11:19:05.899 [main] DEBUG org.hibernate.loader.plan.exec.internal.LoadQueryJoinAndFetchProcessor - processing queryspace <gen:0>
11:19:05.899 [main] DEBUG org.hibernate.loader.plan.build.spi.LoadPlanTreePrinter - LoadPlan(entity=org.reverside.bootcamp.ubereats.dto.Category)
    - Returns
       - EntityReturnImpl(entity=org.reverside.bootcamp.ubereats.dto.Category, querySpaceUid=<gen:0>, path=org.reverside.bootcamp.ubereats.dto.Category)
    - QuerySpaces
       - EntityQuerySpaceImpl(uid=<gen:0>, entity=org.reverside.bootcamp.ubereats.dto.Category)
          - SQL table alias mapping - category0_
          - alias suffix - 0_
          - suffixed key columns - {id1_0_0_}

11:19:05.899 [main] DEBUG org.hibernate.loader.entity.plan.EntityLoader - Static select for entity org.reverside.bootcamp.ubereats.dto.Category [FORCE]: select category0_.id as id1_0_0_, category0_.is_active as is_activ2_0_0_, category0_.description as descript3_0_0_, category0_.name as name4_0_0_ from Category category0_ where category0_.id=? for update
11:19:05.899 [main] DEBUG org.hibernate.loader.plan.build.internal.spaces.QuerySpacesImpl - Adding QuerySpace : uid = <gen:0> -> org.hibernate.loader.plan.build.internal.spaces.EntityQuerySpaceImpl@6af87130]
11:19:05.901 [main] DEBUG org.hibernate.persister.walking.spi.MetamodelGraphWalker - Visiting attribute path : active
11:19:05.901 [main] DEBUG org.hibernate.persister.walking.spi.MetamodelGraphWalker - Visiting attribute path : description
11:19:05.901 [main] DEBUG org.hibernate.persister.walking.spi.MetamodelGraphWalker - Visiting attribute path : name
11:19:05.901 [main] DEBUG org.hibernate.loader.plan.build.internal.FetchStyleLoadPlanBuildingAssociationVisitationStrategy - Building LoadPlan...
11:19:05.901 [main] DEBUG org.hibernate.loader.plan.exec.internal.LoadQueryJoinAndFetchProcessor - processing queryspace <gen:0>
11:19:05.901 [main] DEBUG org.hibernate.loader.plan.build.spi.LoadPlanTreePrinter - LoadPlan(entity=org.reverside.bootcamp.ubereats.dto.Category)
    - Returns
       - EntityReturnImpl(entity=org.reverside.bootcamp.ubereats.dto.Category, querySpaceUid=<gen:0>, path=org.reverside.bootcamp.ubereats.dto.Category)
    - QuerySpaces
       - EntityQuerySpaceImpl(uid=<gen:0>, entity=org.reverside.bootcamp.ubereats.dto.Category)
          - SQL table alias mapping - category0_
          - alias suffix - 0_
          - suffixed key columns - {id1_0_0_}

11:19:05.902 [main] DEBUG org.hibernate.loader.entity.plan.EntityLoader - Static select for entity org.reverside.bootcamp.ubereats.dto.Category [PESSIMISTIC_READ]: select category0_.id as id1_0_0_, category0_.is_active as is_activ2_0_0_, category0_.description as descript3_0_0_, category0_.name as name4_0_0_ from Category category0_ where category0_.id=? for update
11:19:05.902 [main] DEBUG org.hibernate.loader.plan.build.internal.spaces.QuerySpacesImpl - Adding QuerySpace : uid = <gen:0> -> org.hibernate.loader.plan.build.internal.spaces.EntityQuerySpaceImpl@72c4a3aa]
11:19:05.902 [main] DEBUG org.hibernate.persister.walking.spi.MetamodelGraphWalker - Visiting attribute path : active
11:19:05.902 [main] DEBUG org.hibernate.persister.walking.spi.MetamodelGraphWalker - Visiting attribute path : description
11:19:05.902 [main] DEBUG org.hibernate.persister.walking.spi.MetamodelGraphWalker - Visiting attribute path : name
11:19:05.902 [main] DEBUG org.hibernate.loader.plan.build.internal.FetchStyleLoadPlanBuildingAssociationVisitationStrategy - Building LoadPlan...
11:19:05.902 [main] DEBUG org.hibernate.loader.plan.exec.internal.LoadQueryJoinAndFetchProcessor - processing queryspace <gen:0>
11:19:05.903 [main] DEBUG org.hibernate.loader.plan.build.spi.LoadPlanTreePrinter - LoadPlan(entity=org.reverside.bootcamp.ubereats.dto.Category)
    - Returns
       - EntityReturnImpl(entity=org.reverside.bootcamp.ubereats.dto.Category, querySpaceUid=<gen:0>, path=org.reverside.bootcamp.ubereats.dto.Category)
    - QuerySpaces
       - EntityQuerySpaceImpl(uid=<gen:0>, entity=org.reverside.bootcamp.ubereats.dto.Category)
          - SQL table alias mapping - category0_
          - alias suffix - 0_
          - suffixed key columns - {id1_0_0_}

11:19:05.903 [main] DEBUG org.hibernate.loader.entity.plan.EntityLoader - Static select for entity org.reverside.bootcamp.ubereats.dto.Category [PESSIMISTIC_WRITE]: select category0_.id as id1_0_0_, category0_.is_active as is_activ2_0_0_, category0_.description as descript3_0_0_, category0_.name as name4_0_0_ from Category category0_ where category0_.id=? for update
11:19:05.903 [main] DEBUG org.hibernate.loader.plan.build.internal.spaces.QuerySpacesImpl - Adding QuerySpace : uid = <gen:0> -> org.hibernate.loader.plan.build.internal.spaces.EntityQuerySpaceImpl@3711c71c]
11:19:05.903 [main] DEBUG org.hibernate.persister.walking.spi.MetamodelGraphWalker - Visiting attribute path : active
11:19:05.903 [main] DEBUG org.hibernate.persister.walking.spi.MetamodelGraphWalker - Visiting attribute path : description
11:19:05.903 [main] DEBUG org.hibernate.persister.walking.spi.MetamodelGraphWalker - Visiting attribute path : name
11:19:05.904 [main] DEBUG org.hibernate.loader.plan.build.internal.FetchStyleLoadPlanBuildingAssociationVisitationStrategy - Building LoadPlan...
11:19:05.904 [main] DEBUG org.hibernate.loader.plan.exec.internal.LoadQueryJoinAndFetchProcessor - processing queryspace <gen:0>
11:19:05.904 [main] DEBUG org.hibernate.loader.plan.build.spi.LoadPlanTreePrinter - LoadPlan(entity=org.reverside.bootcamp.ubereats.dto.Category)
    - Returns
       - EntityReturnImpl(entity=org.reverside.bootcamp.ubereats.dto.Category, querySpaceUid=<gen:0>, path=org.reverside.bootcamp.ubereats.dto.Category)
    - QuerySpaces
       - EntityQuerySpaceImpl(uid=<gen:0>, entity=org.reverside.bootcamp.ubereats.dto.Category)
          - SQL table alias mapping - category0_
          - alias suffix - 0_
          - suffixed key columns - {id1_0_0_}

11:19:05.904 [main] DEBUG org.hibernate.loader.entity.plan.EntityLoader - Static select for entity org.reverside.bootcamp.ubereats.dto.Category [PESSIMISTIC_FORCE_INCREMENT]: select category0_.id as id1_0_0_, category0_.is_active as is_activ2_0_0_, category0_.description as descript3_0_0_, category0_.name as name4_0_0_ from Category category0_ where category0_.id=? for update
11:19:05.904 [main] DEBUG org.hibernate.loader.plan.build.internal.spaces.QuerySpacesImpl - Adding QuerySpace : uid = <gen:0> -> org.hibernate.loader.plan.build.internal.spaces.EntityQuerySpaceImpl@646d810b]
11:19:05.905 [main] DEBUG org.hibernate.persister.walking.spi.MetamodelGraphWalker - Visiting attribute path : active
11:19:05.905 [main] DEBUG org.hibernate.persister.walking.spi.MetamodelGraphWalker - Visiting attribute path : description
11:19:05.905 [main] DEBUG org.hibernate.persister.walking.spi.MetamodelGraphWalker - Visiting attribute path : name
11:19:05.905 [main] DEBUG org.hibernate.loader.plan.build.internal.FetchStyleLoadPlanBuildingAssociationVisitationStrategy - Building LoadPlan...
11:19:05.905 [main] DEBUG org.hibernate.loader.plan.exec.internal.LoadQueryJoinAndFetchProcessor - processing queryspace <gen:0>
11:19:05.905 [main] DEBUG org.hibernate.loader.plan.build.spi.LoadPlanTreePrinter - LoadPlan(entity=org.reverside.bootcamp.ubereats.dto.Category)
    - Returns
       - EntityReturnImpl(entity=org.reverside.bootcamp.ubereats.dto.Category, querySpaceUid=<gen:0>, path=org.reverside.bootcamp.ubereats.dto.Category)
    - QuerySpaces
       - EntityQuerySpaceImpl(uid=<gen:0>, entity=org.reverside.bootcamp.ubereats.dto.Category)
          - SQL table alias mapping - category0_
          - alias suffix - 0_
          - suffixed key columns - {id1_0_0_}

11:19:05.905 [main] DEBUG org.hibernate.loader.entity.plan.EntityLoader - Static select for entity org.reverside.bootcamp.ubereats.dto.Category [OPTIMISTIC]: select category0_.id as id1_0_0_, category0_.is_active as is_activ2_0_0_, category0_.description as descript3_0_0_, category0_.name as name4_0_0_ from Category category0_ where category0_.id=?
11:19:05.905 [main] DEBUG org.hibernate.loader.plan.build.internal.spaces.QuerySpacesImpl - Adding QuerySpace : uid = <gen:0> -> org.hibernate.loader.plan.build.internal.spaces.EntityQuerySpaceImpl@9408857]
11:19:05.905 [main] DEBUG org.hibernate.persister.walking.spi.MetamodelGraphWalker - Visiting attribute path : active
11:19:05.905 [main] DEBUG org.hibernate.persister.walking.spi.MetamodelGraphWalker - Visiting attribute path : description
11:19:05.906 [main] DEBUG org.hibernate.persister.walking.spi.MetamodelGraphWalker - Visiting attribute path : name
11:19:05.906 [main] DEBUG org.hibernate.loader.plan.build.internal.FetchStyleLoadPlanBuildingAssociationVisitationStrategy - Building LoadPlan...
11:19:05.906 [main] DEBUG org.hibernate.loader.plan.exec.internal.LoadQueryJoinAndFetchProcessor - processing queryspace <gen:0>
11:19:05.906 [main] DEBUG org.hibernate.loader.plan.build.spi.LoadPlanTreePrinter - LoadPlan(entity=org.reverside.bootcamp.ubereats.dto.Category)
    - Returns
       - EntityReturnImpl(entity=org.reverside.bootcamp.ubereats.dto.Category, querySpaceUid=<gen:0>, path=org.reverside.bootcamp.ubereats.dto.Category)
    - QuerySpaces
       - EntityQuerySpaceImpl(uid=<gen:0>, entity=org.reverside.bootcamp.ubereats.dto.Category)
          - SQL table alias mapping - category0_
          - alias suffix - 0_
          - suffixed key columns - {id1_0_0_}

11:19:05.906 [main] DEBUG org.hibernate.loader.entity.plan.EntityLoader - Static select for entity org.reverside.bootcamp.ubereats.dto.Category [OPTIMISTIC_FORCE_INCREMENT]: select category0_.id as id1_0_0_, category0_.is_active as is_activ2_0_0_, category0_.description as descript3_0_0_, category0_.name as name4_0_0_ from Category category0_ where category0_.id=?
11:19:05.907 [main] DEBUG org.hibernate.loader.Loader - Static select for action ACTION_MERGE on entity org.reverside.bootcamp.ubereats.dto.Category: select category0_.id as id1_0_0_, category0_.is_active as is_activ2_0_0_, category0_.description as descript3_0_0_, category0_.name as name4_0_0_ from Category category0_ where category0_.id=?
11:19:05.907 [main] DEBUG org.hibernate.loader.Loader - Static select for action ACTION_REFRESH on entity org.reverside.bootcamp.ubereats.dto.Category: select category0_.id as id1_0_0_, category0_.is_active as is_activ2_0_0_, category0_.description as descript3_0_0_, category0_.name as name4_0_0_ from Category category0_ where category0_.id=?
11:19:05.908 [main] DEBUG org.hibernate.persister.entity.AbstractEntityPersister - Static SQL for entity: org.reverside.bootcamp.ubereats.dto.User
11:19:05.908 [main] DEBUG org.hibernate.persister.entity.AbstractEntityPersister -  Version select: select email from User where email =?
11:19:05.908 [main] DEBUG org.hibernate.persister.entity.AbstractEntityPersister -  Snapshot select: select user_.email, user_.account_id as account_3_3_, user_.is_active as is_activ4_3_, user_.enabled as enabled5_3_, user_.name as name6_3_, user_.phone_num as phone_nu7_3_, user_.recovery_question as recovery8_3_, user_.surname as surname9_3_ from User user_ where user_.email=?
11:19:05.908 [main] DEBUG org.hibernate.persister.entity.AbstractEntityPersister -  Insert 0: insert into User (account_id, is_active, enabled, name, phone_num, recovery_question, surname, DTYPE, email) values (?, ?, ?, ?, ?, ?, ?, 'User', ?)
11:19:05.908 [main] DEBUG org.hibernate.persister.entity.AbstractEntityPersister -  Update 0: update User set account_id=?, is_active=?, enabled=?, name=?, phone_num=?, recovery_question=?, surname=? where email=?
11:19:05.908 [main] DEBUG org.hibernate.persister.entity.AbstractEntityPersister -  Delete 0: delete from User where email=?
11:19:05.908 [main] DEBUG org.hibernate.loader.plan.build.internal.spaces.QuerySpacesImpl - Adding QuerySpace : uid = <gen:0> -> org.hibernate.loader.plan.build.internal.spaces.EntityQuerySpaceImpl@2f09e6b2]
11:19:05.909 [main] DEBUG org.hibernate.persister.walking.spi.MetamodelGraphWalker - Visiting attribute path : accountId
11:19:05.909 [main] DEBUG org.hibernate.persister.walking.spi.MetamodelGraphWalker - Visiting attribute path : active
11:19:05.909 [main] DEBUG org.hibernate.persister.walking.spi.MetamodelGraphWalker - Visiting attribute path : enabled
11:19:05.909 [main] DEBUG org.hibernate.persister.walking.spi.MetamodelGraphWalker - Visiting attribute path : name
11:19:05.909 [main] DEBUG org.hibernate.persister.walking.spi.MetamodelGraphWalker - Visiting attribute path : phoneNum
11:19:05.909 [main] DEBUG org.hibernate.persister.walking.spi.MetamodelGraphWalker - Visiting attribute path : recovery_question
11:19:05.909 [main] DEBUG org.hibernate.persister.walking.spi.MetamodelGraphWalker - Visiting attribute path : roles
11:19:05.909 [main] DEBUG org.hibernate.loader.plan.build.internal.spaces.QuerySpacesImpl - Adding QuerySpace : uid = <gen:1> -> org.hibernate.loader.plan.build.internal.spaces.CollectionQuerySpaceImpl@16e1219f]
11:19:05.909 [main] DEBUG org.hibernate.loader.plan.build.internal.spaces.QuerySpacesImpl - Adding QuerySpace : uid = <gen:2> -> org.hibernate.loader.plan.build.internal.spaces.EntityQuerySpaceImpl@13f40d71]
11:19:05.909 [main] DEBUG org.hibernate.persister.walking.spi.MetamodelGraphWalker - Visiting attribute path : surname
11:19:05.909 [main] DEBUG org.hibernate.persister.walking.spi.MetamodelGraphWalker - Visiting attribute path : region
11:19:05.909 [main] DEBUG org.hibernate.loader.plan.build.internal.FetchStyleLoadPlanBuildingAssociationVisitationStrategy - Building LoadPlan...
11:19:05.909 [main] DEBUG org.hibernate.loader.plan.exec.internal.LoadQueryJoinAndFetchProcessor - processing queryspace <gen:0>
11:19:05.910 [main] DEBUG org.hibernate.loader.plan.build.spi.LoadPlanTreePrinter - LoadPlan(entity=org.reverside.bootcamp.ubereats.dto.User)
    - Returns
       - EntityReturnImpl(entity=org.reverside.bootcamp.ubereats.dto.User, querySpaceUid=<gen:0>, path=org.reverside.bootcamp.ubereats.dto.User)
          - CollectionAttributeFetchImpl(collection=org.reverside.bootcamp.ubereats.dto.User.roles, querySpaceUid=<gen:1>, path=org.reverside.bootcamp.ubereats.dto.User.roles)
             - (collection element) CollectionFetchableElementEntityGraph(entity=org.reverside.bootcamp.ubereats.dto.Role, querySpaceUid=<gen:2>, path=org.reverside.bootcamp.ubereats.dto.User.roles.<elements>)
    - QuerySpaces
       - EntityQuerySpaceImpl(uid=<gen:0>, entity=org.reverside.bootcamp.ubereats.dto.User)
          - SQL table alias mapping - user0_
          - alias suffix - 0_
          - suffixed key columns - {email2_3_0_}

11:19:05.910 [main] DEBUG org.hibernate.loader.entity.plan.EntityLoader - Static select for entity org.reverside.bootcamp.ubereats.dto.User [NONE]: select user0_.email as email2_3_0_, user0_.account_id as account_3_3_0_, user0_.is_active as is_activ4_3_0_, user0_.enabled as enabled5_3_0_, user0_.name as name6_3_0_, user0_.phone_num as phone_nu7_3_0_, user0_.recovery_question as recovery8_3_0_, user0_.surname as surname9_3_0_, user0_.region as region10_3_0_, user0_.DTYPE as DTYPE1_3_0_ from User user0_ where user0_.email=?
11:19:05.910 [main] DEBUG org.hibernate.loader.plan.build.internal.spaces.QuerySpacesImpl - Adding QuerySpace : uid = <gen:0> -> org.hibernate.loader.plan.build.internal.spaces.EntityQuerySpaceImpl@73a845cb]
11:19:05.911 [main] DEBUG org.hibernate.persister.walking.spi.MetamodelGraphWalker - Visiting attribute path : accountId
11:19:05.911 [main] DEBUG org.hibernate.persister.walking.spi.MetamodelGraphWalker - Visiting attribute path : active
11:19:05.911 [main] DEBUG org.hibernate.persister.walking.spi.MetamodelGraphWalker - Visiting attribute path : enabled
11:19:05.911 [main] DEBUG org.hibernate.persister.walking.spi.MetamodelGraphWalker - Visiting attribute path : name
11:19:05.911 [main] DEBUG org.hibernate.persister.walking.spi.MetamodelGraphWalker - Visiting attribute path : phoneNum
11:19:05.911 [main] DEBUG org.hibernate.persister.walking.spi.MetamodelGraphWalker - Visiting attribute path : recovery_question
11:19:05.911 [main] DEBUG org.hibernate.persister.walking.spi.MetamodelGraphWalker - Visiting attribute path : roles
11:19:05.911 [main] DEBUG org.hibernate.loader.plan.build.internal.spaces.QuerySpacesImpl - Adding QuerySpace : uid = <gen:1> -> org.hibernate.loader.plan.build.internal.spaces.CollectionQuerySpaceImpl@7dbae40]
11:19:05.911 [main] DEBUG org.hibernate.loader.plan.build.internal.spaces.QuerySpacesImpl - Adding QuerySpace : uid = <gen:2> -> org.hibernate.loader.plan.build.internal.spaces.EntityQuerySpaceImpl@34f7b44f]
11:19:05.911 [main] DEBUG org.hibernate.persister.walking.spi.MetamodelGraphWalker - Visiting attribute path : surname
11:19:05.911 [main] DEBUG org.hibernate.persister.walking.spi.MetamodelGraphWalker - Visiting attribute path : region
11:19:05.911 [main] DEBUG org.hibernate.loader.plan.build.internal.FetchStyleLoadPlanBuildingAssociationVisitationStrategy - Building LoadPlan...
11:19:05.912 [main] DEBUG org.hibernate.loader.plan.exec.internal.LoadQueryJoinAndFetchProcessor - processing queryspace <gen:0>
11:19:05.912 [main] DEBUG org.hibernate.loader.plan.build.spi.LoadPlanTreePrinter - LoadPlan(entity=org.reverside.bootcamp.ubereats.dto.User)
    - Returns
       - EntityReturnImpl(entity=org.reverside.bootcamp.ubereats.dto.User, querySpaceUid=<gen:0>, path=org.reverside.bootcamp.ubereats.dto.User)
          - CollectionAttributeFetchImpl(collection=org.reverside.bootcamp.ubereats.dto.User.roles, querySpaceUid=<gen:1>, path=org.reverside.bootcamp.ubereats.dto.User.roles)
             - (collection element) CollectionFetchableElementEntityGraph(entity=org.reverside.bootcamp.ubereats.dto.Role, querySpaceUid=<gen:2>, path=org.reverside.bootcamp.ubereats.dto.User.roles.<elements>)
    - QuerySpaces
       - EntityQuerySpaceImpl(uid=<gen:0>, entity=org.reverside.bootcamp.ubereats.dto.User)
          - SQL table alias mapping - user0_
          - alias suffix - 0_
          - suffixed key columns - {email2_3_0_}

11:19:05.912 [main] DEBUG org.hibernate.loader.entity.plan.EntityLoader - Static select for entity org.reverside.bootcamp.ubereats.dto.User [READ]: select user0_.email as email2_3_0_, user0_.account_id as account_3_3_0_, user0_.is_active as is_activ4_3_0_, user0_.enabled as enabled5_3_0_, user0_.name as name6_3_0_, user0_.phone_num as phone_nu7_3_0_, user0_.recovery_question as recovery8_3_0_, user0_.surname as surname9_3_0_, user0_.region as region10_3_0_, user0_.DTYPE as DTYPE1_3_0_ from User user0_ where user0_.email=?
11:19:05.912 [main] DEBUG org.hibernate.loader.plan.build.internal.spaces.QuerySpacesImpl - Adding QuerySpace : uid = <gen:0> -> org.hibernate.loader.plan.build.internal.spaces.EntityQuerySpaceImpl@5403907]
11:19:05.912 [main] DEBUG org.hibernate.persister.walking.spi.MetamodelGraphWalker - Visiting attribute path : accountId
11:19:05.912 [main] DEBUG org.hibernate.persister.walking.spi.MetamodelGraphWalker - Visiting attribute path : active
11:19:05.912 [main] DEBUG org.hibernate.persister.walking.spi.MetamodelGraphWalker - Visiting attribute path : enabled
11:19:05.912 [main] DEBUG org.hibernate.persister.walking.spi.MetamodelGraphWalker - Visiting attribute path : name
11:19:05.912 [main] DEBUG org.hibernate.persister.walking.spi.MetamodelGraphWalker - Visiting attribute path : phoneNum
11:19:05.912 [main] DEBUG org.hibernate.persister.walking.spi.MetamodelGraphWalker - Visiting attribute path : recovery_question
11:19:05.912 [main] DEBUG org.hibernate.persister.walking.spi.MetamodelGraphWalker - Visiting attribute path : roles
11:19:05.912 [main] DEBUG org.hibernate.loader.plan.build.internal.spaces.QuerySpacesImpl - Adding QuerySpace : uid = <gen:1> -> org.hibernate.loader.plan.build.internal.spaces.CollectionQuerySpaceImpl@b06d46d]
11:19:05.912 [main] DEBUG org.hibernate.loader.plan.build.internal.spaces.QuerySpacesImpl - Adding QuerySpace : uid = <gen:2> -> org.hibernate.loader.plan.build.internal.spaces.EntityQuerySpaceImpl@25a5c8e]
11:19:05.913 [main] DEBUG org.hibernate.persister.walking.spi.MetamodelGraphWalker - Visiting attribute path : surname
11:19:05.913 [main] DEBUG org.hibernate.persister.walking.spi.MetamodelGraphWalker - Visiting attribute path : region
11:19:05.913 [main] DEBUG org.hibernate.loader.plan.build.internal.FetchStyleLoadPlanBuildingAssociationVisitationStrategy - Building LoadPlan...
11:19:05.913 [main] DEBUG org.hibernate.loader.plan.exec.internal.LoadQueryJoinAndFetchProcessor - processing queryspace <gen:0>
11:19:05.913 [main] DEBUG org.hibernate.loader.plan.build.spi.LoadPlanTreePrinter - LoadPlan(entity=org.reverside.bootcamp.ubereats.dto.User)
    - Returns
       - EntityReturnImpl(entity=org.reverside.bootcamp.ubereats.dto.User, querySpaceUid=<gen:0>, path=org.reverside.bootcamp.ubereats.dto.User)
          - CollectionAttributeFetchImpl(collection=org.reverside.bootcamp.ubereats.dto.User.roles, querySpaceUid=<gen:1>, path=org.reverside.bootcamp.ubereats.dto.User.roles)
             - (collection element) CollectionFetchableElementEntityGraph(entity=org.reverside.bootcamp.ubereats.dto.Role, querySpaceUid=<gen:2>, path=org.reverside.bootcamp.ubereats.dto.User.roles.<elements>)
    - QuerySpaces
       - EntityQuerySpaceImpl(uid=<gen:0>, entity=org.reverside.bootcamp.ubereats.dto.User)
          - SQL table alias mapping - user0_
          - alias suffix - 0_
          - suffixed key columns - {email2_3_0_}

11:19:05.913 [main] DEBUG org.hibernate.loader.entity.plan.EntityLoader - Static select for entity org.reverside.bootcamp.ubereats.dto.User [UPGRADE]: select user0_.email as email2_3_0_, user0_.account_id as account_3_3_0_, user0_.is_active as is_activ4_3_0_, user0_.enabled as enabled5_3_0_, user0_.name as name6_3_0_, user0_.phone_num as phone_nu7_3_0_, user0_.recovery_question as recovery8_3_0_, user0_.surname as surname9_3_0_, user0_.region as region10_3_0_, user0_.DTYPE as DTYPE1_3_0_ from User user0_ where user0_.email=? for update
11:19:05.914 [main] DEBUG org.hibernate.loader.plan.build.internal.spaces.QuerySpacesImpl - Adding QuerySpace : uid = <gen:0> -> org.hibernate.loader.plan.build.internal.spaces.EntityQuerySpaceImpl@656c5c3]
11:19:05.914 [main] DEBUG org.hibernate.persister.walking.spi.MetamodelGraphWalker - Visiting attribute path : accountId
11:19:05.914 [main] DEBUG org.hibernate.persister.walking.spi.MetamodelGraphWalker - Visiting attribute path : active
11:19:05.914 [main] DEBUG org.hibernate.persister.walking.spi.MetamodelGraphWalker - Visiting attribute path : enabled
11:19:05.914 [main] DEBUG org.hibernate.persister.walking.spi.MetamodelGraphWalker - Visiting attribute path : name
11:19:05.914 [main] DEBUG org.hibernate.persister.walking.spi.MetamodelGraphWalker - Visiting attribute path : phoneNum
11:19:05.914 [main] DEBUG org.hibernate.persister.walking.spi.MetamodelGraphWalker - Visiting attribute path : recovery_question
11:19:05.914 [main] DEBUG org.hibernate.persister.walking.spi.MetamodelGraphWalker - Visiting attribute path : roles
11:19:05.914 [main] DEBUG org.hibernate.loader.plan.build.internal.spaces.QuerySpacesImpl - Adding QuerySpace : uid = <gen:1> -> org.hibernate.loader.plan.build.internal.spaces.CollectionQuerySpaceImpl@4409cae6]
11:19:05.914 [main] DEBUG org.hibernate.loader.plan.build.internal.spaces.QuerySpacesImpl - Adding QuerySpace : uid = <gen:2> -> org.hibernate.loader.plan.build.internal.spaces.EntityQuerySpaceImpl@14e750c5]
11:19:05.914 [main] DEBUG org.hibernate.persister.walking.spi.MetamodelGraphWalker - Visiting attribute path : surname
11:19:05.914 [main] DEBUG org.hibernate.persister.walking.spi.MetamodelGraphWalker - Visiting attribute path : region
11:19:05.914 [main] DEBUG org.hibernate.loader.plan.build.internal.FetchStyleLoadPlanBuildingAssociationVisitationStrategy - Building LoadPlan...
11:19:05.914 [main] DEBUG org.hibernate.loader.plan.exec.internal.LoadQueryJoinAndFetchProcessor - processing queryspace <gen:0>
11:19:05.914 [main] DEBUG org.hibernate.loader.plan.build.spi.LoadPlanTreePrinter - LoadPlan(entity=org.reverside.bootcamp.ubereats.dto.User)
    - Returns
       - EntityReturnImpl(entity=org.reverside.bootcamp.ubereats.dto.User, querySpaceUid=<gen:0>, path=org.reverside.bootcamp.ubereats.dto.User)
          - CollectionAttributeFetchImpl(collection=org.reverside.bootcamp.ubereats.dto.User.roles, querySpaceUid=<gen:1>, path=org.reverside.bootcamp.ubereats.dto.User.roles)
             - (collection element) CollectionFetchableElementEntityGraph(entity=org.reverside.bootcamp.ubereats.dto.Role, querySpaceUid=<gen:2>, path=org.reverside.bootcamp.ubereats.dto.User.roles.<elements>)
    - QuerySpaces
       - EntityQuerySpaceImpl(uid=<gen:0>, entity=org.reverside.bootcamp.ubereats.dto.User)
          - SQL table alias mapping - user0_
          - alias suffix - 0_
          - suffixed key columns - {email2_3_0_}

11:19:05.914 [main] DEBUG org.hibernate.loader.entity.plan.EntityLoader - Static select for entity org.reverside.bootcamp.ubereats.dto.User [UPGRADE_NOWAIT]: select user0_.email as email2_3_0_, user0_.account_id as account_3_3_0_, user0_.is_active as is_activ4_3_0_, user0_.enabled as enabled5_3_0_, user0_.name as name6_3_0_, user0_.phone_num as phone_nu7_3_0_, user0_.recovery_question as recovery8_3_0_, user0_.surname as surname9_3_0_, user0_.region as region10_3_0_, user0_.DTYPE as DTYPE1_3_0_ from User user0_ where user0_.email=? for update
11:19:05.915 [main] DEBUG org.hibernate.loader.plan.build.internal.spaces.QuerySpacesImpl - Adding QuerySpace : uid = <gen:0> -> org.hibernate.loader.plan.build.internal.spaces.EntityQuerySpaceImpl@242ff747]
11:19:05.915 [main] DEBUG org.hibernate.persister.walking.spi.MetamodelGraphWalker - Visiting attribute path : accountId
11:19:05.915 [main] DEBUG org.hibernate.persister.walking.spi.MetamodelGraphWalker - Visiting attribute path : active
11:19:05.915 [main] DEBUG org.hibernate.persister.walking.spi.MetamodelGraphWalker - Visiting attribute path : enabled
11:19:05.915 [main] DEBUG org.hibernate.persister.walking.spi.MetamodelGraphWalker - Visiting attribute path : name
11:19:05.915 [main] DEBUG org.hibernate.persister.walking.spi.MetamodelGraphWalker - Visiting attribute path : phoneNum
11:19:05.915 [main] DEBUG org.hibernate.persister.walking.spi.MetamodelGraphWalker - Visiting attribute path : recovery_question
11:19:05.915 [main] DEBUG org.hibernate.persister.walking.spi.MetamodelGraphWalker - Visiting attribute path : roles
11:19:05.915 [main] DEBUG org.hibernate.loader.plan.build.internal.spaces.QuerySpacesImpl - Adding QuerySpace : uid = <gen:1> -> org.hibernate.loader.plan.build.internal.spaces.CollectionQuerySpaceImpl@597d48ca]
11:19:05.915 [main] DEBUG org.hibernate.loader.plan.build.internal.spaces.QuerySpacesImpl - Adding QuerySpace : uid = <gen:2> -> org.hibernate.loader.plan.build.internal.spaces.EntityQuerySpaceImpl@77324a58]
11:19:05.915 [main] DEBUG org.hibernate.persister.walking.spi.MetamodelGraphWalker - Visiting attribute path : surname
11:19:05.915 [main] DEBUG org.hibernate.persister.walking.spi.MetamodelGraphWalker - Visiting attribute path : region
11:19:05.915 [main] DEBUG org.hibernate.loader.plan.build.internal.FetchStyleLoadPlanBuildingAssociationVisitationStrategy - Building LoadPlan...
11:19:05.915 [main] DEBUG org.hibernate.loader.plan.exec.internal.LoadQueryJoinAndFetchProcessor - processing queryspace <gen:0>
11:19:05.915 [main] DEBUG org.hibernate.loader.plan.build.spi.LoadPlanTreePrinter - LoadPlan(entity=org.reverside.bootcamp.ubereats.dto.User)
    - Returns
       - EntityReturnImpl(entity=org.reverside.bootcamp.ubereats.dto.User, querySpaceUid=<gen:0>, path=org.reverside.bootcamp.ubereats.dto.User)
          - CollectionAttributeFetchImpl(collection=org.reverside.bootcamp.ubereats.dto.User.roles, querySpaceUid=<gen:1>, path=org.reverside.bootcamp.ubereats.dto.User.roles)
             - (collection element) CollectionFetchableElementEntityGraph(entity=org.reverside.bootcamp.ubereats.dto.Role, querySpaceUid=<gen:2>, path=org.reverside.bootcamp.ubereats.dto.User.roles.<elements>)
    - QuerySpaces
       - EntityQuerySpaceImpl(uid=<gen:0>, entity=org.reverside.bootcamp.ubereats.dto.User)
          - SQL table alias mapping - user0_
          - alias suffix - 0_
          - suffixed key columns - {email2_3_0_}

11:19:05.915 [main] DEBUG org.hibernate.loader.entity.plan.EntityLoader - Static select for entity org.reverside.bootcamp.ubereats.dto.User [UPGRADE_SKIPLOCKED]: select user0_.email as email2_3_0_, user0_.account_id as account_3_3_0_, user0_.is_active as is_activ4_3_0_, user0_.enabled as enabled5_3_0_, user0_.name as name6_3_0_, user0_.phone_num as phone_nu7_3_0_, user0_.recovery_question as recovery8_3_0_, user0_.surname as surname9_3_0_, user0_.region as region10_3_0_, user0_.DTYPE as DTYPE1_3_0_ from User user0_ where user0_.email=? for update
11:19:05.916 [main] DEBUG org.hibernate.loader.plan.build.internal.spaces.QuerySpacesImpl - Adding QuerySpace : uid = <gen:0> -> org.hibernate.loader.plan.build.internal.spaces.EntityQuerySpaceImpl@2c7c0e36]
11:19:05.916 [main] DEBUG org.hibernate.persister.walking.spi.MetamodelGraphWalker - Visiting attribute path : accountId
11:19:05.916 [main] DEBUG org.hibernate.persister.walking.spi.MetamodelGraphWalker - Visiting attribute path : active
11:19:05.916 [main] DEBUG org.hibernate.persister.walking.spi.MetamodelGraphWalker - Visiting attribute path : enabled
11:19:05.916 [main] DEBUG org.hibernate.persister.walking.spi.MetamodelGraphWalker - Visiting attribute path : name
11:19:05.916 [main] DEBUG org.hibernate.persister.walking.spi.MetamodelGraphWalker - Visiting attribute path : phoneNum
11:19:05.916 [main] DEBUG org.hibernate.persister.walking.spi.MetamodelGraphWalker - Visiting attribute path : recovery_question
11:19:05.916 [main] DEBUG org.hibernate.persister.walking.spi.MetamodelGraphWalker - Visiting attribute path : roles
11:19:05.916 [main] DEBUG org.hibernate.loader.plan.build.internal.spaces.QuerySpacesImpl - Adding QuerySpace : uid = <gen:1> -> org.hibernate.loader.plan.build.internal.spaces.CollectionQuerySpaceImpl@374ccb9]
11:19:05.916 [main] DEBUG org.hibernate.loader.plan.build.internal.spaces.QuerySpacesImpl - Adding QuerySpace : uid = <gen:2> -> org.hibernate.loader.plan.build.internal.spaces.EntityQuerySpaceImpl@66713605]
11:19:05.916 [main] DEBUG org.hibernate.persister.walking.spi.MetamodelGraphWalker - Visiting attribute path : surname
11:19:05.916 [main] DEBUG org.hibernate.persister.walking.spi.MetamodelGraphWalker - Visiting attribute path : region
11:19:05.916 [main] DEBUG org.hibernate.loader.plan.build.internal.FetchStyleLoadPlanBuildingAssociationVisitationStrategy - Building LoadPlan...
11:19:05.916 [main] DEBUG org.hibernate.loader.plan.exec.internal.LoadQueryJoinAndFetchProcessor - processing queryspace <gen:0>
11:19:05.916 [main] DEBUG org.hibernate.loader.plan.build.spi.LoadPlanTreePrinter - LoadPlan(entity=org.reverside.bootcamp.ubereats.dto.User)
    - Returns
       - EntityReturnImpl(entity=org.reverside.bootcamp.ubereats.dto.User, querySpaceUid=<gen:0>, path=org.reverside.bootcamp.ubereats.dto.User)
          - CollectionAttributeFetchImpl(collection=org.reverside.bootcamp.ubereats.dto.User.roles, querySpaceUid=<gen:1>, path=org.reverside.bootcamp.ubereats.dto.User.roles)
             - (collection element) CollectionFetchableElementEntityGraph(entity=org.reverside.bootcamp.ubereats.dto.Role, querySpaceUid=<gen:2>, path=org.reverside.bootcamp.ubereats.dto.User.roles.<elements>)
    - QuerySpaces
       - EntityQuerySpaceImpl(uid=<gen:0>, entity=org.reverside.bootcamp.ubereats.dto.User)
          - SQL table alias mapping - user0_
          - alias suffix - 0_
          - suffixed key columns - {email2_3_0_}

11:19:05.916 [main] DEBUG org.hibernate.loader.entity.plan.EntityLoader - Static select for entity org.reverside.bootcamp.ubereats.dto.User [FORCE]: select user0_.email as email2_3_0_, user0_.account_id as account_3_3_0_, user0_.is_active as is_activ4_3_0_, user0_.enabled as enabled5_3_0_, user0_.name as name6_3_0_, user0_.phone_num as phone_nu7_3_0_, user0_.recovery_question as recovery8_3_0_, user0_.surname as surname9_3_0_, user0_.region as region10_3_0_, user0_.DTYPE as DTYPE1_3_0_ from User user0_ where user0_.email=? for update
11:19:05.916 [main] DEBUG org.hibernate.loader.plan.build.internal.spaces.QuerySpacesImpl - Adding QuerySpace : uid = <gen:0> -> org.hibernate.loader.plan.build.internal.spaces.EntityQuerySpaceImpl@2ab09943]
11:19:05.917 [main] DEBUG org.hibernate.persister.walking.spi.MetamodelGraphWalker - Visiting attribute path : accountId
11:19:05.917 [main] DEBUG org.hibernate.persister.walking.spi.MetamodelGraphWalker - Visiting attribute path : active
11:19:05.917 [main] DEBUG org.hibernate.persister.walking.spi.MetamodelGraphWalker - Visiting attribute path : enabled
11:19:05.917 [main] DEBUG org.hibernate.persister.walking.spi.MetamodelGraphWalker - Visiting attribute path : name
11:19:05.917 [main] DEBUG org.hibernate.persister.walking.spi.MetamodelGraphWalker - Visiting attribute path : phoneNum
11:19:05.917 [main] DEBUG org.hibernate.persister.walking.spi.MetamodelGraphWalker - Visiting attribute path : recovery_question
11:19:05.917 [main] DEBUG org.hibernate.persister.walking.spi.MetamodelGraphWalker - Visiting attribute path : roles
11:19:05.917 [main] DEBUG org.hibernate.loader.plan.build.internal.spaces.QuerySpacesImpl - Adding QuerySpace : uid = <gen:1> -> org.hibernate.loader.plan.build.internal.spaces.CollectionQuerySpaceImpl@5864e8bf]
11:19:05.917 [main] DEBUG org.hibernate.loader.plan.build.internal.spaces.QuerySpacesImpl - Adding QuerySpace : uid = <gen:2> -> org.hibernate.loader.plan.build.internal.spaces.EntityQuerySpaceImpl@37ca3ca8]
11:19:05.917 [main] DEBUG org.hibernate.persister.walking.spi.MetamodelGraphWalker - Visiting attribute path : surname
11:19:05.917 [main] DEBUG org.hibernate.persister.walking.spi.MetamodelGraphWalker - Visiting attribute path : region
11:19:05.917 [main] DEBUG org.hibernate.loader.plan.build.internal.FetchStyleLoadPlanBuildingAssociationVisitationStrategy - Building LoadPlan...
11:19:05.917 [main] DEBUG org.hibernate.loader.plan.exec.internal.LoadQueryJoinAndFetchProcessor - processing queryspace <gen:0>
11:19:05.918 [main] DEBUG org.hibernate.loader.plan.build.spi.LoadPlanTreePrinter - LoadPlan(entity=org.reverside.bootcamp.ubereats.dto.User)
    - Returns
       - EntityReturnImpl(entity=org.reverside.bootcamp.ubereats.dto.User, querySpaceUid=<gen:0>, path=org.reverside.bootcamp.ubereats.dto.User)
          - CollectionAttributeFetchImpl(collection=org.reverside.bootcamp.ubereats.dto.User.roles, querySpaceUid=<gen:1>, path=org.reverside.bootcamp.ubereats.dto.User.roles)
             - (collection element) CollectionFetchableElementEntityGraph(entity=org.reverside.bootcamp.ubereats.dto.Role, querySpaceUid=<gen:2>, path=org.reverside.bootcamp.ubereats.dto.User.roles.<elements>)
    - QuerySpaces
       - EntityQuerySpaceImpl(uid=<gen:0>, entity=org.reverside.bootcamp.ubereats.dto.User)
          - SQL table alias mapping - user0_
          - alias suffix - 0_
          - suffixed key columns - {email2_3_0_}

11:19:05.918 [main] DEBUG org.hibernate.loader.entity.plan.EntityLoader - Static select for entity org.reverside.bootcamp.ubereats.dto.User [PESSIMISTIC_READ]: select user0_.email as email2_3_0_, user0_.account_id as account_3_3_0_, user0_.is_active as is_activ4_3_0_, user0_.enabled as enabled5_3_0_, user0_.name as name6_3_0_, user0_.phone_num as phone_nu7_3_0_, user0_.recovery_question as recovery8_3_0_, user0_.surname as surname9_3_0_, user0_.region as region10_3_0_, user0_.DTYPE as DTYPE1_3_0_ from User user0_ where user0_.email=? for update
11:19:05.918 [main] DEBUG org.hibernate.loader.plan.build.internal.spaces.QuerySpacesImpl - Adding QuerySpace : uid = <gen:0> -> org.hibernate.loader.plan.build.internal.spaces.EntityQuerySpaceImpl@191ec193]
11:19:05.918 [main] DEBUG org.hibernate.persister.walking.spi.MetamodelGraphWalker - Visiting attribute path : accountId
11:19:05.918 [main] DEBUG org.hibernate.persister.walking.spi.MetamodelGraphWalker - Visiting attribute path : active
11:19:05.918 [main] DEBUG org.hibernate.persister.walking.spi.MetamodelGraphWalker - Visiting attribute path : enabled
11:19:05.918 [main] DEBUG org.hibernate.persister.walking.spi.MetamodelGraphWalker - Visiting attribute path : name
11:19:05.918 [main] DEBUG org.hibernate.persister.walking.spi.MetamodelGraphWalker - Visiting attribute path : phoneNum
11:19:05.918 [main] DEBUG org.hibernate.persister.walking.spi.MetamodelGraphWalker - Visiting attribute path : recovery_question
11:19:05.918 [main] DEBUG org.hibernate.persister.walking.spi.MetamodelGraphWalker - Visiting attribute path : roles
11:19:05.918 [main] DEBUG org.hibernate.loader.plan.build.internal.spaces.QuerySpacesImpl - Adding QuerySpace : uid = <gen:1> -> org.hibernate.loader.plan.build.internal.spaces.CollectionQuerySpaceImpl@1c7f9861]
11:19:05.919 [main] DEBUG org.hibernate.loader.plan.build.internal.spaces.QuerySpacesImpl - Adding QuerySpace : uid = <gen:2> -> org.hibernate.loader.plan.build.internal.spaces.EntityQuerySpaceImpl@7a36c83a]
11:19:05.919 [main] DEBUG org.hibernate.persister.walking.spi.MetamodelGraphWalker - Visiting attribute path : surname
11:19:05.919 [main] DEBUG org.hibernate.persister.walking.spi.MetamodelGraphWalker - Visiting attribute path : region
11:19:05.919 [main] DEBUG org.hibernate.loader.plan.build.internal.FetchStyleLoadPlanBuildingAssociationVisitationStrategy - Building LoadPlan...
11:19:05.919 [main] DEBUG org.hibernate.loader.plan.exec.internal.LoadQueryJoinAndFetchProcessor - processing queryspace <gen:0>
11:19:05.919 [main] DEBUG org.hibernate.loader.plan.build.spi.LoadPlanTreePrinter - LoadPlan(entity=org.reverside.bootcamp.ubereats.dto.User)
    - Returns
       - EntityReturnImpl(entity=org.reverside.bootcamp.ubereats.dto.User, querySpaceUid=<gen:0>, path=org.reverside.bootcamp.ubereats.dto.User)
          - CollectionAttributeFetchImpl(collection=org.reverside.bootcamp.ubereats.dto.User.roles, querySpaceUid=<gen:1>, path=org.reverside.bootcamp.ubereats.dto.User.roles)
             - (collection element) CollectionFetchableElementEntityGraph(entity=org.reverside.bootcamp.ubereats.dto.Role, querySpaceUid=<gen:2>, path=org.reverside.bootcamp.ubereats.dto.User.roles.<elements>)
    - QuerySpaces
       - EntityQuerySpaceImpl(uid=<gen:0>, entity=org.reverside.bootcamp.ubereats.dto.User)
          - SQL table alias mapping - user0_
          - alias suffix - 0_
          - suffixed key columns - {email2_3_0_}

11:19:05.920 [main] DEBUG org.hibernate.loader.entity.plan.EntityLoader - Static select for entity org.reverside.bootcamp.ubereats.dto.User [PESSIMISTIC_WRITE]: select user0_.email as email2_3_0_, user0_.account_id as account_3_3_0_, user0_.is_active as is_activ4_3_0_, user0_.enabled as enabled5_3_0_, user0_.name as name6_3_0_, user0_.phone_num as phone_nu7_3_0_, user0_.recovery_question as recovery8_3_0_, user0_.surname as surname9_3_0_, user0_.region as region10_3_0_, user0_.DTYPE as DTYPE1_3_0_ from User user0_ where user0_.email=? for update
11:19:05.920 [main] DEBUG org.hibernate.loader.plan.build.internal.spaces.QuerySpacesImpl - Adding QuerySpace : uid = <gen:0> -> org.hibernate.loader.plan.build.internal.spaces.EntityQuerySpaceImpl@154b8cb6]
11:19:05.920 [main] DEBUG org.hibernate.persister.walking.spi.MetamodelGraphWalker - Visiting attribute path : accountId
11:19:05.920 [main] DEBUG org.hibernate.persister.walking.spi.MetamodelGraphWalker - Visiting attribute path : active
11:19:05.920 [main] DEBUG org.hibernate.persister.walking.spi.MetamodelGraphWalker - Visiting attribute path : enabled
11:19:05.920 [main] DEBUG org.hibernate.persister.walking.spi.MetamodelGraphWalker - Visiting attribute path : name
11:19:05.920 [main] DEBUG org.hibernate.persister.walking.spi.MetamodelGraphWalker - Visiting attribute path : phoneNum
11:19:05.920 [main] DEBUG org.hibernate.persister.walking.spi.MetamodelGraphWalker - Visiting attribute path : recovery_question
11:19:05.920 [main] DEBUG org.hibernate.persister.walking.spi.MetamodelGraphWalker - Visiting attribute path : roles
11:19:05.920 [main] DEBUG org.hibernate.loader.plan.build.internal.spaces.QuerySpacesImpl - Adding QuerySpace : uid = <gen:1> -> org.hibernate.loader.plan.build.internal.spaces.CollectionQuerySpaceImpl@1b7554d4]
11:19:05.920 [main] DEBUG org.hibernate.loader.plan.build.internal.spaces.QuerySpacesImpl - Adding QuerySpace : uid = <gen:2> -> org.hibernate.loader.plan.build.internal.spaces.EntityQuerySpaceImpl@57ce2898]
11:19:05.920 [main] DEBUG org.hibernate.persister.walking.spi.MetamodelGraphWalker - Visiting attribute path : surname
11:19:05.920 [main] DEBUG org.hibernate.persister.walking.spi.MetamodelGraphWalker - Visiting attribute path : region
11:19:05.920 [main] DEBUG org.hibernate.loader.plan.build.internal.FetchStyleLoadPlanBuildingAssociationVisitationStrategy - Building LoadPlan...
11:19:05.921 [main] DEBUG org.hibernate.loader.plan.exec.internal.LoadQueryJoinAndFetchProcessor - processing queryspace <gen:0>
11:19:05.922 [main] DEBUG org.hibernate.loader.plan.build.spi.LoadPlanTreePrinter - LoadPlan(entity=org.reverside.bootcamp.ubereats.dto.User)
    - Returns
       - EntityReturnImpl(entity=org.reverside.bootcamp.ubereats.dto.User, querySpaceUid=<gen:0>, path=org.reverside.bootcamp.ubereats.dto.User)
          - CollectionAttributeFetchImpl(collection=org.reverside.bootcamp.ubereats.dto.User.roles, querySpaceUid=<gen:1>, path=org.reverside.bootcamp.ubereats.dto.User.roles)
             - (collection element) CollectionFetchableElementEntityGraph(entity=org.reverside.bootcamp.ubereats.dto.Role, querySpaceUid=<gen:2>, path=org.reverside.bootcamp.ubereats.dto.User.roles.<elements>)
    - QuerySpaces
       - EntityQuerySpaceImpl(uid=<gen:0>, entity=org.reverside.bootcamp.ubereats.dto.User)
          - SQL table alias mapping - user0_
          - alias suffix - 0_
          - suffixed key columns - {email2_3_0_}

11:19:05.922 [main] DEBUG org.hibernate.loader.entity.plan.EntityLoader - Static select for entity org.reverside.bootcamp.ubereats.dto.User [PESSIMISTIC_FORCE_INCREMENT]: select user0_.email as email2_3_0_, user0_.account_id as account_3_3_0_, user0_.is_active as is_activ4_3_0_, user0_.enabled as enabled5_3_0_, user0_.name as name6_3_0_, user0_.phone_num as phone_nu7_3_0_, user0_.recovery_question as recovery8_3_0_, user0_.surname as surname9_3_0_, user0_.region as region10_3_0_, user0_.DTYPE as DTYPE1_3_0_ from User user0_ where user0_.email=? for update
11:19:05.922 [main] DEBUG org.hibernate.loader.plan.build.internal.spaces.QuerySpacesImpl - Adding QuerySpace : uid = <gen:0> -> org.hibernate.loader.plan.build.internal.spaces.EntityQuerySpaceImpl@1ea930eb]
11:19:05.922 [main] DEBUG org.hibernate.persister.walking.spi.MetamodelGraphWalker - Visiting attribute path : accountId
11:19:05.922 [main] DEBUG org.hibernate.persister.walking.spi.MetamodelGraphWalker - Visiting attribute path : active
11:19:05.922 [main] DEBUG org.hibernate.persister.walking.spi.MetamodelGraphWalker - Visiting attribute path : enabled
11:19:05.923 [main] DEBUG org.hibernate.persister.walking.spi.MetamodelGraphWalker - Visiting attribute path : name
11:19:05.923 [main] DEBUG org.hibernate.persister.walking.spi.MetamodelGraphWalker - Visiting attribute path : phoneNum
11:19:05.923 [main] DEBUG org.hibernate.persister.walking.spi.MetamodelGraphWalker - Visiting attribute path : recovery_question
11:19:05.923 [main] DEBUG org.hibernate.persister.walking.spi.MetamodelGraphWalker - Visiting attribute path : roles
11:19:05.923 [main] DEBUG org.hibernate.loader.plan.build.internal.spaces.QuerySpacesImpl - Adding QuerySpace : uid = <gen:1> -> org.hibernate.loader.plan.build.internal.spaces.CollectionQuerySpaceImpl@1fe8f5e8]
11:19:05.923 [main] DEBUG org.hibernate.loader.plan.build.internal.spaces.QuerySpacesImpl - Adding QuerySpace : uid = <gen:2> -> org.hibernate.loader.plan.build.internal.spaces.EntityQuerySpaceImpl@39449465]
11:19:05.923 [main] DEBUG org.hibernate.persister.walking.spi.MetamodelGraphWalker - Visiting attribute path : surname
11:19:05.923 [main] DEBUG org.hibernate.persister.walking.spi.MetamodelGraphWalker - Visiting attribute path : region
11:19:05.923 [main] DEBUG org.hibernate.loader.plan.build.internal.FetchStyleLoadPlanBuildingAssociationVisitationStrategy - Building LoadPlan...
11:19:05.923 [main] DEBUG org.hibernate.loader.plan.exec.internal.LoadQueryJoinAndFetchProcessor - processing queryspace <gen:0>
11:19:05.924 [main] DEBUG org.hibernate.loader.plan.build.spi.LoadPlanTreePrinter - LoadPlan(entity=org.reverside.bootcamp.ubereats.dto.User)
    - Returns
       - EntityReturnImpl(entity=org.reverside.bootcamp.ubereats.dto.User, querySpaceUid=<gen:0>, path=org.reverside.bootcamp.ubereats.dto.User)
          - CollectionAttributeFetchImpl(collection=org.reverside.bootcamp.ubereats.dto.User.roles, querySpaceUid=<gen:1>, path=org.reverside.bootcamp.ubereats.dto.User.roles)
             - (collection element) CollectionFetchableElementEntityGraph(entity=org.reverside.bootcamp.ubereats.dto.Role, querySpaceUid=<gen:2>, path=org.reverside.bootcamp.ubereats.dto.User.roles.<elements>)
    - QuerySpaces
       - EntityQuerySpaceImpl(uid=<gen:0>, entity=org.reverside.bootcamp.ubereats.dto.User)
          - SQL table alias mapping - user0_
          - alias suffix - 0_
          - suffixed key columns - {email2_3_0_}

11:19:05.924 [main] DEBUG org.hibernate.loader.entity.plan.EntityLoader - Static select for entity org.reverside.bootcamp.ubereats.dto.User [OPTIMISTIC]: select user0_.email as email2_3_0_, user0_.account_id as account_3_3_0_, user0_.is_active as is_activ4_3_0_, user0_.enabled as enabled5_3_0_, user0_.name as name6_3_0_, user0_.phone_num as phone_nu7_3_0_, user0_.recovery_question as recovery8_3_0_, user0_.surname as surname9_3_0_, user0_.region as region10_3_0_, user0_.DTYPE as DTYPE1_3_0_ from User user0_ where user0_.email=?
11:19:05.924 [main] DEBUG org.hibernate.loader.plan.build.internal.spaces.QuerySpacesImpl - Adding QuerySpace : uid = <gen:0> -> org.hibernate.loader.plan.build.internal.spaces.EntityQuerySpaceImpl@6e3dd5ce]
11:19:05.925 [main] DEBUG org.hibernate.persister.walking.spi.MetamodelGraphWalker - Visiting attribute path : accountId
11:19:05.925 [main] DEBUG org.hibernate.persister.walking.spi.MetamodelGraphWalker - Visiting attribute path : active
11:19:05.925 [main] DEBUG org.hibernate.persister.walking.spi.MetamodelGraphWalker - Visiting attribute path : enabled
11:19:05.925 [main] DEBUG org.hibernate.persister.walking.spi.MetamodelGraphWalker - Visiting attribute path : name
11:19:05.925 [main] DEBUG org.hibernate.persister.walking.spi.MetamodelGraphWalker - Visiting attribute path : phoneNum
11:19:05.925 [main] DEBUG org.hibernate.persister.walking.spi.MetamodelGraphWalker - Visiting attribute path : recovery_question
11:19:05.925 [main] DEBUG org.hibernate.persister.walking.spi.MetamodelGraphWalker - Visiting attribute path : roles
11:19:05.925 [main] DEBUG org.hibernate.loader.plan.build.internal.spaces.QuerySpacesImpl - Adding QuerySpace : uid = <gen:1> -> org.hibernate.loader.plan.build.internal.spaces.CollectionQuerySpaceImpl@4ee8051c]
11:19:05.925 [main] DEBUG org.hibernate.loader.plan.build.internal.spaces.QuerySpacesImpl - Adding QuerySpace : uid = <gen:2> -> org.hibernate.loader.plan.build.internal.spaces.EntityQuerySpaceImpl@53125718]
11:19:05.925 [main] DEBUG org.hibernate.persister.walking.spi.MetamodelGraphWalker - Visiting attribute path : surname
11:19:05.925 [main] DEBUG org.hibernate.persister.walking.spi.MetamodelGraphWalker - Visiting attribute path : region
11:19:05.925 [main] DEBUG org.hibernate.loader.plan.build.internal.FetchStyleLoadPlanBuildingAssociationVisitationStrategy - Building LoadPlan...
11:19:05.925 [main] DEBUG org.hibernate.loader.plan.exec.internal.LoadQueryJoinAndFetchProcessor - processing queryspace <gen:0>
11:19:05.926 [main] DEBUG org.hibernate.loader.plan.build.spi.LoadPlanTreePrinter - LoadPlan(entity=org.reverside.bootcamp.ubereats.dto.User)
    - Returns
       - EntityReturnImpl(entity=org.reverside.bootcamp.ubereats.dto.User, querySpaceUid=<gen:0>, path=org.reverside.bootcamp.ubereats.dto.User)
          - CollectionAttributeFetchImpl(collection=org.reverside.bootcamp.ubereats.dto.User.roles, querySpaceUid=<gen:1>, path=org.reverside.bootcamp.ubereats.dto.User.roles)
             - (collection element) CollectionFetchableElementEntityGraph(entity=org.reverside.bootcamp.ubereats.dto.Role, querySpaceUid=<gen:2>, path=org.reverside.bootcamp.ubereats.dto.User.roles.<elements>)
    - QuerySpaces
       - EntityQuerySpaceImpl(uid=<gen:0>, entity=org.reverside.bootcamp.ubereats.dto.User)
          - SQL table alias mapping - user0_
          - alias suffix - 0_
          - suffixed key columns - {email2_3_0_}

11:19:05.926 [main] DEBUG org.hibernate.loader.entity.plan.EntityLoader - Static select for entity org.reverside.bootcamp.ubereats.dto.User [OPTIMISTIC_FORCE_INCREMENT]: select user0_.email as email2_3_0_, user0_.account_id as account_3_3_0_, user0_.is_active as is_activ4_3_0_, user0_.enabled as enabled5_3_0_, user0_.name as name6_3_0_, user0_.phone_num as phone_nu7_3_0_, user0_.recovery_question as recovery8_3_0_, user0_.surname as surname9_3_0_, user0_.region as region10_3_0_, user0_.DTYPE as DTYPE1_3_0_ from User user0_ where user0_.email=?
11:19:05.926 [main] DEBUG org.hibernate.loader.Loader - Static select for action ACTION_MERGE on entity org.reverside.bootcamp.ubereats.dto.User: select user0_.email as email2_3_1_, user0_.account_id as account_3_3_1_, user0_.is_active as is_activ4_3_1_, user0_.enabled as enabled5_3_1_, user0_.name as name6_3_1_, user0_.phone_num as phone_nu7_3_1_, user0_.recovery_question as recovery8_3_1_, user0_.surname as surname9_3_1_, user0_.region as region10_3_1_, user0_.DTYPE as DTYPE1_3_1_, roles1_.email as email1_4_3_, role2_.role_id as role_id2_4_3_, role2_.role_id as role_id1_2_0_, role2_.role as role2_2_0_ from User user0_ left outer join user_role roles1_ on user0_.email=roles1_.email left outer join Role role2_ on roles1_.role_id=role2_.role_id where user0_.email=?
11:19:05.955 [main] DEBUG org.hibernate.loader.Loader - Static select for action ACTION_REFRESH on entity org.reverside.bootcamp.ubereats.dto.User: select user0_.email as email2_3_1_, user0_.account_id as account_3_3_1_, user0_.is_active as is_activ4_3_1_, user0_.enabled as enabled5_3_1_, user0_.name as name6_3_1_, user0_.phone_num as phone_nu7_3_1_, user0_.recovery_question as recovery8_3_1_, user0_.surname as surname9_3_1_, user0_.region as region10_3_1_, user0_.DTYPE as DTYPE1_3_1_, roles1_.email as email1_4_3_, role2_.role_id as role_id2_4_3_, role2_.role_id as role_id1_2_0_, role2_.role as role2_2_0_ from User user0_ left outer join user_role roles1_ on user0_.email=roles1_.email left outer join Role role2_ on roles1_.role_id=role2_.role_id where user0_.email=?
11:19:05.955 [main] DEBUG org.hibernate.loader.plan.build.internal.spaces.QuerySpacesImpl - Adding QuerySpace : uid = <gen:0> -> org.hibernate.loader.plan.build.internal.spaces.CollectionQuerySpaceImpl@53016b11]
11:19:05.955 [main] DEBUG org.hibernate.loader.plan.build.internal.spaces.QuerySpacesImpl - Adding QuerySpace : uid = <gen:1> -> org.hibernate.loader.plan.build.internal.spaces.EntityQuerySpaceImpl@7af327e3]
11:19:05.956 [main] DEBUG org.hibernate.persister.walking.spi.MetamodelGraphWalker - Visiting attribute path : role
11:19:05.956 [main] DEBUG org.hibernate.loader.plan.build.internal.FetchStyleLoadPlanBuildingAssociationVisitationStrategy - Building LoadPlan...
11:19:05.956 [main] DEBUG org.hibernate.loader.plan.exec.internal.LoadQueryJoinAndFetchProcessor - processing queryspace <gen:0>
11:19:05.957 [main] DEBUG org.hibernate.loader.plan.build.spi.LoadPlanTreePrinter - LoadPlan(collection=org.reverside.bootcamp.ubereats.dto.User.roles)
    - Returns
       - CollectionReturnImpl(collection=org.reverside.bootcamp.ubereats.dto.User.roles, querySpaceUid=<gen:0>, path=[org.reverside.bootcamp.ubereats.dto.User.roles])
          - (collection element) CollectionFetchableElementEntityGraph(entity=org.reverside.bootcamp.ubereats.dto.Role, querySpaceUid=<gen:1>, path=[org.reverside.bootcamp.ubereats.dto.User.roles].<elements>)
    - QuerySpaces
       - CollectionQuerySpaceImpl(uid=<gen:0>, collection=org.reverside.bootcamp.ubereats.dto.User.roles)
          - SQL table alias mapping - roles0_
          - alias suffix - 0_
          - suffixed key columns - {email1_4_0_}
          - entity-element alias suffix - 1_
          - 1_entity-element suffixed key columns - role_id1_2_1_
          - JOIN (JoinDefinedByMetadata(elements)) : <gen:0> -> <gen:1>
             - EntityQuerySpaceImpl(uid=<gen:1>, entity=org.reverside.bootcamp.ubereats.dto.Role)
                - SQL table alias mapping - role1_
                - alias suffix - 1_
                - suffixed key columns - {role_id1_2_1_}

11:19:05.957 [main] DEBUG org.hibernate.loader.collection.plan.CollectionLoader - Static select for collection org.reverside.bootcamp.ubereats.dto.User.roles: select roles0_.email as email1_4_0_, roles0_.role_id as role_id2_4_0_, role1_.role_id as role_id1_2_1_, role1_.role as role2_2_1_ from user_role roles0_ inner join Role role1_ on roles0_.role_id=role1_.role_id where roles0_.email=?
11:19:06.004 [main] DEBUG org.hibernate.tool.schema.spi.SchemaManagementToolCoordinator - No actions specified; doing nothing
11:19:06.004 [main] DEBUG org.hibernate.engine.transaction.jta.platform.internal.JtaPlatformInitiator - No JtaPlatform was specified, checking resolver
11:19:06.004 [main] DEBUG org.hibernate.engine.transaction.jta.platform.internal.JtaPlatformResolverInitiator - No JtaPlatformResolver was specified, using default [org.hibernate.engine.transaction.jta.platform.internal.StandardJtaPlatformResolver]
11:19:06.014 [main] DEBUG org.hibernate.engine.transaction.jta.platform.internal.StandardJtaPlatformResolver - Could not resolve JtaPlatform, using default [org.hibernate.engine.transaction.jta.platform.internal.NoJtaPlatform]
11:19:06.014 [main] DEBUG org.hibernate.query.spi.NamedQueryRepository - Checking 0 named HQL queries
11:19:06.017 [main] DEBUG org.hibernate.query.spi.NamedQueryRepository - Checking 0 named SQL queries
11:19:06.018 [main] DEBUG org.hibernate.internal.SessionFactoryRegistry - Registering SessionFactory: 04bfd8a5-b6c8-4390-9013-9c60265a6fec (<unnamed>)
11:19:06.018 [main] DEBUG org.hibernate.internal.SessionFactoryRegistry - Not binding SessionFactory to JNDI, no JNDI name configured
11:19:06.019 [main] DEBUG org.springframework.beans.factory.support.DefaultListableBeanFactory - Eagerly caching bean 'getSessionFactory' to allow for resolving potential circular references
11:19:06.025 [main] DEBUG org.springframework.beans.factory.support.DefaultListableBeanFactory - Returning cached instance of singleton bean 'org.springframework.transaction.config.internalTransactionAdvisor'
11:19:06.025 [main] DEBUG org.springframework.beans.factory.support.DefaultListableBeanFactory - Returning cached instance of singleton bean 'org.springframework.transaction.config.internalTransactionAdvisor'
11:19:06.038 [main] DEBUG org.springframework.beans.factory.support.DefaultListableBeanFactory - Returning cached instance of singleton bean 'org.springframework.boot.autoconfigure.jdbc.DataSourceInitializerInvoker'
11:19:06.041 [main] DEBUG org.springframework.core.io.support.PathMatchingResourcePatternResolver - Resolved classpath location [data-all.sql] to resources []
11:19:06.044 [main] DEBUG org.springframework.core.io.support.PathMatchingResourcePatternResolver - Resolved classpath location [data.sql] to resources []
11:19:06.047 [main] DEBUG org.springframework.beans.factory.support.DefaultListableBeanFactory - Finished creating instance of bean 'getSessionFactory'
11:19:06.112 [main] DEBUG org.springframework.beans.factory.annotation.AutowiredAnnotationBeanPostProcessor - Autowiring by type from bean name 'productDAO' to bean named 'getSessionFactory'
11:19:06.115 [main] DEBUG org.springframework.beans.factory.support.DefaultListableBeanFactory - Returning cached instance of singleton bean 'org.springframework.transaction.config.internalTransactionAdvisor'
11:19:06.125 [main] DEBUG org.springframework.beans.factory.support.DefaultListableBeanFactory - Returning cached instance of singleton bean 'org.springframework.transaction.config.internalTransactionAdvisor'
11:19:06.128 [main] DEBUG org.springframework.transaction.annotation.AnnotationTransactionAttributeSource - Adding transactional method 'org.reverside.bootcamp.ubereats.repositoryImpl.ProductDaoImpl.add' with attribute: PROPAGATION_REQUIRED,ISOLATION_DEFAULT; ''
11:19:06.130 [main] DEBUG org.springframework.aop.aspectj.annotation.AnnotationAwareAspectJAutoProxyCreator - Creating implicit proxy for bean 'productDAO' with 0 common interceptors and 1 specific interceptors
11:19:06.134 [main] DEBUG org.springframework.aop.framework.CglibAopProxy - Creating CGLIB proxy: target source is SingletonTargetSource for target object [org.reverside.bootcamp.ubereats.repositoryImpl.ProductDaoImpl@54ccb3]
11:19:06.139 [main] DEBUG org.springframework.beans.factory.support.DefaultListableBeanFactory - Finished creating instance of bean 'productDAO'
11:19:06.142 [main] DEBUG org.springframework.beans.factory.annotation.AutowiredAnnotationBeanPostProcessor - Autowiring by type from bean name 'jsonDataController' to bean named 'productDAO'
11:19:06.145 [main] DEBUG org.springframework.beans.factory.support.DefaultListableBeanFactory - Returning cached instance of singleton bean 'org.springframework.transaction.config.internalTransactionAdvisor'
11:19:06.147 [main] DEBUG org.springframework.beans.factory.support.DefaultListableBeanFactory - Returning cached instance of singleton bean 'org.springframework.transaction.config.internalTransactionAdvisor'
11:19:06.197 [main] DEBUG org.springframework.beans.factory.support.DefaultListableBeanFactory - Finished creating instance of bean 'jsonDataController'
11:19:06.201 [main] DEBUG org.springframework.beans.factory.support.DefaultListableBeanFactory - Creating shared instance of singleton bean 'userController'
11:19:06.201 [main] DEBUG org.springframework.beans.factory.support.DefaultListableBeanFactory - Creating instance of bean 'userController'
11:19:06.201 [main] DEBUG org.springframework.beans.factory.support.DefaultListableBeanFactory - Returning cached instance of singleton bean 'org.springframework.transaction.config.internalTransactionAdvisor'
11:19:06.202 [main] DEBUG org.springframework.beans.factory.annotation.InjectionMetadata - Registered injected element on class [org.reverside.bootcamp.ubereats.controller.UserController]: AutowiredFieldElement for private org.reverside.bootcamp.ubereats.repository.UserDAO org.reverside.bootcamp.ubereats.controller.UserController.userDAO
11:19:06.202 [main] DEBUG org.springframework.beans.factory.support.DefaultListableBeanFactory - Eagerly caching bean 'userController' to allow for resolving potential circular references
11:19:06.202 [main] DEBUG org.springframework.beans.factory.annotation.InjectionMetadata - Processing injected element of bean 'userController': AutowiredFieldElement for private org.reverside.bootcamp.ubereats.repository.UserDAO org.reverside.bootcamp.ubereats.controller.UserController.userDAO
11:19:06.203 [main] DEBUG org.springframework.core.annotation.AnnotationUtils - Failed to meta-introspect annotation [interface org.springframework.beans.factory.annotation.Autowired]: java.lang.NullPointerException
11:19:06.203 [main] DEBUG org.springframework.beans.factory.support.DefaultListableBeanFactory - Creating shared instance of singleton bean 'userDAO'
11:19:06.203 [main] DEBUG org.springframework.beans.factory.support.DefaultListableBeanFactory - Creating instance of bean 'userDAO'
11:19:06.204 [main] DEBUG org.springframework.beans.factory.support.DefaultListableBeanFactory - Returning cached instance of singleton bean 'org.springframework.transaction.config.internalTransactionAdvisor'
11:19:06.204 [main] DEBUG org.springframework.beans.factory.annotation.InjectionMetadata - Registered injected element on class [org.reverside.bootcamp.ubereats.repositoryImpl.UserDaoImpl]: AutowiredFieldElement for private org.hibernate.SessionFactory org.reverside.bootcamp.ubereats.repositoryImpl.UserDaoImpl.sessionFactory
11:19:06.204 [main] DEBUG org.springframework.beans.factory.support.DefaultListableBeanFactory - Eagerly caching bean 'userDAO' to allow for resolving potential circular references
11:19:06.206 [main] DEBUG org.springframework.beans.factory.annotation.InjectionMetadata - Processing injected element of bean 'userDAO': AutowiredFieldElement for private org.hibernate.SessionFactory org.reverside.bootcamp.ubereats.repositoryImpl.UserDaoImpl.sessionFactory
11:19:06.206 [main] DEBUG org.springframework.core.annotation.AnnotationUtils - Failed to meta-introspect annotation [interface org.springframework.beans.factory.annotation.Autowired]: java.lang.NullPointerException
11:19:06.206 [main] DEBUG org.springframework.beans.factory.support.DefaultListableBeanFactory - Returning cached instance of singleton bean 'getSessionFactory'
11:19:06.207 [main] DEBUG org.springframework.beans.factory.annotation.AutowiredAnnotationBeanPostProcessor - Autowiring by type from bean name 'userDAO' to bean named 'getSessionFactory'
11:19:06.207 [main] DEBUG org.springframework.beans.factory.support.DefaultListableBeanFactory - Returning cached instance of singleton bean 'org.springframework.transaction.config.internalTransactionAdvisor'
11:19:06.207 [main] DEBUG org.springframework.beans.factory.support.DefaultListableBeanFactory - Returning cached instance of singleton bean 'org.springframework.transaction.config.internalTransactionAdvisor'
11:19:06.207 [main] DEBUG org.springframework.transaction.annotation.AnnotationTransactionAttributeSource - Adding transactional method 'org.reverside.bootcamp.ubereats.repositoryImpl.UserDaoImpl.listAllActiveUsers' with attribute: PROPAGATION_REQUIRED,ISOLATION_DEFAULT; ''
11:19:06.208 [main] DEBUG org.springframework.aop.aspectj.annotation.AnnotationAwareAspectJAutoProxyCreator - Creating implicit proxy for bean 'userDAO' with 0 common interceptors and 1 specific interceptors
11:19:06.210 [main] DEBUG org.springframework.aop.framework.CglibAopProxy - Creating CGLIB proxy: target source is SingletonTargetSource for target object [org.reverside.bootcamp.ubereats.repositoryImpl.UserDaoImpl@51f68849]
11:19:06.213 [main] DEBUG org.springframework.beans.factory.support.DefaultListableBeanFactory - Finished creating instance of bean 'userDAO'
11:19:06.216 [main] DEBUG org.springframework.beans.factory.annotation.AutowiredAnnotationBeanPostProcessor - Autowiring by type from bean name 'userController' to bean named 'userDAO'
11:19:06.218 [main] DEBUG org.springframework.beans.factory.support.DefaultListableBeanFactory - Returning cached instance of singleton bean 'org.springframework.transaction.config.internalTransactionAdvisor'
11:19:06.221 [main] DEBUG org.springframework.beans.factory.support.DefaultListableBeanFactory - Returning cached instance of singleton bean 'org.springframework.transaction.config.internalTransactionAdvisor'
11:19:06.223 [main] DEBUG org.springframework.beans.factory.support.DefaultListableBeanFactory - Finished creating instance of bean 'userController'
11:19:06.223 [main] DEBUG org.springframework.beans.factory.support.DefaultListableBeanFactory - Creating shared instance of singleton bean 'webController'
11:19:06.223 [main] DEBUG org.springframework.beans.factory.support.DefaultListableBeanFactory - Creating instance of bean 'webController'
11:19:06.224 [main] DEBUG org.springframework.beans.factory.support.DefaultListableBeanFactory - Returning cached instance of singleton bean 'org.springframework.transaction.config.internalTransactionAdvisor'
11:19:06.224 [main] DEBUG org.springframework.beans.factory.support.DefaultListableBeanFactory - Eagerly caching bean 'webController' to allow for resolving potential circular references
11:19:06.225 [main] DEBUG org.springframework.beans.factory.support.DefaultListableBeanFactory - Returning cached instance of singleton bean 'org.springframework.transaction.config.internalTransactionAdvisor'
11:19:06.225 [main] DEBUG org.springframework.beans.factory.support.DefaultListableBeanFactory - Returning cached instance of singleton bean 'org.springframework.transaction.config.internalTransactionAdvisor'
11:19:06.225 [main] DEBUG org.springframework.beans.factory.support.DefaultListableBeanFactory - Finished creating instance of bean 'webController'
11:19:06.225 [main] DEBUG org.springframework.beans.factory.support.DefaultListableBeanFactory - Creating shared instance of singleton bean 'categoryDAO'
11:19:06.226 [main] DEBUG org.springframework.beans.factory.support.DefaultListableBeanFactory - Creating instance of bean 'categoryDAO'
11:19:06.226 [main] DEBUG org.springframework.beans.factory.support.DefaultListableBeanFactory - Returning cached instance of singleton bean 'org.springframework.transaction.config.internalTransactionAdvisor'
11:19:06.226 [main] DEBUG org.springframework.beans.factory.annotation.InjectionMetadata - Registered injected element on class [org.reverside.bootcamp.ubereats.repositoryImpl.CategoryDaoImpl]: AutowiredFieldElement for private org.hibernate.SessionFactory org.reverside.bootcamp.ubereats.repositoryImpl.CategoryDaoImpl.sessionFactory
11:19:06.227 [main] DEBUG org.springframework.beans.factory.support.DefaultListableBeanFactory - Eagerly caching bean 'categoryDAO' to allow for resolving potential circular references
11:19:06.228 [main] DEBUG org.springframework.beans.factory.annotation.InjectionMetadata - Processing injected element of bean 'categoryDAO': AutowiredFieldElement for private org.hibernate.SessionFactory org.reverside.bootcamp.ubereats.repositoryImpl.CategoryDaoImpl.sessionFactory
11:19:06.231 [main] DEBUG org.springframework.core.annotation.AnnotationUtils - Failed to meta-introspect annotation [interface org.springframework.beans.factory.annotation.Autowired]: java.lang.NullPointerException
11:19:06.231 [main] DEBUG org.springframework.beans.factory.support.DefaultListableBeanFactory - Returning cached instance of singleton bean 'getSessionFactory'
11:19:06.231 [main] DEBUG org.springframework.beans.factory.annotation.AutowiredAnnotationBeanPostProcessor - Autowiring by type from bean name 'categoryDAO' to bean named 'getSessionFactory'
11:19:06.231 [main] DEBUG org.springframework.beans.factory.support.DefaultListableBeanFactory - Returning cached instance of singleton bean 'org.springframework.transaction.config.internalTransactionAdvisor'
11:19:06.232 [main] DEBUG org.springframework.beans.factory.support.DefaultListableBeanFactory - Returning cached instance of singleton bean 'org.springframework.transaction.config.internalTransactionAdvisor'
11:19:06.232 [main] DEBUG org.springframework.transaction.annotation.AnnotationTransactionAttributeSource - Adding transactional method 'org.reverside.bootcamp.ubereats.repositoryImpl.CategoryDaoImpl.get' with attribute: PROPAGATION_REQUIRED,ISOLATION_DEFAULT; ''
11:19:06.232 [main] DEBUG org.springframework.aop.aspectj.annotation.AnnotationAwareAspectJAutoProxyCreator - Creating implicit proxy for bean 'categoryDAO' with 0 common interceptors and 1 specific interceptors
11:19:06.232 [main] DEBUG org.springframework.aop.framework.CglibAopProxy - Creating CGLIB proxy: target source is SingletonTargetSource for target object [org.reverside.bootcamp.ubereats.repositoryImpl.CategoryDaoImpl@48f2054d]
11:19:06.233 [main] DEBUG org.springframework.beans.factory.support.DefaultListableBeanFactory - Finished creating instance of bean 'categoryDAO'
11:19:06.233 [main] DEBUG org.springframework.beans.factory.support.DefaultListableBeanFactory - Returning cached instance of singleton bean 'productDAO'
11:19:06.233 [main] DEBUG org.springframework.beans.factory.support.DefaultListableBeanFactory - Returning cached instance of singleton bean 'userDAO'
11:19:06.233 [main] DEBUG org.springframework.beans.factory.support.DefaultListableBeanFactory - Returning cached instance of singleton bean 'org.springframework.boot.autoconfigure.AutoConfigurationPackages'
11:19:06.233 [main] DEBUG org.springframework.beans.factory.support.DefaultListableBeanFactory - Returning cached instance of singleton bean 'org.springframework.transaction.annotation.ProxyTransactionManagementConfiguration'
11:19:06.233 [main] DEBUG org.springframework.beans.factory.support.DefaultListableBeanFactory - Returning cached instance of singleton bean 'org.springframework.transaction.config.internalTransactionAdvisor'
11:19:06.233 [main] DEBUG org.springframework.beans.factory.support.DefaultListableBeanFactory - Returning cached instance of singleton bean 'transactionAttributeSource'
11:19:06.234 [main] DEBUG org.springframework.beans.factory.support.DefaultListableBeanFactory - Returning cached instance of singleton bean 'transactionInterceptor'
11:19:06.234 [main] DEBUG org.springframework.beans.factory.support.DefaultListableBeanFactory - Creating shared instance of singleton bean 'org.springframework.transaction.config.internalTransactionalEventListenerFactory'
11:19:06.234 [main] DEBUG org.springframework.beans.factory.support.DefaultListableBeanFactory - Creating instance of bean 'org.springframework.transaction.config.internalTransactionalEventListenerFactory'
11:19:06.237 [main] DEBUG org.springframework.beans.factory.support.DefaultListableBeanFactory - Returning cached instance of singleton bean 'org.springframework.transaction.config.internalTransactionAdvisor'
11:19:06.237 [main] DEBUG org.springframework.beans.factory.support.DefaultListableBeanFactory - Returning cached instance of singleton bean 'org.springframework.transaction.annotation.ProxyTransactionManagementConfiguration'
11:19:06.238 [main] DEBUG org.springframework.beans.factory.support.DefaultListableBeanFactory - Eagerly caching bean 'org.springframework.transaction.config.internalTransactionalEventListenerFactory' to allow for resolving potential circular references
11:19:06.240 [main] DEBUG org.springframework.beans.factory.support.DefaultListableBeanFactory - Returning cached instance of singleton bean 'org.springframework.transaction.config.internalTransactionAdvisor'
11:19:06.246 [main] DEBUG org.springframework.beans.factory.support.DefaultListableBeanFactory - Returning cached instance of singleton bean 'org.springframework.transaction.config.internalTransactionAdvisor'
11:19:06.246 [main] DEBUG org.springframework.beans.factory.support.DefaultListableBeanFactory - Finished creating instance of bean 'org.springframework.transaction.config.internalTransactionalEventListenerFactory'
11:19:06.246 [main] DEBUG org.springframework.beans.factory.support.DefaultListableBeanFactory - Returning cached instance of singleton bean 'getDataSource'
11:19:06.246 [main] DEBUG org.springframework.beans.factory.support.DefaultListableBeanFactory - Returning cached instance of singleton bean 'getSessionFactory'
11:19:06.247 [main] DEBUG org.springframework.beans.factory.support.DefaultListableBeanFactory - Creating shared instance of singleton bean 'getTransactionManager'
11:19:06.247 [main] DEBUG org.springframework.beans.factory.support.DefaultListableBeanFactory - Creating instance of bean 'getTransactionManager'
11:19:06.247 [main] DEBUG org.springframework.beans.factory.support.DefaultListableBeanFactory - Returning cached instance of singleton bean 'org.springframework.transaction.config.internalTransactionAdvisor'
11:19:06.247 [main] DEBUG org.springframework.beans.factory.support.DefaultListableBeanFactory - Returning cached instance of singleton bean 'hibernateConfig'
11:19:06.247 [main] DEBUG org.springframework.beans.factory.support.DefaultListableBeanFactory - Returning cached instance of singleton bean 'getSessionFactory'
11:19:06.248 [main] DEBUG org.springframework.beans.factory.support.DefaultListableBeanFactory - Autowiring by type from bean name 'getTransactionManager' via factory method to bean named 'getSessionFactory'
11:19:06.251 [main] INFO org.springframework.orm.hibernate5.HibernateTransactionManager - Using DataSource [org.apache.commons.dbcp2.BasicDataSource@785ed99c] of Hibernate SessionFactory for HibernateTransactionManager
11:19:06.260 [main] DEBUG org.springframework.beans.factory.support.DefaultListableBeanFactory - Eagerly caching bean 'getTransactionManager' to allow for resolving potential circular references
11:19:06.270 [main] DEBUG org.springframework.beans.factory.support.DefaultListableBeanFactory - Invoking afterPropertiesSet() on bean with name 'getTransactionManager'
11:19:06.272 [main] DEBUG org.springframework.beans.factory.support.DefaultListableBeanFactory - Returning cached instance of singleton bean 'org.springframework.transaction.config.internalTransactionAdvisor'
11:19:06.275 [main] DEBUG org.springframework.beans.factory.support.DefaultListableBeanFactory - Returning cached instance of singleton bean 'org.springframework.transaction.config.internalTransactionAdvisor'
11:19:06.279 [main] DEBUG org.springframework.beans.factory.support.DefaultListableBeanFactory - Finished creating instance of bean 'getTransactionManager'
11:19:06.282 [main] DEBUG org.springframework.beans.factory.support.DefaultListableBeanFactory - Returning cached instance of singleton bean 'org.springframework.aop.config.internalAutoProxyCreator'
11:19:06.286 [main] DEBUG org.springframework.beans.factory.support.DefaultListableBeanFactory - Creating shared instance of singleton bean 'org.springframework.boot.autoconfigure.context.PropertyPlaceholderAutoConfiguration'
11:19:06.288 [main] DEBUG org.springframework.beans.factory.support.DefaultListableBeanFactory - Creating instance of bean 'org.springframework.boot.autoconfigure.context.PropertyPlaceholderAutoConfiguration'
11:19:06.291 [main] DEBUG org.springframework.beans.factory.support.DefaultListableBeanFactory - Returning cached instance of singleton bean 'org.springframework.transaction.config.internalTransactionAdvisor'
11:19:06.307 [main] DEBUG org.springframework.beans.factory.support.DefaultListableBeanFactory - Eagerly caching bean 'org.springframework.boot.autoconfigure.context.PropertyPlaceholderAutoConfiguration' to allow for resolving potential circular references
11:19:06.343 [main] DEBUG org.springframework.beans.factory.support.DefaultListableBeanFactory - Returning cached instance of singleton bean 'org.springframework.transaction.config.internalTransactionAdvisor'
11:19:06.345 [main] DEBUG org.springframework.beans.factory.support.DefaultListableBeanFactory - Returning cached instance of singleton bean 'org.springframework.transaction.config.internalTransactionAdvisor'
11:19:06.348 [main] DEBUG org.springframework.beans.factory.support.DefaultListableBeanFactory - Finished creating instance of bean 'org.springframework.boot.autoconfigure.context.PropertyPlaceholderAutoConfiguration'
11:19:06.352 [main] DEBUG org.springframework.beans.factory.support.DefaultListableBeanFactory - Returning cached instance of singleton bean 'org.springframework.boot.autoconfigure.condition.BeanTypeRegistry'
11:19:06.354 [main] DEBUG org.springframework.beans.factory.support.DefaultListableBeanFactory - Returning cached instance of singleton bean 'propertySourcesPlaceholderConfigurer'
11:19:06.358 [main] DEBUG org.springframework.beans.factory.support.DefaultListableBeanFactory - Creating shared instance of singleton bean 'org.springframework.boot.autoconfigure.jackson.JacksonAutoConfiguration$Jackson2ObjectMapperBuilderCustomizerConfiguration'
11:19:06.360 [main] DEBUG org.springframework.beans.factory.support.DefaultListableBeanFactory - Creating instance of bean 'org.springframework.boot.autoconfigure.jackson.JacksonAutoConfiguration$Jackson2ObjectMapperBuilderCustomizerConfiguration'
11:19:06.363 [main] DEBUG org.springframework.beans.factory.support.DefaultListableBeanFactory - Returning cached instance of singleton bean 'org.springframework.transaction.config.internalTransactionAdvisor'
11:19:06.368 [main] DEBUG org.springframework.beans.factory.support.DefaultListableBeanFactory - Eagerly caching bean 'org.springframework.boot.autoconfigure.jackson.JacksonAutoConfiguration$Jackson2ObjectMapperBuilderCustomizerConfiguration' to allow for resolving potential circular references
11:19:06.378 [main] DEBUG org.springframework.beans.factory.support.DefaultListableBeanFactory - Returning cached instance of singleton bean 'org.springframework.transaction.config.internalTransactionAdvisor'
11:19:06.380 [main] DEBUG org.springframework.beans.factory.support.DefaultListableBeanFactory - Returning cached instance of singleton bean 'org.springframework.transaction.config.internalTransactionAdvisor'
11:19:06.385 [main] DEBUG org.springframework.beans.factory.support.DefaultListableBeanFactory - Finished creating instance of bean 'org.springframework.boot.autoconfigure.jackson.JacksonAutoConfiguration$Jackson2ObjectMapperBuilderCustomizerConfiguration'
11:19:06.387 [main] DEBUG org.springframework.beans.factory.support.DefaultListableBeanFactory - Creating shared instance of singleton bean 'standardJacksonObjectMapperBuilderCustomizer'
11:19:06.390 [main] DEBUG org.springframework.beans.factory.support.DefaultListableBeanFactory - Creating instance of bean 'standardJacksonObjectMapperBuilderCustomizer'
11:19:06.393 [main] DEBUG org.springframework.beans.factory.support.DefaultListableBeanFactory - Returning cached instance of singleton bean 'org.springframework.transaction.config.internalTransactionAdvisor'
11:19:06.530 [main] DEBUG org.springframework.beans.factory.support.DefaultListableBeanFactory - Returning cached instance of singleton bean 'org.springframework.boot.autoconfigure.jackson.JacksonAutoConfiguration$Jackson2ObjectMapperBuilderCustomizerConfiguration'
11:19:06.552 [main] DEBUG org.springframework.beans.factory.support.DefaultListableBeanFactory - Creating shared instance of singleton bean 'spring.jackson-org.springframework.boot.autoconfigure.jackson.JacksonProperties'
11:19:06.554 [main] DEBUG org.springframework.beans.factory.support.DefaultListableBeanFactory - Creating instance of bean 'spring.jackson-org.springframework.boot.autoconfigure.jackson.JacksonProperties'
11:19:06.557 [main] DEBUG org.springframework.beans.factory.support.DefaultListableBeanFactory - Returning cached instance of singleton bean 'org.springframework.transaction.config.internalTransactionAdvisor'
11:19:06.560 [main] DEBUG org.springframework.beans.factory.support.DefaultListableBeanFactory - Eagerly caching bean 'spring.jackson-org.springframework.boot.autoconfigure.jackson.JacksonProperties' to allow for resolving potential circular references
11:19:06.565 [main] DEBUG org.springframework.beans.factory.support.DefaultListableBeanFactory - Returning cached instance of singleton bean 'org.springframework.transaction.config.internalTransactionAdvisor'
11:19:06.568 [main] DEBUG org.springframework.beans.factory.support.DefaultListableBeanFactory - Returning cached instance of singleton bean 'org.springframework.transaction.config.internalTransactionAdvisor'
11:19:06.570 [main] DEBUG org.springframework.beans.factory.support.DefaultListableBeanFactory - Finished creating instance of bean 'spring.jackson-org.springframework.boot.autoconfigure.jackson.JacksonProperties'
11:19:06.573 [main] DEBUG org.springframework.beans.factory.support.DefaultListableBeanFactory - Autowiring by type from bean name 'standardJacksonObjectMapperBuilderCustomizer' via factory method to bean named 'org.springframework.context.annotation.AnnotationConfigApplicationContext@19f02280'
11:19:06.575 [main] DEBUG org.springframework.beans.factory.support.DefaultListableBeanFactory - Autowiring by type from bean name 'standardJacksonObjectMapperBuilderCustomizer' via factory method to bean named 'spring.jackson-org.springframework.boot.autoconfigure.jackson.JacksonProperties'
11:19:06.579 [main] DEBUG org.springframework.beans.factory.support.DefaultListableBeanFactory - Eagerly caching bean 'standardJacksonObjectMapperBuilderCustomizer' to allow for resolving potential circular references
11:19:06.591 [main] DEBUG org.springframework.beans.factory.support.DefaultListableBeanFactory - Returning cached instance of singleton bean 'org.springframework.transaction.config.internalTransactionAdvisor'
11:19:06.594 [main] DEBUG org.springframework.beans.factory.support.DefaultListableBeanFactory - Returning cached instance of singleton bean 'org.springframework.transaction.config.internalTransactionAdvisor'
11:19:06.602 [main] DEBUG org.springframework.beans.factory.support.DefaultListableBeanFactory - Finished creating instance of bean 'standardJacksonObjectMapperBuilderCustomizer'
11:19:06.604 [main] DEBUG org.springframework.beans.factory.support.DefaultListableBeanFactory - Returning cached instance of singleton bean 'spring.jackson-org.springframework.boot.autoconfigure.jackson.JacksonProperties'
11:19:06.607 [main] DEBUG org.springframework.beans.factory.support.DefaultListableBeanFactory - Returning cached instance of singleton bean 'org.springframework.boot.context.properties.ConfigurationPropertiesBindingPostProcessor'
11:19:06.609 [main] DEBUG org.springframework.beans.factory.support.DefaultListableBeanFactory - Returning cached instance of singleton bean 'org.springframework.boot.context.properties.ConfigurationBeanFactoryMetadata'
11:19:06.611 [main] DEBUG org.springframework.beans.factory.support.DefaultListableBeanFactory - Creating shared instance of singleton bean 'org.springframework.boot.autoconfigure.jackson.JacksonAutoConfiguration$JacksonObjectMapperBuilderConfiguration'
11:19:06.615 [main] DEBUG org.springframework.beans.factory.support.DefaultListableBeanFactory - Creating instance of bean 'org.springframework.boot.autoconfigure.jackson.JacksonAutoConfiguration$JacksonObjectMapperBuilderConfiguration'
11:19:06.625 [main] DEBUG org.springframework.beans.factory.support.DefaultListableBeanFactory - Returning cached instance of singleton bean 'org.springframework.transaction.config.internalTransactionAdvisor'
11:19:06.629 [main] DEBUG org.springframework.core.LocalVariableTableParameterNameDiscoverer - Cannot find '.class' file for class [class org.springframework.boot.autoconfigure.jackson.JacksonAutoConfiguration$JacksonObjectMapperBuilderConfiguration$$EnhancerBySpringCGLIB$$ed57f67b] - unable to determine constructor/method parameter names
11:19:06.632 [main] DEBUG org.springframework.beans.factory.support.DefaultListableBeanFactory - Autowiring by type from bean name 'org.springframework.boot.autoconfigure.jackson.JacksonAutoConfiguration$JacksonObjectMapperBuilderConfiguration' via constructor to bean named 'org.springframework.context.annotation.AnnotationConfigApplicationContext@19f02280'
11:19:06.635 [main] DEBUG org.springframework.beans.factory.support.DefaultListableBeanFactory - Eagerly caching bean 'org.springframework.boot.autoconfigure.jackson.JacksonAutoConfiguration$JacksonObjectMapperBuilderConfiguration' to allow for resolving potential circular references
11:19:06.639 [main] DEBUG org.springframework.beans.factory.support.DefaultListableBeanFactory - Returning cached instance of singleton bean 'org.springframework.transaction.config.internalTransactionAdvisor'
11:19:06.641 [main] DEBUG org.springframework.beans.factory.support.DefaultListableBeanFactory - Returning cached instance of singleton bean 'org.springframework.transaction.config.internalTransactionAdvisor'
11:19:06.651 [main] DEBUG org.springframework.beans.factory.support.DefaultListableBeanFactory - Finished creating instance of bean 'org.springframework.boot.autoconfigure.jackson.JacksonAutoConfiguration$JacksonObjectMapperBuilderConfiguration'
11:19:06.654 [main] DEBUG org.springframework.beans.factory.support.DefaultListableBeanFactory - Creating shared instance of singleton bean 'jacksonObjectMapperBuilder'
11:19:06.657 [main] DEBUG org.springframework.beans.factory.support.DefaultListableBeanFactory - Creating instance of bean 'jacksonObjectMapperBuilder'
11:19:06.659 [main] DEBUG org.springframework.beans.factory.support.DefaultListableBeanFactory - Returning cached instance of singleton bean 'org.springframework.transaction.config.internalTransactionAdvisor'
11:19:06.663 [main] DEBUG org.springframework.beans.factory.support.DefaultListableBeanFactory - Returning cached instance of singleton bean 'org.springframework.boot.autoconfigure.jackson.JacksonAutoConfiguration$JacksonObjectMapperBuilderConfiguration'
11:19:06.668 [main] DEBUG org.springframework.beans.factory.support.DefaultListableBeanFactory - Returning cached instance of singleton bean 'standardJacksonObjectMapperBuilderCustomizer'
11:19:06.671 [main] DEBUG org.springframework.beans.factory.support.DefaultListableBeanFactory - Autowiring by type from bean name 'jacksonObjectMapperBuilder' via factory method to bean named 'standardJacksonObjectMapperBuilderCustomizer'
11:19:06.674 [main] DEBUG org.springframework.beans.factory.support.DefaultListableBeanFactory - Creating shared instance of singleton bean 'parameterNamesModule'
11:19:06.674 [main] DEBUG org.springframework.beans.factory.support.DefaultListableBeanFactory - Creating instance of bean 'parameterNamesModule'
11:19:06.675 [main] DEBUG org.springframework.beans.factory.support.DefaultListableBeanFactory - Returning cached instance of singleton bean 'org.springframework.transaction.config.internalTransactionAdvisor'
11:19:06.675 [main] DEBUG org.springframework.beans.factory.support.DefaultListableBeanFactory - Creating shared instance of singleton bean 'org.springframework.boot.autoconfigure.jackson.JacksonAutoConfiguration$ParameterNamesModuleConfiguration'
11:19:06.675 [main] DEBUG org.springframework.beans.factory.support.DefaultListableBeanFactory - Creating instance of bean 'org.springframework.boot.autoconfigure.jackson.JacksonAutoConfiguration$ParameterNamesModuleConfiguration'
11:19:06.675 [main] DEBUG org.springframework.beans.factory.support.DefaultListableBeanFactory - Returning cached instance of singleton bean 'org.springframework.transaction.config.internalTransactionAdvisor'
11:19:06.676 [main] DEBUG org.springframework.beans.factory.support.DefaultListableBeanFactory - Eagerly caching bean 'org.springframework.boot.autoconfigure.jackson.JacksonAutoConfiguration$ParameterNamesModuleConfiguration' to allow for resolving potential circular references
11:19:06.679 [main] DEBUG org.springframework.beans.factory.support.DefaultListableBeanFactory - Returning cached instance of singleton bean 'org.springframework.transaction.config.internalTransactionAdvisor'
11:19:06.680 [main] DEBUG org.springframework.beans.factory.support.DefaultListableBeanFactory - Returning cached instance of singleton bean 'org.springframework.transaction.config.internalTransactionAdvisor'
11:19:06.681 [main] DEBUG org.springframework.beans.factory.support.DefaultListableBeanFactory - Finished creating instance of bean 'org.springframework.boot.autoconfigure.jackson.JacksonAutoConfiguration$ParameterNamesModuleConfiguration'
11:19:06.682 [main] DEBUG org.springframework.beans.factory.support.DefaultListableBeanFactory - Eagerly caching bean 'parameterNamesModule' to allow for resolving potential circular references
11:19:06.684 [main] DEBUG org.springframework.beans.factory.support.DefaultListableBeanFactory - Returning cached instance of singleton bean 'org.springframework.transaction.config.internalTransactionAdvisor'
11:19:06.685 [main] DEBUG org.springframework.beans.factory.support.DefaultListableBeanFactory - Returning cached instance of singleton bean 'org.springframework.transaction.config.internalTransactionAdvisor'
11:19:06.687 [main] DEBUG org.springframework.beans.factory.support.DefaultListableBeanFactory - Finished creating instance of bean 'parameterNamesModule'
11:19:06.689 [main] DEBUG org.springframework.beans.factory.support.DefaultListableBeanFactory - Creating shared instance of singleton bean 'jsonComponentModule'
11:19:06.689 [main] DEBUG org.springframework.beans.factory.support.DefaultListableBeanFactory - Creating instance of bean 'jsonComponentModule'
11:19:06.689 [main] DEBUG org.springframework.beans.factory.support.DefaultListableBeanFactory - Returning cached instance of singleton bean 'org.springframework.transaction.config.internalTransactionAdvisor'
11:19:06.689 [main] DEBUG org.springframework.beans.factory.support.DefaultListableBeanFactory - Creating shared instance of singleton bean 'org.springframework.boot.autoconfigure.jackson.JacksonAutoConfiguration'
11:19:06.689 [main] DEBUG org.springframework.beans.factory.support.DefaultListableBeanFactory - Creating instance of bean 'org.springframework.boot.autoconfigure.jackson.JacksonAutoConfiguration'
11:19:06.689 [main] DEBUG org.springframework.beans.factory.support.DefaultListableBeanFactory - Returning cached instance of singleton bean 'org.springframework.transaction.config.internalTransactionAdvisor'
11:19:06.690 [main] DEBUG org.springframework.beans.factory.support.DefaultListableBeanFactory - Eagerly caching bean 'org.springframework.boot.autoconfigure.jackson.JacksonAutoConfiguration' to allow for resolving potential circular references
11:19:06.695 [main] DEBUG org.springframework.beans.factory.support.DefaultListableBeanFactory - Returning cached instance of singleton bean 'org.springframework.transaction.config.internalTransactionAdvisor'
11:19:06.698 [main] DEBUG org.springframework.beans.factory.support.DefaultListableBeanFactory - Returning cached instance of singleton bean 'org.springframework.transaction.config.internalTransactionAdvisor'
11:19:06.701 [main] DEBUG org.springframework.beans.factory.support.DefaultListableBeanFactory - Finished creating instance of bean 'org.springframework.boot.autoconfigure.jackson.JacksonAutoConfiguration'
11:19:06.703 [main] DEBUG org.springframework.context.annotation.CommonAnnotationBeanPostProcessor - Found init method on class [org.springframework.boot.jackson.JsonComponentModule]: public void org.springframework.boot.jackson.JsonComponentModule.registerJsonComponents()
11:19:06.705 [main] DEBUG org.springframework.context.annotation.CommonAnnotationBeanPostProcessor - Registered init method on class [org.springframework.boot.jackson.JsonComponentModule]: org.springframework.beans.factory.annotation.InitDestroyAnnotationBeanPostProcessor$LifecycleElement@65126ba1
11:19:06.705 [main] DEBUG org.springframework.beans.factory.support.DefaultListableBeanFactory - Eagerly caching bean 'jsonComponentModule' to allow for resolving potential circular references
11:19:06.709 [main] DEBUG org.springframework.context.annotation.CommonAnnotationBeanPostProcessor - Invoking init method on bean 'jsonComponentModule': public void org.springframework.boot.jackson.JsonComponentModule.registerJsonComponents()
11:19:06.712 [main] DEBUG org.springframework.beans.factory.support.DefaultListableBeanFactory - Returning cached instance of singleton bean 'org.springframework.transaction.config.internalTransactionAdvisor'
11:19:06.712 [main] DEBUG org.springframework.beans.factory.support.DefaultListableBeanFactory - Returning cached instance of singleton bean 'org.springframework.transaction.config.internalTransactionAdvisor'
11:19:06.750 [main] DEBUG org.springframework.beans.factory.support.DefaultListableBeanFactory - Finished creating instance of bean 'jsonComponentModule'
11:19:06.753 [main] DEBUG org.springframework.beans.factory.support.DefaultListableBeanFactory - Eagerly caching bean 'jacksonObjectMapperBuilder' to allow for resolving potential circular references
11:19:06.754 [main] DEBUG org.springframework.beans.factory.support.DefaultListableBeanFactory - Returning cached instance of singleton bean 'org.springframework.transaction.config.internalTransactionAdvisor'
11:19:06.754 [main] DEBUG org.springframework.beans.factory.support.DefaultListableBeanFactory - Returning cached instance of singleton bean 'org.springframework.transaction.config.internalTransactionAdvisor'
11:19:06.755 [main] DEBUG org.springframework.beans.factory.support.DefaultListableBeanFactory - Finished creating instance of bean 'jacksonObjectMapperBuilder'
11:19:06.755 [main] DEBUG org.springframework.beans.factory.support.DefaultListableBeanFactory - Returning cached instance of singleton bean 'org.springframework.boot.autoconfigure.jackson.JacksonAutoConfiguration$ParameterNamesModuleConfiguration'
11:19:06.755 [main] DEBUG org.springframework.beans.factory.support.DefaultListableBeanFactory - Returning cached instance of singleton bean 'parameterNamesModule'
11:19:06.756 [main] DEBUG org.springframework.beans.factory.support.DefaultListableBeanFactory - Creating shared instance of singleton bean 'org.springframework.boot.autoconfigure.jackson.JacksonAutoConfiguration$JacksonObjectMapperConfiguration'
11:19:06.756 [main] DEBUG org.springframework.beans.factory.support.DefaultListableBeanFactory - Creating instance of bean 'org.springframework.boot.autoconfigure.jackson.JacksonAutoConfiguration$JacksonObjectMapperConfiguration'
11:19:06.757 [main] DEBUG org.springframework.beans.factory.support.DefaultListableBeanFactory - Returning cached instance of singleton bean 'org.springframework.transaction.config.internalTransactionAdvisor'
11:19:06.757 [main] DEBUG org.springframework.beans.factory.support.DefaultListableBeanFactory - Eagerly caching bean 'org.springframework.boot.autoconfigure.jackson.JacksonAutoConfiguration$JacksonObjectMapperConfiguration' to allow for resolving potential circular references
11:19:06.760 [main] DEBUG org.springframework.beans.factory.support.DefaultListableBeanFactory - Returning cached instance of singleton bean 'org.springframework.transaction.config.internalTransactionAdvisor'
11:19:06.760 [main] DEBUG org.springframework.beans.factory.support.DefaultListableBeanFactory - Returning cached instance of singleton bean 'org.springframework.transaction.config.internalTransactionAdvisor'
11:19:06.761 [main] DEBUG org.springframework.beans.factory.support.DefaultListableBeanFactory - Finished creating instance of bean 'org.springframework.boot.autoconfigure.jackson.JacksonAutoConfiguration$JacksonObjectMapperConfiguration'
11:19:06.761 [main] DEBUG org.springframework.beans.factory.support.DefaultListableBeanFactory - Creating shared instance of singleton bean 'jacksonObjectMapper'
11:19:06.761 [main] DEBUG org.springframework.beans.factory.support.DefaultListableBeanFactory - Creating instance of bean 'jacksonObjectMapper'
11:19:06.761 [main] DEBUG org.springframework.beans.factory.support.DefaultListableBeanFactory - Returning cached instance of singleton bean 'org.springframework.transaction.config.internalTransactionAdvisor'
11:19:06.761 [main] DEBUG org.springframework.beans.factory.support.DefaultListableBeanFactory - Returning cached instance of singleton bean 'org.springframework.boot.autoconfigure.jackson.JacksonAutoConfiguration$JacksonObjectMapperConfiguration'
11:19:06.762 [main] DEBUG org.springframework.beans.factory.support.DefaultListableBeanFactory - Returning cached instance of singleton bean 'jacksonObjectMapperBuilder'
11:19:06.762 [main] DEBUG org.springframework.beans.factory.support.DefaultListableBeanFactory - Autowiring by type from bean name 'jacksonObjectMapper' via factory method to bean named 'jacksonObjectMapperBuilder'
11:19:06.766 [main] DEBUG org.springframework.beans.factory.support.DefaultListableBeanFactory - Eagerly caching bean 'jacksonObjectMapper' to allow for resolving potential circular references
11:19:06.773 [main] DEBUG org.springframework.beans.factory.support.DefaultListableBeanFactory - Returning cached instance of singleton bean 'org.springframework.transaction.config.internalTransactionAdvisor'
11:19:06.773 [main] DEBUG org.springframework.beans.factory.support.DefaultListableBeanFactory - Returning cached instance of singleton bean 'org.springframework.transaction.config.internalTransactionAdvisor'
11:19:06.788 [main] DEBUG org.springframework.beans.factory.support.DefaultListableBeanFactory - Finished creating instance of bean 'jacksonObjectMapper'
11:19:06.790 [main] DEBUG org.springframework.beans.factory.support.DefaultListableBeanFactory - Returning cached instance of singleton bean 'org.springframework.boot.autoconfigure.jackson.JacksonAutoConfiguration'
11:19:06.792 [main] DEBUG org.springframework.beans.factory.support.DefaultListableBeanFactory - Returning cached instance of singleton bean 'jsonComponentModule'
11:19:06.795 [main] DEBUG org.springframework.beans.factory.support.DefaultListableBeanFactory - Creating shared instance of singleton bean 'org.springframework.boot.autoconfigure.http.codec.CodecsAutoConfiguration$JacksonCodecConfiguration'
11:19:06.796 [main] DEBUG org.springframework.beans.factory.support.DefaultListableBeanFactory - Creating instance of bean 'org.springframework.boot.autoconfigure.http.codec.CodecsAutoConfiguration$JacksonCodecConfiguration'
11:19:06.799 [main] DEBUG org.springframework.beans.factory.support.DefaultListableBeanFactory - Returning cached instance of singleton bean 'org.springframework.transaction.config.internalTransactionAdvisor'
11:19:06.802 [main] DEBUG org.springframework.beans.factory.support.DefaultListableBeanFactory - Eagerly caching bean 'org.springframework.boot.autoconfigure.http.codec.CodecsAutoConfiguration$JacksonCodecConfiguration' to allow for resolving potential circular references
11:19:06.805 [main] DEBUG org.springframework.beans.factory.support.DefaultListableBeanFactory - Returning cached instance of singleton bean 'org.springframework.transaction.config.internalTransactionAdvisor'
11:19:06.805 [main] DEBUG org.springframework.beans.factory.support.DefaultListableBeanFactory - Returning cached instance of singleton bean 'org.springframework.transaction.config.internalTransactionAdvisor'
11:19:06.806 [main] DEBUG org.springframework.beans.factory.support.DefaultListableBeanFactory - Finished creating instance of bean 'org.springframework.boot.autoconfigure.http.codec.CodecsAutoConfiguration$JacksonCodecConfiguration'
11:19:06.806 [main] DEBUG org.springframework.beans.factory.support.DefaultListableBeanFactory - Creating shared instance of singleton bean 'jacksonCodecCustomizer'
11:19:06.806 [main] DEBUG org.springframework.beans.factory.support.DefaultListableBeanFactory - Creating instance of bean 'jacksonCodecCustomizer'
11:19:06.807 [main] DEBUG org.springframework.beans.factory.support.DefaultListableBeanFactory - Returning cached instance of singleton bean 'org.springframework.transaction.config.internalTransactionAdvisor'
11:19:06.807 [main] DEBUG org.springframework.beans.factory.support.DefaultListableBeanFactory - Returning cached instance of singleton bean 'org.springframework.boot.autoconfigure.http.codec.CodecsAutoConfiguration$JacksonCodecConfiguration'
11:19:06.807 [main] DEBUG org.springframework.beans.factory.support.DefaultListableBeanFactory - Returning cached instance of singleton bean 'jacksonObjectMapper'
11:19:06.808 [main] DEBUG org.springframework.beans.factory.support.DefaultListableBeanFactory - Autowiring by type from bean name 'jacksonCodecCustomizer' via factory method to bean named 'jacksonObjectMapper'
11:19:06.808 [main] DEBUG org.springframework.beans.factory.support.DefaultListableBeanFactory - Eagerly caching bean 'jacksonCodecCustomizer' to allow for resolving potential circular references
11:19:06.810 [main] DEBUG org.springframework.beans.factory.support.DefaultListableBeanFactory - Returning cached instance of singleton bean 'org.springframework.transaction.config.internalTransactionAdvisor'
11:19:06.812 [main] DEBUG org.springframework.beans.factory.support.DefaultListableBeanFactory - Returning cached instance of singleton bean 'org.springframework.transaction.config.internalTransactionAdvisor'
11:19:06.813 [main] DEBUG org.springframework.beans.factory.support.DefaultListableBeanFactory - Finished creating instance of bean 'jacksonCodecCustomizer'
11:19:06.813 [main] DEBUG org.springframework.beans.factory.support.DefaultListableBeanFactory - Creating shared instance of singleton bean 'org.springframework.boot.autoconfigure.http.codec.CodecsAutoConfiguration'
11:19:06.813 [main] DEBUG org.springframework.beans.factory.support.DefaultListableBeanFactory - Creating instance of bean 'org.springframework.boot.autoconfigure.http.codec.CodecsAutoConfiguration'
11:19:06.815 [main] DEBUG org.springframework.beans.factory.support.DefaultListableBeanFactory - Returning cached instance of singleton bean 'org.springframework.transaction.config.internalTransactionAdvisor'
11:19:06.819 [main] DEBUG org.springframework.beans.factory.support.DefaultListableBeanFactory - Eagerly caching bean 'org.springframework.boot.autoconfigure.http.codec.CodecsAutoConfiguration' to allow for resolving potential circular references
11:19:06.874 [main] DEBUG org.springframework.beans.factory.support.DefaultListableBeanFactory - Returning cached instance of singleton bean 'org.springframework.transaction.config.internalTransactionAdvisor'
11:19:06.876 [main] DEBUG org.springframework.beans.factory.support.DefaultListableBeanFactory - Returning cached instance of singleton bean 'org.springframework.transaction.config.internalTransactionAdvisor'
11:19:06.879 [main] DEBUG org.springframework.beans.factory.support.DefaultListableBeanFactory - Finished creating instance of bean 'org.springframework.boot.autoconfigure.http.codec.CodecsAutoConfiguration'
11:19:06.879 [main] DEBUG org.springframework.beans.factory.support.DefaultListableBeanFactory - Creating shared instance of singleton bean 'org.springframework.boot.autoconfigure.validation.ValidationAutoConfiguration'
11:19:06.880 [main] DEBUG org.springframework.beans.factory.support.DefaultListableBeanFactory - Creating instance of bean 'org.springframework.boot.autoconfigure.validation.ValidationAutoConfiguration'
11:19:06.881 [main] DEBUG org.springframework.beans.factory.support.DefaultListableBeanFactory - Returning cached instance of singleton bean 'org.springframework.transaction.config.internalTransactionAdvisor'
11:19:06.881 [main] DEBUG org.springframework.beans.factory.support.DefaultListableBeanFactory - Eagerly caching bean 'org.springframework.boot.autoconfigure.validation.ValidationAutoConfiguration' to allow for resolving potential circular references
11:19:06.883 [main] DEBUG org.springframework.beans.factory.support.DefaultListableBeanFactory - Returning cached instance of singleton bean 'org.springframework.transaction.config.internalTransactionAdvisor'
11:19:06.887 [main] DEBUG org.springframework.beans.factory.support.DefaultListableBeanFactory - Returning cached instance of singleton bean 'org.springframework.transaction.config.internalTransactionAdvisor'
11:19:06.890 [main] DEBUG org.springframework.beans.factory.support.DefaultListableBeanFactory - Finished creating instance of bean 'org.springframework.boot.autoconfigure.validation.ValidationAutoConfiguration'
11:19:06.890 [main] DEBUG org.springframework.beans.factory.support.DefaultListableBeanFactory - Creating shared instance of singleton bean 'defaultValidator'
11:19:06.891 [main] DEBUG org.springframework.beans.factory.support.DefaultListableBeanFactory - Creating instance of bean 'defaultValidator'
11:19:06.892 [main] DEBUG org.springframework.beans.factory.support.DefaultListableBeanFactory - Returning cached instance of singleton bean 'org.springframework.transaction.config.internalTransactionAdvisor'
11:19:06.892 [main] DEBUG org.hibernate.validator.internal.engine.resolver.TraversableResolvers - Found javax.persistence.Persistence on classpath containing 'getPersistenceUtil'. Assuming JPA 2 environment. Trying to instantiate JPA aware TraversableResolver
11:19:06.893 [main] DEBUG org.hibernate.validator.internal.engine.resolver.TraversableResolvers - Instantiated JPA aware TraversableResolver of type org.hibernate.validator.internal.engine.resolver.JPATraversableResolver.
11:19:06.894 [main] DEBUG org.hibernate.validator.internal.engine.resolver.TraversableResolvers - Unable to load or instantiate JPA aware resolver org.hibernate.validator.internal.engine.resolver.JPATraversableResolver. All properties will per default be traversable.
11:19:06.894 [main] DEBUG org.hibernate.validator.messageinterpolation.ResourceBundleMessageInterpolator - Loaded expression factory via original TCCL
11:19:06.895 [main] DEBUG org.springframework.beans.factory.support.DefaultListableBeanFactory - Eagerly caching bean 'defaultValidator' to allow for resolving potential circular references
11:19:06.902 [main] DEBUG org.springframework.beans.factory.support.DefaultListableBeanFactory - Invoking afterPropertiesSet() on bean with name 'defaultValidator'
11:19:06.902 [main] DEBUG org.hibernate.validator.internal.engine.resolver.TraversableResolvers - Found javax.persistence.Persistence on classpath containing 'getPersistenceUtil'. Assuming JPA 2 environment. Trying to instantiate JPA aware TraversableResolver
11:19:06.902 [main] DEBUG org.hibernate.validator.internal.engine.resolver.TraversableResolvers - Instantiated JPA aware TraversableResolver of type org.hibernate.validator.internal.engine.resolver.JPATraversableResolver.
11:19:06.903 [main] DEBUG org.hibernate.validator.internal.engine.resolver.TraversableResolvers - Unable to load or instantiate JPA aware resolver org.hibernate.validator.internal.engine.resolver.JPATraversableResolver. All properties will per default be traversable.
11:19:06.903 [main] DEBUG org.hibernate.validator.internal.engine.ConfigurationImpl - Setting custom MessageInterpolator of type org.springframework.validation.beanvalidation.LocaleContextMessageInterpolator
11:19:06.903 [main] DEBUG org.hibernate.validator.internal.engine.ConfigurationImpl - Setting custom ConstraintValidatorFactory of type org.springframework.validation.beanvalidation.SpringConstraintValidatorFactory
11:19:06.903 [main] DEBUG org.hibernate.validator.internal.engine.ConfigurationImpl - Setting custom ParameterNameProvider of type org.springframework.validation.beanvalidation.LocalValidatorFactoryBean$1
11:19:06.904 [main] DEBUG org.hibernate.validator.internal.xml.ValidationXmlParser - Trying to load META-INF/validation.xml for XML based Validator configuration.
11:19:06.904 [main] DEBUG org.hibernate.validator.internal.xml.ResourceLoaderHelper - Trying to load META-INF/validation.xml via user class loader
11:19:06.904 [main] DEBUG org.hibernate.validator.internal.xml.ResourceLoaderHelper - Trying to load META-INF/validation.xml via TCCL
11:19:06.905 [main] DEBUG org.hibernate.validator.internal.xml.ResourceLoaderHelper - Trying to load META-INF/validation.xml via Hibernate Validator's class loader
11:19:06.906 [main] DEBUG org.hibernate.validator.internal.xml.ValidationXmlParser - No META-INF/validation.xml found. Using annotation based configuration only.
11:19:06.914 [main] DEBUG org.hibernate.validator.internal.engine.ValidatorFactoryImpl - HV000234: Using org.springframework.validation.beanvalidation.LocaleContextMessageInterpolator as ValidatorFactory-scoped message interpolator.
11:19:06.914 [main] DEBUG org.hibernate.validator.internal.engine.ValidatorFactoryImpl - HV000234: Using org.hibernate.validator.internal.engine.resolver.TraverseAllTraversableResolver as ValidatorFactory-scoped traversable resolver.
11:19:06.914 [main] DEBUG org.hibernate.validator.internal.engine.ValidatorFactoryImpl - HV000234: Using org.hibernate.validator.internal.util.ExecutableParameterNameProvider as ValidatorFactory-scoped parameter name provider.
11:19:06.914 [main] DEBUG org.hibernate.validator.internal.engine.ValidatorFactoryImpl - HV000234: Using org.hibernate.validator.internal.engine.DefaultClockProvider as ValidatorFactory-scoped clock provider.
11:19:06.914 [main] DEBUG org.hibernate.validator.internal.engine.ValidatorFactoryImpl - HV000234: Using org.hibernate.validator.internal.engine.scripting.DefaultScriptEvaluatorFactory as ValidatorFactory-scoped script evaluator factory.
11:19:06.916 [main] DEBUG org.springframework.beans.factory.support.DefaultListableBeanFactory - Returning cached instance of singleton bean 'org.springframework.transaction.config.internalTransactionAdvisor'
11:19:06.917 [main] DEBUG org.springframework.beans.factory.support.DefaultListableBeanFactory - Returning cached instance of singleton bean 'org.springframework.transaction.config.internalTransactionAdvisor'
11:19:06.918 [main] DEBUG org.springframework.beans.factory.support.DefaultListableBeanFactory - Finished creating instance of bean 'defaultValidator'
11:19:06.919 [main] DEBUG org.springframework.beans.factory.support.DefaultListableBeanFactory - Returning cached instance of singleton bean 'methodValidationPostProcessor'
11:19:06.919 [main] DEBUG org.springframework.beans.factory.support.DefaultListableBeanFactory - Creating shared instance of singleton bean 'org.springframework.boot.autoconfigure.transaction.jta.JtaAutoConfiguration'
11:19:06.919 [main] DEBUG org.springframework.beans.factory.support.DefaultListableBeanFactory - Creating instance of bean 'org.springframework.boot.autoconfigure.transaction.jta.JtaAutoConfiguration'
11:19:06.919 [main] DEBUG org.springframework.beans.factory.support.DefaultListableBeanFactory - Returning cached instance of singleton bean 'org.springframework.transaction.config.internalTransactionAdvisor'
11:19:06.920 [main] DEBUG org.springframework.beans.factory.support.DefaultListableBeanFactory - Eagerly caching bean 'org.springframework.boot.autoconfigure.transaction.jta.JtaAutoConfiguration' to allow for resolving potential circular references
11:19:06.920 [main] DEBUG org.springframework.beans.factory.support.DefaultListableBeanFactory - Returning cached instance of singleton bean 'org.springframework.transaction.config.internalTransactionAdvisor'
11:19:06.920 [main] DEBUG org.springframework.beans.factory.support.DefaultListableBeanFactory - Returning cached instance of singleton bean 'org.springframework.transaction.config.internalTransactionAdvisor'
11:19:06.921 [main] DEBUG org.springframework.beans.factory.support.DefaultListableBeanFactory - Finished creating instance of bean 'org.springframework.boot.autoconfigure.transaction.jta.JtaAutoConfiguration'
11:19:06.921 [main] DEBUG org.springframework.beans.factory.support.DefaultListableBeanFactory - Creating shared instance of singleton bean 'spring.jta-org.springframework.boot.autoconfigure.transaction.jta.JtaProperties'
11:19:06.921 [main] DEBUG org.springframework.beans.factory.support.DefaultListableBeanFactory - Creating instance of bean 'spring.jta-org.springframework.boot.autoconfigure.transaction.jta.JtaProperties'
11:19:06.921 [main] DEBUG org.springframework.beans.factory.support.DefaultListableBeanFactory - Returning cached instance of singleton bean 'org.springframework.transaction.config.internalTransactionAdvisor'
11:19:06.922 [main] DEBUG org.springframework.beans.factory.support.DefaultListableBeanFactory - Eagerly caching bean 'spring.jta-org.springframework.boot.autoconfigure.transaction.jta.JtaProperties' to allow for resolving potential circular references
11:19:06.923 [main] DEBUG org.springframework.beans.factory.support.DefaultListableBeanFactory - Returning cached instance of singleton bean 'org.springframework.transaction.config.internalTransactionAdvisor'
11:19:06.924 [main] DEBUG org.springframework.beans.factory.support.DefaultListableBeanFactory - Returning cached instance of singleton bean 'org.springframework.transaction.config.internalTransactionAdvisor'
11:19:06.924 [main] DEBUG org.springframework.beans.factory.support.DefaultListableBeanFactory - Finished creating instance of bean 'spring.jta-org.springframework.boot.autoconfigure.transaction.jta.JtaProperties'
11:19:06.924 [main] DEBUG org.springframework.beans.factory.support.DefaultListableBeanFactory - Creating shared instance of singleton bean 'org.springframework.boot.autoconfigure.jdbc.metadata.DataSourcePoolMetadataProvidersConfiguration$CommonsDbcp2PoolDataSourceMetadataProviderConfiguration'
11:19:06.924 [main] DEBUG org.springframework.beans.factory.support.DefaultListableBeanFactory - Creating instance of bean 'org.springframework.boot.autoconfigure.jdbc.metadata.DataSourcePoolMetadataProvidersConfiguration$CommonsDbcp2PoolDataSourceMetadataProviderConfiguration'
11:19:06.924 [main] DEBUG org.springframework.beans.factory.support.DefaultListableBeanFactory - Returning cached instance of singleton bean 'org.springframework.transaction.config.internalTransactionAdvisor'
11:19:06.925 [main] DEBUG org.springframework.beans.factory.support.DefaultListableBeanFactory - Eagerly caching bean 'org.springframework.boot.autoconfigure.jdbc.metadata.DataSourcePoolMetadataProvidersConfiguration$CommonsDbcp2PoolDataSourceMetadataProviderConfiguration' to allow for resolving potential circular references
11:19:06.927 [main] DEBUG org.springframework.beans.factory.support.DefaultListableBeanFactory - Returning cached instance of singleton bean 'org.springframework.transaction.config.internalTransactionAdvisor'
11:19:06.927 [main] DEBUG org.springframework.beans.factory.support.DefaultListableBeanFactory - Returning cached instance of singleton bean 'org.springframework.transaction.config.internalTransactionAdvisor'
11:19:06.928 [main] DEBUG org.springframework.beans.factory.support.DefaultListableBeanFactory - Finished creating instance of bean 'org.springframework.boot.autoconfigure.jdbc.metadata.DataSourcePoolMetadataProvidersConfiguration$CommonsDbcp2PoolDataSourceMetadataProviderConfiguration'
11:19:06.928 [main] DEBUG org.springframework.beans.factory.support.DefaultListableBeanFactory - Creating shared instance of singleton bean 'commonsDbcp2PoolDataSourceMetadataProvider'
11:19:06.929 [main] DEBUG org.springframework.beans.factory.support.DefaultListableBeanFactory - Creating instance of bean 'commonsDbcp2PoolDataSourceMetadataProvider'
11:19:06.929 [main] DEBUG org.springframework.beans.factory.support.DefaultListableBeanFactory - Returning cached instance of singleton bean 'org.springframework.transaction.config.internalTransactionAdvisor'
11:19:06.929 [main] DEBUG org.springframework.beans.factory.support.DefaultListableBeanFactory - Returning cached instance of singleton bean 'org.springframework.boot.autoconfigure.jdbc.metadata.DataSourcePoolMetadataProvidersConfiguration$CommonsDbcp2PoolDataSourceMetadataProviderConfiguration'
11:19:06.932 [main] DEBUG org.springframework.beans.factory.support.DefaultListableBeanFactory - Eagerly caching bean 'commonsDbcp2PoolDataSourceMetadataProvider' to allow for resolving potential circular references
11:19:06.933 [main] DEBUG org.springframework.beans.factory.support.DefaultListableBeanFactory - Returning cached instance of singleton bean 'org.springframework.transaction.config.internalTransactionAdvisor'
11:19:06.937 [main] DEBUG org.springframework.beans.factory.support.DefaultListableBeanFactory - Returning cached instance of singleton bean 'org.springframework.transaction.config.internalTransactionAdvisor'
11:19:06.939 [main] DEBUG org.springframework.beans.factory.support.DefaultListableBeanFactory - Finished creating instance of bean 'commonsDbcp2PoolDataSourceMetadataProvider'
11:19:06.942 [main] DEBUG org.springframework.beans.factory.support.DefaultListableBeanFactory - Creating shared instance of singleton bean 'org.springframework.boot.autoconfigure.jdbc.metadata.DataSourcePoolMetadataProvidersConfiguration$HikariPoolDataSourceMetadataProviderConfiguration'
11:19:06.945 [main] DEBUG org.springframework.beans.factory.support.DefaultListableBeanFactory - Creating instance of bean 'org.springframework.boot.autoconfigure.jdbc.metadata.DataSourcePoolMetadataProvidersConfiguration$HikariPoolDataSourceMetadataProviderConfiguration'
11:19:06.947 [main] DEBUG org.springframework.beans.factory.support.DefaultListableBeanFactory - Returning cached instance of singleton bean 'org.springframework.transaction.config.internalTransactionAdvisor'
11:19:06.950 [main] DEBUG org.springframework.beans.factory.support.DefaultListableBeanFactory - Eagerly caching bean 'org.springframework.boot.autoconfigure.jdbc.metadata.DataSourcePoolMetadataProvidersConfiguration$HikariPoolDataSourceMetadataProviderConfiguration' to allow for resolving potential circular references
11:19:06.955 [main] DEBUG org.springframework.beans.factory.support.DefaultListableBeanFactory - Returning cached instance of singleton bean 'org.springframework.transaction.config.internalTransactionAdvisor'
11:19:06.958 [main] DEBUG org.springframework.beans.factory.support.DefaultListableBeanFactory - Returning cached instance of singleton bean 'org.springframework.transaction.config.internalTransactionAdvisor'
11:19:06.960 [main] DEBUG org.springframework.beans.factory.support.DefaultListableBeanFactory - Finished creating instance of bean 'org.springframework.boot.autoconfigure.jdbc.metadata.DataSourcePoolMetadataProvidersConfiguration$HikariPoolDataSourceMetadataProviderConfiguration'
11:19:06.961 [main] DEBUG org.springframework.beans.factory.support.DefaultListableBeanFactory - Creating shared instance of singleton bean 'hikariPoolDataSourceMetadataProvider'
11:19:06.961 [main] DEBUG org.springframework.beans.factory.support.DefaultListableBeanFactory - Creating instance of bean 'hikariPoolDataSourceMetadataProvider'
11:19:06.962 [main] DEBUG org.springframework.beans.factory.support.DefaultListableBeanFactory - Returning cached instance of singleton bean 'org.springframework.transaction.config.internalTransactionAdvisor'
11:19:06.962 [main] DEBUG org.springframework.beans.factory.support.DefaultListableBeanFactory - Returning cached instance of singleton bean 'org.springframework.boot.autoconfigure.jdbc.metadata.DataSourcePoolMetadataProvidersConfiguration$HikariPoolDataSourceMetadataProviderConfiguration'
11:19:06.962 [main] DEBUG org.springframework.beans.factory.support.DefaultListableBeanFactory - Eagerly caching bean 'hikariPoolDataSourceMetadataProvider' to allow for resolving potential circular references
11:19:06.964 [main] DEBUG org.springframework.beans.factory.support.DefaultListableBeanFactory - Returning cached instance of singleton bean 'org.springframework.transaction.config.internalTransactionAdvisor'
11:19:06.964 [main] DEBUG org.springframework.beans.factory.support.DefaultListableBeanFactory - Returning cached instance of singleton bean 'org.springframework.transaction.config.internalTransactionAdvisor'
11:19:06.964 [main] DEBUG org.springframework.beans.factory.support.DefaultListableBeanFactory - Finished creating instance of bean 'hikariPoolDataSourceMetadataProvider'
11:19:06.965 [main] DEBUG org.springframework.beans.factory.support.DefaultListableBeanFactory - Creating shared instance of singleton bean 'org.springframework.boot.autoconfigure.jdbc.metadata.DataSourcePoolMetadataProvidersConfiguration'
11:19:06.965 [main] DEBUG org.springframework.beans.factory.support.DefaultListableBeanFactory - Creating instance of bean 'org.springframework.boot.autoconfigure.jdbc.metadata.DataSourcePoolMetadataProvidersConfiguration'
11:19:06.965 [main] DEBUG org.springframework.beans.factory.support.DefaultListableBeanFactory - Returning cached instance of singleton bean 'org.springframework.transaction.config.internalTransactionAdvisor'
11:19:06.966 [main] DEBUG org.springframework.beans.factory.support.DefaultListableBeanFactory - Eagerly caching bean 'org.springframework.boot.autoconfigure.jdbc.metadata.DataSourcePoolMetadataProvidersConfiguration' to allow for resolving potential circular references
11:19:06.967 [main] DEBUG org.springframework.beans.factory.support.DefaultListableBeanFactory - Returning cached instance of singleton bean 'org.springframework.transaction.config.internalTransactionAdvisor'
11:19:06.967 [main] DEBUG org.springframework.beans.factory.support.DefaultListableBeanFactory - Returning cached instance of singleton bean 'org.springframework.transaction.config.internalTransactionAdvisor'
11:19:06.968 [main] DEBUG org.springframework.beans.factory.support.DefaultListableBeanFactory - Finished creating instance of bean 'org.springframework.boot.autoconfigure.jdbc.metadata.DataSourcePoolMetadataProvidersConfiguration'
11:19:06.968 [main] DEBUG org.springframework.beans.factory.support.DefaultListableBeanFactory - Returning cached instance of singleton bean 'org.springframework.boot.autoconfigure.jdbc.DataSourceInitializerInvoker'
11:19:06.968 [main] DEBUG org.springframework.beans.factory.support.DefaultListableBeanFactory - Creating shared instance of singleton bean 'org.springframework.boot.autoconfigure.jdbc.DataSourceInitializationConfiguration'
11:19:06.968 [main] DEBUG org.springframework.beans.factory.support.DefaultListableBeanFactory - Creating instance of bean 'org.springframework.boot.autoconfigure.jdbc.DataSourceInitializationConfiguration'
11:19:06.968 [main] DEBUG org.springframework.beans.factory.support.DefaultListableBeanFactory - Returning cached instance of singleton bean 'org.springframework.transaction.config.internalTransactionAdvisor'
11:19:06.969 [main] DEBUG org.springframework.beans.factory.support.DefaultListableBeanFactory - Eagerly caching bean 'org.springframework.boot.autoconfigure.jdbc.DataSourceInitializationConfiguration' to allow for resolving potential circular references
11:19:06.970 [main] DEBUG org.springframework.beans.factory.support.DefaultListableBeanFactory - Returning cached instance of singleton bean 'org.springframework.transaction.config.internalTransactionAdvisor'
11:19:06.970 [main] DEBUG org.springframework.beans.factory.support.DefaultListableBeanFactory - Returning cached instance of singleton bean 'org.springframework.transaction.config.internalTransactionAdvisor'
11:19:06.971 [main] DEBUG org.springframework.beans.factory.support.DefaultListableBeanFactory - Finished creating instance of bean 'org.springframework.boot.autoconfigure.jdbc.DataSourceInitializationConfiguration'
11:19:06.971 [main] DEBUG org.springframework.beans.factory.support.DefaultListableBeanFactory - Returning cached instance of singleton bean 'dataSourceInitializerPostProcessor'
11:19:06.971 [main] DEBUG org.springframework.beans.factory.support.DefaultListableBeanFactory - Creating shared instance of singleton bean 'org.springframework.boot.autoconfigure.jdbc.DataSourceAutoConfiguration'
11:19:06.971 [main] DEBUG org.springframework.beans.factory.support.DefaultListableBeanFactory - Creating instance of bean 'org.springframework.boot.autoconfigure.jdbc.DataSourceAutoConfiguration'
11:19:06.971 [main] DEBUG org.springframework.beans.factory.support.DefaultListableBeanFactory - Returning cached instance of singleton bean 'org.springframework.transaction.config.internalTransactionAdvisor'
11:19:06.972 [main] DEBUG org.springframework.beans.factory.support.DefaultListableBeanFactory - Eagerly caching bean 'org.springframework.boot.autoconfigure.jdbc.DataSourceAutoConfiguration' to allow for resolving potential circular references
11:19:06.974 [main] DEBUG org.springframework.beans.factory.support.DefaultListableBeanFactory - Returning cached instance of singleton bean 'org.springframework.transaction.config.internalTransactionAdvisor'
11:19:06.976 [main] DEBUG org.springframework.beans.factory.support.DefaultListableBeanFactory - Returning cached instance of singleton bean 'org.springframework.transaction.config.internalTransactionAdvisor'
11:19:06.979 [main] DEBUG org.springframework.beans.factory.support.DefaultListableBeanFactory - Finished creating instance of bean 'org.springframework.boot.autoconfigure.jdbc.DataSourceAutoConfiguration'
11:19:06.981 [main] DEBUG org.springframework.beans.factory.support.DefaultListableBeanFactory - Returning cached instance of singleton bean 'spring.datasource-org.springframework.boot.autoconfigure.jdbc.DataSourceProperties'
11:19:07.008 [main] DEBUG org.springframework.beans.factory.support.DefaultListableBeanFactory - Creating shared instance of singleton bean 'org.springframework.boot.autoconfigure.jdbc.JdbcTemplateAutoConfiguration$JdbcTemplateConfiguration'
11:19:07.008 [main] DEBUG org.springframework.beans.factory.support.DefaultListableBeanFactory - Creating instance of bean 'org.springframework.boot.autoconfigure.jdbc.JdbcTemplateAutoConfiguration$JdbcTemplateConfiguration'
11:19:07.008 [main] DEBUG org.springframework.beans.factory.support.DefaultListableBeanFactory - Returning cached instance of singleton bean 'org.springframework.transaction.config.internalTransactionAdvisor'
11:19:07.009 [main] DEBUG org.springframework.core.LocalVariableTableParameterNameDiscoverer - Cannot find '.class' file for class [class org.springframework.boot.autoconfigure.jdbc.JdbcTemplateAutoConfiguration$JdbcTemplateConfiguration$$EnhancerBySpringCGLIB$$f802e33e] - unable to determine constructor/method parameter names
11:19:07.009 [main] DEBUG org.springframework.beans.factory.support.DefaultListableBeanFactory - Returning cached instance of singleton bean 'getDataSource'
11:19:07.010 [main] DEBUG org.springframework.beans.factory.support.DefaultListableBeanFactory - Creating shared instance of singleton bean 'spring.jdbc-org.springframework.boot.autoconfigure.jdbc.JdbcProperties'
11:19:07.010 [main] DEBUG org.springframework.beans.factory.support.DefaultListableBeanFactory - Creating instance of bean 'spring.jdbc-org.springframework.boot.autoconfigure.jdbc.JdbcProperties'
11:19:07.011 [main] DEBUG org.springframework.beans.factory.support.DefaultListableBeanFactory - Returning cached instance of singleton bean 'org.springframework.transaction.config.internalTransactionAdvisor'
11:19:07.012 [main] DEBUG org.springframework.beans.factory.support.DefaultListableBeanFactory - Eagerly caching bean 'spring.jdbc-org.springframework.boot.autoconfigure.jdbc.JdbcProperties' to allow for resolving potential circular references
11:19:07.030 [main] DEBUG org.springframework.beans.factory.support.DefaultListableBeanFactory - Returning cached instance of singleton bean 'org.springframework.transaction.config.internalTransactionAdvisor'
11:19:07.031 [main] DEBUG org.springframework.beans.factory.support.DefaultListableBeanFactory - Returning cached instance of singleton bean 'org.springframework.transaction.config.internalTransactionAdvisor'
11:19:07.031 [main] DEBUG org.springframework.beans.factory.support.DefaultListableBeanFactory - Finished creating instance of bean 'spring.jdbc-org.springframework.boot.autoconfigure.jdbc.JdbcProperties'
11:19:07.031 [main] DEBUG org.springframework.beans.factory.support.DefaultListableBeanFactory - Autowiring by type from bean name 'org.springframework.boot.autoconfigure.jdbc.JdbcTemplateAutoConfiguration$JdbcTemplateConfiguration' via constructor to bean named 'getDataSource'
11:19:07.031 [main] DEBUG org.springframework.beans.factory.support.DefaultListableBeanFactory - Autowiring by type from bean name 'org.springframework.boot.autoconfigure.jdbc.JdbcTemplateAutoConfiguration$JdbcTemplateConfiguration' via constructor to bean named 'spring.jdbc-org.springframework.boot.autoconfigure.jdbc.JdbcProperties'
11:19:07.032 [main] DEBUG org.springframework.beans.factory.support.DefaultListableBeanFactory - Eagerly caching bean 'org.springframework.boot.autoconfigure.jdbc.JdbcTemplateAutoConfiguration$JdbcTemplateConfiguration' to allow for resolving potential circular references
11:19:07.035 [main] DEBUG org.springframework.beans.factory.support.DefaultListableBeanFactory - Returning cached instance of singleton bean 'org.springframework.transaction.config.internalTransactionAdvisor'
11:19:07.036 [main] DEBUG org.springframework.beans.factory.support.DefaultListableBeanFactory - Returning cached instance of singleton bean 'org.springframework.transaction.config.internalTransactionAdvisor'
11:19:07.040 [main] DEBUG org.springframework.beans.factory.support.DefaultListableBeanFactory - Finished creating instance of bean 'org.springframework.boot.autoconfigure.jdbc.JdbcTemplateAutoConfiguration$JdbcTemplateConfiguration'
11:19:07.040 [main] DEBUG org.springframework.beans.factory.support.DefaultListableBeanFactory - Creating shared instance of singleton bean 'jdbcTemplate'
11:19:07.040 [main] DEBUG org.springframework.beans.factory.support.DefaultListableBeanFactory - Creating instance of bean 'jdbcTemplate'
11:19:07.040 [main] DEBUG org.springframework.beans.factory.support.DefaultListableBeanFactory - Returning cached instance of singleton bean 'org.springframework.transaction.config.internalTransactionAdvisor'
11:19:07.041 [main] DEBUG org.springframework.beans.factory.support.DefaultListableBeanFactory - Returning cached instance of singleton bean 'org.springframework.boot.autoconfigure.jdbc.JdbcTemplateAutoConfiguration$JdbcTemplateConfiguration'
11:19:07.042 [main] DEBUG org.springframework.beans.factory.support.DefaultListableBeanFactory - Eagerly caching bean 'jdbcTemplate' to allow for resolving potential circular references
11:19:07.048 [main] DEBUG org.springframework.beans.factory.support.DefaultListableBeanFactory - Invoking afterPropertiesSet() on bean with name 'jdbcTemplate'
11:19:07.048 [main] DEBUG org.springframework.beans.factory.support.DefaultListableBeanFactory - Returning cached instance of singleton bean 'org.springframework.transaction.config.internalTransactionAdvisor'
11:19:07.048 [main] DEBUG org.springframework.beans.factory.support.DefaultListableBeanFactory - Returning cached instance of singleton bean 'org.springframework.transaction.config.internalTransactionAdvisor'
11:19:07.082 [main] DEBUG org.springframework.beans.factory.support.DefaultListableBeanFactory - Finished creating instance of bean 'jdbcTemplate'
11:19:07.082 [main] DEBUG org.springframework.beans.factory.support.DefaultListableBeanFactory - Creating shared instance of singleton bean 'org.springframework.boot.autoconfigure.jdbc.JdbcTemplateAutoConfiguration$NamedParameterJdbcTemplateConfiguration'
11:19:07.082 [main] DEBUG org.springframework.beans.factory.support.DefaultListableBeanFactory - Creating instance of bean 'org.springframework.boot.autoconfigure.jdbc.JdbcTemplateAutoConfiguration$NamedParameterJdbcTemplateConfiguration'
11:19:07.096 [main] DEBUG org.springframework.beans.factory.support.DefaultListableBeanFactory - Returning cached instance of singleton bean 'org.springframework.transaction.config.internalTransactionAdvisor'
11:19:07.103 [main] DEBUG org.springframework.beans.factory.support.DefaultListableBeanFactory - Eagerly caching bean 'org.springframework.boot.autoconfigure.jdbc.JdbcTemplateAutoConfiguration$NamedParameterJdbcTemplateConfiguration' to allow for resolving potential circular references
11:19:07.107 [main] DEBUG org.springframework.beans.factory.support.DefaultListableBeanFactory - Returning cached instance of singleton bean 'org.springframework.transaction.config.internalTransactionAdvisor'
11:19:07.110 [main] DEBUG org.springframework.beans.factory.support.DefaultListableBeanFactory - Returning cached instance of singleton bean 'org.springframework.transaction.config.internalTransactionAdvisor'
11:19:07.113 [main] DEBUG org.springframework.beans.factory.support.DefaultListableBeanFactory - Finished creating instance of bean 'org.springframework.boot.autoconfigure.jdbc.JdbcTemplateAutoConfiguration$NamedParameterJdbcTemplateConfiguration'
11:19:07.114 [main] DEBUG org.springframework.beans.factory.support.DefaultListableBeanFactory - Creating shared instance of singleton bean 'namedParameterJdbcTemplate'
11:19:07.114 [main] DEBUG org.springframework.beans.factory.support.DefaultListableBeanFactory - Creating instance of bean 'namedParameterJdbcTemplate'
11:19:07.114 [main] DEBUG org.springframework.beans.factory.support.DefaultListableBeanFactory - Returning cached instance of singleton bean 'org.springframework.transaction.config.internalTransactionAdvisor'
11:19:07.114 [main] DEBUG org.springframework.beans.factory.support.DefaultListableBeanFactory - Returning cached instance of singleton bean 'org.springframework.boot.autoconfigure.jdbc.JdbcTemplateAutoConfiguration$NamedParameterJdbcTemplateConfiguration'
11:19:07.115 [main] DEBUG org.springframework.beans.factory.support.DefaultListableBeanFactory - Returning cached instance of singleton bean 'jdbcTemplate'
11:19:07.115 [main] DEBUG org.springframework.beans.factory.support.DefaultListableBeanFactory - Autowiring by type from bean name 'namedParameterJdbcTemplate' via factory method to bean named 'jdbcTemplate'
11:19:07.117 [main] DEBUG org.springframework.beans.factory.support.DefaultListableBeanFactory - Eagerly caching bean 'namedParameterJdbcTemplate' to allow for resolving potential circular references
11:19:07.120 [main] DEBUG org.springframework.beans.factory.support.DefaultListableBeanFactory - Returning cached instance of singleton bean 'org.springframework.transaction.config.internalTransactionAdvisor'
11:19:07.122 [main] DEBUG org.springframework.beans.factory.support.DefaultListableBeanFactory - Returning cached instance of singleton bean 'org.springframework.transaction.config.internalTransactionAdvisor'
11:19:07.125 [main] DEBUG org.springframework.beans.factory.support.DefaultListableBeanFactory - Finished creating instance of bean 'namedParameterJdbcTemplate'
11:19:07.126 [main] DEBUG org.springframework.beans.factory.support.DefaultListableBeanFactory - Creating shared instance of singleton bean 'org.springframework.boot.autoconfigure.jdbc.JdbcTemplateAutoConfiguration'
11:19:07.130 [main] DEBUG org.springframework.beans.factory.support.DefaultListableBeanFactory - Creating instance of bean 'org.springframework.boot.autoconfigure.jdbc.JdbcTemplateAutoConfiguration'
11:19:07.131 [main] DEBUG org.springframework.beans.factory.support.DefaultListableBeanFactory - Returning cached instance of singleton bean 'org.springframework.transaction.config.internalTransactionAdvisor'
11:19:07.131 [main] DEBUG org.springframework.beans.factory.support.DefaultListableBeanFactory - Eagerly caching bean 'org.springframework.boot.autoconfigure.jdbc.JdbcTemplateAutoConfiguration' to allow for resolving potential circular references
11:19:07.133 [main] DEBUG org.springframework.beans.factory.support.DefaultListableBeanFactory - Returning cached instance of singleton bean 'org.springframework.transaction.config.internalTransactionAdvisor'
11:19:07.136 [main] DEBUG org.springframework.beans.factory.support.DefaultListableBeanFactory - Returning cached instance of singleton bean 'org.springframework.transaction.config.internalTransactionAdvisor'
11:19:07.139 [main] DEBUG org.springframework.beans.factory.support.DefaultListableBeanFactory - Finished creating instance of bean 'org.springframework.boot.autoconfigure.jdbc.JdbcTemplateAutoConfiguration'
11:19:07.141 [main] DEBUG org.springframework.beans.factory.support.DefaultListableBeanFactory - Returning cached instance of singleton bean 'spring.jdbc-org.springframework.boot.autoconfigure.jdbc.JdbcProperties'
11:19:07.144 [main] DEBUG org.springframework.beans.factory.support.DefaultListableBeanFactory - Creating shared instance of singleton bean 'org.springframework.boot.autoconfigure.jmx.JmxAutoConfiguration'
11:19:07.149 [main] DEBUG org.springframework.beans.factory.support.DefaultListableBeanFactory - Creating instance of bean 'org.springframework.boot.autoconfigure.jmx.JmxAutoConfiguration'
11:19:07.151 [main] DEBUG org.springframework.beans.factory.support.DefaultListableBeanFactory - Returning cached instance of singleton bean 'org.springframework.transaction.config.internalTransactionAdvisor'
11:19:07.152 [main] DEBUG org.springframework.beans.factory.support.DefaultListableBeanFactory - Eagerly caching bean 'org.springframework.boot.autoconfigure.jmx.JmxAutoConfiguration' to allow for resolving potential circular references
11:19:07.156 [main] DEBUG org.springframework.beans.factory.support.DefaultListableBeanFactory - Returning cached instance of singleton bean 'org.springframework.transaction.config.internalTransactionAdvisor'
11:19:07.156 [main] DEBUG org.springframework.beans.factory.support.DefaultListableBeanFactory - Returning cached instance of singleton bean 'org.springframework.transaction.config.internalTransactionAdvisor'
11:19:07.157 [main] DEBUG org.springframework.beans.factory.support.DefaultListableBeanFactory - Finished creating instance of bean 'org.springframework.boot.autoconfigure.jmx.JmxAutoConfiguration'
11:19:07.158 [main] DEBUG org.springframework.beans.factory.support.DefaultListableBeanFactory - Creating shared instance of singleton bean 'mbeanExporter'
11:19:07.158 [main] DEBUG org.springframework.beans.factory.support.DefaultListableBeanFactory - Creating instance of bean 'mbeanExporter'
11:19:07.158 [main] DEBUG org.springframework.beans.factory.support.DefaultListableBeanFactory - Returning cached instance of singleton bean 'org.springframework.transaction.config.internalTransactionAdvisor'
11:19:07.158 [main] DEBUG org.springframework.beans.factory.support.DefaultListableBeanFactory - Returning cached instance of singleton bean 'org.springframework.boot.autoconfigure.jmx.JmxAutoConfiguration'
11:19:07.159 [main] DEBUG org.springframework.beans.factory.support.DefaultListableBeanFactory - Creating shared instance of singleton bean 'objectNamingStrategy'
11:19:07.159 [main] DEBUG org.springframework.beans.factory.support.DefaultListableBeanFactory - Creating instance of bean 'objectNamingStrategy'
11:19:07.160 [main] DEBUG org.springframework.beans.factory.support.DefaultListableBeanFactory - Returning cached instance of singleton bean 'org.springframework.transaction.config.internalTransactionAdvisor'
11:19:07.160 [main] DEBUG org.springframework.beans.factory.support.DefaultListableBeanFactory - Returning cached instance of singleton bean 'org.springframework.boot.autoconfigure.jmx.JmxAutoConfiguration'
11:19:07.167 [main] DEBUG org.springframework.core.env.PropertySourcesPropertyResolver - Could not find key 'spring.jmx.default-domain' in any property source
11:19:07.169 [main] DEBUG org.springframework.beans.factory.support.DefaultListableBeanFactory - Eagerly caching bean 'objectNamingStrategy' to allow for resolving potential circular references
11:19:07.175 [main] DEBUG org.springframework.beans.factory.support.DefaultListableBeanFactory - Invoking afterPropertiesSet() on bean with name 'objectNamingStrategy'
11:19:07.175 [main] DEBUG org.springframework.beans.factory.support.DefaultListableBeanFactory - Returning cached instance of singleton bean 'org.springframework.transaction.config.internalTransactionAdvisor'
11:19:07.175 [main] DEBUG org.springframework.beans.factory.support.DefaultListableBeanFactory - Returning cached instance of singleton bean 'org.springframework.transaction.config.internalTransactionAdvisor'
11:19:07.176 [main] DEBUG org.springframework.beans.factory.support.DefaultListableBeanFactory - Finished creating instance of bean 'objectNamingStrategy'
11:19:07.176 [main] DEBUG org.springframework.beans.factory.support.DefaultListableBeanFactory - Autowiring by type from bean name 'mbeanExporter' via factory method to bean named 'objectNamingStrategy'
11:19:07.176 [main] DEBUG org.springframework.core.env.PropertySourcesPropertyResolver - Could not find key 'spring.jmx.server' in any property source
11:19:07.176 [main] DEBUG org.springframework.beans.factory.support.DefaultListableBeanFactory - Creating shared instance of singleton bean 'mbeanServer'
11:19:07.177 [main] DEBUG org.springframework.beans.factory.support.DefaultListableBeanFactory - Creating instance of bean 'mbeanServer'
11:19:07.177 [main] DEBUG org.springframework.beans.factory.support.DefaultListableBeanFactory - Returning cached instance of singleton bean 'org.springframework.transaction.config.internalTransactionAdvisor'
11:19:07.177 [main] DEBUG org.springframework.beans.factory.support.DefaultListableBeanFactory - Returning cached instance of singleton bean 'org.springframework.boot.autoconfigure.jmx.JmxAutoConfiguration'
11:19:07.178 [main] DEBUG org.springframework.jmx.support.JmxUtils - Found MBeanServer: com.sun.jmx.mbeanserver.JmxMBeanServer@26e412ef
11:19:07.179 [main] DEBUG org.springframework.beans.factory.support.DefaultListableBeanFactory - Eagerly caching bean 'mbeanServer' to allow for resolving potential circular references
11:19:07.179 [main] DEBUG org.springframework.beans.factory.support.DefaultListableBeanFactory - Returning cached instance of singleton bean 'org.springframework.transaction.config.internalTransactionAdvisor'
11:19:07.179 [main] DEBUG org.springframework.beans.factory.support.DefaultListableBeanFactory - Returning cached instance of singleton bean 'org.springframework.transaction.config.internalTransactionAdvisor'
11:19:07.183 [main] DEBUG org.springframework.beans.factory.support.DefaultListableBeanFactory - Finished creating instance of bean 'mbeanServer'
11:19:07.185 [main] DEBUG org.springframework.beans.factory.support.DefaultListableBeanFactory - Eagerly caching bean 'mbeanExporter' to allow for resolving potential circular references
11:19:07.207 [main] DEBUG org.springframework.beans.factory.support.DefaultListableBeanFactory - Invoking afterPropertiesSet() on bean with name 'mbeanExporter'
11:19:07.207 [main] DEBUG org.springframework.beans.factory.support.DefaultListableBeanFactory - Returning cached instance of singleton bean 'org.springframework.transaction.config.internalTransactionAdvisor'
11:19:07.207 [main] DEBUG org.springframework.beans.factory.support.DefaultListableBeanFactory - Returning cached instance of singleton bean 'org.springframework.transaction.config.internalTransactionAdvisor'
11:19:07.213 [main] DEBUG org.springframework.beans.factory.support.DefaultListableBeanFactory - Finished creating instance of bean 'mbeanExporter'
11:19:07.215 [main] DEBUG org.springframework.beans.factory.support.DefaultListableBeanFactory - Returning cached instance of singleton bean 'objectNamingStrategy'
11:19:07.217 [main] DEBUG org.springframework.beans.factory.support.DefaultListableBeanFactory - Returning cached instance of singleton bean 'mbeanServer'
11:19:07.220 [main] DEBUG org.springframework.beans.factory.support.DefaultListableBeanFactory - Creating shared instance of singleton bean 'org.springframework.boot.autoconfigure.aop.AopAutoConfiguration$CglibAutoProxyConfiguration'
11:19:07.224 [main] DEBUG org.springframework.beans.factory.support.DefaultListableBeanFactory - Creating instance of bean 'org.springframework.boot.autoconfigure.aop.AopAutoConfiguration$CglibAutoProxyConfiguration'
11:19:07.225 [main] DEBUG org.springframework.beans.factory.support.DefaultListableBeanFactory - Returning cached instance of singleton bean 'org.springframework.transaction.config.internalTransactionAdvisor'
11:19:07.226 [main] DEBUG org.springframework.beans.factory.support.DefaultListableBeanFactory - Eagerly caching bean 'org.springframework.boot.autoconfigure.aop.AopAutoConfiguration$CglibAutoProxyConfiguration' to allow for resolving potential circular references
11:19:07.227 [main] DEBUG org.springframework.beans.factory.support.DefaultListableBeanFactory - Returning cached instance of singleton bean 'org.springframework.transaction.config.internalTransactionAdvisor'
11:19:07.228 [main] DEBUG org.springframework.beans.factory.support.DefaultListableBeanFactory - Returning cached instance of singleton bean 'org.springframework.transaction.config.internalTransactionAdvisor'
11:19:07.229 [main] DEBUG org.springframework.beans.factory.support.DefaultListableBeanFactory - Finished creating instance of bean 'org.springframework.boot.autoconfigure.aop.AopAutoConfiguration$CglibAutoProxyConfiguration'
11:19:07.230 [main] DEBUG org.springframework.beans.factory.support.DefaultListableBeanFactory - Creating shared instance of singleton bean 'org.springframework.boot.autoconfigure.aop.AopAutoConfiguration'
11:19:07.230 [main] DEBUG org.springframework.beans.factory.support.DefaultListableBeanFactory - Creating instance of bean 'org.springframework.boot.autoconfigure.aop.AopAutoConfiguration'
11:19:07.230 [main] DEBUG org.springframework.beans.factory.support.DefaultListableBeanFactory - Returning cached instance of singleton bean 'org.springframework.transaction.config.internalTransactionAdvisor'
11:19:07.231 [main] DEBUG org.springframework.beans.factory.support.DefaultListableBeanFactory - Eagerly caching bean 'org.springframework.boot.autoconfigure.aop.AopAutoConfiguration' to allow for resolving potential circular references
11:19:07.232 [main] DEBUG org.springframework.beans.factory.support.DefaultListableBeanFactory - Returning cached instance of singleton bean 'org.springframework.transaction.config.internalTransactionAdvisor'
11:19:07.234 [main] DEBUG org.springframework.beans.factory.support.DefaultListableBeanFactory - Returning cached instance of singleton bean 'org.springframework.transaction.config.internalTransactionAdvisor'
11:19:07.235 [main] DEBUG org.springframework.beans.factory.support.DefaultListableBeanFactory - Finished creating instance of bean 'org.springframework.boot.autoconfigure.aop.AopAutoConfiguration'
11:19:07.235 [main] DEBUG org.springframework.beans.factory.support.DefaultListableBeanFactory - Creating shared instance of singleton bean 'org.springframework.boot.autoconfigure.orm.jpa.HibernateJpaConfiguration'
11:19:07.235 [main] DEBUG org.springframework.beans.factory.support.DefaultListableBeanFactory - Creating instance of bean 'org.springframework.boot.autoconfigure.orm.jpa.HibernateJpaConfiguration'
11:19:07.236 [main] DEBUG org.springframework.beans.factory.support.DefaultListableBeanFactory - Returning cached instance of singleton bean 'org.springframework.transaction.config.internalTransactionAdvisor'
11:19:07.236 [main] DEBUG org.springframework.core.LocalVariableTableParameterNameDiscoverer - Cannot find '.class' file for class [class org.springframework.boot.autoconfigure.orm.jpa.HibernateJpaConfiguration$$EnhancerBySpringCGLIB$$fe4e7740] - unable to determine constructor/method parameter names
11:19:07.237 [main] DEBUG org.springframework.beans.factory.support.DefaultListableBeanFactory - Returning cached instance of singleton bean 'getDataSource'
11:19:07.238 [main] DEBUG org.springframework.beans.factory.support.DefaultListableBeanFactory - Creating shared instance of singleton bean 'spring.jpa-org.springframework.boot.autoconfigure.orm.jpa.JpaProperties'
11:19:07.238 [main] DEBUG org.springframework.beans.factory.support.DefaultListableBeanFactory - Creating instance of bean 'spring.jpa-org.springframework.boot.autoconfigure.orm.jpa.JpaProperties'
11:19:07.238 [main] DEBUG org.springframework.beans.factory.support.DefaultListableBeanFactory - Returning cached instance of singleton bean 'org.springframework.transaction.config.internalTransactionAdvisor'
11:19:07.239 [main] DEBUG org.springframework.beans.factory.support.DefaultListableBeanFactory - Eagerly caching bean 'spring.jpa-org.springframework.boot.autoconfigure.orm.jpa.JpaProperties' to allow for resolving potential circular references
11:19:07.240 [main] DEBUG org.springframework.beans.factory.support.DefaultListableBeanFactory - Returning cached instance of singleton bean 'org.springframework.transaction.config.internalTransactionAdvisor'
11:19:07.241 [main] DEBUG org.springframework.beans.factory.support.DefaultListableBeanFactory - Returning cached instance of singleton bean 'org.springframework.transaction.config.internalTransactionAdvisor'
11:19:07.242 [main] DEBUG org.springframework.beans.factory.support.DefaultListableBeanFactory - Finished creating instance of bean 'spring.jpa-org.springframework.boot.autoconfigure.orm.jpa.JpaProperties'
11:19:07.243 [main] DEBUG org.springframework.beans.factory.support.DefaultListableBeanFactory - Autowiring by type from bean name 'org.springframework.boot.autoconfigure.orm.jpa.HibernateJpaConfiguration' via constructor to bean named 'getDataSource'
11:19:07.244 [main] DEBUG org.springframework.beans.factory.support.DefaultListableBeanFactory - Autowiring by type from bean name 'org.springframework.boot.autoconfigure.orm.jpa.HibernateJpaConfiguration' via constructor to bean named 'spring.jpa-org.springframework.boot.autoconfigure.orm.jpa.JpaProperties'
11:19:07.246 [main] DEBUG org.springframework.beans.factory.support.DefaultListableBeanFactory - Creating shared instance of singleton bean 'platformTransactionManagerCustomizers'
11:19:07.246 [main] DEBUG org.springframework.beans.factory.support.DefaultListableBeanFactory - Creating instance of bean 'platformTransactionManagerCustomizers'
11:19:07.246 [main] DEBUG org.springframework.beans.factory.support.DefaultListableBeanFactory - Returning cached instance of singleton bean 'org.springframework.transaction.config.internalTransactionAdvisor'
11:19:07.247 [main] DEBUG org.springframework.beans.factory.support.DefaultListableBeanFactory - Creating shared instance of singleton bean 'org.springframework.boot.autoconfigure.transaction.TransactionAutoConfiguration'
11:19:07.247 [main] DEBUG org.springframework.beans.factory.support.DefaultListableBeanFactory - Creating instance of bean 'org.springframework.boot.autoconfigure.transaction.TransactionAutoConfiguration'
11:19:07.247 [main] DEBUG org.springframework.beans.factory.support.DefaultListableBeanFactory - Returning cached instance of singleton bean 'org.springframework.transaction.config.internalTransactionAdvisor'
11:19:07.247 [main] DEBUG org.springframework.beans.factory.support.DefaultListableBeanFactory - Eagerly caching bean 'org.springframework.boot.autoconfigure.transaction.TransactionAutoConfiguration' to allow for resolving potential circular references
11:19:07.249 [main] DEBUG org.springframework.beans.factory.support.DefaultListableBeanFactory - Returning cached instance of singleton bean 'org.springframework.transaction.config.internalTransactionAdvisor'
11:19:07.251 [main] DEBUG org.springframework.beans.factory.support.DefaultListableBeanFactory - Returning cached instance of singleton bean 'org.springframework.transaction.config.internalTransactionAdvisor'
11:19:07.252 [main] DEBUG org.springframework.beans.factory.support.DefaultListableBeanFactory - Finished creating instance of bean 'org.springframework.boot.autoconfigure.transaction.TransactionAutoConfiguration'
11:19:07.254 [main] DEBUG org.springframework.beans.factory.support.DefaultListableBeanFactory - Creating shared instance of singleton bean 'spring.transaction-org.springframework.boot.autoconfigure.transaction.TransactionProperties'
11:19:07.254 [main] DEBUG org.springframework.beans.factory.support.DefaultListableBeanFactory - Creating instance of bean 'spring.transaction-org.springframework.boot.autoconfigure.transaction.TransactionProperties'
11:19:07.254 [main] DEBUG org.springframework.beans.factory.support.DefaultListableBeanFactory - Returning cached instance of singleton bean 'org.springframework.transaction.config.internalTransactionAdvisor'
11:19:07.255 [main] DEBUG org.springframework.beans.factory.support.DefaultListableBeanFactory - Eagerly caching bean 'spring.transaction-org.springframework.boot.autoconfigure.transaction.TransactionProperties' to allow for resolving potential circular references
11:19:07.258 [main] DEBUG org.springframework.beans.factory.support.DefaultListableBeanFactory - Returning cached instance of singleton bean 'org.springframework.transaction.config.internalTransactionAdvisor'
11:19:07.261 [main] DEBUG org.springframework.beans.factory.support.DefaultListableBeanFactory - Returning cached instance of singleton bean 'org.springframework.transaction.config.internalTransactionAdvisor'
11:19:07.269 [main] DEBUG org.springframework.beans.factory.support.DefaultListableBeanFactory - Finished creating instance of bean 'spring.transaction-org.springframework.boot.autoconfigure.transaction.TransactionProperties'
11:19:07.271 [main] DEBUG org.springframework.beans.factory.support.DefaultListableBeanFactory - Eagerly caching bean 'platformTransactionManagerCustomizers' to allow for resolving potential circular references
11:19:07.271 [main] DEBUG org.springframework.beans.factory.support.DefaultListableBeanFactory - Returning cached instance of singleton bean 'org.springframework.transaction.config.internalTransactionAdvisor'
11:19:07.271 [main] DEBUG org.springframework.beans.factory.support.DefaultListableBeanFactory - Returning cached instance of singleton bean 'org.springframework.transaction.config.internalTransactionAdvisor'
11:19:07.272 [main] DEBUG org.springframework.beans.factory.support.DefaultListableBeanFactory - Finished creating instance of bean 'platformTransactionManagerCustomizers'
11:19:07.273 [main] DEBUG org.springframework.beans.factory.support.DefaultListableBeanFactory - Returning cached instance of singleton bean 'commonsDbcp2PoolDataSourceMetadataProvider'
11:19:07.273 [main] DEBUG org.springframework.beans.factory.support.DefaultListableBeanFactory - Returning cached instance of singleton bean 'hikariPoolDataSourceMetadataProvider'
11:19:07.275 [main] DEBUG org.springframework.beans.factory.support.DefaultListableBeanFactory - Eagerly caching bean 'org.springframework.boot.autoconfigure.orm.jpa.HibernateJpaConfiguration' to allow for resolving potential circular references
11:19:07.278 [main] DEBUG org.springframework.beans.factory.support.DefaultListableBeanFactory - Returning cached instance of singleton bean 'org.springframework.transaction.config.internalTransactionAdvisor'
11:19:07.278 [main] DEBUG org.springframework.beans.factory.support.DefaultListableBeanFactory - Returning cached instance of singleton bean 'org.springframework.transaction.config.internalTransactionAdvisor'
11:19:07.279 [main] DEBUG org.springframework.beans.factory.support.DefaultListableBeanFactory - Finished creating instance of bean 'org.springframework.boot.autoconfigure.orm.jpa.HibernateJpaConfiguration'
11:19:07.279 [main] DEBUG org.springframework.beans.factory.support.DefaultListableBeanFactory - Creating shared instance of singleton bean 'jpaVendorAdapter'
11:19:07.280 [main] DEBUG org.springframework.beans.factory.support.DefaultListableBeanFactory - Creating instance of bean 'jpaVendorAdapter'
11:19:07.280 [main] DEBUG org.springframework.beans.factory.support.DefaultListableBeanFactory - Returning cached instance of singleton bean 'org.springframework.transaction.config.internalTransactionAdvisor'
11:19:07.280 [main] DEBUG org.springframework.beans.factory.support.DefaultListableBeanFactory - Returning cached instance of singleton bean 'org.springframework.boot.autoconfigure.orm.jpa.HibernateJpaConfiguration'
11:19:07.280 [main] DEBUG org.springframework.jdbc.datasource.DataSourceUtils - Fetching JDBC Connection from DataSource
11:19:07.281 [main] DEBUG org.springframework.jdbc.datasource.DataSourceUtils - Returning JDBC Connection to DataSource
11:19:07.284 [main] DEBUG org.springframework.beans.factory.support.DefaultListableBeanFactory - Eagerly caching bean 'jpaVendorAdapter' to allow for resolving potential circular references
11:19:07.297 [main] DEBUG org.springframework.beans.factory.support.DefaultListableBeanFactory - Returning cached instance of singleton bean 'org.springframework.transaction.config.internalTransactionAdvisor'
11:19:07.297 [main] DEBUG org.springframework.beans.factory.support.DefaultListableBeanFactory - Returning cached instance of singleton bean 'org.springframework.transaction.config.internalTransactionAdvisor'
11:19:07.298 [main] DEBUG org.springframework.beans.factory.support.DefaultListableBeanFactory - Finished creating instance of bean 'jpaVendorAdapter'
11:19:07.299 [main] DEBUG org.springframework.beans.factory.support.DefaultListableBeanFactory - Creating shared instance of singleton bean 'entityManagerFactoryBuilder'
11:19:07.299 [main] DEBUG org.springframework.beans.factory.support.DefaultListableBeanFactory - Creating instance of bean 'entityManagerFactoryBuilder'
11:19:07.299 [main] DEBUG org.springframework.beans.factory.support.DefaultListableBeanFactory - Returning cached instance of singleton bean 'org.springframework.transaction.config.internalTransactionAdvisor'
11:19:07.300 [main] DEBUG org.springframework.beans.factory.support.DefaultListableBeanFactory - Returning cached instance of singleton bean 'org.springframework.boot.autoconfigure.orm.jpa.HibernateJpaConfiguration'
11:19:07.300 [main] DEBUG org.springframework.beans.factory.support.DefaultListableBeanFactory - Returning cached instance of singleton bean 'jpaVendorAdapter'
11:19:07.300 [main] DEBUG org.springframework.beans.factory.support.DefaultListableBeanFactory - Autowiring by type from bean name 'entityManagerFactoryBuilder' via factory method to bean named 'jpaVendorAdapter'
11:19:07.301 [main] DEBUG org.springframework.beans.factory.support.DefaultListableBeanFactory - Eagerly caching bean 'entityManagerFactoryBuilder' to allow for resolving potential circular references
11:19:07.302 [main] DEBUG org.springframework.beans.factory.support.DefaultListableBeanFactory - Returning cached instance of singleton bean 'org.springframework.transaction.config.internalTransactionAdvisor'
11:19:07.302 [main] DEBUG org.springframework.beans.factory.support.DefaultListableBeanFactory - Returning cached instance of singleton bean 'org.springframework.transaction.config.internalTransactionAdvisor'
11:19:07.303 [main] DEBUG org.springframework.beans.factory.support.DefaultListableBeanFactory - Finished creating instance of bean 'entityManagerFactoryBuilder'
11:19:07.303 [main] DEBUG org.springframework.beans.factory.support.DefaultListableBeanFactory - Returning cached instance of singleton bean 'spring.jpa-org.springframework.boot.autoconfigure.orm.jpa.JpaProperties'
11:19:07.303 [main] DEBUG org.springframework.beans.factory.support.DefaultListableBeanFactory - Returning cached instance of singleton bean 'dataSourceInitializedPublisher'
11:19:07.303 [main] DEBUG org.springframework.beans.factory.support.DefaultListableBeanFactory - Creating shared instance of singleton bean 'org.springframework.boot.autoconfigure.orm.jpa.HibernateJpaAutoConfiguration'
11:19:07.303 [main] DEBUG org.springframework.beans.factory.support.DefaultListableBeanFactory - Creating instance of bean 'org.springframework.boot.autoconfigure.orm.jpa.HibernateJpaAutoConfiguration'
11:19:07.304 [main] DEBUG org.springframework.beans.factory.support.DefaultListableBeanFactory - Returning cached instance of singleton bean 'org.springframework.transaction.config.internalTransactionAdvisor'
11:19:07.323 [main] DEBUG org.springframework.beans.factory.support.DefaultListableBeanFactory - Eagerly caching bean 'org.springframework.boot.autoconfigure.orm.jpa.HibernateJpaAutoConfiguration' to allow for resolving potential circular references
11:19:07.329 [main] DEBUG org.springframework.beans.factory.support.DefaultListableBeanFactory - Returning cached instance of singleton bean 'org.springframework.transaction.config.internalTransactionAdvisor'
11:19:07.329 [main] DEBUG org.springframework.beans.factory.support.DefaultListableBeanFactory - Returning cached instance of singleton bean 'org.springframework.transaction.config.internalTransactionAdvisor'
11:19:07.330 [main] DEBUG org.springframework.beans.factory.support.DefaultListableBeanFactory - Finished creating instance of bean 'org.springframework.boot.autoconfigure.orm.jpa.HibernateJpaAutoConfiguration'
11:19:07.330 [main] DEBUG org.springframework.beans.factory.support.DefaultListableBeanFactory - Creating shared instance of singleton bean 'org.springframework.boot.autoconfigure.context.ConfigurationPropertiesAutoConfiguration'
11:19:07.330 [main] DEBUG org.springframework.beans.factory.support.DefaultListableBeanFactory - Creating instance of bean 'org.springframework.boot.autoconfigure.context.ConfigurationPropertiesAutoConfiguration'
11:19:07.331 [main] DEBUG org.springframework.beans.factory.support.DefaultListableBeanFactory - Returning cached instance of singleton bean 'org.springframework.transaction.config.internalTransactionAdvisor'
11:19:07.331 [main] DEBUG org.springframework.beans.factory.support.DefaultListableBeanFactory - Eagerly caching bean 'org.springframework.boot.autoconfigure.context.ConfigurationPropertiesAutoConfiguration' to allow for resolving potential circular references
11:19:07.333 [main] DEBUG org.springframework.beans.factory.support.DefaultListableBeanFactory - Returning cached instance of singleton bean 'org.springframework.transaction.config.internalTransactionAdvisor'
11:19:07.334 [main] DEBUG org.springframework.beans.factory.support.DefaultListableBeanFactory - Returning cached instance of singleton bean 'org.springframework.transaction.config.internalTransactionAdvisor'
11:19:07.334 [main] DEBUG org.springframework.beans.factory.support.DefaultListableBeanFactory - Finished creating instance of bean 'org.springframework.boot.autoconfigure.context.ConfigurationPropertiesAutoConfiguration'
11:19:07.335 [main] DEBUG org.springframework.beans.factory.support.DefaultListableBeanFactory - Creating shared instance of singleton bean 'org.springframework.boot.autoconfigure.dao.PersistenceExceptionTranslationAutoConfiguration'
11:19:07.335 [main] DEBUG org.springframework.beans.factory.support.DefaultListableBeanFactory - Creating instance of bean 'org.springframework.boot.autoconfigure.dao.PersistenceExceptionTranslationAutoConfiguration'
11:19:07.335 [main] DEBUG org.springframework.beans.factory.support.DefaultListableBeanFactory - Returning cached instance of singleton bean 'org.springframework.transaction.config.internalTransactionAdvisor'
11:19:07.336 [main] DEBUG org.springframework.beans.factory.support.DefaultListableBeanFactory - Eagerly caching bean 'org.springframework.boot.autoconfigure.dao.PersistenceExceptionTranslationAutoConfiguration' to allow for resolving potential circular references
11:19:07.336 [main] DEBUG org.springframework.beans.factory.support.DefaultListableBeanFactory - Returning cached instance of singleton bean 'org.springframework.transaction.config.internalTransactionAdvisor'
11:19:07.336 [main] DEBUG org.springframework.beans.factory.support.DefaultListableBeanFactory - Returning cached instance of singleton bean 'org.springframework.transaction.config.internalTransactionAdvisor'
11:19:07.337 [main] DEBUG org.springframework.beans.factory.support.DefaultListableBeanFactory - Finished creating instance of bean 'org.springframework.boot.autoconfigure.dao.PersistenceExceptionTranslationAutoConfiguration'
11:19:07.337 [main] DEBUG org.springframework.beans.factory.support.DefaultListableBeanFactory - Returning cached instance of singleton bean 'persistenceExceptionTranslationPostProcessor'
11:19:07.337 [main] DEBUG org.springframework.beans.factory.support.DefaultListableBeanFactory - Creating shared instance of singleton bean 'org.springframework.boot.autoconfigure.data.jpa.JpaRepositoriesAutoConfiguration'
11:19:07.337 [main] DEBUG org.springframework.beans.factory.support.DefaultListableBeanFactory - Creating instance of bean 'org.springframework.boot.autoconfigure.data.jpa.JpaRepositoriesAutoConfiguration'
11:19:07.337 [main] DEBUG org.springframework.beans.factory.support.DefaultListableBeanFactory - Returning cached instance of singleton bean 'org.springframework.transaction.config.internalTransactionAdvisor'
11:19:07.338 [main] DEBUG org.springframework.beans.factory.support.DefaultListableBeanFactory - Eagerly caching bean 'org.springframework.boot.autoconfigure.data.jpa.JpaRepositoriesAutoConfiguration' to allow for resolving potential circular references
11:19:07.339 [main] DEBUG org.springframework.beans.factory.support.DefaultListableBeanFactory - Returning cached instance of singleton bean 'org.springframework.transaction.config.internalTransactionAdvisor'
11:19:07.339 [main] DEBUG org.springframework.beans.factory.support.DefaultListableBeanFactory - Returning cached instance of singleton bean 'org.springframework.transaction.config.internalTransactionAdvisor'
11:19:07.340 [main] DEBUG org.springframework.beans.factory.support.DefaultListableBeanFactory - Finished creating instance of bean 'org.springframework.boot.autoconfigure.data.jpa.JpaRepositoriesAutoConfiguration'
11:19:07.341 [main] DEBUG org.springframework.beans.factory.support.DefaultListableBeanFactory - Returning cached instance of singleton bean 'emBeanDefinitionRegistrarPostProcessor'
11:19:07.341 [main] DEBUG org.springframework.beans.factory.support.DefaultListableBeanFactory - Creating shared instance of singleton bean 'jpaMappingContext'
11:19:07.341 [main] DEBUG org.springframework.beans.factory.support.DefaultListableBeanFactory - Creating instance of bean 'jpaMappingContext'
11:19:07.342 [main] DEBUG org.springframework.beans.factory.support.DefaultListableBeanFactory - Returning cached instance of singleton bean 'org.springframework.transaction.config.internalTransactionAdvisor'
11:19:07.342 [main] DEBUG org.springframework.beans.factory.support.DefaultListableBeanFactory - Eagerly caching bean 'jpaMappingContext' to allow for resolving potential circular references
11:19:07.347 [main] DEBUG org.springframework.beans.factory.support.DefaultListableBeanFactory - Invoking afterPropertiesSet() on bean with name 'jpaMappingContext'
11:19:07.348 [main] DEBUG org.springframework.beans.factory.support.DefaultListableBeanFactory - Returning cached instance of singleton bean 'getSessionFactory'
11:19:07.403 [main] DEBUG org.springframework.beans.factory.support.DefaultListableBeanFactory - Returning cached instance of singleton bean 'org.springframework.transaction.config.internalTransactionAdvisor'
11:19:07.405 [main] DEBUG org.springframework.beans.factory.support.DefaultListableBeanFactory - Returning cached instance of singleton bean 'org.springframework.transaction.config.internalTransactionAdvisor'
11:19:07.408 [main] DEBUG org.springframework.beans.factory.support.DefaultListableBeanFactory - Finished creating instance of bean 'jpaMappingContext'
11:19:07.410 [main] DEBUG org.springframework.beans.factory.support.DefaultListableBeanFactory - Creating shared instance of singleton bean 'jpaContext'
11:19:07.413 [main] DEBUG org.springframework.beans.factory.support.DefaultListableBeanFactory - Creating instance of bean 'jpaContext'
11:19:07.415 [main] DEBUG org.springframework.beans.factory.support.DefaultListableBeanFactory - Returning cached instance of singleton bean 'org.springframework.transaction.config.internalTransactionAdvisor'
11:19:07.419 [main] DEBUG org.springframework.beans.factory.support.DefaultListableBeanFactory - Creating shared instance of singleton bean 'org.springframework.orm.jpa.SharedEntityManagerCreator#0'
11:19:07.421 [main] DEBUG org.springframework.beans.factory.support.DefaultListableBeanFactory - Creating instance of bean 'org.springframework.orm.jpa.SharedEntityManagerCreator#0'
11:19:07.428 [main] DEBUG org.springframework.beans.factory.support.DefaultListableBeanFactory - Returning cached instance of singleton bean 'org.springframework.transaction.config.internalTransactionAdvisor'
11:19:07.430 [main] DEBUG org.springframework.beans.factory.support.DefaultListableBeanFactory - Returning cached instance of singleton bean 'getSessionFactory'
11:19:07.435 [main] DEBUG org.springframework.beans.factory.support.DefaultListableBeanFactory - Eagerly caching bean 'org.springframework.orm.jpa.SharedEntityManagerCreator#0' to allow for resolving potential circular references
11:19:07.446 [main] DEBUG org.springframework.beans.factory.support.DefaultListableBeanFactory - Returning cached instance of singleton bean 'org.springframework.transaction.config.internalTransactionAdvisor'
11:19:07.448 [main] DEBUG org.springframework.beans.factory.support.DefaultListableBeanFactory - Returning cached instance of singleton bean 'org.springframework.transaction.config.internalTransactionAdvisor'
11:19:07.453 [main] DEBUG org.springframework.beans.factory.support.DefaultListableBeanFactory - Finished creating instance of bean 'org.springframework.orm.jpa.SharedEntityManagerCreator#0'
11:19:07.457 [main] DEBUG org.springframework.beans.factory.support.DefaultListableBeanFactory - Autowiring by type from bean name 'jpaContext' via constructor to bean named 'org.springframework.orm.jpa.SharedEntityManagerCreator#0'
11:19:07.460 [main] DEBUG org.springframework.beans.factory.support.DefaultListableBeanFactory - Eagerly caching bean 'jpaContext' to allow for resolving potential circular references
11:19:07.463 [main] DEBUG org.springframework.beans.factory.support.DefaultListableBeanFactory - Returning cached instance of singleton bean 'org.springframework.transaction.config.internalTransactionAdvisor'
11:19:07.463 [main] DEBUG org.springframework.beans.factory.support.DefaultListableBeanFactory - Returning cached instance of singleton bean 'org.springframework.transaction.config.internalTransactionAdvisor'
11:19:07.463 [main] DEBUG org.springframework.beans.factory.support.DefaultListableBeanFactory - Finished creating instance of bean 'jpaContext'
11:19:07.464 [main] DEBUG org.springframework.beans.factory.support.DefaultListableBeanFactory - Creating shared instance of singleton bean 'org.springframework.boot.autoconfigure.http.HttpMessageConvertersAutoConfiguration$StringHttpMessageConverterConfiguration'
11:19:07.464 [main] DEBUG org.springframework.beans.factory.support.DefaultListableBeanFactory - Creating instance of bean 'org.springframework.boot.autoconfigure.http.HttpMessageConvertersAutoConfiguration$StringHttpMessageConverterConfiguration'
11:19:07.464 [main] DEBUG org.springframework.beans.factory.support.DefaultListableBeanFactory - Returning cached instance of singleton bean 'org.springframework.transaction.config.internalTransactionAdvisor'
11:19:07.467 [main] DEBUG org.springframework.core.LocalVariableTableParameterNameDiscoverer - Cannot find '.class' file for class [class org.springframework.boot.autoconfigure.http.HttpMessageConvertersAutoConfiguration$StringHttpMessageConverterConfiguration$$EnhancerBySpringCGLIB$$2cb94705] - unable to determine constructor/method parameter names
11:19:07.467 [main] DEBUG org.springframework.beans.factory.support.DefaultListableBeanFactory - Creating shared instance of singleton bean 'spring.http.encoding-org.springframework.boot.autoconfigure.http.HttpEncodingProperties'
11:19:07.468 [main] DEBUG org.springframework.beans.factory.support.DefaultListableBeanFactory - Creating instance of bean 'spring.http.encoding-org.springframework.boot.autoconfigure.http.HttpEncodingProperties'
11:19:07.469 [main] DEBUG org.springframework.beans.factory.support.DefaultListableBeanFactory - Returning cached instance of singleton bean 'org.springframework.transaction.config.internalTransactionAdvisor'
11:19:07.469 [main] DEBUG org.springframework.beans.factory.support.DefaultListableBeanFactory - Eagerly caching bean 'spring.http.encoding-org.springframework.boot.autoconfigure.http.HttpEncodingProperties' to allow for resolving potential circular references
11:19:07.470 [main] DEBUG org.springframework.beans.factory.support.DefaultListableBeanFactory - Returning cached instance of singleton bean 'org.springframework.transaction.config.internalTransactionAdvisor'
11:19:07.471 [main] DEBUG org.springframework.beans.factory.support.DefaultListableBeanFactory - Returning cached instance of singleton bean 'org.springframework.transaction.config.internalTransactionAdvisor'
11:19:07.471 [main] DEBUG org.springframework.beans.factory.support.DefaultListableBeanFactory - Finished creating instance of bean 'spring.http.encoding-org.springframework.boot.autoconfigure.http.HttpEncodingProperties'
11:19:07.471 [main] DEBUG org.springframework.beans.factory.support.DefaultListableBeanFactory - Autowiring by type from bean name 'org.springframework.boot.autoconfigure.http.HttpMessageConvertersAutoConfiguration$StringHttpMessageConverterConfiguration' via constructor to bean named 'spring.http.encoding-org.springframework.boot.autoconfigure.http.HttpEncodingProperties'
11:19:07.472 [main] DEBUG org.springframework.beans.factory.support.DefaultListableBeanFactory - Eagerly caching bean 'org.springframework.boot.autoconfigure.http.HttpMessageConvertersAutoConfiguration$StringHttpMessageConverterConfiguration' to allow for resolving potential circular references
11:19:07.484 [main] DEBUG org.springframework.beans.factory.support.DefaultListableBeanFactory - Returning cached instance of singleton bean 'org.springframework.transaction.config.internalTransactionAdvisor'
11:19:07.484 [main] DEBUG org.springframework.beans.factory.support.DefaultListableBeanFactory - Returning cached instance of singleton bean 'org.springframework.transaction.config.internalTransactionAdvisor'
11:19:07.536 [main] DEBUG org.springframework.beans.factory.support.DefaultListableBeanFactory - Finished creating instance of bean 'org.springframework.boot.autoconfigure.http.HttpMessageConvertersAutoConfiguration$StringHttpMessageConverterConfiguration'
11:19:07.575 [main] DEBUG org.springframework.beans.factory.support.DefaultListableBeanFactory - Creating shared instance of singleton bean 'stringHttpMessageConverter'
11:19:07.577 [main] DEBUG org.springframework.beans.factory.support.DefaultListableBeanFactory - Creating instance of bean 'stringHttpMessageConverter'
11:19:07.579 [main] DEBUG org.springframework.beans.factory.support.DefaultListableBeanFactory - Returning cached instance of singleton bean 'org.springframework.transaction.config.internalTransactionAdvisor'
11:19:07.582 [main] DEBUG org.springframework.beans.factory.support.DefaultListableBeanFactory - Returning cached instance of singleton bean 'org.springframework.boot.autoconfigure.http.HttpMessageConvertersAutoConfiguration$StringHttpMessageConverterConfiguration'
11:19:07.590 [main] DEBUG org.springframework.beans.factory.support.DefaultListableBeanFactory - Eagerly caching bean 'stringHttpMessageConverter' to allow for resolving potential circular references
11:19:07.594 [main] DEBUG org.springframework.beans.factory.support.DefaultListableBeanFactory - Returning cached instance of singleton bean 'org.springframework.transaction.config.internalTransactionAdvisor'
11:19:07.596 [main] DEBUG org.springframework.beans.factory.support.DefaultListableBeanFactory - Returning cached instance of singleton bean 'org.springframework.transaction.config.internalTransactionAdvisor'
11:19:07.601 [main] DEBUG org.springframework.beans.factory.support.DefaultListableBeanFactory - Finished creating instance of bean 'stringHttpMessageConverter'
11:19:07.603 [main] DEBUG org.springframework.beans.factory.support.DefaultListableBeanFactory - Returning cached instance of singleton bean 'spring.http.encoding-org.springframework.boot.autoconfigure.http.HttpEncodingProperties'
11:19:07.605 [main] DEBUG org.springframework.beans.factory.support.DefaultListableBeanFactory - Creating shared instance of singleton bean 'org.springframework.boot.autoconfigure.http.JacksonHttpMessageConvertersConfiguration$MappingJackson2HttpMessageConverterConfiguration'
11:19:07.607 [main] DEBUG org.springframework.beans.factory.support.DefaultListableBeanFactory - Creating instance of bean 'org.springframework.boot.autoconfigure.http.JacksonHttpMessageConvertersConfiguration$MappingJackson2HttpMessageConverterConfiguration'
11:19:07.610 [main] DEBUG org.springframework.beans.factory.support.DefaultListableBeanFactory - Returning cached instance of singleton bean 'org.springframework.transaction.config.internalTransactionAdvisor'
11:19:07.612 [main] DEBUG org.springframework.beans.factory.support.DefaultListableBeanFactory - Eagerly caching bean 'org.springframework.boot.autoconfigure.http.JacksonHttpMessageConvertersConfiguration$MappingJackson2HttpMessageConverterConfiguration' to allow for resolving potential circular references
11:19:07.616 [main] DEBUG org.springframework.beans.factory.support.DefaultListableBeanFactory - Returning cached instance of singleton bean 'org.springframework.transaction.config.internalTransactionAdvisor'
11:19:07.619 [main] DEBUG org.springframework.beans.factory.support.DefaultListableBeanFactory - Returning cached instance of singleton bean 'org.springframework.transaction.config.internalTransactionAdvisor'
11:19:07.622 [main] DEBUG org.springframework.beans.factory.support.DefaultListableBeanFactory - Finished creating instance of bean 'org.springframework.boot.autoconfigure.http.JacksonHttpMessageConvertersConfiguration$MappingJackson2HttpMessageConverterConfiguration'
11:19:07.624 [main] DEBUG org.springframework.beans.factory.support.DefaultListableBeanFactory - Creating shared instance of singleton bean 'mappingJackson2HttpMessageConverter'
11:19:07.626 [main] DEBUG org.springframework.beans.factory.support.DefaultListableBeanFactory - Creating instance of bean 'mappingJackson2HttpMessageConverter'
11:19:07.629 [main] DEBUG org.springframework.beans.factory.support.DefaultListableBeanFactory - Returning cached instance of singleton bean 'org.springframework.transaction.config.internalTransactionAdvisor'
11:19:07.631 [main] DEBUG org.springframework.beans.factory.support.DefaultListableBeanFactory - Returning cached instance of singleton bean 'org.springframework.boot.autoconfigure.http.JacksonHttpMessageConvertersConfiguration$MappingJackson2HttpMessageConverterConfiguration'
11:19:07.637 [main] DEBUG org.springframework.beans.factory.support.DefaultListableBeanFactory - Returning cached instance of singleton bean 'jacksonObjectMapper'
11:19:07.640 [main] DEBUG org.springframework.beans.factory.support.DefaultListableBeanFactory - Autowiring by type from bean name 'mappingJackson2HttpMessageConverter' via factory method to bean named 'jacksonObjectMapper'
11:19:07.645 [main] DEBUG org.springframework.beans.factory.support.DefaultListableBeanFactory - Eagerly caching bean 'mappingJackson2HttpMessageConverter' to allow for resolving potential circular references
11:19:07.651 [main] DEBUG org.springframework.beans.factory.support.DefaultListableBeanFactory - Returning cached instance of singleton bean 'org.springframework.transaction.config.internalTransactionAdvisor'
11:19:07.654 [main] DEBUG org.springframework.beans.factory.support.DefaultListableBeanFactory - Returning cached instance of singleton bean 'org.springframework.transaction.config.internalTransactionAdvisor'
11:19:07.657 [main] DEBUG org.springframework.beans.factory.support.DefaultListableBeanFactory - Finished creating instance of bean 'mappingJackson2HttpMessageConverter'
11:19:07.660 [main] DEBUG org.springframework.beans.factory.support.DefaultListableBeanFactory - Creating shared instance of singleton bean 'org.springframework.boot.autoconfigure.http.JacksonHttpMessageConvertersConfiguration'
11:19:07.662 [main] DEBUG org.springframework.beans.factory.support.DefaultListableBeanFactory - Creating instance of bean 'org.springframework.boot.autoconfigure.http.JacksonHttpMessageConvertersConfiguration'
11:19:07.664 [main] DEBUG org.springframework.beans.factory.support.DefaultListableBeanFactory - Returning cached instance of singleton bean 'org.springframework.transaction.config.internalTransactionAdvisor'
11:19:07.667 [main] DEBUG org.springframework.beans.factory.support.DefaultListableBeanFactory - Eagerly caching bean 'org.springframework.boot.autoconfigure.http.JacksonHttpMessageConvertersConfiguration' to allow for resolving potential circular references
11:19:07.671 [main] DEBUG org.springframework.beans.factory.support.DefaultListableBeanFactory - Returning cached instance of singleton bean 'org.springframework.transaction.config.internalTransactionAdvisor'
11:19:07.673 [main] DEBUG org.springframework.beans.factory.support.DefaultListableBeanFactory - Returning cached instance of singleton bean 'org.springframework.transaction.config.internalTransactionAdvisor'
11:19:07.676 [main] DEBUG org.springframework.beans.factory.support.DefaultListableBeanFactory - Finished creating instance of bean 'org.springframework.boot.autoconfigure.http.JacksonHttpMessageConvertersConfiguration'
11:19:07.679 [main] DEBUG org.springframework.beans.factory.support.DefaultListableBeanFactory - Creating shared instance of singleton bean 'org.springframework.boot.autoconfigure.http.HttpMessageConvertersAutoConfiguration'
11:19:07.681 [main] DEBUG org.springframework.beans.factory.support.DefaultListableBeanFactory - Creating instance of bean 'org.springframework.boot.autoconfigure.http.HttpMessageConvertersAutoConfiguration'
11:19:07.683 [main] DEBUG org.springframework.beans.factory.support.DefaultListableBeanFactory - Returning cached instance of singleton bean 'org.springframework.transaction.config.internalTransactionAdvisor'
11:19:07.688 [main] DEBUG org.springframework.core.LocalVariableTableParameterNameDiscoverer - Cannot find '.class' file for class [class org.springframework.boot.autoconfigure.http.HttpMessageConvertersAutoConfiguration$$EnhancerBySpringCGLIB$$f9ab8065] - unable to determine constructor/method parameter names
11:19:07.691 [main] DEBUG org.springframework.beans.factory.support.DefaultListableBeanFactory - Returning cached instance of singleton bean 'stringHttpMessageConverter'
11:19:07.702 [main] DEBUG org.springframework.beans.factory.support.DefaultListableBeanFactory - Returning cached instance of singleton bean 'mappingJackson2HttpMessageConverter'
11:19:07.705 [main] DEBUG org.springframework.beans.factory.support.DefaultListableBeanFactory - Eagerly caching bean 'org.springframework.boot.autoconfigure.http.HttpMessageConvertersAutoConfiguration' to allow for resolving potential circular references
11:19:07.709 [main] DEBUG org.springframework.beans.factory.support.DefaultListableBeanFactory - Returning cached instance of singleton bean 'org.springframework.transaction.config.internalTransactionAdvisor'
11:19:07.711 [main] DEBUG org.springframework.beans.factory.support.DefaultListableBeanFactory - Returning cached instance of singleton bean 'org.springframework.transaction.config.internalTransactionAdvisor'
11:19:07.715 [main] DEBUG org.springframework.beans.factory.support.DefaultListableBeanFactory - Finished creating instance of bean 'org.springframework.boot.autoconfigure.http.HttpMessageConvertersAutoConfiguration'
11:19:07.718 [main] DEBUG org.springframework.beans.factory.support.DefaultListableBeanFactory - Creating shared instance of singleton bean 'messageConverters'
11:19:07.720 [main] DEBUG org.springframework.beans.factory.support.DefaultListableBeanFactory - Creating instance of bean 'messageConverters'
11:19:07.722 [main] DEBUG org.springframework.beans.factory.support.DefaultListableBeanFactory - Returning cached instance of singleton bean 'org.springframework.transaction.config.internalTransactionAdvisor'
11:19:07.725 [main] DEBUG org.springframework.beans.factory.support.DefaultListableBeanFactory - Returning cached instance of singleton bean 'org.springframework.boot.autoconfigure.http.HttpMessageConvertersAutoConfiguration'
11:19:07.732 [main] DEBUG org.springframework.beans.factory.support.DefaultListableBeanFactory - Eagerly caching bean 'messageConverters' to allow for resolving potential circular references
11:19:07.736 [main] DEBUG org.springframework.beans.factory.support.DefaultListableBeanFactory - Returning cached instance of singleton bean 'org.springframework.transaction.config.internalTransactionAdvisor'
11:19:07.738 [main] DEBUG org.springframework.beans.factory.support.DefaultListableBeanFactory - Returning cached instance of singleton bean 'org.springframework.transaction.config.internalTransactionAdvisor'
11:19:07.740 [main] DEBUG org.springframework.beans.factory.support.DefaultListableBeanFactory - Finished creating instance of bean 'messageConverters'
11:19:07.743 [main] DEBUG org.springframework.beans.factory.support.DefaultListableBeanFactory - Creating shared instance of singleton bean 'org.springframework.boot.autoconfigure.info.ProjectInfoAutoConfiguration'
11:19:07.745 [main] DEBUG org.springframework.beans.factory.support.DefaultListableBeanFactory - Creating instance of bean 'org.springframework.boot.autoconfigure.info.ProjectInfoAutoConfiguration'
11:19:07.747 [main] DEBUG org.springframework.beans.factory.support.DefaultListableBeanFactory - Returning cached instance of singleton bean 'org.springframework.transaction.config.internalTransactionAdvisor'
11:19:07.750 [main] DEBUG org.springframework.core.LocalVariableTableParameterNameDiscoverer - Cannot find '.class' file for class [class org.springframework.boot.autoconfigure.info.ProjectInfoAutoConfiguration$$EnhancerBySpringCGLIB$$1b71c1ea] - unable to determine constructor/method parameter names
11:19:07.753 [main] DEBUG org.springframework.beans.factory.support.DefaultListableBeanFactory - Creating shared instance of singleton bean 'spring.info-org.springframework.boot.autoconfigure.info.ProjectInfoProperties'
11:19:07.761 [main] DEBUG org.springframework.beans.factory.support.DefaultListableBeanFactory - Creating instance of bean 'spring.info-org.springframework.boot.autoconfigure.info.ProjectInfoProperties'
11:19:07.764 [main] DEBUG org.springframework.beans.factory.support.DefaultListableBeanFactory - Returning cached instance of singleton bean 'org.springframework.transaction.config.internalTransactionAdvisor'
11:19:07.767 [main] DEBUG org.springframework.beans.factory.support.DefaultListableBeanFactory - Eagerly caching bean 'spring.info-org.springframework.boot.autoconfigure.info.ProjectInfoProperties' to allow for resolving potential circular references
11:19:07.790 [main] DEBUG org.springframework.beans.factory.support.DefaultListableBeanFactory - Returning cached instance of singleton bean 'org.springframework.transaction.config.internalTransactionAdvisor'
11:19:07.793 [main] DEBUG org.springframework.beans.factory.support.DefaultListableBeanFactory - Returning cached instance of singleton bean 'org.springframework.transaction.config.internalTransactionAdvisor'
11:19:07.795 [main] DEBUG org.springframework.beans.factory.support.DefaultListableBeanFactory - Finished creating instance of bean 'spring.info-org.springframework.boot.autoconfigure.info.ProjectInfoProperties'
11:19:07.797 [main] DEBUG org.springframework.beans.factory.support.DefaultListableBeanFactory - Autowiring by type from bean name 'org.springframework.boot.autoconfigure.info.ProjectInfoAutoConfiguration' via constructor to bean named 'spring.info-org.springframework.boot.autoconfigure.info.ProjectInfoProperties'
11:19:07.800 [main] DEBUG org.springframework.beans.factory.support.DefaultListableBeanFactory - Eagerly caching bean 'org.springframework.boot.autoconfigure.info.ProjectInfoAutoConfiguration' to allow for resolving potential circular references
11:19:07.804 [main] DEBUG org.springframework.beans.factory.support.DefaultListableBeanFactory - Returning cached instance of singleton bean 'org.springframework.transaction.config.internalTransactionAdvisor'
11:19:07.806 [main] DEBUG org.springframework.beans.factory.support.DefaultListableBeanFactory - Returning cached instance of singleton bean 'org.springframework.transaction.config.internalTransactionAdvisor'
11:19:08.016 [main] DEBUG org.springframework.beans.factory.support.DefaultListableBeanFactory - Finished creating instance of bean 'org.springframework.boot.autoconfigure.info.ProjectInfoAutoConfiguration'
11:19:08.018 [main] DEBUG org.springframework.beans.factory.support.DefaultListableBeanFactory - Returning cached instance of singleton bean 'spring.info-org.springframework.boot.autoconfigure.info.ProjectInfoProperties'
11:19:08.019 [main] DEBUG org.springframework.beans.factory.support.DefaultListableBeanFactory - Creating shared instance of singleton bean 'org.springframework.boot.autoconfigure.jdbc.DataSourceTransactionManagerAutoConfiguration$DataSourceTransactionManagerConfiguration'
11:19:08.019 [main] DEBUG org.springframework.beans.factory.support.DefaultListableBeanFactory - Creating instance of bean 'org.springframework.boot.autoconfigure.jdbc.DataSourceTransactionManagerAutoConfiguration$DataSourceTransactionManagerConfiguration'
11:19:08.019 [main] DEBUG org.springframework.beans.factory.support.DefaultListableBeanFactory - Returning cached instance of singleton bean 'org.springframework.transaction.config.internalTransactionAdvisor'
11:19:08.020 [main] DEBUG org.springframework.core.LocalVariableTableParameterNameDiscoverer - Cannot find '.class' file for class [class org.springframework.boot.autoconfigure.jdbc.DataSourceTransactionManagerAutoConfiguration$DataSourceTransactionManagerConfiguration$$EnhancerBySpringCGLIB$$8c784d40] - unable to determine constructor/method parameter names
11:19:08.020 [main] DEBUG org.springframework.beans.factory.support.DefaultListableBeanFactory - Returning cached instance of singleton bean 'getDataSource'
11:19:08.020 [main] DEBUG org.springframework.beans.factory.support.DefaultListableBeanFactory - Autowiring by type from bean name 'org.springframework.boot.autoconfigure.jdbc.DataSourceTransactionManagerAutoConfiguration$DataSourceTransactionManagerConfiguration' via constructor to bean named 'getDataSource'
11:19:08.020 [main] DEBUG org.springframework.beans.factory.support.DefaultListableBeanFactory - Returning cached instance of singleton bean 'platformTransactionManagerCustomizers'
11:19:08.021 [main] DEBUG org.springframework.beans.factory.support.DefaultListableBeanFactory - Eagerly caching bean 'org.springframework.boot.autoconfigure.jdbc.DataSourceTransactionManagerAutoConfiguration$DataSourceTransactionManagerConfiguration' to allow for resolving potential circular references
11:19:08.022 [main] DEBUG org.springframework.beans.factory.support.DefaultListableBeanFactory - Returning cached instance of singleton bean 'org.springframework.transaction.config.internalTransactionAdvisor'
11:19:08.022 [main] DEBUG org.springframework.beans.factory.support.DefaultListableBeanFactory - Returning cached instance of singleton bean 'org.springframework.transaction.config.internalTransactionAdvisor'
11:19:08.023 [main] DEBUG org.springframework.beans.factory.support.DefaultListableBeanFactory - Finished creating instance of bean 'org.springframework.boot.autoconfigure.jdbc.DataSourceTransactionManagerAutoConfiguration$DataSourceTransactionManagerConfiguration'
11:19:08.023 [main] DEBUG org.springframework.beans.factory.support.DefaultListableBeanFactory - Creating shared instance of singleton bean 'org.springframework.boot.autoconfigure.jdbc.DataSourceTransactionManagerAutoConfiguration'
11:19:08.023 [main] DEBUG org.springframework.beans.factory.support.DefaultListableBeanFactory - Creating instance of bean 'org.springframework.boot.autoconfigure.jdbc.DataSourceTransactionManagerAutoConfiguration'
11:19:08.024 [main] DEBUG org.springframework.beans.factory.support.DefaultListableBeanFactory - Returning cached instance of singleton bean 'org.springframework.transaction.config.internalTransactionAdvisor'
11:19:08.032 [main] DEBUG org.springframework.beans.factory.support.DefaultListableBeanFactory - Eagerly caching bean 'org.springframework.boot.autoconfigure.jdbc.DataSourceTransactionManagerAutoConfiguration' to allow for resolving potential circular references
11:19:08.033 [main] DEBUG org.springframework.beans.factory.support.DefaultListableBeanFactory - Returning cached instance of singleton bean 'org.springframework.transaction.config.internalTransactionAdvisor'
11:19:08.034 [main] DEBUG org.springframework.beans.factory.support.DefaultListableBeanFactory - Returning cached instance of singleton bean 'org.springframework.transaction.config.internalTransactionAdvisor'
11:19:08.035 [main] DEBUG org.springframework.beans.factory.support.DefaultListableBeanFactory - Finished creating instance of bean 'org.springframework.boot.autoconfigure.jdbc.DataSourceTransactionManagerAutoConfiguration'
11:19:08.035 [main] DEBUG org.springframework.beans.factory.support.DefaultListableBeanFactory - Creating shared instance of singleton bean 'org.springframework.boot.autoconfigure.transaction.TransactionAutoConfiguration$TransactionTemplateConfiguration'
11:19:08.035 [main] DEBUG org.springframework.beans.factory.support.DefaultListableBeanFactory - Creating instance of bean 'org.springframework.boot.autoconfigure.transaction.TransactionAutoConfiguration$TransactionTemplateConfiguration'
11:19:08.035 [main] DEBUG org.springframework.beans.factory.support.DefaultListableBeanFactory - Returning cached instance of singleton bean 'org.springframework.transaction.config.internalTransactionAdvisor'
11:19:08.036 [main] DEBUG org.springframework.core.LocalVariableTableParameterNameDiscoverer - Cannot find '.class' file for class [class org.springframework.boot.autoconfigure.transaction.TransactionAutoConfiguration$TransactionTemplateConfiguration$$EnhancerBySpringCGLIB$$de021213] - unable to determine constructor/method parameter names
11:19:08.037 [main] DEBUG org.springframework.beans.factory.support.DefaultListableBeanFactory - Returning cached instance of singleton bean 'getTransactionManager'
11:19:08.037 [main] DEBUG org.springframework.beans.factory.support.DefaultListableBeanFactory - Autowiring by type from bean name 'org.springframework.boot.autoconfigure.transaction.TransactionAutoConfiguration$TransactionTemplateConfiguration' via constructor to bean named 'getTransactionManager'
11:19:08.037 [main] DEBUG org.springframework.beans.factory.support.DefaultListableBeanFactory - Eagerly caching bean 'org.springframework.boot.autoconfigure.transaction.TransactionAutoConfiguration$TransactionTemplateConfiguration' to allow for resolving potential circular references
11:19:08.039 [main] DEBUG org.springframework.beans.factory.support.DefaultListableBeanFactory - Returning cached instance of singleton bean 'org.springframework.transaction.config.internalTransactionAdvisor'
11:19:08.039 [main] DEBUG org.springframework.beans.factory.support.DefaultListableBeanFactory - Returning cached instance of singleton bean 'org.springframework.transaction.config.internalTransactionAdvisor'
11:19:08.040 [main] DEBUG org.springframework.beans.factory.support.DefaultListableBeanFactory - Finished creating instance of bean 'org.springframework.boot.autoconfigure.transaction.TransactionAutoConfiguration$TransactionTemplateConfiguration'
11:19:08.040 [main] DEBUG org.springframework.beans.factory.support.DefaultListableBeanFactory - Creating shared instance of singleton bean 'transactionTemplate'
11:19:08.040 [main] DEBUG org.springframework.beans.factory.support.DefaultListableBeanFactory - Creating instance of bean 'transactionTemplate'
11:19:08.040 [main] DEBUG org.springframework.beans.factory.support.DefaultListableBeanFactory - Returning cached instance of singleton bean 'org.springframework.transaction.config.internalTransactionAdvisor'
11:19:08.041 [main] DEBUG org.springframework.beans.factory.support.DefaultListableBeanFactory - Returning cached instance of singleton bean 'org.springframework.boot.autoconfigure.transaction.TransactionAutoConfiguration$TransactionTemplateConfiguration'
11:19:08.041 [main] DEBUG org.springframework.beans.factory.support.DefaultListableBeanFactory - Eagerly caching bean 'transactionTemplate' to allow for resolving potential circular references
11:19:08.044 [main] DEBUG org.springframework.beans.factory.support.DefaultListableBeanFactory - Invoking afterPropertiesSet() on bean with name 'transactionTemplate'
11:19:08.045 [main] DEBUG org.springframework.beans.factory.support.DefaultListableBeanFactory - Returning cached instance of singleton bean 'org.springframework.transaction.config.internalTransactionAdvisor'
11:19:08.045 [main] DEBUG org.springframework.beans.factory.support.DefaultListableBeanFactory - Returning cached instance of singleton bean 'org.springframework.transaction.config.internalTransactionAdvisor'
11:19:08.046 [main] DEBUG org.springframework.beans.factory.support.DefaultListableBeanFactory - Finished creating instance of bean 'transactionTemplate'
11:19:08.046 [main] DEBUG org.springframework.beans.factory.support.DefaultListableBeanFactory - Returning cached instance of singleton bean 'org.springframework.boot.autoconfigure.transaction.TransactionAutoConfiguration'
11:19:08.046 [main] DEBUG org.springframework.beans.factory.support.DefaultListableBeanFactory - Returning cached instance of singleton bean 'platformTransactionManagerCustomizers'
11:19:08.046 [main] DEBUG org.springframework.beans.factory.support.DefaultListableBeanFactory - Returning cached instance of singleton bean 'spring.transaction-org.springframework.boot.autoconfigure.transaction.TransactionProperties'
11:19:08.046 [main] DEBUG org.springframework.beans.factory.support.DefaultListableBeanFactory - Creating shared instance of singleton bean 'org.springframework.boot.autoconfigure.security.reactive.ReactiveSecurityAutoConfiguration'
11:19:08.047 [main] DEBUG org.springframework.beans.factory.support.DefaultListableBeanFactory - Creating instance of bean 'org.springframework.boot.autoconfigure.security.reactive.ReactiveSecurityAutoConfiguration'
11:19:08.047 [main] DEBUG org.springframework.beans.factory.support.DefaultListableBeanFactory - Returning cached instance of singleton bean 'org.springframework.transaction.config.internalTransactionAdvisor'
11:19:08.047 [main] DEBUG org.springframework.beans.factory.support.DefaultListableBeanFactory - Eagerly caching bean 'org.springframework.boot.autoconfigure.security.reactive.ReactiveSecurityAutoConfiguration' to allow for resolving potential circular references
11:19:08.048 [main] DEBUG org.springframework.beans.factory.support.DefaultListableBeanFactory - Returning cached instance of singleton bean 'org.springframework.transaction.config.internalTransactionAdvisor'
11:19:08.049 [main] DEBUG org.springframework.beans.factory.support.DefaultListableBeanFactory - Returning cached instance of singleton bean 'org.springframework.transaction.config.internalTransactionAdvisor'
11:19:08.049 [main] DEBUG org.springframework.beans.factory.support.DefaultListableBeanFactory - Finished creating instance of bean 'org.springframework.boot.autoconfigure.security.reactive.ReactiveSecurityAutoConfiguration'
11:19:08.049 [main] DEBUG org.springframework.beans.factory.support.DefaultListableBeanFactory - Creating shared instance of singleton bean 'spring.security-org.springframework.boot.autoconfigure.security.SecurityProperties'
11:19:08.049 [main] DEBUG org.springframework.beans.factory.support.DefaultListableBeanFactory - Creating instance of bean 'spring.security-org.springframework.boot.autoconfigure.security.SecurityProperties'
11:19:08.050 [main] DEBUG org.springframework.beans.factory.support.DefaultListableBeanFactory - Returning cached instance of singleton bean 'org.springframework.transaction.config.internalTransactionAdvisor'
11:19:08.050 [main] DEBUG org.springframework.beans.factory.support.DefaultListableBeanFactory - Eagerly caching bean 'spring.security-org.springframework.boot.autoconfigure.security.SecurityProperties' to allow for resolving potential circular references
11:19:08.052 [main] DEBUG org.springframework.beans.factory.support.DefaultListableBeanFactory - Returning cached instance of singleton bean 'org.springframework.transaction.config.internalTransactionAdvisor'
11:19:08.052 [main] DEBUG org.springframework.beans.factory.support.DefaultListableBeanFactory - Returning cached instance of singleton bean 'org.springframework.transaction.config.internalTransactionAdvisor'
11:19:08.052 [main] DEBUG org.springframework.beans.factory.support.DefaultListableBeanFactory - Finished creating instance of bean 'spring.security-org.springframework.boot.autoconfigure.security.SecurityProperties'
11:19:08.052 [main] DEBUG org.springframework.beans.factory.support.DefaultListableBeanFactory - Creating shared instance of singleton bean 'org.springframework.boot.autoconfigure.web.client.RestTemplateAutoConfiguration'
11:19:08.053 [main] DEBUG org.springframework.beans.factory.support.DefaultListableBeanFactory - Creating instance of bean 'org.springframework.boot.autoconfigure.web.client.RestTemplateAutoConfiguration'
11:19:08.053 [main] DEBUG org.springframework.beans.factory.support.DefaultListableBeanFactory - Returning cached instance of singleton bean 'org.springframework.transaction.config.internalTransactionAdvisor'
11:19:08.053 [main] DEBUG org.springframework.core.LocalVariableTableParameterNameDiscoverer - Cannot find '.class' file for class [class org.springframework.boot.autoconfigure.web.client.RestTemplateAutoConfiguration$$EnhancerBySpringCGLIB$$7a8dae52] - unable to determine constructor/method parameter names
11:19:08.055 [main] DEBUG org.springframework.beans.factory.support.DefaultListableBeanFactory - Eagerly caching bean 'org.springframework.boot.autoconfigure.web.client.RestTemplateAutoConfiguration' to allow for resolving potential circular references
11:19:08.056 [main] DEBUG org.springframework.beans.factory.support.DefaultListableBeanFactory - Returning cached instance of singleton bean 'org.springframework.transaction.config.internalTransactionAdvisor'
11:19:08.056 [main] DEBUG org.springframework.beans.factory.support.DefaultListableBeanFactory - Returning cached instance of singleton bean 'org.springframework.transaction.config.internalTransactionAdvisor'
11:19:08.057 [main] DEBUG org.springframework.beans.factory.support.DefaultListableBeanFactory - Finished creating instance of bean 'org.springframework.boot.autoconfigure.web.client.RestTemplateAutoConfiguration'
11:19:08.057 [main] DEBUG org.springframework.beans.factory.support.DefaultListableBeanFactory - Creating shared instance of singleton bean 'restTemplateBuilder'
11:19:08.057 [main] DEBUG org.springframework.beans.factory.support.DefaultListableBeanFactory - Creating instance of bean 'restTemplateBuilder'
11:19:08.057 [main] DEBUG org.springframework.beans.factory.support.DefaultListableBeanFactory - Returning cached instance of singleton bean 'org.springframework.transaction.config.internalTransactionAdvisor'
11:19:08.057 [main] DEBUG org.springframework.beans.factory.support.DefaultListableBeanFactory - Returning cached instance of singleton bean 'org.springframework.boot.autoconfigure.web.client.RestTemplateAutoConfiguration'
11:19:08.058 [main] DEBUG org.springframework.beans.factory.support.DefaultListableBeanFactory - Returning cached instance of singleton bean 'messageConverters'
11:19:08.059 [main] DEBUG org.springframework.beans.factory.support.DefaultListableBeanFactory - Eagerly caching bean 'restTemplateBuilder' to allow for resolving potential circular references
11:19:08.060 [main] DEBUG org.springframework.beans.factory.support.DefaultListableBeanFactory - Returning cached instance of singleton bean 'org.springframework.transaction.config.internalTransactionAdvisor'
11:19:08.060 [main] DEBUG org.springframework.beans.factory.support.DefaultListableBeanFactory - Returning cached instance of singleton bean 'org.springframework.transaction.config.internalTransactionAdvisor'
11:19:08.060 [main] DEBUG org.springframework.beans.factory.support.DefaultListableBeanFactory - Finished creating instance of bean 'restTemplateBuilder'
11:19:08.060 [main] DEBUG org.springframework.beans.factory.support.DefaultListableBeanFactory - Creating shared instance of singleton bean 'org.springframework.boot.autoconfigure.web.embedded.EmbeddedWebServerFactoryCustomizerAutoConfiguration$TomcatWebServerFactoryCustomizerConfiguration'
11:19:08.060 [main] DEBUG org.springframework.beans.factory.support.DefaultListableBeanFactory - Creating instance of bean 'org.springframework.boot.autoconfigure.web.embedded.EmbeddedWebServerFactoryCustomizerAutoConfiguration$TomcatWebServerFactoryCustomizerConfiguration'
11:19:08.061 [main] DEBUG org.springframework.beans.factory.support.DefaultListableBeanFactory - Returning cached instance of singleton bean 'org.springframework.transaction.config.internalTransactionAdvisor'
11:19:08.061 [main] DEBUG org.springframework.beans.factory.support.DefaultListableBeanFactory - Eagerly caching bean 'org.springframework.boot.autoconfigure.web.embedded.EmbeddedWebServerFactoryCustomizerAutoConfiguration$TomcatWebServerFactoryCustomizerConfiguration' to allow for resolving potential circular references
11:19:08.061 [main] DEBUG org.springframework.beans.factory.support.DefaultListableBeanFactory - Returning cached instance of singleton bean 'org.springframework.transaction.config.internalTransactionAdvisor'
11:19:08.061 [main] DEBUG org.springframework.beans.factory.support.DefaultListableBeanFactory - Returning cached instance of singleton bean 'org.springframework.transaction.config.internalTransactionAdvisor'
11:19:08.062 [main] DEBUG org.springframework.beans.factory.support.DefaultListableBeanFactory - Finished creating instance of bean 'org.springframework.boot.autoconfigure.web.embedded.EmbeddedWebServerFactoryCustomizerAutoConfiguration$TomcatWebServerFactoryCustomizerConfiguration'
11:19:08.062 [main] DEBUG org.springframework.beans.factory.support.DefaultListableBeanFactory - Creating shared instance of singleton bean 'tomcatWebServerFactoryCustomizer'
11:19:08.062 [main] DEBUG org.springframework.beans.factory.support.DefaultListableBeanFactory - Creating instance of bean 'tomcatWebServerFactoryCustomizer'
11:19:08.062 [main] DEBUG org.springframework.beans.factory.support.DefaultListableBeanFactory - Returning cached instance of singleton bean 'org.springframework.transaction.config.internalTransactionAdvisor'
11:19:08.062 [main] DEBUG org.springframework.beans.factory.support.DefaultListableBeanFactory - Returning cached instance of singleton bean 'org.springframework.boot.autoconfigure.web.embedded.EmbeddedWebServerFactoryCustomizerAutoConfiguration$TomcatWebServerFactoryCustomizerConfiguration'
11:19:08.063 [main] DEBUG org.springframework.beans.factory.support.DefaultListableBeanFactory - Returning cached instance of singleton bean 'environment'
11:19:08.063 [main] DEBUG org.springframework.beans.factory.support.DefaultListableBeanFactory - Creating shared instance of singleton bean 'server-org.springframework.boot.autoconfigure.web.ServerProperties'
11:19:08.063 [main] DEBUG org.springframework.beans.factory.support.DefaultListableBeanFactory - Creating instance of bean 'server-org.springframework.boot.autoconfigure.web.ServerProperties'
11:19:08.064 [main] DEBUG org.springframework.beans.factory.support.DefaultListableBeanFactory - Returning cached instance of singleton bean 'org.springframework.transaction.config.internalTransactionAdvisor'
11:19:08.122 [main] DEBUG org.springframework.beans.factory.support.DefaultListableBeanFactory - Eagerly caching bean 'server-org.springframework.boot.autoconfigure.web.ServerProperties' to allow for resolving potential circular references
11:19:08.127 [main] DEBUG org.springframework.beans.factory.support.DefaultListableBeanFactory - Returning cached instance of singleton bean 'org.springframework.transaction.config.internalTransactionAdvisor'
11:19:08.130 [main] DEBUG org.springframework.beans.factory.support.DefaultListableBeanFactory - Returning cached instance of singleton bean 'org.springframework.transaction.config.internalTransactionAdvisor'
11:19:08.132 [main] DEBUG org.springframework.beans.factory.support.DefaultListableBeanFactory - Finished creating instance of bean 'server-org.springframework.boot.autoconfigure.web.ServerProperties'
11:19:08.133 [main] DEBUG org.springframework.beans.factory.support.DefaultListableBeanFactory - Autowiring by type from bean name 'tomcatWebServerFactoryCustomizer' via factory method to bean named 'environment'
11:19:08.134 [main] DEBUG org.springframework.beans.factory.support.DefaultListableBeanFactory - Autowiring by type from bean name 'tomcatWebServerFactoryCustomizer' via factory method to bean named 'server-org.springframework.boot.autoconfigure.web.ServerProperties'
11:19:08.134 [main] DEBUG org.springframework.beans.factory.support.DefaultListableBeanFactory - Eagerly caching bean 'tomcatWebServerFactoryCustomizer' to allow for resolving potential circular references
11:19:08.137 [main] DEBUG org.springframework.beans.factory.support.DefaultListableBeanFactory - Returning cached instance of singleton bean 'org.springframework.transaction.config.internalTransactionAdvisor'
11:19:08.139 [main] DEBUG org.springframework.beans.factory.support.DefaultListableBeanFactory - Returning cached instance of singleton bean 'org.springframework.transaction.config.internalTransactionAdvisor'
11:19:08.141 [main] DEBUG org.springframework.beans.factory.support.DefaultListableBeanFactory - Finished creating instance of bean 'tomcatWebServerFactoryCustomizer'
11:19:08.141 [main] DEBUG org.springframework.beans.factory.support.DefaultListableBeanFactory - Creating shared instance of singleton bean 'org.springframework.boot.autoconfigure.web.embedded.EmbeddedWebServerFactoryCustomizerAutoConfiguration'
11:19:08.141 [main] DEBUG org.springframework.beans.factory.support.DefaultListableBeanFactory - Creating instance of bean 'org.springframework.boot.autoconfigure.web.embedded.EmbeddedWebServerFactoryCustomizerAutoConfiguration'
11:19:08.141 [main] DEBUG org.springframework.beans.factory.support.DefaultListableBeanFactory - Returning cached instance of singleton bean 'org.springframework.transaction.config.internalTransactionAdvisor'
11:19:08.142 [main] DEBUG org.springframework.beans.factory.support.DefaultListableBeanFactory - Eagerly caching bean 'org.springframework.boot.autoconfigure.web.embedded.EmbeddedWebServerFactoryCustomizerAutoConfiguration' to allow for resolving potential circular references
11:19:08.144 [main] DEBUG org.springframework.beans.factory.support.DefaultListableBeanFactory - Returning cached instance of singleton bean 'org.springframework.transaction.config.internalTransactionAdvisor'
11:19:08.144 [main] DEBUG org.springframework.beans.factory.support.DefaultListableBeanFactory - Returning cached instance of singleton bean 'org.springframework.transaction.config.internalTransactionAdvisor'
11:19:08.144 [main] DEBUG org.springframework.beans.factory.support.DefaultListableBeanFactory - Finished creating instance of bean 'org.springframework.boot.autoconfigure.web.embedded.EmbeddedWebServerFactoryCustomizerAutoConfiguration'
11:19:08.144 [main] DEBUG org.springframework.beans.factory.support.DefaultListableBeanFactory - Returning cached instance of singleton bean 'server-org.springframework.boot.autoconfigure.web.ServerProperties'
11:19:08.145 [main] DEBUG org.springframework.beans.factory.support.DefaultListableBeanFactory - Returning cached instance of singleton bean 'org.springframework.orm.jpa.SharedEntityManagerCreator#0'
11:19:08.145 [main] DEBUG org.springframework.beans.factory.support.DefaultListableBeanFactory - Returning cached instance of singleton bean 'org.springframework.context.event.internalEventListenerFactory'
11:19:08.145 [main] DEBUG org.springframework.beans.factory.support.DefaultListableBeanFactory - Returning cached instance of singleton bean 'org.springframework.transaction.config.internalTransactionalEventListenerFactory'
11:19:08.206 [main] INFO org.springframework.jmx.export.annotation.AnnotationMBeanExporter - Registering beans for JMX exposure on startup
11:19:08.207 [main] DEBUG org.springframework.jmx.export.annotation.AnnotationMBeanExporter - Autodetecting user-defined JMX MBeans
11:19:08.208 [main] DEBUG org.springframework.beans.factory.support.DefaultListableBeanFactory - Returning cached instance of singleton bean 'getDataSource'
11:19:08.208 [main] INFO org.springframework.jmx.export.annotation.AnnotationMBeanExporter - Bean with name 'getDataSource' has been autodetected for JMX exposure
11:19:08.210 [main] DEBUG org.springframework.beans.factory.support.DefaultListableBeanFactory - Returning cached instance of singleton bean 'getDataSource'
11:19:08.211 [main] INFO org.springframework.jmx.export.annotation.AnnotationMBeanExporter - Located MBean 'getDataSource': registering with JMX server as MBean [org.apache.commons.dbcp2:name=getDataSource,type=BasicDataSource]
]]></system-out>
  </testcase>
</testsuite>