<?xml version="1.0" encoding="UTF-8"?>
<testsuite xmlns:xsi="http://www.w3.org/2001/XMLSchema-instance" xsi:noNamespaceSchemaLocation="https://maven.apache.org/surefire/maven-surefire-plugin/xsd/surefire-test-report.xsd" name="org.reverside.bootcamp.ubereats.test.CategoryTestCase" time="17.738" tests="1" errors="1" skipped="0" failures="0">
  <properties>
    <property name="sun.desktop" value="windows"/>
    <property name="awt.toolkit" value="sun.awt.windows.WToolkit"/>
    <property name="file.encoding.pkg" value="sun.io"/>
    <property name="java.specification.version" value="1.8"/>
    <property name="sun.cpu.isalist" value="amd64"/>
    <property name="sun.jnu.encoding" value="Cp1252"/>
    <property name="java.class.path" value="C:\Users\User\eclipse-workspace\ubereats\target\test-classes;C:\Users\User\eclipse-workspace\ubereats\target\classes;C:\Users\User\.m2\repository\org\springframework\boot\spring-boot-starter-tomcat\2.0.0.RELEASE\spring-boot-starter-tomcat-2.0.0.RELEASE.jar;C:\Users\User\.m2\repository\javax\annotation\javax.annotation-api\1.3.2\javax.annotation-api-1.3.2.jar;C:\Users\User\.m2\repository\org\apache\tomcat\embed\tomcat-embed-core\8.5.28\tomcat-embed-core-8.5.28.jar;C:\Users\User\.m2\repository\org\apache\tomcat\embed\tomcat-embed-el\8.5.28\tomcat-embed-el-8.5.28.jar;C:\Users\User\.m2\repository\org\apache\tomcat\embed\tomcat-embed-websocket\8.5.28\tomcat-embed-websocket-8.5.28.jar;C:\Users\User\.m2\repository\junit\junit\4.12\junit-4.12.jar;C:\Users\User\.m2\repository\org\hamcrest\hamcrest-core\1.3\hamcrest-core-1.3.jar;C:\Users\User\.m2\repository\org\springframework\boot\spring-boot-starter-web\2.0.0.RELEASE\spring-boot-starter-web-2.0.0.RELEASE.jar;C:\Users\User\.m2\repository\org\springframework\boot\spring-boot-starter\2.0.0.RELEASE\spring-boot-starter-2.0.0.RELEASE.jar;C:\Users\User\.m2\repository\org\springframework\boot\spring-boot-starter-logging\2.0.0.RELEASE\spring-boot-starter-logging-2.0.0.RELEASE.jar;C:\Users\User\.m2\repository\ch\qos\logback\logback-classic\1.2.3\logback-classic-1.2.3.jar;C:\Users\User\.m2\repository\ch\qos\logback\logback-core\1.2.3\logback-core-1.2.3.jar;C:\Users\User\.m2\repository\org\apache\logging\log4j\log4j-to-slf4j\2.10.0\log4j-to-slf4j-2.10.0.jar;C:\Users\User\.m2\repository\org\apache\logging\log4j\log4j-api\2.10.0\log4j-api-2.10.0.jar;C:\Users\User\.m2\repository\org\slf4j\jul-to-slf4j\1.7.25\jul-to-slf4j-1.7.25.jar;C:\Users\User\.m2\repository\org\yaml\snakeyaml\1.19\snakeyaml-1.19.jar;C:\Users\User\.m2\repository\org\springframework\boot\spring-boot-starter-json\2.0.0.RELEASE\spring-boot-starter-json-2.0.0.RELEASE.jar;C:\Users\User\.m2\repository\com\fasterxml\jackson\datatype\jackson-datatype-jdk8\2.9.4\jackson-datatype-jdk8-2.9.4.jar;C:\Users\User\.m2\repository\com\fasterxml\jackson\datatype\jackson-datatype-jsr310\2.9.4\jackson-datatype-jsr310-2.9.4.jar;C:\Users\User\.m2\repository\com\fasterxml\jackson\module\jackson-module-parameter-names\2.9.4\jackson-module-parameter-names-2.9.4.jar;C:\Users\User\.m2\repository\org\hibernate\validator\hibernate-validator\6.0.7.Final\hibernate-validator-6.0.7.Final.jar;C:\Users\User\.m2\repository\javax\validation\validation-api\2.0.1.Final\validation-api-2.0.1.Final.jar;C:\Users\User\.m2\repository\org\springframework\spring-web\5.0.4.RELEASE\spring-web-5.0.4.RELEASE.jar;C:\Users\User\.m2\repository\org\springframework\spring-webmvc\5.0.4.RELEASE\spring-webmvc-5.0.4.RELEASE.jar;C:\Users\User\.m2\repository\org\springframework\spring-aop\5.0.4.RELEASE\spring-aop-5.0.4.RELEASE.jar;C:\Users\User\.m2\repository\org\springframework\boot\spring-boot-starter-data-jpa\2.0.0.RELEASE\spring-boot-starter-data-jpa-2.0.0.RELEASE.jar;C:\Users\User\.m2\repository\org\springframework\boot\spring-boot-starter-aop\2.0.0.RELEASE\spring-boot-starter-aop-2.0.0.RELEASE.jar;C:\Users\User\.m2\repository\org\aspectj\aspectjweaver\1.8.13\aspectjweaver-1.8.13.jar;C:\Users\User\.m2\repository\org\springframework\boot\spring-boot-starter-jdbc\2.0.0.RELEASE\spring-boot-starter-jdbc-2.0.0.RELEASE.jar;C:\Users\User\.m2\repository\com\zaxxer\HikariCP\2.7.8\HikariCP-2.7.8.jar;C:\Users\User\.m2\repository\javax\transaction\javax.transaction-api\1.2\javax.transaction-api-1.2.jar;C:\Users\User\.m2\repository\org\springframework\data\spring-data-jpa\2.0.5.RELEASE\spring-data-jpa-2.0.5.RELEASE.jar;C:\Users\User\.m2\repository\org\springframework\data\spring-data-commons\2.0.5.RELEASE\spring-data-commons-2.0.5.RELEASE.jar;C:\Users\User\.m2\repository\org\slf4j\slf4j-api\1.7.25\slf4j-api-1.7.25.jar;C:\Users\User\.m2\repository\org\springframework\spring-aspects\5.0.4.RELEASE\spring-aspects-5.0.4.RELEASE.jar;C:\Users\User\.m2\repository\mysql\mysql-connector-java\5.1.45\mysql-connector-java-5.1.45.jar;C:\Users\User\.m2\repository\org\springframework\boot\spring-boot-starter-test\2.0.0.RELEASE\spring-boot-starter-test-2.0.0.RELEASE.jar;C:\Users\User\.m2\repository\org\springframework\boot\spring-boot-test\2.0.0.RELEASE\spring-boot-test-2.0.0.RELEASE.jar;C:\Users\User\.m2\repository\org\springframework\boot\spring-boot-test-autoconfigure\2.0.0.RELEASE\spring-boot-test-autoconfigure-2.0.0.RELEASE.jar;C:\Users\User\.m2\repository\com\jayway\jsonpath\json-path\2.4.0\json-path-2.4.0.jar;C:\Users\User\.m2\repository\net\minidev\json-smart\2.3\json-smart-2.3.jar;C:\Users\User\.m2\repository\net\minidev\accessors-smart\1.2\accessors-smart-1.2.jar;C:\Users\User\.m2\repository\org\assertj\assertj-core\3.9.1\assertj-core-3.9.1.jar;C:\Users\User\.m2\repository\org\mockito\mockito-core\2.15.0\mockito-core-2.15.0.jar;C:\Users\User\.m2\repository\net\bytebuddy\byte-buddy\1.7.10\byte-buddy-1.7.10.jar;C:\Users\User\.m2\repository\net\bytebuddy\byte-buddy-agent\1.7.10\byte-buddy-agent-1.7.10.jar;C:\Users\User\.m2\repository\org\objenesis\objenesis\2.6\objenesis-2.6.jar;C:\Users\User\.m2\repository\org\hamcrest\hamcrest-library\1.3\hamcrest-library-1.3.jar;C:\Users\User\.m2\repository\org\skyscreamer\jsonassert\1.5.0\jsonassert-1.5.0.jar;C:\Users\User\.m2\repository\com\vaadin\external\google\android-json\0.0.20131108.vaadin1\android-json-0.0.20131108.vaadin1.jar;C:\Users\User\.m2\repository\org\springframework\spring-core\5.0.4.RELEASE\spring-core-5.0.4.RELEASE.jar;C:\Users\User\.m2\repository\org\springframework\spring-jcl\5.0.4.RELEASE\spring-jcl-5.0.4.RELEASE.jar;C:\Users\User\.m2\repository\org\springframework\spring-test\5.0.4.RELEASE\spring-test-5.0.4.RELEASE.jar;C:\Users\User\.m2\repository\org\xmlunit\xmlunit-core\2.5.1\xmlunit-core-2.5.1.jar;C:\Users\User\.m2\repository\org\springframework\boot\spring-boot-devtools\2.0.0.RELEASE\spring-boot-devtools-2.0.0.RELEASE.jar;C:\Users\User\.m2\repository\org\springframework\boot\spring-boot\2.0.0.RELEASE\spring-boot-2.0.0.RELEASE.jar;C:\Users\User\.m2\repository\org\springframework\boot\spring-boot-autoconfigure\2.0.0.RELEASE\spring-boot-autoconfigure-2.0.0.RELEASE.jar;C:\Users\User\.m2\repository\com\h2database\h2\1.4.196\h2-1.4.196.jar;C:\Users\User\.m2\repository\org\hibernate\hibernate-core\5.2.14.Final\hibernate-core-5.2.14.Final.jar;C:\Users\User\.m2\repository\org\jboss\logging\jboss-logging\3.3.2.Final\jboss-logging-3.3.2.Final.jar;C:\Users\User\.m2\repository\org\hibernate\javax\persistence\hibernate-jpa-2.1-api\1.0.0.Final\hibernate-jpa-2.1-api-1.0.0.Final.jar;C:\Users\User\.m2\repository\org\javassist\javassist\3.22.0-GA\javassist-3.22.0-GA.jar;C:\Users\User\.m2\repository\antlr\antlr\2.7.7\antlr-2.7.7.jar;C:\Users\User\.m2\repository\org\jboss\spec\javax\transaction\jboss-transaction-api_1.2_spec\1.0.1.Final\jboss-transaction-api_1.2_spec-1.0.1.Final.jar;C:\Users\User\.m2\repository\org\jboss\jandex\2.0.3.Final\jandex-2.0.3.Final.jar;C:\Users\User\.m2\repository\com\fasterxml\classmate\1.3.4\classmate-1.3.4.jar;C:\Users\User\.m2\repository\dom4j\dom4j\1.6.1\dom4j-1.6.1.jar;C:\Users\User\.m2\repository\org\hibernate\common\hibernate-commons-annotations\5.0.1.Final\hibernate-commons-annotations-5.0.1.Final.jar;C:\Users\User\.m2\repository\org\springframework\spring-orm\5.0.4.RELEASE\spring-orm-5.0.4.RELEASE.jar;C:\Users\User\.m2\repository\org\springframework\spring-beans\5.0.4.RELEASE\spring-beans-5.0.4.RELEASE.jar;C:\Users\User\.m2\repository\org\springframework\spring-jdbc\5.0.4.RELEASE\spring-jdbc-5.0.4.RELEASE.jar;C:\Users\User\.m2\repository\org\springframework\spring-tx\5.0.4.RELEASE\spring-tx-5.0.4.RELEASE.jar;C:\Users\User\.m2\repository\org\apache\commons\commons-dbcp2\2.2.0\commons-dbcp2-2.2.0.jar;C:\Users\User\.m2\repository\org\apache\commons\commons-pool2\2.5.0\commons-pool2-2.5.0.jar;C:\Users\User\.m2\repository\org\apache\maven\plugins\maven-compiler-plugin\3.7.0\maven-compiler-plugin-3.7.0.jar;C:\Users\User\.m2\repository\org\apache\maven\maven-plugin-api\3.0\maven-plugin-api-3.0.jar;C:\Users\User\.m2\repository\org\apache\maven\maven-model\3.0\maven-model-3.0.jar;C:\Users\User\.m2\repository\org\sonatype\sisu\sisu-inject-plexus\1.4.2\sisu-inject-plexus-1.4.2.jar;C:\Users\User\.m2\repository\org\sonatype\sisu\sisu-inject-bean\1.4.2\sisu-inject-bean-1.4.2.jar;C:\Users\User\.m2\repository\org\sonatype\sisu\sisu-guice\2.1.7\sisu-guice-2.1.7-noaop.jar;C:\Users\User\.m2\repository\org\apache\maven\maven-artifact\3.0\maven-artifact-3.0.jar;C:\Users\User\.m2\repository\org\codehaus\plexus\plexus-utils\2.0.4\plexus-utils-2.0.4.jar;C:\Users\User\.m2\repository\org\apache\maven\maven-core\3.0\maven-core-3.0.jar;C:\Users\User\.m2\repository\org\apache\maven\maven-settings\3.0\maven-settings-3.0.jar;C:\Users\User\.m2\repository\org\apache\maven\maven-settings-builder\3.0\maven-settings-builder-3.0.jar;C:\Users\User\.m2\repository\org\apache\maven\maven-repository-metadata\3.0\maven-repository-metadata-3.0.jar;C:\Users\User\.m2\repository\org\apache\maven\maven-model-builder\3.0\maven-model-builder-3.0.jar;C:\Users\User\.m2\repository\org\apache\maven\maven-aether-provider\3.0\maven-aether-provider-3.0.jar;C:\Users\User\.m2\repository\org\sonatype\aether\aether-impl\1.7\aether-impl-1.7.jar;C:\Users\User\.m2\repository\org\sonatype\aether\aether-spi\1.7\aether-spi-1.7.jar;C:\Users\User\.m2\repository\org\sonatype\aether\aether-api\1.7\aether-api-1.7.jar;C:\Users\User\.m2\repository\org\sonatype\aether\aether-util\1.7\aether-util-1.7.jar;C:\Users\User\.m2\repository\org\codehaus\plexus\plexus-interpolation\1.14\plexus-interpolation-1.14.jar;C:\Users\User\.m2\repository\org\codehaus\plexus\plexus-classworlds\2.2.3\plexus-classworlds-2.2.3.jar;C:\Users\User\.m2\repository\org\codehaus\plexus\plexus-component-annotations\1.5.5\plexus-component-annotations-1.5.5.jar;C:\Users\User\.m2\repository\org\sonatype\plexus\plexus-sec-dispatcher\1.3\plexus-sec-dispatcher-1.3.jar;C:\Users\User\.m2\repository\org\sonatype\plexus\plexus-cipher\1.4\plexus-cipher-1.4.jar;C:\Users\User\.m2\repository\org\apache\maven\shared\maven-shared-utils\3.1.0\maven-shared-utils-3.1.0.jar;C:\Users\User\.m2\repository\commons-io\commons-io\2.5\commons-io-2.5.jar;C:\Users\User\.m2\repository\org\apache\maven\shared\maven-shared-incremental\1.1\maven-shared-incremental-1.1.jar;C:\Users\User\.m2\repository\org\codehaus\plexus\plexus-java\0.9.2\plexus-java-0.9.2.jar;C:\Users\User\.m2\repository\org\ow2\asm\asm\6.0_BETA\asm-6.0_BETA.jar;C:\Users\User\.m2\repository\com\thoughtworks\qdox\qdox\2.0-M7\qdox-2.0-M7.jar;C:\Users\User\.m2\repository\org\codehaus\plexus\plexus-compiler-api\2.8.2\plexus-compiler-api-2.8.2.jar;C:\Users\User\.m2\repository\org\codehaus\plexus\plexus-compiler-manager\2.8.2\plexus-compiler-manager-2.8.2.jar;C:\Users\User\.m2\repository\org\codehaus\plexus\plexus-compiler-javac\2.8.2\plexus-compiler-javac-2.8.2.jar;C:\Users\User\.m2\repository\com\fasterxml\jackson\core\jackson-databind\2.9.4\jackson-databind-2.9.4.jar;C:\Users\User\.m2\repository\com\fasterxml\jackson\core\jackson-core\2.9.4\jackson-core-2.9.4.jar;C:\Users\User\.m2\repository\com\fasterxml\jackson\core\jackson-annotations\2.9.0\jackson-annotations-2.9.0.jar;C:\Users\User\.m2\repository\org\springframework\webflow\spring-webflow\2.4.7.RELEASE\spring-webflow-2.4.7.RELEASE.jar;C:\Users\User\.m2\repository\commons-logging\commons-logging\1.1.1\commons-logging-1.1.1.jar;C:\Users\User\.m2\repository\opensymphony\ognl\2.6.11\ognl-2.6.11.jar;C:\Users\User\.m2\repository\org\springframework\webflow\spring-binding\2.4.7.RELEASE\spring-binding-2.4.7.RELEASE.jar;C:\Users\User\.m2\repository\org\springframework\webflow\spring-js\2.4.7.RELEASE\spring-js-2.4.7.RELEASE.jar;C:\Users\User\.m2\repository\org\springframework\webflow\spring-js-resources\2.4.7.RELEASE\spring-js-resources-2.4.7.RELEASE.jar;C:\Users\User\.m2\repository\org\springframework\spring-context\5.0.4.RELEASE\spring-context-5.0.4.RELEASE.jar;C:\Users\User\.m2\repository\org\springframework\spring-expression\5.0.4.RELEASE\spring-expression-5.0.4.RELEASE.jar;"/>
    <property name="java.vm.vendor" value="Oracle Corporation"/>
    <property name="sun.arch.data.model" value="64"/>
    <property name="user.variant" value=""/>
    <property name="java.vendor.url" value="http://java.oracle.com/"/>
    <property name="user.timezone" value=""/>
    <property name="java.vm.specification.version" value="1.8"/>
    <property name="os.name" value="Windows 10"/>
    <property name="user.country" value="US"/>
    <property name="sun.java.launcher" value="SUN_STANDARD"/>
    <property name="sun.boot.library.path" value="C:\Program Files\Java\jdk1.8.0_101\jre\bin"/>
    <property name="sun.java.command" value="C:\Users\User\AppData\Local\Temp\surefire4035108605574606520\surefirebooter5583770164390574527.jar C:\Users\User\AppData\Local\Temp\surefire4035108605574606520 2018-03-07T15-04-23_732-jvmRun1 surefire8663317882562309461tmp surefire_0359292655993015391tmp"/>
    <property name="surefire.test.class.path" value="C:\Users\User\eclipse-workspace\ubereats\target\test-classes;C:\Users\User\eclipse-workspace\ubereats\target\classes;C:\Users\User\.m2\repository\org\springframework\boot\spring-boot-starter-tomcat\2.0.0.RELEASE\spring-boot-starter-tomcat-2.0.0.RELEASE.jar;C:\Users\User\.m2\repository\javax\annotation\javax.annotation-api\1.3.2\javax.annotation-api-1.3.2.jar;C:\Users\User\.m2\repository\org\apache\tomcat\embed\tomcat-embed-core\8.5.28\tomcat-embed-core-8.5.28.jar;C:\Users\User\.m2\repository\org\apache\tomcat\embed\tomcat-embed-el\8.5.28\tomcat-embed-el-8.5.28.jar;C:\Users\User\.m2\repository\org\apache\tomcat\embed\tomcat-embed-websocket\8.5.28\tomcat-embed-websocket-8.5.28.jar;C:\Users\User\.m2\repository\junit\junit\4.12\junit-4.12.jar;C:\Users\User\.m2\repository\org\hamcrest\hamcrest-core\1.3\hamcrest-core-1.3.jar;C:\Users\User\.m2\repository\org\springframework\boot\spring-boot-starter-web\2.0.0.RELEASE\spring-boot-starter-web-2.0.0.RELEASE.jar;C:\Users\User\.m2\repository\org\springframework\boot\spring-boot-starter\2.0.0.RELEASE\spring-boot-starter-2.0.0.RELEASE.jar;C:\Users\User\.m2\repository\org\springframework\boot\spring-boot-starter-logging\2.0.0.RELEASE\spring-boot-starter-logging-2.0.0.RELEASE.jar;C:\Users\User\.m2\repository\ch\qos\logback\logback-classic\1.2.3\logback-classic-1.2.3.jar;C:\Users\User\.m2\repository\ch\qos\logback\logback-core\1.2.3\logback-core-1.2.3.jar;C:\Users\User\.m2\repository\org\apache\logging\log4j\log4j-to-slf4j\2.10.0\log4j-to-slf4j-2.10.0.jar;C:\Users\User\.m2\repository\org\apache\logging\log4j\log4j-api\2.10.0\log4j-api-2.10.0.jar;C:\Users\User\.m2\repository\org\slf4j\jul-to-slf4j\1.7.25\jul-to-slf4j-1.7.25.jar;C:\Users\User\.m2\repository\org\yaml\snakeyaml\1.19\snakeyaml-1.19.jar;C:\Users\User\.m2\repository\org\springframework\boot\spring-boot-starter-json\2.0.0.RELEASE\spring-boot-starter-json-2.0.0.RELEASE.jar;C:\Users\User\.m2\repository\com\fasterxml\jackson\datatype\jackson-datatype-jdk8\2.9.4\jackson-datatype-jdk8-2.9.4.jar;C:\Users\User\.m2\repository\com\fasterxml\jackson\datatype\jackson-datatype-jsr310\2.9.4\jackson-datatype-jsr310-2.9.4.jar;C:\Users\User\.m2\repository\com\fasterxml\jackson\module\jackson-module-parameter-names\2.9.4\jackson-module-parameter-names-2.9.4.jar;C:\Users\User\.m2\repository\org\hibernate\validator\hibernate-validator\6.0.7.Final\hibernate-validator-6.0.7.Final.jar;C:\Users\User\.m2\repository\javax\validation\validation-api\2.0.1.Final\validation-api-2.0.1.Final.jar;C:\Users\User\.m2\repository\org\springframework\spring-web\5.0.4.RELEASE\spring-web-5.0.4.RELEASE.jar;C:\Users\User\.m2\repository\org\springframework\spring-webmvc\5.0.4.RELEASE\spring-webmvc-5.0.4.RELEASE.jar;C:\Users\User\.m2\repository\org\springframework\spring-aop\5.0.4.RELEASE\spring-aop-5.0.4.RELEASE.jar;C:\Users\User\.m2\repository\org\springframework\boot\spring-boot-starter-data-jpa\2.0.0.RELEASE\spring-boot-starter-data-jpa-2.0.0.RELEASE.jar;C:\Users\User\.m2\repository\org\springframework\boot\spring-boot-starter-aop\2.0.0.RELEASE\spring-boot-starter-aop-2.0.0.RELEASE.jar;C:\Users\User\.m2\repository\org\aspectj\aspectjweaver\1.8.13\aspectjweaver-1.8.13.jar;C:\Users\User\.m2\repository\org\springframework\boot\spring-boot-starter-jdbc\2.0.0.RELEASE\spring-boot-starter-jdbc-2.0.0.RELEASE.jar;C:\Users\User\.m2\repository\com\zaxxer\HikariCP\2.7.8\HikariCP-2.7.8.jar;C:\Users\User\.m2\repository\javax\transaction\javax.transaction-api\1.2\javax.transaction-api-1.2.jar;C:\Users\User\.m2\repository\org\springframework\data\spring-data-jpa\2.0.5.RELEASE\spring-data-jpa-2.0.5.RELEASE.jar;C:\Users\User\.m2\repository\org\springframework\data\spring-data-commons\2.0.5.RELEASE\spring-data-commons-2.0.5.RELEASE.jar;C:\Users\User\.m2\repository\org\slf4j\slf4j-api\1.7.25\slf4j-api-1.7.25.jar;C:\Users\User\.m2\repository\org\springframework\spring-aspects\5.0.4.RELEASE\spring-aspects-5.0.4.RELEASE.jar;C:\Users\User\.m2\repository\mysql\mysql-connector-java\5.1.45\mysql-connector-java-5.1.45.jar;C:\Users\User\.m2\repository\org\springframework\boot\spring-boot-starter-test\2.0.0.RELEASE\spring-boot-starter-test-2.0.0.RELEASE.jar;C:\Users\User\.m2\repository\org\springframework\boot\spring-boot-test\2.0.0.RELEASE\spring-boot-test-2.0.0.RELEASE.jar;C:\Users\User\.m2\repository\org\springframework\boot\spring-boot-test-autoconfigure\2.0.0.RELEASE\spring-boot-test-autoconfigure-2.0.0.RELEASE.jar;C:\Users\User\.m2\repository\com\jayway\jsonpath\json-path\2.4.0\json-path-2.4.0.jar;C:\Users\User\.m2\repository\net\minidev\json-smart\2.3\json-smart-2.3.jar;C:\Users\User\.m2\repository\net\minidev\accessors-smart\1.2\accessors-smart-1.2.jar;C:\Users\User\.m2\repository\org\assertj\assertj-core\3.9.1\assertj-core-3.9.1.jar;C:\Users\User\.m2\repository\org\mockito\mockito-core\2.15.0\mockito-core-2.15.0.jar;C:\Users\User\.m2\repository\net\bytebuddy\byte-buddy\1.7.10\byte-buddy-1.7.10.jar;C:\Users\User\.m2\repository\net\bytebuddy\byte-buddy-agent\1.7.10\byte-buddy-agent-1.7.10.jar;C:\Users\User\.m2\repository\org\objenesis\objenesis\2.6\objenesis-2.6.jar;C:\Users\User\.m2\repository\org\hamcrest\hamcrest-library\1.3\hamcrest-library-1.3.jar;C:\Users\User\.m2\repository\org\skyscreamer\jsonassert\1.5.0\jsonassert-1.5.0.jar;C:\Users\User\.m2\repository\com\vaadin\external\google\android-json\0.0.20131108.vaadin1\android-json-0.0.20131108.vaadin1.jar;C:\Users\User\.m2\repository\org\springframework\spring-core\5.0.4.RELEASE\spring-core-5.0.4.RELEASE.jar;C:\Users\User\.m2\repository\org\springframework\spring-jcl\5.0.4.RELEASE\spring-jcl-5.0.4.RELEASE.jar;C:\Users\User\.m2\repository\org\springframework\spring-test\5.0.4.RELEASE\spring-test-5.0.4.RELEASE.jar;C:\Users\User\.m2\repository\org\xmlunit\xmlunit-core\2.5.1\xmlunit-core-2.5.1.jar;C:\Users\User\.m2\repository\org\springframework\boot\spring-boot-devtools\2.0.0.RELEASE\spring-boot-devtools-2.0.0.RELEASE.jar;C:\Users\User\.m2\repository\org\springframework\boot\spring-boot\2.0.0.RELEASE\spring-boot-2.0.0.RELEASE.jar;C:\Users\User\.m2\repository\org\springframework\boot\spring-boot-autoconfigure\2.0.0.RELEASE\spring-boot-autoconfigure-2.0.0.RELEASE.jar;C:\Users\User\.m2\repository\com\h2database\h2\1.4.196\h2-1.4.196.jar;C:\Users\User\.m2\repository\org\hibernate\hibernate-core\5.2.14.Final\hibernate-core-5.2.14.Final.jar;C:\Users\User\.m2\repository\org\jboss\logging\jboss-logging\3.3.2.Final\jboss-logging-3.3.2.Final.jar;C:\Users\User\.m2\repository\org\hibernate\javax\persistence\hibernate-jpa-2.1-api\1.0.0.Final\hibernate-jpa-2.1-api-1.0.0.Final.jar;C:\Users\User\.m2\repository\org\javassist\javassist\3.22.0-GA\javassist-3.22.0-GA.jar;C:\Users\User\.m2\repository\antlr\antlr\2.7.7\antlr-2.7.7.jar;C:\Users\User\.m2\repository\org\jboss\spec\javax\transaction\jboss-transaction-api_1.2_spec\1.0.1.Final\jboss-transaction-api_1.2_spec-1.0.1.Final.jar;C:\Users\User\.m2\repository\org\jboss\jandex\2.0.3.Final\jandex-2.0.3.Final.jar;C:\Users\User\.m2\repository\com\fasterxml\classmate\1.3.4\classmate-1.3.4.jar;C:\Users\User\.m2\repository\dom4j\dom4j\1.6.1\dom4j-1.6.1.jar;C:\Users\User\.m2\repository\org\hibernate\common\hibernate-commons-annotations\5.0.1.Final\hibernate-commons-annotations-5.0.1.Final.jar;C:\Users\User\.m2\repository\org\springframework\spring-orm\5.0.4.RELEASE\spring-orm-5.0.4.RELEASE.jar;C:\Users\User\.m2\repository\org\springframework\spring-beans\5.0.4.RELEASE\spring-beans-5.0.4.RELEASE.jar;C:\Users\User\.m2\repository\org\springframework\spring-jdbc\5.0.4.RELEASE\spring-jdbc-5.0.4.RELEASE.jar;C:\Users\User\.m2\repository\org\springframework\spring-tx\5.0.4.RELEASE\spring-tx-5.0.4.RELEASE.jar;C:\Users\User\.m2\repository\org\apache\commons\commons-dbcp2\2.2.0\commons-dbcp2-2.2.0.jar;C:\Users\User\.m2\repository\org\apache\commons\commons-pool2\2.5.0\commons-pool2-2.5.0.jar;C:\Users\User\.m2\repository\org\apache\maven\plugins\maven-compiler-plugin\3.7.0\maven-compiler-plugin-3.7.0.jar;C:\Users\User\.m2\repository\org\apache\maven\maven-plugin-api\3.0\maven-plugin-api-3.0.jar;C:\Users\User\.m2\repository\org\apache\maven\maven-model\3.0\maven-model-3.0.jar;C:\Users\User\.m2\repository\org\sonatype\sisu\sisu-inject-plexus\1.4.2\sisu-inject-plexus-1.4.2.jar;C:\Users\User\.m2\repository\org\sonatype\sisu\sisu-inject-bean\1.4.2\sisu-inject-bean-1.4.2.jar;C:\Users\User\.m2\repository\org\sonatype\sisu\sisu-guice\2.1.7\sisu-guice-2.1.7-noaop.jar;C:\Users\User\.m2\repository\org\apache\maven\maven-artifact\3.0\maven-artifact-3.0.jar;C:\Users\User\.m2\repository\org\codehaus\plexus\plexus-utils\2.0.4\plexus-utils-2.0.4.jar;C:\Users\User\.m2\repository\org\apache\maven\maven-core\3.0\maven-core-3.0.jar;C:\Users\User\.m2\repository\org\apache\maven\maven-settings\3.0\maven-settings-3.0.jar;C:\Users\User\.m2\repository\org\apache\maven\maven-settings-builder\3.0\maven-settings-builder-3.0.jar;C:\Users\User\.m2\repository\org\apache\maven\maven-repository-metadata\3.0\maven-repository-metadata-3.0.jar;C:\Users\User\.m2\repository\org\apache\maven\maven-model-builder\3.0\maven-model-builder-3.0.jar;C:\Users\User\.m2\repository\org\apache\maven\maven-aether-provider\3.0\maven-aether-provider-3.0.jar;C:\Users\User\.m2\repository\org\sonatype\aether\aether-impl\1.7\aether-impl-1.7.jar;C:\Users\User\.m2\repository\org\sonatype\aether\aether-spi\1.7\aether-spi-1.7.jar;C:\Users\User\.m2\repository\org\sonatype\aether\aether-api\1.7\aether-api-1.7.jar;C:\Users\User\.m2\repository\org\sonatype\aether\aether-util\1.7\aether-util-1.7.jar;C:\Users\User\.m2\repository\org\codehaus\plexus\plexus-interpolation\1.14\plexus-interpolation-1.14.jar;C:\Users\User\.m2\repository\org\codehaus\plexus\plexus-classworlds\2.2.3\plexus-classworlds-2.2.3.jar;C:\Users\User\.m2\repository\org\codehaus\plexus\plexus-component-annotations\1.5.5\plexus-component-annotations-1.5.5.jar;C:\Users\User\.m2\repository\org\sonatype\plexus\plexus-sec-dispatcher\1.3\plexus-sec-dispatcher-1.3.jar;C:\Users\User\.m2\repository\org\sonatype\plexus\plexus-cipher\1.4\plexus-cipher-1.4.jar;C:\Users\User\.m2\repository\org\apache\maven\shared\maven-shared-utils\3.1.0\maven-shared-utils-3.1.0.jar;C:\Users\User\.m2\repository\commons-io\commons-io\2.5\commons-io-2.5.jar;C:\Users\User\.m2\repository\org\apache\maven\shared\maven-shared-incremental\1.1\maven-shared-incremental-1.1.jar;C:\Users\User\.m2\repository\org\codehaus\plexus\plexus-java\0.9.2\plexus-java-0.9.2.jar;C:\Users\User\.m2\repository\org\ow2\asm\asm\6.0_BETA\asm-6.0_BETA.jar;C:\Users\User\.m2\repository\com\thoughtworks\qdox\qdox\2.0-M7\qdox-2.0-M7.jar;C:\Users\User\.m2\repository\org\codehaus\plexus\plexus-compiler-api\2.8.2\plexus-compiler-api-2.8.2.jar;C:\Users\User\.m2\repository\org\codehaus\plexus\plexus-compiler-manager\2.8.2\plexus-compiler-manager-2.8.2.jar;C:\Users\User\.m2\repository\org\codehaus\plexus\plexus-compiler-javac\2.8.2\plexus-compiler-javac-2.8.2.jar;C:\Users\User\.m2\repository\com\fasterxml\jackson\core\jackson-databind\2.9.4\jackson-databind-2.9.4.jar;C:\Users\User\.m2\repository\com\fasterxml\jackson\core\jackson-core\2.9.4\jackson-core-2.9.4.jar;C:\Users\User\.m2\repository\com\fasterxml\jackson\core\jackson-annotations\2.9.0\jackson-annotations-2.9.0.jar;C:\Users\User\.m2\repository\org\springframework\webflow\spring-webflow\2.4.7.RELEASE\spring-webflow-2.4.7.RELEASE.jar;C:\Users\User\.m2\repository\commons-logging\commons-logging\1.1.1\commons-logging-1.1.1.jar;C:\Users\User\.m2\repository\opensymphony\ognl\2.6.11\ognl-2.6.11.jar;C:\Users\User\.m2\repository\org\springframework\webflow\spring-binding\2.4.7.RELEASE\spring-binding-2.4.7.RELEASE.jar;C:\Users\User\.m2\repository\org\springframework\webflow\spring-js\2.4.7.RELEASE\spring-js-2.4.7.RELEASE.jar;C:\Users\User\.m2\repository\org\springframework\webflow\spring-js-resources\2.4.7.RELEASE\spring-js-resources-2.4.7.RELEASE.jar;C:\Users\User\.m2\repository\org\springframework\spring-context\5.0.4.RELEASE\spring-context-5.0.4.RELEASE.jar;C:\Users\User\.m2\repository\org\springframework\spring-expression\5.0.4.RELEASE\spring-expression-5.0.4.RELEASE.jar;"/>
    <property name="sun.cpu.endian" value="little"/>
    <property name="user.home" value="C:\Users\User"/>
    <property name="user.language" value="en"/>
    <property name="java.specification.vendor" value="Oracle Corporation"/>
    <property name="java.home" value="C:\Program Files\Java\jdk1.8.0_101\jre"/>
    <property name="basedir" value="C:\Users\User\eclipse-workspace\ubereats"/>
    <property name="file.separator" value="\"/>
    <property name="line.separator" value="&#10;"/>
    <property name="java.vm.specification.vendor" value="Oracle Corporation"/>
    <property name="java.specification.name" value="Java Platform API Specification"/>
    <property name="java.awt.graphicsenv" value="sun.awt.Win32GraphicsEnvironment"/>
    <property name="surefire.real.class.path" value="C:\Users\User\AppData\Local\Temp\surefire4035108605574606520\surefirebooter5583770164390574527.jar"/>
    <property name="sun.boot.class.path" value="C:\Program Files\Java\jdk1.8.0_101\jre\lib\resources.jar;C:\Program Files\Java\jdk1.8.0_101\jre\lib\rt.jar;C:\Program Files\Java\jdk1.8.0_101\jre\lib\sunrsasign.jar;C:\Program Files\Java\jdk1.8.0_101\jre\lib\jsse.jar;C:\Program Files\Java\jdk1.8.0_101\jre\lib\jce.jar;C:\Program Files\Java\jdk1.8.0_101\jre\lib\charsets.jar;C:\Program Files\Java\jdk1.8.0_101\jre\lib\jfr.jar;C:\Program Files\Java\jdk1.8.0_101\jre\classes"/>
    <property name="user.script" value=""/>
    <property name="sun.management.compiler" value="HotSpot 64-Bit Tiered Compilers"/>
    <property name="java.runtime.version" value="1.8.0_101-b13"/>
    <property name="user.name" value="User"/>
    <property name="path.separator" value=";"/>
    <property name="os.version" value="10.0"/>
    <property name="java.endorsed.dirs" value="C:\Program Files\Java\jdk1.8.0_101\jre\lib\endorsed"/>
    <property name="java.runtime.name" value="Java(TM) SE Runtime Environment"/>
    <property name="file.encoding" value="Cp1252"/>
    <property name="java.vm.name" value="Java HotSpot(TM) 64-Bit Server VM"/>
    <property name="localRepository" value="C:\Users\User\.m2\repository"/>
    <property name="java.vendor.url.bug" value="http://bugreport.sun.com/bugreport/"/>
    <property name="java.io.tmpdir" value="C:\Users\User\AppData\Local\Temp\"/>
    <property name="java.version" value="1.8.0_101"/>
    <property name="user.dir" value="C:\Users\User\eclipse-workspace\ubereats"/>
    <property name="os.arch" value="amd64"/>
    <property name="java.vm.specification.name" value="Java Virtual Machine Specification"/>
    <property name="java.awt.printerjob" value="sun.awt.windows.WPrinterJob"/>
    <property name="sun.os.patch.level" value=""/>
    <property name="java.library.path" value="C:\Program Files\Java\jdk1.8.0_101\jre\bin;C:\WINDOWS\Sun\Java\bin;C:\WINDOWS\system32;C:\WINDOWS;C:/Program Files/Java/jre1.8.0_101/bin/server;C:/Program Files/Java/jre1.8.0_101/bin;C:/Program Files/Java/jre1.8.0_101/lib/amd64;C:\Program Files\Microsoft MPI\Bin\;C:\ProgramData\Oracle\Java\javapath;C:\Program Files (x86)\Intel\iCLS Client\;C:\Program Files\Intel\iCLS Client\;C:\WINDOWS\system32;C:\WINDOWS;C:\WINDOWS\System32\Wbem;C:\WINDOWS\System32\WindowsPowerShell\v1.0\;C:\Program Files (x86)\Intel\OpenCL SDK\2.0\bin\x86;C:\Program Files (x86)\Intel\OpenCL SDK\2.0\bin\x64;C:\Program Files (x86)\Intel\Intel(R) Management Engine Components\DAL;C:\Program Files\Intel\Intel(R) Management Engine Components\DAL;C:\Program Files (x86)\Intel\Intel(R) Management Engine Components\IPT;C:\Program Files\Intel\Intel(R) Management Engine Components\IPT;C:\Program Files\Microsoft SQL Server\Client SDK\ODBC\130\Tools\Binn\;C:\Program Files (x86)\Microsoft SQL Server\130\Tools\Binn\;C:\Program Files\Microsoft SQL Server\130\Tools\Binn\;C:\Program Files\Microsoft SQL Server\130\DTS\Binn\;C:\WINDOWS\system32\config\systemprofile\.dnx\bin;C:\Program Files\Microsoft DNX\Dnvm\;C:\Program Files\Microsoft SQL Server\120\Tools\Binn\;C:\Program Files (x86)\Microsoft SQL Server\130\DTS\Binn\;C:\Program Files (x86)\Microsoft SQL Server\Client SDK\ODBC\130\Tools\Binn\;C:\Program Files (x86)\Microsoft SQL Server\140\Tools\Binn\;C:\Program Files (x86)\Microsoft SQL Server\140\DTS\Binn\;C:\Program Files (x86)\Microsoft SQL Server\140\Tools\Binn\ManagementStudio\;C:\Program Files\nodejs\;C:\Users\User\AppData\Local\Microsoft\WindowsApps;C:\Users\User\AppData\Roaming\npm;C:\Users\User\Downloads\Compressed\apache-maven-3.5.2-bin\bin;;C:\Users\User\Desktop;;."/>
    <property name="java.vm.info" value="mixed mode"/>
    <property name="java.vendor" value="Oracle Corporation"/>
    <property name="java.vm.version" value="25.101-b13"/>
    <property name="java.ext.dirs" value="C:\Program Files\Java\jdk1.8.0_101\jre\lib\ext;C:\WINDOWS\Sun\Java\lib\ext"/>
    <property name="sun.io.unicode.encoding" value="UnicodeLittle"/>
    <property name="java.class.version" value="52.0"/>
  </properties>
  <testcase name="TestCRUDCategory" classname="org.reverside.bootcamp.ubereats.test.CategoryTestCase" time="1.242">
    <error type="java.lang.NullPointerException">java.lang.NullPointerException
	at org.reverside.bootcamp.ubereats.test.CategoryTestCase.TestCRUDCategory(CategoryTestCase.java:95)
</error>
    <system-out><![CDATA[15:04:29.336 [main] DEBUG org.springframework.core.env.StandardEnvironment - Adding PropertySource 'systemProperties' with lowest search precedence
15:04:29.344 [main] DEBUG org.springframework.core.env.StandardEnvironment - Adding PropertySource 'systemEnvironment' with lowest search precedence
15:04:29.345 [main] DEBUG org.springframework.core.env.StandardEnvironment - Initialized StandardEnvironment with PropertySources [MapPropertySource@1361289747 {name='systemProperties', properties={java.runtime.name=Java(TM) SE Runtime Environment, sun.boot.library.path=C:\Program Files\Java\jdk1.8.0_101\jre\bin, java.vm.version=25.101-b13, java.vm.vendor=Oracle Corporation, java.vendor.url=http://java.oracle.com/, path.separator=;, java.vm.name=Java HotSpot(TM) 64-Bit Server VM, file.encoding.pkg=sun.io, user.country=US, user.script=, sun.java.launcher=SUN_STANDARD, sun.os.patch.level=, java.vm.specification.name=Java Virtual Machine Specification, user.dir=C:\Users\User\eclipse-workspace\ubereats, java.runtime.version=1.8.0_101-b13, basedir=C:\Users\User\eclipse-workspace\ubereats, java.awt.graphicsenv=sun.awt.Win32GraphicsEnvironment, java.endorsed.dirs=C:\Program Files\Java\jdk1.8.0_101\jre\lib\endorsed, os.arch=amd64, surefire.real.class.path=C:\Users\User\AppData\Local\Temp\surefire4035108605574606520\surefirebooter5583770164390574527.jar, java.io.tmpdir=C:\Users\User\AppData\Local\Temp\, line.separator=
, java.vm.specification.vendor=Oracle Corporation, user.variant=, os.name=Windows 10, sun.jnu.encoding=Cp1252, java.library.path=C:\Program Files\Java\jdk1.8.0_101\jre\bin;C:\WINDOWS\Sun\Java\bin;C:\WINDOWS\system32;C:\WINDOWS;C:/Program Files/Java/jre1.8.0_101/bin/server;C:/Program Files/Java/jre1.8.0_101/bin;C:/Program Files/Java/jre1.8.0_101/lib/amd64;C:\Program Files\Microsoft MPI\Bin\;C:\ProgramData\Oracle\Java\javapath;C:\Program Files (x86)\Intel\iCLS Client\;C:\Program Files\Intel\iCLS Client\;C:\WINDOWS\system32;C:\WINDOWS;C:\WINDOWS\System32\Wbem;C:\WINDOWS\System32\WindowsPowerShell\v1.0\;C:\Program Files (x86)\Intel\OpenCL SDK\2.0\bin\x86;C:\Program Files (x86)\Intel\OpenCL SDK\2.0\bin\x64;C:\Program Files (x86)\Intel\Intel(R) Management Engine Components\DAL;C:\Program Files\Intel\Intel(R) Management Engine Components\DAL;C:\Program Files (x86)\Intel\Intel(R) Management Engine Components\IPT;C:\Program Files\Intel\Intel(R) Management Engine Components\IPT;C:\Program Files\Microsoft SQL Server\Client SDK\ODBC\130\Tools\Binn\;C:\Program Files (x86)\Microsoft SQL Server\130\Tools\Binn\;C:\Program Files\Microsoft SQL Server\130\Tools\Binn\;C:\Program Files\Microsoft SQL Server\130\DTS\Binn\;C:\WINDOWS\system32\config\systemprofile\.dnx\bin;C:\Program Files\Microsoft DNX\Dnvm\;C:\Program Files\Microsoft SQL Server\120\Tools\Binn\;C:\Program Files (x86)\Microsoft SQL Server\130\DTS\Binn\;C:\Program Files (x86)\Microsoft SQL Server\Client SDK\ODBC\130\Tools\Binn\;C:\Program Files (x86)\Microsoft SQL Server\140\Tools\Binn\;C:\Program Files (x86)\Microsoft SQL Server\140\DTS\Binn\;C:\Program Files (x86)\Microsoft SQL Server\140\Tools\Binn\ManagementStudio\;C:\Program Files\nodejs\;C:\Users\User\AppData\Local\Microsoft\WindowsApps;C:\Users\User\AppData\Roaming\npm;C:\Users\User\Downloads\Compressed\apache-maven-3.5.2-bin\bin;;C:\Users\User\Desktop;;., surefire.test.class.path=C:\Users\User\eclipse-workspace\ubereats\target\test-classes;C:\Users\User\eclipse-workspace\ubereats\target\classes;C:\Users\User\.m2\repository\org\springframework\boot\spring-boot-starter-tomcat\2.0.0.RELEASE\spring-boot-starter-tomcat-2.0.0.RELEASE.jar;C:\Users\User\.m2\repository\javax\annotation\javax.annotation-api\1.3.2\javax.annotation-api-1.3.2.jar;C:\Users\User\.m2\repository\org\apache\tomcat\embed\tomcat-embed-core\8.5.28\tomcat-embed-core-8.5.28.jar;C:\Users\User\.m2\repository\org\apache\tomcat\embed\tomcat-embed-el\8.5.28\tomcat-embed-el-8.5.28.jar;C:\Users\User\.m2\repository\org\apache\tomcat\embed\tomcat-embed-websocket\8.5.28\tomcat-embed-websocket-8.5.28.jar;C:\Users\User\.m2\repository\junit\junit\4.12\junit-4.12.jar;C:\Users\User\.m2\repository\org\hamcrest\hamcrest-core\1.3\hamcrest-core-1.3.jar;C:\Users\User\.m2\repository\org\springframework\boot\spring-boot-starter-web\2.0.0.RELEASE\spring-boot-starter-web-2.0.0.RELEASE.jar;C:\Users\User\.m2\repository\org\springframework\boot\spring-boot-starter\2.0.0.RELEASE\spring-boot-starter-2.0.0.RELEASE.jar;C:\Users\User\.m2\repository\org\springframework\boot\spring-boot-starter-logging\2.0.0.RELEASE\spring-boot-starter-logging-2.0.0.RELEASE.jar;C:\Users\User\.m2\repository\ch\qos\logback\logback-classic\1.2.3\logback-classic-1.2.3.jar;C:\Users\User\.m2\repository\ch\qos\logback\logback-core\1.2.3\logback-core-1.2.3.jar;C:\Users\User\.m2\repository\org\apache\logging\log4j\log4j-to-slf4j\2.10.0\log4j-to-slf4j-2.10.0.jar;C:\Users\User\.m2\repository\org\apache\logging\log4j\log4j-api\2.10.0\log4j-api-2.10.0.jar;C:\Users\User\.m2\repository\org\slf4j\jul-to-slf4j\1.7.25\jul-to-slf4j-1.7.25.jar;C:\Users\User\.m2\repository\org\yaml\snakeyaml\1.19\snakeyaml-1.19.jar;C:\Users\User\.m2\repository\org\springframework\boot\spring-boot-starter-json\2.0.0.RELEASE\spring-boot-starter-json-2.0.0.RELEASE.jar;C:\Users\User\.m2\repository\com\fasterxml\jackson\datatype\jackson-datatype-jdk8\2.9.4\jackson-datatype-jdk8-2.9.4.jar;C:\Users\User\.m2\repository\com\fasterxml\jackson\datatype\jackson-datatype-jsr310\2.9.4\jackson-datatype-jsr310-2.9.4.jar;C:\Users\User\.m2\repository\com\fasterxml\jackson\module\jackson-module-parameter-names\2.9.4\jackson-module-parameter-names-2.9.4.jar;C:\Users\User\.m2\repository\org\hibernate\validator\hibernate-validator\6.0.7.Final\hibernate-validator-6.0.7.Final.jar;C:\Users\User\.m2\repository\javax\validation\validation-api\2.0.1.Final\validation-api-2.0.1.Final.jar;C:\Users\User\.m2\repository\org\springframework\spring-web\5.0.4.RELEASE\spring-web-5.0.4.RELEASE.jar;C:\Users\User\.m2\repository\org\springframework\spring-webmvc\5.0.4.RELEASE\spring-webmvc-5.0.4.RELEASE.jar;C:\Users\User\.m2\repository\org\springframework\spring-aop\5.0.4.RELEASE\spring-aop-5.0.4.RELEASE.jar;C:\Users\User\.m2\repository\org\springframework\boot\spring-boot-starter-data-jpa\2.0.0.RELEASE\spring-boot-starter-data-jpa-2.0.0.RELEASE.jar;C:\Users\User\.m2\repository\org\springframework\boot\spring-boot-starter-aop\2.0.0.RELEASE\spring-boot-starter-aop-2.0.0.RELEASE.jar;C:\Users\User\.m2\repository\org\aspectj\aspectjweaver\1.8.13\aspectjweaver-1.8.13.jar;C:\Users\User\.m2\repository\org\springframework\boot\spring-boot-starter-jdbc\2.0.0.RELEASE\spring-boot-starter-jdbc-2.0.0.RELEASE.jar;C:\Users\User\.m2\repository\com\zaxxer\HikariCP\2.7.8\HikariCP-2.7.8.jar;C:\Users\User\.m2\repository\javax\transaction\javax.transaction-api\1.2\javax.transaction-api-1.2.jar;C:\Users\User\.m2\repository\org\springframework\data\spring-data-jpa\2.0.5.RELEASE\spring-data-jpa-2.0.5.RELEASE.jar;C:\Users\User\.m2\repository\org\springframework\data\spring-data-commons\2.0.5.RELEASE\spring-data-commons-2.0.5.RELEASE.jar;C:\Users\User\.m2\repository\org\slf4j\slf4j-api\1.7.25\slf4j-api-1.7.25.jar;C:\Users\User\.m2\repository\org\springframework\spring-aspects\5.0.4.RELEASE\spring-aspects-5.0.4.RELEASE.jar;C:\Users\User\.m2\repository\mysql\mysql-connector-java\5.1.45\mysql-connector-java-5.1.45.jar;C:\Users\User\.m2\repository\org\springframework\boot\spring-boot-starter-test\2.0.0.RELEASE\spring-boot-starter-test-2.0.0.RELEASE.jar;C:\Users\User\.m2\repository\org\springframework\boot\spring-boot-test\2.0.0.RELEASE\spring-boot-test-2.0.0.RELEASE.jar;C:\Users\User\.m2\repository\org\springframework\boot\spring-boot-test-autoconfigure\2.0.0.RELEASE\spring-boot-test-autoconfigure-2.0.0.RELEASE.jar;C:\Users\User\.m2\repository\com\jayway\jsonpath\json-path\2.4.0\json-path-2.4.0.jar;C:\Users\User\.m2\repository\net\minidev\json-smart\2.3\json-smart-2.3.jar;C:\Users\User\.m2\repository\net\minidev\accessors-smart\1.2\accessors-smart-1.2.jar;C:\Users\User\.m2\repository\org\assertj\assertj-core\3.9.1\assertj-core-3.9.1.jar;C:\Users\User\.m2\repository\org\mockito\mockito-core\2.15.0\mockito-core-2.15.0.jar;C:\Users\User\.m2\repository\net\bytebuddy\byte-buddy\1.7.10\byte-buddy-1.7.10.jar;C:\Users\User\.m2\repository\net\bytebuddy\byte-buddy-agent\1.7.10\byte-buddy-agent-1.7.10.jar;C:\Users\User\.m2\repository\org\objenesis\objenesis\2.6\objenesis-2.6.jar;C:\Users\User\.m2\repository\org\hamcrest\hamcrest-library\1.3\hamcrest-library-1.3.jar;C:\Users\User\.m2\repository\org\skyscreamer\jsonassert\1.5.0\jsonassert-1.5.0.jar;C:\Users\User\.m2\repository\com\vaadin\external\google\android-json\0.0.20131108.vaadin1\android-json-0.0.20131108.vaadin1.jar;C:\Users\User\.m2\repository\org\springframework\spring-core\5.0.4.RELEASE\spring-core-5.0.4.RELEASE.jar;C:\Users\User\.m2\repository\org\springframework\spring-jcl\5.0.4.RELEASE\spring-jcl-5.0.4.RELEASE.jar;C:\Users\User\.m2\repository\org\springframework\spring-test\5.0.4.RELEASE\spring-test-5.0.4.RELEASE.jar;C:\Users\User\.m2\repository\org\xmlunit\xmlunit-core\2.5.1\xmlunit-core-2.5.1.jar;C:\Users\User\.m2\repository\org\springframework\boot\spring-boot-devtools\2.0.0.RELEASE\spring-boot-devtools-2.0.0.RELEASE.jar;C:\Users\User\.m2\repository\org\springframework\boot\spring-boot\2.0.0.RELEASE\spring-boot-2.0.0.RELEASE.jar;C:\Users\User\.m2\repository\org\springframework\boot\spring-boot-autoconfigure\2.0.0.RELEASE\spring-boot-autoconfigure-2.0.0.RELEASE.jar;C:\Users\User\.m2\repository\com\h2database\h2\1.4.196\h2-1.4.196.jar;C:\Users\User\.m2\repository\org\hibernate\hibernate-core\5.2.14.Final\hibernate-core-5.2.14.Final.jar;C:\Users\User\.m2\repository\org\jboss\logging\jboss-logging\3.3.2.Final\jboss-logging-3.3.2.Final.jar;C:\Users\User\.m2\repository\org\hibernate\javax\persistence\hibernate-jpa-2.1-api\1.0.0.Final\hibernate-jpa-2.1-api-1.0.0.Final.jar;C:\Users\User\.m2\repository\org\javassist\javassist\3.22.0-GA\javassist-3.22.0-GA.jar;C:\Users\User\.m2\repository\antlr\antlr\2.7.7\antlr-2.7.7.jar;C:\Users\User\.m2\repository\org\jboss\spec\javax\transaction\jboss-transaction-api_1.2_spec\1.0.1.Final\jboss-transaction-api_1.2_spec-1.0.1.Final.jar;C:\Users\User\.m2\repository\org\jboss\jandex\2.0.3.Final\jandex-2.0.3.Final.jar;C:\Users\User\.m2\repository\com\fasterxml\classmate\1.3.4\classmate-1.3.4.jar;C:\Users\User\.m2\repository\dom4j\dom4j\1.6.1\dom4j-1.6.1.jar;C:\Users\User\.m2\repository\org\hibernate\common\hibernate-commons-annotations\5.0.1.Final\hibernate-commons-annotations-5.0.1.Final.jar;C:\Users\User\.m2\repository\org\springframework\spring-orm\5.0.4.RELEASE\spring-orm-5.0.4.RELEASE.jar;C:\Users\User\.m2\repository\org\springframework\spring-beans\5.0.4.RELEASE\spring-beans-5.0.4.RELEASE.jar;C:\Users\User\.m2\repository\org\springframework\spring-jdbc\5.0.4.RELEASE\spring-jdbc-5.0.4.RELEASE.jar;C:\Users\User\.m2\repository\org\springframework\spring-tx\5.0.4.RELEASE\spring-tx-5.0.4.RELEASE.jar;C:\Users\User\.m2\repository\org\apache\commons\commons-dbcp2\2.2.0\commons-dbcp2-2.2.0.jar;C:\Users\User\.m2\repository\org\apache\commons\commons-pool2\2.5.0\commons-pool2-2.5.0.jar;C:\Users\User\.m2\repository\org\apache\maven\plugins\maven-compiler-plugin\3.7.0\maven-compiler-plugin-3.7.0.jar;C:\Users\User\.m2\repository\org\apache\maven\maven-plugin-api\3.0\maven-plugin-api-3.0.jar;C:\Users\User\.m2\repository\org\apache\maven\maven-model\3.0\maven-model-3.0.jar;C:\Users\User\.m2\repository\org\sonatype\sisu\sisu-inject-plexus\1.4.2\sisu-inject-plexus-1.4.2.jar;C:\Users\User\.m2\repository\org\sonatype\sisu\sisu-inject-bean\1.4.2\sisu-inject-bean-1.4.2.jar;C:\Users\User\.m2\repository\org\sonatype\sisu\sisu-guice\2.1.7\sisu-guice-2.1.7-noaop.jar;C:\Users\User\.m2\repository\org\apache\maven\maven-artifact\3.0\maven-artifact-3.0.jar;C:\Users\User\.m2\repository\org\codehaus\plexus\plexus-utils\2.0.4\plexus-utils-2.0.4.jar;C:\Users\User\.m2\repository\org\apache\maven\maven-core\3.0\maven-core-3.0.jar;C:\Users\User\.m2\repository\org\apache\maven\maven-settings\3.0\maven-settings-3.0.jar;C:\Users\User\.m2\repository\org\apache\maven\maven-settings-builder\3.0\maven-settings-builder-3.0.jar;C:\Users\User\.m2\repository\org\apache\maven\maven-repository-metadata\3.0\maven-repository-metadata-3.0.jar;C:\Users\User\.m2\repository\org\apache\maven\maven-model-builder\3.0\maven-model-builder-3.0.jar;C:\Users\User\.m2\repository\org\apache\maven\maven-aether-provider\3.0\maven-aether-provider-3.0.jar;C:\Users\User\.m2\repository\org\sonatype\aether\aether-impl\1.7\aether-impl-1.7.jar;C:\Users\User\.m2\repository\org\sonatype\aether\aether-spi\1.7\aether-spi-1.7.jar;C:\Users\User\.m2\repository\org\sonatype\aether\aether-api\1.7\aether-api-1.7.jar;C:\Users\User\.m2\repository\org\sonatype\aether\aether-util\1.7\aether-util-1.7.jar;C:\Users\User\.m2\repository\org\codehaus\plexus\plexus-interpolation\1.14\plexus-interpolation-1.14.jar;C:\Users\User\.m2\repository\org\codehaus\plexus\plexus-classworlds\2.2.3\plexus-classworlds-2.2.3.jar;C:\Users\User\.m2\repository\org\codehaus\plexus\plexus-component-annotations\1.5.5\plexus-component-annotations-1.5.5.jar;C:\Users\User\.m2\repository\org\sonatype\plexus\plexus-sec-dispatcher\1.3\plexus-sec-dispatcher-1.3.jar;C:\Users\User\.m2\repository\org\sonatype\plexus\plexus-cipher\1.4\plexus-cipher-1.4.jar;C:\Users\User\.m2\repository\org\apache\maven\shared\maven-shared-utils\3.1.0\maven-shared-utils-3.1.0.jar;C:\Users\User\.m2\repository\commons-io\commons-io\2.5\commons-io-2.5.jar;C:\Users\User\.m2\repository\org\apache\maven\shared\maven-shared-incremental\1.1\maven-shared-incremental-1.1.jar;C:\Users\User\.m2\repository\org\codehaus\plexus\plexus-java\0.9.2\plexus-java-0.9.2.jar;C:\Users\User\.m2\repository\org\ow2\asm\asm\6.0_BETA\asm-6.0_BETA.jar;C:\Users\User\.m2\repository\com\thoughtworks\qdox\qdox\2.0-M7\qdox-2.0-M7.jar;C:\Users\User\.m2\repository\org\codehaus\plexus\plexus-compiler-api\2.8.2\plexus-compiler-api-2.8.2.jar;C:\Users\User\.m2\repository\org\codehaus\plexus\plexus-compiler-manager\2.8.2\plexus-compiler-manager-2.8.2.jar;C:\Users\User\.m2\repository\org\codehaus\plexus\plexus-compiler-javac\2.8.2\plexus-compiler-javac-2.8.2.jar;C:\Users\User\.m2\repository\com\fasterxml\jackson\core\jackson-databind\2.9.4\jackson-databind-2.9.4.jar;C:\Users\User\.m2\repository\com\fasterxml\jackson\core\jackson-core\2.9.4\jackson-core-2.9.4.jar;C:\Users\User\.m2\repository\com\fasterxml\jackson\core\jackson-annotations\2.9.0\jackson-annotations-2.9.0.jar;C:\Users\User\.m2\repository\org\springframework\webflow\spring-webflow\2.4.7.RELEASE\spring-webflow-2.4.7.RELEASE.jar;C:\Users\User\.m2\repository\commons-logging\commons-logging\1.1.1\commons-logging-1.1.1.jar;C:\Users\User\.m2\repository\opensymphony\ognl\2.6.11\ognl-2.6.11.jar;C:\Users\User\.m2\repository\org\springframework\webflow\spring-binding\2.4.7.RELEASE\spring-binding-2.4.7.RELEASE.jar;C:\Users\User\.m2\repository\org\springframework\webflow\spring-js\2.4.7.RELEASE\spring-js-2.4.7.RELEASE.jar;C:\Users\User\.m2\repository\org\springframework\webflow\spring-js-resources\2.4.7.RELEASE\spring-js-resources-2.4.7.RELEASE.jar;C:\Users\User\.m2\repository\org\springframework\spring-context\5.0.4.RELEASE\spring-context-5.0.4.RELEASE.jar;C:\Users\User\.m2\repository\org\springframework\spring-expression\5.0.4.RELEASE\spring-expression-5.0.4.RELEASE.jar;, java.specification.name=Java Platform API Specification, java.class.version=52.0, sun.management.compiler=HotSpot 64-Bit Tiered Compilers, os.version=10.0, user.home=C:\Users\User, user.timezone=Africa/Harare, java.awt.printerjob=sun.awt.windows.WPrinterJob, file.encoding=Cp1252, java.specification.version=1.8, java.class.path=C:\Users\User\eclipse-workspace\ubereats\target\test-classes;C:\Users\User\eclipse-workspace\ubereats\target\classes;C:\Users\User\.m2\repository\org\springframework\boot\spring-boot-starter-tomcat\2.0.0.RELEASE\spring-boot-starter-tomcat-2.0.0.RELEASE.jar;C:\Users\User\.m2\repository\javax\annotation\javax.annotation-api\1.3.2\javax.annotation-api-1.3.2.jar;C:\Users\User\.m2\repository\org\apache\tomcat\embed\tomcat-embed-core\8.5.28\tomcat-embed-core-8.5.28.jar;C:\Users\User\.m2\repository\org\apache\tomcat\embed\tomcat-embed-el\8.5.28\tomcat-embed-el-8.5.28.jar;C:\Users\User\.m2\repository\org\apache\tomcat\embed\tomcat-embed-websocket\8.5.28\tomcat-embed-websocket-8.5.28.jar;C:\Users\User\.m2\repository\junit\junit\4.12\junit-4.12.jar;C:\Users\User\.m2\repository\org\hamcrest\hamcrest-core\1.3\hamcrest-core-1.3.jar;C:\Users\User\.m2\repository\org\springframework\boot\spring-boot-starter-web\2.0.0.RELEASE\spring-boot-starter-web-2.0.0.RELEASE.jar;C:\Users\User\.m2\repository\org\springframework\boot\spring-boot-starter\2.0.0.RELEASE\spring-boot-starter-2.0.0.RELEASE.jar;C:\Users\User\.m2\repository\org\springframework\boot\spring-boot-starter-logging\2.0.0.RELEASE\spring-boot-starter-logging-2.0.0.RELEASE.jar;C:\Users\User\.m2\repository\ch\qos\logback\logback-classic\1.2.3\logback-classic-1.2.3.jar;C:\Users\User\.m2\repository\ch\qos\logback\logback-core\1.2.3\logback-core-1.2.3.jar;C:\Users\User\.m2\repository\org\apache\logging\log4j\log4j-to-slf4j\2.10.0\log4j-to-slf4j-2.10.0.jar;C:\Users\User\.m2\repository\org\apache\logging\log4j\log4j-api\2.10.0\log4j-api-2.10.0.jar;C:\Users\User\.m2\repository\org\slf4j\jul-to-slf4j\1.7.25\jul-to-slf4j-1.7.25.jar;C:\Users\User\.m2\repository\org\yaml\snakeyaml\1.19\snakeyaml-1.19.jar;C:\Users\User\.m2\repository\org\springframework\boot\spring-boot-starter-json\2.0.0.RELEASE\spring-boot-starter-json-2.0.0.RELEASE.jar;C:\Users\User\.m2\repository\com\fasterxml\jackson\datatype\jackson-datatype-jdk8\2.9.4\jackson-datatype-jdk8-2.9.4.jar;C:\Users\User\.m2\repository\com\fasterxml\jackson\datatype\jackson-datatype-jsr310\2.9.4\jackson-datatype-jsr310-2.9.4.jar;C:\Users\User\.m2\repository\com\fasterxml\jackson\module\jackson-module-parameter-names\2.9.4\jackson-module-parameter-names-2.9.4.jar;C:\Users\User\.m2\repository\org\hibernate\validator\hibernate-validator\6.0.7.Final\hibernate-validator-6.0.7.Final.jar;C:\Users\User\.m2\repository\javax\validation\validation-api\2.0.1.Final\validation-api-2.0.1.Final.jar;C:\Users\User\.m2\repository\org\springframework\spring-web\5.0.4.RELEASE\spring-web-5.0.4.RELEASE.jar;C:\Users\User\.m2\repository\org\springframework\spring-webmvc\5.0.4.RELEASE\spring-webmvc-5.0.4.RELEASE.jar;C:\Users\User\.m2\repository\org\springframework\spring-aop\5.0.4.RELEASE\spring-aop-5.0.4.RELEASE.jar;C:\Users\User\.m2\repository\org\springframework\boot\spring-boot-starter-data-jpa\2.0.0.RELEASE\spring-boot-starter-data-jpa-2.0.0.RELEASE.jar;C:\Users\User\.m2\repository\org\springframework\boot\spring-boot-starter-aop\2.0.0.RELEASE\spring-boot-starter-aop-2.0.0.RELEASE.jar;C:\Users\User\.m2\repository\org\aspectj\aspectjweaver\1.8.13\aspectjweaver-1.8.13.jar;C:\Users\User\.m2\repository\org\springframework\boot\spring-boot-starter-jdbc\2.0.0.RELEASE\spring-boot-starter-jdbc-2.0.0.RELEASE.jar;C:\Users\User\.m2\repository\com\zaxxer\HikariCP\2.7.8\HikariCP-2.7.8.jar;C:\Users\User\.m2\repository\javax\transaction\javax.transaction-api\1.2\javax.transaction-api-1.2.jar;C:\Users\User\.m2\repository\org\springframework\data\spring-data-jpa\2.0.5.RELEASE\spring-data-jpa-2.0.5.RELEASE.jar;C:\Users\User\.m2\repository\org\springframework\data\spring-data-commons\2.0.5.RELEASE\spring-data-commons-2.0.5.RELEASE.jar;C:\Users\User\.m2\repository\org\slf4j\slf4j-api\1.7.25\slf4j-api-1.7.25.jar;C:\Users\User\.m2\repository\org\springframework\spring-aspects\5.0.4.RELEASE\spring-aspects-5.0.4.RELEASE.jar;C:\Users\User\.m2\repository\mysql\mysql-connector-java\5.1.45\mysql-connector-java-5.1.45.jar;C:\Users\User\.m2\repository\org\springframework\boot\spring-boot-starter-test\2.0.0.RELEASE\spring-boot-starter-test-2.0.0.RELEASE.jar;C:\Users\User\.m2\repository\org\springframework\boot\spring-boot-test\2.0.0.RELEASE\spring-boot-test-2.0.0.RELEASE.jar;C:\Users\User\.m2\repository\org\springframework\boot\spring-boot-test-autoconfigure\2.0.0.RELEASE\spring-boot-test-autoconfigure-2.0.0.RELEASE.jar;C:\Users\User\.m2\repository\com\jayway\jsonpath\json-path\2.4.0\json-path-2.4.0.jar;C:\Users\User\.m2\repository\net\minidev\json-smart\2.3\json-smart-2.3.jar;C:\Users\User\.m2\repository\net\minidev\accessors-smart\1.2\accessors-smart-1.2.jar;C:\Users\User\.m2\repository\org\assertj\assertj-core\3.9.1\assertj-core-3.9.1.jar;C:\Users\User\.m2\repository\org\mockito\mockito-core\2.15.0\mockito-core-2.15.0.jar;C:\Users\User\.m2\repository\net\bytebuddy\byte-buddy\1.7.10\byte-buddy-1.7.10.jar;C:\Users\User\.m2\repository\net\bytebuddy\byte-buddy-agent\1.7.10\byte-buddy-agent-1.7.10.jar;C:\Users\User\.m2\repository\org\objenesis\objenesis\2.6\objenesis-2.6.jar;C:\Users\User\.m2\repository\org\hamcrest\hamcrest-library\1.3\hamcrest-library-1.3.jar;C:\Users\User\.m2\repository\org\skyscreamer\jsonassert\1.5.0\jsonassert-1.5.0.jar;C:\Users\User\.m2\repository\com\vaadin\external\google\android-json\0.0.20131108.vaadin1\android-json-0.0.20131108.vaadin1.jar;C:\Users\User\.m2\repository\org\springframework\spring-core\5.0.4.RELEASE\spring-core-5.0.4.RELEASE.jar;C:\Users\User\.m2\repository\org\springframework\spring-jcl\5.0.4.RELEASE\spring-jcl-5.0.4.RELEASE.jar;C:\Users\User\.m2\repository\org\springframework\spring-test\5.0.4.RELEASE\spring-test-5.0.4.RELEASE.jar;C:\Users\User\.m2\repository\org\xmlunit\xmlunit-core\2.5.1\xmlunit-core-2.5.1.jar;C:\Users\User\.m2\repository\org\springframework\boot\spring-boot-devtools\2.0.0.RELEASE\spring-boot-devtools-2.0.0.RELEASE.jar;C:\Users\User\.m2\repository\org\springframework\boot\spring-boot\2.0.0.RELEASE\spring-boot-2.0.0.RELEASE.jar;C:\Users\User\.m2\repository\org\springframework\boot\spring-boot-autoconfigure\2.0.0.RELEASE\spring-boot-autoconfigure-2.0.0.RELEASE.jar;C:\Users\User\.m2\repository\com\h2database\h2\1.4.196\h2-1.4.196.jar;C:\Users\User\.m2\repository\org\hibernate\hibernate-core\5.2.14.Final\hibernate-core-5.2.14.Final.jar;C:\Users\User\.m2\repository\org\jboss\logging\jboss-logging\3.3.2.Final\jboss-logging-3.3.2.Final.jar;C:\Users\User\.m2\repository\org\hibernate\javax\persistence\hibernate-jpa-2.1-api\1.0.0.Final\hibernate-jpa-2.1-api-1.0.0.Final.jar;C:\Users\User\.m2\repository\org\javassist\javassist\3.22.0-GA\javassist-3.22.0-GA.jar;C:\Users\User\.m2\repository\antlr\antlr\2.7.7\antlr-2.7.7.jar;C:\Users\User\.m2\repository\org\jboss\spec\javax\transaction\jboss-transaction-api_1.2_spec\1.0.1.Final\jboss-transaction-api_1.2_spec-1.0.1.Final.jar;C:\Users\User\.m2\repository\org\jboss\jandex\2.0.3.Final\jandex-2.0.3.Final.jar;C:\Users\User\.m2\repository\com\fasterxml\classmate\1.3.4\classmate-1.3.4.jar;C:\Users\User\.m2\repository\dom4j\dom4j\1.6.1\dom4j-1.6.1.jar;C:\Users\User\.m2\repository\org\hibernate\common\hibernate-commons-annotations\5.0.1.Final\hibernate-commons-annotations-5.0.1.Final.jar;C:\Users\User\.m2\repository\org\springframework\spring-orm\5.0.4.RELEASE\spring-orm-5.0.4.RELEASE.jar;C:\Users\User\.m2\repository\org\springframework\spring-beans\5.0.4.RELEASE\spring-beans-5.0.4.RELEASE.jar;C:\Users\User\.m2\repository\org\springframework\spring-jdbc\5.0.4.RELEASE\spring-jdbc-5.0.4.RELEASE.jar;C:\Users\User\.m2\repository\org\springframework\spring-tx\5.0.4.RELEASE\spring-tx-5.0.4.RELEASE.jar;C:\Users\User\.m2\repository\org\apache\commons\commons-dbcp2\2.2.0\commons-dbcp2-2.2.0.jar;C:\Users\User\.m2\repository\org\apache\commons\commons-pool2\2.5.0\commons-pool2-2.5.0.jar;C:\Users\User\.m2\repository\org\apache\maven\plugins\maven-compiler-plugin\3.7.0\maven-compiler-plugin-3.7.0.jar;C:\Users\User\.m2\repository\org\apache\maven\maven-plugin-api\3.0\maven-plugin-api-3.0.jar;C:\Users\User\.m2\repository\org\apache\maven\maven-model\3.0\maven-model-3.0.jar;C:\Users\User\.m2\repository\org\sonatype\sisu\sisu-inject-plexus\1.4.2\sisu-inject-plexus-1.4.2.jar;C:\Users\User\.m2\repository\org\sonatype\sisu\sisu-inject-bean\1.4.2\sisu-inject-bean-1.4.2.jar;C:\Users\User\.m2\repository\org\sonatype\sisu\sisu-guice\2.1.7\sisu-guice-2.1.7-noaop.jar;C:\Users\User\.m2\repository\org\apache\maven\maven-artifact\3.0\maven-artifact-3.0.jar;C:\Users\User\.m2\repository\org\codehaus\plexus\plexus-utils\2.0.4\plexus-utils-2.0.4.jar;C:\Users\User\.m2\repository\org\apache\maven\maven-core\3.0\maven-core-3.0.jar;C:\Users\User\.m2\repository\org\apache\maven\maven-settings\3.0\maven-settings-3.0.jar;C:\Users\User\.m2\repository\org\apache\maven\maven-settings-builder\3.0\maven-settings-builder-3.0.jar;C:\Users\User\.m2\repository\org\apache\maven\maven-repository-metadata\3.0\maven-repository-metadata-3.0.jar;C:\Users\User\.m2\repository\org\apache\maven\maven-model-builder\3.0\maven-model-builder-3.0.jar;C:\Users\User\.m2\repository\org\apache\maven\maven-aether-provider\3.0\maven-aether-provider-3.0.jar;C:\Users\User\.m2\repository\org\sonatype\aether\aether-impl\1.7\aether-impl-1.7.jar;C:\Users\User\.m2\repository\org\sonatype\aether\aether-spi\1.7\aether-spi-1.7.jar;C:\Users\User\.m2\repository\org\sonatype\aether\aether-api\1.7\aether-api-1.7.jar;C:\Users\User\.m2\repository\org\sonatype\aether\aether-util\1.7\aether-util-1.7.jar;C:\Users\User\.m2\repository\org\codehaus\plexus\plexus-interpolation\1.14\plexus-interpolation-1.14.jar;C:\Users\User\.m2\repository\org\codehaus\plexus\plexus-classworlds\2.2.3\plexus-classworlds-2.2.3.jar;C:\Users\User\.m2\repository\org\codehaus\plexus\plexus-component-annotations\1.5.5\plexus-component-annotations-1.5.5.jar;C:\Users\User\.m2\repository\org\sonatype\plexus\plexus-sec-dispatcher\1.3\plexus-sec-dispatcher-1.3.jar;C:\Users\User\.m2\repository\org\sonatype\plexus\plexus-cipher\1.4\plexus-cipher-1.4.jar;C:\Users\User\.m2\repository\org\apache\maven\shared\maven-shared-utils\3.1.0\maven-shared-utils-3.1.0.jar;C:\Users\User\.m2\repository\commons-io\commons-io\2.5\commons-io-2.5.jar;C:\Users\User\.m2\repository\org\apache\maven\shared\maven-shared-incremental\1.1\maven-shared-incremental-1.1.jar;C:\Users\User\.m2\repository\org\codehaus\plexus\plexus-java\0.9.2\plexus-java-0.9.2.jar;C:\Users\User\.m2\repository\org\ow2\asm\asm\6.0_BETA\asm-6.0_BETA.jar;C:\Users\User\.m2\repository\com\thoughtworks\qdox\qdox\2.0-M7\qdox-2.0-M7.jar;C:\Users\User\.m2\repository\org\codehaus\plexus\plexus-compiler-api\2.8.2\plexus-compiler-api-2.8.2.jar;C:\Users\User\.m2\repository\org\codehaus\plexus\plexus-compiler-manager\2.8.2\plexus-compiler-manager-2.8.2.jar;C:\Users\User\.m2\repository\org\codehaus\plexus\plexus-compiler-javac\2.8.2\plexus-compiler-javac-2.8.2.jar;C:\Users\User\.m2\repository\com\fasterxml\jackson\core\jackson-databind\2.9.4\jackson-databind-2.9.4.jar;C:\Users\User\.m2\repository\com\fasterxml\jackson\core\jackson-core\2.9.4\jackson-core-2.9.4.jar;C:\Users\User\.m2\repository\com\fasterxml\jackson\core\jackson-annotations\2.9.0\jackson-annotations-2.9.0.jar;C:\Users\User\.m2\repository\org\springframework\webflow\spring-webflow\2.4.7.RELEASE\spring-webflow-2.4.7.RELEASE.jar;C:\Users\User\.m2\repository\commons-logging\commons-logging\1.1.1\commons-logging-1.1.1.jar;C:\Users\User\.m2\repository\opensymphony\ognl\2.6.11\ognl-2.6.11.jar;C:\Users\User\.m2\repository\org\springframework\webflow\spring-binding\2.4.7.RELEASE\spring-binding-2.4.7.RELEASE.jar;C:\Users\User\.m2\repository\org\springframework\webflow\spring-js\2.4.7.RELEASE\spring-js-2.4.7.RELEASE.jar;C:\Users\User\.m2\repository\org\springframework\webflow\spring-js-resources\2.4.7.RELEASE\spring-js-resources-2.4.7.RELEASE.jar;C:\Users\User\.m2\repository\org\springframework\spring-context\5.0.4.RELEASE\spring-context-5.0.4.RELEASE.jar;C:\Users\User\.m2\repository\org\springframework\spring-expression\5.0.4.RELEASE\spring-expression-5.0.4.RELEASE.jar;, user.name=User, java.vm.specification.version=1.8, sun.java.command=C:\Users\User\AppData\Local\Temp\surefire4035108605574606520\surefirebooter5583770164390574527.jar C:\Users\User\AppData\Local\Temp\surefire4035108605574606520 2018-03-07T15-04-23_732-jvmRun1 surefire8663317882562309461tmp surefire_0359292655993015391tmp, java.home=C:\Program Files\Java\jdk1.8.0_101\jre, sun.arch.data.model=64, user.language=en, java.specification.vendor=Oracle Corporation, awt.toolkit=sun.awt.windows.WToolkit, java.vm.info=mixed mode, java.version=1.8.0_101, java.ext.dirs=C:\Program Files\Java\jdk1.8.0_101\jre\lib\ext;C:\WINDOWS\Sun\Java\lib\ext, sun.boot.class.path=C:\Program Files\Java\jdk1.8.0_101\jre\lib\resources.jar;C:\Program Files\Java\jdk1.8.0_101\jre\lib\rt.jar;C:\Program Files\Java\jdk1.8.0_101\jre\lib\sunrsasign.jar;C:\Program Files\Java\jdk1.8.0_101\jre\lib\jsse.jar;C:\Program Files\Java\jdk1.8.0_101\jre\lib\jce.jar;C:\Program Files\Java\jdk1.8.0_101\jre\lib\charsets.jar;C:\Program Files\Java\jdk1.8.0_101\jre\lib\jfr.jar;C:\Program Files\Java\jdk1.8.0_101\jre\classes, java.vendor=Oracle Corporation, localRepository=C:\Users\User\.m2\repository, file.separator=\, java.vendor.url.bug=http://bugreport.sun.com/bugreport/, sun.io.unicode.encoding=UnicodeLittle, sun.cpu.endian=little, sun.desktop=windows, sun.cpu.isalist=amd64}}, SystemEnvironmentPropertySource@1381128261 {name='systemEnvironment', properties={PATH=C:/Program Files/Java/jre1.8.0_101/bin/server;C:/Program Files/Java/jre1.8.0_101/bin;C:/Program Files/Java/jre1.8.0_101/lib/amd64;C:\Program Files\Microsoft MPI\Bin\;C:\ProgramData\Oracle\Java\javapath;C:\Program Files (x86)\Intel\iCLS Client\;C:\Program Files\Intel\iCLS Client\;C:\WINDOWS\system32;C:\WINDOWS;C:\WINDOWS\System32\Wbem;C:\WINDOWS\System32\WindowsPowerShell\v1.0\;C:\Program Files (x86)\Intel\OpenCL SDK\2.0\bin\x86;C:\Program Files (x86)\Intel\OpenCL SDK\2.0\bin\x64;C:\Program Files (x86)\Intel\Intel(R) Management Engine Components\DAL;C:\Program Files\Intel\Intel(R) Management Engine Components\DAL;C:\Program Files (x86)\Intel\Intel(R) Management Engine Components\IPT;C:\Program Files\Intel\Intel(R) Management Engine Components\IPT;C:\Program Files\Microsoft SQL Server\Client SDK\ODBC\130\Tools\Binn\;C:\Program Files (x86)\Microsoft SQL Server\130\Tools\Binn\;C:\Program Files\Microsoft SQL Server\130\Tools\Binn\;C:\Program Files\Microsoft SQL Server\130\DTS\Binn\;C:\WINDOWS\system32\config\systemprofile\.dnx\bin;C:\Program Files\Microsoft DNX\Dnvm\;C:\Program Files\Microsoft SQL Server\120\Tools\Binn\;C:\Program Files (x86)\Microsoft SQL Server\130\DTS\Binn\;C:\Program Files (x86)\Microsoft SQL Server\Client SDK\ODBC\130\Tools\Binn\;C:\Program Files (x86)\Microsoft SQL Server\140\Tools\Binn\;C:\Program Files (x86)\Microsoft SQL Server\140\DTS\Binn\;C:\Program Files (x86)\Microsoft SQL Server\140\Tools\Binn\ManagementStudio\;C:\Program Files\nodejs\;C:\Users\User\AppData\Local\Microsoft\WindowsApps;C:\Users\User\AppData\Roaming\npm;C:\Users\User\Downloads\Compressed\apache-maven-3.5.2-bin\bin;;C:\Users\User\Desktop;, USERDOMAIN_ROAMINGPROFILE=BOOTCAMP21, PROCESSOR_LEVEL=6, SYSTEMDRIVE=C:, FP_NO_HOST_CHECK=NO, VS140COMNTOOLS=C:\Program Files (x86)\Microsoft Visual Studio 14.0\Common7\Tools\, SESSIONNAME=Console, ALLUSERSPROFILE=C:\ProgramData, PROCESSOR_ARCHITECTURE=AMD64, PROGRAMFILES=C:\Program Files, PSMODULEPATH=C:\WINDOWS\system32\WindowsPowerShell\v1.0\Modules\;C:\Program Files (x86)\Microsoft SQL Server\130\Tools\PowerShell\Modules\, BUNIFUFRAMEWORK.STAT.LASTSEEN=fmzS/Ho+IoSS5OTBflblU8c3HzFTRkhajg5fU6CSrkk=, PROGRAMDATA=C:\ProgramData, USERNAME=User, BUNIFUFRAMEWORK.DAYS=0duHBvINw4Op2KTFbpUotw==, FPS_BROWSER_USER_PROFILE_STRING=Default, ONEDRIVE=C:\Users\User\OneDrive, PATHEXT=.COM;.EXE;.BAT;.CMD;.VBS;.VBE;.JS;.JSE;.WSF;.WSH;.MSC, BUNIFUFRAMEWORK.EMAIL=mGUPnPVXj5d3E9drz1A8FLXNFm7J1JCeUwWgwGOzjGc=, WINDIR=C:\WINDOWS, BUNIFUFRAMEWORK.LASTSEEN=636447074321285198, HOMEPATH=\Users\User, PROCESSOR_IDENTIFIER=Intel64 Family 6 Model 42 Stepping 7, GenuineIntel, WINDOWS_TRACING_LOGFILE=C:\BVTBin\Tests\installpackage\csilogfile.log, POWERMGRPATH=C:\Program Files (x86)\Lenovo\PowerMgr, PUBLIC=C:\Users\Public, =::=::\, BUNIFUFRAMEWORK.DATE=jkzeHe5wD599DGtvVyrBpbJwDbeNv48T1ejJFEWjBFY=, LOCALAPPDATA=C:\Users\User\AppData\Local, MSMPI_BIN=C:\Program Files\Microsoft MPI\Bin\, COMMONPROGRAMFILES(X86)=C:\Program Files (x86)\Common Files, USERDOMAIN=BOOTCAMP21, FPS_BROWSER_APP_PROFILE_STRING=Internet Explorer, LOGONSERVER=\\BOOTCAMP21, JAVA_HOME=C:\Program Files\Java\jdk1.8.0_101, PROMPT=$P$G, PROGRAMFILES(X86)=C:\Program Files (x86), BUNIFUFRAMEWORK.TOKEN=UGOrZyGFaaO21RU7PlCXi+vMfZLGVGzWUSJTv4ZvJBIhnZWaZJSadubkcCwXwcbd, WINDOWS_TRACING_FLAGS=3, =C:=C:\Users\User\eclipse-workspace\ubereats, APPDATA=C:\Users\User\AppData\Roaming, BUNIFUFRAMEWORK.KEY=nAZJ8F+cydbCwvRMj8OsZg==, BUNIFUFRAMEWORK.STAT.LANG=nAZJ8F+cydbCwvRMj8OsZg==, PROGRAMW6432=C:\Program Files, SYSTEMROOT=C:\WINDOWS, OS=Windows_NT, COMMONPROGRAMW6432=C:\Program Files\Common Files, COMPUTERNAME=BOOTCAMP21, COMMONPROGRAMFILES=C:\Program Files\Common Files, COMSPEC=C:\WINDOWS\system32\cmd.exe, PROCESSOR_REVISION=2a07, TEMP=C:\Users\User\AppData\Local\Temp, HOMEDRIVE=C:, USERPROFILE=C:\Users\User, BUNIFUFRAMEWORK.PRODUCT=4sRIJSTJEkYJGZ64wANVf3y9QltOzNrpTfKG9hlAoYk=, BUNIFUFRAMEWORK.STAT.PROJECTS=Tie3I6MrSIlpbrv07eZY2g==, TMP=C:\Users\User\AppData\Local\Temp, MYSQLCONNECTOR_ASSEMBLIESPATH=C:\Program Files (x86)\MySQL\Connector.NET 6.9\Assemblies\v4.5, BUNIFUFRAMEWORK.EXPIRY=w+4bkfaGBJg/jhWvDZs7zcMVNs56mAG3ebOuBofdnjs=, NUMBER_OF_PROCESSORS=4}}]
15:04:29.515 [main] DEBUG org.springframework.context.annotation.ClassPathBeanDefinitionScanner - JSR-250 'javax.annotation.ManagedBean' found and supported for component scanning
15:04:29.518 [main] DEBUG org.springframework.context.annotation.ClassPathBeanDefinitionScanner - JSR-330 'javax.inject.Named' annotation found and supported for component scanning
15:04:29.537 [main] DEBUG org.springframework.core.io.support.PathMatchingResourcePatternResolver - Resolved classpath location [org/reverside/bootcamp/ubereats/] to resources [URL [file:/C:/Users/User/eclipse-workspace/ubereats/target/test-classes/org/reverside/bootcamp/ubereats/], URL [file:/C:/Users/User/eclipse-workspace/ubereats/target/classes/org/reverside/bootcamp/ubereats/]]
15:04:29.538 [main] DEBUG org.springframework.core.io.support.PathMatchingResourcePatternResolver - Looking for matching resources in directory tree [C:\Users\User\eclipse-workspace\ubereats\target\test-classes\org\reverside\bootcamp\ubereats]
15:04:29.540 [main] DEBUG org.springframework.core.io.support.PathMatchingResourcePatternResolver - Searching directory [C:\Users\User\eclipse-workspace\ubereats\target\test-classes\org\reverside\bootcamp\ubereats] for files matching pattern [C:/Users/User/eclipse-workspace/ubereats/target/test-classes/org/reverside/bootcamp/ubereats/**/*.class]
15:04:29.543 [main] DEBUG org.springframework.core.io.support.PathMatchingResourcePatternResolver - Searching directory [C:\Users\User\eclipse-workspace\ubereats\target\test-classes\org\reverside\bootcamp\ubereats\test] for files matching pattern [C:/Users/User/eclipse-workspace/ubereats/target/test-classes/org/reverside/bootcamp/ubereats/**/*.class]
15:04:29.547 [main] DEBUG org.springframework.core.io.support.PathMatchingResourcePatternResolver - Looking for matching resources in directory tree [C:\Users\User\eclipse-workspace\ubereats\target\classes\org\reverside\bootcamp\ubereats]
15:04:29.547 [main] DEBUG org.springframework.core.io.support.PathMatchingResourcePatternResolver - Searching directory [C:\Users\User\eclipse-workspace\ubereats\target\classes\org\reverside\bootcamp\ubereats] for files matching pattern [C:/Users/User/eclipse-workspace/ubereats/target/classes/org/reverside/bootcamp/ubereats/**/*.class]
15:04:29.549 [main] DEBUG org.springframework.core.io.support.PathMatchingResourcePatternResolver - Searching directory [C:\Users\User\eclipse-workspace\ubereats\target\classes\org\reverside\bootcamp\ubereats\config] for files matching pattern [C:/Users/User/eclipse-workspace/ubereats/target/classes/org/reverside/bootcamp/ubereats/**/*.class]
15:04:29.550 [main] DEBUG org.springframework.core.io.support.PathMatchingResourcePatternResolver - Searching directory [C:\Users\User\eclipse-workspace\ubereats\target\classes\org\reverside\bootcamp\ubereats\controller] for files matching pattern [C:/Users/User/eclipse-workspace/ubereats/target/classes/org/reverside/bootcamp/ubereats/**/*.class]
15:04:29.553 [main] DEBUG org.springframework.core.io.support.PathMatchingResourcePatternResolver - Searching directory [C:\Users\User\eclipse-workspace\ubereats\target\classes\org\reverside\bootcamp\ubereats\dto] for files matching pattern [C:/Users/User/eclipse-workspace/ubereats/target/classes/org/reverside/bootcamp/ubereats/**/*.class]
15:04:29.557 [main] DEBUG org.springframework.core.io.support.PathMatchingResourcePatternResolver - Searching directory [C:\Users\User\eclipse-workspace\ubereats\target\classes\org\reverside\bootcamp\ubereats\repository] for files matching pattern [C:/Users/User/eclipse-workspace/ubereats/target/classes/org/reverside/bootcamp/ubereats/**/*.class]
15:04:29.562 [main] DEBUG org.springframework.core.io.support.PathMatchingResourcePatternResolver - Searching directory [C:\Users\User\eclipse-workspace\ubereats\target\classes\org\reverside\bootcamp\ubereats\repositoryImpl] for files matching pattern [C:/Users/User/eclipse-workspace/ubereats/target/classes/org/reverside/bootcamp/ubereats/**/*.class]
15:04:29.573 [main] DEBUG org.springframework.core.io.support.PathMatchingResourcePatternResolver - Searching directory [C:\Users\User\eclipse-workspace\ubereats\target\classes\org\reverside\bootcamp\ubereats\service] for files matching pattern [C:/Users/User/eclipse-workspace/ubereats/target/classes/org/reverside/bootcamp/ubereats/**/*.class]
15:04:29.575 [main] DEBUG org.springframework.core.io.support.PathMatchingResourcePatternResolver - Searching directory [C:\Users\User\eclipse-workspace\ubereats\target\classes\org\reverside\bootcamp\ubereats\serviceImpl] for files matching pattern [C:/Users/User/eclipse-workspace/ubereats/target/classes/org/reverside/bootcamp/ubereats/**/*.class]
15:04:29.581 [main] DEBUG org.springframework.core.io.support.PathMatchingResourcePatternResolver - Resolved location pattern [classpath*:org/reverside/bootcamp/ubereats/**/*.class] to resources [file [C:\Users\User\eclipse-workspace\ubereats\target\test-classes\org\reverside\bootcamp\ubereats\AppTest.class], file [C:\Users\User\eclipse-workspace\ubereats\target\test-classes\org\reverside\bootcamp\ubereats\test\CategoryTestCase.class], file [C:\Users\User\eclipse-workspace\ubereats\target\test-classes\org\reverside\bootcamp\ubereats\test\FoodOutletTestCase.class], file [C:\Users\User\eclipse-workspace\ubereats\target\test-classes\org\reverside\bootcamp\ubereats\test\ProductTestCase.class], file [C:\Users\User\eclipse-workspace\ubereats\target\test-classes\org\reverside\bootcamp\ubereats\test\UserTestCase.class], file [C:\Users\User\eclipse-workspace\ubereats\target\classes\org\reverside\bootcamp\ubereats\App.class], file [C:\Users\User\eclipse-workspace\ubereats\target\classes\org\reverside\bootcamp\ubereats\config\HibernateConfig.class], file [C:\Users\User\eclipse-workspace\ubereats\target\classes\org\reverside\bootcamp\ubereats\config\package-info.class], file [C:\Users\User\eclipse-workspace\ubereats\target\classes\org\reverside\bootcamp\ubereats\controller\JsonDataController.class], file [C:\Users\User\eclipse-workspace\ubereats\target\classes\org\reverside\bootcamp\ubereats\controller\UserController.class], file [C:\Users\User\eclipse-workspace\ubereats\target\classes\org\reverside\bootcamp\ubereats\controller\WebController.class], file [C:\Users\User\eclipse-workspace\ubereats\target\classes\org\reverside\bootcamp\ubereats\dto\Account.class], file [C:\Users\User\eclipse-workspace\ubereats\target\classes\org\reverside\bootcamp\ubereats\dto\Admin.class], file [C:\Users\User\eclipse-workspace\ubereats\target\classes\org\reverside\bootcamp\ubereats\dto\Cart.class], file [C:\Users\User\eclipse-workspace\ubereats\target\classes\org\reverside\bootcamp\ubereats\dto\CartItem.class], file [C:\Users\User\eclipse-workspace\ubereats\target\classes\org\reverside\bootcamp\ubereats\dto\Category.class], file [C:\Users\User\eclipse-workspace\ubereats\target\classes\org\reverside\bootcamp\ubereats\dto\Delivery.class], file [C:\Users\User\eclipse-workspace\ubereats\target\classes\org\reverside\bootcamp\ubereats\dto\Driver.class], file [C:\Users\User\eclipse-workspace\ubereats\target\classes\org\reverside\bootcamp\ubereats\dto\FoodOutlet.class], file [C:\Users\User\eclipse-workspace\ubereats\target\classes\org\reverside\bootcamp\ubereats\dto\Menu.class], file [C:\Users\User\eclipse-workspace\ubereats\target\classes\org\reverside\bootcamp\ubereats\dto\Product.class], file [C:\Users\User\eclipse-workspace\ubereats\target\classes\org\reverside\bootcamp\ubereats\dto\Role.class], file [C:\Users\User\eclipse-workspace\ubereats\target\classes\org\reverside\bootcamp\ubereats\dto\User.class], file [C:\Users\User\eclipse-workspace\ubereats\target\classes\org\reverside\bootcamp\ubereats\repository\AdminDAO.class], file [C:\Users\User\eclipse-workspace\ubereats\target\classes\org\reverside\bootcamp\ubereats\repository\CategoryDAO.class], file [C:\Users\User\eclipse-workspace\ubereats\target\classes\org\reverside\bootcamp\ubereats\repository\CustomerDAO.class], file [C:\Users\User\eclipse-workspace\ubereats\target\classes\org\reverside\bootcamp\ubereats\repository\FoodOutletDAO.class], file [C:\Users\User\eclipse-workspace\ubereats\target\classes\org\reverside\bootcamp\ubereats\repository\ProductDAO.class], file [C:\Users\User\eclipse-workspace\ubereats\target\classes\org\reverside\bootcamp\ubereats\repository\UserDAO.class], file [C:\Users\User\eclipse-workspace\ubereats\target\classes\org\reverside\bootcamp\ubereats\repositoryImpl\CategoryDaoImpl.class], file [C:\Users\User\eclipse-workspace\ubereats\target\classes\org\reverside\bootcamp\ubereats\repositoryImpl\FoodOutletDaoImpl.class], file [C:\Users\User\eclipse-workspace\ubereats\target\classes\org\reverside\bootcamp\ubereats\repositoryImpl\ProductDaoImpl.class], file [C:\Users\User\eclipse-workspace\ubereats\target\classes\org\reverside\bootcamp\ubereats\repositoryImpl\UserDaoImpl.class]]
15:04:29.816 [main] DEBUG org.springframework.context.annotation.ClassPathBeanDefinitionScanner - Identified candidate component class: file [C:\Users\User\eclipse-workspace\ubereats\target\classes\org\reverside\bootcamp\ubereats\App.class]
15:04:29.828 [main] DEBUG org.springframework.context.annotation.ClassPathBeanDefinitionScanner - Identified candidate component class: file [C:\Users\User\eclipse-workspace\ubereats\target\classes\org\reverside\bootcamp\ubereats\config\HibernateConfig.class]
15:04:29.839 [main] DEBUG org.springframework.context.annotation.ClassPathBeanDefinitionScanner - Identified candidate component class: file [C:\Users\User\eclipse-workspace\ubereats\target\classes\org\reverside\bootcamp\ubereats\controller\JsonDataController.class]
15:04:29.846 [main] DEBUG org.springframework.context.annotation.ClassPathBeanDefinitionScanner - Identified candidate component class: file [C:\Users\User\eclipse-workspace\ubereats\target\classes\org\reverside\bootcamp\ubereats\controller\UserController.class]
15:04:29.860 [main] DEBUG org.springframework.context.annotation.ClassPathBeanDefinitionScanner - Identified candidate component class: file [C:\Users\User\eclipse-workspace\ubereats\target\classes\org\reverside\bootcamp\ubereats\controller\WebController.class]
15:04:29.884 [main] DEBUG org.springframework.context.annotation.ClassPathBeanDefinitionScanner - Identified candidate component class: file [C:\Users\User\eclipse-workspace\ubereats\target\classes\org\reverside\bootcamp\ubereats\repositoryImpl\CategoryDaoImpl.class]
15:04:29.886 [main] DEBUG org.springframework.context.annotation.ClassPathBeanDefinitionScanner - Identified candidate component class: file [C:\Users\User\eclipse-workspace\ubereats\target\classes\org\reverside\bootcamp\ubereats\repositoryImpl\FoodOutletDaoImpl.class]
15:04:29.889 [main] DEBUG org.springframework.context.annotation.ClassPathBeanDefinitionScanner - Identified candidate component class: file [C:\Users\User\eclipse-workspace\ubereats\target\classes\org\reverside\bootcamp\ubereats\repositoryImpl\ProductDaoImpl.class]
15:04:29.891 [main] DEBUG org.springframework.context.annotation.ClassPathBeanDefinitionScanner - Identified candidate component class: file [C:\Users\User\eclipse-workspace\ubereats\target\classes\org\reverside\bootcamp\ubereats\repositoryImpl\UserDaoImpl.class]
15:04:29.975 [main] INFO org.springframework.context.annotation.AnnotationConfigApplicationContext - Refreshing org.springframework.context.annotation.AnnotationConfigApplicationContext@86be70a: startup date [Wed Mar 07 15:04:29 CAT 2018]; root of context hierarchy
15:04:29.975 [main] DEBUG org.springframework.context.annotation.AnnotationConfigApplicationContext - Bean factory for org.springframework.context.annotation.AnnotationConfigApplicationContext@86be70a: org.springframework.beans.factory.support.DefaultListableBeanFactory@2bbf180e: defining beans [org.springframework.context.annotation.internalConfigurationAnnotationProcessor,org.springframework.context.annotation.internalAutowiredAnnotationProcessor,org.springframework.context.annotation.internalRequiredAnnotationProcessor,org.springframework.context.annotation.internalCommonAnnotationProcessor,org.springframework.context.annotation.internalPersistenceAnnotationProcessor,org.springframework.context.event.internalEventListenerProcessor,org.springframework.context.event.internalEventListenerFactory,app,hibernateConfig,jsonDataController,userController,webController,categoryDAO,foodOutletDAO,productDAO,userDAO]; root of factory hierarchy
15:04:30.055 [main] DEBUG org.springframework.beans.factory.support.DefaultListableBeanFactory - Creating shared instance of singleton bean 'org.springframework.context.annotation.internalConfigurationAnnotationProcessor'
15:04:30.056 [main] DEBUG org.springframework.beans.factory.support.DefaultListableBeanFactory - Creating instance of bean 'org.springframework.context.annotation.internalConfigurationAnnotationProcessor'
15:04:30.114 [main] DEBUG org.springframework.beans.factory.support.DefaultListableBeanFactory - Eagerly caching bean 'org.springframework.context.annotation.internalConfigurationAnnotationProcessor' to allow for resolving potential circular references
15:04:30.117 [main] DEBUG org.springframework.beans.factory.support.DefaultListableBeanFactory - Finished creating instance of bean 'org.springframework.context.annotation.internalConfigurationAnnotationProcessor'
15:04:30.169 [main] DEBUG org.springframework.context.annotation.ClassPathBeanDefinitionScanner - JSR-250 'javax.annotation.ManagedBean' found and supported for component scanning
15:04:30.169 [main] DEBUG org.springframework.context.annotation.ClassPathBeanDefinitionScanner - JSR-330 'javax.inject.Named' annotation found and supported for component scanning
15:04:30.175 [main] DEBUG org.springframework.core.io.support.PathMatchingResourcePatternResolver - Resolved classpath location [org/reverside/bootcamp/ubereats/] to resources [URL [file:/C:/Users/User/eclipse-workspace/ubereats/target/test-classes/org/reverside/bootcamp/ubereats/], URL [file:/C:/Users/User/eclipse-workspace/ubereats/target/classes/org/reverside/bootcamp/ubereats/]]
15:04:30.175 [main] DEBUG org.springframework.core.io.support.PathMatchingResourcePatternResolver - Looking for matching resources in directory tree [C:\Users\User\eclipse-workspace\ubereats\target\test-classes\org\reverside\bootcamp\ubereats]
15:04:30.176 [main] DEBUG org.springframework.core.io.support.PathMatchingResourcePatternResolver - Searching directory [C:\Users\User\eclipse-workspace\ubereats\target\test-classes\org\reverside\bootcamp\ubereats] for files matching pattern [C:/Users/User/eclipse-workspace/ubereats/target/test-classes/org/reverside/bootcamp/ubereats/**/*.class]
15:04:30.177 [main] DEBUG org.springframework.core.io.support.PathMatchingResourcePatternResolver - Searching directory [C:\Users\User\eclipse-workspace\ubereats\target\test-classes\org\reverside\bootcamp\ubereats\test] for files matching pattern [C:/Users/User/eclipse-workspace/ubereats/target/test-classes/org/reverside/bootcamp/ubereats/**/*.class]
15:04:30.179 [main] DEBUG org.springframework.core.io.support.PathMatchingResourcePatternResolver - Looking for matching resources in directory tree [C:\Users\User\eclipse-workspace\ubereats\target\classes\org\reverside\bootcamp\ubereats]
15:04:30.180 [main] DEBUG org.springframework.core.io.support.PathMatchingResourcePatternResolver - Searching directory [C:\Users\User\eclipse-workspace\ubereats\target\classes\org\reverside\bootcamp\ubereats] for files matching pattern [C:/Users/User/eclipse-workspace/ubereats/target/classes/org/reverside/bootcamp/ubereats/**/*.class]
15:04:30.181 [main] DEBUG org.springframework.core.io.support.PathMatchingResourcePatternResolver - Searching directory [C:\Users\User\eclipse-workspace\ubereats\target\classes\org\reverside\bootcamp\ubereats\config] for files matching pattern [C:/Users/User/eclipse-workspace/ubereats/target/classes/org/reverside/bootcamp/ubereats/**/*.class]
15:04:30.183 [main] DEBUG org.springframework.core.io.support.PathMatchingResourcePatternResolver - Searching directory [C:\Users\User\eclipse-workspace\ubereats\target\classes\org\reverside\bootcamp\ubereats\controller] for files matching pattern [C:/Users/User/eclipse-workspace/ubereats/target/classes/org/reverside/bootcamp/ubereats/**/*.class]
15:04:30.184 [main] DEBUG org.springframework.core.io.support.PathMatchingResourcePatternResolver - Searching directory [C:\Users\User\eclipse-workspace\ubereats\target\classes\org\reverside\bootcamp\ubereats\dto] for files matching pattern [C:/Users/User/eclipse-workspace/ubereats/target/classes/org/reverside/bootcamp/ubereats/**/*.class]
15:04:30.190 [main] DEBUG org.springframework.core.io.support.PathMatchingResourcePatternResolver - Searching directory [C:\Users\User\eclipse-workspace\ubereats\target\classes\org\reverside\bootcamp\ubereats\repository] for files matching pattern [C:/Users/User/eclipse-workspace/ubereats/target/classes/org/reverside/bootcamp/ubereats/**/*.class]
15:04:30.192 [main] DEBUG org.springframework.core.io.support.PathMatchingResourcePatternResolver - Searching directory [C:\Users\User\eclipse-workspace\ubereats\target\classes\org\reverside\bootcamp\ubereats\repositoryImpl] for files matching pattern [C:/Users/User/eclipse-workspace/ubereats/target/classes/org/reverside/bootcamp/ubereats/**/*.class]
15:04:30.194 [main] DEBUG org.springframework.core.io.support.PathMatchingResourcePatternResolver - Searching directory [C:\Users\User\eclipse-workspace\ubereats\target\classes\org\reverside\bootcamp\ubereats\service] for files matching pattern [C:/Users/User/eclipse-workspace/ubereats/target/classes/org/reverside/bootcamp/ubereats/**/*.class]
15:04:30.196 [main] DEBUG org.springframework.core.io.support.PathMatchingResourcePatternResolver - Searching directory [C:\Users\User\eclipse-workspace\ubereats\target\classes\org\reverside\bootcamp\ubereats\serviceImpl] for files matching pattern [C:/Users/User/eclipse-workspace/ubereats/target/classes/org/reverside/bootcamp/ubereats/**/*.class]
15:04:30.198 [main] DEBUG org.springframework.core.io.support.PathMatchingResourcePatternResolver - Resolved location pattern [classpath*:org/reverside/bootcamp/ubereats/**/*.class] to resources [file [C:\Users\User\eclipse-workspace\ubereats\target\test-classes\org\reverside\bootcamp\ubereats\AppTest.class], file [C:\Users\User\eclipse-workspace\ubereats\target\test-classes\org\reverside\bootcamp\ubereats\test\CategoryTestCase.class], file [C:\Users\User\eclipse-workspace\ubereats\target\test-classes\org\reverside\bootcamp\ubereats\test\FoodOutletTestCase.class], file [C:\Users\User\eclipse-workspace\ubereats\target\test-classes\org\reverside\bootcamp\ubereats\test\ProductTestCase.class], file [C:\Users\User\eclipse-workspace\ubereats\target\test-classes\org\reverside\bootcamp\ubereats\test\UserTestCase.class], file [C:\Users\User\eclipse-workspace\ubereats\target\classes\org\reverside\bootcamp\ubereats\App.class], file [C:\Users\User\eclipse-workspace\ubereats\target\classes\org\reverside\bootcamp\ubereats\config\HibernateConfig.class], file [C:\Users\User\eclipse-workspace\ubereats\target\classes\org\reverside\bootcamp\ubereats\config\package-info.class], file [C:\Users\User\eclipse-workspace\ubereats\target\classes\org\reverside\bootcamp\ubereats\controller\JsonDataController.class], file [C:\Users\User\eclipse-workspace\ubereats\target\classes\org\reverside\bootcamp\ubereats\controller\UserController.class], file [C:\Users\User\eclipse-workspace\ubereats\target\classes\org\reverside\bootcamp\ubereats\controller\WebController.class], file [C:\Users\User\eclipse-workspace\ubereats\target\classes\org\reverside\bootcamp\ubereats\dto\Account.class], file [C:\Users\User\eclipse-workspace\ubereats\target\classes\org\reverside\bootcamp\ubereats\dto\Admin.class], file [C:\Users\User\eclipse-workspace\ubereats\target\classes\org\reverside\bootcamp\ubereats\dto\Cart.class], file [C:\Users\User\eclipse-workspace\ubereats\target\classes\org\reverside\bootcamp\ubereats\dto\CartItem.class], file [C:\Users\User\eclipse-workspace\ubereats\target\classes\org\reverside\bootcamp\ubereats\dto\Category.class], file [C:\Users\User\eclipse-workspace\ubereats\target\classes\org\reverside\bootcamp\ubereats\dto\Delivery.class], file [C:\Users\User\eclipse-workspace\ubereats\target\classes\org\reverside\bootcamp\ubereats\dto\Driver.class], file [C:\Users\User\eclipse-workspace\ubereats\target\classes\org\reverside\bootcamp\ubereats\dto\FoodOutlet.class], file [C:\Users\User\eclipse-workspace\ubereats\target\classes\org\reverside\bootcamp\ubereats\dto\Menu.class], file [C:\Users\User\eclipse-workspace\ubereats\target\classes\org\reverside\bootcamp\ubereats\dto\Product.class], file [C:\Users\User\eclipse-workspace\ubereats\target\classes\org\reverside\bootcamp\ubereats\dto\Role.class], file [C:\Users\User\eclipse-workspace\ubereats\target\classes\org\reverside\bootcamp\ubereats\dto\User.class], file [C:\Users\User\eclipse-workspace\ubereats\target\classes\org\reverside\bootcamp\ubereats\repository\AdminDAO.class], file [C:\Users\User\eclipse-workspace\ubereats\target\classes\org\reverside\bootcamp\ubereats\repository\CategoryDAO.class], file [C:\Users\User\eclipse-workspace\ubereats\target\classes\org\reverside\bootcamp\ubereats\repository\CustomerDAO.class], file [C:\Users\User\eclipse-workspace\ubereats\target\classes\org\reverside\bootcamp\ubereats\repository\FoodOutletDAO.class], file [C:\Users\User\eclipse-workspace\ubereats\target\classes\org\reverside\bootcamp\ubereats\repository\ProductDAO.class], file [C:\Users\User\eclipse-workspace\ubereats\target\classes\org\reverside\bootcamp\ubereats\repository\UserDAO.class], file [C:\Users\User\eclipse-workspace\ubereats\target\classes\org\reverside\bootcamp\ubereats\repositoryImpl\CategoryDaoImpl.class], file [C:\Users\User\eclipse-workspace\ubereats\target\classes\org\reverside\bootcamp\ubereats\repositoryImpl\FoodOutletDaoImpl.class], file [C:\Users\User\eclipse-workspace\ubereats\target\classes\org\reverside\bootcamp\ubereats\repositoryImpl\ProductDaoImpl.class], file [C:\Users\User\eclipse-workspace\ubereats\target\classes\org\reverside\bootcamp\ubereats\repositoryImpl\UserDaoImpl.class]]
15:04:30.212 [main] DEBUG org.springframework.context.annotation.ClassPathBeanDefinitionScanner - Identified candidate component class: file [C:\Users\User\eclipse-workspace\ubereats\target\classes\org\reverside\bootcamp\ubereats\config\HibernateConfig.class]
15:04:30.215 [main] DEBUG org.springframework.context.annotation.ClassPathBeanDefinitionScanner - Identified candidate component class: file [C:\Users\User\eclipse-workspace\ubereats\target\classes\org\reverside\bootcamp\ubereats\controller\JsonDataController.class]
15:04:30.217 [main] DEBUG org.springframework.context.annotation.ClassPathBeanDefinitionScanner - Identified candidate component class: file [C:\Users\User\eclipse-workspace\ubereats\target\classes\org\reverside\bootcamp\ubereats\controller\UserController.class]
15:04:30.218 [main] DEBUG org.springframework.context.annotation.ClassPathBeanDefinitionScanner - Identified candidate component class: file [C:\Users\User\eclipse-workspace\ubereats\target\classes\org\reverside\bootcamp\ubereats\controller\WebController.class]
15:04:30.233 [main] DEBUG org.springframework.context.annotation.ClassPathBeanDefinitionScanner - Identified candidate component class: file [C:\Users\User\eclipse-workspace\ubereats\target\classes\org\reverside\bootcamp\ubereats\repositoryImpl\CategoryDaoImpl.class]
15:04:30.234 [main] DEBUG org.springframework.context.annotation.ClassPathBeanDefinitionScanner - Identified candidate component class: file [C:\Users\User\eclipse-workspace\ubereats\target\classes\org\reverside\bootcamp\ubereats\repositoryImpl\FoodOutletDaoImpl.class]
15:04:30.234 [main] DEBUG org.springframework.context.annotation.ClassPathBeanDefinitionScanner - Identified candidate component class: file [C:\Users\User\eclipse-workspace\ubereats\target\classes\org\reverside\bootcamp\ubereats\repositoryImpl\ProductDaoImpl.class]
15:04:30.235 [main] DEBUG org.springframework.context.annotation.ClassPathBeanDefinitionScanner - Identified candidate component class: file [C:\Users\User\eclipse-workspace\ubereats\target\classes\org\reverside\bootcamp\ubereats\repositoryImpl\UserDaoImpl.class]
15:04:30.274 [main] DEBUG org.springframework.context.annotation.ClassPathBeanDefinitionScanner - JSR-250 'javax.annotation.ManagedBean' found and supported for component scanning
15:04:30.276 [main] DEBUG org.springframework.context.annotation.ClassPathBeanDefinitionScanner - JSR-330 'javax.inject.Named' annotation found and supported for component scanning
15:04:30.278 [main] DEBUG org.springframework.core.io.support.PathMatchingResourcePatternResolver - Resolved classpath location [org/reverside/bootcamp/ubereats/dto/] to resources [URL [file:/C:/Users/User/eclipse-workspace/ubereats/target/classes/org/reverside/bootcamp/ubereats/dto/]]
15:04:30.280 [main] DEBUG org.springframework.core.io.support.PathMatchingResourcePatternResolver - Looking for matching resources in directory tree [C:\Users\User\eclipse-workspace\ubereats\target\classes\org\reverside\bootcamp\ubereats\dto]
15:04:30.281 [main] DEBUG org.springframework.core.io.support.PathMatchingResourcePatternResolver - Searching directory [C:\Users\User\eclipse-workspace\ubereats\target\classes\org\reverside\bootcamp\ubereats\dto] for files matching pattern [C:/Users/User/eclipse-workspace/ubereats/target/classes/org/reverside/bootcamp/ubereats/dto/**/*.class]
15:04:30.286 [main] DEBUG org.springframework.core.io.support.PathMatchingResourcePatternResolver - Resolved location pattern [classpath*:org/reverside/bootcamp/ubereats/dto/**/*.class] to resources [file [C:\Users\User\eclipse-workspace\ubereats\target\classes\org\reverside\bootcamp\ubereats\dto\Account.class], file [C:\Users\User\eclipse-workspace\ubereats\target\classes\org\reverside\bootcamp\ubereats\dto\Admin.class], file [C:\Users\User\eclipse-workspace\ubereats\target\classes\org\reverside\bootcamp\ubereats\dto\Cart.class], file [C:\Users\User\eclipse-workspace\ubereats\target\classes\org\reverside\bootcamp\ubereats\dto\CartItem.class], file [C:\Users\User\eclipse-workspace\ubereats\target\classes\org\reverside\bootcamp\ubereats\dto\Category.class], file [C:\Users\User\eclipse-workspace\ubereats\target\classes\org\reverside\bootcamp\ubereats\dto\Delivery.class], file [C:\Users\User\eclipse-workspace\ubereats\target\classes\org\reverside\bootcamp\ubereats\dto\Driver.class], file [C:\Users\User\eclipse-workspace\ubereats\target\classes\org\reverside\bootcamp\ubereats\dto\FoodOutlet.class], file [C:\Users\User\eclipse-workspace\ubereats\target\classes\org\reverside\bootcamp\ubereats\dto\Menu.class], file [C:\Users\User\eclipse-workspace\ubereats\target\classes\org\reverside\bootcamp\ubereats\dto\Product.class], file [C:\Users\User\eclipse-workspace\ubereats\target\classes\org\reverside\bootcamp\ubereats\dto\Role.class], file [C:\Users\User\eclipse-workspace\ubereats\target\classes\org\reverside\bootcamp\ubereats\dto\User.class]]
15:04:30.367 [main] DEBUG org.springframework.core.env.PropertySourcesPropertyResolver - Could not find key 'spring.boot.enableautoconfiguration' in any property source
15:04:31.772 [main] DEBUG org.springframework.beans.factory.support.DefaultListableBeanFactory - Returning cached instance of singleton bean 'autoConfigurationReport'
15:04:31.916 [main] DEBUG org.springframework.core.env.PropertySourcesPropertyResolver - Could not find key 'spring.messages.basename' in any property source
15:04:31.917 [main] DEBUG org.springframework.core.io.support.PathMatchingResourcePatternResolver - Resolved classpath location [messages.properties] to resources []
15:04:31.918 [main] DEBUG org.springframework.beans.factory.support.DefaultListableBeanFactory - Returning cached instance of singleton bean 'autoConfigurationReport'
15:04:31.926 [main] DEBUG org.springframework.beans.factory.support.DefaultListableBeanFactory - Returning cached instance of singleton bean 'autoConfigurationReport'
15:04:31.936 [main] DEBUG org.springframework.beans.factory.support.DefaultListableBeanFactory - Returning cached instance of singleton bean 'autoConfigurationReport'
15:04:31.947 [main] DEBUG org.springframework.beans.factory.support.DefaultListableBeanFactory - Returning cached instance of singleton bean 'autoConfigurationReport'
15:04:31.953 [main] DEBUG org.springframework.beans.factory.support.DefaultListableBeanFactory - Returning cached instance of singleton bean 'autoConfigurationReport'
15:04:31.956 [main] DEBUG org.springframework.beans.factory.support.DefaultListableBeanFactory - Returning cached instance of singleton bean 'autoConfigurationReport'
15:04:31.956 [main] DEBUG org.springframework.beans.factory.support.DefaultListableBeanFactory - Returning cached instance of singleton bean 'autoConfigurationReport'
15:04:31.958 [main] DEBUG org.springframework.beans.factory.support.DefaultListableBeanFactory - Returning cached instance of singleton bean 'autoConfigurationReport'
15:04:31.959 [main] DEBUG org.springframework.beans.factory.support.DefaultListableBeanFactory - Returning cached instance of singleton bean 'autoConfigurationReport'
15:04:31.960 [main] DEBUG org.springframework.beans.factory.support.DefaultListableBeanFactory - Returning cached instance of singleton bean 'autoConfigurationReport'
15:04:31.960 [main] DEBUG org.springframework.beans.factory.support.DefaultListableBeanFactory - Returning cached instance of singleton bean 'autoConfigurationReport'
15:04:31.961 [main] DEBUG org.springframework.beans.factory.support.DefaultListableBeanFactory - Returning cached instance of singleton bean 'autoConfigurationReport'
15:04:31.964 [main] DEBUG org.springframework.beans.factory.support.DefaultListableBeanFactory - Returning cached instance of singleton bean 'autoConfigurationReport'
15:04:31.965 [main] DEBUG org.springframework.beans.factory.support.DefaultListableBeanFactory - Returning cached instance of singleton bean 'autoConfigurationReport'
15:04:31.965 [main] DEBUG org.springframework.beans.factory.support.DefaultListableBeanFactory - Returning cached instance of singleton bean 'autoConfigurationReport'
15:04:31.966 [main] DEBUG org.springframework.beans.factory.support.DefaultListableBeanFactory - Returning cached instance of singleton bean 'autoConfigurationReport'
15:04:31.966 [main] DEBUG org.springframework.beans.factory.support.DefaultListableBeanFactory - Returning cached instance of singleton bean 'autoConfigurationReport'
15:04:31.966 [main] DEBUG org.springframework.beans.factory.support.DefaultListableBeanFactory - Returning cached instance of singleton bean 'autoConfigurationReport'
15:04:31.968 [main] DEBUG org.springframework.beans.factory.support.DefaultListableBeanFactory - Returning cached instance of singleton bean 'autoConfigurationReport'
15:04:31.970 [main] DEBUG org.springframework.beans.factory.support.DefaultListableBeanFactory - Returning cached instance of singleton bean 'autoConfigurationReport'
15:04:31.971 [main] DEBUG org.springframework.beans.factory.support.DefaultListableBeanFactory - Returning cached instance of singleton bean 'autoConfigurationReport'
15:04:31.976 [main] DEBUG org.springframework.beans.factory.support.DefaultListableBeanFactory - Returning cached instance of singleton bean 'autoConfigurationReport'
15:04:31.978 [main] DEBUG org.springframework.beans.factory.support.DefaultListableBeanFactory - Returning cached instance of singleton bean 'autoConfigurationReport'
15:04:31.978 [main] DEBUG org.springframework.beans.factory.support.DefaultListableBeanFactory - Returning cached instance of singleton bean 'autoConfigurationReport'
15:04:31.979 [main] DEBUG org.springframework.beans.factory.support.DefaultListableBeanFactory - Returning cached instance of singleton bean 'autoConfigurationReport'
15:04:31.993 [main] DEBUG org.springframework.beans.factory.support.DefaultListableBeanFactory - Returning cached instance of singleton bean 'autoConfigurationReport'
15:04:32.101 [main] DEBUG org.springframework.beans.factory.support.DefaultListableBeanFactory - Returning cached instance of singleton bean 'autoConfigurationReport'
15:04:32.102 [main] DEBUG org.springframework.beans.factory.support.DefaultListableBeanFactory - Returning cached instance of singleton bean 'autoConfigurationReport'
15:04:32.102 [main] DEBUG org.springframework.beans.factory.support.DefaultListableBeanFactory - Returning cached instance of singleton bean 'autoConfigurationReport'
15:04:32.103 [main] DEBUG org.springframework.beans.factory.support.DefaultListableBeanFactory - Returning cached instance of singleton bean 'autoConfigurationReport'
15:04:32.104 [main] DEBUG org.springframework.beans.factory.support.DefaultListableBeanFactory - Returning cached instance of singleton bean 'autoConfigurationReport'
15:04:32.107 [main] DEBUG org.springframework.beans.factory.support.DefaultListableBeanFactory - Returning cached instance of singleton bean 'autoConfigurationReport'
15:04:32.122 [main] DEBUG org.springframework.beans.factory.support.DefaultListableBeanFactory - Returning cached instance of singleton bean 'autoConfigurationReport'
15:04:32.127 [main] DEBUG org.springframework.beans.factory.support.DefaultListableBeanFactory - Returning cached instance of singleton bean 'autoConfigurationReport'
15:04:32.128 [main] DEBUG org.springframework.beans.factory.support.DefaultListableBeanFactory - Returning cached instance of singleton bean 'autoConfigurationReport'
15:04:32.129 [main] DEBUG org.springframework.beans.factory.support.DefaultListableBeanFactory - Returning cached instance of singleton bean 'autoConfigurationReport'
15:04:32.134 [main] DEBUG org.springframework.beans.factory.support.DefaultListableBeanFactory - Returning cached instance of singleton bean 'autoConfigurationReport'
15:04:32.134 [main] DEBUG org.springframework.beans.factory.support.DefaultListableBeanFactory - Returning cached instance of singleton bean 'autoConfigurationReport'
15:04:32.135 [main] DEBUG org.springframework.beans.factory.support.DefaultListableBeanFactory - Returning cached instance of singleton bean 'autoConfigurationReport'
15:04:32.136 [main] DEBUG org.springframework.beans.factory.support.DefaultListableBeanFactory - Returning cached instance of singleton bean 'autoConfigurationReport'
15:04:32.137 [main] DEBUG org.springframework.beans.factory.support.DefaultListableBeanFactory - Returning cached instance of singleton bean 'autoConfigurationReport'
15:04:32.138 [main] DEBUG org.springframework.beans.factory.support.DefaultListableBeanFactory - Returning cached instance of singleton bean 'autoConfigurationReport'
15:04:32.139 [main] DEBUG org.springframework.beans.factory.support.DefaultListableBeanFactory - Returning cached instance of singleton bean 'autoConfigurationReport'
15:04:32.139 [main] DEBUG org.springframework.beans.factory.support.DefaultListableBeanFactory - Returning cached instance of singleton bean 'autoConfigurationReport'
15:04:32.142 [main] DEBUG org.springframework.beans.factory.support.DefaultListableBeanFactory - Returning cached instance of singleton bean 'autoConfigurationReport'
15:04:32.144 [main] DEBUG org.springframework.beans.factory.support.DefaultListableBeanFactory - Returning cached instance of singleton bean 'autoConfigurationReport'
15:04:32.149 [main] DEBUG org.springframework.beans.factory.support.DefaultListableBeanFactory - Returning cached instance of singleton bean 'autoConfigurationReport'
15:04:32.154 [main] DEBUG org.springframework.beans.factory.support.DefaultListableBeanFactory - Returning cached instance of singleton bean 'autoConfigurationReport'
15:04:32.155 [main] DEBUG org.springframework.beans.factory.support.DefaultListableBeanFactory - Returning cached instance of singleton bean 'autoConfigurationReport'
15:04:32.156 [main] DEBUG org.springframework.beans.factory.support.DefaultListableBeanFactory - Returning cached instance of singleton bean 'autoConfigurationReport'
15:04:32.161 [main] DEBUG org.springframework.beans.factory.support.DefaultListableBeanFactory - Returning cached instance of singleton bean 'autoConfigurationReport'
15:04:32.164 [main] DEBUG org.springframework.beans.factory.support.DefaultListableBeanFactory - Returning cached instance of singleton bean 'autoConfigurationReport'
15:04:32.165 [main] DEBUG org.springframework.beans.factory.support.DefaultListableBeanFactory - Returning cached instance of singleton bean 'autoConfigurationReport'
15:04:32.165 [main] DEBUG org.springframework.beans.factory.support.DefaultListableBeanFactory - Returning cached instance of singleton bean 'autoConfigurationReport'
15:04:32.166 [main] DEBUG org.springframework.beans.factory.support.DefaultListableBeanFactory - Returning cached instance of singleton bean 'autoConfigurationReport'
15:04:32.167 [main] DEBUG org.springframework.beans.factory.support.DefaultListableBeanFactory - Returning cached instance of singleton bean 'autoConfigurationReport'
15:04:32.168 [main] DEBUG org.springframework.beans.factory.support.DefaultListableBeanFactory - Returning cached instance of singleton bean 'autoConfigurationReport'
15:04:32.169 [main] DEBUG org.springframework.beans.factory.support.DefaultListableBeanFactory - Returning cached instance of singleton bean 'autoConfigurationReport'
15:04:32.171 [main] DEBUG org.springframework.beans.factory.support.DefaultListableBeanFactory - Returning cached instance of singleton bean 'autoConfigurationReport'
15:04:32.172 [main] DEBUG org.springframework.beans.factory.support.DefaultListableBeanFactory - Returning cached instance of singleton bean 'autoConfigurationReport'
15:04:32.175 [main] DEBUG org.springframework.beans.factory.support.DefaultListableBeanFactory - Returning cached instance of singleton bean 'autoConfigurationReport'
15:04:32.178 [main] DEBUG org.springframework.beans.factory.support.DefaultListableBeanFactory - Returning cached instance of singleton bean 'autoConfigurationReport'
15:04:32.179 [main] DEBUG org.springframework.beans.factory.support.DefaultListableBeanFactory - Returning cached instance of singleton bean 'autoConfigurationReport'
15:04:32.182 [main] DEBUG org.springframework.beans.factory.support.DefaultListableBeanFactory - Returning cached instance of singleton bean 'autoConfigurationReport'
15:04:32.210 [main] DEBUG org.springframework.beans.factory.support.DefaultListableBeanFactory - Returning cached instance of singleton bean 'autoConfigurationReport'
15:04:32.212 [main] DEBUG org.springframework.beans.factory.support.DefaultListableBeanFactory - Returning cached instance of singleton bean 'autoConfigurationReport'
15:04:32.215 [main] DEBUG org.springframework.beans.factory.support.DefaultListableBeanFactory - Returning cached instance of singleton bean 'autoConfigurationReport'
15:04:32.217 [main] DEBUG org.springframework.beans.factory.support.DefaultListableBeanFactory - Returning cached instance of singleton bean 'autoConfigurationReport'
15:04:32.218 [main] DEBUG org.springframework.beans.factory.support.DefaultListableBeanFactory - Returning cached instance of singleton bean 'autoConfigurationReport'
15:04:32.219 [main] DEBUG org.springframework.beans.factory.support.DefaultListableBeanFactory - Returning cached instance of singleton bean 'autoConfigurationReport'
15:04:32.223 [main] DEBUG org.springframework.beans.factory.support.DefaultListableBeanFactory - Returning cached instance of singleton bean 'autoConfigurationReport'
15:04:32.225 [main] DEBUG org.springframework.beans.factory.support.DefaultListableBeanFactory - Returning cached instance of singleton bean 'autoConfigurationReport'
15:04:32.229 [main] DEBUG org.springframework.beans.factory.support.DefaultListableBeanFactory - Returning cached instance of singleton bean 'autoConfigurationReport'
15:04:32.234 [main] DEBUG org.springframework.beans.factory.support.DefaultListableBeanFactory - Returning cached instance of singleton bean 'autoConfigurationReport'
15:04:32.235 [main] DEBUG org.springframework.beans.factory.support.DefaultListableBeanFactory - Returning cached instance of singleton bean 'autoConfigurationReport'
15:04:32.296 [main] DEBUG org.springframework.beans.factory.support.DefaultListableBeanFactory - Returning cached instance of singleton bean 'autoConfigurationReport'
15:04:32.303 [main] DEBUG org.springframework.beans.factory.support.DefaultListableBeanFactory - Returning cached instance of singleton bean 'autoConfigurationReport'
15:04:32.303 [main] DEBUG org.springframework.beans.factory.support.DefaultListableBeanFactory - Returning cached instance of singleton bean 'autoConfigurationReport'
15:04:32.309 [main] DEBUG org.springframework.beans.factory.support.DefaultListableBeanFactory - Returning cached instance of singleton bean 'autoConfigurationReport'
15:04:32.310 [main] DEBUG org.springframework.beans.factory.support.DefaultListableBeanFactory - Returning cached instance of singleton bean 'autoConfigurationReport'
15:04:32.311 [main] DEBUG org.springframework.beans.factory.support.DefaultListableBeanFactory - Returning cached instance of singleton bean 'autoConfigurationReport'
15:04:32.318 [main] DEBUG org.springframework.beans.factory.support.DefaultListableBeanFactory - Returning cached instance of singleton bean 'autoConfigurationReport'
15:04:32.322 [main] DEBUG org.springframework.beans.factory.support.DefaultListableBeanFactory - Returning cached instance of singleton bean 'autoConfigurationReport'
15:04:32.328 [main] DEBUG org.springframework.beans.factory.support.DefaultListableBeanFactory - Returning cached instance of singleton bean 'autoConfigurationReport'
15:04:32.328 [main] DEBUG org.springframework.beans.factory.support.DefaultListableBeanFactory - Returning cached instance of singleton bean 'autoConfigurationReport'
15:04:32.328 [main] DEBUG org.springframework.beans.factory.support.DefaultListableBeanFactory - Returning cached instance of singleton bean 'autoConfigurationReport'
15:04:32.330 [main] DEBUG org.springframework.beans.factory.support.DefaultListableBeanFactory - Returning cached instance of singleton bean 'autoConfigurationReport'
15:04:32.331 [main] DEBUG org.springframework.beans.factory.support.DefaultListableBeanFactory - Returning cached instance of singleton bean 'autoConfigurationReport'
15:04:32.332 [main] DEBUG org.springframework.beans.factory.support.DefaultListableBeanFactory - Returning cached instance of singleton bean 'autoConfigurationReport'
15:04:32.333 [main] DEBUG org.springframework.beans.factory.support.DefaultListableBeanFactory - Returning cached instance of singleton bean 'autoConfigurationReport'
15:04:32.334 [main] DEBUG org.springframework.beans.factory.support.DefaultListableBeanFactory - Returning cached instance of singleton bean 'autoConfigurationReport'
15:04:32.335 [main] DEBUG org.springframework.beans.factory.support.DefaultListableBeanFactory - Returning cached instance of singleton bean 'autoConfigurationReport'
15:04:32.339 [main] DEBUG org.springframework.beans.factory.support.DefaultListableBeanFactory - Returning cached instance of singleton bean 'autoConfigurationReport'
15:04:32.344 [main] DEBUG org.springframework.beans.factory.support.DefaultListableBeanFactory - Returning cached instance of singleton bean 'autoConfigurationReport'
15:04:32.349 [main] DEBUG org.springframework.beans.factory.support.DefaultListableBeanFactory - Returning cached instance of singleton bean 'autoConfigurationReport'
15:04:32.352 [main] DEBUG org.springframework.beans.factory.support.DefaultListableBeanFactory - Returning cached instance of singleton bean 'autoConfigurationReport'
15:04:32.353 [main] DEBUG org.springframework.beans.factory.support.DefaultListableBeanFactory - Returning cached instance of singleton bean 'autoConfigurationReport'
15:04:32.357 [main] DEBUG org.springframework.beans.factory.support.DefaultListableBeanFactory - Returning cached instance of singleton bean 'autoConfigurationReport'
15:04:32.357 [main] DEBUG org.springframework.beans.factory.support.DefaultListableBeanFactory - Returning cached instance of singleton bean 'autoConfigurationReport'
15:04:32.361 [main] DEBUG org.springframework.beans.factory.support.DefaultListableBeanFactory - Returning cached instance of singleton bean 'autoConfigurationReport'
15:04:32.362 [main] DEBUG org.springframework.beans.factory.support.DefaultListableBeanFactory - Returning cached instance of singleton bean 'autoConfigurationReport'
15:04:32.365 [main] DEBUG org.springframework.beans.factory.support.DefaultListableBeanFactory - Returning cached instance of singleton bean 'autoConfigurationReport'
15:04:32.366 [main] DEBUG org.springframework.beans.factory.support.DefaultListableBeanFactory - Returning cached instance of singleton bean 'autoConfigurationReport'
15:04:32.367 [main] DEBUG org.springframework.beans.factory.support.DefaultListableBeanFactory - Returning cached instance of singleton bean 'autoConfigurationReport'
15:04:32.367 [main] DEBUG org.springframework.beans.factory.support.DefaultListableBeanFactory - Returning cached instance of singleton bean 'autoConfigurationReport'
15:04:32.368 [main] DEBUG org.springframework.beans.factory.support.DefaultListableBeanFactory - Returning cached instance of singleton bean 'autoConfigurationReport'
15:04:32.372 [main] DEBUG org.springframework.beans.factory.support.DefaultListableBeanFactory - Returning cached instance of singleton bean 'autoConfigurationReport'
15:04:32.377 [main] DEBUG org.springframework.beans.factory.support.DefaultListableBeanFactory - Returning cached instance of singleton bean 'autoConfigurationReport'
15:04:32.378 [main] DEBUG org.springframework.beans.factory.support.DefaultListableBeanFactory - Returning cached instance of singleton bean 'autoConfigurationReport'
15:04:32.378 [main] DEBUG org.springframework.beans.factory.support.DefaultListableBeanFactory - Returning cached instance of singleton bean 'autoConfigurationReport'
15:04:32.389 [main] DEBUG org.springframework.context.annotation.ConfigurationClassBeanDefinitionReader - Registered bean definition for imported class 'org.springframework.transaction.annotation.ProxyTransactionManagementConfiguration'
15:04:32.391 [main] DEBUG org.springframework.context.annotation.ConfigurationClassBeanDefinitionReader - Registering bean definition for @Bean method org.springframework.transaction.annotation.ProxyTransactionManagementConfiguration.org.springframework.transaction.config.internalTransactionAdvisor()
15:04:32.392 [main] DEBUG org.springframework.context.annotation.ConfigurationClassBeanDefinitionReader - Registering bean definition for @Bean method org.springframework.transaction.annotation.ProxyTransactionManagementConfiguration.transactionAttributeSource()
15:04:32.392 [main] DEBUG org.springframework.context.annotation.ConfigurationClassBeanDefinitionReader - Registering bean definition for @Bean method org.springframework.transaction.annotation.ProxyTransactionManagementConfiguration.transactionInterceptor()
15:04:32.392 [main] DEBUG org.springframework.context.annotation.ConfigurationClassBeanDefinitionReader - Registering bean definition for @Bean method org.springframework.transaction.annotation.ProxyTransactionManagementConfiguration.org.springframework.transaction.config.internalTransactionalEventListenerFactory()
15:04:32.393 [main] DEBUG org.springframework.context.annotation.ConfigurationClassBeanDefinitionReader - Registering bean definition for @Bean method org.reverside.bootcamp.ubereats.config.HibernateConfig.getDataSource()
15:04:32.393 [main] DEBUG org.springframework.context.annotation.ConfigurationClassBeanDefinitionReader - Registering bean definition for @Bean method org.reverside.bootcamp.ubereats.config.HibernateConfig.getSessionFactory()
15:04:32.393 [main] DEBUG org.springframework.context.annotation.ConfigurationClassBeanDefinitionReader - Registering bean definition for @Bean method org.reverside.bootcamp.ubereats.config.HibernateConfig.getTransactionManager()
15:04:32.400 [main] DEBUG org.springframework.context.annotation.ConfigurationClassBeanDefinitionReader - Registered bean definition for imported class 'org.springframework.boot.autoconfigure.context.PropertyPlaceholderAutoConfiguration'
15:04:32.454 [main] DEBUG org.springframework.beans.factory.support.DefaultListableBeanFactory - Creating shared instance of singleton bean 'org.springframework.boot.autoconfigure.condition.BeanTypeRegistry'
15:04:32.454 [main] DEBUG org.springframework.beans.factory.support.DefaultListableBeanFactory - Creating instance of bean 'org.springframework.boot.autoconfigure.condition.BeanTypeRegistry'
15:04:32.494 [main] DEBUG org.springframework.beans.factory.support.DefaultListableBeanFactory - Eagerly caching bean 'org.springframework.boot.autoconfigure.condition.BeanTypeRegistry' to allow for resolving potential circular references
15:04:32.495 [main] DEBUG org.springframework.beans.factory.support.DefaultListableBeanFactory - Finished creating instance of bean 'org.springframework.boot.autoconfigure.condition.BeanTypeRegistry'
15:04:32.509 [main] DEBUG org.springframework.beans.factory.support.DefaultListableBeanFactory - Returning cached instance of singleton bean 'autoConfigurationReport'
15:04:32.509 [main] DEBUG org.springframework.context.annotation.ConfigurationClassBeanDefinitionReader - Registering bean definition for @Bean method org.springframework.boot.autoconfigure.context.PropertyPlaceholderAutoConfiguration.propertySourcesPlaceholderConfigurer()
15:04:32.510 [main] DEBUG org.springframework.beans.factory.support.DefaultListableBeanFactory - Returning cached instance of singleton bean 'autoConfigurationReport'
15:04:32.510 [main] DEBUG org.springframework.beans.factory.support.DefaultListableBeanFactory - Returning cached instance of singleton bean 'autoConfigurationReport'
15:04:32.512 [main] DEBUG org.springframework.context.annotation.ConfigurationClassBeanDefinitionReader - Registered bean definition for imported class 'org.springframework.boot.autoconfigure.jackson.JacksonAutoConfiguration$Jackson2ObjectMapperBuilderCustomizerConfiguration'
15:04:32.512 [main] DEBUG org.springframework.context.annotation.ConfigurationClassBeanDefinitionReader - Registering bean definition for @Bean method org.springframework.boot.autoconfigure.jackson.JacksonAutoConfiguration$Jackson2ObjectMapperBuilderCustomizerConfiguration.standardJacksonObjectMapperBuilderCustomizer()
15:04:32.522 [main] DEBUG org.springframework.beans.factory.support.DefaultListableBeanFactory - Returning cached instance of singleton bean 'autoConfigurationReport'
15:04:32.523 [main] DEBUG org.springframework.context.annotation.ConfigurationClassBeanDefinitionReader - Registered bean definition for imported class 'org.springframework.boot.autoconfigure.jackson.JacksonAutoConfiguration$JacksonObjectMapperBuilderConfiguration'
15:04:32.524 [main] DEBUG org.springframework.beans.factory.support.DefaultListableBeanFactory - Returning cached instance of singleton bean 'org.springframework.boot.autoconfigure.condition.BeanTypeRegistry'
15:04:32.527 [main] DEBUG org.springframework.beans.factory.support.DefaultListableBeanFactory - Returning cached instance of singleton bean 'autoConfigurationReport'
15:04:32.528 [main] DEBUG org.springframework.context.annotation.ConfigurationClassBeanDefinitionReader - Registering bean definition for @Bean method org.springframework.boot.autoconfigure.jackson.JacksonAutoConfiguration$JacksonObjectMapperBuilderConfiguration.jacksonObjectMapperBuilder()
15:04:32.528 [main] DEBUG org.springframework.beans.factory.support.DefaultListableBeanFactory - Returning cached instance of singleton bean 'autoConfigurationReport'
15:04:32.528 [main] DEBUG org.springframework.context.annotation.ConfigurationClassBeanDefinitionReader - Registered bean definition for imported class 'org.springframework.boot.autoconfigure.jackson.JacksonAutoConfiguration$ParameterNamesModuleConfiguration'
15:04:32.529 [main] DEBUG org.springframework.beans.factory.support.DefaultListableBeanFactory - Returning cached instance of singleton bean 'org.springframework.boot.autoconfigure.condition.BeanTypeRegistry'
15:04:32.531 [main] DEBUG org.springframework.beans.factory.support.DefaultListableBeanFactory - Returning cached instance of singleton bean 'autoConfigurationReport'
15:04:32.531 [main] DEBUG org.springframework.context.annotation.ConfigurationClassBeanDefinitionReader - Registering bean definition for @Bean method org.springframework.boot.autoconfigure.jackson.JacksonAutoConfiguration$ParameterNamesModuleConfiguration.parameterNamesModule()
15:04:32.531 [main] DEBUG org.springframework.beans.factory.support.DefaultListableBeanFactory - Returning cached instance of singleton bean 'autoConfigurationReport'
15:04:32.532 [main] DEBUG org.springframework.context.annotation.ConfigurationClassBeanDefinitionReader - Registered bean definition for imported class 'org.springframework.boot.autoconfigure.jackson.JacksonAutoConfiguration$JacksonObjectMapperConfiguration'
15:04:32.532 [main] DEBUG org.springframework.beans.factory.support.DefaultListableBeanFactory - Returning cached instance of singleton bean 'org.springframework.boot.autoconfigure.condition.BeanTypeRegistry'
15:04:32.533 [main] DEBUG org.springframework.beans.factory.support.DefaultListableBeanFactory - Returning cached instance of singleton bean 'autoConfigurationReport'
15:04:32.533 [main] DEBUG org.springframework.context.annotation.ConfigurationClassBeanDefinitionReader - Registering bean definition for @Bean method org.springframework.boot.autoconfigure.jackson.JacksonAutoConfiguration$JacksonObjectMapperConfiguration.jacksonObjectMapper()
15:04:32.533 [main] DEBUG org.springframework.context.annotation.ConfigurationClassBeanDefinitionReader - Registered bean definition for imported class 'org.springframework.boot.autoconfigure.jackson.JacksonAutoConfiguration'
15:04:32.534 [main] DEBUG org.springframework.context.annotation.ConfigurationClassBeanDefinitionReader - Registering bean definition for @Bean method org.springframework.boot.autoconfigure.jackson.JacksonAutoConfiguration.jsonComponentModule()
15:04:32.534 [main] DEBUG org.springframework.beans.factory.support.DefaultListableBeanFactory - Returning cached instance of singleton bean 'autoConfigurationReport'
15:04:32.534 [main] DEBUG org.springframework.beans.factory.support.DefaultListableBeanFactory - Returning cached instance of singleton bean 'autoConfigurationReport'
15:04:32.535 [main] DEBUG org.springframework.context.annotation.ConfigurationClassBeanDefinitionReader - Registered bean definition for imported class 'org.springframework.boot.autoconfigure.http.codec.CodecsAutoConfiguration$JacksonCodecConfiguration'
15:04:32.535 [main] DEBUG org.springframework.beans.factory.support.DefaultListableBeanFactory - Returning cached instance of singleton bean 'org.springframework.boot.autoconfigure.condition.BeanTypeRegistry'
15:04:32.538 [main] DEBUG org.springframework.beans.factory.support.DefaultListableBeanFactory - Returning cached instance of singleton bean 'autoConfigurationReport'
15:04:32.538 [main] DEBUG org.springframework.context.annotation.ConfigurationClassBeanDefinitionReader - Registering bean definition for @Bean method org.springframework.boot.autoconfigure.http.codec.CodecsAutoConfiguration$JacksonCodecConfiguration.jacksonCodecCustomizer()
15:04:32.539 [main] DEBUG org.springframework.context.annotation.ConfigurationClassBeanDefinitionReader - Registered bean definition for imported class 'org.springframework.boot.autoconfigure.http.codec.CodecsAutoConfiguration'
15:04:32.539 [main] DEBUG org.springframework.beans.factory.support.DefaultListableBeanFactory - Returning cached instance of singleton bean 'autoConfigurationReport'
15:04:32.540 [main] DEBUG org.springframework.beans.factory.support.DefaultListableBeanFactory - Returning cached instance of singleton bean 'autoConfigurationReport'
15:04:32.540 [main] DEBUG org.springframework.context.annotation.ConfigurationClassBeanDefinitionReader - Registered bean definition for imported class 'org.springframework.boot.autoconfigure.validation.ValidationAutoConfiguration'
15:04:32.541 [main] DEBUG org.springframework.beans.factory.support.DefaultListableBeanFactory - Returning cached instance of singleton bean 'org.springframework.boot.autoconfigure.condition.BeanTypeRegistry'
15:04:32.544 [main] DEBUG org.springframework.beans.factory.support.DefaultListableBeanFactory - Returning cached instance of singleton bean 'autoConfigurationReport'
15:04:32.544 [main] DEBUG org.springframework.context.annotation.ConfigurationClassBeanDefinitionReader - Registering bean definition for @Bean method org.springframework.boot.autoconfigure.validation.ValidationAutoConfiguration.defaultValidator()
15:04:32.546 [main] DEBUG org.springframework.beans.factory.support.DefaultListableBeanFactory - Returning cached instance of singleton bean 'org.springframework.boot.autoconfigure.condition.BeanTypeRegistry'
15:04:32.550 [main] DEBUG org.springframework.beans.factory.support.DefaultListableBeanFactory - Returning cached instance of singleton bean 'autoConfigurationReport'
15:04:32.550 [main] DEBUG org.springframework.context.annotation.ConfigurationClassBeanDefinitionReader - Registering bean definition for @Bean method org.springframework.boot.autoconfigure.validation.ValidationAutoConfiguration.methodValidationPostProcessor()
15:04:32.551 [main] DEBUG org.springframework.beans.factory.support.DefaultListableBeanFactory - Returning cached instance of singleton bean 'autoConfigurationReport'
15:04:32.552 [main] DEBUG org.springframework.beans.factory.support.DefaultListableBeanFactory - Returning cached instance of singleton bean 'autoConfigurationReport'
15:04:32.558 [main] DEBUG org.springframework.context.annotation.ConfigurationClassBeanDefinitionReader - Registered bean definition for imported class 'org.springframework.boot.autoconfigure.transaction.jta.JtaAutoConfiguration'
15:04:32.559 [main] DEBUG org.springframework.beans.factory.support.DefaultListableBeanFactory - Returning cached instance of singleton bean 'autoConfigurationReport'
15:04:32.559 [main] DEBUG org.springframework.beans.factory.support.DefaultListableBeanFactory - Returning cached instance of singleton bean 'org.springframework.boot.autoconfigure.condition.BeanTypeRegistry'
15:04:32.560 [main] DEBUG org.springframework.beans.factory.support.DefaultListableBeanFactory - Returning cached instance of singleton bean 'autoConfigurationReport'
15:04:32.561 [main] DEBUG org.springframework.beans.factory.support.DefaultListableBeanFactory - Returning cached instance of singleton bean 'autoConfigurationReport'
15:04:32.590 [main] DEBUG org.springframework.beans.factory.support.DefaultListableBeanFactory - Returning cached instance of singleton bean 'org.springframework.boot.autoconfigure.condition.BeanTypeRegistry'
15:04:32.590 [main] DEBUG org.springframework.beans.factory.support.DefaultListableBeanFactory - Returning cached instance of singleton bean 'org.springframework.boot.autoconfigure.condition.BeanTypeRegistry'
15:04:32.590 [main] DEBUG org.springframework.beans.factory.support.DefaultListableBeanFactory - Returning cached instance of singleton bean 'autoConfigurationReport'
15:04:32.591 [main] DEBUG org.springframework.beans.factory.support.DefaultListableBeanFactory - Returning cached instance of singleton bean 'autoConfigurationReport'
15:04:32.591 [main] DEBUG org.springframework.context.annotation.ConfigurationClassBeanDefinitionReader - Registered bean definition for imported class 'org.springframework.boot.autoconfigure.jdbc.metadata.DataSourcePoolMetadataProvidersConfiguration$CommonsDbcp2PoolDataSourceMetadataProviderConfiguration'
15:04:32.591 [main] DEBUG org.springframework.context.annotation.ConfigurationClassBeanDefinitionReader - Registering bean definition for @Bean method org.springframework.boot.autoconfigure.jdbc.metadata.DataSourcePoolMetadataProvidersConfiguration$CommonsDbcp2PoolDataSourceMetadataProviderConfiguration.commonsDbcp2PoolDataSourceMetadataProvider()
15:04:32.591 [main] DEBUG org.springframework.beans.factory.support.DefaultListableBeanFactory - Returning cached instance of singleton bean 'autoConfigurationReport'
15:04:32.592 [main] DEBUG org.springframework.context.annotation.ConfigurationClassBeanDefinitionReader - Registered bean definition for imported class 'org.springframework.boot.autoconfigure.jdbc.metadata.DataSourcePoolMetadataProvidersConfiguration$HikariPoolDataSourceMetadataProviderConfiguration'
15:04:32.592 [main] DEBUG org.springframework.context.annotation.ConfigurationClassBeanDefinitionReader - Registering bean definition for @Bean method org.springframework.boot.autoconfigure.jdbc.metadata.DataSourcePoolMetadataProvidersConfiguration$HikariPoolDataSourceMetadataProviderConfiguration.hikariPoolDataSourceMetadataProvider()
15:04:32.592 [main] DEBUG org.springframework.context.annotation.ConfigurationClassBeanDefinitionReader - Registered bean definition for imported class 'org.springframework.boot.autoconfigure.jdbc.metadata.DataSourcePoolMetadataProvidersConfiguration'
15:04:32.592 [main] DEBUG org.springframework.context.annotation.ConfigurationClassBeanDefinitionReader - Registered bean definition for imported class 'org.springframework.boot.autoconfigure.jdbc.DataSourceInitializerInvoker'
15:04:32.593 [main] DEBUG org.springframework.context.annotation.ConfigurationClassBeanDefinitionReader - Registered bean definition for imported class 'org.springframework.boot.autoconfigure.jdbc.DataSourceInitializationConfiguration'
15:04:32.596 [main] DEBUG org.springframework.context.annotation.ConfigurationClassBeanDefinitionReader - Registered bean definition for imported class 'org.springframework.boot.autoconfigure.jdbc.DataSourceAutoConfiguration'
15:04:32.597 [main] DEBUG org.springframework.beans.factory.support.DefaultListableBeanFactory - Returning cached instance of singleton bean 'autoConfigurationReport'
15:04:32.597 [main] DEBUG org.springframework.beans.factory.support.DefaultListableBeanFactory - Returning cached instance of singleton bean 'org.springframework.boot.autoconfigure.condition.BeanTypeRegistry'
15:04:32.601 [main] DEBUG org.springframework.beans.factory.support.DefaultListableBeanFactory - Returning cached instance of singleton bean 'autoConfigurationReport'
15:04:32.601 [main] DEBUG org.springframework.context.annotation.ConfigurationClassBeanDefinitionReader - Registered bean definition for imported class 'org.springframework.boot.autoconfigure.jdbc.JdbcTemplateAutoConfiguration$JdbcTemplateConfiguration'
15:04:32.601 [main] DEBUG org.springframework.beans.factory.support.DefaultListableBeanFactory - Returning cached instance of singleton bean 'org.springframework.boot.autoconfigure.condition.BeanTypeRegistry'
15:04:32.602 [main] DEBUG org.springframework.beans.factory.support.DefaultListableBeanFactory - Returning cached instance of singleton bean 'autoConfigurationReport'
15:04:32.604 [main] DEBUG org.springframework.context.annotation.ConfigurationClassBeanDefinitionReader - Registering bean definition for @Bean method org.springframework.boot.autoconfigure.jdbc.JdbcTemplateAutoConfiguration$JdbcTemplateConfiguration.jdbcTemplate()
15:04:32.604 [main] DEBUG org.springframework.context.annotation.ConfigurationClassBeanDefinitionReader - Registered bean definition for imported class 'org.springframework.boot.autoconfigure.jdbc.JdbcTemplateAutoConfiguration$NamedParameterJdbcTemplateConfiguration'
15:04:32.605 [main] DEBUG org.springframework.beans.factory.support.DefaultListableBeanFactory - Returning cached instance of singleton bean 'org.springframework.boot.autoconfigure.condition.BeanTypeRegistry'
15:04:32.608 [main] DEBUG org.springframework.beans.factory.support.DefaultListableBeanFactory - Returning cached instance of singleton bean 'org.springframework.boot.autoconfigure.condition.BeanTypeRegistry'
15:04:32.608 [main] DEBUG org.springframework.beans.factory.support.DefaultListableBeanFactory - Returning cached instance of singleton bean 'autoConfigurationReport'
15:04:32.609 [main] DEBUG org.springframework.beans.factory.support.DefaultListableBeanFactory - Returning cached instance of singleton bean 'org.springframework.boot.autoconfigure.condition.BeanTypeRegistry'
15:04:32.609 [main] DEBUG org.springframework.beans.factory.support.DefaultListableBeanFactory - Returning cached instance of singleton bean 'org.springframework.boot.autoconfigure.condition.BeanTypeRegistry'
15:04:32.609 [main] DEBUG org.springframework.beans.factory.support.DefaultListableBeanFactory - Returning cached instance of singleton bean 'autoConfigurationReport'
15:04:32.609 [main] DEBUG org.springframework.context.annotation.ConfigurationClassBeanDefinitionReader - Registering bean definition for @Bean method org.springframework.boot.autoconfigure.jdbc.JdbcTemplateAutoConfiguration$NamedParameterJdbcTemplateConfiguration.namedParameterJdbcTemplate()
15:04:32.610 [main] DEBUG org.springframework.context.annotation.ConfigurationClassBeanDefinitionReader - Registered bean definition for imported class 'org.springframework.boot.autoconfigure.jdbc.JdbcTemplateAutoConfiguration'
15:04:32.611 [main] DEBUG org.springframework.beans.factory.support.DefaultListableBeanFactory - Returning cached instance of singleton bean 'autoConfigurationReport'
15:04:32.611 [main] DEBUG org.springframework.beans.factory.support.DefaultListableBeanFactory - Returning cached instance of singleton bean 'autoConfigurationReport'
15:04:32.612 [main] DEBUG org.springframework.context.annotation.ConfigurationClassBeanDefinitionReader - Registered bean definition for imported class 'org.springframework.boot.autoconfigure.jmx.JmxAutoConfiguration'
15:04:32.612 [main] DEBUG org.springframework.beans.factory.support.DefaultListableBeanFactory - Returning cached instance of singleton bean 'org.springframework.boot.autoconfigure.condition.BeanTypeRegistry'
15:04:32.615 [main] DEBUG org.springframework.beans.factory.support.DefaultListableBeanFactory - Returning cached instance of singleton bean 'autoConfigurationReport'
15:04:32.615 [main] DEBUG org.springframework.context.annotation.ConfigurationClassBeanDefinitionReader - Registering bean definition for @Bean method org.springframework.boot.autoconfigure.jmx.JmxAutoConfiguration.mbeanExporter()
15:04:32.616 [main] DEBUG org.springframework.beans.factory.support.DefaultListableBeanFactory - Returning cached instance of singleton bean 'org.springframework.boot.autoconfigure.condition.BeanTypeRegistry'
15:04:32.635 [main] DEBUG org.springframework.beans.factory.support.DefaultListableBeanFactory - Returning cached instance of singleton bean 'autoConfigurationReport'
15:04:32.636 [main] DEBUG org.springframework.context.annotation.ConfigurationClassBeanDefinitionReader - Registering bean definition for @Bean method org.springframework.boot.autoconfigure.jmx.JmxAutoConfiguration.objectNamingStrategy()
15:04:32.636 [main] DEBUG org.springframework.beans.factory.support.DefaultListableBeanFactory - Returning cached instance of singleton bean 'org.springframework.boot.autoconfigure.condition.BeanTypeRegistry'
15:04:32.636 [main] DEBUG org.springframework.beans.factory.support.DefaultListableBeanFactory - Returning cached instance of singleton bean 'autoConfigurationReport'
15:04:32.637 [main] DEBUG org.springframework.context.annotation.ConfigurationClassBeanDefinitionReader - Registering bean definition for @Bean method org.springframework.boot.autoconfigure.jmx.JmxAutoConfiguration.mbeanServer()
15:04:32.637 [main] DEBUG org.springframework.beans.factory.support.DefaultListableBeanFactory - Returning cached instance of singleton bean 'autoConfigurationReport'
15:04:32.638 [main] DEBUG org.springframework.beans.factory.support.DefaultListableBeanFactory - Returning cached instance of singleton bean 'autoConfigurationReport'
15:04:32.638 [main] DEBUG org.springframework.beans.factory.support.DefaultListableBeanFactory - Returning cached instance of singleton bean 'autoConfigurationReport'
15:04:32.639 [main] DEBUG org.springframework.context.annotation.ConfigurationClassBeanDefinitionReader - Registered bean definition for imported class 'org.springframework.boot.autoconfigure.aop.AopAutoConfiguration$CglibAutoProxyConfiguration'
15:04:32.639 [main] DEBUG org.springframework.context.annotation.ConfigurationClassBeanDefinitionReader - Registered bean definition for imported class 'org.springframework.boot.autoconfigure.aop.AopAutoConfiguration'
15:04:32.640 [main] DEBUG org.springframework.beans.factory.support.DefaultListableBeanFactory - Returning cached instance of singleton bean 'autoConfigurationReport'
15:04:32.642 [main] DEBUG org.springframework.beans.factory.support.DefaultListableBeanFactory - Returning cached instance of singleton bean 'org.springframework.boot.autoconfigure.condition.BeanTypeRegistry'
15:04:32.645 [main] DEBUG org.springframework.beans.factory.support.DefaultListableBeanFactory - Returning cached instance of singleton bean 'autoConfigurationReport'
15:04:32.646 [main] DEBUG org.springframework.beans.factory.support.DefaultListableBeanFactory - Returning cached instance of singleton bean 'autoConfigurationReport'
15:04:32.646 [main] DEBUG org.springframework.beans.factory.support.DefaultListableBeanFactory - Returning cached instance of singleton bean 'autoConfigurationReport'
15:04:32.646 [main] DEBUG org.springframework.beans.factory.support.DefaultListableBeanFactory - Returning cached instance of singleton bean 'org.springframework.boot.autoconfigure.condition.BeanTypeRegistry'
15:04:32.647 [main] DEBUG org.springframework.beans.factory.support.DefaultListableBeanFactory - Returning cached instance of singleton bean 'autoConfigurationReport'
15:04:32.647 [main] DEBUG org.springframework.context.annotation.ConfigurationClassBeanDefinitionReader - Registered bean definition for imported class 'org.springframework.boot.autoconfigure.orm.jpa.HibernateJpaConfiguration'
15:04:32.647 [main] DEBUG org.springframework.beans.factory.support.DefaultListableBeanFactory - Returning cached instance of singleton bean 'org.springframework.boot.autoconfigure.condition.BeanTypeRegistry'
15:04:32.650 [main] DEBUG org.springframework.beans.factory.support.DefaultListableBeanFactory - Returning cached instance of singleton bean 'autoConfigurationReport'
15:04:32.651 [main] DEBUG org.springframework.beans.factory.support.DefaultListableBeanFactory - Returning cached instance of singleton bean 'org.springframework.boot.autoconfigure.condition.BeanTypeRegistry'
15:04:32.652 [main] DEBUG org.springframework.beans.factory.support.DefaultListableBeanFactory - Returning cached instance of singleton bean 'autoConfigurationReport'
15:04:32.652 [main] DEBUG org.springframework.context.annotation.ConfigurationClassBeanDefinitionReader - Registering bean definition for @Bean method org.springframework.boot.autoconfigure.orm.jpa.HibernateJpaConfiguration.jpaVendorAdapter()
15:04:32.654 [main] DEBUG org.springframework.beans.factory.support.DefaultListableBeanFactory - Returning cached instance of singleton bean 'org.springframework.boot.autoconfigure.condition.BeanTypeRegistry'
15:04:32.662 [main] DEBUG org.springframework.beans.factory.support.DefaultListableBeanFactory - Returning cached instance of singleton bean 'autoConfigurationReport'
15:04:32.664 [main] DEBUG org.springframework.context.annotation.ConfigurationClassBeanDefinitionReader - Registering bean definition for @Bean method org.springframework.boot.autoconfigure.orm.jpa.HibernateJpaConfiguration.entityManagerFactoryBuilder()
15:04:32.665 [main] DEBUG org.springframework.beans.factory.support.DefaultListableBeanFactory - Returning cached instance of singleton bean 'org.springframework.boot.autoconfigure.condition.BeanTypeRegistry'
15:04:32.666 [main] DEBUG org.springframework.beans.factory.support.DefaultListableBeanFactory - Returning cached instance of singleton bean 'org.springframework.boot.autoconfigure.condition.BeanTypeRegistry'
15:04:32.667 [main] DEBUG org.springframework.beans.factory.support.DefaultListableBeanFactory - Returning cached instance of singleton bean 'autoConfigurationReport'
15:04:32.669 [main] DEBUG org.springframework.context.annotation.ConfigurationClassBeanDefinitionReader - Registered bean definition for imported class 'org.springframework.boot.autoconfigure.orm.jpa.HibernateJpaAutoConfiguration'
15:04:32.670 [main] DEBUG org.springframework.context.annotation.ConfigurationClassBeanDefinitionReader - Registered bean definition for imported class 'org.springframework.boot.autoconfigure.context.ConfigurationPropertiesAutoConfiguration'
15:04:32.672 [main] DEBUG org.springframework.beans.factory.support.DefaultListableBeanFactory - Returning cached instance of singleton bean 'autoConfigurationReport'
15:04:32.672 [main] DEBUG org.springframework.context.annotation.ConfigurationClassBeanDefinitionReader - Registered bean definition for imported class 'org.springframework.boot.autoconfigure.dao.PersistenceExceptionTranslationAutoConfiguration'
15:04:32.673 [main] DEBUG org.springframework.beans.factory.support.DefaultListableBeanFactory - Returning cached instance of singleton bean 'autoConfigurationReport'
15:04:32.673 [main] DEBUG org.springframework.beans.factory.support.DefaultListableBeanFactory - Returning cached instance of singleton bean 'org.springframework.boot.autoconfigure.condition.BeanTypeRegistry'
15:04:32.675 [main] DEBUG org.springframework.beans.factory.support.DefaultListableBeanFactory - Returning cached instance of singleton bean 'autoConfigurationReport'
15:04:32.676 [main] DEBUG org.springframework.context.annotation.ConfigurationClassBeanDefinitionReader - Registering bean definition for @Bean method org.springframework.boot.autoconfigure.dao.PersistenceExceptionTranslationAutoConfiguration.persistenceExceptionTranslationPostProcessor()
15:04:32.676 [main] DEBUG org.springframework.beans.factory.support.DefaultListableBeanFactory - Returning cached instance of singleton bean 'autoConfigurationReport'
15:04:32.676 [main] DEBUG org.springframework.beans.factory.support.DefaultListableBeanFactory - Returning cached instance of singleton bean 'autoConfigurationReport'
15:04:32.677 [main] DEBUG org.springframework.beans.factory.support.DefaultListableBeanFactory - Returning cached instance of singleton bean 'org.springframework.boot.autoconfigure.condition.BeanTypeRegistry'
15:04:32.681 [main] DEBUG org.springframework.beans.factory.support.DefaultListableBeanFactory - Returning cached instance of singleton bean 'org.springframework.boot.autoconfigure.condition.BeanTypeRegistry'
15:04:32.681 [main] DEBUG org.springframework.beans.factory.support.DefaultListableBeanFactory - Returning cached instance of singleton bean 'org.springframework.boot.autoconfigure.condition.BeanTypeRegistry'
15:04:32.681 [main] DEBUG org.springframework.beans.factory.support.DefaultListableBeanFactory - Returning cached instance of singleton bean 'autoConfigurationReport'
15:04:32.682 [main] DEBUG org.springframework.beans.factory.support.DefaultListableBeanFactory - Returning cached instance of singleton bean 'org.springframework.boot.autoconfigure.condition.BeanTypeRegistry'
15:04:32.682 [main] DEBUG org.springframework.beans.factory.support.DefaultListableBeanFactory - Returning cached instance of singleton bean 'org.springframework.boot.autoconfigure.condition.BeanTypeRegistry'
15:04:32.682 [main] DEBUG org.springframework.beans.factory.support.DefaultListableBeanFactory - Returning cached instance of singleton bean 'org.springframework.boot.autoconfigure.condition.BeanTypeRegistry'
15:04:32.683 [main] DEBUG org.springframework.beans.factory.support.DefaultListableBeanFactory - Returning cached instance of singleton bean 'autoConfigurationReport'
15:04:32.684 [main] DEBUG org.springframework.context.annotation.ConfigurationClassBeanDefinitionReader - Registered bean definition for imported class 'org.springframework.boot.autoconfigure.data.jpa.JpaRepositoriesAutoConfiguration'
15:04:32.781 [main] DEBUG org.springframework.core.env.StandardEnvironment - Adding PropertySource 'systemProperties' with lowest search precedence
15:04:32.781 [main] DEBUG org.springframework.core.env.StandardEnvironment - Adding PropertySource 'systemEnvironment' with lowest search precedence
15:04:32.782 [main] DEBUG org.springframework.core.env.StandardEnvironment - Initialized StandardEnvironment with PropertySources [MapPropertySource@616207929 {name='systemProperties', properties={java.runtime.name=Java(TM) SE Runtime Environment, sun.boot.library.path=C:\Program Files\Java\jdk1.8.0_101\jre\bin, java.vm.version=25.101-b13, java.vm.vendor=Oracle Corporation, java.vendor.url=http://java.oracle.com/, path.separator=;, java.vm.name=Java HotSpot(TM) 64-Bit Server VM, file.encoding.pkg=sun.io, user.country=US, user.script=, sun.java.launcher=SUN_STANDARD, sun.os.patch.level=, java.vm.specification.name=Java Virtual Machine Specification, user.dir=C:\Users\User\eclipse-workspace\ubereats, java.runtime.version=1.8.0_101-b13, basedir=C:\Users\User\eclipse-workspace\ubereats, java.awt.graphicsenv=sun.awt.Win32GraphicsEnvironment, java.endorsed.dirs=C:\Program Files\Java\jdk1.8.0_101\jre\lib\endorsed, os.arch=amd64, surefire.real.class.path=C:\Users\User\AppData\Local\Temp\surefire4035108605574606520\surefirebooter5583770164390574527.jar, java.io.tmpdir=C:\Users\User\AppData\Local\Temp\, line.separator=
, java.vm.specification.vendor=Oracle Corporation, user.variant=, os.name=Windows 10, sun.jnu.encoding=Cp1252, java.library.path=C:\Program Files\Java\jdk1.8.0_101\jre\bin;C:\WINDOWS\Sun\Java\bin;C:\WINDOWS\system32;C:\WINDOWS;C:/Program Files/Java/jre1.8.0_101/bin/server;C:/Program Files/Java/jre1.8.0_101/bin;C:/Program Files/Java/jre1.8.0_101/lib/amd64;C:\Program Files\Microsoft MPI\Bin\;C:\ProgramData\Oracle\Java\javapath;C:\Program Files (x86)\Intel\iCLS Client\;C:\Program Files\Intel\iCLS Client\;C:\WINDOWS\system32;C:\WINDOWS;C:\WINDOWS\System32\Wbem;C:\WINDOWS\System32\WindowsPowerShell\v1.0\;C:\Program Files (x86)\Intel\OpenCL SDK\2.0\bin\x86;C:\Program Files (x86)\Intel\OpenCL SDK\2.0\bin\x64;C:\Program Files (x86)\Intel\Intel(R) Management Engine Components\DAL;C:\Program Files\Intel\Intel(R) Management Engine Components\DAL;C:\Program Files (x86)\Intel\Intel(R) Management Engine Components\IPT;C:\Program Files\Intel\Intel(R) Management Engine Components\IPT;C:\Program Files\Microsoft SQL Server\Client SDK\ODBC\130\Tools\Binn\;C:\Program Files (x86)\Microsoft SQL Server\130\Tools\Binn\;C:\Program Files\Microsoft SQL Server\130\Tools\Binn\;C:\Program Files\Microsoft SQL Server\130\DTS\Binn\;C:\WINDOWS\system32\config\systemprofile\.dnx\bin;C:\Program Files\Microsoft DNX\Dnvm\;C:\Program Files\Microsoft SQL Server\120\Tools\Binn\;C:\Program Files (x86)\Microsoft SQL Server\130\DTS\Binn\;C:\Program Files (x86)\Microsoft SQL Server\Client SDK\ODBC\130\Tools\Binn\;C:\Program Files (x86)\Microsoft SQL Server\140\Tools\Binn\;C:\Program Files (x86)\Microsoft SQL Server\140\DTS\Binn\;C:\Program Files (x86)\Microsoft SQL Server\140\Tools\Binn\ManagementStudio\;C:\Program Files\nodejs\;C:\Users\User\AppData\Local\Microsoft\WindowsApps;C:\Users\User\AppData\Roaming\npm;C:\Users\User\Downloads\Compressed\apache-maven-3.5.2-bin\bin;;C:\Users\User\Desktop;;., surefire.test.class.path=C:\Users\User\eclipse-workspace\ubereats\target\test-classes;C:\Users\User\eclipse-workspace\ubereats\target\classes;C:\Users\User\.m2\repository\org\springframework\boot\spring-boot-starter-tomcat\2.0.0.RELEASE\spring-boot-starter-tomcat-2.0.0.RELEASE.jar;C:\Users\User\.m2\repository\javax\annotation\javax.annotation-api\1.3.2\javax.annotation-api-1.3.2.jar;C:\Users\User\.m2\repository\org\apache\tomcat\embed\tomcat-embed-core\8.5.28\tomcat-embed-core-8.5.28.jar;C:\Users\User\.m2\repository\org\apache\tomcat\embed\tomcat-embed-el\8.5.28\tomcat-embed-el-8.5.28.jar;C:\Users\User\.m2\repository\org\apache\tomcat\embed\tomcat-embed-websocket\8.5.28\tomcat-embed-websocket-8.5.28.jar;C:\Users\User\.m2\repository\junit\junit\4.12\junit-4.12.jar;C:\Users\User\.m2\repository\org\hamcrest\hamcrest-core\1.3\hamcrest-core-1.3.jar;C:\Users\User\.m2\repository\org\springframework\boot\spring-boot-starter-web\2.0.0.RELEASE\spring-boot-starter-web-2.0.0.RELEASE.jar;C:\Users\User\.m2\repository\org\springframework\boot\spring-boot-starter\2.0.0.RELEASE\spring-boot-starter-2.0.0.RELEASE.jar;C:\Users\User\.m2\repository\org\springframework\boot\spring-boot-starter-logging\2.0.0.RELEASE\spring-boot-starter-logging-2.0.0.RELEASE.jar;C:\Users\User\.m2\repository\ch\qos\logback\logback-classic\1.2.3\logback-classic-1.2.3.jar;C:\Users\User\.m2\repository\ch\qos\logback\logback-core\1.2.3\logback-core-1.2.3.jar;C:\Users\User\.m2\repository\org\apache\logging\log4j\log4j-to-slf4j\2.10.0\log4j-to-slf4j-2.10.0.jar;C:\Users\User\.m2\repository\org\apache\logging\log4j\log4j-api\2.10.0\log4j-api-2.10.0.jar;C:\Users\User\.m2\repository\org\slf4j\jul-to-slf4j\1.7.25\jul-to-slf4j-1.7.25.jar;C:\Users\User\.m2\repository\org\yaml\snakeyaml\1.19\snakeyaml-1.19.jar;C:\Users\User\.m2\repository\org\springframework\boot\spring-boot-starter-json\2.0.0.RELEASE\spring-boot-starter-json-2.0.0.RELEASE.jar;C:\Users\User\.m2\repository\com\fasterxml\jackson\datatype\jackson-datatype-jdk8\2.9.4\jackson-datatype-jdk8-2.9.4.jar;C:\Users\User\.m2\repository\com\fasterxml\jackson\datatype\jackson-datatype-jsr310\2.9.4\jackson-datatype-jsr310-2.9.4.jar;C:\Users\User\.m2\repository\com\fasterxml\jackson\module\jackson-module-parameter-names\2.9.4\jackson-module-parameter-names-2.9.4.jar;C:\Users\User\.m2\repository\org\hibernate\validator\hibernate-validator\6.0.7.Final\hibernate-validator-6.0.7.Final.jar;C:\Users\User\.m2\repository\javax\validation\validation-api\2.0.1.Final\validation-api-2.0.1.Final.jar;C:\Users\User\.m2\repository\org\springframework\spring-web\5.0.4.RELEASE\spring-web-5.0.4.RELEASE.jar;C:\Users\User\.m2\repository\org\springframework\spring-webmvc\5.0.4.RELEASE\spring-webmvc-5.0.4.RELEASE.jar;C:\Users\User\.m2\repository\org\springframework\spring-aop\5.0.4.RELEASE\spring-aop-5.0.4.RELEASE.jar;C:\Users\User\.m2\repository\org\springframework\boot\spring-boot-starter-data-jpa\2.0.0.RELEASE\spring-boot-starter-data-jpa-2.0.0.RELEASE.jar;C:\Users\User\.m2\repository\org\springframework\boot\spring-boot-starter-aop\2.0.0.RELEASE\spring-boot-starter-aop-2.0.0.RELEASE.jar;C:\Users\User\.m2\repository\org\aspectj\aspectjweaver\1.8.13\aspectjweaver-1.8.13.jar;C:\Users\User\.m2\repository\org\springframework\boot\spring-boot-starter-jdbc\2.0.0.RELEASE\spring-boot-starter-jdbc-2.0.0.RELEASE.jar;C:\Users\User\.m2\repository\com\zaxxer\HikariCP\2.7.8\HikariCP-2.7.8.jar;C:\Users\User\.m2\repository\javax\transaction\javax.transaction-api\1.2\javax.transaction-api-1.2.jar;C:\Users\User\.m2\repository\org\springframework\data\spring-data-jpa\2.0.5.RELEASE\spring-data-jpa-2.0.5.RELEASE.jar;C:\Users\User\.m2\repository\org\springframework\data\spring-data-commons\2.0.5.RELEASE\spring-data-commons-2.0.5.RELEASE.jar;C:\Users\User\.m2\repository\org\slf4j\slf4j-api\1.7.25\slf4j-api-1.7.25.jar;C:\Users\User\.m2\repository\org\springframework\spring-aspects\5.0.4.RELEASE\spring-aspects-5.0.4.RELEASE.jar;C:\Users\User\.m2\repository\mysql\mysql-connector-java\5.1.45\mysql-connector-java-5.1.45.jar;C:\Users\User\.m2\repository\org\springframework\boot\spring-boot-starter-test\2.0.0.RELEASE\spring-boot-starter-test-2.0.0.RELEASE.jar;C:\Users\User\.m2\repository\org\springframework\boot\spring-boot-test\2.0.0.RELEASE\spring-boot-test-2.0.0.RELEASE.jar;C:\Users\User\.m2\repository\org\springframework\boot\spring-boot-test-autoconfigure\2.0.0.RELEASE\spring-boot-test-autoconfigure-2.0.0.RELEASE.jar;C:\Users\User\.m2\repository\com\jayway\jsonpath\json-path\2.4.0\json-path-2.4.0.jar;C:\Users\User\.m2\repository\net\minidev\json-smart\2.3\json-smart-2.3.jar;C:\Users\User\.m2\repository\net\minidev\accessors-smart\1.2\accessors-smart-1.2.jar;C:\Users\User\.m2\repository\org\assertj\assertj-core\3.9.1\assertj-core-3.9.1.jar;C:\Users\User\.m2\repository\org\mockito\mockito-core\2.15.0\mockito-core-2.15.0.jar;C:\Users\User\.m2\repository\net\bytebuddy\byte-buddy\1.7.10\byte-buddy-1.7.10.jar;C:\Users\User\.m2\repository\net\bytebuddy\byte-buddy-agent\1.7.10\byte-buddy-agent-1.7.10.jar;C:\Users\User\.m2\repository\org\objenesis\objenesis\2.6\objenesis-2.6.jar;C:\Users\User\.m2\repository\org\hamcrest\hamcrest-library\1.3\hamcrest-library-1.3.jar;C:\Users\User\.m2\repository\org\skyscreamer\jsonassert\1.5.0\jsonassert-1.5.0.jar;C:\Users\User\.m2\repository\com\vaadin\external\google\android-json\0.0.20131108.vaadin1\android-json-0.0.20131108.vaadin1.jar;C:\Users\User\.m2\repository\org\springframework\spring-core\5.0.4.RELEASE\spring-core-5.0.4.RELEASE.jar;C:\Users\User\.m2\repository\org\springframework\spring-jcl\5.0.4.RELEASE\spring-jcl-5.0.4.RELEASE.jar;C:\Users\User\.m2\repository\org\springframework\spring-test\5.0.4.RELEASE\spring-test-5.0.4.RELEASE.jar;C:\Users\User\.m2\repository\org\xmlunit\xmlunit-core\2.5.1\xmlunit-core-2.5.1.jar;C:\Users\User\.m2\repository\org\springframework\boot\spring-boot-devtools\2.0.0.RELEASE\spring-boot-devtools-2.0.0.RELEASE.jar;C:\Users\User\.m2\repository\org\springframework\boot\spring-boot\2.0.0.RELEASE\spring-boot-2.0.0.RELEASE.jar;C:\Users\User\.m2\repository\org\springframework\boot\spring-boot-autoconfigure\2.0.0.RELEASE\spring-boot-autoconfigure-2.0.0.RELEASE.jar;C:\Users\User\.m2\repository\com\h2database\h2\1.4.196\h2-1.4.196.jar;C:\Users\User\.m2\repository\org\hibernate\hibernate-core\5.2.14.Final\hibernate-core-5.2.14.Final.jar;C:\Users\User\.m2\repository\org\jboss\logging\jboss-logging\3.3.2.Final\jboss-logging-3.3.2.Final.jar;C:\Users\User\.m2\repository\org\hibernate\javax\persistence\hibernate-jpa-2.1-api\1.0.0.Final\hibernate-jpa-2.1-api-1.0.0.Final.jar;C:\Users\User\.m2\repository\org\javassist\javassist\3.22.0-GA\javassist-3.22.0-GA.jar;C:\Users\User\.m2\repository\antlr\antlr\2.7.7\antlr-2.7.7.jar;C:\Users\User\.m2\repository\org\jboss\spec\javax\transaction\jboss-transaction-api_1.2_spec\1.0.1.Final\jboss-transaction-api_1.2_spec-1.0.1.Final.jar;C:\Users\User\.m2\repository\org\jboss\jandex\2.0.3.Final\jandex-2.0.3.Final.jar;C:\Users\User\.m2\repository\com\fasterxml\classmate\1.3.4\classmate-1.3.4.jar;C:\Users\User\.m2\repository\dom4j\dom4j\1.6.1\dom4j-1.6.1.jar;C:\Users\User\.m2\repository\org\hibernate\common\hibernate-commons-annotations\5.0.1.Final\hibernate-commons-annotations-5.0.1.Final.jar;C:\Users\User\.m2\repository\org\springframework\spring-orm\5.0.4.RELEASE\spring-orm-5.0.4.RELEASE.jar;C:\Users\User\.m2\repository\org\springframework\spring-beans\5.0.4.RELEASE\spring-beans-5.0.4.RELEASE.jar;C:\Users\User\.m2\repository\org\springframework\spring-jdbc\5.0.4.RELEASE\spring-jdbc-5.0.4.RELEASE.jar;C:\Users\User\.m2\repository\org\springframework\spring-tx\5.0.4.RELEASE\spring-tx-5.0.4.RELEASE.jar;C:\Users\User\.m2\repository\org\apache\commons\commons-dbcp2\2.2.0\commons-dbcp2-2.2.0.jar;C:\Users\User\.m2\repository\org\apache\commons\commons-pool2\2.5.0\commons-pool2-2.5.0.jar;C:\Users\User\.m2\repository\org\apache\maven\plugins\maven-compiler-plugin\3.7.0\maven-compiler-plugin-3.7.0.jar;C:\Users\User\.m2\repository\org\apache\maven\maven-plugin-api\3.0\maven-plugin-api-3.0.jar;C:\Users\User\.m2\repository\org\apache\maven\maven-model\3.0\maven-model-3.0.jar;C:\Users\User\.m2\repository\org\sonatype\sisu\sisu-inject-plexus\1.4.2\sisu-inject-plexus-1.4.2.jar;C:\Users\User\.m2\repository\org\sonatype\sisu\sisu-inject-bean\1.4.2\sisu-inject-bean-1.4.2.jar;C:\Users\User\.m2\repository\org\sonatype\sisu\sisu-guice\2.1.7\sisu-guice-2.1.7-noaop.jar;C:\Users\User\.m2\repository\org\apache\maven\maven-artifact\3.0\maven-artifact-3.0.jar;C:\Users\User\.m2\repository\org\codehaus\plexus\plexus-utils\2.0.4\plexus-utils-2.0.4.jar;C:\Users\User\.m2\repository\org\apache\maven\maven-core\3.0\maven-core-3.0.jar;C:\Users\User\.m2\repository\org\apache\maven\maven-settings\3.0\maven-settings-3.0.jar;C:\Users\User\.m2\repository\org\apache\maven\maven-settings-builder\3.0\maven-settings-builder-3.0.jar;C:\Users\User\.m2\repository\org\apache\maven\maven-repository-metadata\3.0\maven-repository-metadata-3.0.jar;C:\Users\User\.m2\repository\org\apache\maven\maven-model-builder\3.0\maven-model-builder-3.0.jar;C:\Users\User\.m2\repository\org\apache\maven\maven-aether-provider\3.0\maven-aether-provider-3.0.jar;C:\Users\User\.m2\repository\org\sonatype\aether\aether-impl\1.7\aether-impl-1.7.jar;C:\Users\User\.m2\repository\org\sonatype\aether\aether-spi\1.7\aether-spi-1.7.jar;C:\Users\User\.m2\repository\org\sonatype\aether\aether-api\1.7\aether-api-1.7.jar;C:\Users\User\.m2\repository\org\sonatype\aether\aether-util\1.7\aether-util-1.7.jar;C:\Users\User\.m2\repository\org\codehaus\plexus\plexus-interpolation\1.14\plexus-interpolation-1.14.jar;C:\Users\User\.m2\repository\org\codehaus\plexus\plexus-classworlds\2.2.3\plexus-classworlds-2.2.3.jar;C:\Users\User\.m2\repository\org\codehaus\plexus\plexus-component-annotations\1.5.5\plexus-component-annotations-1.5.5.jar;C:\Users\User\.m2\repository\org\sonatype\plexus\plexus-sec-dispatcher\1.3\plexus-sec-dispatcher-1.3.jar;C:\Users\User\.m2\repository\org\sonatype\plexus\plexus-cipher\1.4\plexus-cipher-1.4.jar;C:\Users\User\.m2\repository\org\apache\maven\shared\maven-shared-utils\3.1.0\maven-shared-utils-3.1.0.jar;C:\Users\User\.m2\repository\commons-io\commons-io\2.5\commons-io-2.5.jar;C:\Users\User\.m2\repository\org\apache\maven\shared\maven-shared-incremental\1.1\maven-shared-incremental-1.1.jar;C:\Users\User\.m2\repository\org\codehaus\plexus\plexus-java\0.9.2\plexus-java-0.9.2.jar;C:\Users\User\.m2\repository\org\ow2\asm\asm\6.0_BETA\asm-6.0_BETA.jar;C:\Users\User\.m2\repository\com\thoughtworks\qdox\qdox\2.0-M7\qdox-2.0-M7.jar;C:\Users\User\.m2\repository\org\codehaus\plexus\plexus-compiler-api\2.8.2\plexus-compiler-api-2.8.2.jar;C:\Users\User\.m2\repository\org\codehaus\plexus\plexus-compiler-manager\2.8.2\plexus-compiler-manager-2.8.2.jar;C:\Users\User\.m2\repository\org\codehaus\plexus\plexus-compiler-javac\2.8.2\plexus-compiler-javac-2.8.2.jar;C:\Users\User\.m2\repository\com\fasterxml\jackson\core\jackson-databind\2.9.4\jackson-databind-2.9.4.jar;C:\Users\User\.m2\repository\com\fasterxml\jackson\core\jackson-core\2.9.4\jackson-core-2.9.4.jar;C:\Users\User\.m2\repository\com\fasterxml\jackson\core\jackson-annotations\2.9.0\jackson-annotations-2.9.0.jar;C:\Users\User\.m2\repository\org\springframework\webflow\spring-webflow\2.4.7.RELEASE\spring-webflow-2.4.7.RELEASE.jar;C:\Users\User\.m2\repository\commons-logging\commons-logging\1.1.1\commons-logging-1.1.1.jar;C:\Users\User\.m2\repository\opensymphony\ognl\2.6.11\ognl-2.6.11.jar;C:\Users\User\.m2\repository\org\springframework\webflow\spring-binding\2.4.7.RELEASE\spring-binding-2.4.7.RELEASE.jar;C:\Users\User\.m2\repository\org\springframework\webflow\spring-js\2.4.7.RELEASE\spring-js-2.4.7.RELEASE.jar;C:\Users\User\.m2\repository\org\springframework\webflow\spring-js-resources\2.4.7.RELEASE\spring-js-resources-2.4.7.RELEASE.jar;C:\Users\User\.m2\repository\org\springframework\spring-context\5.0.4.RELEASE\spring-context-5.0.4.RELEASE.jar;C:\Users\User\.m2\repository\org\springframework\spring-expression\5.0.4.RELEASE\spring-expression-5.0.4.RELEASE.jar;, java.specification.name=Java Platform API Specification, java.class.version=52.0, sun.management.compiler=HotSpot 64-Bit Tiered Compilers, os.version=10.0, user.home=C:\Users\User, user.timezone=Africa/Harare, java.awt.printerjob=sun.awt.windows.WPrinterJob, file.encoding=Cp1252, java.specification.version=1.8, java.class.path=C:\Users\User\eclipse-workspace\ubereats\target\test-classes;C:\Users\User\eclipse-workspace\ubereats\target\classes;C:\Users\User\.m2\repository\org\springframework\boot\spring-boot-starter-tomcat\2.0.0.RELEASE\spring-boot-starter-tomcat-2.0.0.RELEASE.jar;C:\Users\User\.m2\repository\javax\annotation\javax.annotation-api\1.3.2\javax.annotation-api-1.3.2.jar;C:\Users\User\.m2\repository\org\apache\tomcat\embed\tomcat-embed-core\8.5.28\tomcat-embed-core-8.5.28.jar;C:\Users\User\.m2\repository\org\apache\tomcat\embed\tomcat-embed-el\8.5.28\tomcat-embed-el-8.5.28.jar;C:\Users\User\.m2\repository\org\apache\tomcat\embed\tomcat-embed-websocket\8.5.28\tomcat-embed-websocket-8.5.28.jar;C:\Users\User\.m2\repository\junit\junit\4.12\junit-4.12.jar;C:\Users\User\.m2\repository\org\hamcrest\hamcrest-core\1.3\hamcrest-core-1.3.jar;C:\Users\User\.m2\repository\org\springframework\boot\spring-boot-starter-web\2.0.0.RELEASE\spring-boot-starter-web-2.0.0.RELEASE.jar;C:\Users\User\.m2\repository\org\springframework\boot\spring-boot-starter\2.0.0.RELEASE\spring-boot-starter-2.0.0.RELEASE.jar;C:\Users\User\.m2\repository\org\springframework\boot\spring-boot-starter-logging\2.0.0.RELEASE\spring-boot-starter-logging-2.0.0.RELEASE.jar;C:\Users\User\.m2\repository\ch\qos\logback\logback-classic\1.2.3\logback-classic-1.2.3.jar;C:\Users\User\.m2\repository\ch\qos\logback\logback-core\1.2.3\logback-core-1.2.3.jar;C:\Users\User\.m2\repository\org\apache\logging\log4j\log4j-to-slf4j\2.10.0\log4j-to-slf4j-2.10.0.jar;C:\Users\User\.m2\repository\org\apache\logging\log4j\log4j-api\2.10.0\log4j-api-2.10.0.jar;C:\Users\User\.m2\repository\org\slf4j\jul-to-slf4j\1.7.25\jul-to-slf4j-1.7.25.jar;C:\Users\User\.m2\repository\org\yaml\snakeyaml\1.19\snakeyaml-1.19.jar;C:\Users\User\.m2\repository\org\springframework\boot\spring-boot-starter-json\2.0.0.RELEASE\spring-boot-starter-json-2.0.0.RELEASE.jar;C:\Users\User\.m2\repository\com\fasterxml\jackson\datatype\jackson-datatype-jdk8\2.9.4\jackson-datatype-jdk8-2.9.4.jar;C:\Users\User\.m2\repository\com\fasterxml\jackson\datatype\jackson-datatype-jsr310\2.9.4\jackson-datatype-jsr310-2.9.4.jar;C:\Users\User\.m2\repository\com\fasterxml\jackson\module\jackson-module-parameter-names\2.9.4\jackson-module-parameter-names-2.9.4.jar;C:\Users\User\.m2\repository\org\hibernate\validator\hibernate-validator\6.0.7.Final\hibernate-validator-6.0.7.Final.jar;C:\Users\User\.m2\repository\javax\validation\validation-api\2.0.1.Final\validation-api-2.0.1.Final.jar;C:\Users\User\.m2\repository\org\springframework\spring-web\5.0.4.RELEASE\spring-web-5.0.4.RELEASE.jar;C:\Users\User\.m2\repository\org\springframework\spring-webmvc\5.0.4.RELEASE\spring-webmvc-5.0.4.RELEASE.jar;C:\Users\User\.m2\repository\org\springframework\spring-aop\5.0.4.RELEASE\spring-aop-5.0.4.RELEASE.jar;C:\Users\User\.m2\repository\org\springframework\boot\spring-boot-starter-data-jpa\2.0.0.RELEASE\spring-boot-starter-data-jpa-2.0.0.RELEASE.jar;C:\Users\User\.m2\repository\org\springframework\boot\spring-boot-starter-aop\2.0.0.RELEASE\spring-boot-starter-aop-2.0.0.RELEASE.jar;C:\Users\User\.m2\repository\org\aspectj\aspectjweaver\1.8.13\aspectjweaver-1.8.13.jar;C:\Users\User\.m2\repository\org\springframework\boot\spring-boot-starter-jdbc\2.0.0.RELEASE\spring-boot-starter-jdbc-2.0.0.RELEASE.jar;C:\Users\User\.m2\repository\com\zaxxer\HikariCP\2.7.8\HikariCP-2.7.8.jar;C:\Users\User\.m2\repository\javax\transaction\javax.transaction-api\1.2\javax.transaction-api-1.2.jar;C:\Users\User\.m2\repository\org\springframework\data\spring-data-jpa\2.0.5.RELEASE\spring-data-jpa-2.0.5.RELEASE.jar;C:\Users\User\.m2\repository\org\springframework\data\spring-data-commons\2.0.5.RELEASE\spring-data-commons-2.0.5.RELEASE.jar;C:\Users\User\.m2\repository\org\slf4j\slf4j-api\1.7.25\slf4j-api-1.7.25.jar;C:\Users\User\.m2\repository\org\springframework\spring-aspects\5.0.4.RELEASE\spring-aspects-5.0.4.RELEASE.jar;C:\Users\User\.m2\repository\mysql\mysql-connector-java\5.1.45\mysql-connector-java-5.1.45.jar;C:\Users\User\.m2\repository\org\springframework\boot\spring-boot-starter-test\2.0.0.RELEASE\spring-boot-starter-test-2.0.0.RELEASE.jar;C:\Users\User\.m2\repository\org\springframework\boot\spring-boot-test\2.0.0.RELEASE\spring-boot-test-2.0.0.RELEASE.jar;C:\Users\User\.m2\repository\org\springframework\boot\spring-boot-test-autoconfigure\2.0.0.RELEASE\spring-boot-test-autoconfigure-2.0.0.RELEASE.jar;C:\Users\User\.m2\repository\com\jayway\jsonpath\json-path\2.4.0\json-path-2.4.0.jar;C:\Users\User\.m2\repository\net\minidev\json-smart\2.3\json-smart-2.3.jar;C:\Users\User\.m2\repository\net\minidev\accessors-smart\1.2\accessors-smart-1.2.jar;C:\Users\User\.m2\repository\org\assertj\assertj-core\3.9.1\assertj-core-3.9.1.jar;C:\Users\User\.m2\repository\org\mockito\mockito-core\2.15.0\mockito-core-2.15.0.jar;C:\Users\User\.m2\repository\net\bytebuddy\byte-buddy\1.7.10\byte-buddy-1.7.10.jar;C:\Users\User\.m2\repository\net\bytebuddy\byte-buddy-agent\1.7.10\byte-buddy-agent-1.7.10.jar;C:\Users\User\.m2\repository\org\objenesis\objenesis\2.6\objenesis-2.6.jar;C:\Users\User\.m2\repository\org\hamcrest\hamcrest-library\1.3\hamcrest-library-1.3.jar;C:\Users\User\.m2\repository\org\skyscreamer\jsonassert\1.5.0\jsonassert-1.5.0.jar;C:\Users\User\.m2\repository\com\vaadin\external\google\android-json\0.0.20131108.vaadin1\android-json-0.0.20131108.vaadin1.jar;C:\Users\User\.m2\repository\org\springframework\spring-core\5.0.4.RELEASE\spring-core-5.0.4.RELEASE.jar;C:\Users\User\.m2\repository\org\springframework\spring-jcl\5.0.4.RELEASE\spring-jcl-5.0.4.RELEASE.jar;C:\Users\User\.m2\repository\org\springframework\spring-test\5.0.4.RELEASE\spring-test-5.0.4.RELEASE.jar;C:\Users\User\.m2\repository\org\xmlunit\xmlunit-core\2.5.1\xmlunit-core-2.5.1.jar;C:\Users\User\.m2\repository\org\springframework\boot\spring-boot-devtools\2.0.0.RELEASE\spring-boot-devtools-2.0.0.RELEASE.jar;C:\Users\User\.m2\repository\org\springframework\boot\spring-boot\2.0.0.RELEASE\spring-boot-2.0.0.RELEASE.jar;C:\Users\User\.m2\repository\org\springframework\boot\spring-boot-autoconfigure\2.0.0.RELEASE\spring-boot-autoconfigure-2.0.0.RELEASE.jar;C:\Users\User\.m2\repository\com\h2database\h2\1.4.196\h2-1.4.196.jar;C:\Users\User\.m2\repository\org\hibernate\hibernate-core\5.2.14.Final\hibernate-core-5.2.14.Final.jar;C:\Users\User\.m2\repository\org\jboss\logging\jboss-logging\3.3.2.Final\jboss-logging-3.3.2.Final.jar;C:\Users\User\.m2\repository\org\hibernate\javax\persistence\hibernate-jpa-2.1-api\1.0.0.Final\hibernate-jpa-2.1-api-1.0.0.Final.jar;C:\Users\User\.m2\repository\org\javassist\javassist\3.22.0-GA\javassist-3.22.0-GA.jar;C:\Users\User\.m2\repository\antlr\antlr\2.7.7\antlr-2.7.7.jar;C:\Users\User\.m2\repository\org\jboss\spec\javax\transaction\jboss-transaction-api_1.2_spec\1.0.1.Final\jboss-transaction-api_1.2_spec-1.0.1.Final.jar;C:\Users\User\.m2\repository\org\jboss\jandex\2.0.3.Final\jandex-2.0.3.Final.jar;C:\Users\User\.m2\repository\com\fasterxml\classmate\1.3.4\classmate-1.3.4.jar;C:\Users\User\.m2\repository\dom4j\dom4j\1.6.1\dom4j-1.6.1.jar;C:\Users\User\.m2\repository\org\hibernate\common\hibernate-commons-annotations\5.0.1.Final\hibernate-commons-annotations-5.0.1.Final.jar;C:\Users\User\.m2\repository\org\springframework\spring-orm\5.0.4.RELEASE\spring-orm-5.0.4.RELEASE.jar;C:\Users\User\.m2\repository\org\springframework\spring-beans\5.0.4.RELEASE\spring-beans-5.0.4.RELEASE.jar;C:\Users\User\.m2\repository\org\springframework\spring-jdbc\5.0.4.RELEASE\spring-jdbc-5.0.4.RELEASE.jar;C:\Users\User\.m2\repository\org\springframework\spring-tx\5.0.4.RELEASE\spring-tx-5.0.4.RELEASE.jar;C:\Users\User\.m2\repository\org\apache\commons\commons-dbcp2\2.2.0\commons-dbcp2-2.2.0.jar;C:\Users\User\.m2\repository\org\apache\commons\commons-pool2\2.5.0\commons-pool2-2.5.0.jar;C:\Users\User\.m2\repository\org\apache\maven\plugins\maven-compiler-plugin\3.7.0\maven-compiler-plugin-3.7.0.jar;C:\Users\User\.m2\repository\org\apache\maven\maven-plugin-api\3.0\maven-plugin-api-3.0.jar;C:\Users\User\.m2\repository\org\apache\maven\maven-model\3.0\maven-model-3.0.jar;C:\Users\User\.m2\repository\org\sonatype\sisu\sisu-inject-plexus\1.4.2\sisu-inject-plexus-1.4.2.jar;C:\Users\User\.m2\repository\org\sonatype\sisu\sisu-inject-bean\1.4.2\sisu-inject-bean-1.4.2.jar;C:\Users\User\.m2\repository\org\sonatype\sisu\sisu-guice\2.1.7\sisu-guice-2.1.7-noaop.jar;C:\Users\User\.m2\repository\org\apache\maven\maven-artifact\3.0\maven-artifact-3.0.jar;C:\Users\User\.m2\repository\org\codehaus\plexus\plexus-utils\2.0.4\plexus-utils-2.0.4.jar;C:\Users\User\.m2\repository\org\apache\maven\maven-core\3.0\maven-core-3.0.jar;C:\Users\User\.m2\repository\org\apache\maven\maven-settings\3.0\maven-settings-3.0.jar;C:\Users\User\.m2\repository\org\apache\maven\maven-settings-builder\3.0\maven-settings-builder-3.0.jar;C:\Users\User\.m2\repository\org\apache\maven\maven-repository-metadata\3.0\maven-repository-metadata-3.0.jar;C:\Users\User\.m2\repository\org\apache\maven\maven-model-builder\3.0\maven-model-builder-3.0.jar;C:\Users\User\.m2\repository\org\apache\maven\maven-aether-provider\3.0\maven-aether-provider-3.0.jar;C:\Users\User\.m2\repository\org\sonatype\aether\aether-impl\1.7\aether-impl-1.7.jar;C:\Users\User\.m2\repository\org\sonatype\aether\aether-spi\1.7\aether-spi-1.7.jar;C:\Users\User\.m2\repository\org\sonatype\aether\aether-api\1.7\aether-api-1.7.jar;C:\Users\User\.m2\repository\org\sonatype\aether\aether-util\1.7\aether-util-1.7.jar;C:\Users\User\.m2\repository\org\codehaus\plexus\plexus-interpolation\1.14\plexus-interpolation-1.14.jar;C:\Users\User\.m2\repository\org\codehaus\plexus\plexus-classworlds\2.2.3\plexus-classworlds-2.2.3.jar;C:\Users\User\.m2\repository\org\codehaus\plexus\plexus-component-annotations\1.5.5\plexus-component-annotations-1.5.5.jar;C:\Users\User\.m2\repository\org\sonatype\plexus\plexus-sec-dispatcher\1.3\plexus-sec-dispatcher-1.3.jar;C:\Users\User\.m2\repository\org\sonatype\plexus\plexus-cipher\1.4\plexus-cipher-1.4.jar;C:\Users\User\.m2\repository\org\apache\maven\shared\maven-shared-utils\3.1.0\maven-shared-utils-3.1.0.jar;C:\Users\User\.m2\repository\commons-io\commons-io\2.5\commons-io-2.5.jar;C:\Users\User\.m2\repository\org\apache\maven\shared\maven-shared-incremental\1.1\maven-shared-incremental-1.1.jar;C:\Users\User\.m2\repository\org\codehaus\plexus\plexus-java\0.9.2\plexus-java-0.9.2.jar;C:\Users\User\.m2\repository\org\ow2\asm\asm\6.0_BETA\asm-6.0_BETA.jar;C:\Users\User\.m2\repository\com\thoughtworks\qdox\qdox\2.0-M7\qdox-2.0-M7.jar;C:\Users\User\.m2\repository\org\codehaus\plexus\plexus-compiler-api\2.8.2\plexus-compiler-api-2.8.2.jar;C:\Users\User\.m2\repository\org\codehaus\plexus\plexus-compiler-manager\2.8.2\plexus-compiler-manager-2.8.2.jar;C:\Users\User\.m2\repository\org\codehaus\plexus\plexus-compiler-javac\2.8.2\plexus-compiler-javac-2.8.2.jar;C:\Users\User\.m2\repository\com\fasterxml\jackson\core\jackson-databind\2.9.4\jackson-databind-2.9.4.jar;C:\Users\User\.m2\repository\com\fasterxml\jackson\core\jackson-core\2.9.4\jackson-core-2.9.4.jar;C:\Users\User\.m2\repository\com\fasterxml\jackson\core\jackson-annotations\2.9.0\jackson-annotations-2.9.0.jar;C:\Users\User\.m2\repository\org\springframework\webflow\spring-webflow\2.4.7.RELEASE\spring-webflow-2.4.7.RELEASE.jar;C:\Users\User\.m2\repository\commons-logging\commons-logging\1.1.1\commons-logging-1.1.1.jar;C:\Users\User\.m2\repository\opensymphony\ognl\2.6.11\ognl-2.6.11.jar;C:\Users\User\.m2\repository\org\springframework\webflow\spring-binding\2.4.7.RELEASE\spring-binding-2.4.7.RELEASE.jar;C:\Users\User\.m2\repository\org\springframework\webflow\spring-js\2.4.7.RELEASE\spring-js-2.4.7.RELEASE.jar;C:\Users\User\.m2\repository\org\springframework\webflow\spring-js-resources\2.4.7.RELEASE\spring-js-resources-2.4.7.RELEASE.jar;C:\Users\User\.m2\repository\org\springframework\spring-context\5.0.4.RELEASE\spring-context-5.0.4.RELEASE.jar;C:\Users\User\.m2\repository\org\springframework\spring-expression\5.0.4.RELEASE\spring-expression-5.0.4.RELEASE.jar;, user.name=User, java.vm.specification.version=1.8, sun.java.command=C:\Users\User\AppData\Local\Temp\surefire4035108605574606520\surefirebooter5583770164390574527.jar C:\Users\User\AppData\Local\Temp\surefire4035108605574606520 2018-03-07T15-04-23_732-jvmRun1 surefire8663317882562309461tmp surefire_0359292655993015391tmp, java.home=C:\Program Files\Java\jdk1.8.0_101\jre, sun.arch.data.model=64, user.language=en, java.specification.vendor=Oracle Corporation, awt.toolkit=sun.awt.windows.WToolkit, java.vm.info=mixed mode, java.version=1.8.0_101, java.ext.dirs=C:\Program Files\Java\jdk1.8.0_101\jre\lib\ext;C:\WINDOWS\Sun\Java\lib\ext, sun.boot.class.path=C:\Program Files\Java\jdk1.8.0_101\jre\lib\resources.jar;C:\Program Files\Java\jdk1.8.0_101\jre\lib\rt.jar;C:\Program Files\Java\jdk1.8.0_101\jre\lib\sunrsasign.jar;C:\Program Files\Java\jdk1.8.0_101\jre\lib\jsse.jar;C:\Program Files\Java\jdk1.8.0_101\jre\lib\jce.jar;C:\Program Files\Java\jdk1.8.0_101\jre\lib\charsets.jar;C:\Program Files\Java\jdk1.8.0_101\jre\lib\jfr.jar;C:\Program Files\Java\jdk1.8.0_101\jre\classes, java.vendor=Oracle Corporation, localRepository=C:\Users\User\.m2\repository, file.separator=\, java.vendor.url.bug=http://bugreport.sun.com/bugreport/, sun.io.unicode.encoding=UnicodeLittle, sun.cpu.endian=little, sun.desktop=windows, sun.cpu.isalist=amd64}}, SystemEnvironmentPropertySource@950698351 {name='systemEnvironment', properties={PATH=C:/Program Files/Java/jre1.8.0_101/bin/server;C:/Program Files/Java/jre1.8.0_101/bin;C:/Program Files/Java/jre1.8.0_101/lib/amd64;C:\Program Files\Microsoft MPI\Bin\;C:\ProgramData\Oracle\Java\javapath;C:\Program Files (x86)\Intel\iCLS Client\;C:\Program Files\Intel\iCLS Client\;C:\WINDOWS\system32;C:\WINDOWS;C:\WINDOWS\System32\Wbem;C:\WINDOWS\System32\WindowsPowerShell\v1.0\;C:\Program Files (x86)\Intel\OpenCL SDK\2.0\bin\x86;C:\Program Files (x86)\Intel\OpenCL SDK\2.0\bin\x64;C:\Program Files (x86)\Intel\Intel(R) Management Engine Components\DAL;C:\Program Files\Intel\Intel(R) Management Engine Components\DAL;C:\Program Files (x86)\Intel\Intel(R) Management Engine Components\IPT;C:\Program Files\Intel\Intel(R) Management Engine Components\IPT;C:\Program Files\Microsoft SQL Server\Client SDK\ODBC\130\Tools\Binn\;C:\Program Files (x86)\Microsoft SQL Server\130\Tools\Binn\;C:\Program Files\Microsoft SQL Server\130\Tools\Binn\;C:\Program Files\Microsoft SQL Server\130\DTS\Binn\;C:\WINDOWS\system32\config\systemprofile\.dnx\bin;C:\Program Files\Microsoft DNX\Dnvm\;C:\Program Files\Microsoft SQL Server\120\Tools\Binn\;C:\Program Files (x86)\Microsoft SQL Server\130\DTS\Binn\;C:\Program Files (x86)\Microsoft SQL Server\Client SDK\ODBC\130\Tools\Binn\;C:\Program Files (x86)\Microsoft SQL Server\140\Tools\Binn\;C:\Program Files (x86)\Microsoft SQL Server\140\DTS\Binn\;C:\Program Files (x86)\Microsoft SQL Server\140\Tools\Binn\ManagementStudio\;C:\Program Files\nodejs\;C:\Users\User\AppData\Local\Microsoft\WindowsApps;C:\Users\User\AppData\Roaming\npm;C:\Users\User\Downloads\Compressed\apache-maven-3.5.2-bin\bin;;C:\Users\User\Desktop;, USERDOMAIN_ROAMINGPROFILE=BOOTCAMP21, PROCESSOR_LEVEL=6, SYSTEMDRIVE=C:, FP_NO_HOST_CHECK=NO, VS140COMNTOOLS=C:\Program Files (x86)\Microsoft Visual Studio 14.0\Common7\Tools\, SESSIONNAME=Console, ALLUSERSPROFILE=C:\ProgramData, PROCESSOR_ARCHITECTURE=AMD64, PROGRAMFILES=C:\Program Files, PSMODULEPATH=C:\WINDOWS\system32\WindowsPowerShell\v1.0\Modules\;C:\Program Files (x86)\Microsoft SQL Server\130\Tools\PowerShell\Modules\, BUNIFUFRAMEWORK.STAT.LASTSEEN=fmzS/Ho+IoSS5OTBflblU8c3HzFTRkhajg5fU6CSrkk=, PROGRAMDATA=C:\ProgramData, USERNAME=User, BUNIFUFRAMEWORK.DAYS=0duHBvINw4Op2KTFbpUotw==, FPS_BROWSER_USER_PROFILE_STRING=Default, ONEDRIVE=C:\Users\User\OneDrive, PATHEXT=.COM;.EXE;.BAT;.CMD;.VBS;.VBE;.JS;.JSE;.WSF;.WSH;.MSC, BUNIFUFRAMEWORK.EMAIL=mGUPnPVXj5d3E9drz1A8FLXNFm7J1JCeUwWgwGOzjGc=, WINDIR=C:\WINDOWS, BUNIFUFRAMEWORK.LASTSEEN=636447074321285198, HOMEPATH=\Users\User, PROCESSOR_IDENTIFIER=Intel64 Family 6 Model 42 Stepping 7, GenuineIntel, WINDOWS_TRACING_LOGFILE=C:\BVTBin\Tests\installpackage\csilogfile.log, POWERMGRPATH=C:\Program Files (x86)\Lenovo\PowerMgr, PUBLIC=C:\Users\Public, =::=::\, BUNIFUFRAMEWORK.DATE=jkzeHe5wD599DGtvVyrBpbJwDbeNv48T1ejJFEWjBFY=, LOCALAPPDATA=C:\Users\User\AppData\Local, MSMPI_BIN=C:\Program Files\Microsoft MPI\Bin\, COMMONPROGRAMFILES(X86)=C:\Program Files (x86)\Common Files, USERDOMAIN=BOOTCAMP21, FPS_BROWSER_APP_PROFILE_STRING=Internet Explorer, LOGONSERVER=\\BOOTCAMP21, JAVA_HOME=C:\Program Files\Java\jdk1.8.0_101, PROMPT=$P$G, PROGRAMFILES(X86)=C:\Program Files (x86), BUNIFUFRAMEWORK.TOKEN=UGOrZyGFaaO21RU7PlCXi+vMfZLGVGzWUSJTv4ZvJBIhnZWaZJSadubkcCwXwcbd, WINDOWS_TRACING_FLAGS=3, =C:=C:\Users\User\eclipse-workspace\ubereats, APPDATA=C:\Users\User\AppData\Roaming, BUNIFUFRAMEWORK.KEY=nAZJ8F+cydbCwvRMj8OsZg==, BUNIFUFRAMEWORK.STAT.LANG=nAZJ8F+cydbCwvRMj8OsZg==, PROGRAMW6432=C:\Program Files, SYSTEMROOT=C:\WINDOWS, OS=Windows_NT, COMMONPROGRAMW6432=C:\Program Files\Common Files, COMPUTERNAME=BOOTCAMP21, COMMONPROGRAMFILES=C:\Program Files\Common Files, COMSPEC=C:\WINDOWS\system32\cmd.exe, PROCESSOR_REVISION=2a07, TEMP=C:\Users\User\AppData\Local\Temp, HOMEDRIVE=C:, USERPROFILE=C:\Users\User, BUNIFUFRAMEWORK.PRODUCT=4sRIJSTJEkYJGZ64wANVf3y9QltOzNrpTfKG9hlAoYk=, BUNIFUFRAMEWORK.STAT.PROJECTS=Tie3I6MrSIlpbrv07eZY2g==, TMP=C:\Users\User\AppData\Local\Temp, MYSQLCONNECTOR_ASSEMBLIESPATH=C:\Program Files (x86)\MySQL\Connector.NET 6.9\Assemblies\v4.5, BUNIFUFRAMEWORK.EXPIRY=w+4bkfaGBJg/jhWvDZs7zcMVNs56mAG3ebOuBofdnjs=, NUMBER_OF_PROCESSORS=4}}]
15:04:32.844 [main] DEBUG org.springframework.beans.factory.support.DefaultListableBeanFactory - Creating shared instance of singleton bean 'org.springframework.boot.autoconfigure.AutoConfigurationPackages'
15:04:32.844 [main] DEBUG org.springframework.beans.factory.support.DefaultListableBeanFactory - Creating instance of bean 'org.springframework.boot.autoconfigure.AutoConfigurationPackages'
15:04:32.844 [main] DEBUG org.springframework.beans.factory.support.DefaultListableBeanFactory - Eagerly caching bean 'org.springframework.boot.autoconfigure.AutoConfigurationPackages' to allow for resolving potential circular references
15:04:32.844 [main] DEBUG org.springframework.beans.factory.support.DefaultListableBeanFactory - Finished creating instance of bean 'org.springframework.boot.autoconfigure.AutoConfigurationPackages'
15:04:32.845 [main] DEBUG org.springframework.boot.autoconfigure.AutoConfigurationPackages - @EnableAutoConfiguration was declared on a class in the package 'org.reverside.bootcamp.ubereats'. Automatic @Repository and @Entity scanning is enabled.
15:04:32.847 [main] DEBUG org.springframework.core.io.support.PathMatchingResourcePatternResolver - Resolved classpath location [org/reverside/bootcamp/ubereats/] to resources [URL [file:/C:/Users/User/eclipse-workspace/ubereats/target/test-classes/org/reverside/bootcamp/ubereats/], URL [file:/C:/Users/User/eclipse-workspace/ubereats/target/classes/org/reverside/bootcamp/ubereats/]]
15:04:32.847 [main] DEBUG org.springframework.core.io.support.PathMatchingResourcePatternResolver - Looking for matching resources in directory tree [C:\Users\User\eclipse-workspace\ubereats\target\test-classes\org\reverside\bootcamp\ubereats]
15:04:32.848 [main] DEBUG org.springframework.core.io.support.PathMatchingResourcePatternResolver - Searching directory [C:\Users\User\eclipse-workspace\ubereats\target\test-classes\org\reverside\bootcamp\ubereats] for files matching pattern [C:/Users/User/eclipse-workspace/ubereats/target/test-classes/org/reverside/bootcamp/ubereats/**/*.class]
15:04:32.849 [main] DEBUG org.springframework.core.io.support.PathMatchingResourcePatternResolver - Searching directory [C:\Users\User\eclipse-workspace\ubereats\target\test-classes\org\reverside\bootcamp\ubereats\test] for files matching pattern [C:/Users/User/eclipse-workspace/ubereats/target/test-classes/org/reverside/bootcamp/ubereats/**/*.class]
15:04:32.851 [main] DEBUG org.springframework.core.io.support.PathMatchingResourcePatternResolver - Looking for matching resources in directory tree [C:\Users\User\eclipse-workspace\ubereats\target\classes\org\reverside\bootcamp\ubereats]
15:04:32.851 [main] DEBUG org.springframework.core.io.support.PathMatchingResourcePatternResolver - Searching directory [C:\Users\User\eclipse-workspace\ubereats\target\classes\org\reverside\bootcamp\ubereats] for files matching pattern [C:/Users/User/eclipse-workspace/ubereats/target/classes/org/reverside/bootcamp/ubereats/**/*.class]
15:04:32.852 [main] DEBUG org.springframework.core.io.support.PathMatchingResourcePatternResolver - Searching directory [C:\Users\User\eclipse-workspace\ubereats\target\classes\org\reverside\bootcamp\ubereats\config] for files matching pattern [C:/Users/User/eclipse-workspace/ubereats/target/classes/org/reverside/bootcamp/ubereats/**/*.class]
15:04:32.854 [main] DEBUG org.springframework.core.io.support.PathMatchingResourcePatternResolver - Searching directory [C:\Users\User\eclipse-workspace\ubereats\target\classes\org\reverside\bootcamp\ubereats\controller] for files matching pattern [C:/Users/User/eclipse-workspace/ubereats/target/classes/org/reverside/bootcamp/ubereats/**/*.class]
15:04:32.856 [main] DEBUG org.springframework.core.io.support.PathMatchingResourcePatternResolver - Searching directory [C:\Users\User\eclipse-workspace\ubereats\target\classes\org\reverside\bootcamp\ubereats\dto] for files matching pattern [C:/Users/User/eclipse-workspace/ubereats/target/classes/org/reverside/bootcamp/ubereats/**/*.class]
15:04:32.861 [main] DEBUG org.springframework.core.io.support.PathMatchingResourcePatternResolver - Searching directory [C:\Users\User\eclipse-workspace\ubereats\target\classes\org\reverside\bootcamp\ubereats\repository] for files matching pattern [C:/Users/User/eclipse-workspace/ubereats/target/classes/org/reverside/bootcamp/ubereats/**/*.class]
15:04:32.863 [main] DEBUG org.springframework.core.io.support.PathMatchingResourcePatternResolver - Searching directory [C:\Users\User\eclipse-workspace\ubereats\target\classes\org\reverside\bootcamp\ubereats\repositoryImpl] for files matching pattern [C:/Users/User/eclipse-workspace/ubereats/target/classes/org/reverside/bootcamp/ubereats/**/*.class]
15:04:32.865 [main] DEBUG org.springframework.core.io.support.PathMatchingResourcePatternResolver - Searching directory [C:\Users\User\eclipse-workspace\ubereats\target\classes\org\reverside\bootcamp\ubereats\service] for files matching pattern [C:/Users/User/eclipse-workspace/ubereats/target/classes/org/reverside/bootcamp/ubereats/**/*.class]
15:04:32.866 [main] DEBUG org.springframework.core.io.support.PathMatchingResourcePatternResolver - Searching directory [C:\Users\User\eclipse-workspace\ubereats\target\classes\org\reverside\bootcamp\ubereats\serviceImpl] for files matching pattern [C:/Users/User/eclipse-workspace/ubereats/target/classes/org/reverside/bootcamp/ubereats/**/*.class]
15:04:32.869 [main] DEBUG org.springframework.core.io.support.PathMatchingResourcePatternResolver - Resolved location pattern [classpath*:org/reverside/bootcamp/ubereats/**/*.class] to resources [file [C:\Users\User\eclipse-workspace\ubereats\target\test-classes\org\reverside\bootcamp\ubereats\AppTest.class], file [C:\Users\User\eclipse-workspace\ubereats\target\test-classes\org\reverside\bootcamp\ubereats\test\CategoryTestCase.class], file [C:\Users\User\eclipse-workspace\ubereats\target\test-classes\org\reverside\bootcamp\ubereats\test\FoodOutletTestCase.class], file [C:\Users\User\eclipse-workspace\ubereats\target\test-classes\org\reverside\bootcamp\ubereats\test\ProductTestCase.class], file [C:\Users\User\eclipse-workspace\ubereats\target\test-classes\org\reverside\bootcamp\ubereats\test\UserTestCase.class], file [C:\Users\User\eclipse-workspace\ubereats\target\classes\org\reverside\bootcamp\ubereats\App.class], file [C:\Users\User\eclipse-workspace\ubereats\target\classes\org\reverside\bootcamp\ubereats\config\HibernateConfig.class], file [C:\Users\User\eclipse-workspace\ubereats\target\classes\org\reverside\bootcamp\ubereats\config\package-info.class], file [C:\Users\User\eclipse-workspace\ubereats\target\classes\org\reverside\bootcamp\ubereats\controller\JsonDataController.class], file [C:\Users\User\eclipse-workspace\ubereats\target\classes\org\reverside\bootcamp\ubereats\controller\UserController.class], file [C:\Users\User\eclipse-workspace\ubereats\target\classes\org\reverside\bootcamp\ubereats\controller\WebController.class], file [C:\Users\User\eclipse-workspace\ubereats\target\classes\org\reverside\bootcamp\ubereats\dto\Account.class], file [C:\Users\User\eclipse-workspace\ubereats\target\classes\org\reverside\bootcamp\ubereats\dto\Admin.class], file [C:\Users\User\eclipse-workspace\ubereats\target\classes\org\reverside\bootcamp\ubereats\dto\Cart.class], file [C:\Users\User\eclipse-workspace\ubereats\target\classes\org\reverside\bootcamp\ubereats\dto\CartItem.class], file [C:\Users\User\eclipse-workspace\ubereats\target\classes\org\reverside\bootcamp\ubereats\dto\Category.class], file [C:\Users\User\eclipse-workspace\ubereats\target\classes\org\reverside\bootcamp\ubereats\dto\Delivery.class], file [C:\Users\User\eclipse-workspace\ubereats\target\classes\org\reverside\bootcamp\ubereats\dto\Driver.class], file [C:\Users\User\eclipse-workspace\ubereats\target\classes\org\reverside\bootcamp\ubereats\dto\FoodOutlet.class], file [C:\Users\User\eclipse-workspace\ubereats\target\classes\org\reverside\bootcamp\ubereats\dto\Menu.class], file [C:\Users\User\eclipse-workspace\ubereats\target\classes\org\reverside\bootcamp\ubereats\dto\Product.class], file [C:\Users\User\eclipse-workspace\ubereats\target\classes\org\reverside\bootcamp\ubereats\dto\Role.class], file [C:\Users\User\eclipse-workspace\ubereats\target\classes\org\reverside\bootcamp\ubereats\dto\User.class], file [C:\Users\User\eclipse-workspace\ubereats\target\classes\org\reverside\bootcamp\ubereats\repository\AdminDAO.class], file [C:\Users\User\eclipse-workspace\ubereats\target\classes\org\reverside\bootcamp\ubereats\repository\CategoryDAO.class], file [C:\Users\User\eclipse-workspace\ubereats\target\classes\org\reverside\bootcamp\ubereats\repository\CustomerDAO.class], file [C:\Users\User\eclipse-workspace\ubereats\target\classes\org\reverside\bootcamp\ubereats\repository\FoodOutletDAO.class], file [C:\Users\User\eclipse-workspace\ubereats\target\classes\org\reverside\bootcamp\ubereats\repository\ProductDAO.class], file [C:\Users\User\eclipse-workspace\ubereats\target\classes\org\reverside\bootcamp\ubereats\repository\UserDAO.class], file [C:\Users\User\eclipse-workspace\ubereats\target\classes\org\reverside\bootcamp\ubereats\repositoryImpl\CategoryDaoImpl.class], file [C:\Users\User\eclipse-workspace\ubereats\target\classes\org\reverside\bootcamp\ubereats\repositoryImpl\FoodOutletDaoImpl.class], file [C:\Users\User\eclipse-workspace\ubereats\target\classes\org\reverside\bootcamp\ubereats\repositoryImpl\ProductDaoImpl.class], file [C:\Users\User\eclipse-workspace\ubereats\target\classes\org\reverside\bootcamp\ubereats\repositoryImpl\UserDaoImpl.class]]
15:04:32.880 [main] DEBUG org.springframework.beans.factory.support.DefaultListableBeanFactory - Returning cached instance of singleton bean 'autoConfigurationReport'
15:04:32.881 [main] DEBUG org.springframework.beans.factory.support.DefaultListableBeanFactory - Returning cached instance of singleton bean 'autoConfigurationReport'
15:04:32.882 [main] DEBUG org.springframework.context.annotation.ConfigurationClassBeanDefinitionReader - Registered bean definition for imported class 'org.springframework.boot.autoconfigure.http.HttpMessageConvertersAutoConfiguration$StringHttpMessageConverterConfiguration'
15:04:32.883 [main] DEBUG org.springframework.beans.factory.support.DefaultListableBeanFactory - Returning cached instance of singleton bean 'org.springframework.boot.autoconfigure.condition.BeanTypeRegistry'
15:04:32.887 [main] DEBUG org.springframework.beans.factory.support.DefaultListableBeanFactory - Returning cached instance of singleton bean 'autoConfigurationReport'
15:04:32.887 [main] DEBUG org.springframework.context.annotation.ConfigurationClassBeanDefinitionReader - Registering bean definition for @Bean method org.springframework.boot.autoconfigure.http.HttpMessageConvertersAutoConfiguration$StringHttpMessageConverterConfiguration.stringHttpMessageConverter()
15:04:32.888 [main] DEBUG org.springframework.beans.factory.support.DefaultListableBeanFactory - Returning cached instance of singleton bean 'autoConfigurationReport'
15:04:32.888 [main] DEBUG org.springframework.beans.factory.support.DefaultListableBeanFactory - Returning cached instance of singleton bean 'autoConfigurationReport'
15:04:32.888 [main] DEBUG org.springframework.beans.factory.support.DefaultListableBeanFactory - Returning cached instance of singleton bean 'org.springframework.boot.autoconfigure.condition.BeanTypeRegistry'
15:04:32.889 [main] DEBUG org.springframework.beans.factory.support.DefaultListableBeanFactory - Returning cached instance of singleton bean 'autoConfigurationReport'
15:04:32.889 [main] DEBUG org.springframework.context.annotation.ConfigurationClassBeanDefinitionReader - Registered bean definition for imported class 'org.springframework.boot.autoconfigure.http.JacksonHttpMessageConvertersConfiguration$MappingJackson2HttpMessageConverterConfiguration'
15:04:32.892 [main] DEBUG org.springframework.beans.factory.support.DefaultListableBeanFactory - Returning cached instance of singleton bean 'org.springframework.boot.autoconfigure.condition.BeanTypeRegistry'
15:04:32.893 [main] DEBUG org.springframework.beans.factory.support.DefaultListableBeanFactory - Returning cached instance of singleton bean 'autoConfigurationReport'
15:04:32.894 [main] DEBUG org.springframework.context.annotation.ConfigurationClassBeanDefinitionReader - Registering bean definition for @Bean method org.springframework.boot.autoconfigure.http.JacksonHttpMessageConvertersConfiguration$MappingJackson2HttpMessageConverterConfiguration.mappingJackson2HttpMessageConverter()
15:04:32.894 [main] DEBUG org.springframework.context.annotation.ConfigurationClassBeanDefinitionReader - Registered bean definition for imported class 'org.springframework.boot.autoconfigure.http.JacksonHttpMessageConvertersConfiguration'
15:04:32.896 [main] DEBUG org.springframework.context.annotation.ConfigurationClassBeanDefinitionReader - Registered bean definition for imported class 'org.springframework.boot.autoconfigure.http.HttpMessageConvertersAutoConfiguration'
15:04:32.897 [main] DEBUG org.springframework.beans.factory.support.DefaultListableBeanFactory - Returning cached instance of singleton bean 'org.springframework.boot.autoconfigure.condition.BeanTypeRegistry'
15:04:32.898 [main] DEBUG org.springframework.beans.factory.support.DefaultListableBeanFactory - Returning cached instance of singleton bean 'autoConfigurationReport'
15:04:32.898 [main] DEBUG org.springframework.context.annotation.ConfigurationClassBeanDefinitionReader - Registering bean definition for @Bean method org.springframework.boot.autoconfigure.http.HttpMessageConvertersAutoConfiguration.messageConverters()
15:04:32.899 [main] DEBUG org.springframework.context.annotation.ConfigurationClassBeanDefinitionReader - Registered bean definition for imported class 'org.springframework.boot.autoconfigure.info.ProjectInfoAutoConfiguration'
15:04:32.900 [main] DEBUG org.springframework.core.env.PropertySourcesPropertyResolver - Could not find key 'spring.info.git.location' in any property source
15:04:32.900 [main] DEBUG org.springframework.beans.factory.support.DefaultListableBeanFactory - Returning cached instance of singleton bean 'autoConfigurationReport'
15:04:32.901 [main] DEBUG org.springframework.core.env.PropertySourcesPropertyResolver - Could not find key 'spring.info.build.location:classpath:META-INF/build-info.properties' in any property source
15:04:32.901 [main] DEBUG org.springframework.core.env.PropertySourcesPropertyResolver - Could not find key 'spring.info.build.location' in any property source
15:04:32.902 [main] DEBUG org.springframework.beans.factory.support.DefaultListableBeanFactory - Returning cached instance of singleton bean 'autoConfigurationReport'
15:04:32.903 [main] DEBUG org.springframework.beans.factory.support.DefaultListableBeanFactory - Returning cached instance of singleton bean 'autoConfigurationReport'
15:04:32.903 [main] DEBUG org.springframework.beans.factory.support.DefaultListableBeanFactory - Returning cached instance of singleton bean 'org.springframework.boot.autoconfigure.condition.BeanTypeRegistry'
15:04:32.905 [main] DEBUG org.springframework.beans.factory.support.DefaultListableBeanFactory - Returning cached instance of singleton bean 'autoConfigurationReport'
15:04:32.905 [main] DEBUG org.springframework.context.annotation.ConfigurationClassBeanDefinitionReader - Registered bean definition for imported class 'org.springframework.boot.autoconfigure.jdbc.DataSourceTransactionManagerAutoConfiguration$DataSourceTransactionManagerConfiguration'
15:04:32.905 [main] DEBUG org.springframework.beans.factory.support.DefaultListableBeanFactory - Returning cached instance of singleton bean 'org.springframework.boot.autoconfigure.condition.BeanTypeRegistry'
15:04:32.906 [main] DEBUG org.springframework.beans.factory.support.DefaultListableBeanFactory - Returning cached instance of singleton bean 'autoConfigurationReport'
15:04:32.907 [main] DEBUG org.springframework.context.annotation.ConfigurationClassBeanDefinitionReader - Registered bean definition for imported class 'org.springframework.boot.autoconfigure.jdbc.DataSourceTransactionManagerAutoConfiguration'
15:04:32.907 [main] DEBUG org.springframework.beans.factory.support.DefaultListableBeanFactory - Returning cached instance of singleton bean 'autoConfigurationReport'
15:04:32.907 [main] DEBUG org.springframework.beans.factory.support.DefaultListableBeanFactory - Returning cached instance of singleton bean 'org.springframework.boot.autoconfigure.condition.BeanTypeRegistry'
15:04:32.908 [main] DEBUG org.springframework.beans.factory.support.DefaultListableBeanFactory - Returning cached instance of singleton bean 'org.springframework.boot.autoconfigure.condition.BeanTypeRegistry'
15:04:32.908 [main] DEBUG org.springframework.beans.factory.support.DefaultListableBeanFactory - Returning cached instance of singleton bean 'autoConfigurationReport'
15:04:32.908 [main] DEBUG org.springframework.beans.factory.support.DefaultListableBeanFactory - Returning cached instance of singleton bean 'org.springframework.boot.autoconfigure.condition.BeanTypeRegistry'
15:04:32.909 [main] DEBUG org.springframework.beans.factory.support.DefaultListableBeanFactory - Returning cached instance of singleton bean 'autoConfigurationReport'
15:04:32.909 [main] DEBUG org.springframework.context.annotation.ConfigurationClassBeanDefinitionReader - Registered bean definition for imported class 'org.springframework.boot.autoconfigure.transaction.TransactionAutoConfiguration$TransactionTemplateConfiguration'
15:04:32.911 [main] DEBUG org.springframework.beans.factory.support.DefaultListableBeanFactory - Returning cached instance of singleton bean 'org.springframework.boot.autoconfigure.condition.BeanTypeRegistry'
15:04:32.911 [main] DEBUG org.springframework.beans.factory.support.DefaultListableBeanFactory - Returning cached instance of singleton bean 'autoConfigurationReport'
15:04:32.912 [main] DEBUG org.springframework.context.annotation.ConfigurationClassBeanDefinitionReader - Registering bean definition for @Bean method org.springframework.boot.autoconfigure.transaction.TransactionAutoConfiguration$TransactionTemplateConfiguration.transactionTemplate()
15:04:32.914 [main] DEBUG org.springframework.context.annotation.ConfigurationClassBeanDefinitionReader - Registered bean definition for imported class 'org.springframework.boot.autoconfigure.transaction.TransactionAutoConfiguration'
15:04:32.916 [main] DEBUG org.springframework.beans.factory.support.DefaultListableBeanFactory - Returning cached instance of singleton bean 'org.springframework.boot.autoconfigure.condition.BeanTypeRegistry'
15:04:32.917 [main] DEBUG org.springframework.beans.factory.support.DefaultListableBeanFactory - Returning cached instance of singleton bean 'autoConfigurationReport'
15:04:32.917 [main] DEBUG org.springframework.context.annotation.ConfigurationClassBeanDefinitionReader - Registering bean definition for @Bean method org.springframework.boot.autoconfigure.transaction.TransactionAutoConfiguration.platformTransactionManagerCustomizers()
15:04:32.919 [main] DEBUG org.springframework.context.annotation.ConfigurationClassBeanDefinitionReader - Registered bean definition for imported class 'org.springframework.boot.autoconfigure.security.reactive.ReactiveSecurityAutoConfiguration'
15:04:32.920 [main] DEBUG org.springframework.beans.factory.support.DefaultListableBeanFactory - Returning cached instance of singleton bean 'autoConfigurationReport'
15:04:32.920 [main] DEBUG org.springframework.context.annotation.ConfigurationClassBeanDefinitionReader - Registered bean definition for imported class 'org.springframework.boot.autoconfigure.web.client.RestTemplateAutoConfiguration'
15:04:32.921 [main] DEBUG org.springframework.beans.factory.support.DefaultListableBeanFactory - Returning cached instance of singleton bean 'org.springframework.boot.autoconfigure.condition.BeanTypeRegistry'
15:04:32.923 [main] DEBUG org.springframework.beans.factory.support.DefaultListableBeanFactory - Returning cached instance of singleton bean 'autoConfigurationReport'
15:04:32.923 [main] DEBUG org.springframework.context.annotation.ConfigurationClassBeanDefinitionReader - Registering bean definition for @Bean method org.springframework.boot.autoconfigure.web.client.RestTemplateAutoConfiguration.restTemplateBuilder()
15:04:32.923 [main] DEBUG org.springframework.beans.factory.support.DefaultListableBeanFactory - Returning cached instance of singleton bean 'autoConfigurationReport'
15:04:32.924 [main] DEBUG org.springframework.context.annotation.ConfigurationClassBeanDefinitionReader - Registered bean definition for imported class 'org.springframework.boot.autoconfigure.web.embedded.EmbeddedWebServerFactoryCustomizerAutoConfiguration$TomcatWebServerFactoryCustomizerConfiguration'
15:04:32.924 [main] DEBUG org.springframework.context.annotation.ConfigurationClassBeanDefinitionReader - Registering bean definition for @Bean method org.springframework.boot.autoconfigure.web.embedded.EmbeddedWebServerFactoryCustomizerAutoConfiguration$TomcatWebServerFactoryCustomizerConfiguration.tomcatWebServerFactoryCustomizer()
15:04:32.925 [main] DEBUG org.springframework.context.annotation.ConfigurationClassBeanDefinitionReader - Registered bean definition for imported class 'org.springframework.boot.autoconfigure.web.embedded.EmbeddedWebServerFactoryCustomizerAutoConfiguration'
15:04:32.929 [main] DEBUG org.springframework.beans.factory.support.DefaultListableBeanFactory - Returning cached instance of singleton bean 'autoConfigurationReport'
15:04:33.090 [main] DEBUG org.springframework.context.annotation.ConfigurationClassEnhancer - Successfully enhanced org.reverside.bootcamp.ubereats.App; enhanced class name is: org.reverside.bootcamp.ubereats.App$$EnhancerBySpringCGLIB$$9361df4e
15:04:33.090 [main] DEBUG org.springframework.context.annotation.ConfigurationClassPostProcessor - Replacing bean definition 'app' existing class 'org.reverside.bootcamp.ubereats.App' with enhanced class 'org.reverside.bootcamp.ubereats.App$$EnhancerBySpringCGLIB$$9361df4e'
15:04:33.096 [main] DEBUG org.springframework.context.annotation.ConfigurationClassEnhancer - Successfully enhanced org.reverside.bootcamp.ubereats.config.HibernateConfig; enhanced class name is: org.reverside.bootcamp.ubereats.config.HibernateConfig$$EnhancerBySpringCGLIB$$b7d279d3
15:04:33.096 [main] DEBUG org.springframework.context.annotation.ConfigurationClassPostProcessor - Replacing bean definition 'hibernateConfig' existing class 'org.reverside.bootcamp.ubereats.config.HibernateConfig' with enhanced class 'org.reverside.bootcamp.ubereats.config.HibernateConfig$$EnhancerBySpringCGLIB$$b7d279d3'
15:04:33.104 [main] DEBUG org.springframework.context.annotation.ConfigurationClassEnhancer - Successfully enhanced org.springframework.transaction.annotation.ProxyTransactionManagementConfiguration; enhanced class name is: org.springframework.transaction.annotation.ProxyTransactionManagementConfiguration$$EnhancerBySpringCGLIB$$c1387637
15:04:33.104 [main] DEBUG org.springframework.context.annotation.ConfigurationClassPostProcessor - Replacing bean definition 'org.springframework.transaction.annotation.ProxyTransactionManagementConfiguration' existing class 'org.springframework.transaction.annotation.ProxyTransactionManagementConfiguration' with enhanced class 'org.springframework.transaction.annotation.ProxyTransactionManagementConfiguration$$EnhancerBySpringCGLIB$$c1387637'
15:04:33.107 [main] DEBUG org.springframework.context.annotation.ConfigurationClassEnhancer - Successfully enhanced org.springframework.boot.autoconfigure.context.PropertyPlaceholderAutoConfiguration; enhanced class name is: org.springframework.boot.autoconfigure.context.PropertyPlaceholderAutoConfiguration$$EnhancerBySpringCGLIB$$c1eee870
15:04:33.107 [main] DEBUG org.springframework.context.annotation.ConfigurationClassPostProcessor - Replacing bean definition 'org.springframework.boot.autoconfigure.context.PropertyPlaceholderAutoConfiguration' existing class 'org.springframework.boot.autoconfigure.context.PropertyPlaceholderAutoConfiguration' with enhanced class 'org.springframework.boot.autoconfigure.context.PropertyPlaceholderAutoConfiguration$$EnhancerBySpringCGLIB$$c1eee870'
15:04:33.111 [main] DEBUG org.springframework.context.annotation.ConfigurationClassEnhancer - Successfully enhanced org.springframework.boot.autoconfigure.jackson.JacksonAutoConfiguration$Jackson2ObjectMapperBuilderCustomizerConfiguration; enhanced class name is: org.springframework.boot.autoconfigure.jackson.JacksonAutoConfiguration$Jackson2ObjectMapperBuilderCustomizerConfiguration$$EnhancerBySpringCGLIB$$8a2f9dd0
15:04:33.111 [main] DEBUG org.springframework.context.annotation.ConfigurationClassPostProcessor - Replacing bean definition 'org.springframework.boot.autoconfigure.jackson.JacksonAutoConfiguration$Jackson2ObjectMapperBuilderCustomizerConfiguration' existing class 'org.springframework.boot.autoconfigure.jackson.JacksonAutoConfiguration$Jackson2ObjectMapperBuilderCustomizerConfiguration' with enhanced class 'org.springframework.boot.autoconfigure.jackson.JacksonAutoConfiguration$Jackson2ObjectMapperBuilderCustomizerConfiguration$$EnhancerBySpringCGLIB$$8a2f9dd0'
15:04:33.115 [main] DEBUG org.springframework.context.annotation.ConfigurationClassEnhancer - Successfully enhanced org.springframework.boot.autoconfigure.jackson.JacksonAutoConfiguration$JacksonObjectMapperBuilderConfiguration; enhanced class name is: org.springframework.boot.autoconfigure.jackson.JacksonAutoConfiguration$JacksonObjectMapperBuilderConfiguration$$EnhancerBySpringCGLIB$$cf18b7e1
15:04:33.115 [main] DEBUG org.springframework.context.annotation.ConfigurationClassPostProcessor - Replacing bean definition 'org.springframework.boot.autoconfigure.jackson.JacksonAutoConfiguration$JacksonObjectMapperBuilderConfiguration' existing class 'org.springframework.boot.autoconfigure.jackson.JacksonAutoConfiguration$JacksonObjectMapperBuilderConfiguration' with enhanced class 'org.springframework.boot.autoconfigure.jackson.JacksonAutoConfiguration$JacksonObjectMapperBuilderConfiguration$$EnhancerBySpringCGLIB$$cf18b7e1'
15:04:33.118 [main] DEBUG org.springframework.context.annotation.ConfigurationClassEnhancer - Successfully enhanced org.springframework.boot.autoconfigure.jackson.JacksonAutoConfiguration$ParameterNamesModuleConfiguration; enhanced class name is: org.springframework.boot.autoconfigure.jackson.JacksonAutoConfiguration$ParameterNamesModuleConfiguration$$EnhancerBySpringCGLIB$$b0fb14fe
15:04:33.118 [main] DEBUG org.springframework.context.annotation.ConfigurationClassPostProcessor - Replacing bean definition 'org.springframework.boot.autoconfigure.jackson.JacksonAutoConfiguration$ParameterNamesModuleConfiguration' existing class 'org.springframework.boot.autoconfigure.jackson.JacksonAutoConfiguration$ParameterNamesModuleConfiguration' with enhanced class 'org.springframework.boot.autoconfigure.jackson.JacksonAutoConfiguration$ParameterNamesModuleConfiguration$$EnhancerBySpringCGLIB$$b0fb14fe'
15:04:33.123 [main] DEBUG org.springframework.context.annotation.ConfigurationClassEnhancer - Successfully enhanced org.springframework.boot.autoconfigure.jackson.JacksonAutoConfiguration$JacksonObjectMapperConfiguration; enhanced class name is: org.springframework.boot.autoconfigure.jackson.JacksonAutoConfiguration$JacksonObjectMapperConfiguration$$EnhancerBySpringCGLIB$$1ccbf5c8
15:04:33.123 [main] DEBUG org.springframework.context.annotation.ConfigurationClassPostProcessor - Replacing bean definition 'org.springframework.boot.autoconfigure.jackson.JacksonAutoConfiguration$JacksonObjectMapperConfiguration' existing class 'org.springframework.boot.autoconfigure.jackson.JacksonAutoConfiguration$JacksonObjectMapperConfiguration' with enhanced class 'org.springframework.boot.autoconfigure.jackson.JacksonAutoConfiguration$JacksonObjectMapperConfiguration$$EnhancerBySpringCGLIB$$1ccbf5c8'
15:04:33.129 [main] DEBUG org.springframework.context.annotation.ConfigurationClassEnhancer - Successfully enhanced org.springframework.boot.autoconfigure.jackson.JacksonAutoConfiguration; enhanced class name is: org.springframework.boot.autoconfigure.jackson.JacksonAutoConfiguration$$EnhancerBySpringCGLIB$$fed79357
15:04:33.129 [main] DEBUG org.springframework.context.annotation.ConfigurationClassPostProcessor - Replacing bean definition 'org.springframework.boot.autoconfigure.jackson.JacksonAutoConfiguration' existing class 'org.springframework.boot.autoconfigure.jackson.JacksonAutoConfiguration' with enhanced class 'org.springframework.boot.autoconfigure.jackson.JacksonAutoConfiguration$$EnhancerBySpringCGLIB$$fed79357'
15:04:33.135 [main] DEBUG org.springframework.context.annotation.ConfigurationClassEnhancer - Successfully enhanced org.springframework.boot.autoconfigure.http.codec.CodecsAutoConfiguration$JacksonCodecConfiguration; enhanced class name is: org.springframework.boot.autoconfigure.http.codec.CodecsAutoConfiguration$JacksonCodecConfiguration$$EnhancerBySpringCGLIB$$29129183
15:04:33.135 [main] DEBUG org.springframework.context.annotation.ConfigurationClassPostProcessor - Replacing bean definition 'org.springframework.boot.autoconfigure.http.codec.CodecsAutoConfiguration$JacksonCodecConfiguration' existing class 'org.springframework.boot.autoconfigure.http.codec.CodecsAutoConfiguration$JacksonCodecConfiguration' with enhanced class 'org.springframework.boot.autoconfigure.http.codec.CodecsAutoConfiguration$JacksonCodecConfiguration$$EnhancerBySpringCGLIB$$29129183'
15:04:33.139 [main] DEBUG org.springframework.context.annotation.ConfigurationClassEnhancer - Successfully enhanced org.springframework.boot.autoconfigure.http.codec.CodecsAutoConfiguration; enhanced class name is: org.springframework.boot.autoconfigure.http.codec.CodecsAutoConfiguration$$EnhancerBySpringCGLIB$$33e00934
15:04:33.139 [main] DEBUG org.springframework.context.annotation.ConfigurationClassPostProcessor - Replacing bean definition 'org.springframework.boot.autoconfigure.http.codec.CodecsAutoConfiguration' existing class 'org.springframework.boot.autoconfigure.http.codec.CodecsAutoConfiguration' with enhanced class 'org.springframework.boot.autoconfigure.http.codec.CodecsAutoConfiguration$$EnhancerBySpringCGLIB$$33e00934'
15:04:33.143 [main] DEBUG org.springframework.context.annotation.ConfigurationClassEnhancer - Successfully enhanced org.springframework.boot.autoconfigure.validation.ValidationAutoConfiguration; enhanced class name is: org.springframework.boot.autoconfigure.validation.ValidationAutoConfiguration$$EnhancerBySpringCGLIB$$323806c1
15:04:33.143 [main] DEBUG org.springframework.context.annotation.ConfigurationClassPostProcessor - Replacing bean definition 'org.springframework.boot.autoconfigure.validation.ValidationAutoConfiguration' existing class 'org.springframework.boot.autoconfigure.validation.ValidationAutoConfiguration' with enhanced class 'org.springframework.boot.autoconfigure.validation.ValidationAutoConfiguration$$EnhancerBySpringCGLIB$$323806c1'
15:04:33.147 [main] DEBUG org.springframework.context.annotation.ConfigurationClassEnhancer - Successfully enhanced org.springframework.boot.autoconfigure.jdbc.metadata.DataSourcePoolMetadataProvidersConfiguration$CommonsDbcp2PoolDataSourceMetadataProviderConfiguration; enhanced class name is: org.springframework.boot.autoconfigure.jdbc.metadata.DataSourcePoolMetadataProvidersConfiguration$CommonsDbcp2PoolDataSourceMetadataProviderConfiguration$$EnhancerBySpringCGLIB$$35003bca
15:04:33.147 [main] DEBUG org.springframework.context.annotation.ConfigurationClassPostProcessor - Replacing bean definition 'org.springframework.boot.autoconfigure.jdbc.metadata.DataSourcePoolMetadataProvidersConfiguration$CommonsDbcp2PoolDataSourceMetadataProviderConfiguration' existing class 'org.springframework.boot.autoconfigure.jdbc.metadata.DataSourcePoolMetadataProvidersConfiguration$CommonsDbcp2PoolDataSourceMetadataProviderConfiguration' with enhanced class 'org.springframework.boot.autoconfigure.jdbc.metadata.DataSourcePoolMetadataProvidersConfiguration$CommonsDbcp2PoolDataSourceMetadataProviderConfiguration$$EnhancerBySpringCGLIB$$35003bca'
15:04:33.155 [main] DEBUG org.springframework.context.annotation.ConfigurationClassEnhancer - Successfully enhanced org.springframework.boot.autoconfigure.jdbc.metadata.DataSourcePoolMetadataProvidersConfiguration$HikariPoolDataSourceMetadataProviderConfiguration; enhanced class name is: org.springframework.boot.autoconfigure.jdbc.metadata.DataSourcePoolMetadataProvidersConfiguration$HikariPoolDataSourceMetadataProviderConfiguration$$EnhancerBySpringCGLIB$$218f9e1b
15:04:33.155 [main] DEBUG org.springframework.context.annotation.ConfigurationClassPostProcessor - Replacing bean definition 'org.springframework.boot.autoconfigure.jdbc.metadata.DataSourcePoolMetadataProvidersConfiguration$HikariPoolDataSourceMetadataProviderConfiguration' existing class 'org.springframework.boot.autoconfigure.jdbc.metadata.DataSourcePoolMetadataProvidersConfiguration$HikariPoolDataSourceMetadataProviderConfiguration' with enhanced class 'org.springframework.boot.autoconfigure.jdbc.metadata.DataSourcePoolMetadataProvidersConfiguration$HikariPoolDataSourceMetadataProviderConfiguration$$EnhancerBySpringCGLIB$$218f9e1b'
15:04:33.161 [main] DEBUG org.springframework.context.annotation.ConfigurationClassEnhancer - Successfully enhanced org.springframework.boot.autoconfigure.jdbc.metadata.DataSourcePoolMetadataProvidersConfiguration; enhanced class name is: org.springframework.boot.autoconfigure.jdbc.metadata.DataSourcePoolMetadataProvidersConfiguration$$EnhancerBySpringCGLIB$$9e295e78
15:04:33.162 [main] DEBUG org.springframework.context.annotation.ConfigurationClassPostProcessor - Replacing bean definition 'org.springframework.boot.autoconfigure.jdbc.metadata.DataSourcePoolMetadataProvidersConfiguration' existing class 'org.springframework.boot.autoconfigure.jdbc.metadata.DataSourcePoolMetadataProvidersConfiguration' with enhanced class 'org.springframework.boot.autoconfigure.jdbc.metadata.DataSourcePoolMetadataProvidersConfiguration$$EnhancerBySpringCGLIB$$9e295e78'
15:04:33.165 [main] DEBUG org.springframework.context.annotation.ConfigurationClassEnhancer - Successfully enhanced org.springframework.boot.autoconfigure.jdbc.DataSourceInitializationConfiguration; enhanced class name is: org.springframework.boot.autoconfigure.jdbc.DataSourceInitializationConfiguration$$EnhancerBySpringCGLIB$$5c9e6826
15:04:33.165 [main] DEBUG org.springframework.context.annotation.ConfigurationClassPostProcessor - Replacing bean definition 'org.springframework.boot.autoconfigure.jdbc.DataSourceInitializationConfiguration' existing class 'org.springframework.boot.autoconfigure.jdbc.DataSourceInitializationConfiguration' with enhanced class 'org.springframework.boot.autoconfigure.jdbc.DataSourceInitializationConfiguration$$EnhancerBySpringCGLIB$$5c9e6826'
15:04:33.167 [main] DEBUG org.springframework.context.annotation.ConfigurationClassEnhancer - Successfully enhanced org.springframework.boot.autoconfigure.jdbc.DataSourceAutoConfiguration; enhanced class name is: org.springframework.boot.autoconfigure.jdbc.DataSourceAutoConfiguration$$EnhancerBySpringCGLIB$$a32c1997
15:04:33.168 [main] DEBUG org.springframework.context.annotation.ConfigurationClassPostProcessor - Replacing bean definition 'org.springframework.boot.autoconfigure.jdbc.DataSourceAutoConfiguration' existing class 'org.springframework.boot.autoconfigure.jdbc.DataSourceAutoConfiguration' with enhanced class 'org.springframework.boot.autoconfigure.jdbc.DataSourceAutoConfiguration$$EnhancerBySpringCGLIB$$a32c1997'
15:04:33.171 [main] DEBUG org.springframework.context.annotation.ConfigurationClassEnhancer - Successfully enhanced org.springframework.boot.autoconfigure.jdbc.JdbcTemplateAutoConfiguration$JdbcTemplateConfiguration; enhanced class name is: org.springframework.boot.autoconfigure.jdbc.JdbcTemplateAutoConfiguration$JdbcTemplateConfiguration$$EnhancerBySpringCGLIB$$d9c3a4a4
15:04:33.171 [main] DEBUG org.springframework.context.annotation.ConfigurationClassPostProcessor - Replacing bean definition 'org.springframework.boot.autoconfigure.jdbc.JdbcTemplateAutoConfiguration$JdbcTemplateConfiguration' existing class 'org.springframework.boot.autoconfigure.jdbc.JdbcTemplateAutoConfiguration$JdbcTemplateConfiguration' with enhanced class 'org.springframework.boot.autoconfigure.jdbc.JdbcTemplateAutoConfiguration$JdbcTemplateConfiguration$$EnhancerBySpringCGLIB$$d9c3a4a4'
15:04:33.175 [main] DEBUG org.springframework.context.annotation.ConfigurationClassEnhancer - Successfully enhanced org.springframework.boot.autoconfigure.jdbc.JdbcTemplateAutoConfiguration$NamedParameterJdbcTemplateConfiguration; enhanced class name is: org.springframework.boot.autoconfigure.jdbc.JdbcTemplateAutoConfiguration$NamedParameterJdbcTemplateConfiguration$$EnhancerBySpringCGLIB$$cba49bd4
15:04:33.175 [main] DEBUG org.springframework.context.annotation.ConfigurationClassPostProcessor - Replacing bean definition 'org.springframework.boot.autoconfigure.jdbc.JdbcTemplateAutoConfiguration$NamedParameterJdbcTemplateConfiguration' existing class 'org.springframework.boot.autoconfigure.jdbc.JdbcTemplateAutoConfiguration$NamedParameterJdbcTemplateConfiguration' with enhanced class 'org.springframework.boot.autoconfigure.jdbc.JdbcTemplateAutoConfiguration$NamedParameterJdbcTemplateConfiguration$$EnhancerBySpringCGLIB$$cba49bd4'
15:04:33.177 [main] DEBUG org.springframework.context.annotation.ConfigurationClassEnhancer - Successfully enhanced org.springframework.boot.autoconfigure.jdbc.JdbcTemplateAutoConfiguration; enhanced class name is: org.springframework.boot.autoconfigure.jdbc.JdbcTemplateAutoConfiguration$$EnhancerBySpringCGLIB$$e11cab27
15:04:33.177 [main] DEBUG org.springframework.context.annotation.ConfigurationClassPostProcessor - Replacing bean definition 'org.springframework.boot.autoconfigure.jdbc.JdbcTemplateAutoConfiguration' existing class 'org.springframework.boot.autoconfigure.jdbc.JdbcTemplateAutoConfiguration' with enhanced class 'org.springframework.boot.autoconfigure.jdbc.JdbcTemplateAutoConfiguration$$EnhancerBySpringCGLIB$$e11cab27'
15:04:33.181 [main] DEBUG org.springframework.context.annotation.ConfigurationClassEnhancer - Successfully enhanced org.springframework.boot.autoconfigure.jmx.JmxAutoConfiguration; enhanced class name is: org.springframework.boot.autoconfigure.jmx.JmxAutoConfiguration$$EnhancerBySpringCGLIB$$40a3e553
15:04:33.181 [main] DEBUG org.springframework.context.annotation.ConfigurationClassPostProcessor - Replacing bean definition 'org.springframework.boot.autoconfigure.jmx.JmxAutoConfiguration' existing class 'org.springframework.boot.autoconfigure.jmx.JmxAutoConfiguration' with enhanced class 'org.springframework.boot.autoconfigure.jmx.JmxAutoConfiguration$$EnhancerBySpringCGLIB$$40a3e553'
15:04:33.185 [main] DEBUG org.springframework.context.annotation.ConfigurationClassEnhancer - Successfully enhanced org.springframework.boot.autoconfigure.aop.AopAutoConfiguration$CglibAutoProxyConfiguration; enhanced class name is: org.springframework.boot.autoconfigure.aop.AopAutoConfiguration$CglibAutoProxyConfiguration$$EnhancerBySpringCGLIB$$fd54f56d
15:04:33.185 [main] DEBUG org.springframework.context.annotation.ConfigurationClassPostProcessor - Replacing bean definition 'org.springframework.boot.autoconfigure.aop.AopAutoConfiguration$CglibAutoProxyConfiguration' existing class 'org.springframework.boot.autoconfigure.aop.AopAutoConfiguration$CglibAutoProxyConfiguration' with enhanced class 'org.springframework.boot.autoconfigure.aop.AopAutoConfiguration$CglibAutoProxyConfiguration$$EnhancerBySpringCGLIB$$fd54f56d'
15:04:33.190 [main] DEBUG org.springframework.context.annotation.ConfigurationClassEnhancer - Successfully enhanced org.springframework.boot.autoconfigure.aop.AopAutoConfiguration; enhanced class name is: org.springframework.boot.autoconfigure.aop.AopAutoConfiguration$$EnhancerBySpringCGLIB$$c8ef4f9
15:04:33.190 [main] DEBUG org.springframework.context.annotation.ConfigurationClassPostProcessor - Replacing bean definition 'org.springframework.boot.autoconfigure.aop.AopAutoConfiguration' existing class 'org.springframework.boot.autoconfigure.aop.AopAutoConfiguration' with enhanced class 'org.springframework.boot.autoconfigure.aop.AopAutoConfiguration$$EnhancerBySpringCGLIB$$c8ef4f9'
15:04:33.194 [main] DEBUG org.springframework.context.annotation.ConfigurationClassEnhancer - Successfully enhanced org.springframework.boot.autoconfigure.orm.jpa.HibernateJpaConfiguration; enhanced class name is: org.springframework.boot.autoconfigure.orm.jpa.HibernateJpaConfiguration$$EnhancerBySpringCGLIB$$e00f38a6
15:04:33.195 [main] DEBUG org.springframework.context.annotation.ConfigurationClassPostProcessor - Replacing bean definition 'org.springframework.boot.autoconfigure.orm.jpa.HibernateJpaConfiguration' existing class 'org.springframework.boot.autoconfigure.orm.jpa.HibernateJpaConfiguration' with enhanced class 'org.springframework.boot.autoconfigure.orm.jpa.HibernateJpaConfiguration$$EnhancerBySpringCGLIB$$e00f38a6'
15:04:33.198 [main] DEBUG org.springframework.context.annotation.ConfigurationClassEnhancer - Successfully enhanced org.springframework.boot.autoconfigure.orm.jpa.HibernateJpaAutoConfiguration; enhanced class name is: org.springframework.boot.autoconfigure.orm.jpa.HibernateJpaAutoConfiguration$$EnhancerBySpringCGLIB$$2abeda57
15:04:33.200 [main] DEBUG org.springframework.context.annotation.ConfigurationClassPostProcessor - Replacing bean definition 'org.springframework.boot.autoconfigure.orm.jpa.HibernateJpaAutoConfiguration' existing class 'org.springframework.boot.autoconfigure.orm.jpa.HibernateJpaAutoConfiguration' with enhanced class 'org.springframework.boot.autoconfigure.orm.jpa.HibernateJpaAutoConfiguration$$EnhancerBySpringCGLIB$$2abeda57'
15:04:33.205 [main] DEBUG org.springframework.context.annotation.ConfigurationClassEnhancer - Successfully enhanced org.springframework.boot.autoconfigure.context.ConfigurationPropertiesAutoConfiguration; enhanced class name is: org.springframework.boot.autoconfigure.context.ConfigurationPropertiesAutoConfiguration$$EnhancerBySpringCGLIB$$b0c20185
15:04:33.207 [main] DEBUG org.springframework.context.annotation.ConfigurationClassPostProcessor - Replacing bean definition 'org.springframework.boot.autoconfigure.context.ConfigurationPropertiesAutoConfiguration' existing class 'org.springframework.boot.autoconfigure.context.ConfigurationPropertiesAutoConfiguration' with enhanced class 'org.springframework.boot.autoconfigure.context.ConfigurationPropertiesAutoConfiguration$$EnhancerBySpringCGLIB$$b0c20185'
15:04:33.209 [main] DEBUG org.springframework.context.annotation.ConfigurationClassEnhancer - Successfully enhanced org.springframework.boot.autoconfigure.data.jpa.JpaRepositoriesAutoConfiguration; enhanced class name is: org.springframework.boot.autoconfigure.data.jpa.JpaRepositoriesAutoConfiguration$$EnhancerBySpringCGLIB$$711363eb
15:04:33.210 [main] DEBUG org.springframework.context.annotation.ConfigurationClassPostProcessor - Replacing bean definition 'org.springframework.boot.autoconfigure.data.jpa.JpaRepositoriesAutoConfiguration' existing class 'org.springframework.boot.autoconfigure.data.jpa.JpaRepositoriesAutoConfiguration' with enhanced class 'org.springframework.boot.autoconfigure.data.jpa.JpaRepositoriesAutoConfiguration$$EnhancerBySpringCGLIB$$711363eb'
15:04:33.219 [main] DEBUG org.springframework.context.annotation.ConfigurationClassEnhancer - Successfully enhanced org.springframework.boot.autoconfigure.http.HttpMessageConvertersAutoConfiguration$StringHttpMessageConverterConfiguration; enhanced class name is: org.springframework.boot.autoconfigure.http.HttpMessageConvertersAutoConfiguration$StringHttpMessageConverterConfiguration$$EnhancerBySpringCGLIB$$e7a086b
15:04:33.219 [main] DEBUG org.springframework.context.annotation.ConfigurationClassPostProcessor - Replacing bean definition 'org.springframework.boot.autoconfigure.http.HttpMessageConvertersAutoConfiguration$StringHttpMessageConverterConfiguration' existing class 'org.springframework.boot.autoconfigure.http.HttpMessageConvertersAutoConfiguration$StringHttpMessageConverterConfiguration' with enhanced class 'org.springframework.boot.autoconfigure.http.HttpMessageConvertersAutoConfiguration$StringHttpMessageConverterConfiguration$$EnhancerBySpringCGLIB$$e7a086b'
15:04:33.222 [main] DEBUG org.springframework.context.annotation.ConfigurationClassEnhancer - Successfully enhanced org.springframework.boot.autoconfigure.http.JacksonHttpMessageConvertersConfiguration$MappingJackson2HttpMessageConverterConfiguration; enhanced class name is: org.springframework.boot.autoconfigure.http.JacksonHttpMessageConvertersConfiguration$MappingJackson2HttpMessageConverterConfiguration$$EnhancerBySpringCGLIB$$4850046b
15:04:33.223 [main] DEBUG org.springframework.context.annotation.ConfigurationClassPostProcessor - Replacing bean definition 'org.springframework.boot.autoconfigure.http.JacksonHttpMessageConvertersConfiguration$MappingJackson2HttpMessageConverterConfiguration' existing class 'org.springframework.boot.autoconfigure.http.JacksonHttpMessageConvertersConfiguration$MappingJackson2HttpMessageConverterConfiguration' with enhanced class 'org.springframework.boot.autoconfigure.http.JacksonHttpMessageConvertersConfiguration$MappingJackson2HttpMessageConverterConfiguration$$EnhancerBySpringCGLIB$$4850046b'
15:04:33.251 [main] DEBUG org.springframework.context.annotation.ConfigurationClassEnhancer - Successfully enhanced org.springframework.boot.autoconfigure.http.JacksonHttpMessageConvertersConfiguration; enhanced class name is: org.springframework.boot.autoconfigure.http.JacksonHttpMessageConvertersConfiguration$$EnhancerBySpringCGLIB$$3ec337f9
15:04:33.251 [main] DEBUG org.springframework.context.annotation.ConfigurationClassPostProcessor - Replacing bean definition 'org.springframework.boot.autoconfigure.http.JacksonHttpMessageConvertersConfiguration' existing class 'org.springframework.boot.autoconfigure.http.JacksonHttpMessageConvertersConfiguration' with enhanced class 'org.springframework.boot.autoconfigure.http.JacksonHttpMessageConvertersConfiguration$$EnhancerBySpringCGLIB$$3ec337f9'
15:04:33.255 [main] DEBUG org.springframework.context.annotation.ConfigurationClassEnhancer - Successfully enhanced org.springframework.boot.autoconfigure.http.HttpMessageConvertersAutoConfiguration; enhanced class name is: org.springframework.boot.autoconfigure.http.HttpMessageConvertersAutoConfiguration$$EnhancerBySpringCGLIB$$db6c41cb
15:04:33.255 [main] DEBUG org.springframework.context.annotation.ConfigurationClassPostProcessor - Replacing bean definition 'org.springframework.boot.autoconfigure.http.HttpMessageConvertersAutoConfiguration' existing class 'org.springframework.boot.autoconfigure.http.HttpMessageConvertersAutoConfiguration' with enhanced class 'org.springframework.boot.autoconfigure.http.HttpMessageConvertersAutoConfiguration$$EnhancerBySpringCGLIB$$db6c41cb'
15:04:33.262 [main] DEBUG org.springframework.context.annotation.ConfigurationClassEnhancer - Successfully enhanced org.springframework.boot.autoconfigure.info.ProjectInfoAutoConfiguration; enhanced class name is: org.springframework.boot.autoconfigure.info.ProjectInfoAutoConfiguration$$EnhancerBySpringCGLIB$$fd328350
15:04:33.262 [main] DEBUG org.springframework.context.annotation.ConfigurationClassPostProcessor - Replacing bean definition 'org.springframework.boot.autoconfigure.info.ProjectInfoAutoConfiguration' existing class 'org.springframework.boot.autoconfigure.info.ProjectInfoAutoConfiguration' with enhanced class 'org.springframework.boot.autoconfigure.info.ProjectInfoAutoConfiguration$$EnhancerBySpringCGLIB$$fd328350'
15:04:33.266 [main] DEBUG org.springframework.context.annotation.ConfigurationClassEnhancer - Successfully enhanced org.springframework.boot.autoconfigure.jdbc.DataSourceTransactionManagerAutoConfiguration$DataSourceTransactionManagerConfiguration; enhanced class name is: org.springframework.boot.autoconfigure.jdbc.DataSourceTransactionManagerAutoConfiguration$DataSourceTransactionManagerConfiguration$$EnhancerBySpringCGLIB$$6e390ea6
15:04:33.266 [main] DEBUG org.springframework.context.annotation.ConfigurationClassPostProcessor - Replacing bean definition 'org.springframework.boot.autoconfigure.jdbc.DataSourceTransactionManagerAutoConfiguration$DataSourceTransactionManagerConfiguration' existing class 'org.springframework.boot.autoconfigure.jdbc.DataSourceTransactionManagerAutoConfiguration$DataSourceTransactionManagerConfiguration' with enhanced class 'org.springframework.boot.autoconfigure.jdbc.DataSourceTransactionManagerAutoConfiguration$DataSourceTransactionManagerConfiguration$$EnhancerBySpringCGLIB$$6e390ea6'
15:04:33.269 [main] DEBUG org.springframework.context.annotation.ConfigurationClassEnhancer - Successfully enhanced org.springframework.boot.autoconfigure.jdbc.DataSourceTransactionManagerAutoConfiguration; enhanced class name is: org.springframework.boot.autoconfigure.jdbc.DataSourceTransactionManagerAutoConfiguration$$EnhancerBySpringCGLIB$$d20f6688
15:04:33.269 [main] DEBUG org.springframework.context.annotation.ConfigurationClassPostProcessor - Replacing bean definition 'org.springframework.boot.autoconfigure.jdbc.DataSourceTransactionManagerAutoConfiguration' existing class 'org.springframework.boot.autoconfigure.jdbc.DataSourceTransactionManagerAutoConfiguration' with enhanced class 'org.springframework.boot.autoconfigure.jdbc.DataSourceTransactionManagerAutoConfiguration$$EnhancerBySpringCGLIB$$d20f6688'
15:04:33.273 [main] DEBUG org.springframework.context.annotation.ConfigurationClassEnhancer - Successfully enhanced org.springframework.boot.autoconfigure.transaction.TransactionAutoConfiguration$TransactionTemplateConfiguration; enhanced class name is: org.springframework.boot.autoconfigure.transaction.TransactionAutoConfiguration$TransactionTemplateConfiguration$$EnhancerBySpringCGLIB$$bfc2d379
15:04:33.273 [main] DEBUG org.springframework.context.annotation.ConfigurationClassPostProcessor - Replacing bean definition 'org.springframework.boot.autoconfigure.transaction.TransactionAutoConfiguration$TransactionTemplateConfiguration' existing class 'org.springframework.boot.autoconfigure.transaction.TransactionAutoConfiguration$TransactionTemplateConfiguration' with enhanced class 'org.springframework.boot.autoconfigure.transaction.TransactionAutoConfiguration$TransactionTemplateConfiguration$$EnhancerBySpringCGLIB$$bfc2d379'
15:04:33.275 [main] DEBUG org.springframework.context.annotation.ConfigurationClassEnhancer - Successfully enhanced org.springframework.boot.autoconfigure.transaction.TransactionAutoConfiguration; enhanced class name is: org.springframework.boot.autoconfigure.transaction.TransactionAutoConfiguration$$EnhancerBySpringCGLIB$$55ac7141
15:04:33.276 [main] DEBUG org.springframework.context.annotation.ConfigurationClassPostProcessor - Replacing bean definition 'org.springframework.boot.autoconfigure.transaction.TransactionAutoConfiguration' existing class 'org.springframework.boot.autoconfigure.transaction.TransactionAutoConfiguration' with enhanced class 'org.springframework.boot.autoconfigure.transaction.TransactionAutoConfiguration$$EnhancerBySpringCGLIB$$55ac7141'
15:04:33.278 [main] DEBUG org.springframework.context.annotation.ConfigurationClassEnhancer - Successfully enhanced org.springframework.boot.autoconfigure.security.reactive.ReactiveSecurityAutoConfiguration; enhanced class name is: org.springframework.boot.autoconfigure.security.reactive.ReactiveSecurityAutoConfiguration$$EnhancerBySpringCGLIB$$239654b7
15:04:33.279 [main] DEBUG org.springframework.context.annotation.ConfigurationClassPostProcessor - Replacing bean definition 'org.springframework.boot.autoconfigure.security.reactive.ReactiveSecurityAutoConfiguration' existing class 'org.springframework.boot.autoconfigure.security.reactive.ReactiveSecurityAutoConfiguration' with enhanced class 'org.springframework.boot.autoconfigure.security.reactive.ReactiveSecurityAutoConfiguration$$EnhancerBySpringCGLIB$$239654b7'
15:04:33.281 [main] DEBUG org.springframework.context.annotation.ConfigurationClassEnhancer - Successfully enhanced org.springframework.boot.autoconfigure.web.client.RestTemplateAutoConfiguration; enhanced class name is: org.springframework.boot.autoconfigure.web.client.RestTemplateAutoConfiguration$$EnhancerBySpringCGLIB$$5c4e6fb8
15:04:33.282 [main] DEBUG org.springframework.context.annotation.ConfigurationClassPostProcessor - Replacing bean definition 'org.springframework.boot.autoconfigure.web.client.RestTemplateAutoConfiguration' existing class 'org.springframework.boot.autoconfigure.web.client.RestTemplateAutoConfiguration' with enhanced class 'org.springframework.boot.autoconfigure.web.client.RestTemplateAutoConfiguration$$EnhancerBySpringCGLIB$$5c4e6fb8'
15:04:33.285 [main] DEBUG org.springframework.context.annotation.ConfigurationClassEnhancer - Successfully enhanced org.springframework.boot.autoconfigure.web.embedded.EmbeddedWebServerFactoryCustomizerAutoConfiguration; enhanced class name is: org.springframework.boot.autoconfigure.web.embedded.EmbeddedWebServerFactoryCustomizerAutoConfiguration$$EnhancerBySpringCGLIB$$d6a07619
15:04:33.286 [main] DEBUG org.springframework.context.annotation.ConfigurationClassPostProcessor - Replacing bean definition 'org.springframework.boot.autoconfigure.web.embedded.EmbeddedWebServerFactoryCustomizerAutoConfiguration' existing class 'org.springframework.boot.autoconfigure.web.embedded.EmbeddedWebServerFactoryCustomizerAutoConfiguration' with enhanced class 'org.springframework.boot.autoconfigure.web.embedded.EmbeddedWebServerFactoryCustomizerAutoConfiguration$$EnhancerBySpringCGLIB$$d6a07619'
15:04:33.288 [main] DEBUG org.springframework.beans.factory.support.DefaultListableBeanFactory - Creating shared instance of singleton bean 'propertySourcesPlaceholderConfigurer'
15:04:33.288 [main] DEBUG org.springframework.beans.factory.support.DefaultListableBeanFactory - Creating instance of bean 'propertySourcesPlaceholderConfigurer'
15:04:33.304 [main] DEBUG org.springframework.beans.factory.support.DefaultListableBeanFactory - Eagerly caching bean 'propertySourcesPlaceholderConfigurer' to allow for resolving potential circular references
15:04:33.388 [main] DEBUG org.springframework.beans.factory.support.DefaultListableBeanFactory - Finished creating instance of bean 'propertySourcesPlaceholderConfigurer'
15:04:33.389 [main] DEBUG org.springframework.core.env.MutablePropertySources - Adding PropertySource 'environmentProperties' with lowest search precedence
15:04:33.389 [main] DEBUG org.springframework.core.env.MutablePropertySources - Adding PropertySource 'localProperties' with lowest search precedence
15:04:33.393 [main] DEBUG org.springframework.beans.factory.support.DefaultListableBeanFactory - Creating shared instance of singleton bean 'org.springframework.boot.context.properties.ConfigurationBeanFactoryMetadata'
15:04:33.394 [main] DEBUG org.springframework.beans.factory.support.DefaultListableBeanFactory - Creating instance of bean 'org.springframework.boot.context.properties.ConfigurationBeanFactoryMetadata'
15:04:33.394 [main] DEBUG org.springframework.beans.factory.support.DefaultListableBeanFactory - Eagerly caching bean 'org.springframework.boot.context.properties.ConfigurationBeanFactoryMetadata' to allow for resolving potential circular references
15:04:33.400 [main] DEBUG org.springframework.beans.factory.support.DefaultListableBeanFactory - Finished creating instance of bean 'org.springframework.boot.context.properties.ConfigurationBeanFactoryMetadata'
15:04:33.400 [main] DEBUG org.springframework.beans.factory.support.DefaultListableBeanFactory - Creating shared instance of singleton bean 'emBeanDefinitionRegistrarPostProcessor'
15:04:33.401 [main] DEBUG org.springframework.beans.factory.support.DefaultListableBeanFactory - Creating instance of bean 'emBeanDefinitionRegistrarPostProcessor'
15:04:33.401 [main] DEBUG org.springframework.beans.factory.support.DefaultListableBeanFactory - Eagerly caching bean 'emBeanDefinitionRegistrarPostProcessor' to allow for resolving potential circular references
15:04:33.406 [main] DEBUG org.springframework.beans.factory.support.DefaultListableBeanFactory - Finished creating instance of bean 'emBeanDefinitionRegistrarPostProcessor'
15:04:33.429 [main] DEBUG org.springframework.beans.factory.support.DefaultListableBeanFactory - Creating shared instance of singleton bean 'org.springframework.context.annotation.internalAutowiredAnnotationProcessor'
15:04:33.429 [main] DEBUG org.springframework.beans.factory.support.DefaultListableBeanFactory - Creating instance of bean 'org.springframework.context.annotation.internalAutowiredAnnotationProcessor'
15:04:33.431 [main] INFO org.springframework.beans.factory.annotation.AutowiredAnnotationBeanPostProcessor - JSR-330 'javax.inject.Inject' annotation found and supported for autowiring
15:04:33.431 [main] DEBUG org.springframework.beans.factory.support.DefaultListableBeanFactory - Eagerly caching bean 'org.springframework.context.annotation.internalAutowiredAnnotationProcessor' to allow for resolving potential circular references
15:04:33.468 [main] DEBUG org.springframework.beans.factory.support.DefaultListableBeanFactory - Finished creating instance of bean 'org.springframework.context.annotation.internalAutowiredAnnotationProcessor'
15:04:33.474 [main] DEBUG org.springframework.beans.factory.support.DefaultListableBeanFactory - Creating shared instance of singleton bean 'org.springframework.context.annotation.internalRequiredAnnotationProcessor'
15:04:33.475 [main] DEBUG org.springframework.beans.factory.support.DefaultListableBeanFactory - Creating instance of bean 'org.springframework.context.annotation.internalRequiredAnnotationProcessor'
15:04:33.476 [main] DEBUG org.springframework.beans.factory.support.DefaultListableBeanFactory - Eagerly caching bean 'org.springframework.context.annotation.internalRequiredAnnotationProcessor' to allow for resolving potential circular references
15:04:33.486 [main] DEBUG org.springframework.beans.factory.support.DefaultListableBeanFactory - Finished creating instance of bean 'org.springframework.context.annotation.internalRequiredAnnotationProcessor'
15:04:33.489 [main] DEBUG org.springframework.beans.factory.support.DefaultListableBeanFactory - Creating shared instance of singleton bean 'org.springframework.context.annotation.internalCommonAnnotationProcessor'
15:04:33.489 [main] DEBUG org.springframework.beans.factory.support.DefaultListableBeanFactory - Creating instance of bean 'org.springframework.context.annotation.internalCommonAnnotationProcessor'
15:04:33.511 [main] DEBUG org.springframework.beans.factory.support.DefaultListableBeanFactory - Eagerly caching bean 'org.springframework.context.annotation.internalCommonAnnotationProcessor' to allow for resolving potential circular references
15:04:33.520 [main] DEBUG org.springframework.beans.factory.support.DefaultListableBeanFactory - Finished creating instance of bean 'org.springframework.context.annotation.internalCommonAnnotationProcessor'
15:04:33.520 [main] DEBUG org.springframework.beans.factory.support.DefaultListableBeanFactory - Creating shared instance of singleton bean 'org.springframework.context.annotation.internalPersistenceAnnotationProcessor'
15:04:33.521 [main] DEBUG org.springframework.beans.factory.support.DefaultListableBeanFactory - Creating instance of bean 'org.springframework.context.annotation.internalPersistenceAnnotationProcessor'
15:04:33.521 [main] DEBUG org.springframework.beans.factory.support.DefaultListableBeanFactory - Eagerly caching bean 'org.springframework.context.annotation.internalPersistenceAnnotationProcessor' to allow for resolving potential circular references
15:04:33.535 [main] DEBUG org.springframework.beans.factory.support.DefaultListableBeanFactory - Finished creating instance of bean 'org.springframework.context.annotation.internalPersistenceAnnotationProcessor'
15:04:33.535 [main] DEBUG org.springframework.beans.factory.support.DefaultListableBeanFactory - Creating shared instance of singleton bean 'org.springframework.boot.context.properties.ConfigurationPropertiesBindingPostProcessor'
15:04:33.535 [main] DEBUG org.springframework.beans.factory.support.DefaultListableBeanFactory - Creating instance of bean 'org.springframework.boot.context.properties.ConfigurationPropertiesBindingPostProcessor'
15:04:33.535 [main] DEBUG org.springframework.beans.factory.support.DefaultListableBeanFactory - Eagerly caching bean 'org.springframework.boot.context.properties.ConfigurationPropertiesBindingPostProcessor' to allow for resolving potential circular references
15:04:33.547 [main] DEBUG org.springframework.beans.factory.support.DefaultListableBeanFactory - Invoking afterPropertiesSet() on bean with name 'org.springframework.boot.context.properties.ConfigurationPropertiesBindingPostProcessor'
15:04:33.548 [main] DEBUG org.springframework.beans.factory.support.DefaultListableBeanFactory - Returning cached instance of singleton bean 'org.springframework.boot.context.properties.ConfigurationBeanFactoryMetadata'
15:04:33.551 [main] DEBUG org.springframework.beans.factory.support.DefaultListableBeanFactory - Returning cached instance of singleton bean 'propertySourcesPlaceholderConfigurer'
15:04:33.614 [main] DEBUG org.jboss.logging - Logging Provider: org.jboss.logging.Log4j2LoggerProvider
15:04:33.616 [main] INFO org.hibernate.validator.internal.util.Version - HV000001: Hibernate Validator 6.0.7.Final
15:04:33.633 [main] DEBUG org.hibernate.validator.internal.engine.resolver.TraversableResolvers - Found javax.persistence.Persistence on classpath containing 'getPersistenceUtil'. Assuming JPA 2 environment. Trying to instantiate JPA aware TraversableResolver
15:04:33.635 [main] DEBUG org.hibernate.validator.internal.engine.resolver.TraversableResolvers - Instantiated JPA aware TraversableResolver of type org.hibernate.validator.internal.engine.resolver.JPATraversableResolver.
15:04:33.636 [main] DEBUG org.hibernate.validator.internal.engine.resolver.TraversableResolvers - Unable to load or instantiate JPA aware resolver org.hibernate.validator.internal.engine.resolver.JPATraversableResolver. All properties will per default be traversable.
15:04:33.657 [main] DEBUG org.hibernate.validator.messageinterpolation.ResourceBundleMessageInterpolator - Loaded expression factory via original TCCL
15:04:33.657 [main] DEBUG org.hibernate.validator.internal.engine.resolver.TraversableResolvers - Found javax.persistence.Persistence on classpath containing 'getPersistenceUtil'. Assuming JPA 2 environment. Trying to instantiate JPA aware TraversableResolver
15:04:33.657 [main] DEBUG org.hibernate.validator.internal.engine.resolver.TraversableResolvers - Instantiated JPA aware TraversableResolver of type org.hibernate.validator.internal.engine.resolver.JPATraversableResolver.
15:04:33.657 [main] DEBUG org.hibernate.validator.internal.engine.resolver.TraversableResolvers - Unable to load or instantiate JPA aware resolver org.hibernate.validator.internal.engine.resolver.JPATraversableResolver. All properties will per default be traversable.
15:04:33.661 [main] DEBUG org.hibernate.validator.internal.engine.ConfigurationImpl - Setting custom MessageInterpolator of type org.springframework.validation.beanvalidation.LocaleContextMessageInterpolator
15:04:33.662 [main] DEBUG org.hibernate.validator.internal.engine.ConfigurationImpl - Setting custom ConstraintValidatorFactory of type org.springframework.validation.beanvalidation.SpringConstraintValidatorFactory
15:04:33.663 [main] DEBUG org.hibernate.validator.internal.engine.ConfigurationImpl - Setting custom ParameterNameProvider of type org.springframework.validation.beanvalidation.LocalValidatorFactoryBean$1
15:04:33.667 [main] DEBUG org.hibernate.validator.internal.xml.ValidationXmlParser - Trying to load META-INF/validation.xml for XML based Validator configuration.
15:04:33.668 [main] DEBUG org.hibernate.validator.internal.xml.ResourceLoaderHelper - Trying to load META-INF/validation.xml via user class loader
15:04:33.669 [main] DEBUG org.hibernate.validator.internal.xml.ResourceLoaderHelper - Trying to load META-INF/validation.xml via TCCL
15:04:33.669 [main] DEBUG org.hibernate.validator.internal.xml.ResourceLoaderHelper - Trying to load META-INF/validation.xml via Hibernate Validator's class loader
15:04:33.669 [main] DEBUG org.hibernate.validator.internal.xml.ValidationXmlParser - No META-INF/validation.xml found. Using annotation based configuration only.
15:04:34.053 [main] DEBUG org.hibernate.validator.internal.engine.ValidatorFactoryImpl - HV000234: Using org.springframework.validation.beanvalidation.LocaleContextMessageInterpolator as ValidatorFactory-scoped message interpolator.
15:04:34.053 [main] DEBUG org.hibernate.validator.internal.engine.ValidatorFactoryImpl - HV000234: Using org.hibernate.validator.internal.engine.resolver.TraverseAllTraversableResolver as ValidatorFactory-scoped traversable resolver.
15:04:34.054 [main] DEBUG org.hibernate.validator.internal.engine.ValidatorFactoryImpl - HV000234: Using org.hibernate.validator.internal.util.ExecutableParameterNameProvider as ValidatorFactory-scoped parameter name provider.
15:04:34.056 [main] DEBUG org.hibernate.validator.internal.engine.ValidatorFactoryImpl - HV000234: Using org.hibernate.validator.internal.engine.DefaultClockProvider as ValidatorFactory-scoped clock provider.
15:04:34.058 [main] DEBUG org.hibernate.validator.internal.engine.ValidatorFactoryImpl - HV000234: Using org.hibernate.validator.internal.engine.scripting.DefaultScriptEvaluatorFactory as ValidatorFactory-scoped script evaluator factory.
15:04:34.117 [main] DEBUG org.springframework.beans.factory.support.DefaultListableBeanFactory - Finished creating instance of bean 'org.springframework.boot.context.properties.ConfigurationPropertiesBindingPostProcessor'
15:04:34.117 [main] DEBUG org.springframework.beans.factory.support.DefaultListableBeanFactory - Creating shared instance of singleton bean 'org.springframework.aop.config.internalAutoProxyCreator'
15:04:34.118 [main] DEBUG org.springframework.beans.factory.support.DefaultListableBeanFactory - Creating instance of bean 'org.springframework.aop.config.internalAutoProxyCreator'
15:04:34.135 [main] DEBUG org.springframework.beans.factory.support.DefaultListableBeanFactory - Eagerly caching bean 'org.springframework.aop.config.internalAutoProxyCreator' to allow for resolving potential circular references
15:04:34.165 [main] DEBUG org.springframework.beans.factory.support.DefaultListableBeanFactory - Finished creating instance of bean 'org.springframework.aop.config.internalAutoProxyCreator'
15:04:34.165 [main] DEBUG org.springframework.beans.factory.support.DefaultListableBeanFactory - Creating shared instance of singleton bean 'methodValidationPostProcessor'
15:04:34.165 [main] DEBUG org.springframework.beans.factory.support.DefaultListableBeanFactory - Creating instance of bean 'methodValidationPostProcessor'
15:04:34.170 [main] DEBUG org.springframework.beans.factory.support.DefaultListableBeanFactory - Returning cached instance of singleton bean 'environment'
15:04:34.176 [main] DEBUG org.springframework.aop.framework.JdkDynamicAopProxy - Creating JDK dynamic proxy: target source is org.springframework.context.annotation.ContextAnnotationAutowireCandidateResolver$1@344344fa
15:04:34.241 [main] DEBUG org.springframework.beans.factory.support.DefaultListableBeanFactory - Autowiring by type from bean name 'methodValidationPostProcessor' via factory method to bean named 'environment'
15:04:34.243 [main] DEBUG org.springframework.core.env.PropertySourcesPropertyResolver - Could not find key 'spring.aop.proxy-target-class' in any property source
15:04:34.244 [main] DEBUG org.springframework.beans.factory.support.DefaultListableBeanFactory - Eagerly caching bean 'methodValidationPostProcessor' to allow for resolving potential circular references
15:04:34.254 [main] DEBUG org.springframework.beans.factory.support.DefaultListableBeanFactory - Invoking afterPropertiesSet() on bean with name 'methodValidationPostProcessor'
15:04:34.259 [main] DEBUG org.springframework.beans.factory.support.DefaultListableBeanFactory - Finished creating instance of bean 'methodValidationPostProcessor'
15:04:34.260 [main] DEBUG org.springframework.beans.factory.support.DefaultListableBeanFactory - Creating shared instance of singleton bean 'dataSourceInitializerPostProcessor'
15:04:34.260 [main] DEBUG org.springframework.beans.factory.support.DefaultListableBeanFactory - Creating instance of bean 'dataSourceInitializerPostProcessor'
15:04:34.263 [main] DEBUG org.springframework.beans.factory.annotation.InjectionMetadata - Registered injected element on class [org.springframework.boot.autoconfigure.jdbc.DataSourceInitializerPostProcessor]: AutowiredFieldElement for private org.springframework.beans.factory.BeanFactory org.springframework.boot.autoconfigure.jdbc.DataSourceInitializerPostProcessor.beanFactory
15:04:34.263 [main] DEBUG org.springframework.beans.factory.support.DefaultListableBeanFactory - Eagerly caching bean 'dataSourceInitializerPostProcessor' to allow for resolving potential circular references
15:04:34.267 [main] DEBUG org.springframework.beans.factory.annotation.InjectionMetadata - Processing injected element of bean 'dataSourceInitializerPostProcessor': AutowiredFieldElement for private org.springframework.beans.factory.BeanFactory org.springframework.boot.autoconfigure.jdbc.DataSourceInitializerPostProcessor.beanFactory
15:04:34.267 [main] DEBUG org.springframework.core.annotation.AnnotationUtils - Failed to meta-introspect annotation [interface org.springframework.beans.factory.annotation.Autowired]: java.lang.NullPointerException
15:04:34.268 [main] DEBUG org.springframework.beans.factory.annotation.AutowiredAnnotationBeanPostProcessor - Autowiring by type from bean name 'dataSourceInitializerPostProcessor' to bean named 'org.springframework.beans.factory.support.DefaultListableBeanFactory@2bbf180e'
15:04:34.269 [main] DEBUG org.springframework.beans.factory.support.DefaultListableBeanFactory - Finished creating instance of bean 'dataSourceInitializerPostProcessor'
15:04:34.269 [main] DEBUG org.springframework.beans.factory.support.DefaultListableBeanFactory - Creating shared instance of singleton bean 'persistenceExceptionTranslationPostProcessor'
15:04:34.269 [main] DEBUG org.springframework.beans.factory.support.DefaultListableBeanFactory - Creating instance of bean 'persistenceExceptionTranslationPostProcessor'
15:04:34.272 [main] DEBUG org.springframework.beans.factory.support.DefaultListableBeanFactory - Returning cached instance of singleton bean 'environment'
15:04:34.272 [main] DEBUG org.springframework.beans.factory.support.DefaultListableBeanFactory - Autowiring by type from bean name 'persistenceExceptionTranslationPostProcessor' via factory method to bean named 'environment'
15:04:34.272 [main] DEBUG org.springframework.core.env.PropertySourcesPropertyResolver - Could not find key 'spring.aop.proxy-target-class' in any property source
15:04:34.274 [main] DEBUG org.springframework.beans.factory.support.DefaultListableBeanFactory - Eagerly caching bean 'persistenceExceptionTranslationPostProcessor' to allow for resolving potential circular references
15:04:34.281 [main] DEBUG org.springframework.beans.factory.support.DefaultListableBeanFactory - Finished creating instance of bean 'persistenceExceptionTranslationPostProcessor'
15:04:34.282 [main] DEBUG org.springframework.beans.factory.support.DefaultListableBeanFactory - Creating shared instance of singleton bean 'dataSourceInitializedPublisher'
15:04:34.282 [main] DEBUG org.springframework.beans.factory.support.DefaultListableBeanFactory - Creating instance of bean 'dataSourceInitializedPublisher'
15:04:34.283 [main] DEBUG org.springframework.beans.factory.annotation.InjectionMetadata - Registered injected element on class [org.springframework.boot.autoconfigure.orm.jpa.DataSourceInitializedPublisher]: AutowiredFieldElement for private org.springframework.context.ApplicationContext org.springframework.boot.autoconfigure.orm.jpa.DataSourceInitializedPublisher.applicationContext
15:04:34.283 [main] DEBUG org.springframework.beans.factory.support.DefaultListableBeanFactory - Eagerly caching bean 'dataSourceInitializedPublisher' to allow for resolving potential circular references
15:04:34.286 [main] DEBUG org.springframework.beans.factory.annotation.InjectionMetadata - Processing injected element of bean 'dataSourceInitializedPublisher': AutowiredFieldElement for private org.springframework.context.ApplicationContext org.springframework.boot.autoconfigure.orm.jpa.DataSourceInitializedPublisher.applicationContext
15:04:34.286 [main] DEBUG org.springframework.core.annotation.AnnotationUtils - Failed to meta-introspect annotation [interface org.springframework.beans.factory.annotation.Autowired]: java.lang.NullPointerException
15:04:34.287 [main] DEBUG org.springframework.beans.factory.annotation.AutowiredAnnotationBeanPostProcessor - Autowiring by type from bean name 'dataSourceInitializedPublisher' to bean named 'org.springframework.context.annotation.AnnotationConfigApplicationContext@86be70a'
15:04:34.288 [main] DEBUG org.springframework.beans.factory.support.DefaultListableBeanFactory - Finished creating instance of bean 'dataSourceInitializedPublisher'
15:04:34.291 [main] DEBUG org.springframework.context.annotation.AnnotationConfigApplicationContext - Unable to locate MessageSource with name 'messageSource': using default [org.springframework.context.support.DelegatingMessageSource@ec2bf82]
15:04:34.294 [main] DEBUG org.springframework.context.annotation.AnnotationConfigApplicationContext - Unable to locate ApplicationEventMulticaster with name 'applicationEventMulticaster': using default [org.springframework.context.event.SimpleApplicationEventMulticaster@3dddbe65]
15:04:34.308 [main] DEBUG org.springframework.beans.factory.support.DefaultListableBeanFactory - Pre-instantiating singletons in org.springframework.beans.factory.support.DefaultListableBeanFactory@2bbf180e: defining beans [org.springframework.context.annotation.internalConfigurationAnnotationProcessor,org.springframework.context.annotation.internalAutowiredAnnotationProcessor,org.springframework.context.annotation.internalRequiredAnnotationProcessor,org.springframework.context.annotation.internalCommonAnnotationProcessor,org.springframework.context.annotation.internalPersistenceAnnotationProcessor,org.springframework.context.event.internalEventListenerProcessor,org.springframework.context.event.internalEventListenerFactory,app,hibernateConfig,jsonDataController,userController,webController,categoryDAO,foodOutletDAO,productDAO,userDAO,org.springframework.boot.autoconfigure.AutoConfigurationPackages,org.springframework.transaction.annotation.ProxyTransactionManagementConfiguration,org.springframework.transaction.config.internalTransactionAdvisor,transactionAttributeSource,transactionInterceptor,org.springframework.transaction.config.internalTransactionalEventListenerFactory,getDataSource,getSessionFactory,getTransactionManager,org.springframework.aop.config.internalAutoProxyCreator,org.springframework.boot.autoconfigure.context.PropertyPlaceholderAutoConfiguration,org.springframework.boot.autoconfigure.condition.BeanTypeRegistry,propertySourcesPlaceholderConfigurer,org.springframework.boot.autoconfigure.jackson.JacksonAutoConfiguration$Jackson2ObjectMapperBuilderCustomizerConfiguration,standardJacksonObjectMapperBuilderCustomizer,spring.jackson-org.springframework.boot.autoconfigure.jackson.JacksonProperties,org.springframework.boot.context.properties.ConfigurationPropertiesBindingPostProcessor,org.springframework.boot.context.properties.ConfigurationBeanFactoryMetadata,org.springframework.boot.autoconfigure.jackson.JacksonAutoConfiguration$JacksonObjectMapperBuilderConfiguration,jacksonObjectMapperBuilder,org.springframework.boot.autoconfigure.jackson.JacksonAutoConfiguration$ParameterNamesModuleConfiguration,parameterNamesModule,org.springframework.boot.autoconfigure.jackson.JacksonAutoConfiguration$JacksonObjectMapperConfiguration,jacksonObjectMapper,org.springframework.boot.autoconfigure.jackson.JacksonAutoConfiguration,jsonComponentModule,org.springframework.boot.autoconfigure.http.codec.CodecsAutoConfiguration$JacksonCodecConfiguration,jacksonCodecCustomizer,org.springframework.boot.autoconfigure.http.codec.CodecsAutoConfiguration,org.springframework.boot.autoconfigure.validation.ValidationAutoConfiguration,defaultValidator,methodValidationPostProcessor,org.springframework.boot.autoconfigure.transaction.jta.JtaAutoConfiguration,spring.jta-org.springframework.boot.autoconfigure.transaction.jta.JtaProperties,org.springframework.boot.autoconfigure.jdbc.metadata.DataSourcePoolMetadataProvidersConfiguration$CommonsDbcp2PoolDataSourceMetadataProviderConfiguration,commonsDbcp2PoolDataSourceMetadataProvider,org.springframework.boot.autoconfigure.jdbc.metadata.DataSourcePoolMetadataProvidersConfiguration$HikariPoolDataSourceMetadataProviderConfiguration,hikariPoolDataSourceMetadataProvider,org.springframework.boot.autoconfigure.jdbc.metadata.DataSourcePoolMetadataProvidersConfiguration,org.springframework.boot.autoconfigure.jdbc.DataSourceInitializerInvoker,org.springframework.boot.autoconfigure.jdbc.DataSourceInitializationConfiguration,dataSourceInitializerPostProcessor,org.springframework.boot.autoconfigure.jdbc.DataSourceAutoConfiguration,spring.datasource-org.springframework.boot.autoconfigure.jdbc.DataSourceProperties,org.springframework.boot.autoconfigure.jdbc.JdbcTemplateAutoConfiguration$JdbcTemplateConfiguration,jdbcTemplate,org.springframework.boot.autoconfigure.jdbc.JdbcTemplateAutoConfiguration$NamedParameterJdbcTemplateConfiguration,namedParameterJdbcTemplate,org.springframework.boot.autoconfigure.jdbc.JdbcTemplateAutoConfiguration,spring.jdbc-org.springframework.boot.autoconfigure.jdbc.JdbcProperties,org.springframework.boot.autoconfigure.jmx.JmxAutoConfiguration,mbeanExporter,objectNamingStrategy,mbeanServer,org.springframework.boot.autoconfigure.aop.AopAutoConfiguration$CglibAutoProxyConfiguration,org.springframework.boot.autoconfigure.aop.AopAutoConfiguration,org.springframework.boot.autoconfigure.orm.jpa.HibernateJpaConfiguration,jpaVendorAdapter,entityManagerFactoryBuilder,spring.jpa-org.springframework.boot.autoconfigure.orm.jpa.JpaProperties,dataSourceInitializedPublisher,org.springframework.boot.autoconfigure.orm.jpa.HibernateJpaAutoConfiguration,org.springframework.boot.autoconfigure.context.ConfigurationPropertiesAutoConfiguration,org.springframework.boot.autoconfigure.dao.PersistenceExceptionTranslationAutoConfiguration,persistenceExceptionTranslationPostProcessor,org.springframework.boot.autoconfigure.data.jpa.JpaRepositoriesAutoConfiguration,emBeanDefinitionRegistrarPostProcessor,jpaMappingContext,jpaContext,org.springframework.boot.autoconfigure.http.HttpMessageConvertersAutoConfiguration$StringHttpMessageConverterConfiguration,stringHttpMessageConverter,spring.http.encoding-org.springframework.boot.autoconfigure.http.HttpEncodingProperties,org.springframework.boot.autoconfigure.http.JacksonHttpMessageConvertersConfiguration$MappingJackson2HttpMessageConverterConfiguration,mappingJackson2HttpMessageConverter,org.springframework.boot.autoconfigure.http.JacksonHttpMessageConvertersConfiguration,org.springframework.boot.autoconfigure.http.HttpMessageConvertersAutoConfiguration,messageConverters,org.springframework.boot.autoconfigure.info.ProjectInfoAutoConfiguration,spring.info-org.springframework.boot.autoconfigure.info.ProjectInfoProperties,org.springframework.boot.autoconfigure.jdbc.DataSourceTransactionManagerAutoConfiguration$DataSourceTransactionManagerConfiguration,org.springframework.boot.autoconfigure.jdbc.DataSourceTransactionManagerAutoConfiguration,org.springframework.boot.autoconfigure.transaction.TransactionAutoConfiguration$TransactionTemplateConfiguration,transactionTemplate,org.springframework.boot.autoconfigure.transaction.TransactionAutoConfiguration,platformTransactionManagerCustomizers,spring.transaction-org.springframework.boot.autoconfigure.transaction.TransactionProperties,org.springframework.boot.autoconfigure.security.reactive.ReactiveSecurityAutoConfiguration,spring.security-org.springframework.boot.autoconfigure.security.SecurityProperties,org.springframework.boot.autoconfigure.web.client.RestTemplateAutoConfiguration,restTemplateBuilder,org.springframework.boot.autoconfigure.web.embedded.EmbeddedWebServerFactoryCustomizerAutoConfiguration$TomcatWebServerFactoryCustomizerConfiguration,tomcatWebServerFactoryCustomizer,org.springframework.boot.autoconfigure.web.embedded.EmbeddedWebServerFactoryCustomizerAutoConfiguration,server-org.springframework.boot.autoconfigure.web.ServerProperties,org.springframework.orm.jpa.SharedEntityManagerCreator#0]; root of factory hierarchy
15:04:34.310 [main] DEBUG org.springframework.beans.factory.support.DefaultListableBeanFactory - Returning cached instance of singleton bean 'org.springframework.context.annotation.internalConfigurationAnnotationProcessor'
15:04:34.310 [main] DEBUG org.springframework.beans.factory.support.DefaultListableBeanFactory - Returning cached instance of singleton bean 'org.springframework.context.annotation.internalAutowiredAnnotationProcessor'
15:04:34.312 [main] DEBUG org.springframework.beans.factory.support.DefaultListableBeanFactory - Returning cached instance of singleton bean 'org.springframework.context.annotation.internalRequiredAnnotationProcessor'
15:04:34.313 [main] DEBUG org.springframework.beans.factory.support.DefaultListableBeanFactory - Returning cached instance of singleton bean 'org.springframework.context.annotation.internalCommonAnnotationProcessor'
15:04:34.313 [main] DEBUG org.springframework.beans.factory.support.DefaultListableBeanFactory - Returning cached instance of singleton bean 'org.springframework.context.annotation.internalPersistenceAnnotationProcessor'
15:04:34.313 [main] DEBUG org.springframework.beans.factory.support.DefaultListableBeanFactory - Creating shared instance of singleton bean 'org.springframework.context.event.internalEventListenerProcessor'
15:04:34.313 [main] DEBUG org.springframework.beans.factory.support.DefaultListableBeanFactory - Creating instance of bean 'org.springframework.context.event.internalEventListenerProcessor'
15:04:34.315 [main] DEBUG org.springframework.beans.factory.support.DefaultListableBeanFactory - Creating shared instance of singleton bean 'org.springframework.transaction.config.internalTransactionAdvisor'
15:04:34.315 [main] DEBUG org.springframework.beans.factory.support.DefaultListableBeanFactory - Creating instance of bean 'org.springframework.transaction.config.internalTransactionAdvisor'
15:04:34.315 [main] DEBUG org.springframework.beans.factory.support.DefaultListableBeanFactory - Creating shared instance of singleton bean 'org.springframework.transaction.annotation.ProxyTransactionManagementConfiguration'
15:04:34.316 [main] DEBUG org.springframework.beans.factory.support.DefaultListableBeanFactory - Creating instance of bean 'org.springframework.transaction.annotation.ProxyTransactionManagementConfiguration'
15:04:34.317 [main] DEBUG org.springframework.aop.framework.autoproxy.BeanFactoryAdvisorRetrievalHelper - Skipping currently created advisor 'org.springframework.transaction.config.internalTransactionAdvisor'
15:04:34.364 [main] DEBUG org.springframework.beans.factory.annotation.InjectionMetadata - Registered injected element on class [org.springframework.transaction.annotation.ProxyTransactionManagementConfiguration$$EnhancerBySpringCGLIB$$c1387637]: AutowiredMethodElement for void org.springframework.transaction.annotation.AbstractTransactionManagementConfiguration.setConfigurers(java.util.Collection)
15:04:34.364 [main] DEBUG org.springframework.beans.factory.support.DefaultListableBeanFactory - Eagerly caching bean 'org.springframework.transaction.annotation.ProxyTransactionManagementConfiguration' to allow for resolving potential circular references
15:04:34.365 [main] DEBUG org.springframework.beans.factory.annotation.InjectionMetadata - Processing injected element of bean 'org.springframework.transaction.annotation.ProxyTransactionManagementConfiguration': AutowiredMethodElement for void org.springframework.transaction.annotation.AbstractTransactionManagementConfiguration.setConfigurers(java.util.Collection)
15:04:34.370 [main] DEBUG org.springframework.beans.factory.support.DefaultListableBeanFactory - Returning cached instance of singleton bean 'org.springframework.context.annotation.ConfigurationClassPostProcessor.importRegistry'
15:04:34.371 [main] DEBUG org.springframework.aop.framework.autoproxy.BeanFactoryAdvisorRetrievalHelper - Skipping currently created advisor 'org.springframework.transaction.config.internalTransactionAdvisor'
15:04:34.372 [main] DEBUG org.springframework.aop.framework.autoproxy.BeanFactoryAdvisorRetrievalHelper - Skipping currently created advisor 'org.springframework.transaction.config.internalTransactionAdvisor'
15:04:34.374 [main] DEBUG org.springframework.beans.factory.support.DefaultListableBeanFactory - Finished creating instance of bean 'org.springframework.transaction.annotation.ProxyTransactionManagementConfiguration'
15:04:34.398 [main] DEBUG org.springframework.beans.factory.support.DefaultListableBeanFactory - Creating shared instance of singleton bean 'transactionAttributeSource'
15:04:34.399 [main] DEBUG org.springframework.beans.factory.support.DefaultListableBeanFactory - Creating instance of bean 'transactionAttributeSource'
15:04:34.399 [main] DEBUG org.springframework.aop.framework.autoproxy.BeanFactoryAdvisorRetrievalHelper - Skipping currently created advisor 'org.springframework.transaction.config.internalTransactionAdvisor'
15:04:34.399 [main] DEBUG org.springframework.beans.factory.support.DefaultListableBeanFactory - Returning cached instance of singleton bean 'org.springframework.transaction.annotation.ProxyTransactionManagementConfiguration'
15:04:34.438 [main] DEBUG org.springframework.beans.factory.support.DefaultListableBeanFactory - Eagerly caching bean 'transactionAttributeSource' to allow for resolving potential circular references
15:04:34.445 [main] DEBUG org.springframework.aop.framework.autoproxy.BeanFactoryAdvisorRetrievalHelper - Skipping currently created advisor 'org.springframework.transaction.config.internalTransactionAdvisor'
15:04:34.445 [main] DEBUG org.springframework.aop.framework.autoproxy.BeanFactoryAdvisorRetrievalHelper - Skipping currently created advisor 'org.springframework.transaction.config.internalTransactionAdvisor'
15:04:34.445 [main] DEBUG org.springframework.beans.factory.support.DefaultListableBeanFactory - Finished creating instance of bean 'transactionAttributeSource'
15:04:34.446 [main] DEBUG org.springframework.beans.factory.support.DefaultListableBeanFactory - Creating shared instance of singleton bean 'transactionInterceptor'
15:04:34.446 [main] DEBUG org.springframework.beans.factory.support.DefaultListableBeanFactory - Creating instance of bean 'transactionInterceptor'
15:04:34.446 [main] DEBUG org.springframework.beans.factory.support.DefaultListableBeanFactory - Returning cached instance of singleton bean 'org.springframework.transaction.annotation.ProxyTransactionManagementConfiguration'
15:04:34.450 [main] DEBUG org.springframework.beans.factory.support.DefaultListableBeanFactory - Returning cached instance of singleton bean 'transactionAttributeSource'
15:04:34.456 [main] DEBUG org.springframework.beans.factory.support.DefaultListableBeanFactory - Eagerly caching bean 'transactionInterceptor' to allow for resolving potential circular references
15:04:34.484 [main] DEBUG org.springframework.beans.factory.support.DefaultListableBeanFactory - Invoking afterPropertiesSet() on bean with name 'transactionInterceptor'
15:04:34.485 [main] DEBUG org.springframework.beans.factory.support.DefaultListableBeanFactory - Finished creating instance of bean 'transactionInterceptor'
15:04:34.487 [main] DEBUG org.springframework.beans.factory.support.DefaultListableBeanFactory - Eagerly caching bean 'org.springframework.transaction.config.internalTransactionAdvisor' to allow for resolving potential circular references
15:04:34.497 [main] DEBUG org.springframework.beans.factory.support.DefaultListableBeanFactory - Finished creating instance of bean 'org.springframework.transaction.config.internalTransactionAdvisor'
15:04:34.501 [main] DEBUG org.springframework.beans.factory.support.DefaultListableBeanFactory - Eagerly caching bean 'org.springframework.context.event.internalEventListenerProcessor' to allow for resolving potential circular references
15:04:34.506 [main] DEBUG org.springframework.beans.factory.support.DefaultListableBeanFactory - Returning cached instance of singleton bean 'org.springframework.transaction.config.internalTransactionAdvisor'
15:04:34.506 [main] DEBUG org.springframework.beans.factory.support.DefaultListableBeanFactory - Returning cached instance of singleton bean 'org.springframework.transaction.config.internalTransactionAdvisor'
15:04:34.510 [main] DEBUG org.springframework.beans.factory.support.DefaultListableBeanFactory - Finished creating instance of bean 'org.springframework.context.event.internalEventListenerProcessor'
15:04:34.510 [main] DEBUG org.springframework.beans.factory.support.DefaultListableBeanFactory - Creating shared instance of singleton bean 'org.springframework.context.event.internalEventListenerFactory'
15:04:34.510 [main] DEBUG org.springframework.beans.factory.support.DefaultListableBeanFactory - Creating instance of bean 'org.springframework.context.event.internalEventListenerFactory'
15:04:34.510 [main] DEBUG org.springframework.beans.factory.support.DefaultListableBeanFactory - Returning cached instance of singleton bean 'org.springframework.transaction.config.internalTransactionAdvisor'
15:04:34.511 [main] DEBUG org.springframework.beans.factory.support.DefaultListableBeanFactory - Eagerly caching bean 'org.springframework.context.event.internalEventListenerFactory' to allow for resolving potential circular references
15:04:34.516 [main] DEBUG org.springframework.beans.factory.support.DefaultListableBeanFactory - Returning cached instance of singleton bean 'org.springframework.transaction.config.internalTransactionAdvisor'
15:04:34.518 [main] DEBUG org.springframework.beans.factory.support.DefaultListableBeanFactory - Returning cached instance of singleton bean 'org.springframework.transaction.config.internalTransactionAdvisor'
15:04:34.521 [main] DEBUG org.springframework.beans.factory.support.DefaultListableBeanFactory - Finished creating instance of bean 'org.springframework.context.event.internalEventListenerFactory'
15:04:34.524 [main] DEBUG org.springframework.beans.factory.support.DefaultListableBeanFactory - Creating shared instance of singleton bean 'app'
15:04:34.524 [main] DEBUG org.springframework.beans.factory.support.DefaultListableBeanFactory - Creating instance of bean 'app'
15:04:34.524 [main] DEBUG org.springframework.beans.factory.support.DefaultListableBeanFactory - Returning cached instance of singleton bean 'org.springframework.transaction.config.internalTransactionAdvisor'
15:04:34.526 [main] DEBUG org.springframework.beans.factory.support.DefaultListableBeanFactory - Eagerly caching bean 'app' to allow for resolving potential circular references
15:04:34.533 [main] DEBUG org.springframework.beans.factory.support.DefaultListableBeanFactory - Returning cached instance of singleton bean 'org.springframework.transaction.config.internalTransactionAdvisor'
15:04:34.533 [main] DEBUG org.springframework.beans.factory.support.DefaultListableBeanFactory - Returning cached instance of singleton bean 'org.springframework.transaction.config.internalTransactionAdvisor'
15:04:34.539 [main] DEBUG org.springframework.beans.factory.support.DefaultListableBeanFactory - Finished creating instance of bean 'app'
15:04:34.541 [main] DEBUG org.springframework.beans.factory.support.DefaultListableBeanFactory - Creating shared instance of singleton bean 'hibernateConfig'
15:04:34.542 [main] DEBUG org.springframework.beans.factory.support.DefaultListableBeanFactory - Creating instance of bean 'hibernateConfig'
15:04:34.542 [main] DEBUG org.springframework.beans.factory.support.DefaultListableBeanFactory - Returning cached instance of singleton bean 'org.springframework.transaction.config.internalTransactionAdvisor'
15:04:34.544 [main] DEBUG org.springframework.beans.factory.support.DefaultListableBeanFactory - Eagerly caching bean 'hibernateConfig' to allow for resolving potential circular references
15:04:34.549 [main] DEBUG org.springframework.beans.factory.support.DefaultListableBeanFactory - Returning cached instance of singleton bean 'org.springframework.transaction.config.internalTransactionAdvisor'
15:04:34.550 [main] DEBUG org.springframework.beans.factory.support.DefaultListableBeanFactory - Returning cached instance of singleton bean 'org.springframework.transaction.config.internalTransactionAdvisor'
15:04:34.551 [main] DEBUG org.springframework.beans.factory.support.DefaultListableBeanFactory - Finished creating instance of bean 'hibernateConfig'
15:04:34.552 [main] DEBUG org.springframework.beans.factory.support.DefaultListableBeanFactory - Creating shared instance of singleton bean 'jsonDataController'
15:04:34.552 [main] DEBUG org.springframework.beans.factory.support.DefaultListableBeanFactory - Creating instance of bean 'jsonDataController'
15:04:34.553 [main] DEBUG org.springframework.beans.factory.support.DefaultListableBeanFactory - Returning cached instance of singleton bean 'org.springframework.transaction.config.internalTransactionAdvisor'
15:04:34.554 [main] DEBUG org.springframework.beans.factory.annotation.InjectionMetadata - Registered injected element on class [org.reverside.bootcamp.ubereats.controller.JsonDataController]: AutowiredFieldElement for private org.reverside.bootcamp.ubereats.repository.ProductDAO org.reverside.bootcamp.ubereats.controller.JsonDataController.productDAO
15:04:34.556 [main] DEBUG org.springframework.beans.factory.support.DefaultListableBeanFactory - Eagerly caching bean 'jsonDataController' to allow for resolving potential circular references
15:04:34.569 [main] DEBUG org.springframework.beans.factory.annotation.InjectionMetadata - Processing injected element of bean 'jsonDataController': AutowiredFieldElement for private org.reverside.bootcamp.ubereats.repository.ProductDAO org.reverside.bootcamp.ubereats.controller.JsonDataController.productDAO
15:04:34.570 [main] DEBUG org.springframework.core.annotation.AnnotationUtils - Failed to meta-introspect annotation [interface org.springframework.beans.factory.annotation.Autowired]: java.lang.NullPointerException
15:04:34.571 [main] DEBUG org.springframework.beans.factory.support.DefaultListableBeanFactory - Creating shared instance of singleton bean 'productDAO'
15:04:34.572 [main] DEBUG org.springframework.beans.factory.support.DefaultListableBeanFactory - Creating instance of bean 'productDAO'
15:04:34.572 [main] DEBUG org.springframework.beans.factory.support.DefaultListableBeanFactory - Returning cached instance of singleton bean 'org.springframework.transaction.config.internalTransactionAdvisor'
15:04:34.573 [main] DEBUG org.springframework.beans.factory.annotation.InjectionMetadata - Registered injected element on class [org.reverside.bootcamp.ubereats.repositoryImpl.ProductDaoImpl]: AutowiredFieldElement for private org.hibernate.SessionFactory org.reverside.bootcamp.ubereats.repositoryImpl.ProductDaoImpl.sessionFactory
15:04:34.574 [main] DEBUG org.springframework.beans.factory.support.DefaultListableBeanFactory - Eagerly caching bean 'productDAO' to allow for resolving potential circular references
15:04:34.577 [main] DEBUG org.springframework.beans.factory.annotation.InjectionMetadata - Processing injected element of bean 'productDAO': AutowiredFieldElement for private org.hibernate.SessionFactory org.reverside.bootcamp.ubereats.repositoryImpl.ProductDaoImpl.sessionFactory
15:04:34.578 [main] DEBUG org.springframework.core.annotation.AnnotationUtils - Failed to meta-introspect annotation [interface org.springframework.beans.factory.annotation.Autowired]: java.lang.NullPointerException
15:04:34.579 [main] DEBUG org.springframework.beans.factory.support.DefaultListableBeanFactory - Creating shared instance of singleton bean 'getSessionFactory'
15:04:34.579 [main] DEBUG org.springframework.beans.factory.support.DefaultListableBeanFactory - Creating instance of bean 'getSessionFactory'
15:04:34.580 [main] DEBUG org.springframework.beans.factory.support.DefaultListableBeanFactory - Returning cached instance of singleton bean 'org.springframework.transaction.config.internalTransactionAdvisor'
15:04:34.580 [main] DEBUG org.springframework.beans.factory.support.DefaultListableBeanFactory - Returning cached instance of singleton bean 'hibernateConfig'
15:04:34.581 [main] DEBUG org.springframework.beans.factory.support.DefaultListableBeanFactory - Creating shared instance of singleton bean 'getDataSource'
15:04:34.581 [main] DEBUG org.springframework.beans.factory.support.DefaultListableBeanFactory - Creating instance of bean 'getDataSource'
15:04:34.581 [main] DEBUG org.springframework.beans.factory.support.DefaultListableBeanFactory - Returning cached instance of singleton bean 'org.springframework.transaction.config.internalTransactionAdvisor'
15:04:34.581 [main] DEBUG org.springframework.beans.factory.support.DefaultListableBeanFactory - Returning cached instance of singleton bean 'hibernateConfig'
15:04:34.694 [main] DEBUG org.springframework.beans.factory.support.DefaultListableBeanFactory - Eagerly caching bean 'getDataSource' to allow for resolving potential circular references
15:04:34.707 [main] DEBUG org.springframework.beans.factory.support.DefaultListableBeanFactory - Returning cached instance of singleton bean 'org.springframework.transaction.config.internalTransactionAdvisor'
15:04:34.707 [main] DEBUG org.springframework.beans.factory.support.DefaultListableBeanFactory - Returning cached instance of singleton bean 'org.springframework.transaction.config.internalTransactionAdvisor'
15:04:34.727 [main] DEBUG org.springframework.beans.factory.support.DefaultListableBeanFactory - Creating shared instance of singleton bean 'org.springframework.boot.autoconfigure.jdbc.DataSourceInitializerInvoker'
15:04:34.727 [main] DEBUG org.springframework.beans.factory.support.DefaultListableBeanFactory - Creating instance of bean 'org.springframework.boot.autoconfigure.jdbc.DataSourceInitializerInvoker'
15:04:34.727 [main] DEBUG org.springframework.beans.factory.support.DefaultListableBeanFactory - Returning cached instance of singleton bean 'org.springframework.transaction.config.internalTransactionAdvisor'
15:04:34.733 [main] DEBUG org.springframework.beans.factory.support.DefaultListableBeanFactory - Creating shared instance of singleton bean 'spring.datasource-org.springframework.boot.autoconfigure.jdbc.DataSourceProperties'
15:04:34.733 [main] DEBUG org.springframework.beans.factory.support.DefaultListableBeanFactory - Creating instance of bean 'spring.datasource-org.springframework.boot.autoconfigure.jdbc.DataSourceProperties'
15:04:34.733 [main] DEBUG org.springframework.beans.factory.support.DefaultListableBeanFactory - Returning cached instance of singleton bean 'org.springframework.transaction.config.internalTransactionAdvisor'
15:04:34.738 [main] DEBUG org.springframework.beans.factory.support.DefaultListableBeanFactory - Eagerly caching bean 'spring.datasource-org.springframework.boot.autoconfigure.jdbc.DataSourceProperties' to allow for resolving potential circular references
15:04:34.760 [main] DEBUG org.springframework.beans.factory.support.DefaultListableBeanFactory - Creating instance of bean 'org.springframework.boot.context.properties.ConversionServiceDeducer$Factory'
15:04:34.761 [main] DEBUG org.springframework.beans.factory.support.DefaultListableBeanFactory - Returning cached instance of singleton bean 'org.springframework.transaction.config.internalTransactionAdvisor'
15:04:34.797 [main] DEBUG org.springframework.beans.factory.annotation.InjectionMetadata - Registered injected element on class [org.springframework.boot.context.properties.ConversionServiceDeducer$Factory]: AutowiredMethodElement for public void org.springframework.boot.context.properties.ConversionServiceDeducer$Factory.setGenericConverters(java.util.List)
15:04:34.798 [main] DEBUG org.springframework.beans.factory.annotation.InjectionMetadata - Registered injected element on class [org.springframework.boot.context.properties.ConversionServiceDeducer$Factory]: AutowiredMethodElement for public void org.springframework.boot.context.properties.ConversionServiceDeducer$Factory.setConverters(java.util.List)
15:04:34.798 [main] DEBUG org.springframework.beans.factory.annotation.InjectionMetadata - Processing injected element of bean 'org.springframework.boot.context.properties.ConversionServiceDeducer$Factory': AutowiredMethodElement for public void org.springframework.boot.context.properties.ConversionServiceDeducer$Factory.setGenericConverters(java.util.List)
15:04:34.802 [main] DEBUG org.springframework.beans.factory.annotation.InjectionMetadata - Processing injected element of bean 'org.springframework.boot.context.properties.ConversionServiceDeducer$Factory': AutowiredMethodElement for public void org.springframework.boot.context.properties.ConversionServiceDeducer$Factory.setConverters(java.util.List)
15:04:34.806 [main] DEBUG org.springframework.beans.factory.support.DefaultListableBeanFactory - Returning cached instance of singleton bean 'org.springframework.transaction.config.internalTransactionAdvisor'
15:04:34.809 [main] DEBUG org.springframework.beans.factory.support.DefaultListableBeanFactory - Returning cached instance of singleton bean 'org.springframework.transaction.config.internalTransactionAdvisor'
15:04:34.812 [main] DEBUG org.springframework.beans.factory.support.DefaultListableBeanFactory - Finished creating instance of bean 'org.springframework.boot.context.properties.ConversionServiceDeducer$Factory'
15:04:34.820 [main] DEBUG org.springframework.beans.factory.support.DefaultListableBeanFactory - Invoking afterPropertiesSet() on bean with name 'spring.datasource-org.springframework.boot.autoconfigure.jdbc.DataSourceProperties'
15:04:34.822 [main] DEBUG org.springframework.beans.factory.support.DefaultListableBeanFactory - Returning cached instance of singleton bean 'org.springframework.transaction.config.internalTransactionAdvisor'
15:04:34.822 [main] DEBUG org.springframework.beans.factory.support.DefaultListableBeanFactory - Returning cached instance of singleton bean 'org.springframework.transaction.config.internalTransactionAdvisor'
15:04:34.824 [main] DEBUG org.springframework.beans.factory.support.DefaultListableBeanFactory - Finished creating instance of bean 'spring.datasource-org.springframework.boot.autoconfigure.jdbc.DataSourceProperties'
15:04:34.825 [main] DEBUG org.springframework.beans.factory.support.DefaultListableBeanFactory - Autowiring by type from bean name 'org.springframework.boot.autoconfigure.jdbc.DataSourceInitializerInvoker' via constructor to bean named 'spring.datasource-org.springframework.boot.autoconfigure.jdbc.DataSourceProperties'
15:04:34.826 [main] DEBUG org.springframework.beans.factory.support.DefaultListableBeanFactory - Autowiring by type from bean name 'org.springframework.boot.autoconfigure.jdbc.DataSourceInitializerInvoker' via constructor to bean named 'org.springframework.context.annotation.AnnotationConfigApplicationContext@86be70a'
15:04:34.826 [main] DEBUG org.springframework.beans.factory.support.DefaultListableBeanFactory - Eagerly caching bean 'org.springframework.boot.autoconfigure.jdbc.DataSourceInitializerInvoker' to allow for resolving potential circular references
15:04:34.834 [main] DEBUG org.springframework.beans.factory.support.DefaultListableBeanFactory - Invoking afterPropertiesSet() on bean with name 'org.springframework.boot.autoconfigure.jdbc.DataSourceInitializerInvoker'
15:04:34.835 [main] DEBUG org.springframework.beans.factory.support.DefaultListableBeanFactory - Returning eagerly cached instance of singleton bean 'getDataSource' that is not fully initialized yet - a consequence of a circular reference
15:04:34.839 [main] DEBUG org.springframework.core.io.support.PathMatchingResourcePatternResolver - Resolved classpath location [schema-all.sql] to resources []
15:04:34.841 [main] DEBUG org.springframework.core.io.support.PathMatchingResourcePatternResolver - Resolved classpath location [schema.sql] to resources []
15:04:34.841 [main] DEBUG org.springframework.beans.factory.support.DefaultListableBeanFactory - Returning cached instance of singleton bean 'org.springframework.transaction.config.internalTransactionAdvisor'
15:04:34.841 [main] DEBUG org.springframework.beans.factory.support.DefaultListableBeanFactory - Returning cached instance of singleton bean 'org.springframework.transaction.config.internalTransactionAdvisor'
15:04:34.843 [main] DEBUG org.springframework.beans.factory.support.DefaultListableBeanFactory - Finished creating instance of bean 'org.springframework.boot.autoconfigure.jdbc.DataSourceInitializerInvoker'
15:04:34.843 [main] DEBUG org.springframework.beans.factory.support.DefaultListableBeanFactory - Finished creating instance of bean 'getDataSource'
15:04:34.861 [main] DEBUG org.springframework.beans.factory.support.DefaultListableBeanFactory - Autowiring by type from bean name 'getSessionFactory' via factory method to bean named 'getDataSource'
15:04:34.996 [main] DEBUG org.hibernate.integrator.internal.IntegratorServiceImpl - Adding Integrator [org.hibernate.cfg.beanvalidation.BeanValidationIntegrator].
15:04:35.024 [main] DEBUG org.hibernate.integrator.internal.IntegratorServiceImpl - Adding Integrator [org.hibernate.secure.spi.JaccIntegrator].
15:04:35.036 [main] DEBUG org.hibernate.integrator.internal.IntegratorServiceImpl - Adding Integrator [org.hibernate.cache.internal.CollectionCacheInvalidator].
15:04:35.456 [main] INFO org.hibernate.Version - HHH000412: Hibernate Core {5.2.14.Final}
15:04:35.466 [main] INFO org.hibernate.cfg.Environment - HHH000206: hibernate.properties not found
15:04:35.577 [main] DEBUG org.springframework.core.io.support.PathMatchingResourcePatternResolver - Resolved classpath location [org/reverside/bootcamp/ubereats/dto/] to resources [URL [file:/C:/Users/User/eclipse-workspace/ubereats/target/classes/org/reverside/bootcamp/ubereats/dto/]]
15:04:35.577 [main] DEBUG org.springframework.core.io.support.PathMatchingResourcePatternResolver - Looking for matching resources in directory tree [C:\Users\User\eclipse-workspace\ubereats\target\classes\org\reverside\bootcamp\ubereats\dto]
15:04:35.577 [main] DEBUG org.springframework.core.io.support.PathMatchingResourcePatternResolver - Searching directory [C:\Users\User\eclipse-workspace\ubereats\target\classes\org\reverside\bootcamp\ubereats\dto] for files matching pattern [C:/Users/User/eclipse-workspace/ubereats/target/classes/org/reverside/bootcamp/ubereats/dto/**/*.class]
15:04:35.581 [main] DEBUG org.springframework.core.io.support.PathMatchingResourcePatternResolver - Resolved location pattern [classpath*:org/reverside/bootcamp/ubereats/dto/**/*.class] to resources [file [C:\Users\User\eclipse-workspace\ubereats\target\classes\org\reverside\bootcamp\ubereats\dto\Account.class], file [C:\Users\User\eclipse-workspace\ubereats\target\classes\org\reverside\bootcamp\ubereats\dto\Admin.class], file [C:\Users\User\eclipse-workspace\ubereats\target\classes\org\reverside\bootcamp\ubereats\dto\Cart.class], file [C:\Users\User\eclipse-workspace\ubereats\target\classes\org\reverside\bootcamp\ubereats\dto\CartItem.class], file [C:\Users\User\eclipse-workspace\ubereats\target\classes\org\reverside\bootcamp\ubereats\dto\Category.class], file [C:\Users\User\eclipse-workspace\ubereats\target\classes\org\reverside\bootcamp\ubereats\dto\Delivery.class], file [C:\Users\User\eclipse-workspace\ubereats\target\classes\org\reverside\bootcamp\ubereats\dto\Driver.class], file [C:\Users\User\eclipse-workspace\ubereats\target\classes\org\reverside\bootcamp\ubereats\dto\FoodOutlet.class], file [C:\Users\User\eclipse-workspace\ubereats\target\classes\org\reverside\bootcamp\ubereats\dto\Menu.class], file [C:\Users\User\eclipse-workspace\ubereats\target\classes\org\reverside\bootcamp\ubereats\dto\Product.class], file [C:\Users\User\eclipse-workspace\ubereats\target\classes\org\reverside\bootcamp\ubereats\dto\Role.class], file [C:\Users\User\eclipse-workspace\ubereats\target\classes\org\reverside\bootcamp\ubereats\dto\User.class]]
15:04:35.651 [main] DEBUG org.hibernate.cfg.Configuration - Building session factory using internal StandardServiceRegistryBuilder
15:04:35.695 [main] DEBUG org.hibernate.service.spi.ServiceBinding - Overriding existing service binding [org.hibernate.secure.spi.JaccService]
15:04:35.695 [main] DEBUG org.hibernate.cfg.Configuration - Building session factory using provided StandardServiceRegistry
15:04:35.847 [main] DEBUG org.hibernate.cache.internal.RegionFactoryInitiator - Cache region factory : org.hibernate.cache.internal.NoCachingRegionFactory
15:04:35.859 [main] INFO org.hibernate.annotations.common.Version - HCANN000001: Hibernate Commons Annotations {5.0.1.Final}
15:04:35.964 [main] DEBUG org.hibernate.type.BasicTypeRegistry - Adding type registration boolean -> org.hibernate.type.BooleanType@1d207fad
15:04:35.964 [main] DEBUG org.hibernate.type.BasicTypeRegistry - Adding type registration boolean -> org.hibernate.type.BooleanType@1d207fad
15:04:35.964 [main] DEBUG org.hibernate.type.BasicTypeRegistry - Adding type registration java.lang.Boolean -> org.hibernate.type.BooleanType@1d207fad
15:04:35.965 [main] DEBUG org.hibernate.type.BasicTypeRegistry - Adding type registration numeric_boolean -> org.hibernate.type.NumericBooleanType@59942b48
15:04:35.968 [main] DEBUG org.hibernate.type.BasicTypeRegistry - Adding type registration true_false -> org.hibernate.type.TrueFalseType@f9b5552
15:04:35.969 [main] DEBUG org.hibernate.type.BasicTypeRegistry - Adding type registration yes_no -> org.hibernate.type.YesNoType@bdecc21
15:04:35.970 [main] DEBUG org.hibernate.type.BasicTypeRegistry - Adding type registration byte -> org.hibernate.type.ByteType@4f20a5e0
15:04:35.970 [main] DEBUG org.hibernate.type.BasicTypeRegistry - Adding type registration byte -> org.hibernate.type.ByteType@4f20a5e0
15:04:35.970 [main] DEBUG org.hibernate.type.BasicTypeRegistry - Adding type registration java.lang.Byte -> org.hibernate.type.ByteType@4f20a5e0
15:04:35.972 [main] DEBUG org.hibernate.type.BasicTypeRegistry - Adding type registration character -> org.hibernate.type.CharacterType@22fba58c
15:04:35.972 [main] DEBUG org.hibernate.type.BasicTypeRegistry - Adding type registration char -> org.hibernate.type.CharacterType@22fba58c
15:04:35.972 [main] DEBUG org.hibernate.type.BasicTypeRegistry - Adding type registration java.lang.Character -> org.hibernate.type.CharacterType@22fba58c
15:04:35.974 [main] DEBUG org.hibernate.type.BasicTypeRegistry - Adding type registration short -> org.hibernate.type.ShortType@6079cf5
15:04:35.974 [main] DEBUG org.hibernate.type.BasicTypeRegistry - Adding type registration short -> org.hibernate.type.ShortType@6079cf5
15:04:35.974 [main] DEBUG org.hibernate.type.BasicTypeRegistry - Adding type registration java.lang.Short -> org.hibernate.type.ShortType@6079cf5
15:04:35.977 [main] DEBUG org.hibernate.type.BasicTypeRegistry - Adding type registration integer -> org.hibernate.type.IntegerType@5226e402
15:04:35.977 [main] DEBUG org.hibernate.type.BasicTypeRegistry - Adding type registration int -> org.hibernate.type.IntegerType@5226e402
15:04:35.977 [main] DEBUG org.hibernate.type.BasicTypeRegistry - Adding type registration java.lang.Integer -> org.hibernate.type.IntegerType@5226e402
15:04:35.979 [main] DEBUG org.hibernate.type.BasicTypeRegistry - Adding type registration long -> org.hibernate.type.LongType@43cf6ea3
15:04:35.979 [main] DEBUG org.hibernate.type.BasicTypeRegistry - Adding type registration long -> org.hibernate.type.LongType@43cf6ea3
15:04:35.979 [main] DEBUG org.hibernate.type.BasicTypeRegistry - Adding type registration java.lang.Long -> org.hibernate.type.LongType@43cf6ea3
15:04:35.982 [main] DEBUG org.hibernate.type.BasicTypeRegistry - Adding type registration float -> org.hibernate.type.FloatType@512d4583
15:04:35.982 [main] DEBUG org.hibernate.type.BasicTypeRegistry - Adding type registration float -> org.hibernate.type.FloatType@512d4583
15:04:35.982 [main] DEBUG org.hibernate.type.BasicTypeRegistry - Adding type registration java.lang.Float -> org.hibernate.type.FloatType@512d4583
15:04:35.984 [main] DEBUG org.hibernate.type.BasicTypeRegistry - Adding type registration double -> org.hibernate.type.DoubleType@64f555e7
15:04:35.984 [main] DEBUG org.hibernate.type.BasicTypeRegistry - Adding type registration double -> org.hibernate.type.DoubleType@64f555e7
15:04:35.984 [main] DEBUG org.hibernate.type.BasicTypeRegistry - Adding type registration java.lang.Double -> org.hibernate.type.DoubleType@64f555e7
15:04:35.988 [main] DEBUG org.hibernate.type.BasicTypeRegistry - Adding type registration big_decimal -> org.hibernate.type.BigDecimalType@29be7749
15:04:35.988 [main] DEBUG org.hibernate.type.BasicTypeRegistry - Adding type registration java.math.BigDecimal -> org.hibernate.type.BigDecimalType@29be7749
15:04:35.989 [main] DEBUG org.hibernate.type.BasicTypeRegistry - Adding type registration big_integer -> org.hibernate.type.BigIntegerType@10ec523c
15:04:35.990 [main] DEBUG org.hibernate.type.BasicTypeRegistry - Adding type registration java.math.BigInteger -> org.hibernate.type.BigIntegerType@10ec523c
15:04:35.990 [main] DEBUG org.hibernate.type.BasicTypeRegistry - Adding type registration string -> org.hibernate.type.StringType@245a060f
15:04:35.990 [main] DEBUG org.hibernate.type.BasicTypeRegistry - Adding type registration java.lang.String -> org.hibernate.type.StringType@245a060f
15:04:35.992 [main] DEBUG org.hibernate.type.BasicTypeRegistry - Adding type registration nstring -> org.hibernate.type.StringNVarcharType@2d195ee4
15:04:35.993 [main] DEBUG org.hibernate.type.BasicTypeRegistry - Adding type registration ncharacter -> org.hibernate.type.CharacterNCharType@35f8a9d3
15:04:35.994 [main] DEBUG org.hibernate.type.BasicTypeRegistry - Adding type registration url -> org.hibernate.type.UrlType@a50ae65
15:04:35.994 [main] DEBUG org.hibernate.type.BasicTypeRegistry - Adding type registration java.net.URL -> org.hibernate.type.UrlType@a50ae65
15:04:35.995 [main] DEBUG org.hibernate.type.BasicTypeRegistry - Adding type registration Duration -> org.hibernate.type.DurationType@4fcc0416
15:04:35.995 [main] DEBUG org.hibernate.type.BasicTypeRegistry - Adding type registration java.time.Duration -> org.hibernate.type.DurationType@4fcc0416
15:04:35.997 [main] DEBUG org.hibernate.type.BasicTypeRegistry - Adding type registration Instant -> org.hibernate.type.InstantType@6ef81f31
15:04:35.997 [main] DEBUG org.hibernate.type.BasicTypeRegistry - Adding type registration java.time.Instant -> org.hibernate.type.InstantType@6ef81f31
15:04:35.998 [main] DEBUG org.hibernate.type.BasicTypeRegistry - Adding type registration LocalDateTime -> org.hibernate.type.LocalDateTimeType@6a969fb8
15:04:35.998 [main] DEBUG org.hibernate.type.BasicTypeRegistry - Adding type registration java.time.LocalDateTime -> org.hibernate.type.LocalDateTimeType@6a969fb8
15:04:36.000 [main] DEBUG org.hibernate.type.BasicTypeRegistry - Adding type registration LocalDate -> org.hibernate.type.LocalDateType@27aae97b
15:04:36.000 [main] DEBUG org.hibernate.type.BasicTypeRegistry - Adding type registration java.time.LocalDate -> org.hibernate.type.LocalDateType@27aae97b
15:04:36.002 [main] DEBUG org.hibernate.type.BasicTypeRegistry - Adding type registration LocalTime -> org.hibernate.type.LocalTimeType@5dc3fcb7
15:04:36.002 [main] DEBUG org.hibernate.type.BasicTypeRegistry - Adding type registration java.time.LocalTime -> org.hibernate.type.LocalTimeType@5dc3fcb7
15:04:36.004 [main] DEBUG org.hibernate.type.BasicTypeRegistry - Adding type registration OffsetDateTime -> org.hibernate.type.OffsetDateTimeType@7a799159
15:04:36.004 [main] DEBUG org.hibernate.type.BasicTypeRegistry - Adding type registration java.time.OffsetDateTime -> org.hibernate.type.OffsetDateTimeType@7a799159
15:04:36.006 [main] DEBUG org.hibernate.type.BasicTypeRegistry - Adding type registration OffsetTime -> org.hibernate.type.OffsetTimeType@21719a0
15:04:36.006 [main] DEBUG org.hibernate.type.BasicTypeRegistry - Adding type registration java.time.OffsetTime -> org.hibernate.type.OffsetTimeType@21719a0
15:04:36.021 [main] DEBUG org.hibernate.type.BasicTypeRegistry - Adding type registration ZonedDateTime -> org.hibernate.type.ZonedDateTimeType@7578e06a
15:04:36.021 [main] DEBUG org.hibernate.type.BasicTypeRegistry - Adding type registration java.time.ZonedDateTime -> org.hibernate.type.ZonedDateTimeType@7578e06a
15:04:36.027 [main] DEBUG org.hibernate.type.BasicTypeRegistry - Adding type registration date -> org.hibernate.type.DateType@6050462a
15:04:36.027 [main] DEBUG org.hibernate.type.BasicTypeRegistry - Adding type registration java.sql.Date -> org.hibernate.type.DateType@6050462a
15:04:36.030 [main] DEBUG org.hibernate.type.BasicTypeRegistry - Adding type registration time -> org.hibernate.type.TimeType@7b208b45
15:04:36.030 [main] DEBUG org.hibernate.type.BasicTypeRegistry - Adding type registration java.sql.Time -> org.hibernate.type.TimeType@7b208b45
15:04:36.033 [main] DEBUG org.hibernate.type.BasicTypeRegistry - Adding type registration timestamp -> org.hibernate.type.TimestampType@783efb48
15:04:36.033 [main] DEBUG org.hibernate.type.BasicTypeRegistry - Adding type registration java.sql.Timestamp -> org.hibernate.type.TimestampType@783efb48
15:04:36.033 [main] DEBUG org.hibernate.type.BasicTypeRegistry - Adding type registration java.util.Date -> org.hibernate.type.TimestampType@783efb48
15:04:36.038 [main] DEBUG org.hibernate.type.BasicTypeRegistry - Adding type registration dbtimestamp -> org.hibernate.type.DbTimestampType@c446b14
15:04:36.040 [main] DEBUG org.hibernate.type.BasicTypeRegistry - Adding type registration calendar -> org.hibernate.type.CalendarType@2b0b4d53
15:04:36.040 [main] DEBUG org.hibernate.type.BasicTypeRegistry - Adding type registration java.util.Calendar -> org.hibernate.type.CalendarType@2b0b4d53
15:04:36.040 [main] DEBUG org.hibernate.type.BasicTypeRegistry - Adding type registration java.util.GregorianCalendar -> org.hibernate.type.CalendarType@2b0b4d53
15:04:36.041 [main] DEBUG org.hibernate.type.BasicTypeRegistry - Adding type registration calendar_date -> org.hibernate.type.CalendarDateType@41aaedaa
15:04:36.045 [main] DEBUG org.hibernate.type.BasicTypeRegistry - Adding type registration locale -> org.hibernate.type.LocaleType@6fca2a8f
15:04:36.046 [main] DEBUG org.hibernate.type.BasicTypeRegistry - Adding type registration java.util.Locale -> org.hibernate.type.LocaleType@6fca2a8f
15:04:36.048 [main] DEBUG org.hibernate.type.BasicTypeRegistry - Adding type registration currency -> org.hibernate.type.CurrencyType@4078695f
15:04:36.048 [main] DEBUG org.hibernate.type.BasicTypeRegistry - Adding type registration java.util.Currency -> org.hibernate.type.CurrencyType@4078695f
15:04:36.050 [main] DEBUG org.hibernate.type.BasicTypeRegistry - Adding type registration timezone -> org.hibernate.type.TimeZoneType@3005db4a
15:04:36.050 [main] DEBUG org.hibernate.type.BasicTypeRegistry - Adding type registration java.util.TimeZone -> org.hibernate.type.TimeZoneType@3005db4a
15:04:36.078 [main] DEBUG org.hibernate.type.BasicTypeRegistry - Adding type registration class -> org.hibernate.type.ClassType@7a639ec5
15:04:36.078 [main] DEBUG org.hibernate.type.BasicTypeRegistry - Adding type registration java.lang.Class -> org.hibernate.type.ClassType@7a639ec5
15:04:36.082 [main] DEBUG org.hibernate.type.BasicTypeRegistry - Adding type registration uuid-binary -> org.hibernate.type.UUIDBinaryType@27f74733
15:04:36.083 [main] DEBUG org.hibernate.type.BasicTypeRegistry - Adding type registration java.util.UUID -> org.hibernate.type.UUIDBinaryType@27f74733
15:04:36.084 [main] DEBUG org.hibernate.type.BasicTypeRegistry - Adding type registration uuid-char -> org.hibernate.type.UUIDCharType@57fae983
15:04:36.086 [main] DEBUG org.hibernate.type.BasicTypeRegistry - Adding type registration binary -> org.hibernate.type.BinaryType@417d6615
15:04:36.086 [main] DEBUG org.hibernate.type.BasicTypeRegistry - Adding type registration byte[] -> org.hibernate.type.BinaryType@417d6615
15:04:36.086 [main] DEBUG org.hibernate.type.BasicTypeRegistry - Adding type registration [B -> org.hibernate.type.BinaryType@417d6615
15:04:36.088 [main] DEBUG org.hibernate.type.BasicTypeRegistry - Adding type registration wrapper-binary -> org.hibernate.type.WrapperBinaryType@6de30571
15:04:36.089 [main] DEBUG org.hibernate.type.BasicTypeRegistry - Adding type registration Byte[] -> org.hibernate.type.WrapperBinaryType@6de30571
15:04:36.089 [main] DEBUG org.hibernate.type.BasicTypeRegistry - Adding type registration [Ljava.lang.Byte; -> org.hibernate.type.WrapperBinaryType@6de30571
15:04:36.091 [main] DEBUG org.hibernate.type.BasicTypeRegistry - Adding type registration row_version -> org.hibernate.type.RowVersionType@7906578e
15:04:36.096 [main] DEBUG org.hibernate.type.BasicTypeRegistry - Adding type registration image -> org.hibernate.type.ImageType@659925f4
15:04:36.098 [main] DEBUG org.hibernate.type.BasicTypeRegistry - Adding type registration characters -> org.hibernate.type.CharArrayType@659a2455
15:04:36.099 [main] DEBUG org.hibernate.type.BasicTypeRegistry - Adding type registration char[] -> org.hibernate.type.CharArrayType@659a2455
15:04:36.099 [main] DEBUG org.hibernate.type.BasicTypeRegistry - Adding type registration [C -> org.hibernate.type.CharArrayType@659a2455
15:04:36.101 [main] DEBUG org.hibernate.type.BasicTypeRegistry - Adding type registration wrapper-characters -> org.hibernate.type.CharacterArrayType@614aeccc
15:04:36.101 [main] DEBUG org.hibernate.type.BasicTypeRegistry - Adding type registration [Ljava.lang.Character; -> org.hibernate.type.CharacterArrayType@614aeccc
15:04:36.101 [main] DEBUG org.hibernate.type.BasicTypeRegistry - Adding type registration Character[] -> org.hibernate.type.CharacterArrayType@614aeccc
15:04:36.102 [main] DEBUG org.hibernate.type.BasicTypeRegistry - Adding type registration text -> org.hibernate.type.TextType@56ba8773
15:04:36.104 [main] DEBUG org.hibernate.type.BasicTypeRegistry - Adding type registration ntext -> org.hibernate.type.NTextType@3a91d146
15:04:36.116 [main] DEBUG org.hibernate.type.BasicTypeRegistry - Adding type registration blob -> org.hibernate.type.BlobType@878537d
15:04:36.116 [main] DEBUG org.hibernate.type.BasicTypeRegistry - Adding type registration java.sql.Blob -> org.hibernate.type.BlobType@878537d
15:04:36.117 [main] DEBUG org.hibernate.type.BasicTypeRegistry - Adding type registration materialized_blob -> org.hibernate.type.MaterializedBlobType@4d0b0fd4
15:04:36.128 [main] DEBUG org.hibernate.type.BasicTypeRegistry - Adding type registration clob -> org.hibernate.type.ClobType@963176
15:04:36.128 [main] DEBUG org.hibernate.type.BasicTypeRegistry - Adding type registration java.sql.Clob -> org.hibernate.type.ClobType@963176
15:04:36.135 [main] DEBUG org.hibernate.type.BasicTypeRegistry - Adding type registration nclob -> org.hibernate.type.NClobType@3a022576
15:04:36.135 [main] DEBUG org.hibernate.type.BasicTypeRegistry - Adding type registration java.sql.NClob -> org.hibernate.type.NClobType@3a022576
15:04:36.136 [main] DEBUG org.hibernate.type.BasicTypeRegistry - Adding type registration materialized_clob -> org.hibernate.type.MaterializedClobType@31ddd4a4
15:04:36.137 [main] DEBUG org.hibernate.type.BasicTypeRegistry - Adding type registration materialized_nclob -> org.hibernate.type.MaterializedNClobType@22d1886d
15:04:36.140 [main] DEBUG org.hibernate.type.BasicTypeRegistry - Adding type registration serializable -> org.hibernate.type.SerializableType@415156bf
15:04:36.146 [main] DEBUG org.hibernate.type.BasicTypeRegistry - Adding type registration object -> org.hibernate.type.ObjectType@682bd3c4
15:04:36.147 [main] DEBUG org.hibernate.type.BasicTypeRegistry - Adding type registration java.lang.Object -> org.hibernate.type.ObjectType@682bd3c4
15:04:36.147 [main] DEBUG org.hibernate.type.BasicTypeRegistry - Adding type registration imm_date -> org.hibernate.type.AdaptedImmutableType@5eb97ced
15:04:36.147 [main] DEBUG org.hibernate.type.BasicTypeRegistry - Adding type registration imm_time -> org.hibernate.type.AdaptedImmutableType@68ba310d
15:04:36.148 [main] DEBUG org.hibernate.type.BasicTypeRegistry - Adding type registration imm_timestamp -> org.hibernate.type.AdaptedImmutableType@153f66e7
15:04:36.148 [main] DEBUG org.hibernate.type.BasicTypeRegistry - Adding type registration imm_dbtimestamp -> org.hibernate.type.AdaptedImmutableType@7aad3f7d
15:04:36.148 [main] DEBUG org.hibernate.type.BasicTypeRegistry - Adding type registration imm_calendar -> org.hibernate.type.AdaptedImmutableType@6f667ad1
15:04:36.148 [main] DEBUG org.hibernate.type.BasicTypeRegistry - Adding type registration imm_calendar_date -> org.hibernate.type.AdaptedImmutableType@566d0c69
15:04:36.148 [main] DEBUG org.hibernate.type.BasicTypeRegistry - Adding type registration imm_binary -> org.hibernate.type.AdaptedImmutableType@388b401d
15:04:36.148 [main] DEBUG org.hibernate.type.BasicTypeRegistry - Adding type registration imm_serializable -> org.hibernate.type.AdaptedImmutableType@2bcec6a6
15:04:37.027 [main] DEBUG org.hibernate.engine.jdbc.env.internal.JdbcEnvironmentInitiator - Database ->
       name : H2
    version : 1.4.196 (2017-06-10)
      major : 1
      minor : 4
15:04:37.027 [main] DEBUG org.hibernate.engine.jdbc.env.internal.JdbcEnvironmentInitiator - Driver ->
       name : H2 JDBC Driver
    version : 1.4.196 (2017-06-10)
      major : 1
      minor : 4
15:04:37.027 [main] DEBUG org.hibernate.engine.jdbc.env.internal.JdbcEnvironmentInitiator - JDBC version : 4.0
15:04:37.119 [main] INFO org.hibernate.dialect.Dialect - HHH000400: Using dialect: org.hibernate.dialect.H2Dialect
15:04:37.267 [main] DEBUG org.hibernate.engine.jdbc.env.internal.DefaultSchemaNameResolver - Unable to resolve connection default schema : Feature not supported: "getSchema && remote session" [50100-196]
15:04:37.270 [main] DEBUG org.hibernate.engine.jdbc.env.internal.JdbcEnvironmentImpl - Unable to resolve connection default schema
java.lang.NullPointerException: null
	at org.hibernate.engine.jdbc.env.internal.DefaultSchemaNameResolver.resolveSchemaName(DefaultSchemaNameResolver.java:70)
	at org.hibernate.engine.jdbc.env.internal.JdbcEnvironmentImpl.determineCurrentSchemaName(JdbcEnvironmentImpl.java:298)
	at org.hibernate.engine.jdbc.env.internal.JdbcEnvironmentImpl.<init>(JdbcEnvironmentImpl.java:232)
	at org.hibernate.engine.jdbc.env.internal.JdbcEnvironmentInitiator.initiateService(JdbcEnvironmentInitiator.java:114)
	at org.hibernate.engine.jdbc.env.internal.JdbcEnvironmentInitiator.initiateService(JdbcEnvironmentInitiator.java:35)
	at org.hibernate.boot.registry.internal.StandardServiceRegistryImpl.initiateService(StandardServiceRegistryImpl.java:88)
	at org.hibernate.service.internal.AbstractServiceRegistryImpl.createService(AbstractServiceRegistryImpl.java:259)
	at org.hibernate.service.internal.AbstractServiceRegistryImpl.initializeService(AbstractServiceRegistryImpl.java:233)
	at org.hibernate.service.internal.AbstractServiceRegistryImpl.getService(AbstractServiceRegistryImpl.java:210)
	at org.hibernate.engine.jdbc.internal.JdbcServicesImpl.configure(JdbcServicesImpl.java:51)
	at org.hibernate.boot.registry.internal.StandardServiceRegistryImpl.configureService(StandardServiceRegistryImpl.java:94)
	at org.hibernate.service.internal.AbstractServiceRegistryImpl.initializeService(AbstractServiceRegistryImpl.java:242)
	at org.hibernate.service.internal.AbstractServiceRegistryImpl.getService(AbstractServiceRegistryImpl.java:210)
	at org.hibernate.boot.model.process.spi.MetadataBuildingProcess.handleTypes(MetadataBuildingProcess.java:352)
	at org.hibernate.boot.model.process.spi.MetadataBuildingProcess.complete(MetadataBuildingProcess.java:111)
	at org.hibernate.boot.model.process.spi.MetadataBuildingProcess.build(MetadataBuildingProcess.java:83)
	at org.hibernate.boot.internal.MetadataBuilderImpl.build(MetadataBuilderImpl.java:418)
	at org.hibernate.boot.internal.MetadataBuilderImpl.build(MetadataBuilderImpl.java:87)
	at org.hibernate.cfg.Configuration.buildSessionFactory(Configuration.java:691)
	at org.hibernate.cfg.Configuration.buildSessionFactory(Configuration.java:726)
	at org.reverside.bootcamp.ubereats.config.HibernateConfig.getSessionFactory(HibernateConfig.java:56)
	at org.reverside.bootcamp.ubereats.config.HibernateConfig$$EnhancerBySpringCGLIB$$b7d279d3.CGLIB$getSessionFactory$1(<generated>)
	at org.reverside.bootcamp.ubereats.config.HibernateConfig$$EnhancerBySpringCGLIB$$b7d279d3$$FastClassBySpringCGLIB$$4909b316.invoke(<generated>)
	at org.springframework.cglib.proxy.MethodProxy.invokeSuper(MethodProxy.java:228)
	at org.springframework.context.annotation.ConfigurationClassEnhancer$BeanMethodInterceptor.intercept(ConfigurationClassEnhancer.java:361)
	at org.reverside.bootcamp.ubereats.config.HibernateConfig$$EnhancerBySpringCGLIB$$b7d279d3.getSessionFactory(<generated>)
	at sun.reflect.NativeMethodAccessorImpl.invoke0(Native Method)
	at sun.reflect.NativeMethodAccessorImpl.invoke(NativeMethodAccessorImpl.java:62)
	at sun.reflect.DelegatingMethodAccessorImpl.invoke(DelegatingMethodAccessorImpl.java:43)
	at java.lang.reflect.Method.invoke(Method.java:498)
	at org.springframework.beans.factory.support.SimpleInstantiationStrategy.instantiate(SimpleInstantiationStrategy.java:154)
	at org.springframework.beans.factory.support.ConstructorResolver.instantiateUsingFactoryMethod(ConstructorResolver.java:579)
	at org.springframework.beans.factory.support.AbstractAutowireCapableBeanFactory.instantiateUsingFactoryMethod(AbstractAutowireCapableBeanFactory.java:1250)
	at org.springframework.beans.factory.support.AbstractAutowireCapableBeanFactory.createBeanInstance(AbstractAutowireCapableBeanFactory.java:1099)
	at org.springframework.beans.factory.support.AbstractAutowireCapableBeanFactory.doCreateBean(AbstractAutowireCapableBeanFactory.java:545)
	at org.springframework.beans.factory.support.AbstractAutowireCapableBeanFactory.createBean(AbstractAutowireCapableBeanFactory.java:502)
	at org.springframework.beans.factory.support.AbstractBeanFactory.lambda$doGetBean$0(AbstractBeanFactory.java:312)
	at org.springframework.beans.factory.support.DefaultSingletonBeanRegistry.getSingleton(DefaultSingletonBeanRegistry.java:228)
	at org.springframework.beans.factory.support.AbstractBeanFactory.doGetBean(AbstractBeanFactory.java:310)
	at org.springframework.beans.factory.support.AbstractBeanFactory.getBean(AbstractBeanFactory.java:200)
	at org.springframework.beans.factory.config.DependencyDescriptor.resolveCandidate(DependencyDescriptor.java:251)
	at org.springframework.beans.factory.support.DefaultListableBeanFactory.doResolveDependency(DefaultListableBeanFactory.java:1138)
	at org.springframework.beans.factory.support.DefaultListableBeanFactory.resolveDependency(DefaultListableBeanFactory.java:1065)
	at org.springframework.beans.factory.annotation.AutowiredAnnotationBeanPostProcessor$AutowiredFieldElement.inject(AutowiredAnnotationBeanPostProcessor.java:584)
	at org.springframework.beans.factory.annotation.InjectionMetadata.inject(InjectionMetadata.java:91)
	at org.springframework.beans.factory.annotation.AutowiredAnnotationBeanPostProcessor.postProcessPropertyValues(AutowiredAnnotationBeanPostProcessor.java:373)
	at org.springframework.beans.factory.support.AbstractAutowireCapableBeanFactory.populateBean(AbstractAutowireCapableBeanFactory.java:1344)
	at org.springframework.beans.factory.support.AbstractAutowireCapableBeanFactory.doCreateBean(AbstractAutowireCapableBeanFactory.java:582)
	at org.springframework.beans.factory.support.AbstractAutowireCapableBeanFactory.createBean(AbstractAutowireCapableBeanFactory.java:502)
	at org.springframework.beans.factory.support.AbstractBeanFactory.lambda$doGetBean$0(AbstractBeanFactory.java:312)
	at org.springframework.beans.factory.support.DefaultSingletonBeanRegistry.getSingleton(DefaultSingletonBeanRegistry.java:228)
	at org.springframework.beans.factory.support.AbstractBeanFactory.doGetBean(AbstractBeanFactory.java:310)
	at org.springframework.beans.factory.support.AbstractBeanFactory.getBean(AbstractBeanFactory.java:200)
	at org.springframework.beans.factory.config.DependencyDescriptor.resolveCandidate(DependencyDescriptor.java:251)
	at org.springframework.beans.factory.support.DefaultListableBeanFactory.doResolveDependency(DefaultListableBeanFactory.java:1138)
	at org.springframework.beans.factory.support.DefaultListableBeanFactory.resolveDependency(DefaultListableBeanFactory.java:1065)
	at org.springframework.beans.factory.annotation.AutowiredAnnotationBeanPostProcessor$AutowiredFieldElement.inject(AutowiredAnnotationBeanPostProcessor.java:584)
	at org.springframework.beans.factory.annotation.InjectionMetadata.inject(InjectionMetadata.java:91)
	at org.springframework.beans.factory.annotation.AutowiredAnnotationBeanPostProcessor.postProcessPropertyValues(AutowiredAnnotationBeanPostProcessor.java:373)
	at org.springframework.beans.factory.support.AbstractAutowireCapableBeanFactory.populateBean(AbstractAutowireCapableBeanFactory.java:1344)
	at org.springframework.beans.factory.support.AbstractAutowireCapableBeanFactory.doCreateBean(AbstractAutowireCapableBeanFactory.java:582)
	at org.springframework.beans.factory.support.AbstractAutowireCapableBeanFactory.createBean(AbstractAutowireCapableBeanFactory.java:502)
	at org.springframework.beans.factory.support.AbstractBeanFactory.lambda$doGetBean$0(AbstractBeanFactory.java:312)
	at org.springframework.beans.factory.support.DefaultSingletonBeanRegistry.getSingleton(DefaultSingletonBeanRegistry.java:228)
	at org.springframework.beans.factory.support.AbstractBeanFactory.doGetBean(AbstractBeanFactory.java:310)
	at org.springframework.beans.factory.support.AbstractBeanFactory.getBean(AbstractBeanFactory.java:200)
	at org.springframework.beans.factory.support.DefaultListableBeanFactory.preInstantiateSingletons(DefaultListableBeanFactory.java:760)
	at org.springframework.context.support.AbstractApplicationContext.finishBeanFactoryInitialization(AbstractApplicationContext.java:868)
	at org.springframework.context.support.AbstractApplicationContext.refresh(AbstractApplicationContext.java:549)
	at org.reverside.bootcamp.ubereats.test.CategoryTestCase.init(CategoryTestCase.java:25)
	at sun.reflect.NativeMethodAccessorImpl.invoke0(Native Method)
	at sun.reflect.NativeMethodAccessorImpl.invoke(NativeMethodAccessorImpl.java:62)
	at sun.reflect.DelegatingMethodAccessorImpl.invoke(DelegatingMethodAccessorImpl.java:43)
	at java.lang.reflect.Method.invoke(Method.java:498)
	at org.junit.runners.model.FrameworkMethod$1.runReflectiveCall(FrameworkMethod.java:50)
	at org.junit.internal.runners.model.ReflectiveCallable.run(ReflectiveCallable.java:12)
	at org.junit.runners.model.FrameworkMethod.invokeExplosively(FrameworkMethod.java:47)
	at org.junit.internal.runners.statements.RunBefores.evaluate(RunBefores.java:24)
	at org.junit.runners.ParentRunner.run(ParentRunner.java:363)
	at org.apache.maven.surefire.junit4.JUnit4Provider.execute(JUnit4Provider.java:369)
	at org.apache.maven.surefire.junit4.JUnit4Provider.executeWithRerun(JUnit4Provider.java:275)
	at org.apache.maven.surefire.junit4.JUnit4Provider.executeTestSet(JUnit4Provider.java:239)
	at org.apache.maven.surefire.junit4.JUnit4Provider.invoke(JUnit4Provider.java:160)
	at org.apache.maven.surefire.booter.ForkedBooter.invokeProviderInSameClassLoader(ForkedBooter.java:373)
	at org.apache.maven.surefire.booter.ForkedBooter.runSuitesInProcess(ForkedBooter.java:334)
	at org.apache.maven.surefire.booter.ForkedBooter.execute(ForkedBooter.java:119)
	at org.apache.maven.surefire.booter.ForkedBooter.main(ForkedBooter.java:407)
15:04:37.516 [main] DEBUG org.hibernate.id.factory.internal.DefaultIdentifierGeneratorFactory - Registering IdentifierGenerator strategy [uuid2] -> [org.hibernate.id.UUIDGenerator]
15:04:37.517 [main] DEBUG org.hibernate.id.factory.internal.DefaultIdentifierGeneratorFactory - Registering IdentifierGenerator strategy [guid] -> [org.hibernate.id.GUIDGenerator]
15:04:37.518 [main] DEBUG org.hibernate.id.factory.internal.DefaultIdentifierGeneratorFactory - Registering IdentifierGenerator strategy [uuid] -> [org.hibernate.id.UUIDHexGenerator]
15:04:37.519 [main] DEBUG org.hibernate.id.factory.internal.DefaultIdentifierGeneratorFactory - Registering IdentifierGenerator strategy [uuid.hex] -> [org.hibernate.id.UUIDHexGenerator]
15:04:37.520 [main] DEBUG org.hibernate.id.factory.internal.DefaultIdentifierGeneratorFactory - Registering IdentifierGenerator strategy [assigned] -> [org.hibernate.id.Assigned]
15:04:37.549 [main] DEBUG org.hibernate.id.factory.internal.DefaultIdentifierGeneratorFactory - Registering IdentifierGenerator strategy [identity] -> [org.hibernate.id.IdentityGenerator]
15:04:37.550 [main] DEBUG org.hibernate.id.factory.internal.DefaultIdentifierGeneratorFactory - Registering IdentifierGenerator strategy [select] -> [org.hibernate.id.SelectGenerator]
15:04:37.553 [main] DEBUG org.hibernate.id.factory.internal.DefaultIdentifierGeneratorFactory - Registering IdentifierGenerator strategy [sequence] -> [org.hibernate.id.enhanced.SequenceStyleGenerator]
15:04:37.556 [main] DEBUG org.hibernate.id.factory.internal.DefaultIdentifierGeneratorFactory - Registering IdentifierGenerator strategy [seqhilo] -> [org.hibernate.id.SequenceHiLoGenerator]
15:04:37.557 [main] DEBUG org.hibernate.id.factory.internal.DefaultIdentifierGeneratorFactory - Registering IdentifierGenerator strategy [increment] -> [org.hibernate.id.IncrementGenerator]
15:04:37.558 [main] DEBUG org.hibernate.id.factory.internal.DefaultIdentifierGeneratorFactory - Registering IdentifierGenerator strategy [foreign] -> [org.hibernate.id.ForeignGenerator]
15:04:37.559 [main] DEBUG org.hibernate.id.factory.internal.DefaultIdentifierGeneratorFactory - Registering IdentifierGenerator strategy [sequence-identity] -> [org.hibernate.id.SequenceIdentityGenerator]
15:04:37.559 [main] DEBUG org.hibernate.id.factory.internal.DefaultIdentifierGeneratorFactory - Registering IdentifierGenerator strategy [enhanced-sequence] -> [org.hibernate.id.enhanced.SequenceStyleGenerator]
15:04:37.560 [main] DEBUG org.hibernate.id.factory.internal.DefaultIdentifierGeneratorFactory - Registering IdentifierGenerator strategy [enhanced-table] -> [org.hibernate.id.enhanced.TableGenerator]
15:04:37.678 [main] DEBUG org.hibernate.boot.model.relational.Namespace - Created database namespace [logicalName=Name{catalog=null, schema=null}, physicalName=Name{catalog=null, schema=null}]
15:04:37.731 [main] DEBUG org.hibernate.cfg.AnnotationBinder - Binding entity from annotated class: org.reverside.bootcamp.ubereats.dto.Account
15:04:37.817 [main] DEBUG org.hibernate.cfg.Ejb3Column - Binding column: Ejb3DiscriminatorColumn{logicalColumnName'DTYPE', discriminatorTypeName='string'}
15:04:37.828 [main] DEBUG org.hibernate.cfg.annotations.EntityBinder - Import with entity name Account
15:04:37.838 [main] DEBUG org.hibernate.cfg.annotations.EntityBinder - Bind entity org.reverside.bootcamp.ubereats.dto.Account on table Account
15:04:37.867 [main] DEBUG org.hibernate.cfg.Ejb3Column - Binding column: Ejb3Column{table=org.hibernate.mapping.Table(Account), mappingColumn=account_id, insertable=true, updatable=true, unique=false}
15:04:37.871 [main] DEBUG org.hibernate.cfg.annotations.PropertyBinder - MetadataSourceProcessor property account_id with lazy=false
15:04:37.873 [main] DEBUG org.hibernate.cfg.AbstractPropertyHolder - Attempting to locate auto-apply AttributeConverter for property [org.reverside.bootcamp.ubereats.dto.Account:account_id]
15:04:37.875 [main] DEBUG org.hibernate.cfg.annotations.SimpleValueBinder - building SimpleValue for account_id
15:04:37.877 [main] DEBUG org.hibernate.cfg.annotations.PropertyBinder - Building property account_id
15:04:37.911 [main] DEBUG org.hibernate.cfg.Ejb3Column - Binding column: Ejb3Column{table=org.hibernate.mapping.Table(Account), mappingColumn=account_holder, insertable=true, updatable=true, unique=false}
15:04:37.911 [main] DEBUG org.hibernate.cfg.annotations.PropertyBinder - MetadataSourceProcessor property accountHolder with lazy=false
15:04:37.912 [main] DEBUG org.hibernate.cfg.AbstractPropertyHolder - Attempting to locate auto-apply AttributeConverter for property [org.reverside.bootcamp.ubereats.dto.Account:accountHolder]
15:04:37.912 [main] DEBUG org.hibernate.cfg.annotations.SimpleValueBinder - building SimpleValue for accountHolder
15:04:37.912 [main] DEBUG org.hibernate.cfg.annotations.PropertyBinder - Building property accountHolder
15:04:37.912 [main] DEBUG org.hibernate.cfg.Ejb3Column - Binding column: Ejb3Column{table=org.hibernate.mapping.Table(Account), mappingColumn=account_num, insertable=true, updatable=true, unique=false}
15:04:37.912 [main] DEBUG org.hibernate.cfg.annotations.PropertyBinder - MetadataSourceProcessor property accountNum with lazy=false
15:04:37.913 [main] DEBUG org.hibernate.cfg.AbstractPropertyHolder - Attempting to locate auto-apply AttributeConverter for property [org.reverside.bootcamp.ubereats.dto.Account:accountNum]
15:04:37.913 [main] DEBUG org.hibernate.cfg.annotations.SimpleValueBinder - building SimpleValue for accountNum
15:04:37.913 [main] DEBUG org.hibernate.cfg.annotations.PropertyBinder - Building property accountNum
15:04:37.913 [main] DEBUG org.hibernate.cfg.Ejb3Column - Binding column: Ejb3Column{table=org.hibernate.mapping.Table(Account), mappingColumn=branch_code, insertable=true, updatable=true, unique=false}
15:04:37.913 [main] DEBUG org.hibernate.cfg.annotations.PropertyBinder - MetadataSourceProcessor property branchCode with lazy=false
15:04:37.913 [main] DEBUG org.hibernate.cfg.AbstractPropertyHolder - Attempting to locate auto-apply AttributeConverter for property [org.reverside.bootcamp.ubereats.dto.Account:branchCode]
15:04:37.913 [main] DEBUG org.hibernate.cfg.annotations.SimpleValueBinder - building SimpleValue for branchCode
15:04:37.913 [main] DEBUG org.hibernate.cfg.annotations.PropertyBinder - Building property branchCode
15:04:37.913 [main] DEBUG org.hibernate.cfg.Ejb3Column - Binding column: Ejb3Column{table=org.hibernate.mapping.Table(Account), mappingColumn=card_number, insertable=true, updatable=true, unique=false}
15:04:37.914 [main] DEBUG org.hibernate.cfg.annotations.PropertyBinder - MetadataSourceProcessor property cardNumber with lazy=false
15:04:37.914 [main] DEBUG org.hibernate.cfg.AbstractPropertyHolder - Attempting to locate auto-apply AttributeConverter for property [org.reverside.bootcamp.ubereats.dto.Account:cardNumber]
15:04:37.914 [main] DEBUG org.hibernate.cfg.annotations.SimpleValueBinder - building SimpleValue for cardNumber
15:04:37.914 [main] DEBUG org.hibernate.cfg.annotations.PropertyBinder - Building property cardNumber
15:04:37.914 [main] DEBUG org.hibernate.cfg.Ejb3Column - Binding column: Ejb3Column{table=org.hibernate.mapping.Table(Account), mappingColumn=cvc, insertable=true, updatable=true, unique=false}
15:04:37.914 [main] DEBUG org.hibernate.cfg.annotations.PropertyBinder - MetadataSourceProcessor property cvc with lazy=false
15:04:37.914 [main] DEBUG org.hibernate.cfg.AbstractPropertyHolder - Attempting to locate auto-apply AttributeConverter for property [org.reverside.bootcamp.ubereats.dto.Account:cvc]
15:04:37.914 [main] DEBUG org.hibernate.cfg.annotations.SimpleValueBinder - building SimpleValue for cvc
15:04:37.914 [main] DEBUG org.hibernate.cfg.annotations.PropertyBinder - Building property cvc
15:04:37.915 [main] DEBUG org.hibernate.cfg.Ejb3Column - Binding column: Ejb3Column{table=org.hibernate.mapping.Table(Account), mappingColumn=exp_date, insertable=true, updatable=true, unique=false}
15:04:37.915 [main] DEBUG org.hibernate.cfg.annotations.PropertyBinder - MetadataSourceProcessor property expDate with lazy=false
15:04:37.915 [main] DEBUG org.hibernate.cfg.AbstractPropertyHolder - Attempting to locate auto-apply AttributeConverter for property [org.reverside.bootcamp.ubereats.dto.Account:expDate]
15:04:37.915 [main] DEBUG org.hibernate.cfg.annotations.SimpleValueBinder - building SimpleValue for expDate
15:04:37.915 [main] DEBUG org.hibernate.cfg.annotations.PropertyBinder - Building property expDate
15:04:37.915 [main] DEBUG org.hibernate.cfg.Ejb3Column - Binding column: Ejb3Column{table=org.hibernate.mapping.Table(Account), mappingColumn=payment_method, insertable=true, updatable=true, unique=false}
15:04:37.915 [main] DEBUG org.hibernate.cfg.annotations.PropertyBinder - MetadataSourceProcessor property paymentMethod with lazy=false
15:04:37.915 [main] DEBUG org.hibernate.cfg.AbstractPropertyHolder - Attempting to locate auto-apply AttributeConverter for property [org.reverside.bootcamp.ubereats.dto.Account:paymentMethod]
15:04:37.915 [main] DEBUG org.hibernate.cfg.annotations.SimpleValueBinder - building SimpleValue for paymentMethod
15:04:37.915 [main] DEBUG org.hibernate.cfg.annotations.PropertyBinder - Building property paymentMethod
15:04:37.917 [main] DEBUG org.hibernate.cfg.AnnotationBinder - Binding entity from annotated class: org.reverside.bootcamp.ubereats.dto.User
15:04:37.917 [main] DEBUG org.hibernate.cfg.Ejb3Column - Binding column: Ejb3DiscriminatorColumn{logicalColumnName'DTYPE', discriminatorTypeName='string'}
15:04:37.917 [main] DEBUG org.hibernate.cfg.annotations.EntityBinder - Import with entity name User
15:04:37.917 [main] DEBUG org.hibernate.cfg.annotations.EntityBinder - Bind entity org.reverside.bootcamp.ubereats.dto.User on table User
15:04:37.923 [main] DEBUG org.hibernate.cfg.Ejb3Column - Binding column: Ejb3Column{table=org.hibernate.mapping.Table(User), mappingColumn=email, insertable=true, updatable=true, unique=false}
15:04:37.923 [main] DEBUG org.hibernate.cfg.annotations.PropertyBinder - MetadataSourceProcessor property email with lazy=false
15:04:37.923 [main] DEBUG org.hibernate.cfg.AbstractPropertyHolder - Attempting to locate auto-apply AttributeConverter for property [org.reverside.bootcamp.ubereats.dto.User:email]
15:04:37.924 [main] DEBUG org.hibernate.cfg.annotations.SimpleValueBinder - building SimpleValue for email
15:04:37.924 [main] DEBUG org.hibernate.cfg.annotations.PropertyBinder - Building property email
15:04:37.924 [main] DEBUG org.hibernate.cfg.Ejb3Column - Binding column: Ejb3Column{table=org.hibernate.mapping.Table(User), mappingColumn=account_num, insertable=true, updatable=true, unique=false}
15:04:37.924 [main] DEBUG org.hibernate.cfg.annotations.PropertyBinder - MetadataSourceProcessor property accountId with lazy=false
15:04:37.924 [main] DEBUG org.hibernate.cfg.AbstractPropertyHolder - Attempting to locate auto-apply AttributeConverter for property [org.reverside.bootcamp.ubereats.dto.User:accountId]
15:04:37.925 [main] DEBUG org.hibernate.cfg.annotations.SimpleValueBinder - building SimpleValue for accountId
15:04:37.925 [main] DEBUG org.hibernate.cfg.annotations.PropertyBinder - Building property accountId
15:04:37.925 [main] DEBUG org.hibernate.cfg.Ejb3Column - Binding column: Ejb3Column{table=org.hibernate.mapping.Table(User), mappingColumn=is_active, insertable=true, updatable=true, unique=false}
15:04:37.925 [main] DEBUG org.hibernate.cfg.annotations.PropertyBinder - MetadataSourceProcessor property active with lazy=false
15:04:37.925 [main] DEBUG org.hibernate.cfg.AbstractPropertyHolder - Attempting to locate auto-apply AttributeConverter for property [org.reverside.bootcamp.ubereats.dto.User:active]
15:04:37.925 [main] DEBUG org.hibernate.cfg.annotations.SimpleValueBinder - building SimpleValue for active
15:04:37.925 [main] DEBUG org.hibernate.cfg.annotations.PropertyBinder - Building property active
15:04:37.928 [main] DEBUG org.hibernate.cfg.Ejb3Column - Binding column: Ejb3JoinColumn{logicalColumnName='null', referencedColumn='null', mappedBy='user'}
15:04:37.928 [main] DEBUG org.hibernate.cfg.Ejb3Column - Binding column: Ejb3Column{table=org.hibernate.mapping.Table(User), mappingColumn=cart, insertable=true, updatable=true, unique=false}
15:04:37.932 [main] DEBUG org.hibernate.cfg.Ejb3Column - Binding column: Ejb3Column{table=org.hibernate.mapping.Table(User), mappingColumn=enabled, insertable=true, updatable=true, unique=false}
15:04:37.932 [main] DEBUG org.hibernate.cfg.annotations.PropertyBinder - MetadataSourceProcessor property enabled with lazy=false
15:04:37.932 [main] DEBUG org.hibernate.cfg.AbstractPropertyHolder - Attempting to locate auto-apply AttributeConverter for property [org.reverside.bootcamp.ubereats.dto.User:enabled]
15:04:37.932 [main] DEBUG org.hibernate.cfg.annotations.SimpleValueBinder - building SimpleValue for enabled
15:04:37.932 [main] DEBUG org.hibernate.cfg.annotations.PropertyBinder - Building property enabled
15:04:37.933 [main] DEBUG org.hibernate.cfg.Ejb3Column - Binding column: Ejb3Column{table=org.hibernate.mapping.Table(User), mappingColumn=name, insertable=true, updatable=true, unique=false}
15:04:37.933 [main] DEBUG org.hibernate.cfg.annotations.PropertyBinder - MetadataSourceProcessor property name with lazy=false
15:04:37.933 [main] DEBUG org.hibernate.cfg.AbstractPropertyHolder - Attempting to locate auto-apply AttributeConverter for property [org.reverside.bootcamp.ubereats.dto.User:name]
15:04:37.933 [main] DEBUG org.hibernate.cfg.annotations.SimpleValueBinder - building SimpleValue for name
15:04:37.933 [main] DEBUG org.hibernate.cfg.annotations.PropertyBinder - Building property name
15:04:37.933 [main] DEBUG org.hibernate.cfg.Ejb3Column - Binding column: Ejb3Column{table=org.hibernate.mapping.Table(User), mappingColumn=phone_num, insertable=true, updatable=true, unique=false}
15:04:37.933 [main] DEBUG org.hibernate.cfg.annotations.PropertyBinder - MetadataSourceProcessor property phoneNum with lazy=false
15:04:37.933 [main] DEBUG org.hibernate.cfg.AbstractPropertyHolder - Attempting to locate auto-apply AttributeConverter for property [org.reverside.bootcamp.ubereats.dto.User:phoneNum]
15:04:37.933 [main] DEBUG org.hibernate.cfg.annotations.SimpleValueBinder - building SimpleValue for phoneNum
15:04:37.933 [main] DEBUG org.hibernate.cfg.annotations.PropertyBinder - Building property phoneNum
15:04:37.933 [main] DEBUG org.hibernate.cfg.Ejb3Column - Binding column: Ejb3Column{table=org.hibernate.mapping.Table(User), mappingColumn=recovery_response, insertable=true, updatable=true, unique=false}
15:04:37.934 [main] DEBUG org.hibernate.cfg.annotations.PropertyBinder - MetadataSourceProcessor property recoveryQuestion with lazy=false
15:04:37.934 [main] DEBUG org.hibernate.cfg.AbstractPropertyHolder - Attempting to locate auto-apply AttributeConverter for property [org.reverside.bootcamp.ubereats.dto.User:recoveryQuestion]
15:04:37.934 [main] DEBUG org.hibernate.cfg.annotations.SimpleValueBinder - building SimpleValue for recoveryQuestion
15:04:37.934 [main] DEBUG org.hibernate.cfg.annotations.PropertyBinder - Building property recoveryQuestion
15:04:37.934 [main] DEBUG org.hibernate.cfg.Ejb3Column - Binding column: Ejb3Column{table=org.hibernate.mapping.Table(User), mappingColumn=role, insertable=true, updatable=true, unique=false}
15:04:37.934 [main] DEBUG org.hibernate.cfg.annotations.PropertyBinder - MetadataSourceProcessor property role with lazy=false
15:04:37.934 [main] DEBUG org.hibernate.cfg.AbstractPropertyHolder - Attempting to locate auto-apply AttributeConverter for property [org.reverside.bootcamp.ubereats.dto.User:role]
15:04:37.935 [main] DEBUG org.hibernate.cfg.annotations.SimpleValueBinder - building SimpleValue for role
15:04:37.935 [main] DEBUG org.hibernate.cfg.annotations.PropertyBinder - Building property role
15:04:37.935 [main] DEBUG org.hibernate.cfg.Ejb3Column - Binding column: Ejb3Column{table=org.hibernate.mapping.Table(User), mappingColumn=surname, insertable=true, updatable=true, unique=false}
15:04:37.935 [main] DEBUG org.hibernate.cfg.annotations.PropertyBinder - MetadataSourceProcessor property surname with lazy=false
15:04:37.935 [main] DEBUG org.hibernate.cfg.AbstractPropertyHolder - Attempting to locate auto-apply AttributeConverter for property [org.reverside.bootcamp.ubereats.dto.User:surname]
15:04:37.935 [main] DEBUG org.hibernate.cfg.annotations.SimpleValueBinder - building SimpleValue for surname
15:04:37.936 [main] DEBUG org.hibernate.cfg.annotations.PropertyBinder - Building property surname
15:04:37.936 [main] DEBUG org.hibernate.cfg.AnnotationBinder - Binding entity from annotated class: org.reverside.bootcamp.ubereats.dto.Admin
15:04:37.937 [main] DEBUG org.hibernate.cfg.annotations.EntityBinder - Import with entity name Admin
15:04:37.970 [main] DEBUG org.hibernate.cfg.Ejb3Column - Binding column: Ejb3Column{table=org.hibernate.mapping.Table(User), mappingColumn=region, insertable=true, updatable=true, unique=false}
15:04:37.970 [main] DEBUG org.hibernate.cfg.annotations.PropertyBinder - MetadataSourceProcessor property region with lazy=false
15:04:37.970 [main] DEBUG org.hibernate.cfg.AbstractPropertyHolder - Attempting to locate auto-apply AttributeConverter for property [org.reverside.bootcamp.ubereats.dto.Admin:region]
15:04:37.970 [main] DEBUG org.hibernate.cfg.annotations.SimpleValueBinder - building SimpleValue for region
15:04:37.970 [main] DEBUG org.hibernate.cfg.annotations.PropertyBinder - Building property region
15:04:37.971 [main] DEBUG org.hibernate.cfg.AnnotationBinder - Binding entity from annotated class: org.reverside.bootcamp.ubereats.dto.Cart
15:04:37.971 [main] DEBUG org.hibernate.cfg.Ejb3Column - Binding column: Ejb3DiscriminatorColumn{logicalColumnName'DTYPE', discriminatorTypeName='string'}
15:04:37.971 [main] DEBUG org.hibernate.cfg.annotations.EntityBinder - Import with entity name Cart
15:04:37.971 [main] DEBUG org.hibernate.cfg.annotations.EntityBinder - Bind entity org.reverside.bootcamp.ubereats.dto.Cart on table Cart
15:04:37.973 [main] DEBUG org.hibernate.cfg.Ejb3Column - Binding column: Ejb3Column{table=org.hibernate.mapping.Table(Cart), mappingColumn=id, insertable=true, updatable=true, unique=false}
15:04:37.974 [main] DEBUG org.hibernate.cfg.annotations.PropertyBinder - MetadataSourceProcessor property id with lazy=false
15:04:37.974 [main] DEBUG org.hibernate.cfg.AbstractPropertyHolder - Attempting to locate auto-apply AttributeConverter for property [org.reverside.bootcamp.ubereats.dto.Cart:id]
15:04:37.974 [main] DEBUG org.hibernate.cfg.annotations.SimpleValueBinder - building SimpleValue for id
15:04:37.974 [main] DEBUG org.hibernate.cfg.annotations.PropertyBinder - Building property id
15:04:37.976 [main] DEBUG org.hibernate.cfg.Ejb3Column - Binding column: Ejb3Column{table=org.hibernate.mapping.Table(Cart), mappingColumn=cart_lines, insertable=true, updatable=true, unique=false}
15:04:37.976 [main] DEBUG org.hibernate.cfg.annotations.PropertyBinder - MetadataSourceProcessor property cartLines with lazy=false
15:04:37.976 [main] DEBUG org.hibernate.cfg.AbstractPropertyHolder - Attempting to locate auto-apply AttributeConverter for property [org.reverside.bootcamp.ubereats.dto.Cart:cartLines]
15:04:37.976 [main] DEBUG org.hibernate.cfg.annotations.SimpleValueBinder - building SimpleValue for cartLines
15:04:37.976 [main] DEBUG org.hibernate.cfg.annotations.PropertyBinder - Building property cartLines
15:04:37.976 [main] DEBUG org.hibernate.cfg.Ejb3Column - Binding column: Ejb3Column{table=org.hibernate.mapping.Table(Cart), mappingColumn=total, insertable=true, updatable=true, unique=false}
15:04:37.976 [main] DEBUG org.hibernate.cfg.annotations.PropertyBinder - MetadataSourceProcessor property total with lazy=false
15:04:37.976 [main] DEBUG org.hibernate.cfg.AbstractPropertyHolder - Attempting to locate auto-apply AttributeConverter for property [org.reverside.bootcamp.ubereats.dto.Cart:total]
15:04:37.976 [main] DEBUG org.hibernate.cfg.annotations.SimpleValueBinder - building SimpleValue for total
15:04:37.977 [main] DEBUG org.hibernate.cfg.annotations.PropertyBinder - Building property total
15:04:37.977 [main] DEBUG org.hibernate.cfg.Ejb3Column - Binding column: Ejb3JoinColumn{logicalColumnName='null', referencedColumn='null', mappedBy=''}
15:04:37.977 [main] DEBUG org.hibernate.cfg.Ejb3Column - Binding column: Ejb3Column{table=org.hibernate.mapping.Table(Cart), mappingColumn=user, insertable=true, updatable=true, unique=false}
15:04:37.979 [main] DEBUG org.hibernate.cfg.annotations.PropertyBinder - Building property user
15:04:37.980 [main] DEBUG org.hibernate.cfg.AnnotationBinder - Binding entity from annotated class: org.reverside.bootcamp.ubereats.dto.Category
15:04:37.980 [main] DEBUG org.hibernate.cfg.Ejb3Column - Binding column: Ejb3DiscriminatorColumn{logicalColumnName'DTYPE', discriminatorTypeName='string'}
15:04:37.980 [main] DEBUG org.hibernate.cfg.annotations.EntityBinder - Import with entity name Category
15:04:37.980 [main] DEBUG org.hibernate.cfg.annotations.EntityBinder - Bind entity org.reverside.bootcamp.ubereats.dto.Category on table Category
15:04:37.981 [main] DEBUG org.hibernate.cfg.Ejb3Column - Binding column: Ejb3Column{table=org.hibernate.mapping.Table(Category), mappingColumn=id, insertable=true, updatable=true, unique=false}
15:04:37.981 [main] DEBUG org.hibernate.cfg.annotations.PropertyBinder - MetadataSourceProcessor property id with lazy=false
15:04:37.981 [main] DEBUG org.hibernate.cfg.AbstractPropertyHolder - Attempting to locate auto-apply AttributeConverter for property [org.reverside.bootcamp.ubereats.dto.Category:id]
15:04:37.981 [main] DEBUG org.hibernate.cfg.annotations.SimpleValueBinder - building SimpleValue for id
15:04:37.981 [main] DEBUG org.hibernate.cfg.annotations.PropertyBinder - Building property id
15:04:37.982 [main] DEBUG org.hibernate.cfg.Ejb3Column - Binding column: Ejb3Column{table=org.hibernate.mapping.Table(Category), mappingColumn=is_active, insertable=true, updatable=true, unique=false}
15:04:37.982 [main] DEBUG org.hibernate.cfg.annotations.PropertyBinder - MetadataSourceProcessor property active with lazy=false
15:04:37.982 [main] DEBUG org.hibernate.cfg.AbstractPropertyHolder - Attempting to locate auto-apply AttributeConverter for property [org.reverside.bootcamp.ubereats.dto.Category:active]
15:04:37.982 [main] DEBUG org.hibernate.cfg.annotations.SimpleValueBinder - building SimpleValue for active
15:04:37.982 [main] DEBUG org.hibernate.cfg.annotations.PropertyBinder - Building property active
15:04:37.982 [main] DEBUG org.hibernate.cfg.Ejb3Column - Binding column: Ejb3Column{table=org.hibernate.mapping.Table(Category), mappingColumn=description, insertable=true, updatable=true, unique=false}
15:04:37.982 [main] DEBUG org.hibernate.cfg.annotations.PropertyBinder - MetadataSourceProcessor property description with lazy=false
15:04:37.982 [main] DEBUG org.hibernate.cfg.AbstractPropertyHolder - Attempting to locate auto-apply AttributeConverter for property [org.reverside.bootcamp.ubereats.dto.Category:description]
15:04:37.982 [main] DEBUG org.hibernate.cfg.annotations.SimpleValueBinder - building SimpleValue for description
15:04:37.982 [main] DEBUG org.hibernate.cfg.annotations.PropertyBinder - Building property description
15:04:37.982 [main] DEBUG org.hibernate.cfg.Ejb3Column - Binding column: Ejb3Column{table=org.hibernate.mapping.Table(Category), mappingColumn=name, insertable=true, updatable=true, unique=false}
15:04:37.982 [main] DEBUG org.hibernate.cfg.annotations.PropertyBinder - MetadataSourceProcessor property name with lazy=false
15:04:37.982 [main] DEBUG org.hibernate.cfg.AbstractPropertyHolder - Attempting to locate auto-apply AttributeConverter for property [org.reverside.bootcamp.ubereats.dto.Category:name]
15:04:37.982 [main] DEBUG org.hibernate.cfg.annotations.SimpleValueBinder - building SimpleValue for name
15:04:37.983 [main] DEBUG org.hibernate.cfg.annotations.PropertyBinder - Building property name
15:04:37.983 [main] DEBUG org.hibernate.cfg.AnnotationBinder - Binding entity from annotated class: org.reverside.bootcamp.ubereats.dto.FoodOutlet
15:04:37.983 [main] DEBUG org.hibernate.cfg.Ejb3Column - Binding column: Ejb3DiscriminatorColumn{logicalColumnName'DTYPE', discriminatorTypeName='string'}
15:04:37.983 [main] DEBUG org.hibernate.cfg.annotations.EntityBinder - Import with entity name FoodOutlet
15:04:37.983 [main] DEBUG org.hibernate.cfg.annotations.EntityBinder - Bind entity org.reverside.bootcamp.ubereats.dto.FoodOutlet on table Food_Outlet
15:04:37.985 [main] DEBUG org.hibernate.cfg.Ejb3Column - Binding column: Ejb3Column{table=org.hibernate.mapping.Table(Food_Outlet), mappingColumn=email, insertable=true, updatable=true, unique=false}
15:04:37.987 [main] DEBUG org.hibernate.cfg.annotations.PropertyBinder - MetadataSourceProcessor property email with lazy=false
15:04:37.987 [main] DEBUG org.hibernate.cfg.AbstractPropertyHolder - Attempting to locate auto-apply AttributeConverter for property [org.reverside.bootcamp.ubereats.dto.FoodOutlet:email]
15:04:37.987 [main] DEBUG org.hibernate.cfg.annotations.SimpleValueBinder - building SimpleValue for email
15:04:37.987 [main] DEBUG org.hibernate.cfg.annotations.PropertyBinder - Building property email
15:04:37.988 [main] DEBUG org.hibernate.cfg.Ejb3Column - Binding column: Ejb3Column{table=org.hibernate.mapping.Table(Food_Outlet), mappingColumn=account_num, insertable=true, updatable=true, unique=false}
15:04:37.988 [main] DEBUG org.hibernate.cfg.annotations.PropertyBinder - MetadataSourceProcessor property accountId with lazy=false
15:04:37.988 [main] DEBUG org.hibernate.cfg.AbstractPropertyHolder - Attempting to locate auto-apply AttributeConverter for property [org.reverside.bootcamp.ubereats.dto.FoodOutlet:accountId]
15:04:37.988 [main] DEBUG org.hibernate.cfg.annotations.SimpleValueBinder - building SimpleValue for accountId
15:04:37.988 [main] DEBUG org.hibernate.cfg.annotations.PropertyBinder - Building property accountId
15:04:37.988 [main] DEBUG org.hibernate.cfg.Ejb3Column - Binding column: Ejb3Column{table=org.hibernate.mapping.Table(Food_Outlet), mappingColumn=is_active, insertable=true, updatable=true, unique=false}
15:04:37.989 [main] DEBUG org.hibernate.cfg.annotations.PropertyBinder - MetadataSourceProcessor property active with lazy=false
15:04:37.989 [main] DEBUG org.hibernate.cfg.AbstractPropertyHolder - Attempting to locate auto-apply AttributeConverter for property [org.reverside.bootcamp.ubereats.dto.FoodOutlet:active]
15:04:37.989 [main] DEBUG org.hibernate.cfg.annotations.SimpleValueBinder - building SimpleValue for active
15:04:37.989 [main] DEBUG org.hibernate.cfg.annotations.PropertyBinder - Building property active
15:04:37.989 [main] DEBUG org.hibernate.cfg.Ejb3Column - Binding column: Ejb3Column{table=org.hibernate.mapping.Table(Food_Outlet), mappingColumn=apt_suit, insertable=true, updatable=true, unique=false}
15:04:37.989 [main] DEBUG org.hibernate.cfg.annotations.PropertyBinder - MetadataSourceProcessor property aptSuit with lazy=false
15:04:37.989 [main] DEBUG org.hibernate.cfg.AbstractPropertyHolder - Attempting to locate auto-apply AttributeConverter for property [org.reverside.bootcamp.ubereats.dto.FoodOutlet:aptSuit]
15:04:37.989 [main] DEBUG org.hibernate.cfg.annotations.SimpleValueBinder - building SimpleValue for aptSuit
15:04:37.989 [main] DEBUG org.hibernate.cfg.annotations.PropertyBinder - Building property aptSuit
15:04:37.989 [main] DEBUG org.hibernate.cfg.Ejb3Column - Binding column: Ejb3Column{table=org.hibernate.mapping.Table(Food_Outlet), mappingColumn=business_address, insertable=true, updatable=true, unique=false}
15:04:37.989 [main] DEBUG org.hibernate.cfg.annotations.PropertyBinder - MetadataSourceProcessor property businessAddress with lazy=false
15:04:37.990 [main] DEBUG org.hibernate.cfg.AbstractPropertyHolder - Attempting to locate auto-apply AttributeConverter for property [org.reverside.bootcamp.ubereats.dto.FoodOutlet:businessAddress]
15:04:37.990 [main] DEBUG org.hibernate.cfg.annotations.SimpleValueBinder - building SimpleValue for businessAddress
15:04:37.990 [main] DEBUG org.hibernate.cfg.annotations.PropertyBinder - Building property businessAddress
15:04:37.990 [main] DEBUG org.hibernate.cfg.Ejb3Column - Binding column: Ejb3Column{table=org.hibernate.mapping.Table(Food_Outlet), mappingColumn=business_name, insertable=true, updatable=true, unique=false}
15:04:37.990 [main] DEBUG org.hibernate.cfg.annotations.PropertyBinder - MetadataSourceProcessor property businessName with lazy=false
15:04:37.991 [main] DEBUG org.hibernate.cfg.AbstractPropertyHolder - Attempting to locate auto-apply AttributeConverter for property [org.reverside.bootcamp.ubereats.dto.FoodOutlet:businessName]
15:04:37.991 [main] DEBUG org.hibernate.cfg.annotations.SimpleValueBinder - building SimpleValue for businessName
15:04:37.991 [main] DEBUG org.hibernate.cfg.annotations.PropertyBinder - Building property businessName
15:04:37.991 [main] DEBUG org.hibernate.cfg.Ejb3Column - Binding column: Ejb3Column{table=org.hibernate.mapping.Table(Food_Outlet), mappingColumn=cuisine_type, insertable=true, updatable=true, unique=false}
15:04:37.991 [main] DEBUG org.hibernate.cfg.annotations.PropertyBinder - MetadataSourceProcessor property cuisineType with lazy=false
15:04:37.991 [main] DEBUG org.hibernate.cfg.AbstractPropertyHolder - Attempting to locate auto-apply AttributeConverter for property [org.reverside.bootcamp.ubereats.dto.FoodOutlet:cuisineType]
15:04:37.991 [main] DEBUG org.hibernate.cfg.annotations.SimpleValueBinder - building SimpleValue for cuisineType
15:04:37.991 [main] DEBUG org.hibernate.cfg.annotations.PropertyBinder - Building property cuisineType
15:04:37.991 [main] DEBUG org.hibernate.cfg.Ejb3Column - Binding column: Ejb3Column{table=org.hibernate.mapping.Table(Food_Outlet), mappingColumn=enabled, insertable=true, updatable=true, unique=false}
15:04:37.992 [main] DEBUG org.hibernate.cfg.annotations.PropertyBinder - MetadataSourceProcessor property enabled with lazy=false
15:04:37.992 [main] DEBUG org.hibernate.cfg.AbstractPropertyHolder - Attempting to locate auto-apply AttributeConverter for property [org.reverside.bootcamp.ubereats.dto.FoodOutlet:enabled]
15:04:37.992 [main] DEBUG org.hibernate.cfg.annotations.SimpleValueBinder - building SimpleValue for enabled
15:04:37.992 [main] DEBUG org.hibernate.cfg.annotations.PropertyBinder - Building property enabled
15:04:37.992 [main] DEBUG org.hibernate.cfg.Ejb3Column - Binding column: Ejb3JoinColumn{logicalColumnName='null', referencedColumn='null', mappedBy='foodOutlet'}
15:04:37.992 [main] DEBUG org.hibernate.cfg.Ejb3Column - Binding column: Ejb3Column{table=org.hibernate.mapping.Table(Food_Outlet), mappingColumn=menu, insertable=true, updatable=true, unique=false}
15:04:37.992 [main] DEBUG org.hibernate.cfg.Ejb3Column - Binding column: Ejb3Column{table=org.hibernate.mapping.Table(Food_Outlet), mappingColumn=name, insertable=true, updatable=true, unique=false}
15:04:37.992 [main] DEBUG org.hibernate.cfg.annotations.PropertyBinder - MetadataSourceProcessor property name with lazy=false
15:04:37.992 [main] DEBUG org.hibernate.cfg.AbstractPropertyHolder - Attempting to locate auto-apply AttributeConverter for property [org.reverside.bootcamp.ubereats.dto.FoodOutlet:name]
15:04:37.992 [main] DEBUG org.hibernate.cfg.annotations.SimpleValueBinder - building SimpleValue for name
15:04:37.992 [main] DEBUG org.hibernate.cfg.annotations.PropertyBinder - Building property name
15:04:37.993 [main] DEBUG org.hibernate.cfg.Ejb3Column - Binding column: Ejb3Column{table=org.hibernate.mapping.Table(Food_Outlet), mappingColumn=number_of_locations, insertable=true, updatable=true, unique=false}
15:04:37.993 [main] DEBUG org.hibernate.cfg.annotations.PropertyBinder - MetadataSourceProcessor property numberOfLocations with lazy=false
15:04:37.993 [main] DEBUG org.hibernate.cfg.AbstractPropertyHolder - Attempting to locate auto-apply AttributeConverter for property [org.reverside.bootcamp.ubereats.dto.FoodOutlet:numberOfLocations]
15:04:37.993 [main] DEBUG org.hibernate.cfg.annotations.SimpleValueBinder - building SimpleValue for numberOfLocations
15:04:37.993 [main] DEBUG org.hibernate.cfg.annotations.PropertyBinder - Building property numberOfLocations
15:04:37.993 [main] DEBUG org.hibernate.cfg.Ejb3Column - Binding column: Ejb3Column{table=org.hibernate.mapping.Table(Food_Outlet), mappingColumn=password, insertable=true, updatable=true, unique=false}
15:04:37.993 [main] DEBUG org.hibernate.cfg.annotations.PropertyBinder - MetadataSourceProcessor property password with lazy=false
15:04:37.993 [main] DEBUG org.hibernate.cfg.AbstractPropertyHolder - Attempting to locate auto-apply AttributeConverter for property [org.reverside.bootcamp.ubereats.dto.FoodOutlet:password]
15:04:37.993 [main] DEBUG org.hibernate.cfg.annotations.SimpleValueBinder - building SimpleValue for password
15:04:37.994 [main] DEBUG org.hibernate.cfg.annotations.PropertyBinder - Building property password
15:04:37.994 [main] DEBUG org.hibernate.cfg.Ejb3Column - Binding column: Ejb3Column{table=org.hibernate.mapping.Table(Food_Outlet), mappingColumn=phone_num, insertable=true, updatable=true, unique=false}
15:04:37.994 [main] DEBUG org.hibernate.cfg.annotations.PropertyBinder - MetadataSourceProcessor property phoneNum with lazy=false
15:04:37.994 [main] DEBUG org.hibernate.cfg.AbstractPropertyHolder - Attempting to locate auto-apply AttributeConverter for property [org.reverside.bootcamp.ubereats.dto.FoodOutlet:phoneNum]
15:04:37.994 [main] DEBUG org.hibernate.cfg.annotations.SimpleValueBinder - building SimpleValue for phoneNum
15:04:37.994 [main] DEBUG org.hibernate.cfg.annotations.PropertyBinder - Building property phoneNum
15:04:37.994 [main] DEBUG org.hibernate.cfg.Ejb3Column - Binding column: Ejb3Column{table=org.hibernate.mapping.Table(Food_Outlet), mappingColumn=recovery_response, insertable=true, updatable=true, unique=false}
15:04:37.995 [main] DEBUG org.hibernate.cfg.annotations.PropertyBinder - MetadataSourceProcessor property recoveryResponse with lazy=false
15:04:37.995 [main] DEBUG org.hibernate.cfg.AbstractPropertyHolder - Attempting to locate auto-apply AttributeConverter for property [org.reverside.bootcamp.ubereats.dto.FoodOutlet:recoveryResponse]
15:04:37.995 [main] DEBUG org.hibernate.cfg.annotations.SimpleValueBinder - building SimpleValue for recoveryResponse
15:04:37.995 [main] DEBUG org.hibernate.cfg.annotations.PropertyBinder - Building property recoveryResponse
15:04:37.995 [main] DEBUG org.hibernate.cfg.Ejb3Column - Binding column: Ejb3Column{table=org.hibernate.mapping.Table(Food_Outlet), mappingColumn=role, insertable=true, updatable=true, unique=false}
15:04:37.995 [main] DEBUG org.hibernate.cfg.annotations.PropertyBinder - MetadataSourceProcessor property role with lazy=false
15:04:37.995 [main] DEBUG org.hibernate.cfg.AbstractPropertyHolder - Attempting to locate auto-apply AttributeConverter for property [org.reverside.bootcamp.ubereats.dto.FoodOutlet:role]
15:04:37.995 [main] DEBUG org.hibernate.cfg.annotations.SimpleValueBinder - building SimpleValue for role
15:04:37.995 [main] DEBUG org.hibernate.cfg.annotations.PropertyBinder - Building property role
15:04:37.995 [main] DEBUG org.hibernate.cfg.Ejb3Column - Binding column: Ejb3Column{table=org.hibernate.mapping.Table(Food_Outlet), mappingColumn=surname, insertable=true, updatable=true, unique=false}
15:04:37.995 [main] DEBUG org.hibernate.cfg.annotations.PropertyBinder - MetadataSourceProcessor property surname with lazy=false
15:04:37.996 [main] DEBUG org.hibernate.cfg.AbstractPropertyHolder - Attempting to locate auto-apply AttributeConverter for property [org.reverside.bootcamp.ubereats.dto.FoodOutlet:surname]
15:04:37.996 [main] DEBUG org.hibernate.cfg.annotations.SimpleValueBinder - building SimpleValue for surname
15:04:37.996 [main] DEBUG org.hibernate.cfg.annotations.PropertyBinder - Building property surname
15:04:37.996 [main] DEBUG org.hibernate.cfg.Ejb3Column - Binding column: Ejb3Column{table=org.hibernate.mapping.Table(Food_Outlet), mappingColumn=weekly_orders, insertable=true, updatable=true, unique=false}
15:04:37.996 [main] DEBUG org.hibernate.cfg.annotations.PropertyBinder - MetadataSourceProcessor property weeklyOrders with lazy=false
15:04:37.996 [main] DEBUG org.hibernate.cfg.AbstractPropertyHolder - Attempting to locate auto-apply AttributeConverter for property [org.reverside.bootcamp.ubereats.dto.FoodOutlet:weeklyOrders]
15:04:37.996 [main] DEBUG org.hibernate.cfg.annotations.SimpleValueBinder - building SimpleValue for weeklyOrders
15:04:37.996 [main] DEBUG org.hibernate.cfg.annotations.PropertyBinder - Building property weeklyOrders
15:04:37.996 [main] DEBUG org.hibernate.cfg.AnnotationBinder - Binding entity from annotated class: org.reverside.bootcamp.ubereats.dto.Menu
15:04:37.997 [main] DEBUG org.hibernate.cfg.Ejb3Column - Binding column: Ejb3DiscriminatorColumn{logicalColumnName'DTYPE', discriminatorTypeName='string'}
15:04:37.997 [main] DEBUG org.hibernate.cfg.annotations.EntityBinder - Import with entity name Menu
15:04:37.997 [main] DEBUG org.hibernate.cfg.annotations.EntityBinder - Bind entity org.reverside.bootcamp.ubereats.dto.Menu on table Menu
15:04:37.998 [main] DEBUG org.hibernate.cfg.Ejb3Column - Binding column: Ejb3Column{table=org.hibernate.mapping.Table(Menu), mappingColumn=id, insertable=true, updatable=true, unique=false}
15:04:37.998 [main] DEBUG org.hibernate.cfg.annotations.PropertyBinder - MetadataSourceProcessor property id with lazy=false
15:04:37.998 [main] DEBUG org.hibernate.cfg.AbstractPropertyHolder - Attempting to locate auto-apply AttributeConverter for property [org.reverside.bootcamp.ubereats.dto.Menu:id]
15:04:37.998 [main] DEBUG org.hibernate.cfg.annotations.SimpleValueBinder - building SimpleValue for id
15:04:37.998 [main] DEBUG org.hibernate.cfg.annotations.PropertyBinder - Building property id
15:04:37.998 [main] DEBUG org.hibernate.cfg.Ejb3Column - Binding column: Ejb3Column{table=org.hibernate.mapping.Table(Menu), mappingColumn=description, insertable=true, updatable=true, unique=false}
15:04:37.998 [main] DEBUG org.hibernate.cfg.annotations.PropertyBinder - MetadataSourceProcessor property description with lazy=false
15:04:37.999 [main] DEBUG org.hibernate.cfg.AbstractPropertyHolder - Attempting to locate auto-apply AttributeConverter for property [org.reverside.bootcamp.ubereats.dto.Menu:description]
15:04:37.999 [main] DEBUG org.hibernate.cfg.annotations.SimpleValueBinder - building SimpleValue for description
15:04:37.999 [main] DEBUG org.hibernate.cfg.annotations.PropertyBinder - Building property description
15:04:37.999 [main] DEBUG org.hibernate.cfg.Ejb3Column - Binding column: Ejb3JoinColumn{logicalColumnName='null', referencedColumn='null', mappedBy=''}
15:04:37.999 [main] DEBUG org.hibernate.cfg.Ejb3Column - Binding column: Ejb3Column{table=org.hibernate.mapping.Table(Menu), mappingColumn=foodOutlet, insertable=true, updatable=true, unique=false}
15:04:37.999 [main] DEBUG org.hibernate.cfg.annotations.PropertyBinder - Building property foodOutlet
15:04:37.999 [main] DEBUG org.hibernate.cfg.Ejb3Column - Binding column: Ejb3Column{table=org.hibernate.mapping.Table(Menu), mappingColumn=image_url, insertable=true, updatable=true, unique=false}
15:04:37.999 [main] DEBUG org.hibernate.cfg.annotations.PropertyBinder - MetadataSourceProcessor property image_url with lazy=false
15:04:37.999 [main] DEBUG org.hibernate.cfg.AbstractPropertyHolder - Attempting to locate auto-apply AttributeConverter for property [org.reverside.bootcamp.ubereats.dto.Menu:image_url]
15:04:38.000 [main] DEBUG org.hibernate.cfg.annotations.SimpleValueBinder - building SimpleValue for image_url
15:04:38.000 [main] DEBUG org.hibernate.cfg.annotations.PropertyBinder - Building property image_url
15:04:38.000 [main] DEBUG org.hibernate.cfg.Ejb3Column - Binding column: Ejb3Column{table=org.hibernate.mapping.Table(Menu), mappingColumn=name, insertable=true, updatable=true, unique=false}
15:04:38.000 [main] DEBUG org.hibernate.cfg.annotations.PropertyBinder - MetadataSourceProcessor property name with lazy=false
15:04:38.000 [main] DEBUG org.hibernate.cfg.AbstractPropertyHolder - Attempting to locate auto-apply AttributeConverter for property [org.reverside.bootcamp.ubereats.dto.Menu:name]
15:04:38.000 [main] DEBUG org.hibernate.cfg.annotations.SimpleValueBinder - building SimpleValue for name
15:04:38.000 [main] DEBUG org.hibernate.cfg.annotations.PropertyBinder - Building property name
15:04:38.000 [main] DEBUG org.hibernate.cfg.AnnotationBinder - Binding entity from annotated class: org.reverside.bootcamp.ubereats.dto.Product
15:04:38.000 [main] DEBUG org.hibernate.cfg.Ejb3Column - Binding column: Ejb3DiscriminatorColumn{logicalColumnName'DTYPE', discriminatorTypeName='string'}
15:04:38.000 [main] DEBUG org.hibernate.cfg.annotations.EntityBinder - Import with entity name Product
15:04:38.000 [main] DEBUG org.hibernate.cfg.annotations.EntityBinder - Bind entity org.reverside.bootcamp.ubereats.dto.Product on table Product
15:04:38.002 [main] DEBUG org.hibernate.cfg.Ejb3Column - Binding column: Ejb3Column{table=org.hibernate.mapping.Table(Product), mappingColumn=id, insertable=true, updatable=true, unique=false}
15:04:38.003 [main] DEBUG org.hibernate.cfg.annotations.PropertyBinder - MetadataSourceProcessor property id with lazy=false
15:04:38.003 [main] DEBUG org.hibernate.cfg.AbstractPropertyHolder - Attempting to locate auto-apply AttributeConverter for property [org.reverside.bootcamp.ubereats.dto.Product:id]
15:04:38.003 [main] DEBUG org.hibernate.cfg.annotations.SimpleValueBinder - building SimpleValue for id
15:04:38.003 [main] DEBUG org.hibernate.cfg.annotations.PropertyBinder - Building property id
15:04:38.004 [main] DEBUG org.hibernate.cfg.Ejb3Column - Binding column: Ejb3Column{table=org.hibernate.mapping.Table(Product), mappingColumn=is_active, insertable=true, updatable=true, unique=false}
15:04:38.004 [main] DEBUG org.hibernate.cfg.annotations.PropertyBinder - MetadataSourceProcessor property active with lazy=false
15:04:38.004 [main] DEBUG org.hibernate.cfg.AbstractPropertyHolder - Attempting to locate auto-apply AttributeConverter for property [org.reverside.bootcamp.ubereats.dto.Product:active]
15:04:38.004 [main] DEBUG org.hibernate.cfg.annotations.SimpleValueBinder - building SimpleValue for active
15:04:38.004 [main] DEBUG org.hibernate.cfg.annotations.PropertyBinder - Building property active
15:04:38.004 [main] DEBUG org.hibernate.cfg.Ejb3Column - Binding column: Ejb3Column{table=org.hibernate.mapping.Table(Product), mappingColumn=category_id, insertable=true, updatable=true, unique=false}
15:04:38.004 [main] DEBUG org.hibernate.cfg.annotations.PropertyBinder - MetadataSourceProcessor property categoryId with lazy=false
15:04:38.004 [main] DEBUG org.hibernate.cfg.AbstractPropertyHolder - Attempting to locate auto-apply AttributeConverter for property [org.reverside.bootcamp.ubereats.dto.Product:categoryId]
15:04:38.004 [main] DEBUG org.hibernate.cfg.annotations.SimpleValueBinder - building SimpleValue for categoryId
15:04:38.004 [main] DEBUG org.hibernate.cfg.annotations.PropertyBinder - Building property categoryId
15:04:38.004 [main] DEBUG org.hibernate.cfg.Ejb3Column - Binding column: Ejb3Column{table=org.hibernate.mapping.Table(Product), mappingColumn=code, insertable=true, updatable=true, unique=false}
15:04:38.004 [main] DEBUG org.hibernate.cfg.annotations.PropertyBinder - MetadataSourceProcessor property code with lazy=false
15:04:38.004 [main] DEBUG org.hibernate.cfg.AbstractPropertyHolder - Attempting to locate auto-apply AttributeConverter for property [org.reverside.bootcamp.ubereats.dto.Product:code]
15:04:38.005 [main] DEBUG org.hibernate.cfg.annotations.SimpleValueBinder - building SimpleValue for code
15:04:38.005 [main] DEBUG org.hibernate.cfg.annotations.PropertyBinder - Building property code
15:04:38.005 [main] DEBUG org.hibernate.cfg.Ejb3Column - Binding column: Ejb3Column{table=org.hibernate.mapping.Table(Product), mappingColumn=description, insertable=true, updatable=true, unique=false}
15:04:38.005 [main] DEBUG org.hibernate.cfg.annotations.PropertyBinder - MetadataSourceProcessor property description with lazy=false
15:04:38.005 [main] DEBUG org.hibernate.cfg.AbstractPropertyHolder - Attempting to locate auto-apply AttributeConverter for property [org.reverside.bootcamp.ubereats.dto.Product:description]
15:04:38.005 [main] DEBUG org.hibernate.cfg.annotations.SimpleValueBinder - building SimpleValue for description
15:04:38.005 [main] DEBUG org.hibernate.cfg.annotations.PropertyBinder - Building property description
15:04:38.005 [main] DEBUG org.hibernate.cfg.Ejb3Column - Binding column: Ejb3Column{table=org.hibernate.mapping.Table(Product), mappingColumn=image_url, insertable=true, updatable=true, unique=false}
15:04:38.005 [main] DEBUG org.hibernate.cfg.annotations.PropertyBinder - MetadataSourceProcessor property imageUrl with lazy=false
15:04:38.005 [main] DEBUG org.hibernate.cfg.AbstractPropertyHolder - Attempting to locate auto-apply AttributeConverter for property [org.reverside.bootcamp.ubereats.dto.Product:imageUrl]
15:04:38.005 [main] DEBUG org.hibernate.cfg.annotations.SimpleValueBinder - building SimpleValue for imageUrl
15:04:38.005 [main] DEBUG org.hibernate.cfg.annotations.PropertyBinder - Building property imageUrl
15:04:38.005 [main] DEBUG org.hibernate.cfg.Ejb3Column - Binding column: Ejb3Column{table=org.hibernate.mapping.Table(Product), mappingColumn=menu_id, insertable=true, updatable=true, unique=false}
15:04:38.006 [main] DEBUG org.hibernate.cfg.annotations.PropertyBinder - MetadataSourceProcessor property menuId with lazy=false
15:04:38.006 [main] DEBUG org.hibernate.cfg.AbstractPropertyHolder - Attempting to locate auto-apply AttributeConverter for property [org.reverside.bootcamp.ubereats.dto.Product:menuId]
15:04:38.006 [main] DEBUG org.hibernate.cfg.annotations.SimpleValueBinder - building SimpleValue for menuId
15:04:38.006 [main] DEBUG org.hibernate.cfg.annotations.PropertyBinder - Building property menuId
15:04:38.006 [main] DEBUG org.hibernate.cfg.Ejb3Column - Binding column: Ejb3Column{table=org.hibernate.mapping.Table(Product), mappingColumn=name, insertable=true, updatable=true, unique=false}
15:04:38.006 [main] DEBUG org.hibernate.cfg.annotations.PropertyBinder - MetadataSourceProcessor property name with lazy=false
15:04:38.006 [main] DEBUG org.hibernate.cfg.AbstractPropertyHolder - Attempting to locate auto-apply AttributeConverter for property [org.reverside.bootcamp.ubereats.dto.Product:name]
15:04:38.006 [main] DEBUG org.hibernate.cfg.annotations.SimpleValueBinder - building SimpleValue for name
15:04:38.006 [main] DEBUG org.hibernate.cfg.annotations.PropertyBinder - Building property name
15:04:38.006 [main] DEBUG org.hibernate.cfg.Ejb3Column - Binding column: Ejb3Column{table=org.hibernate.mapping.Table(Product), mappingColumn=purchases, insertable=true, updatable=true, unique=false}
15:04:38.007 [main] DEBUG org.hibernate.cfg.annotations.PropertyBinder - MetadataSourceProcessor property purchases with lazy=false
15:04:38.007 [main] DEBUG org.hibernate.cfg.AbstractPropertyHolder - Attempting to locate auto-apply AttributeConverter for property [org.reverside.bootcamp.ubereats.dto.Product:purchases]
15:04:38.007 [main] DEBUG org.hibernate.cfg.annotations.SimpleValueBinder - building SimpleValue for purchases
15:04:38.007 [main] DEBUG org.hibernate.cfg.annotations.PropertyBinder - Building property purchases
15:04:38.007 [main] DEBUG org.hibernate.cfg.Ejb3Column - Binding column: Ejb3Column{table=org.hibernate.mapping.Table(Product), mappingColumn=unit_price, insertable=true, updatable=true, unique=false}
15:04:38.007 [main] DEBUG org.hibernate.cfg.annotations.PropertyBinder - MetadataSourceProcessor property unitPrice with lazy=false
15:04:38.007 [main] DEBUG org.hibernate.cfg.AbstractPropertyHolder - Attempting to locate auto-apply AttributeConverter for property [org.reverside.bootcamp.ubereats.dto.Product:unitPrice]
15:04:38.007 [main] DEBUG org.hibernate.cfg.annotations.SimpleValueBinder - building SimpleValue for unitPrice
15:04:38.007 [main] DEBUG org.hibernate.cfg.annotations.PropertyBinder - Building property unitPrice
15:04:38.007 [main] DEBUG org.hibernate.cfg.Ejb3Column - Binding column: Ejb3Column{table=org.hibernate.mapping.Table(Product), mappingColumn=views, insertable=true, updatable=true, unique=false}
15:04:38.008 [main] DEBUG org.hibernate.cfg.annotations.PropertyBinder - MetadataSourceProcessor property views with lazy=false
15:04:38.008 [main] DEBUG org.hibernate.cfg.AbstractPropertyHolder - Attempting to locate auto-apply AttributeConverter for property [org.reverside.bootcamp.ubereats.dto.Product:views]
15:04:38.008 [main] DEBUG org.hibernate.cfg.annotations.SimpleValueBinder - building SimpleValue for views
15:04:38.008 [main] DEBUG org.hibernate.cfg.annotations.PropertyBinder - Building property views
15:04:38.008 [main] DEBUG org.hibernate.cfg.AnnotationBinder - Binding entity from annotated class: org.reverside.bootcamp.ubereats.dto.Role
15:04:38.008 [main] DEBUG org.hibernate.cfg.Ejb3Column - Binding column: Ejb3DiscriminatorColumn{logicalColumnName'DTYPE', discriminatorTypeName='string'}
15:04:38.008 [main] DEBUG org.hibernate.cfg.annotations.EntityBinder - Import with entity name Role
15:04:38.009 [main] DEBUG org.hibernate.cfg.annotations.EntityBinder - Bind entity org.reverside.bootcamp.ubereats.dto.Role on table Role
15:04:38.010 [main] DEBUG org.hibernate.cfg.Ejb3Column - Binding column: Ejb3Column{table=org.hibernate.mapping.Table(Role), mappingColumn=role_id, insertable=true, updatable=true, unique=false}
15:04:38.010 [main] DEBUG org.hibernate.cfg.annotations.PropertyBinder - MetadataSourceProcessor property id with lazy=false
15:04:38.010 [main] DEBUG org.hibernate.cfg.AbstractPropertyHolder - Attempting to locate auto-apply AttributeConverter for property [org.reverside.bootcamp.ubereats.dto.Role:id]
15:04:38.011 [main] DEBUG org.hibernate.cfg.annotations.SimpleValueBinder - building SimpleValue for id
15:04:38.011 [main] DEBUG org.hibernate.cfg.annotations.PropertyBinder - Building property id
15:04:38.011 [main] DEBUG org.hibernate.cfg.Ejb3Column - Binding column: Ejb3Column{table=org.hibernate.mapping.Table(Role), mappingColumn=role, insertable=true, updatable=true, unique=false}
15:04:38.011 [main] DEBUG org.hibernate.cfg.annotations.PropertyBinder - MetadataSourceProcessor property role with lazy=false
15:04:38.011 [main] DEBUG org.hibernate.cfg.AbstractPropertyHolder - Attempting to locate auto-apply AttributeConverter for property [org.reverside.bootcamp.ubereats.dto.Role:role]
15:04:38.011 [main] DEBUG org.hibernate.cfg.annotations.SimpleValueBinder - building SimpleValue for role
15:04:38.012 [main] DEBUG org.hibernate.cfg.annotations.PropertyBinder - Building property role
15:04:38.013 [main] DEBUG org.hibernate.cfg.annotations.SimpleValueBinder - Starting fillSimpleValue for account_id
15:04:38.013 [main] DEBUG org.hibernate.cfg.annotations.SimpleValueBinder - Starting fillSimpleValue for accountHolder
15:04:38.013 [main] DEBUG org.hibernate.cfg.annotations.SimpleValueBinder - Starting fillSimpleValue for accountNum
15:04:38.013 [main] DEBUG org.hibernate.cfg.annotations.SimpleValueBinder - Starting fillSimpleValue for branchCode
15:04:38.013 [main] DEBUG org.hibernate.cfg.annotations.SimpleValueBinder - Starting fillSimpleValue for cardNumber
15:04:38.013 [main] DEBUG org.hibernate.cfg.annotations.SimpleValueBinder - Starting fillSimpleValue for cvc
15:04:38.013 [main] DEBUG org.hibernate.cfg.annotations.SimpleValueBinder - Starting fillSimpleValue for expDate
15:04:38.013 [main] DEBUG org.hibernate.cfg.annotations.SimpleValueBinder - Starting fillSimpleValue for paymentMethod
15:04:38.013 [main] DEBUG org.hibernate.cfg.annotations.SimpleValueBinder - Starting fillSimpleValue for email
15:04:38.013 [main] DEBUG org.hibernate.cfg.annotations.SimpleValueBinder - Starting fillSimpleValue for accountId
15:04:38.014 [main] DEBUG org.hibernate.cfg.annotations.SimpleValueBinder - Starting fillSimpleValue for active
15:04:38.014 [main] DEBUG org.hibernate.cfg.annotations.SimpleValueBinder - Starting fillSimpleValue for enabled
15:04:38.014 [main] DEBUG org.hibernate.cfg.annotations.SimpleValueBinder - Starting fillSimpleValue for name
15:04:38.014 [main] DEBUG org.hibernate.cfg.annotations.SimpleValueBinder - Starting fillSimpleValue for phoneNum
15:04:38.014 [main] DEBUG org.hibernate.cfg.annotations.SimpleValueBinder - Starting fillSimpleValue for recoveryQuestion
15:04:38.014 [main] DEBUG org.hibernate.cfg.annotations.SimpleValueBinder - Starting fillSimpleValue for role
15:04:38.014 [main] DEBUG org.hibernate.cfg.annotations.SimpleValueBinder - Starting fillSimpleValue for surname
15:04:38.014 [main] DEBUG org.hibernate.cfg.annotations.SimpleValueBinder - Starting fillSimpleValue for region
15:04:38.014 [main] DEBUG org.hibernate.cfg.annotations.SimpleValueBinder - Starting fillSimpleValue for id
15:04:38.014 [main] DEBUG org.hibernate.cfg.annotations.SimpleValueBinder - Starting fillSimpleValue for cartLines
15:04:38.014 [main] DEBUG org.hibernate.cfg.annotations.SimpleValueBinder - Starting fillSimpleValue for total
15:04:38.014 [main] DEBUG org.hibernate.cfg.annotations.SimpleValueBinder - Starting fillSimpleValue for id
15:04:38.014 [main] DEBUG org.hibernate.cfg.annotations.SimpleValueBinder - Starting fillSimpleValue for active
15:04:38.014 [main] DEBUG org.hibernate.cfg.annotations.SimpleValueBinder - Starting fillSimpleValue for description
15:04:38.014 [main] DEBUG org.hibernate.cfg.annotations.SimpleValueBinder - Starting fillSimpleValue for name
15:04:38.014 [main] DEBUG org.hibernate.cfg.annotations.SimpleValueBinder - Starting fillSimpleValue for email
15:04:38.014 [main] DEBUG org.hibernate.cfg.annotations.SimpleValueBinder - Starting fillSimpleValue for accountId
15:04:38.014 [main] DEBUG org.hibernate.cfg.annotations.SimpleValueBinder - Starting fillSimpleValue for active
15:04:38.014 [main] DEBUG org.hibernate.cfg.annotations.SimpleValueBinder - Starting fillSimpleValue for aptSuit
15:04:38.014 [main] DEBUG org.hibernate.cfg.annotations.SimpleValueBinder - Starting fillSimpleValue for businessAddress
15:04:38.014 [main] DEBUG org.hibernate.cfg.annotations.SimpleValueBinder - Starting fillSimpleValue for businessName
15:04:38.014 [main] DEBUG org.hibernate.cfg.annotations.SimpleValueBinder - Starting fillSimpleValue for cuisineType
15:04:38.014 [main] DEBUG org.hibernate.cfg.annotations.SimpleValueBinder - Starting fillSimpleValue for enabled
15:04:38.015 [main] DEBUG org.hibernate.cfg.annotations.SimpleValueBinder - Starting fillSimpleValue for name
15:04:38.015 [main] DEBUG org.hibernate.cfg.annotations.SimpleValueBinder - Starting fillSimpleValue for numberOfLocations
15:04:38.015 [main] DEBUG org.hibernate.cfg.annotations.SimpleValueBinder - Starting fillSimpleValue for password
15:04:38.015 [main] DEBUG org.hibernate.cfg.annotations.SimpleValueBinder - Starting fillSimpleValue for phoneNum
15:04:38.015 [main] DEBUG org.hibernate.cfg.annotations.SimpleValueBinder - Starting fillSimpleValue for recoveryResponse
15:04:38.015 [main] DEBUG org.hibernate.cfg.annotations.SimpleValueBinder - Starting fillSimpleValue for role
15:04:38.015 [main] DEBUG org.hibernate.cfg.annotations.SimpleValueBinder - Starting fillSimpleValue for surname
15:04:38.015 [main] DEBUG org.hibernate.cfg.annotations.SimpleValueBinder - Starting fillSimpleValue for weeklyOrders
15:04:38.015 [main] DEBUG org.hibernate.cfg.annotations.SimpleValueBinder - Starting fillSimpleValue for id
15:04:38.015 [main] DEBUG org.hibernate.cfg.annotations.SimpleValueBinder - Starting fillSimpleValue for description
15:04:38.015 [main] DEBUG org.hibernate.cfg.annotations.SimpleValueBinder - Starting fillSimpleValue for image_url
15:04:38.015 [main] DEBUG org.hibernate.cfg.annotations.SimpleValueBinder - Starting fillSimpleValue for name
15:04:38.015 [main] DEBUG org.hibernate.cfg.annotations.SimpleValueBinder - Starting fillSimpleValue for id
15:04:38.015 [main] DEBUG org.hibernate.cfg.annotations.SimpleValueBinder - Starting fillSimpleValue for active
15:04:38.015 [main] DEBUG org.hibernate.cfg.annotations.SimpleValueBinder - Starting fillSimpleValue for categoryId
15:04:38.016 [main] DEBUG org.hibernate.cfg.annotations.SimpleValueBinder - Starting fillSimpleValue for code
15:04:38.016 [main] DEBUG org.hibernate.cfg.annotations.SimpleValueBinder - Starting fillSimpleValue for description
15:04:38.016 [main] DEBUG org.hibernate.cfg.annotations.SimpleValueBinder - Starting fillSimpleValue for imageUrl
15:04:38.016 [main] DEBUG org.hibernate.cfg.annotations.SimpleValueBinder - Starting fillSimpleValue for menuId
15:04:38.016 [main] DEBUG org.hibernate.cfg.annotations.SimpleValueBinder - Starting fillSimpleValue for name
15:04:38.016 [main] DEBUG org.hibernate.cfg.annotations.SimpleValueBinder - Starting fillSimpleValue for purchases
15:04:38.016 [main] DEBUG org.hibernate.cfg.annotations.SimpleValueBinder - Starting fillSimpleValue for unitPrice
15:04:38.016 [main] DEBUG org.hibernate.cfg.annotations.SimpleValueBinder - Starting fillSimpleValue for views
15:04:38.016 [main] DEBUG org.hibernate.cfg.annotations.SimpleValueBinder - Starting fillSimpleValue for id
15:04:38.016 [main] DEBUG org.hibernate.cfg.annotations.SimpleValueBinder - Starting fillSimpleValue for role
15:04:38.022 [main] DEBUG org.hibernate.mapping.PrimaryKey - Forcing column [account_id] to be non-null as it is part of the primary key for table [account]
15:04:38.022 [main] DEBUG org.hibernate.mapping.PrimaryKey - Forcing column [email] to be non-null as it is part of the primary key for table [user]
15:04:38.022 [main] DEBUG org.hibernate.mapping.PrimaryKey - Forcing column [id] to be non-null as it is part of the primary key for table [cart]
15:04:38.022 [main] DEBUG org.hibernate.mapping.PrimaryKey - Forcing column [id] to be non-null as it is part of the primary key for table [category]
15:04:38.023 [main] DEBUG org.hibernate.mapping.PrimaryKey - Forcing column [email] to be non-null as it is part of the primary key for table [food_outlet]
15:04:38.023 [main] DEBUG org.hibernate.mapping.PrimaryKey - Forcing column [id] to be non-null as it is part of the primary key for table [menu]
15:04:38.023 [main] DEBUG org.hibernate.mapping.PrimaryKey - Forcing column [id] to be non-null as it is part of the primary key for table [product]
15:04:38.023 [main] DEBUG org.hibernate.mapping.PrimaryKey - Forcing column [role_id] to be non-null as it is part of the primary key for table [role]
15:04:38.024 [main] DEBUG org.hibernate.cfg.annotations.PropertyBinder - Building property cart
15:04:38.025 [main] DEBUG org.hibernate.cfg.annotations.PropertyBinder - Building property menu
15:04:38.025 [main] DEBUG org.hibernate.boot.internal.InFlightMetadataCollectorImpl - Processing association property references
15:04:38.026 [main] DEBUG org.hibernate.boot.internal.InFlightMetadataCollectorImpl - Resolving reference to class: org.reverside.bootcamp.ubereats.dto.User
15:04:38.043 [main] DEBUG org.hibernate.boot.internal.InFlightMetadataCollectorImpl - Resolving reference to class: org.reverside.bootcamp.ubereats.dto.FoodOutlet
15:04:38.045 [main] DEBUG org.hibernate.boot.internal.InFlightMetadataCollectorImpl - Processing association property references
15:04:38.045 [main] DEBUG org.hibernate.boot.internal.InFlightMetadataCollectorImpl - Resolving reference to class: org.reverside.bootcamp.ubereats.dto.User
15:04:38.045 [main] DEBUG org.hibernate.boot.internal.InFlightMetadataCollectorImpl - Resolving reference to class: org.reverside.bootcamp.ubereats.dto.FoodOutlet
15:04:38.253 [main] DEBUG org.hibernate.internal.SessionFactoryImpl - Building session factory
15:04:38.254 [main] DEBUG org.hibernate.cfg.Settings - SessionFactory name : null
15:04:38.255 [main] DEBUG org.hibernate.cfg.Settings - Automatic flush during beforeCompletion(): enabled
15:04:38.255 [main] DEBUG org.hibernate.cfg.Settings - Automatic session close at end of transaction: disabled
15:04:38.255 [main] DEBUG org.hibernate.cfg.Settings - Statistics: disabled
15:04:38.255 [main] DEBUG org.hibernate.cfg.Settings - Deleted entity synthetic identifier rollback: disabled
15:04:38.255 [main] DEBUG org.hibernate.cfg.Settings - Default entity-mode: pojo
15:04:38.255 [main] DEBUG org.hibernate.cfg.Settings - Check Nullability in Core (should be disabled when Bean Validation is on): enabled
15:04:38.255 [main] DEBUG org.hibernate.cfg.Settings - Allow initialization of lazy state outside session : disabled
15:04:38.255 [main] DEBUG org.hibernate.cfg.Settings - Using BatchFetchStyle : LEGACY
15:04:38.255 [main] DEBUG org.hibernate.cfg.Settings - Default batch fetch size: -1
15:04:38.255 [main] DEBUG org.hibernate.cfg.Settings - Maximum outer join fetch depth: null
15:04:38.255 [main] DEBUG org.hibernate.cfg.Settings - Default null ordering: NONE
15:04:38.255 [main] DEBUG org.hibernate.cfg.Settings - Order SQL updates by primary key: disabled
15:04:38.256 [main] DEBUG org.hibernate.cfg.Settings - Order SQL inserts for batching: disabled
15:04:38.256 [main] DEBUG org.hibernate.cfg.Settings - multi-tenancy strategy : NONE
15:04:38.256 [main] DEBUG org.hibernate.cfg.Settings - JTA Track by Thread: enabled
15:04:38.256 [main] DEBUG org.hibernate.cfg.Settings - Query language substitutions: {}
15:04:38.256 [main] DEBUG org.hibernate.cfg.Settings - JPA query language strict compliance: disabled
15:04:38.256 [main] DEBUG org.hibernate.cfg.Settings - Named query checking : enabled
15:04:38.256 [main] DEBUG org.hibernate.cfg.Settings - Second-level cache: enabled
15:04:38.256 [main] DEBUG org.hibernate.cfg.Settings - Second-level query cache: disabled
15:04:38.256 [main] DEBUG org.hibernate.cfg.Settings - Second-level query cache factory: org.hibernate.cache.internal.StandardQueryCacheFactory@68e7c8c3
15:04:38.256 [main] DEBUG org.hibernate.cfg.Settings - Second-level cache region prefix: null
15:04:38.256 [main] DEBUG org.hibernate.cfg.Settings - Optimize second-level cache for minimal puts: disabled
15:04:38.256 [main] DEBUG org.hibernate.cfg.Settings - Structured second-level cache entries: disabled
15:04:38.256 [main] DEBUG org.hibernate.cfg.Settings - Second-level cache direct-reference entries: disabled
15:04:38.256 [main] DEBUG org.hibernate.cfg.Settings - Automatic eviction of collection cache: disabled
15:04:38.256 [main] DEBUG org.hibernate.cfg.Settings - JDBC batch size: 15
15:04:38.256 [main] DEBUG org.hibernate.cfg.Settings - JDBC batch updates for versioned data: enabled
15:04:38.256 [main] DEBUG org.hibernate.cfg.Settings - Scrollable result sets: enabled
15:04:38.257 [main] DEBUG org.hibernate.cfg.Settings - Wrap result sets: disabled
15:04:38.257 [main] DEBUG org.hibernate.cfg.Settings - JDBC3 getGeneratedKeys(): enabled
15:04:38.257 [main] DEBUG org.hibernate.cfg.Settings - JDBC result set fetch size: null
15:04:38.257 [main] DEBUG org.hibernate.cfg.Settings - Connection release mode: ON_CLOSE
15:04:38.257 [main] DEBUG org.hibernate.cfg.Settings - Generate SQL with comments: disabled
15:04:38.424 [main] DEBUG org.hibernate.internal.SessionFactoryImpl - Session factory constructed with filter configurations : {}
15:04:38.425 [main] DEBUG org.hibernate.internal.SessionFactoryImpl - Instantiating session factory with properties: {sun.desktop=windows, hibernate.format_sql=true, awt.toolkit=sun.awt.windows.WToolkit, file.encoding.pkg=sun.io, java.specification.version=1.8, hibernate.connection.handling_mode=DELAYED_ACQUISITION_AND_HOLD, sun.cpu.isalist=amd64, sun.jnu.encoding=Cp1252, hibernate.dialect=org.hibernate.dialect.H2Dialect, java.class.path=C:\Users\User\eclipse-workspace\ubereats\target\test-classes;C:\Users\User\eclipse-workspace\ubereats\target\classes;C:\Users\User\.m2\repository\org\springframework\boot\spring-boot-starter-tomcat\2.0.0.RELEASE\spring-boot-starter-tomcat-2.0.0.RELEASE.jar;C:\Users\User\.m2\repository\javax\annotation\javax.annotation-api\1.3.2\javax.annotation-api-1.3.2.jar;C:\Users\User\.m2\repository\org\apache\tomcat\embed\tomcat-embed-core\8.5.28\tomcat-embed-core-8.5.28.jar;C:\Users\User\.m2\repository\org\apache\tomcat\embed\tomcat-embed-el\8.5.28\tomcat-embed-el-8.5.28.jar;C:\Users\User\.m2\repository\org\apache\tomcat\embed\tomcat-embed-websocket\8.5.28\tomcat-embed-websocket-8.5.28.jar;C:\Users\User\.m2\repository\junit\junit\4.12\junit-4.12.jar;C:\Users\User\.m2\repository\org\hamcrest\hamcrest-core\1.3\hamcrest-core-1.3.jar;C:\Users\User\.m2\repository\org\springframework\boot\spring-boot-starter-web\2.0.0.RELEASE\spring-boot-starter-web-2.0.0.RELEASE.jar;C:\Users\User\.m2\repository\org\springframework\boot\spring-boot-starter\2.0.0.RELEASE\spring-boot-starter-2.0.0.RELEASE.jar;C:\Users\User\.m2\repository\org\springframework\boot\spring-boot-starter-logging\2.0.0.RELEASE\spring-boot-starter-logging-2.0.0.RELEASE.jar;C:\Users\User\.m2\repository\ch\qos\logback\logback-classic\1.2.3\logback-classic-1.2.3.jar;C:\Users\User\.m2\repository\ch\qos\logback\logback-core\1.2.3\logback-core-1.2.3.jar;C:\Users\User\.m2\repository\org\apache\logging\log4j\log4j-to-slf4j\2.10.0\log4j-to-slf4j-2.10.0.jar;C:\Users\User\.m2\repository\org\apache\logging\log4j\log4j-api\2.10.0\log4j-api-2.10.0.jar;C:\Users\User\.m2\repository\org\slf4j\jul-to-slf4j\1.7.25\jul-to-slf4j-1.7.25.jar;C:\Users\User\.m2\repository\org\yaml\snakeyaml\1.19\snakeyaml-1.19.jar;C:\Users\User\.m2\repository\org\springframework\boot\spring-boot-starter-json\2.0.0.RELEASE\spring-boot-starter-json-2.0.0.RELEASE.jar;C:\Users\User\.m2\repository\com\fasterxml\jackson\datatype\jackson-datatype-jdk8\2.9.4\jackson-datatype-jdk8-2.9.4.jar;C:\Users\User\.m2\repository\com\fasterxml\jackson\datatype\jackson-datatype-jsr310\2.9.4\jackson-datatype-jsr310-2.9.4.jar;C:\Users\User\.m2\repository\com\fasterxml\jackson\module\jackson-module-parameter-names\2.9.4\jackson-module-parameter-names-2.9.4.jar;C:\Users\User\.m2\repository\org\hibernate\validator\hibernate-validator\6.0.7.Final\hibernate-validator-6.0.7.Final.jar;C:\Users\User\.m2\repository\javax\validation\validation-api\2.0.1.Final\validation-api-2.0.1.Final.jar;C:\Users\User\.m2\repository\org\springframework\spring-web\5.0.4.RELEASE\spring-web-5.0.4.RELEASE.jar;C:\Users\User\.m2\repository\org\springframework\spring-webmvc\5.0.4.RELEASE\spring-webmvc-5.0.4.RELEASE.jar;C:\Users\User\.m2\repository\org\springframework\spring-aop\5.0.4.RELEASE\spring-aop-5.0.4.RELEASE.jar;C:\Users\User\.m2\repository\org\springframework\boot\spring-boot-starter-data-jpa\2.0.0.RELEASE\spring-boot-starter-data-jpa-2.0.0.RELEASE.jar;C:\Users\User\.m2\repository\org\springframework\boot\spring-boot-starter-aop\2.0.0.RELEASE\spring-boot-starter-aop-2.0.0.RELEASE.jar;C:\Users\User\.m2\repository\org\aspectj\aspectjweaver\1.8.13\aspectjweaver-1.8.13.jar;C:\Users\User\.m2\repository\org\springframework\boot\spring-boot-starter-jdbc\2.0.0.RELEASE\spring-boot-starter-jdbc-2.0.0.RELEASE.jar;C:\Users\User\.m2\repository\com\zaxxer\HikariCP\2.7.8\HikariCP-2.7.8.jar;C:\Users\User\.m2\repository\javax\transaction\javax.transaction-api\1.2\javax.transaction-api-1.2.jar;C:\Users\User\.m2\repository\org\springframework\data\spring-data-jpa\2.0.5.RELEASE\spring-data-jpa-2.0.5.RELEASE.jar;C:\Users\User\.m2\repository\org\springframework\data\spring-data-commons\2.0.5.RELEASE\spring-data-commons-2.0.5.RELEASE.jar;C:\Users\User\.m2\repository\org\slf4j\slf4j-api\1.7.25\slf4j-api-1.7.25.jar;C:\Users\User\.m2\repository\org\springframework\spring-aspects\5.0.4.RELEASE\spring-aspects-5.0.4.RELEASE.jar;C:\Users\User\.m2\repository\mysql\mysql-connector-java\5.1.45\mysql-connector-java-5.1.45.jar;C:\Users\User\.m2\repository\org\springframework\boot\spring-boot-starter-test\2.0.0.RELEASE\spring-boot-starter-test-2.0.0.RELEASE.jar;C:\Users\User\.m2\repository\org\springframework\boot\spring-boot-test\2.0.0.RELEASE\spring-boot-test-2.0.0.RELEASE.jar;C:\Users\User\.m2\repository\org\springframework\boot\spring-boot-test-autoconfigure\2.0.0.RELEASE\spring-boot-test-autoconfigure-2.0.0.RELEASE.jar;C:\Users\User\.m2\repository\com\jayway\jsonpath\json-path\2.4.0\json-path-2.4.0.jar;C:\Users\User\.m2\repository\net\minidev\json-smart\2.3\json-smart-2.3.jar;C:\Users\User\.m2\repository\net\minidev\accessors-smart\1.2\accessors-smart-1.2.jar;C:\Users\User\.m2\repository\org\assertj\assertj-core\3.9.1\assertj-core-3.9.1.jar;C:\Users\User\.m2\repository\org\mockito\mockito-core\2.15.0\mockito-core-2.15.0.jar;C:\Users\User\.m2\repository\net\bytebuddy\byte-buddy\1.7.10\byte-buddy-1.7.10.jar;C:\Users\User\.m2\repository\net\bytebuddy\byte-buddy-agent\1.7.10\byte-buddy-agent-1.7.10.jar;C:\Users\User\.m2\repository\org\objenesis\objenesis\2.6\objenesis-2.6.jar;C:\Users\User\.m2\repository\org\hamcrest\hamcrest-library\1.3\hamcrest-library-1.3.jar;C:\Users\User\.m2\repository\org\skyscreamer\jsonassert\1.5.0\jsonassert-1.5.0.jar;C:\Users\User\.m2\repository\com\vaadin\external\google\android-json\0.0.20131108.vaadin1\android-json-0.0.20131108.vaadin1.jar;C:\Users\User\.m2\repository\org\springframework\spring-core\5.0.4.RELEASE\spring-core-5.0.4.RELEASE.jar;C:\Users\User\.m2\repository\org\springframework\spring-jcl\5.0.4.RELEASE\spring-jcl-5.0.4.RELEASE.jar;C:\Users\User\.m2\repository\org\springframework\spring-test\5.0.4.RELEASE\spring-test-5.0.4.RELEASE.jar;C:\Users\User\.m2\repository\org\xmlunit\xmlunit-core\2.5.1\xmlunit-core-2.5.1.jar;C:\Users\User\.m2\repository\org\springframework\boot\spring-boot-devtools\2.0.0.RELEASE\spring-boot-devtools-2.0.0.RELEASE.jar;C:\Users\User\.m2\repository\org\springframework\boot\spring-boot\2.0.0.RELEASE\spring-boot-2.0.0.RELEASE.jar;C:\Users\User\.m2\repository\org\springframework\boot\spring-boot-autoconfigure\2.0.0.RELEASE\spring-boot-autoconfigure-2.0.0.RELEASE.jar;C:\Users\User\.m2\repository\com\h2database\h2\1.4.196\h2-1.4.196.jar;C:\Users\User\.m2\repository\org\hibernate\hibernate-core\5.2.14.Final\hibernate-core-5.2.14.Final.jar;C:\Users\User\.m2\repository\org\jboss\logging\jboss-logging\3.3.2.Final\jboss-logging-3.3.2.Final.jar;C:\Users\User\.m2\repository\org\hibernate\javax\persistence\hibernate-jpa-2.1-api\1.0.0.Final\hibernate-jpa-2.1-api-1.0.0.Final.jar;C:\Users\User\.m2\repository\org\javassist\javassist\3.22.0-GA\javassist-3.22.0-GA.jar;C:\Users\User\.m2\repository\antlr\antlr\2.7.7\antlr-2.7.7.jar;C:\Users\User\.m2\repository\org\jboss\spec\javax\transaction\jboss-transaction-api_1.2_spec\1.0.1.Final\jboss-transaction-api_1.2_spec-1.0.1.Final.jar;C:\Users\User\.m2\repository\org\jboss\jandex\2.0.3.Final\jandex-2.0.3.Final.jar;C:\Users\User\.m2\repository\com\fasterxml\classmate\1.3.4\classmate-1.3.4.jar;C:\Users\User\.m2\repository\dom4j\dom4j\1.6.1\dom4j-1.6.1.jar;C:\Users\User\.m2\repository\org\hibernate\common\hibernate-commons-annotations\5.0.1.Final\hibernate-commons-annotations-5.0.1.Final.jar;C:\Users\User\.m2\repository\org\springframework\spring-orm\5.0.4.RELEASE\spring-orm-5.0.4.RELEASE.jar;C:\Users\User\.m2\repository\org\springframework\spring-beans\5.0.4.RELEASE\spring-beans-5.0.4.RELEASE.jar;C:\Users\User\.m2\repository\org\springframework\spring-jdbc\5.0.4.RELEASE\spring-jdbc-5.0.4.RELEASE.jar;C:\Users\User\.m2\repository\org\springframework\spring-tx\5.0.4.RELEASE\spring-tx-5.0.4.RELEASE.jar;C:\Users\User\.m2\repository\org\apache\commons\commons-dbcp2\2.2.0\commons-dbcp2-2.2.0.jar;C:\Users\User\.m2\repository\org\apache\commons\commons-pool2\2.5.0\commons-pool2-2.5.0.jar;C:\Users\User\.m2\repository\org\apache\maven\plugins\maven-compiler-plugin\3.7.0\maven-compiler-plugin-3.7.0.jar;C:\Users\User\.m2\repository\org\apache\maven\maven-plugin-api\3.0\maven-plugin-api-3.0.jar;C:\Users\User\.m2\repository\org\apache\maven\maven-model\3.0\maven-model-3.0.jar;C:\Users\User\.m2\repository\org\sonatype\sisu\sisu-inject-plexus\1.4.2\sisu-inject-plexus-1.4.2.jar;C:\Users\User\.m2\repository\org\sonatype\sisu\sisu-inject-bean\1.4.2\sisu-inject-bean-1.4.2.jar;C:\Users\User\.m2\repository\org\sonatype\sisu\sisu-guice\2.1.7\sisu-guice-2.1.7-noaop.jar;C:\Users\User\.m2\repository\org\apache\maven\maven-artifact\3.0\maven-artifact-3.0.jar;C:\Users\User\.m2\repository\org\codehaus\plexus\plexus-utils\2.0.4\plexus-utils-2.0.4.jar;C:\Users\User\.m2\repository\org\apache\maven\maven-core\3.0\maven-core-3.0.jar;C:\Users\User\.m2\repository\org\apache\maven\maven-settings\3.0\maven-settings-3.0.jar;C:\Users\User\.m2\repository\org\apache\maven\maven-settings-builder\3.0\maven-settings-builder-3.0.jar;C:\Users\User\.m2\repository\org\apache\maven\maven-repository-metadata\3.0\maven-repository-metadata-3.0.jar;C:\Users\User\.m2\repository\org\apache\maven\maven-model-builder\3.0\maven-model-builder-3.0.jar;C:\Users\User\.m2\repository\org\apache\maven\maven-aether-provider\3.0\maven-aether-provider-3.0.jar;C:\Users\User\.m2\repository\org\sonatype\aether\aether-impl\1.7\aether-impl-1.7.jar;C:\Users\User\.m2\repository\org\sonatype\aether\aether-spi\1.7\aether-spi-1.7.jar;C:\Users\User\.m2\repository\org\sonatype\aether\aether-api\1.7\aether-api-1.7.jar;C:\Users\User\.m2\repository\org\sonatype\aether\aether-util\1.7\aether-util-1.7.jar;C:\Users\User\.m2\repository\org\codehaus\plexus\plexus-interpolation\1.14\plexus-interpolation-1.14.jar;C:\Users\User\.m2\repository\org\codehaus\plexus\plexus-classworlds\2.2.3\plexus-classworlds-2.2.3.jar;C:\Users\User\.m2\repository\org\codehaus\plexus\plexus-component-annotations\1.5.5\plexus-component-annotations-1.5.5.jar;C:\Users\User\.m2\repository\org\sonatype\plexus\plexus-sec-dispatcher\1.3\plexus-sec-dispatcher-1.3.jar;C:\Users\User\.m2\repository\org\sonatype\plexus\plexus-cipher\1.4\plexus-cipher-1.4.jar;C:\Users\User\.m2\repository\org\apache\maven\shared\maven-shared-utils\3.1.0\maven-shared-utils-3.1.0.jar;C:\Users\User\.m2\repository\commons-io\commons-io\2.5\commons-io-2.5.jar;C:\Users\User\.m2\repository\org\apache\maven\shared\maven-shared-incremental\1.1\maven-shared-incremental-1.1.jar;C:\Users\User\.m2\repository\org\codehaus\plexus\plexus-java\0.9.2\plexus-java-0.9.2.jar;C:\Users\User\.m2\repository\org\ow2\asm\asm\6.0_BETA\asm-6.0_BETA.jar;C:\Users\User\.m2\repository\com\thoughtworks\qdox\qdox\2.0-M7\qdox-2.0-M7.jar;C:\Users\User\.m2\repository\org\codehaus\plexus\plexus-compiler-api\2.8.2\plexus-compiler-api-2.8.2.jar;C:\Users\User\.m2\repository\org\codehaus\plexus\plexus-compiler-manager\2.8.2\plexus-compiler-manager-2.8.2.jar;C:\Users\User\.m2\repository\org\codehaus\plexus\plexus-compiler-javac\2.8.2\plexus-compiler-javac-2.8.2.jar;C:\Users\User\.m2\repository\com\fasterxml\jackson\core\jackson-databind\2.9.4\jackson-databind-2.9.4.jar;C:\Users\User\.m2\repository\com\fasterxml\jackson\core\jackson-core\2.9.4\jackson-core-2.9.4.jar;C:\Users\User\.m2\repository\com\fasterxml\jackson\core\jackson-annotations\2.9.0\jackson-annotations-2.9.0.jar;C:\Users\User\.m2\repository\org\springframework\webflow\spring-webflow\2.4.7.RELEASE\spring-webflow-2.4.7.RELEASE.jar;C:\Users\User\.m2\repository\commons-logging\commons-logging\1.1.1\commons-logging-1.1.1.jar;C:\Users\User\.m2\repository\opensymphony\ognl\2.6.11\ognl-2.6.11.jar;C:\Users\User\.m2\repository\org\springframework\webflow\spring-binding\2.4.7.RELEASE\spring-binding-2.4.7.RELEASE.jar;C:\Users\User\.m2\repository\org\springframework\webflow\spring-js\2.4.7.RELEASE\spring-js-2.4.7.RELEASE.jar;C:\Users\User\.m2\repository\org\springframework\webflow\spring-js-resources\2.4.7.RELEASE\spring-js-resources-2.4.7.RELEASE.jar;C:\Users\User\.m2\repository\org\springframework\spring-context\5.0.4.RELEASE\spring-context-5.0.4.RELEASE.jar;C:\Users\User\.m2\repository\org\springframework\spring-expression\5.0.4.RELEASE\spring-expression-5.0.4.RELEASE.jar;, java.vm.vendor=Oracle Corporation, sun.arch.data.model=64, user.variant=, java.vendor.url=http://java.oracle.com/, user.timezone=Africa/Harare, os.name=Windows 10, java.vm.specification.version=1.8, user.country=US, sun.java.launcher=SUN_STANDARD, sun.boot.library.path=C:\Program Files\Java\jdk1.8.0_101\jre\bin, sun.java.command=C:\Users\User\AppData\Local\Temp\surefire4035108605574606520\surefirebooter5583770164390574527.jar C:\Users\User\AppData\Local\Temp\surefire4035108605574606520 2018-03-07T15-04-23_732-jvmRun1 surefire8663317882562309461tmp surefire_0359292655993015391tmp, surefire.test.class.path=C:\Users\User\eclipse-workspace\ubereats\target\test-classes;C:\Users\User\eclipse-workspace\ubereats\target\classes;C:\Users\User\.m2\repository\org\springframework\boot\spring-boot-starter-tomcat\2.0.0.RELEASE\spring-boot-starter-tomcat-2.0.0.RELEASE.jar;C:\Users\User\.m2\repository\javax\annotation\javax.annotation-api\1.3.2\javax.annotation-api-1.3.2.jar;C:\Users\User\.m2\repository\org\apache\tomcat\embed\tomcat-embed-core\8.5.28\tomcat-embed-core-8.5.28.jar;C:\Users\User\.m2\repository\org\apache\tomcat\embed\tomcat-embed-el\8.5.28\tomcat-embed-el-8.5.28.jar;C:\Users\User\.m2\repository\org\apache\tomcat\embed\tomcat-embed-websocket\8.5.28\tomcat-embed-websocket-8.5.28.jar;C:\Users\User\.m2\repository\junit\junit\4.12\junit-4.12.jar;C:\Users\User\.m2\repository\org\hamcrest\hamcrest-core\1.3\hamcrest-core-1.3.jar;C:\Users\User\.m2\repository\org\springframework\boot\spring-boot-starter-web\2.0.0.RELEASE\spring-boot-starter-web-2.0.0.RELEASE.jar;C:\Users\User\.m2\repository\org\springframework\boot\spring-boot-starter\2.0.0.RELEASE\spring-boot-starter-2.0.0.RELEASE.jar;C:\Users\User\.m2\repository\org\springframework\boot\spring-boot-starter-logging\2.0.0.RELEASE\spring-boot-starter-logging-2.0.0.RELEASE.jar;C:\Users\User\.m2\repository\ch\qos\logback\logback-classic\1.2.3\logback-classic-1.2.3.jar;C:\Users\User\.m2\repository\ch\qos\logback\logback-core\1.2.3\logback-core-1.2.3.jar;C:\Users\User\.m2\repository\org\apache\logging\log4j\log4j-to-slf4j\2.10.0\log4j-to-slf4j-2.10.0.jar;C:\Users\User\.m2\repository\org\apache\logging\log4j\log4j-api\2.10.0\log4j-api-2.10.0.jar;C:\Users\User\.m2\repository\org\slf4j\jul-to-slf4j\1.7.25\jul-to-slf4j-1.7.25.jar;C:\Users\User\.m2\repository\org\yaml\snakeyaml\1.19\snakeyaml-1.19.jar;C:\Users\User\.m2\repository\org\springframework\boot\spring-boot-starter-json\2.0.0.RELEASE\spring-boot-starter-json-2.0.0.RELEASE.jar;C:\Users\User\.m2\repository\com\fasterxml\jackson\datatype\jackson-datatype-jdk8\2.9.4\jackson-datatype-jdk8-2.9.4.jar;C:\Users\User\.m2\repository\com\fasterxml\jackson\datatype\jackson-datatype-jsr310\2.9.4\jackson-datatype-jsr310-2.9.4.jar;C:\Users\User\.m2\repository\com\fasterxml\jackson\module\jackson-module-parameter-names\2.9.4\jackson-module-parameter-names-2.9.4.jar;C:\Users\User\.m2\repository\org\hibernate\validator\hibernate-validator\6.0.7.Final\hibernate-validator-6.0.7.Final.jar;C:\Users\User\.m2\repository\javax\validation\validation-api\2.0.1.Final\validation-api-2.0.1.Final.jar;C:\Users\User\.m2\repository\org\springframework\spring-web\5.0.4.RELEASE\spring-web-5.0.4.RELEASE.jar;C:\Users\User\.m2\repository\org\springframework\spring-webmvc\5.0.4.RELEASE\spring-webmvc-5.0.4.RELEASE.jar;C:\Users\User\.m2\repository\org\springframework\spring-aop\5.0.4.RELEASE\spring-aop-5.0.4.RELEASE.jar;C:\Users\User\.m2\repository\org\springframework\boot\spring-boot-starter-data-jpa\2.0.0.RELEASE\spring-boot-starter-data-jpa-2.0.0.RELEASE.jar;C:\Users\User\.m2\repository\org\springframework\boot\spring-boot-starter-aop\2.0.0.RELEASE\spring-boot-starter-aop-2.0.0.RELEASE.jar;C:\Users\User\.m2\repository\org\aspectj\aspectjweaver\1.8.13\aspectjweaver-1.8.13.jar;C:\Users\User\.m2\repository\org\springframework\boot\spring-boot-starter-jdbc\2.0.0.RELEASE\spring-boot-starter-jdbc-2.0.0.RELEASE.jar;C:\Users\User\.m2\repository\com\zaxxer\HikariCP\2.7.8\HikariCP-2.7.8.jar;C:\Users\User\.m2\repository\javax\transaction\javax.transaction-api\1.2\javax.transaction-api-1.2.jar;C:\Users\User\.m2\repository\org\springframework\data\spring-data-jpa\2.0.5.RELEASE\spring-data-jpa-2.0.5.RELEASE.jar;C:\Users\User\.m2\repository\org\springframework\data\spring-data-commons\2.0.5.RELEASE\spring-data-commons-2.0.5.RELEASE.jar;C:\Users\User\.m2\repository\org\slf4j\slf4j-api\1.7.25\slf4j-api-1.7.25.jar;C:\Users\User\.m2\repository\org\springframework\spring-aspects\5.0.4.RELEASE\spring-aspects-5.0.4.RELEASE.jar;C:\Users\User\.m2\repository\mysql\mysql-connector-java\5.1.45\mysql-connector-java-5.1.45.jar;C:\Users\User\.m2\repository\org\springframework\boot\spring-boot-starter-test\2.0.0.RELEASE\spring-boot-starter-test-2.0.0.RELEASE.jar;C:\Users\User\.m2\repository\org\springframework\boot\spring-boot-test\2.0.0.RELEASE\spring-boot-test-2.0.0.RELEASE.jar;C:\Users\User\.m2\repository\org\springframework\boot\spring-boot-test-autoconfigure\2.0.0.RELEASE\spring-boot-test-autoconfigure-2.0.0.RELEASE.jar;C:\Users\User\.m2\repository\com\jayway\jsonpath\json-path\2.4.0\json-path-2.4.0.jar;C:\Users\User\.m2\repository\net\minidev\json-smart\2.3\json-smart-2.3.jar;C:\Users\User\.m2\repository\net\minidev\accessors-smart\1.2\accessors-smart-1.2.jar;C:\Users\User\.m2\repository\org\assertj\assertj-core\3.9.1\assertj-core-3.9.1.jar;C:\Users\User\.m2\repository\org\mockito\mockito-core\2.15.0\mockito-core-2.15.0.jar;C:\Users\User\.m2\repository\net\bytebuddy\byte-buddy\1.7.10\byte-buddy-1.7.10.jar;C:\Users\User\.m2\repository\net\bytebuddy\byte-buddy-agent\1.7.10\byte-buddy-agent-1.7.10.jar;C:\Users\User\.m2\repository\org\objenesis\objenesis\2.6\objenesis-2.6.jar;C:\Users\User\.m2\repository\org\hamcrest\hamcrest-library\1.3\hamcrest-library-1.3.jar;C:\Users\User\.m2\repository\org\skyscreamer\jsonassert\1.5.0\jsonassert-1.5.0.jar;C:\Users\User\.m2\repository\com\vaadin\external\google\android-json\0.0.20131108.vaadin1\android-json-0.0.20131108.vaadin1.jar;C:\Users\User\.m2\repository\org\springframework\spring-core\5.0.4.RELEASE\spring-core-5.0.4.RELEASE.jar;C:\Users\User\.m2\repository\org\springframework\spring-jcl\5.0.4.RELEASE\spring-jcl-5.0.4.RELEASE.jar;C:\Users\User\.m2\repository\org\springframework\spring-test\5.0.4.RELEASE\spring-test-5.0.4.RELEASE.jar;C:\Users\User\.m2\repository\org\xmlunit\xmlunit-core\2.5.1\xmlunit-core-2.5.1.jar;C:\Users\User\.m2\repository\org\springframework\boot\spring-boot-devtools\2.0.0.RELEASE\spring-boot-devtools-2.0.0.RELEASE.jar;C:\Users\User\.m2\repository\org\springframework\boot\spring-boot\2.0.0.RELEASE\spring-boot-2.0.0.RELEASE.jar;C:\Users\User\.m2\repository\org\springframework\boot\spring-boot-autoconfigure\2.0.0.RELEASE\spring-boot-autoconfigure-2.0.0.RELEASE.jar;C:\Users\User\.m2\repository\com\h2database\h2\1.4.196\h2-1.4.196.jar;C:\Users\User\.m2\repository\org\hibernate\hibernate-core\5.2.14.Final\hibernate-core-5.2.14.Final.jar;C:\Users\User\.m2\repository\org\jboss\logging\jboss-logging\3.3.2.Final\jboss-logging-3.3.2.Final.jar;C:\Users\User\.m2\repository\org\hibernate\javax\persistence\hibernate-jpa-2.1-api\1.0.0.Final\hibernate-jpa-2.1-api-1.0.0.Final.jar;C:\Users\User\.m2\repository\org\javassist\javassist\3.22.0-GA\javassist-3.22.0-GA.jar;C:\Users\User\.m2\repository\antlr\antlr\2.7.7\antlr-2.7.7.jar;C:\Users\User\.m2\repository\org\jboss\spec\javax\transaction\jboss-transaction-api_1.2_spec\1.0.1.Final\jboss-transaction-api_1.2_spec-1.0.1.Final.jar;C:\Users\User\.m2\repository\org\jboss\jandex\2.0.3.Final\jandex-2.0.3.Final.jar;C:\Users\User\.m2\repository\com\fasterxml\classmate\1.3.4\classmate-1.3.4.jar;C:\Users\User\.m2\repository\dom4j\dom4j\1.6.1\dom4j-1.6.1.jar;C:\Users\User\.m2\repository\org\hibernate\common\hibernate-commons-annotations\5.0.1.Final\hibernate-commons-annotations-5.0.1.Final.jar;C:\Users\User\.m2\repository\org\springframework\spring-orm\5.0.4.RELEASE\spring-orm-5.0.4.RELEASE.jar;C:\Users\User\.m2\repository\org\springframework\spring-beans\5.0.4.RELEASE\spring-beans-5.0.4.RELEASE.jar;C:\Users\User\.m2\repository\org\springframework\spring-jdbc\5.0.4.RELEASE\spring-jdbc-5.0.4.RELEASE.jar;C:\Users\User\.m2\repository\org\springframework\spring-tx\5.0.4.RELEASE\spring-tx-5.0.4.RELEASE.jar;C:\Users\User\.m2\repository\org\apache\commons\commons-dbcp2\2.2.0\commons-dbcp2-2.2.0.jar;C:\Users\User\.m2\repository\org\apache\commons\commons-pool2\2.5.0\commons-pool2-2.5.0.jar;C:\Users\User\.m2\repository\org\apache\maven\plugins\maven-compiler-plugin\3.7.0\maven-compiler-plugin-3.7.0.jar;C:\Users\User\.m2\repository\org\apache\maven\maven-plugin-api\3.0\maven-plugin-api-3.0.jar;C:\Users\User\.m2\repository\org\apache\maven\maven-model\3.0\maven-model-3.0.jar;C:\Users\User\.m2\repository\org\sonatype\sisu\sisu-inject-plexus\1.4.2\sisu-inject-plexus-1.4.2.jar;C:\Users\User\.m2\repository\org\sonatype\sisu\sisu-inject-bean\1.4.2\sisu-inject-bean-1.4.2.jar;C:\Users\User\.m2\repository\org\sonatype\sisu\sisu-guice\2.1.7\sisu-guice-2.1.7-noaop.jar;C:\Users\User\.m2\repository\org\apache\maven\maven-artifact\3.0\maven-artifact-3.0.jar;C:\Users\User\.m2\repository\org\codehaus\plexus\plexus-utils\2.0.4\plexus-utils-2.0.4.jar;C:\Users\User\.m2\repository\org\apache\maven\maven-core\3.0\maven-core-3.0.jar;C:\Users\User\.m2\repository\org\apache\maven\maven-settings\3.0\maven-settings-3.0.jar;C:\Users\User\.m2\repository\org\apache\maven\maven-settings-builder\3.0\maven-settings-builder-3.0.jar;C:\Users\User\.m2\repository\org\apache\maven\maven-repository-metadata\3.0\maven-repository-metadata-3.0.jar;C:\Users\User\.m2\repository\org\apache\maven\maven-model-builder\3.0\maven-model-builder-3.0.jar;C:\Users\User\.m2\repository\org\apache\maven\maven-aether-provider\3.0\maven-aether-provider-3.0.jar;C:\Users\User\.m2\repository\org\sonatype\aether\aether-impl\1.7\aether-impl-1.7.jar;C:\Users\User\.m2\repository\org\sonatype\aether\aether-spi\1.7\aether-spi-1.7.jar;C:\Users\User\.m2\repository\org\sonatype\aether\aether-api\1.7\aether-api-1.7.jar;C:\Users\User\.m2\repository\org\sonatype\aether\aether-util\1.7\aether-util-1.7.jar;C:\Users\User\.m2\repository\org\codehaus\plexus\plexus-interpolation\1.14\plexus-interpolation-1.14.jar;C:\Users\User\.m2\repository\org\codehaus\plexus\plexus-classworlds\2.2.3\plexus-classworlds-2.2.3.jar;C:\Users\User\.m2\repository\org\codehaus\plexus\plexus-component-annotations\1.5.5\plexus-component-annotations-1.5.5.jar;C:\Users\User\.m2\repository\org\sonatype\plexus\plexus-sec-dispatcher\1.3\plexus-sec-dispatcher-1.3.jar;C:\Users\User\.m2\repository\org\sonatype\plexus\plexus-cipher\1.4\plexus-cipher-1.4.jar;C:\Users\User\.m2\repository\org\apache\maven\shared\maven-shared-utils\3.1.0\maven-shared-utils-3.1.0.jar;C:\Users\User\.m2\repository\commons-io\commons-io\2.5\commons-io-2.5.jar;C:\Users\User\.m2\repository\org\apache\maven\shared\maven-shared-incremental\1.1\maven-shared-incremental-1.1.jar;C:\Users\User\.m2\repository\org\codehaus\plexus\plexus-java\0.9.2\plexus-java-0.9.2.jar;C:\Users\User\.m2\repository\org\ow2\asm\asm\6.0_BETA\asm-6.0_BETA.jar;C:\Users\User\.m2\repository\com\thoughtworks\qdox\qdox\2.0-M7\qdox-2.0-M7.jar;C:\Users\User\.m2\repository\org\codehaus\plexus\plexus-compiler-api\2.8.2\plexus-compiler-api-2.8.2.jar;C:\Users\User\.m2\repository\org\codehaus\plexus\plexus-compiler-manager\2.8.2\plexus-compiler-manager-2.8.2.jar;C:\Users\User\.m2\repository\org\codehaus\plexus\plexus-compiler-javac\2.8.2\plexus-compiler-javac-2.8.2.jar;C:\Users\User\.m2\repository\com\fasterxml\jackson\core\jackson-databind\2.9.4\jackson-databind-2.9.4.jar;C:\Users\User\.m2\repository\com\fasterxml\jackson\core\jackson-core\2.9.4\jackson-core-2.9.4.jar;C:\Users\User\.m2\repository\com\fasterxml\jackson\core\jackson-annotations\2.9.0\jackson-annotations-2.9.0.jar;C:\Users\User\.m2\repository\org\springframework\webflow\spring-webflow\2.4.7.RELEASE\spring-webflow-2.4.7.RELEASE.jar;C:\Users\User\.m2\repository\commons-logging\commons-logging\1.1.1\commons-logging-1.1.1.jar;C:\Users\User\.m2\repository\opensymphony\ognl\2.6.11\ognl-2.6.11.jar;C:\Users\User\.m2\repository\org\springframework\webflow\spring-binding\2.4.7.RELEASE\spring-binding-2.4.7.RELEASE.jar;C:\Users\User\.m2\repository\org\springframework\webflow\spring-js\2.4.7.RELEASE\spring-js-2.4.7.RELEASE.jar;C:\Users\User\.m2\repository\org\springframework\webflow\spring-js-resources\2.4.7.RELEASE\spring-js-resources-2.4.7.RELEASE.jar;C:\Users\User\.m2\repository\org\springframework\spring-context\5.0.4.RELEASE\spring-context-5.0.4.RELEASE.jar;C:\Users\User\.m2\repository\org\springframework\spring-expression\5.0.4.RELEASE\spring-expression-5.0.4.RELEASE.jar;, sun.cpu.endian=little, user.home=C:\Users\User, user.language=en, java.specification.vendor=Oracle Corporation, java.home=C:\Program Files\Java\jdk1.8.0_101\jre, basedir=C:\Users\User\eclipse-workspace\ubereats, file.separator=\, line.separator=
, java.vm.specification.vendor=Oracle Corporation, java.specification.name=Java Platform API Specification, java.awt.graphicsenv=sun.awt.Win32GraphicsEnvironment, surefire.real.class.path=C:\Users\User\AppData\Local\Temp\surefire4035108605574606520\surefirebooter5583770164390574527.jar, sun.boot.class.path=C:\Program Files\Java\jdk1.8.0_101\jre\lib\resources.jar;C:\Program Files\Java\jdk1.8.0_101\jre\lib\rt.jar;C:\Program Files\Java\jdk1.8.0_101\jre\lib\sunrsasign.jar;C:\Program Files\Java\jdk1.8.0_101\jre\lib\jsse.jar;C:\Program Files\Java\jdk1.8.0_101\jre\lib\jce.jar;C:\Program Files\Java\jdk1.8.0_101\jre\lib\charsets.jar;C:\Program Files\Java\jdk1.8.0_101\jre\lib\jfr.jar;C:\Program Files\Java\jdk1.8.0_101\jre\classes, hibernate.hbm2ddl.auto=update, user.script=, sun.management.compiler=HotSpot 64-Bit Tiered Compilers, java.runtime.version=1.8.0_101-b13, user.name=User, path.separator=;, os.version=10.0, java.endorsed.dirs=C:\Program Files\Java\jdk1.8.0_101\jre\lib\endorsed, java.runtime.name=Java(TM) SE Runtime Environment, file.encoding=Cp1252, java.vm.name=Java HotSpot(TM) 64-Bit Server VM, hibernate.show_sql=true, hibernate.classLoaders=[sun.misc.Launcher$AppClassLoader@6bc7c054], hibernate.current_session_context_class=org.springframework.orm.hibernate5.SpringSessionContext, localRepository=C:\Users\User\.m2\repository, java.vendor.url.bug=http://bugreport.sun.com/bugreport/, java.io.tmpdir=C:\Users\User\AppData\Local\Temp\, java.version=1.8.0_101, user.dir=C:\Users\User\eclipse-workspace\ubereats, os.arch=amd64, java.vm.specification.name=Java Virtual Machine Specification, java.awt.printerjob=sun.awt.windows.WPrinterJob, sun.os.patch.level=, hibernate.boot.CfgXmlAccessService.key=org.hibernate.boot.cfgxml.spi.LoadedConfig@5f7da3d3, java.library.path=C:\Program Files\Java\jdk1.8.0_101\jre\bin;C:\WINDOWS\Sun\Java\bin;C:\WINDOWS\system32;C:\WINDOWS;C:/Program Files/Java/jre1.8.0_101/bin/server;C:/Program Files/Java/jre1.8.0_101/bin;C:/Program Files/Java/jre1.8.0_101/lib/amd64;C:\Program Files\Microsoft MPI\Bin\;C:\ProgramData\Oracle\Java\javapath;C:\Program Files (x86)\Intel\iCLS Client\;C:\Program Files\Intel\iCLS Client\;C:\WINDOWS\system32;C:\WINDOWS;C:\WINDOWS\System32\Wbem;C:\WINDOWS\System32\WindowsPowerShell\v1.0\;C:\Program Files (x86)\Intel\OpenCL SDK\2.0\bin\x86;C:\Program Files (x86)\Intel\OpenCL SDK\2.0\bin\x64;C:\Program Files (x86)\Intel\Intel(R) Management Engine Components\DAL;C:\Program Files\Intel\Intel(R) Management Engine Components\DAL;C:\Program Files (x86)\Intel\Intel(R) Management Engine Components\IPT;C:\Program Files\Intel\Intel(R) Management Engine Components\IPT;C:\Program Files\Microsoft SQL Server\Client SDK\ODBC\130\Tools\Binn\;C:\Program Files (x86)\Microsoft SQL Server\130\Tools\Binn\;C:\Program Files\Microsoft SQL Server\130\Tools\Binn\;C:\Program Files\Microsoft SQL Server\130\DTS\Binn\;C:\WINDOWS\system32\config\systemprofile\.dnx\bin;C:\Program Files\Microsoft DNX\Dnvm\;C:\Program Files\Microsoft SQL Server\120\Tools\Binn\;C:\Program Files (x86)\Microsoft SQL Server\130\DTS\Binn\;C:\Program Files (x86)\Microsoft SQL Server\Client SDK\ODBC\130\Tools\Binn\;C:\Program Files (x86)\Microsoft SQL Server\140\Tools\Binn\;C:\Program Files (x86)\Microsoft SQL Server\140\DTS\Binn\;C:\Program Files (x86)\Microsoft SQL Server\140\Tools\Binn\ManagementStudio\;C:\Program Files\nodejs\;C:\Users\User\AppData\Local\Microsoft\WindowsApps;C:\Users\User\AppData\Roaming\npm;C:\Users\User\Downloads\Compressed\apache-maven-3.5.2-bin\bin;;C:\Users\User\Desktop;;., java.vm.info=mixed mode, java.vendor=Oracle Corporation, java.vm.version=25.101-b13, hibernate.bytecode.use_reflection_optimizer=false, hibernate.connection.datasource=org.apache.commons.dbcp2.BasicDataSource@51671b08, java.ext.dirs=C:\Program Files\Java\jdk1.8.0_101\jre\lib\ext;C:\WINDOWS\Sun\Java\lib\ext, sun.io.unicode.encoding=UnicodeLittle, java.class.version=52.0}
15:04:38.482 [main] DEBUG org.hibernate.validator.internal.engine.resolver.TraversableResolvers - Found javax.persistence.Persistence on classpath containing 'getPersistenceUtil'. Assuming JPA 2 environment. Trying to instantiate JPA aware TraversableResolver
15:04:38.482 [main] DEBUG org.hibernate.validator.internal.engine.resolver.TraversableResolvers - Instantiated JPA aware TraversableResolver of type org.hibernate.validator.internal.engine.resolver.JPATraversableResolver.
15:04:38.482 [main] DEBUG org.hibernate.validator.internal.engine.resolver.TraversableResolvers - Unable to load or instantiate JPA aware resolver org.hibernate.validator.internal.engine.resolver.JPATraversableResolver. All properties will per default be traversable.
15:04:38.483 [main] DEBUG org.hibernate.validator.internal.xml.ValidationXmlParser - Trying to load META-INF/validation.xml for XML based Validator configuration.
15:04:38.483 [main] DEBUG org.hibernate.validator.internal.xml.ResourceLoaderHelper - Trying to load META-INF/validation.xml via TCCL
15:04:38.483 [main] DEBUG org.hibernate.validator.internal.xml.ResourceLoaderHelper - Trying to load META-INF/validation.xml via Hibernate Validator's class loader
15:04:38.483 [main] DEBUG org.hibernate.validator.internal.xml.ValidationXmlParser - No META-INF/validation.xml found. Using annotation based configuration only.
15:04:38.491 [main] DEBUG org.hibernate.validator.messageinterpolation.ResourceBundleMessageInterpolator - Loaded expression factory via original TCCL
15:04:38.492 [main] DEBUG org.hibernate.validator.internal.engine.ValidatorFactoryImpl - HV000234: Using org.hibernate.validator.messageinterpolation.ResourceBundleMessageInterpolator as ValidatorFactory-scoped message interpolator.
15:04:38.492 [main] DEBUG org.hibernate.validator.internal.engine.ValidatorFactoryImpl - HV000234: Using org.hibernate.validator.internal.engine.resolver.TraverseAllTraversableResolver as ValidatorFactory-scoped traversable resolver.
15:04:38.492 [main] DEBUG org.hibernate.validator.internal.engine.ValidatorFactoryImpl - HV000234: Using org.hibernate.validator.internal.util.ExecutableParameterNameProvider as ValidatorFactory-scoped parameter name provider.
15:04:38.492 [main] DEBUG org.hibernate.validator.internal.engine.ValidatorFactoryImpl - HV000234: Using org.hibernate.validator.internal.engine.DefaultClockProvider as ValidatorFactory-scoped clock provider.
15:04:38.492 [main] DEBUG org.hibernate.validator.internal.engine.ValidatorFactoryImpl - HV000234: Using org.hibernate.validator.internal.engine.scripting.DefaultScriptEvaluatorFactory as ValidatorFactory-scoped script evaluator factory.
15:04:38.493 [main] DEBUG org.hibernate.boot.internal.ClassLoaderAccessImpl - Not known whether passed class name [org.reverside.bootcamp.ubereats.dto.Role] is safe
15:04:38.493 [main] DEBUG org.hibernate.boot.internal.ClassLoaderAccessImpl - No temp ClassLoader provided; using live ClassLoader for loading potentially unsafe class : org.reverside.bootcamp.ubereats.dto.Role
15:04:38.552 [main] DEBUG org.hibernate.boot.internal.ClassLoaderAccessImpl - Not known whether passed class name [org.reverside.bootcamp.ubereats.dto.Admin] is safe
15:04:38.552 [main] DEBUG org.hibernate.boot.internal.ClassLoaderAccessImpl - No temp ClassLoader provided; using live ClassLoader for loading potentially unsafe class : org.reverside.bootcamp.ubereats.dto.Admin
15:04:38.608 [main] DEBUG org.hibernate.boot.internal.ClassLoaderAccessImpl - Not known whether passed class name [org.reverside.bootcamp.ubereats.dto.Cart] is safe
15:04:38.608 [main] DEBUG org.hibernate.boot.internal.ClassLoaderAccessImpl - No temp ClassLoader provided; using live ClassLoader for loading potentially unsafe class : org.reverside.bootcamp.ubereats.dto.Cart
15:04:38.612 [main] DEBUG org.hibernate.boot.internal.ClassLoaderAccessImpl - Not known whether passed class name [org.reverside.bootcamp.ubereats.dto.Product] is safe
15:04:38.612 [main] DEBUG org.hibernate.boot.internal.ClassLoaderAccessImpl - No temp ClassLoader provided; using live ClassLoader for loading potentially unsafe class : org.reverside.bootcamp.ubereats.dto.Product
15:04:38.621 [main] DEBUG org.hibernate.boot.internal.ClassLoaderAccessImpl - Not known whether passed class name [org.reverside.bootcamp.ubereats.dto.FoodOutlet] is safe
15:04:38.621 [main] DEBUG org.hibernate.boot.internal.ClassLoaderAccessImpl - No temp ClassLoader provided; using live ClassLoader for loading potentially unsafe class : org.reverside.bootcamp.ubereats.dto.FoodOutlet
15:04:38.638 [main] DEBUG org.hibernate.boot.internal.ClassLoaderAccessImpl - Not known whether passed class name [org.reverside.bootcamp.ubereats.dto.Account] is safe
15:04:38.639 [main] DEBUG org.hibernate.boot.internal.ClassLoaderAccessImpl - No temp ClassLoader provided; using live ClassLoader for loading potentially unsafe class : org.reverside.bootcamp.ubereats.dto.Account
15:04:38.645 [main] DEBUG org.hibernate.boot.internal.ClassLoaderAccessImpl - Not known whether passed class name [org.reverside.bootcamp.ubereats.dto.Category] is safe
15:04:38.645 [main] DEBUG org.hibernate.boot.internal.ClassLoaderAccessImpl - No temp ClassLoader provided; using live ClassLoader for loading potentially unsafe class : org.reverside.bootcamp.ubereats.dto.Category
15:04:38.648 [main] DEBUG org.hibernate.boot.internal.ClassLoaderAccessImpl - Not known whether passed class name [org.reverside.bootcamp.ubereats.dto.User] is safe
15:04:38.648 [main] DEBUG org.hibernate.boot.internal.ClassLoaderAccessImpl - No temp ClassLoader provided; using live ClassLoader for loading potentially unsafe class : org.reverside.bootcamp.ubereats.dto.User
15:04:38.657 [main] DEBUG org.hibernate.boot.internal.ClassLoaderAccessImpl - Not known whether passed class name [org.reverside.bootcamp.ubereats.dto.Menu] is safe
15:04:38.657 [main] DEBUG org.hibernate.boot.internal.ClassLoaderAccessImpl - No temp ClassLoader provided; using live ClassLoader for loading potentially unsafe class : org.reverside.bootcamp.ubereats.dto.Menu
15:04:38.664 [main] DEBUG org.hibernate.secure.spi.JaccIntegrator - Skipping JACC integration as it was not enabled
15:04:38.666 [main] DEBUG org.hibernate.internal.SessionFactoryImpl - Instantiated session factory
15:04:38.800 [main] DEBUG org.hibernate.boot.internal.ClassLoaderAccessImpl - Not known whether passed class name [org.reverside.bootcamp.ubereats.dto.Role] is safe
15:04:38.800 [main] DEBUG org.hibernate.boot.internal.ClassLoaderAccessImpl - No temp ClassLoader provided; using live ClassLoader for loading potentially unsafe class : org.reverside.bootcamp.ubereats.dto.Role
15:04:38.849 [main] DEBUG org.hibernate.boot.internal.ClassLoaderAccessImpl - Not known whether passed class name [org.reverside.bootcamp.ubereats.dto.Role] is safe
15:04:38.849 [main] DEBUG org.hibernate.boot.internal.ClassLoaderAccessImpl - No temp ClassLoader provided; using live ClassLoader for loading potentially unsafe class : org.reverside.bootcamp.ubereats.dto.Role
15:04:39.038 [main] DEBUG org.hibernate.boot.internal.ClassLoaderAccessImpl - Not known whether passed class name [org.reverside.bootcamp.ubereats.dto.User] is safe
15:04:39.039 [main] DEBUG org.hibernate.boot.internal.ClassLoaderAccessImpl - No temp ClassLoader provided; using live ClassLoader for loading potentially unsafe class : org.reverside.bootcamp.ubereats.dto.User
15:04:39.039 [main] DEBUG org.hibernate.boot.internal.ClassLoaderAccessImpl - Not known whether passed class name [org.reverside.bootcamp.ubereats.dto.Admin] is safe
15:04:39.039 [main] DEBUG org.hibernate.boot.internal.ClassLoaderAccessImpl - No temp ClassLoader provided; using live ClassLoader for loading potentially unsafe class : org.reverside.bootcamp.ubereats.dto.Admin
15:04:39.048 [main] DEBUG org.hibernate.boot.internal.ClassLoaderAccessImpl - Not known whether passed class name [org.reverside.bootcamp.ubereats.dto.Admin] is safe
15:04:39.048 [main] DEBUG org.hibernate.boot.internal.ClassLoaderAccessImpl - No temp ClassLoader provided; using live ClassLoader for loading potentially unsafe class : org.reverside.bootcamp.ubereats.dto.Admin
15:04:39.058 [main] DEBUG org.hibernate.boot.internal.ClassLoaderAccessImpl - Not known whether passed class name [org.reverside.bootcamp.ubereats.dto.Cart] is safe
15:04:39.058 [main] DEBUG org.hibernate.boot.internal.ClassLoaderAccessImpl - No temp ClassLoader provided; using live ClassLoader for loading potentially unsafe class : org.reverside.bootcamp.ubereats.dto.Cart
15:04:39.059 [main] DEBUG org.hibernate.boot.internal.ClassLoaderAccessImpl - Not known whether passed class name [org.reverside.bootcamp.ubereats.dto.Cart] is safe
15:04:39.059 [main] DEBUG org.hibernate.boot.internal.ClassLoaderAccessImpl - No temp ClassLoader provided; using live ClassLoader for loading potentially unsafe class : org.reverside.bootcamp.ubereats.dto.Cart
15:04:39.064 [main] DEBUG org.hibernate.boot.internal.ClassLoaderAccessImpl - Not known whether passed class name [org.reverside.bootcamp.ubereats.dto.Product] is safe
15:04:39.065 [main] DEBUG org.hibernate.boot.internal.ClassLoaderAccessImpl - No temp ClassLoader provided; using live ClassLoader for loading potentially unsafe class : org.reverside.bootcamp.ubereats.dto.Product
15:04:39.065 [main] DEBUG org.hibernate.boot.internal.ClassLoaderAccessImpl - Not known whether passed class name [org.reverside.bootcamp.ubereats.dto.Product] is safe
15:04:39.066 [main] DEBUG org.hibernate.boot.internal.ClassLoaderAccessImpl - No temp ClassLoader provided; using live ClassLoader for loading potentially unsafe class : org.reverside.bootcamp.ubereats.dto.Product
15:04:39.073 [main] DEBUG org.hibernate.boot.internal.ClassLoaderAccessImpl - Not known whether passed class name [org.reverside.bootcamp.ubereats.dto.FoodOutlet] is safe
15:04:39.076 [main] DEBUG org.hibernate.boot.internal.ClassLoaderAccessImpl - No temp ClassLoader provided; using live ClassLoader for loading potentially unsafe class : org.reverside.bootcamp.ubereats.dto.FoodOutlet
15:04:39.076 [main] DEBUG org.hibernate.boot.internal.ClassLoaderAccessImpl - Not known whether passed class name [org.reverside.bootcamp.ubereats.dto.FoodOutlet] is safe
15:04:39.076 [main] DEBUG org.hibernate.boot.internal.ClassLoaderAccessImpl - No temp ClassLoader provided; using live ClassLoader for loading potentially unsafe class : org.reverside.bootcamp.ubereats.dto.FoodOutlet
15:04:39.089 [main] DEBUG org.hibernate.boot.internal.ClassLoaderAccessImpl - Not known whether passed class name [org.reverside.bootcamp.ubereats.dto.Account] is safe
15:04:39.089 [main] DEBUG org.hibernate.boot.internal.ClassLoaderAccessImpl - No temp ClassLoader provided; using live ClassLoader for loading potentially unsafe class : org.reverside.bootcamp.ubereats.dto.Account
15:04:39.090 [main] DEBUG org.hibernate.boot.internal.ClassLoaderAccessImpl - Not known whether passed class name [org.reverside.bootcamp.ubereats.dto.Account] is safe
15:04:39.090 [main] DEBUG org.hibernate.boot.internal.ClassLoaderAccessImpl - No temp ClassLoader provided; using live ClassLoader for loading potentially unsafe class : org.reverside.bootcamp.ubereats.dto.Account
15:04:39.098 [main] DEBUG org.hibernate.boot.internal.ClassLoaderAccessImpl - Not known whether passed class name [org.reverside.bootcamp.ubereats.dto.Category] is safe
15:04:39.098 [main] DEBUG org.hibernate.boot.internal.ClassLoaderAccessImpl - No temp ClassLoader provided; using live ClassLoader for loading potentially unsafe class : org.reverside.bootcamp.ubereats.dto.Category
15:04:39.098 [main] DEBUG org.hibernate.boot.internal.ClassLoaderAccessImpl - Not known whether passed class name [org.reverside.bootcamp.ubereats.dto.Category] is safe
15:04:39.099 [main] DEBUG org.hibernate.boot.internal.ClassLoaderAccessImpl - No temp ClassLoader provided; using live ClassLoader for loading potentially unsafe class : org.reverside.bootcamp.ubereats.dto.Category
15:04:39.102 [main] DEBUG org.hibernate.boot.internal.ClassLoaderAccessImpl - Not known whether passed class name [org.reverside.bootcamp.ubereats.dto.User] is safe
15:04:39.103 [main] DEBUG org.hibernate.boot.internal.ClassLoaderAccessImpl - No temp ClassLoader provided; using live ClassLoader for loading potentially unsafe class : org.reverside.bootcamp.ubereats.dto.User
15:04:39.111 [main] DEBUG org.hibernate.boot.internal.ClassLoaderAccessImpl - Not known whether passed class name [org.reverside.bootcamp.ubereats.dto.Menu] is safe
15:04:39.111 [main] DEBUG org.hibernate.boot.internal.ClassLoaderAccessImpl - No temp ClassLoader provided; using live ClassLoader for loading potentially unsafe class : org.reverside.bootcamp.ubereats.dto.Menu
15:04:39.112 [main] DEBUG org.hibernate.boot.internal.ClassLoaderAccessImpl - Not known whether passed class name [org.reverside.bootcamp.ubereats.dto.Menu] is safe
15:04:39.112 [main] DEBUG org.hibernate.boot.internal.ClassLoaderAccessImpl - No temp ClassLoader provided; using live ClassLoader for loading potentially unsafe class : org.reverside.bootcamp.ubereats.dto.Menu
15:04:39.122 [main] DEBUG org.hibernate.persister.entity.AbstractEntityPersister - Static SQL for entity: org.reverside.bootcamp.ubereats.dto.Role
15:04:39.122 [main] DEBUG org.hibernate.persister.entity.AbstractEntityPersister -  Version select: select role_id from Role where role_id =?
15:04:39.122 [main] DEBUG org.hibernate.persister.entity.AbstractEntityPersister -  Snapshot select: select role_.role_id, role_.role as role2_6_ from Role role_ where role_.role_id=?
15:04:39.123 [main] DEBUG org.hibernate.persister.entity.AbstractEntityPersister -  Insert 0: insert into Role (role, role_id) values (?, ?)
15:04:39.123 [main] DEBUG org.hibernate.persister.entity.AbstractEntityPersister -  Update 0: update Role set role=? where role_id=?
15:04:39.123 [main] DEBUG org.hibernate.persister.entity.AbstractEntityPersister -  Delete 0: delete from Role where role_id=?
15:04:39.200 [main] DEBUG org.hibernate.loader.plan.build.internal.spaces.QuerySpacesImpl - Adding QuerySpace : uid = <gen:0> -> org.hibernate.loader.plan.build.internal.spaces.EntityQuerySpaceImpl@feb98ef]
15:04:39.202 [main] DEBUG org.hibernate.persister.walking.spi.MetamodelGraphWalker - Visiting attribute path : role
15:04:39.203 [main] DEBUG org.hibernate.loader.plan.build.internal.FetchStyleLoadPlanBuildingAssociationVisitationStrategy - Building LoadPlan...
15:04:39.228 [main] DEBUG org.hibernate.loader.plan.exec.internal.LoadQueryJoinAndFetchProcessor - processing queryspace <gen:0>
15:04:39.237 [main] DEBUG org.hibernate.loader.plan.build.spi.LoadPlanTreePrinter - LoadPlan(entity=org.reverside.bootcamp.ubereats.dto.Role)
    - Returns
       - EntityReturnImpl(entity=org.reverside.bootcamp.ubereats.dto.Role, querySpaceUid=<gen:0>, path=org.reverside.bootcamp.ubereats.dto.Role)
    - QuerySpaces
       - EntityQuerySpaceImpl(uid=<gen:0>, entity=org.reverside.bootcamp.ubereats.dto.Role)
          - SQL table alias mapping - role0_
          - alias suffix - 0_
          - suffixed key columns - {role_id1_6_0_}

15:04:39.240 [main] DEBUG org.hibernate.loader.entity.plan.EntityLoader - Static select for entity org.reverside.bootcamp.ubereats.dto.Role [NONE]: select role0_.role_id as role_id1_6_0_, role0_.role as role2_6_0_ from Role role0_ where role0_.role_id=?
15:04:39.240 [main] DEBUG org.hibernate.loader.plan.build.internal.spaces.QuerySpacesImpl - Adding QuerySpace : uid = <gen:0> -> org.hibernate.loader.plan.build.internal.spaces.EntityQuerySpaceImpl@21ba2445]
15:04:39.240 [main] DEBUG org.hibernate.persister.walking.spi.MetamodelGraphWalker - Visiting attribute path : role
15:04:39.240 [main] DEBUG org.hibernate.loader.plan.build.internal.FetchStyleLoadPlanBuildingAssociationVisitationStrategy - Building LoadPlan...
15:04:39.241 [main] DEBUG org.hibernate.loader.plan.exec.internal.LoadQueryJoinAndFetchProcessor - processing queryspace <gen:0>
15:04:39.242 [main] DEBUG org.hibernate.loader.plan.build.spi.LoadPlanTreePrinter - LoadPlan(entity=org.reverside.bootcamp.ubereats.dto.Role)
    - Returns
       - EntityReturnImpl(entity=org.reverside.bootcamp.ubereats.dto.Role, querySpaceUid=<gen:0>, path=org.reverside.bootcamp.ubereats.dto.Role)
    - QuerySpaces
       - EntityQuerySpaceImpl(uid=<gen:0>, entity=org.reverside.bootcamp.ubereats.dto.Role)
          - SQL table alias mapping - role0_
          - alias suffix - 0_
          - suffixed key columns - {role_id1_6_0_}

15:04:39.242 [main] DEBUG org.hibernate.loader.entity.plan.EntityLoader - Static select for entity org.reverside.bootcamp.ubereats.dto.Role [READ]: select role0_.role_id as role_id1_6_0_, role0_.role as role2_6_0_ from Role role0_ where role0_.role_id=?
15:04:39.242 [main] DEBUG org.hibernate.loader.plan.build.internal.spaces.QuerySpacesImpl - Adding QuerySpace : uid = <gen:0> -> org.hibernate.loader.plan.build.internal.spaces.EntityQuerySpaceImpl@3c3820bb]
15:04:39.242 [main] DEBUG org.hibernate.persister.walking.spi.MetamodelGraphWalker - Visiting attribute path : role
15:04:39.242 [main] DEBUG org.hibernate.loader.plan.build.internal.FetchStyleLoadPlanBuildingAssociationVisitationStrategy - Building LoadPlan...
15:04:39.243 [main] DEBUG org.hibernate.loader.plan.exec.internal.LoadQueryJoinAndFetchProcessor - processing queryspace <gen:0>
15:04:39.243 [main] DEBUG org.hibernate.loader.plan.build.spi.LoadPlanTreePrinter - LoadPlan(entity=org.reverside.bootcamp.ubereats.dto.Role)
    - Returns
       - EntityReturnImpl(entity=org.reverside.bootcamp.ubereats.dto.Role, querySpaceUid=<gen:0>, path=org.reverside.bootcamp.ubereats.dto.Role)
    - QuerySpaces
       - EntityQuerySpaceImpl(uid=<gen:0>, entity=org.reverside.bootcamp.ubereats.dto.Role)
          - SQL table alias mapping - role0_
          - alias suffix - 0_
          - suffixed key columns - {role_id1_6_0_}

15:04:39.243 [main] DEBUG org.hibernate.loader.entity.plan.EntityLoader - Static select for entity org.reverside.bootcamp.ubereats.dto.Role [UPGRADE]: select role0_.role_id as role_id1_6_0_, role0_.role as role2_6_0_ from Role role0_ where role0_.role_id=? for update
15:04:39.243 [main] DEBUG org.hibernate.loader.plan.build.internal.spaces.QuerySpacesImpl - Adding QuerySpace : uid = <gen:0> -> org.hibernate.loader.plan.build.internal.spaces.EntityQuerySpaceImpl@4784efd9]
15:04:39.243 [main] DEBUG org.hibernate.persister.walking.spi.MetamodelGraphWalker - Visiting attribute path : role
15:04:39.243 [main] DEBUG org.hibernate.loader.plan.build.internal.FetchStyleLoadPlanBuildingAssociationVisitationStrategy - Building LoadPlan...
15:04:39.243 [main] DEBUG org.hibernate.loader.plan.exec.internal.LoadQueryJoinAndFetchProcessor - processing queryspace <gen:0>
15:04:39.244 [main] DEBUG org.hibernate.loader.plan.build.spi.LoadPlanTreePrinter - LoadPlan(entity=org.reverside.bootcamp.ubereats.dto.Role)
    - Returns
       - EntityReturnImpl(entity=org.reverside.bootcamp.ubereats.dto.Role, querySpaceUid=<gen:0>, path=org.reverside.bootcamp.ubereats.dto.Role)
    - QuerySpaces
       - EntityQuerySpaceImpl(uid=<gen:0>, entity=org.reverside.bootcamp.ubereats.dto.Role)
          - SQL table alias mapping - role0_
          - alias suffix - 0_
          - suffixed key columns - {role_id1_6_0_}

15:04:39.244 [main] DEBUG org.hibernate.loader.entity.plan.EntityLoader - Static select for entity org.reverside.bootcamp.ubereats.dto.Role [UPGRADE_NOWAIT]: select role0_.role_id as role_id1_6_0_, role0_.role as role2_6_0_ from Role role0_ where role0_.role_id=? for update
15:04:39.244 [main] DEBUG org.hibernate.loader.plan.build.internal.spaces.QuerySpacesImpl - Adding QuerySpace : uid = <gen:0> -> org.hibernate.loader.plan.build.internal.spaces.EntityQuerySpaceImpl@427ae189]
15:04:39.244 [main] DEBUG org.hibernate.persister.walking.spi.MetamodelGraphWalker - Visiting attribute path : role
15:04:39.244 [main] DEBUG org.hibernate.loader.plan.build.internal.FetchStyleLoadPlanBuildingAssociationVisitationStrategy - Building LoadPlan...
15:04:39.245 [main] DEBUG org.hibernate.loader.plan.exec.internal.LoadQueryJoinAndFetchProcessor - processing queryspace <gen:0>
15:04:39.245 [main] DEBUG org.hibernate.loader.plan.build.spi.LoadPlanTreePrinter - LoadPlan(entity=org.reverside.bootcamp.ubereats.dto.Role)
    - Returns
       - EntityReturnImpl(entity=org.reverside.bootcamp.ubereats.dto.Role, querySpaceUid=<gen:0>, path=org.reverside.bootcamp.ubereats.dto.Role)
    - QuerySpaces
       - EntityQuerySpaceImpl(uid=<gen:0>, entity=org.reverside.bootcamp.ubereats.dto.Role)
          - SQL table alias mapping - role0_
          - alias suffix - 0_
          - suffixed key columns - {role_id1_6_0_}

15:04:39.245 [main] DEBUG org.hibernate.loader.entity.plan.EntityLoader - Static select for entity org.reverside.bootcamp.ubereats.dto.Role [UPGRADE_SKIPLOCKED]: select role0_.role_id as role_id1_6_0_, role0_.role as role2_6_0_ from Role role0_ where role0_.role_id=? for update
15:04:39.245 [main] DEBUG org.hibernate.loader.plan.build.internal.spaces.QuerySpacesImpl - Adding QuerySpace : uid = <gen:0> -> org.hibernate.loader.plan.build.internal.spaces.EntityQuerySpaceImpl@76332405]
15:04:39.245 [main] DEBUG org.hibernate.persister.walking.spi.MetamodelGraphWalker - Visiting attribute path : role
15:04:39.245 [main] DEBUG org.hibernate.loader.plan.build.internal.FetchStyleLoadPlanBuildingAssociationVisitationStrategy - Building LoadPlan...
15:04:39.245 [main] DEBUG org.hibernate.loader.plan.exec.internal.LoadQueryJoinAndFetchProcessor - processing queryspace <gen:0>
15:04:39.246 [main] DEBUG org.hibernate.loader.plan.build.spi.LoadPlanTreePrinter - LoadPlan(entity=org.reverside.bootcamp.ubereats.dto.Role)
    - Returns
       - EntityReturnImpl(entity=org.reverside.bootcamp.ubereats.dto.Role, querySpaceUid=<gen:0>, path=org.reverside.bootcamp.ubereats.dto.Role)
    - QuerySpaces
       - EntityQuerySpaceImpl(uid=<gen:0>, entity=org.reverside.bootcamp.ubereats.dto.Role)
          - SQL table alias mapping - role0_
          - alias suffix - 0_
          - suffixed key columns - {role_id1_6_0_}

15:04:39.246 [main] DEBUG org.hibernate.loader.entity.plan.EntityLoader - Static select for entity org.reverside.bootcamp.ubereats.dto.Role [FORCE]: select role0_.role_id as role_id1_6_0_, role0_.role as role2_6_0_ from Role role0_ where role0_.role_id=? for update
15:04:39.246 [main] DEBUG org.hibernate.loader.plan.build.internal.spaces.QuerySpacesImpl - Adding QuerySpace : uid = <gen:0> -> org.hibernate.loader.plan.build.internal.spaces.EntityQuerySpaceImpl@d1d8e1a]
15:04:39.246 [main] DEBUG org.hibernate.persister.walking.spi.MetamodelGraphWalker - Visiting attribute path : role
15:04:39.246 [main] DEBUG org.hibernate.loader.plan.build.internal.FetchStyleLoadPlanBuildingAssociationVisitationStrategy - Building LoadPlan...
15:04:39.246 [main] DEBUG org.hibernate.loader.plan.exec.internal.LoadQueryJoinAndFetchProcessor - processing queryspace <gen:0>
15:04:39.247 [main] DEBUG org.hibernate.loader.plan.build.spi.LoadPlanTreePrinter - LoadPlan(entity=org.reverside.bootcamp.ubereats.dto.Role)
    - Returns
       - EntityReturnImpl(entity=org.reverside.bootcamp.ubereats.dto.Role, querySpaceUid=<gen:0>, path=org.reverside.bootcamp.ubereats.dto.Role)
    - QuerySpaces
       - EntityQuerySpaceImpl(uid=<gen:0>, entity=org.reverside.bootcamp.ubereats.dto.Role)
          - SQL table alias mapping - role0_
          - alias suffix - 0_
          - suffixed key columns - {role_id1_6_0_}

15:04:39.247 [main] DEBUG org.hibernate.loader.entity.plan.EntityLoader - Static select for entity org.reverside.bootcamp.ubereats.dto.Role [PESSIMISTIC_READ]: select role0_.role_id as role_id1_6_0_, role0_.role as role2_6_0_ from Role role0_ where role0_.role_id=? for update
15:04:39.247 [main] DEBUG org.hibernate.loader.plan.build.internal.spaces.QuerySpacesImpl - Adding QuerySpace : uid = <gen:0> -> org.hibernate.loader.plan.build.internal.spaces.EntityQuerySpaceImpl@3b48e183]
15:04:39.247 [main] DEBUG org.hibernate.persister.walking.spi.MetamodelGraphWalker - Visiting attribute path : role
15:04:39.248 [main] DEBUG org.hibernate.loader.plan.build.internal.FetchStyleLoadPlanBuildingAssociationVisitationStrategy - Building LoadPlan...
15:04:39.248 [main] DEBUG org.hibernate.loader.plan.exec.internal.LoadQueryJoinAndFetchProcessor - processing queryspace <gen:0>
15:04:39.250 [main] DEBUG org.hibernate.loader.plan.build.spi.LoadPlanTreePrinter - LoadPlan(entity=org.reverside.bootcamp.ubereats.dto.Role)
    - Returns
       - EntityReturnImpl(entity=org.reverside.bootcamp.ubereats.dto.Role, querySpaceUid=<gen:0>, path=org.reverside.bootcamp.ubereats.dto.Role)
    - QuerySpaces
       - EntityQuerySpaceImpl(uid=<gen:0>, entity=org.reverside.bootcamp.ubereats.dto.Role)
          - SQL table alias mapping - role0_
          - alias suffix - 0_
          - suffixed key columns - {role_id1_6_0_}

15:04:39.250 [main] DEBUG org.hibernate.loader.entity.plan.EntityLoader - Static select for entity org.reverside.bootcamp.ubereats.dto.Role [PESSIMISTIC_WRITE]: select role0_.role_id as role_id1_6_0_, role0_.role as role2_6_0_ from Role role0_ where role0_.role_id=? for update
15:04:39.250 [main] DEBUG org.hibernate.loader.plan.build.internal.spaces.QuerySpacesImpl - Adding QuerySpace : uid = <gen:0> -> org.hibernate.loader.plan.build.internal.spaces.EntityQuerySpaceImpl@30c1da48]
15:04:39.250 [main] DEBUG org.hibernate.persister.walking.spi.MetamodelGraphWalker - Visiting attribute path : role
15:04:39.250 [main] DEBUG org.hibernate.loader.plan.build.internal.FetchStyleLoadPlanBuildingAssociationVisitationStrategy - Building LoadPlan...
15:04:39.250 [main] DEBUG org.hibernate.loader.plan.exec.internal.LoadQueryJoinAndFetchProcessor - processing queryspace <gen:0>
15:04:39.252 [main] DEBUG org.hibernate.loader.plan.build.spi.LoadPlanTreePrinter - LoadPlan(entity=org.reverside.bootcamp.ubereats.dto.Role)
    - Returns
       - EntityReturnImpl(entity=org.reverside.bootcamp.ubereats.dto.Role, querySpaceUid=<gen:0>, path=org.reverside.bootcamp.ubereats.dto.Role)
    - QuerySpaces
       - EntityQuerySpaceImpl(uid=<gen:0>, entity=org.reverside.bootcamp.ubereats.dto.Role)
          - SQL table alias mapping - role0_
          - alias suffix - 0_
          - suffixed key columns - {role_id1_6_0_}

15:04:39.252 [main] DEBUG org.hibernate.loader.entity.plan.EntityLoader - Static select for entity org.reverside.bootcamp.ubereats.dto.Role [PESSIMISTIC_FORCE_INCREMENT]: select role0_.role_id as role_id1_6_0_, role0_.role as role2_6_0_ from Role role0_ where role0_.role_id=? for update
15:04:39.252 [main] DEBUG org.hibernate.loader.plan.build.internal.spaces.QuerySpacesImpl - Adding QuerySpace : uid = <gen:0> -> org.hibernate.loader.plan.build.internal.spaces.EntityQuerySpaceImpl@3f1ef9d6]
15:04:39.254 [main] DEBUG org.hibernate.persister.walking.spi.MetamodelGraphWalker - Visiting attribute path : role
15:04:39.255 [main] DEBUG org.hibernate.loader.plan.build.internal.FetchStyleLoadPlanBuildingAssociationVisitationStrategy - Building LoadPlan...
15:04:39.257 [main] DEBUG org.hibernate.loader.plan.exec.internal.LoadQueryJoinAndFetchProcessor - processing queryspace <gen:0>
15:04:39.263 [main] DEBUG org.hibernate.loader.plan.build.spi.LoadPlanTreePrinter - LoadPlan(entity=org.reverside.bootcamp.ubereats.dto.Role)
    - Returns
       - EntityReturnImpl(entity=org.reverside.bootcamp.ubereats.dto.Role, querySpaceUid=<gen:0>, path=org.reverside.bootcamp.ubereats.dto.Role)
    - QuerySpaces
       - EntityQuerySpaceImpl(uid=<gen:0>, entity=org.reverside.bootcamp.ubereats.dto.Role)
          - SQL table alias mapping - role0_
          - alias suffix - 0_
          - suffixed key columns - {role_id1_6_0_}

15:04:39.263 [main] DEBUG org.hibernate.loader.entity.plan.EntityLoader - Static select for entity org.reverside.bootcamp.ubereats.dto.Role [OPTIMISTIC]: select role0_.role_id as role_id1_6_0_, role0_.role as role2_6_0_ from Role role0_ where role0_.role_id=?
15:04:39.265 [main] DEBUG org.hibernate.loader.plan.build.internal.spaces.QuerySpacesImpl - Adding QuerySpace : uid = <gen:0> -> org.hibernate.loader.plan.build.internal.spaces.EntityQuerySpaceImpl@3fd9e827]
15:04:39.266 [main] DEBUG org.hibernate.persister.walking.spi.MetamodelGraphWalker - Visiting attribute path : role
15:04:39.267 [main] DEBUG org.hibernate.loader.plan.build.internal.FetchStyleLoadPlanBuildingAssociationVisitationStrategy - Building LoadPlan...
15:04:39.267 [main] DEBUG org.hibernate.loader.plan.exec.internal.LoadQueryJoinAndFetchProcessor - processing queryspace <gen:0>
15:04:39.268 [main] DEBUG org.hibernate.loader.plan.build.spi.LoadPlanTreePrinter - LoadPlan(entity=org.reverside.bootcamp.ubereats.dto.Role)
    - Returns
       - EntityReturnImpl(entity=org.reverside.bootcamp.ubereats.dto.Role, querySpaceUid=<gen:0>, path=org.reverside.bootcamp.ubereats.dto.Role)
    - QuerySpaces
       - EntityQuerySpaceImpl(uid=<gen:0>, entity=org.reverside.bootcamp.ubereats.dto.Role)
          - SQL table alias mapping - role0_
          - alias suffix - 0_
          - suffixed key columns - {role_id1_6_0_}

15:04:39.270 [main] DEBUG org.hibernate.loader.entity.plan.EntityLoader - Static select for entity org.reverside.bootcamp.ubereats.dto.Role [OPTIMISTIC_FORCE_INCREMENT]: select role0_.role_id as role_id1_6_0_, role0_.role as role2_6_0_ from Role role0_ where role0_.role_id=?
15:04:39.356 [main] DEBUG org.hibernate.loader.Loader - Static select for action ACTION_MERGE on entity org.reverside.bootcamp.ubereats.dto.Role: select role0_.role_id as role_id1_6_0_, role0_.role as role2_6_0_ from Role role0_ where role0_.role_id=?
15:04:39.356 [main] DEBUG org.hibernate.loader.Loader - Static select for action ACTION_REFRESH on entity org.reverside.bootcamp.ubereats.dto.Role: select role0_.role_id as role_id1_6_0_, role0_.role as role2_6_0_ from Role role0_ where role0_.role_id=?
15:04:39.357 [main] DEBUG org.hibernate.persister.entity.AbstractEntityPersister - Static SQL for entity: org.reverside.bootcamp.ubereats.dto.Admin
15:04:39.357 [main] DEBUG org.hibernate.persister.entity.AbstractEntityPersister -  Version select: select email from User where email =?
15:04:39.357 [main] DEBUG org.hibernate.persister.entity.AbstractEntityPersister -  Snapshot select: select admin_.email, admin_.account_num as account_3_7_, admin_.is_active as is_activ4_7_, admin_.enabled as enabled5_7_, admin_.name as name6_7_, admin_.phone_num as phone_nu7_7_, admin_.recovery_response as recovery8_7_, admin_.role as role9_7_, admin_.surname as surname10_7_, admin_.region as region11_7_ from User admin_ where admin_.email=?
15:04:39.357 [main] DEBUG org.hibernate.persister.entity.AbstractEntityPersister -  Insert 0: insert into User (account_num, is_active, enabled, name, phone_num, recovery_response, role, surname, region, DTYPE, email) values (?, ?, ?, ?, ?, ?, ?, ?, ?, 'Admin', ?)
15:04:39.357 [main] DEBUG org.hibernate.persister.entity.AbstractEntityPersister -  Update 0: update User set account_num=?, is_active=?, enabled=?, name=?, phone_num=?, recovery_response=?, role=?, surname=?, region=? where email=?
15:04:39.357 [main] DEBUG org.hibernate.persister.entity.AbstractEntityPersister -  Delete 0: delete from User where email=?
15:04:39.358 [main] DEBUG org.hibernate.loader.plan.build.internal.spaces.QuerySpacesImpl - Adding QuerySpace : uid = <gen:0> -> org.hibernate.loader.plan.build.internal.spaces.EntityQuerySpaceImpl@78e17a99]
15:04:39.358 [main] DEBUG org.hibernate.persister.walking.spi.MetamodelGraphWalker - Visiting attribute path : accountId
15:04:39.358 [main] DEBUG org.hibernate.persister.walking.spi.MetamodelGraphWalker - Visiting attribute path : active
15:04:39.358 [main] DEBUG org.hibernate.persister.walking.spi.MetamodelGraphWalker - Visiting attribute path : enabled
15:04:39.358 [main] DEBUG org.hibernate.persister.walking.spi.MetamodelGraphWalker - Visiting attribute path : name
15:04:39.358 [main] DEBUG org.hibernate.persister.walking.spi.MetamodelGraphWalker - Visiting attribute path : phoneNum
15:04:39.358 [main] DEBUG org.hibernate.persister.walking.spi.MetamodelGraphWalker - Visiting attribute path : recoveryQuestion
15:04:39.358 [main] DEBUG org.hibernate.persister.walking.spi.MetamodelGraphWalker - Visiting attribute path : role
15:04:39.358 [main] DEBUG org.hibernate.persister.walking.spi.MetamodelGraphWalker - Visiting attribute path : surname
15:04:39.358 [main] DEBUG org.hibernate.persister.walking.spi.MetamodelGraphWalker - Visiting attribute path : cart
15:04:39.362 [main] DEBUG org.hibernate.loader.plan.build.internal.spaces.QuerySpacesImpl - Adding QuerySpace : uid = <gen:1> -> org.hibernate.loader.plan.build.internal.spaces.EntityQuerySpaceImpl@367f0121]
15:04:39.364 [main] DEBUG org.hibernate.persister.walking.spi.MetamodelGraphWalker - Visiting attribute path : cart.cartLines
15:04:39.364 [main] DEBUG org.hibernate.persister.walking.spi.MetamodelGraphWalker - Visiting attribute path : cart.total
15:04:39.364 [main] DEBUG org.hibernate.persister.walking.spi.MetamodelGraphWalker - Visiting attribute path : cart.user
15:04:39.364 [main] DEBUG org.hibernate.persister.walking.spi.MetamodelGraphWalker - Property path deemed to be circular : cart.user
15:04:39.365 [main] DEBUG org.hibernate.persister.walking.spi.MetamodelGraphWalker - Visiting attribute path : region
15:04:39.365 [main] DEBUG org.hibernate.loader.plan.build.internal.FetchStyleLoadPlanBuildingAssociationVisitationStrategy - Building LoadPlan...
15:04:39.365 [main] DEBUG org.hibernate.loader.plan.exec.internal.LoadQueryJoinAndFetchProcessor - processing queryspace <gen:0>
15:04:39.367 [main] DEBUG org.hibernate.loader.plan.build.spi.LoadPlanTreePrinter - LoadPlan(entity=org.reverside.bootcamp.ubereats.dto.Admin)
    - Returns
       - EntityReturnImpl(entity=org.reverside.bootcamp.ubereats.dto.Admin, querySpaceUid=<gen:0>, path=org.reverside.bootcamp.ubereats.dto.Admin)
          - EntityAttributeFetchImpl(entity=org.reverside.bootcamp.ubereats.dto.Cart, querySpaceUid=<gen:1>, path=org.reverside.bootcamp.ubereats.dto.Admin.cart)
    - QuerySpaces
       - EntityQuerySpaceImpl(uid=<gen:0>, entity=org.reverside.bootcamp.ubereats.dto.Admin)
          - SQL table alias mapping - admin0_
          - alias suffix - 0_
          - suffixed key columns - {email2_7_0_}
          - JOIN (JoinDefinedByMetadata(cart)) : <gen:0> -> <gen:1>
             - EntityQuerySpaceImpl(uid=<gen:1>, entity=org.reverside.bootcamp.ubereats.dto.Cart)
                - SQL table alias mapping - cart1_
                - alias suffix - 1_
                - suffixed key columns - {id1_1_1_}

15:04:39.367 [main] DEBUG org.hibernate.loader.entity.plan.EntityLoader - Static select for entity org.reverside.bootcamp.ubereats.dto.Admin [NONE]: select admin0_.email as email2_7_0_, admin0_.account_num as account_3_7_0_, admin0_.is_active as is_activ4_7_0_, admin0_.enabled as enabled5_7_0_, admin0_.name as name6_7_0_, admin0_.phone_num as phone_nu7_7_0_, admin0_.recovery_response as recovery8_7_0_, admin0_.role as role9_7_0_, admin0_.surname as surname10_7_0_, admin0_.region as region11_7_0_, cart1_.id as id1_1_1_, cart1_.cart_lines as cart_lin2_1_1_, cart1_.total as total3_1_1_, cart1_.user_email as user_ema4_1_1_ from User admin0_ left outer join Cart cart1_ on admin0_.email=cart1_.user_email where admin0_.email=? and admin0_.DTYPE='Admin'
15:04:39.367 [main] DEBUG org.hibernate.loader.plan.build.internal.spaces.QuerySpacesImpl - Adding QuerySpace : uid = <gen:0> -> org.hibernate.loader.plan.build.internal.spaces.EntityQuerySpaceImpl@77f68df]
15:04:39.368 [main] DEBUG org.hibernate.persister.walking.spi.MetamodelGraphWalker - Visiting attribute path : accountId
15:04:39.368 [main] DEBUG org.hibernate.persister.walking.spi.MetamodelGraphWalker - Visiting attribute path : active
15:04:39.368 [main] DEBUG org.hibernate.persister.walking.spi.MetamodelGraphWalker - Visiting attribute path : enabled
15:04:39.368 [main] DEBUG org.hibernate.persister.walking.spi.MetamodelGraphWalker - Visiting attribute path : name
15:04:39.368 [main] DEBUG org.hibernate.persister.walking.spi.MetamodelGraphWalker - Visiting attribute path : phoneNum
15:04:39.368 [main] DEBUG org.hibernate.persister.walking.spi.MetamodelGraphWalker - Visiting attribute path : recoveryQuestion
15:04:39.368 [main] DEBUG org.hibernate.persister.walking.spi.MetamodelGraphWalker - Visiting attribute path : role
15:04:39.368 [main] DEBUG org.hibernate.persister.walking.spi.MetamodelGraphWalker - Visiting attribute path : surname
15:04:39.368 [main] DEBUG org.hibernate.persister.walking.spi.MetamodelGraphWalker - Visiting attribute path : cart
15:04:39.368 [main] DEBUG org.hibernate.loader.plan.build.internal.spaces.QuerySpacesImpl - Adding QuerySpace : uid = <gen:1> -> org.hibernate.loader.plan.build.internal.spaces.EntityQuerySpaceImpl@7e7f3cfd]
15:04:39.368 [main] DEBUG org.hibernate.persister.walking.spi.MetamodelGraphWalker - Visiting attribute path : cart.cartLines
15:04:39.368 [main] DEBUG org.hibernate.persister.walking.spi.MetamodelGraphWalker - Visiting attribute path : cart.total
15:04:39.368 [main] DEBUG org.hibernate.persister.walking.spi.MetamodelGraphWalker - Visiting attribute path : cart.user
15:04:39.368 [main] DEBUG org.hibernate.persister.walking.spi.MetamodelGraphWalker - Property path deemed to be circular : cart.user
15:04:39.368 [main] DEBUG org.hibernate.persister.walking.spi.MetamodelGraphWalker - Visiting attribute path : region
15:04:39.368 [main] DEBUG org.hibernate.loader.plan.build.internal.FetchStyleLoadPlanBuildingAssociationVisitationStrategy - Building LoadPlan...
15:04:39.369 [main] DEBUG org.hibernate.loader.plan.exec.internal.LoadQueryJoinAndFetchProcessor - processing queryspace <gen:0>
15:04:39.369 [main] DEBUG org.hibernate.loader.plan.build.spi.LoadPlanTreePrinter - LoadPlan(entity=org.reverside.bootcamp.ubereats.dto.Admin)
    - Returns
       - EntityReturnImpl(entity=org.reverside.bootcamp.ubereats.dto.Admin, querySpaceUid=<gen:0>, path=org.reverside.bootcamp.ubereats.dto.Admin)
          - EntityAttributeFetchImpl(entity=org.reverside.bootcamp.ubereats.dto.Cart, querySpaceUid=<gen:1>, path=org.reverside.bootcamp.ubereats.dto.Admin.cart)
    - QuerySpaces
       - EntityQuerySpaceImpl(uid=<gen:0>, entity=org.reverside.bootcamp.ubereats.dto.Admin)
          - SQL table alias mapping - admin0_
          - alias suffix - 0_
          - suffixed key columns - {email2_7_0_}
          - JOIN (JoinDefinedByMetadata(cart)) : <gen:0> -> <gen:1>
             - EntityQuerySpaceImpl(uid=<gen:1>, entity=org.reverside.bootcamp.ubereats.dto.Cart)
                - SQL table alias mapping - cart1_
                - alias suffix - 1_
                - suffixed key columns - {id1_1_1_}

15:04:39.369 [main] DEBUG org.hibernate.loader.entity.plan.EntityLoader - Static select for entity org.reverside.bootcamp.ubereats.dto.Admin [READ]: select admin0_.email as email2_7_0_, admin0_.account_num as account_3_7_0_, admin0_.is_active as is_activ4_7_0_, admin0_.enabled as enabled5_7_0_, admin0_.name as name6_7_0_, admin0_.phone_num as phone_nu7_7_0_, admin0_.recovery_response as recovery8_7_0_, admin0_.role as role9_7_0_, admin0_.surname as surname10_7_0_, admin0_.region as region11_7_0_, cart1_.id as id1_1_1_, cart1_.cart_lines as cart_lin2_1_1_, cart1_.total as total3_1_1_, cart1_.user_email as user_ema4_1_1_ from User admin0_ left outer join Cart cart1_ on admin0_.email=cart1_.user_email where admin0_.email=? and admin0_.DTYPE='Admin'
15:04:39.369 [main] DEBUG org.hibernate.loader.plan.build.internal.spaces.QuerySpacesImpl - Adding QuerySpace : uid = <gen:0> -> org.hibernate.loader.plan.build.internal.spaces.EntityQuerySpaceImpl@46a488c2]
15:04:39.369 [main] DEBUG org.hibernate.persister.walking.spi.MetamodelGraphWalker - Visiting attribute path : accountId
15:04:39.370 [main] DEBUG org.hibernate.persister.walking.spi.MetamodelGraphWalker - Visiting attribute path : active
15:04:39.370 [main] DEBUG org.hibernate.persister.walking.spi.MetamodelGraphWalker - Visiting attribute path : enabled
15:04:39.370 [main] DEBUG org.hibernate.persister.walking.spi.MetamodelGraphWalker - Visiting attribute path : name
15:04:39.370 [main] DEBUG org.hibernate.persister.walking.spi.MetamodelGraphWalker - Visiting attribute path : phoneNum
15:04:39.370 [main] DEBUG org.hibernate.persister.walking.spi.MetamodelGraphWalker - Visiting attribute path : recoveryQuestion
15:04:39.370 [main] DEBUG org.hibernate.persister.walking.spi.MetamodelGraphWalker - Visiting attribute path : role
15:04:39.370 [main] DEBUG org.hibernate.persister.walking.spi.MetamodelGraphWalker - Visiting attribute path : surname
15:04:39.370 [main] DEBUG org.hibernate.persister.walking.spi.MetamodelGraphWalker - Visiting attribute path : cart
15:04:39.370 [main] DEBUG org.hibernate.loader.plan.build.internal.spaces.QuerySpacesImpl - Adding QuerySpace : uid = <gen:1> -> org.hibernate.loader.plan.build.internal.spaces.EntityQuerySpaceImpl@65ddee5a]
15:04:39.370 [main] DEBUG org.hibernate.persister.walking.spi.MetamodelGraphWalker - Visiting attribute path : region
15:04:39.370 [main] DEBUG org.hibernate.loader.plan.build.internal.FetchStyleLoadPlanBuildingAssociationVisitationStrategy - Building LoadPlan...
15:04:39.370 [main] DEBUG org.hibernate.loader.plan.exec.internal.LoadQueryJoinAndFetchProcessor - processing queryspace <gen:0>
15:04:39.370 [main] DEBUG org.hibernate.loader.plan.build.spi.LoadPlanTreePrinter - LoadPlan(entity=org.reverside.bootcamp.ubereats.dto.Admin)
    - Returns
       - EntityReturnImpl(entity=org.reverside.bootcamp.ubereats.dto.Admin, querySpaceUid=<gen:0>, path=org.reverside.bootcamp.ubereats.dto.Admin)
          - EntityAttributeFetchImpl(entity=org.reverside.bootcamp.ubereats.dto.Cart, querySpaceUid=<gen:1>, path=org.reverside.bootcamp.ubereats.dto.Admin.cart)
    - QuerySpaces
       - EntityQuerySpaceImpl(uid=<gen:0>, entity=org.reverside.bootcamp.ubereats.dto.Admin)
          - SQL table alias mapping - admin0_
          - alias suffix - 0_
          - suffixed key columns - {email2_7_0_}

15:04:39.370 [main] DEBUG org.hibernate.loader.entity.plan.EntityLoader - Static select for entity org.reverside.bootcamp.ubereats.dto.Admin [UPGRADE]: select admin0_.email as email2_7_0_, admin0_.account_num as account_3_7_0_, admin0_.is_active as is_activ4_7_0_, admin0_.enabled as enabled5_7_0_, admin0_.name as name6_7_0_, admin0_.phone_num as phone_nu7_7_0_, admin0_.recovery_response as recovery8_7_0_, admin0_.role as role9_7_0_, admin0_.surname as surname10_7_0_, admin0_.region as region11_7_0_ from User admin0_ where admin0_.email=? and admin0_.DTYPE='Admin' for update
15:04:39.371 [main] DEBUG org.hibernate.loader.plan.build.internal.spaces.QuerySpacesImpl - Adding QuerySpace : uid = <gen:0> -> org.hibernate.loader.plan.build.internal.spaces.EntityQuerySpaceImpl@56399b9e]
15:04:39.371 [main] DEBUG org.hibernate.persister.walking.spi.MetamodelGraphWalker - Visiting attribute path : accountId
15:04:39.371 [main] DEBUG org.hibernate.persister.walking.spi.MetamodelGraphWalker - Visiting attribute path : active
15:04:39.371 [main] DEBUG org.hibernate.persister.walking.spi.MetamodelGraphWalker - Visiting attribute path : enabled
15:04:39.371 [main] DEBUG org.hibernate.persister.walking.spi.MetamodelGraphWalker - Visiting attribute path : name
15:04:39.371 [main] DEBUG org.hibernate.persister.walking.spi.MetamodelGraphWalker - Visiting attribute path : phoneNum
15:04:39.371 [main] DEBUG org.hibernate.persister.walking.spi.MetamodelGraphWalker - Visiting attribute path : recoveryQuestion
15:04:39.371 [main] DEBUG org.hibernate.persister.walking.spi.MetamodelGraphWalker - Visiting attribute path : role
15:04:39.371 [main] DEBUG org.hibernate.persister.walking.spi.MetamodelGraphWalker - Visiting attribute path : surname
15:04:39.371 [main] DEBUG org.hibernate.persister.walking.spi.MetamodelGraphWalker - Visiting attribute path : cart
15:04:39.371 [main] DEBUG org.hibernate.loader.plan.build.internal.spaces.QuerySpacesImpl - Adding QuerySpace : uid = <gen:1> -> org.hibernate.loader.plan.build.internal.spaces.EntityQuerySpaceImpl@43fda8d9]
15:04:39.371 [main] DEBUG org.hibernate.persister.walking.spi.MetamodelGraphWalker - Visiting attribute path : region
15:04:39.371 [main] DEBUG org.hibernate.loader.plan.build.internal.FetchStyleLoadPlanBuildingAssociationVisitationStrategy - Building LoadPlan...
15:04:39.371 [main] DEBUG org.hibernate.loader.plan.exec.internal.LoadQueryJoinAndFetchProcessor - processing queryspace <gen:0>
15:04:39.372 [main] DEBUG org.hibernate.loader.plan.build.spi.LoadPlanTreePrinter - LoadPlan(entity=org.reverside.bootcamp.ubereats.dto.Admin)
    - Returns
       - EntityReturnImpl(entity=org.reverside.bootcamp.ubereats.dto.Admin, querySpaceUid=<gen:0>, path=org.reverside.bootcamp.ubereats.dto.Admin)
          - EntityAttributeFetchImpl(entity=org.reverside.bootcamp.ubereats.dto.Cart, querySpaceUid=<gen:1>, path=org.reverside.bootcamp.ubereats.dto.Admin.cart)
    - QuerySpaces
       - EntityQuerySpaceImpl(uid=<gen:0>, entity=org.reverside.bootcamp.ubereats.dto.Admin)
          - SQL table alias mapping - admin0_
          - alias suffix - 0_
          - suffixed key columns - {email2_7_0_}

15:04:39.372 [main] DEBUG org.hibernate.loader.entity.plan.EntityLoader - Static select for entity org.reverside.bootcamp.ubereats.dto.Admin [UPGRADE_NOWAIT]: select admin0_.email as email2_7_0_, admin0_.account_num as account_3_7_0_, admin0_.is_active as is_activ4_7_0_, admin0_.enabled as enabled5_7_0_, admin0_.name as name6_7_0_, admin0_.phone_num as phone_nu7_7_0_, admin0_.recovery_response as recovery8_7_0_, admin0_.role as role9_7_0_, admin0_.surname as surname10_7_0_, admin0_.region as region11_7_0_ from User admin0_ where admin0_.email=? and admin0_.DTYPE='Admin' for update
15:04:39.372 [main] DEBUG org.hibernate.loader.plan.build.internal.spaces.QuerySpacesImpl - Adding QuerySpace : uid = <gen:0> -> org.hibernate.loader.plan.build.internal.spaces.EntityQuerySpaceImpl@49d831c2]
15:04:39.372 [main] DEBUG org.hibernate.persister.walking.spi.MetamodelGraphWalker - Visiting attribute path : accountId
15:04:39.372 [main] DEBUG org.hibernate.persister.walking.spi.MetamodelGraphWalker - Visiting attribute path : active
15:04:39.372 [main] DEBUG org.hibernate.persister.walking.spi.MetamodelGraphWalker - Visiting attribute path : enabled
15:04:39.372 [main] DEBUG org.hibernate.persister.walking.spi.MetamodelGraphWalker - Visiting attribute path : name
15:04:39.372 [main] DEBUG org.hibernate.persister.walking.spi.MetamodelGraphWalker - Visiting attribute path : phoneNum
15:04:39.372 [main] DEBUG org.hibernate.persister.walking.spi.MetamodelGraphWalker - Visiting attribute path : recoveryQuestion
15:04:39.372 [main] DEBUG org.hibernate.persister.walking.spi.MetamodelGraphWalker - Visiting attribute path : role
15:04:39.372 [main] DEBUG org.hibernate.persister.walking.spi.MetamodelGraphWalker - Visiting attribute path : surname
15:04:39.372 [main] DEBUG org.hibernate.persister.walking.spi.MetamodelGraphWalker - Visiting attribute path : cart
15:04:39.372 [main] DEBUG org.hibernate.loader.plan.build.internal.spaces.QuerySpacesImpl - Adding QuerySpace : uid = <gen:1> -> org.hibernate.loader.plan.build.internal.spaces.EntityQuerySpaceImpl@28bdbe88]
15:04:39.372 [main] DEBUG org.hibernate.persister.walking.spi.MetamodelGraphWalker - Visiting attribute path : region
15:04:39.372 [main] DEBUG org.hibernate.loader.plan.build.internal.FetchStyleLoadPlanBuildingAssociationVisitationStrategy - Building LoadPlan...
15:04:39.373 [main] DEBUG org.hibernate.loader.plan.exec.internal.LoadQueryJoinAndFetchProcessor - processing queryspace <gen:0>
15:04:39.373 [main] DEBUG org.hibernate.loader.plan.build.spi.LoadPlanTreePrinter - LoadPlan(entity=org.reverside.bootcamp.ubereats.dto.Admin)
    - Returns
       - EntityReturnImpl(entity=org.reverside.bootcamp.ubereats.dto.Admin, querySpaceUid=<gen:0>, path=org.reverside.bootcamp.ubereats.dto.Admin)
          - EntityAttributeFetchImpl(entity=org.reverside.bootcamp.ubereats.dto.Cart, querySpaceUid=<gen:1>, path=org.reverside.bootcamp.ubereats.dto.Admin.cart)
    - QuerySpaces
       - EntityQuerySpaceImpl(uid=<gen:0>, entity=org.reverside.bootcamp.ubereats.dto.Admin)
          - SQL table alias mapping - admin0_
          - alias suffix - 0_
          - suffixed key columns - {email2_7_0_}

15:04:39.373 [main] DEBUG org.hibernate.loader.entity.plan.EntityLoader - Static select for entity org.reverside.bootcamp.ubereats.dto.Admin [UPGRADE_SKIPLOCKED]: select admin0_.email as email2_7_0_, admin0_.account_num as account_3_7_0_, admin0_.is_active as is_activ4_7_0_, admin0_.enabled as enabled5_7_0_, admin0_.name as name6_7_0_, admin0_.phone_num as phone_nu7_7_0_, admin0_.recovery_response as recovery8_7_0_, admin0_.role as role9_7_0_, admin0_.surname as surname10_7_0_, admin0_.region as region11_7_0_ from User admin0_ where admin0_.email=? and admin0_.DTYPE='Admin' for update
15:04:39.373 [main] DEBUG org.hibernate.loader.plan.build.internal.spaces.QuerySpacesImpl - Adding QuerySpace : uid = <gen:0> -> org.hibernate.loader.plan.build.internal.spaces.EntityQuerySpaceImpl@6a87026]
15:04:39.373 [main] DEBUG org.hibernate.persister.walking.spi.MetamodelGraphWalker - Visiting attribute path : accountId
15:04:39.373 [main] DEBUG org.hibernate.persister.walking.spi.MetamodelGraphWalker - Visiting attribute path : active
15:04:39.373 [main] DEBUG org.hibernate.persister.walking.spi.MetamodelGraphWalker - Visiting attribute path : enabled
15:04:39.373 [main] DEBUG org.hibernate.persister.walking.spi.MetamodelGraphWalker - Visiting attribute path : name
15:04:39.374 [main] DEBUG org.hibernate.persister.walking.spi.MetamodelGraphWalker - Visiting attribute path : phoneNum
15:04:39.374 [main] DEBUG org.hibernate.persister.walking.spi.MetamodelGraphWalker - Visiting attribute path : recoveryQuestion
15:04:39.374 [main] DEBUG org.hibernate.persister.walking.spi.MetamodelGraphWalker - Visiting attribute path : role
15:04:39.374 [main] DEBUG org.hibernate.persister.walking.spi.MetamodelGraphWalker - Visiting attribute path : surname
15:04:39.374 [main] DEBUG org.hibernate.persister.walking.spi.MetamodelGraphWalker - Visiting attribute path : cart
15:04:39.374 [main] DEBUG org.hibernate.loader.plan.build.internal.spaces.QuerySpacesImpl - Adding QuerySpace : uid = <gen:1> -> org.hibernate.loader.plan.build.internal.spaces.EntityQuerySpaceImpl@600f5704]
15:04:39.374 [main] DEBUG org.hibernate.persister.walking.spi.MetamodelGraphWalker - Visiting attribute path : region
15:04:39.374 [main] DEBUG org.hibernate.loader.plan.build.internal.FetchStyleLoadPlanBuildingAssociationVisitationStrategy - Building LoadPlan...
15:04:39.374 [main] DEBUG org.hibernate.loader.plan.exec.internal.LoadQueryJoinAndFetchProcessor - processing queryspace <gen:0>
15:04:39.375 [main] DEBUG org.hibernate.loader.plan.build.spi.LoadPlanTreePrinter - LoadPlan(entity=org.reverside.bootcamp.ubereats.dto.Admin)
    - Returns
       - EntityReturnImpl(entity=org.reverside.bootcamp.ubereats.dto.Admin, querySpaceUid=<gen:0>, path=org.reverside.bootcamp.ubereats.dto.Admin)
          - EntityAttributeFetchImpl(entity=org.reverside.bootcamp.ubereats.dto.Cart, querySpaceUid=<gen:1>, path=org.reverside.bootcamp.ubereats.dto.Admin.cart)
    - QuerySpaces
       - EntityQuerySpaceImpl(uid=<gen:0>, entity=org.reverside.bootcamp.ubereats.dto.Admin)
          - SQL table alias mapping - admin0_
          - alias suffix - 0_
          - suffixed key columns - {email2_7_0_}

15:04:39.375 [main] DEBUG org.hibernate.loader.entity.plan.EntityLoader - Static select for entity org.reverside.bootcamp.ubereats.dto.Admin [FORCE]: select admin0_.email as email2_7_0_, admin0_.account_num as account_3_7_0_, admin0_.is_active as is_activ4_7_0_, admin0_.enabled as enabled5_7_0_, admin0_.name as name6_7_0_, admin0_.phone_num as phone_nu7_7_0_, admin0_.recovery_response as recovery8_7_0_, admin0_.role as role9_7_0_, admin0_.surname as surname10_7_0_, admin0_.region as region11_7_0_ from User admin0_ where admin0_.email=? and admin0_.DTYPE='Admin' for update
15:04:39.375 [main] DEBUG org.hibernate.loader.plan.build.internal.spaces.QuerySpacesImpl - Adding QuerySpace : uid = <gen:0> -> org.hibernate.loader.plan.build.internal.spaces.EntityQuerySpaceImpl@2503ec73]
15:04:39.375 [main] DEBUG org.hibernate.persister.walking.spi.MetamodelGraphWalker - Visiting attribute path : accountId
15:04:39.375 [main] DEBUG org.hibernate.persister.walking.spi.MetamodelGraphWalker - Visiting attribute path : active
15:04:39.375 [main] DEBUG org.hibernate.persister.walking.spi.MetamodelGraphWalker - Visiting attribute path : enabled
15:04:39.375 [main] DEBUG org.hibernate.persister.walking.spi.MetamodelGraphWalker - Visiting attribute path : name
15:04:39.375 [main] DEBUG org.hibernate.persister.walking.spi.MetamodelGraphWalker - Visiting attribute path : phoneNum
15:04:39.375 [main] DEBUG org.hibernate.persister.walking.spi.MetamodelGraphWalker - Visiting attribute path : recoveryQuestion
15:04:39.375 [main] DEBUG org.hibernate.persister.walking.spi.MetamodelGraphWalker - Visiting attribute path : role
15:04:39.375 [main] DEBUG org.hibernate.persister.walking.spi.MetamodelGraphWalker - Visiting attribute path : surname
15:04:39.375 [main] DEBUG org.hibernate.persister.walking.spi.MetamodelGraphWalker - Visiting attribute path : cart
15:04:39.375 [main] DEBUG org.hibernate.loader.plan.build.internal.spaces.QuerySpacesImpl - Adding QuerySpace : uid = <gen:1> -> org.hibernate.loader.plan.build.internal.spaces.EntityQuerySpaceImpl@5e1fc42f]
15:04:39.375 [main] DEBUG org.hibernate.persister.walking.spi.MetamodelGraphWalker - Visiting attribute path : region
15:04:39.375 [main] DEBUG org.hibernate.loader.plan.build.internal.FetchStyleLoadPlanBuildingAssociationVisitationStrategy - Building LoadPlan...
15:04:39.376 [main] DEBUG org.hibernate.loader.plan.exec.internal.LoadQueryJoinAndFetchProcessor - processing queryspace <gen:0>
15:04:39.376 [main] DEBUG org.hibernate.loader.plan.build.spi.LoadPlanTreePrinter - LoadPlan(entity=org.reverside.bootcamp.ubereats.dto.Admin)
    - Returns
       - EntityReturnImpl(entity=org.reverside.bootcamp.ubereats.dto.Admin, querySpaceUid=<gen:0>, path=org.reverside.bootcamp.ubereats.dto.Admin)
          - EntityAttributeFetchImpl(entity=org.reverside.bootcamp.ubereats.dto.Cart, querySpaceUid=<gen:1>, path=org.reverside.bootcamp.ubereats.dto.Admin.cart)
    - QuerySpaces
       - EntityQuerySpaceImpl(uid=<gen:0>, entity=org.reverside.bootcamp.ubereats.dto.Admin)
          - SQL table alias mapping - admin0_
          - alias suffix - 0_
          - suffixed key columns - {email2_7_0_}

15:04:39.376 [main] DEBUG org.hibernate.loader.entity.plan.EntityLoader - Static select for entity org.reverside.bootcamp.ubereats.dto.Admin [PESSIMISTIC_READ]: select admin0_.email as email2_7_0_, admin0_.account_num as account_3_7_0_, admin0_.is_active as is_activ4_7_0_, admin0_.enabled as enabled5_7_0_, admin0_.name as name6_7_0_, admin0_.phone_num as phone_nu7_7_0_, admin0_.recovery_response as recovery8_7_0_, admin0_.role as role9_7_0_, admin0_.surname as surname10_7_0_, admin0_.region as region11_7_0_ from User admin0_ where admin0_.email=? and admin0_.DTYPE='Admin' for update
15:04:39.376 [main] DEBUG org.hibernate.loader.plan.build.internal.spaces.QuerySpacesImpl - Adding QuerySpace : uid = <gen:0> -> org.hibernate.loader.plan.build.internal.spaces.EntityQuerySpaceImpl@44b21f9f]
15:04:39.376 [main] DEBUG org.hibernate.persister.walking.spi.MetamodelGraphWalker - Visiting attribute path : accountId
15:04:39.376 [main] DEBUG org.hibernate.persister.walking.spi.MetamodelGraphWalker - Visiting attribute path : active
15:04:39.376 [main] DEBUG org.hibernate.persister.walking.spi.MetamodelGraphWalker - Visiting attribute path : enabled
15:04:39.376 [main] DEBUG org.hibernate.persister.walking.spi.MetamodelGraphWalker - Visiting attribute path : name
15:04:39.376 [main] DEBUG org.hibernate.persister.walking.spi.MetamodelGraphWalker - Visiting attribute path : phoneNum
15:04:39.376 [main] DEBUG org.hibernate.persister.walking.spi.MetamodelGraphWalker - Visiting attribute path : recoveryQuestion
15:04:39.377 [main] DEBUG org.hibernate.persister.walking.spi.MetamodelGraphWalker - Visiting attribute path : role
15:04:39.377 [main] DEBUG org.hibernate.persister.walking.spi.MetamodelGraphWalker - Visiting attribute path : surname
15:04:39.377 [main] DEBUG org.hibernate.persister.walking.spi.MetamodelGraphWalker - Visiting attribute path : cart
15:04:39.377 [main] DEBUG org.hibernate.loader.plan.build.internal.spaces.QuerySpacesImpl - Adding QuerySpace : uid = <gen:1> -> org.hibernate.loader.plan.build.internal.spaces.EntityQuerySpaceImpl@6296474f]
15:04:39.377 [main] DEBUG org.hibernate.persister.walking.spi.MetamodelGraphWalker - Visiting attribute path : region
15:04:39.377 [main] DEBUG org.hibernate.loader.plan.build.internal.FetchStyleLoadPlanBuildingAssociationVisitationStrategy - Building LoadPlan...
15:04:39.377 [main] DEBUG org.hibernate.loader.plan.exec.internal.LoadQueryJoinAndFetchProcessor - processing queryspace <gen:0>
15:04:39.377 [main] DEBUG org.hibernate.loader.plan.build.spi.LoadPlanTreePrinter - LoadPlan(entity=org.reverside.bootcamp.ubereats.dto.Admin)
    - Returns
       - EntityReturnImpl(entity=org.reverside.bootcamp.ubereats.dto.Admin, querySpaceUid=<gen:0>, path=org.reverside.bootcamp.ubereats.dto.Admin)
          - EntityAttributeFetchImpl(entity=org.reverside.bootcamp.ubereats.dto.Cart, querySpaceUid=<gen:1>, path=org.reverside.bootcamp.ubereats.dto.Admin.cart)
    - QuerySpaces
       - EntityQuerySpaceImpl(uid=<gen:0>, entity=org.reverside.bootcamp.ubereats.dto.Admin)
          - SQL table alias mapping - admin0_
          - alias suffix - 0_
          - suffixed key columns - {email2_7_0_}

15:04:39.378 [main] DEBUG org.hibernate.loader.entity.plan.EntityLoader - Static select for entity org.reverside.bootcamp.ubereats.dto.Admin [PESSIMISTIC_WRITE]: select admin0_.email as email2_7_0_, admin0_.account_num as account_3_7_0_, admin0_.is_active as is_activ4_7_0_, admin0_.enabled as enabled5_7_0_, admin0_.name as name6_7_0_, admin0_.phone_num as phone_nu7_7_0_, admin0_.recovery_response as recovery8_7_0_, admin0_.role as role9_7_0_, admin0_.surname as surname10_7_0_, admin0_.region as region11_7_0_ from User admin0_ where admin0_.email=? and admin0_.DTYPE='Admin' for update
15:04:39.378 [main] DEBUG org.hibernate.loader.plan.build.internal.spaces.QuerySpacesImpl - Adding QuerySpace : uid = <gen:0> -> org.hibernate.loader.plan.build.internal.spaces.EntityQuerySpaceImpl@4288d98e]
15:04:39.378 [main] DEBUG org.hibernate.persister.walking.spi.MetamodelGraphWalker - Visiting attribute path : accountId
15:04:39.378 [main] DEBUG org.hibernate.persister.walking.spi.MetamodelGraphWalker - Visiting attribute path : active
15:04:39.378 [main] DEBUG org.hibernate.persister.walking.spi.MetamodelGraphWalker - Visiting attribute path : enabled
15:04:39.378 [main] DEBUG org.hibernate.persister.walking.spi.MetamodelGraphWalker - Visiting attribute path : name
15:04:39.378 [main] DEBUG org.hibernate.persister.walking.spi.MetamodelGraphWalker - Visiting attribute path : phoneNum
15:04:39.378 [main] DEBUG org.hibernate.persister.walking.spi.MetamodelGraphWalker - Visiting attribute path : recoveryQuestion
15:04:39.378 [main] DEBUG org.hibernate.persister.walking.spi.MetamodelGraphWalker - Visiting attribute path : role
15:04:39.378 [main] DEBUG org.hibernate.persister.walking.spi.MetamodelGraphWalker - Visiting attribute path : surname
15:04:39.378 [main] DEBUG org.hibernate.persister.walking.spi.MetamodelGraphWalker - Visiting attribute path : cart
15:04:39.378 [main] DEBUG org.hibernate.loader.plan.build.internal.spaces.QuerySpacesImpl - Adding QuerySpace : uid = <gen:1> -> org.hibernate.loader.plan.build.internal.spaces.EntityQuerySpaceImpl@285c6918]
15:04:39.378 [main] DEBUG org.hibernate.persister.walking.spi.MetamodelGraphWalker - Visiting attribute path : region
15:04:39.378 [main] DEBUG org.hibernate.loader.plan.build.internal.FetchStyleLoadPlanBuildingAssociationVisitationStrategy - Building LoadPlan...
15:04:39.379 [main] DEBUG org.hibernate.loader.plan.exec.internal.LoadQueryJoinAndFetchProcessor - processing queryspace <gen:0>
15:04:39.379 [main] DEBUG org.hibernate.loader.plan.build.spi.LoadPlanTreePrinter - LoadPlan(entity=org.reverside.bootcamp.ubereats.dto.Admin)
    - Returns
       - EntityReturnImpl(entity=org.reverside.bootcamp.ubereats.dto.Admin, querySpaceUid=<gen:0>, path=org.reverside.bootcamp.ubereats.dto.Admin)
          - EntityAttributeFetchImpl(entity=org.reverside.bootcamp.ubereats.dto.Cart, querySpaceUid=<gen:1>, path=org.reverside.bootcamp.ubereats.dto.Admin.cart)
    - QuerySpaces
       - EntityQuerySpaceImpl(uid=<gen:0>, entity=org.reverside.bootcamp.ubereats.dto.Admin)
          - SQL table alias mapping - admin0_
          - alias suffix - 0_
          - suffixed key columns - {email2_7_0_}

15:04:39.379 [main] DEBUG org.hibernate.loader.entity.plan.EntityLoader - Static select for entity org.reverside.bootcamp.ubereats.dto.Admin [PESSIMISTIC_FORCE_INCREMENT]: select admin0_.email as email2_7_0_, admin0_.account_num as account_3_7_0_, admin0_.is_active as is_activ4_7_0_, admin0_.enabled as enabled5_7_0_, admin0_.name as name6_7_0_, admin0_.phone_num as phone_nu7_7_0_, admin0_.recovery_response as recovery8_7_0_, admin0_.role as role9_7_0_, admin0_.surname as surname10_7_0_, admin0_.region as region11_7_0_ from User admin0_ where admin0_.email=? and admin0_.DTYPE='Admin' for update
15:04:39.379 [main] DEBUG org.hibernate.loader.plan.build.internal.spaces.QuerySpacesImpl - Adding QuerySpace : uid = <gen:0> -> org.hibernate.loader.plan.build.internal.spaces.EntityQuerySpaceImpl@78a0ff63]
15:04:39.379 [main] DEBUG org.hibernate.persister.walking.spi.MetamodelGraphWalker - Visiting attribute path : accountId
15:04:39.379 [main] DEBUG org.hibernate.persister.walking.spi.MetamodelGraphWalker - Visiting attribute path : active
15:04:39.379 [main] DEBUG org.hibernate.persister.walking.spi.MetamodelGraphWalker - Visiting attribute path : enabled
15:04:39.379 [main] DEBUG org.hibernate.persister.walking.spi.MetamodelGraphWalker - Visiting attribute path : name
15:04:39.379 [main] DEBUG org.hibernate.persister.walking.spi.MetamodelGraphWalker - Visiting attribute path : phoneNum
15:04:39.379 [main] DEBUG org.hibernate.persister.walking.spi.MetamodelGraphWalker - Visiting attribute path : recoveryQuestion
15:04:39.379 [main] DEBUG org.hibernate.persister.walking.spi.MetamodelGraphWalker - Visiting attribute path : role
15:04:39.380 [main] DEBUG org.hibernate.persister.walking.spi.MetamodelGraphWalker - Visiting attribute path : surname
15:04:39.380 [main] DEBUG org.hibernate.persister.walking.spi.MetamodelGraphWalker - Visiting attribute path : cart
15:04:39.380 [main] DEBUG org.hibernate.loader.plan.build.internal.spaces.QuerySpacesImpl - Adding QuerySpace : uid = <gen:1> -> org.hibernate.loader.plan.build.internal.spaces.EntityQuerySpaceImpl@79b2852b]
15:04:39.380 [main] DEBUG org.hibernate.persister.walking.spi.MetamodelGraphWalker - Visiting attribute path : region
15:04:39.380 [main] DEBUG org.hibernate.loader.plan.build.internal.FetchStyleLoadPlanBuildingAssociationVisitationStrategy - Building LoadPlan...
15:04:39.380 [main] DEBUG org.hibernate.loader.plan.exec.internal.LoadQueryJoinAndFetchProcessor - processing queryspace <gen:0>
15:04:39.381 [main] DEBUG org.hibernate.loader.plan.build.spi.LoadPlanTreePrinter - LoadPlan(entity=org.reverside.bootcamp.ubereats.dto.Admin)
    - Returns
       - EntityReturnImpl(entity=org.reverside.bootcamp.ubereats.dto.Admin, querySpaceUid=<gen:0>, path=org.reverside.bootcamp.ubereats.dto.Admin)
          - EntityAttributeFetchImpl(entity=org.reverside.bootcamp.ubereats.dto.Cart, querySpaceUid=<gen:1>, path=org.reverside.bootcamp.ubereats.dto.Admin.cart)
    - QuerySpaces
       - EntityQuerySpaceImpl(uid=<gen:0>, entity=org.reverside.bootcamp.ubereats.dto.Admin)
          - SQL table alias mapping - admin0_
          - alias suffix - 0_
          - suffixed key columns - {email2_7_0_}

15:04:39.381 [main] DEBUG org.hibernate.loader.entity.plan.EntityLoader - Static select for entity org.reverside.bootcamp.ubereats.dto.Admin [OPTIMISTIC]: select admin0_.email as email2_7_0_, admin0_.account_num as account_3_7_0_, admin0_.is_active as is_activ4_7_0_, admin0_.enabled as enabled5_7_0_, admin0_.name as name6_7_0_, admin0_.phone_num as phone_nu7_7_0_, admin0_.recovery_response as recovery8_7_0_, admin0_.role as role9_7_0_, admin0_.surname as surname10_7_0_, admin0_.region as region11_7_0_ from User admin0_ where admin0_.email=? and admin0_.DTYPE='Admin'
15:04:39.381 [main] DEBUG org.hibernate.loader.plan.build.internal.spaces.QuerySpacesImpl - Adding QuerySpace : uid = <gen:0> -> org.hibernate.loader.plan.build.internal.spaces.EntityQuerySpaceImpl@326d27ac]
15:04:39.381 [main] DEBUG org.hibernate.persister.walking.spi.MetamodelGraphWalker - Visiting attribute path : accountId
15:04:39.381 [main] DEBUG org.hibernate.persister.walking.spi.MetamodelGraphWalker - Visiting attribute path : active
15:04:39.381 [main] DEBUG org.hibernate.persister.walking.spi.MetamodelGraphWalker - Visiting attribute path : enabled
15:04:39.381 [main] DEBUG org.hibernate.persister.walking.spi.MetamodelGraphWalker - Visiting attribute path : name
15:04:39.381 [main] DEBUG org.hibernate.persister.walking.spi.MetamodelGraphWalker - Visiting attribute path : phoneNum
15:04:39.381 [main] DEBUG org.hibernate.persister.walking.spi.MetamodelGraphWalker - Visiting attribute path : recoveryQuestion
15:04:39.381 [main] DEBUG org.hibernate.persister.walking.spi.MetamodelGraphWalker - Visiting attribute path : role
15:04:39.381 [main] DEBUG org.hibernate.persister.walking.spi.MetamodelGraphWalker - Visiting attribute path : surname
15:04:39.381 [main] DEBUG org.hibernate.persister.walking.spi.MetamodelGraphWalker - Visiting attribute path : cart
15:04:39.381 [main] DEBUG org.hibernate.loader.plan.build.internal.spaces.QuerySpacesImpl - Adding QuerySpace : uid = <gen:1> -> org.hibernate.loader.plan.build.internal.spaces.EntityQuerySpaceImpl@313f8301]
15:04:39.382 [main] DEBUG org.hibernate.persister.walking.spi.MetamodelGraphWalker - Visiting attribute path : region
15:04:39.382 [main] DEBUG org.hibernate.loader.plan.build.internal.FetchStyleLoadPlanBuildingAssociationVisitationStrategy - Building LoadPlan...
15:04:39.383 [main] DEBUG org.hibernate.loader.plan.exec.internal.LoadQueryJoinAndFetchProcessor - processing queryspace <gen:0>
15:04:39.384 [main] DEBUG org.hibernate.loader.plan.build.spi.LoadPlanTreePrinter - LoadPlan(entity=org.reverside.bootcamp.ubereats.dto.Admin)
    - Returns
       - EntityReturnImpl(entity=org.reverside.bootcamp.ubereats.dto.Admin, querySpaceUid=<gen:0>, path=org.reverside.bootcamp.ubereats.dto.Admin)
          - EntityAttributeFetchImpl(entity=org.reverside.bootcamp.ubereats.dto.Cart, querySpaceUid=<gen:1>, path=org.reverside.bootcamp.ubereats.dto.Admin.cart)
    - QuerySpaces
       - EntityQuerySpaceImpl(uid=<gen:0>, entity=org.reverside.bootcamp.ubereats.dto.Admin)
          - SQL table alias mapping - admin0_
          - alias suffix - 0_
          - suffixed key columns - {email2_7_0_}

15:04:39.384 [main] DEBUG org.hibernate.loader.entity.plan.EntityLoader - Static select for entity org.reverside.bootcamp.ubereats.dto.Admin [OPTIMISTIC_FORCE_INCREMENT]: select admin0_.email as email2_7_0_, admin0_.account_num as account_3_7_0_, admin0_.is_active as is_activ4_7_0_, admin0_.enabled as enabled5_7_0_, admin0_.name as name6_7_0_, admin0_.phone_num as phone_nu7_7_0_, admin0_.recovery_response as recovery8_7_0_, admin0_.role as role9_7_0_, admin0_.surname as surname10_7_0_, admin0_.region as region11_7_0_ from User admin0_ where admin0_.email=? and admin0_.DTYPE='Admin'
15:04:39.386 [main] DEBUG org.hibernate.loader.Loader - Static select for action ACTION_MERGE on entity org.reverside.bootcamp.ubereats.dto.Admin: select admin0_.email as email2_7_1_, admin0_.account_num as account_3_7_1_, admin0_.is_active as is_activ4_7_1_, admin0_.enabled as enabled5_7_1_, admin0_.name as name6_7_1_, admin0_.phone_num as phone_nu7_7_1_, admin0_.recovery_response as recovery8_7_1_, admin0_.role as role9_7_1_, admin0_.surname as surname10_7_1_, admin0_.region as region11_7_1_, cart1_.id as id1_1_0_, cart1_.cart_lines as cart_lin2_1_0_, cart1_.total as total3_1_0_, cart1_.user_email as user_ema4_1_0_ from User admin0_ left outer join Cart cart1_ on admin0_.email=cart1_.user_email where admin0_.email=? and admin0_.DTYPE='Admin'
15:04:39.387 [main] DEBUG org.hibernate.loader.Loader - Static select for action ACTION_REFRESH on entity org.reverside.bootcamp.ubereats.dto.Admin: select admin0_.email as email2_7_1_, admin0_.account_num as account_3_7_1_, admin0_.is_active as is_activ4_7_1_, admin0_.enabled as enabled5_7_1_, admin0_.name as name6_7_1_, admin0_.phone_num as phone_nu7_7_1_, admin0_.recovery_response as recovery8_7_1_, admin0_.role as role9_7_1_, admin0_.surname as surname10_7_1_, admin0_.region as region11_7_1_, cart1_.id as id1_1_0_, cart1_.cart_lines as cart_lin2_1_0_, cart1_.total as total3_1_0_, cart1_.user_email as user_ema4_1_0_ from User admin0_ left outer join Cart cart1_ on admin0_.email=cart1_.user_email where admin0_.email=? and admin0_.DTYPE='Admin'
15:04:39.389 [main] DEBUG org.hibernate.persister.entity.AbstractEntityPersister - Static SQL for entity: org.reverside.bootcamp.ubereats.dto.Cart
15:04:39.389 [main] DEBUG org.hibernate.persister.entity.AbstractEntityPersister -  Version select: select id from Cart where id =?
15:04:39.389 [main] DEBUG org.hibernate.persister.entity.AbstractEntityPersister -  Snapshot select: select cart_.id, cart_.cart_lines as cart_lin2_1_, cart_.total as total3_1_, cart_.user_email as user_ema4_1_ from Cart cart_ where cart_.id=?
15:04:39.389 [main] DEBUG org.hibernate.persister.entity.AbstractEntityPersister -  Insert 0: insert into Cart (cart_lines, total, user_email, id) values (?, ?, ?, ?)
15:04:39.389 [main] DEBUG org.hibernate.persister.entity.AbstractEntityPersister -  Update 0: update Cart set cart_lines=?, total=?, user_email=? where id=?
15:04:39.389 [main] DEBUG org.hibernate.persister.entity.AbstractEntityPersister -  Delete 0: delete from Cart where id=?
15:04:39.389 [main] DEBUG org.hibernate.persister.entity.AbstractEntityPersister -  Identity insert: insert into Cart (id, cart_lines, total, user_email) values (null, ?, ?, ?)
15:04:39.389 [main] DEBUG org.hibernate.loader.plan.build.internal.spaces.QuerySpacesImpl - Adding QuerySpace : uid = <gen:0> -> org.hibernate.loader.plan.build.internal.spaces.EntityQuerySpaceImpl@1bb15351]
15:04:39.389 [main] DEBUG org.hibernate.persister.walking.spi.MetamodelGraphWalker - Visiting attribute path : cartLines
15:04:39.389 [main] DEBUG org.hibernate.persister.walking.spi.MetamodelGraphWalker - Visiting attribute path : total
15:04:39.390 [main] DEBUG org.hibernate.persister.walking.spi.MetamodelGraphWalker - Visiting attribute path : user
15:04:39.390 [main] DEBUG org.hibernate.loader.plan.build.internal.spaces.QuerySpacesImpl - Adding QuerySpace : uid = <gen:1> -> org.hibernate.loader.plan.build.internal.spaces.EntityQuerySpaceImpl@597f0937]
15:04:39.390 [main] DEBUG org.hibernate.persister.walking.spi.MetamodelGraphWalker - Visiting attribute path : user.accountId
15:04:39.390 [main] DEBUG org.hibernate.persister.walking.spi.MetamodelGraphWalker - Visiting attribute path : user.active
15:04:39.390 [main] DEBUG org.hibernate.persister.walking.spi.MetamodelGraphWalker - Visiting attribute path : user.enabled
15:04:39.390 [main] DEBUG org.hibernate.persister.walking.spi.MetamodelGraphWalker - Visiting attribute path : user.name
15:04:39.390 [main] DEBUG org.hibernate.persister.walking.spi.MetamodelGraphWalker - Visiting attribute path : user.phoneNum
15:04:39.390 [main] DEBUG org.hibernate.persister.walking.spi.MetamodelGraphWalker - Visiting attribute path : user.recoveryQuestion
15:04:39.390 [main] DEBUG org.hibernate.persister.walking.spi.MetamodelGraphWalker - Visiting attribute path : user.role
15:04:39.390 [main] DEBUG org.hibernate.persister.walking.spi.MetamodelGraphWalker - Visiting attribute path : user.surname
15:04:39.390 [main] DEBUG org.hibernate.persister.walking.spi.MetamodelGraphWalker - Visiting attribute path : user.cart
15:04:39.390 [main] DEBUG org.hibernate.persister.walking.spi.MetamodelGraphWalker - Property path deemed to be circular : user.cart
15:04:39.390 [main] DEBUG org.hibernate.persister.walking.spi.MetamodelGraphWalker - Visiting attribute path : user.region
15:04:39.390 [main] DEBUG org.hibernate.loader.plan.build.internal.FetchStyleLoadPlanBuildingAssociationVisitationStrategy - Building LoadPlan...
15:04:39.391 [main] DEBUG org.hibernate.loader.plan.exec.internal.LoadQueryJoinAndFetchProcessor - processing queryspace <gen:0>
15:04:39.391 [main] DEBUG org.hibernate.loader.plan.build.spi.LoadPlanTreePrinter - LoadPlan(entity=org.reverside.bootcamp.ubereats.dto.Cart)
    - Returns
       - EntityReturnImpl(entity=org.reverside.bootcamp.ubereats.dto.Cart, querySpaceUid=<gen:0>, path=org.reverside.bootcamp.ubereats.dto.Cart)
          - EntityAttributeFetchImpl(entity=org.reverside.bootcamp.ubereats.dto.User, querySpaceUid=<gen:1>, path=org.reverside.bootcamp.ubereats.dto.Cart.user)
    - QuerySpaces
       - EntityQuerySpaceImpl(uid=<gen:0>, entity=org.reverside.bootcamp.ubereats.dto.Cart)
          - SQL table alias mapping - cart0_
          - alias suffix - 0_
          - suffixed key columns - {id1_1_0_}
          - JOIN (JoinDefinedByMetadata(user)) : <gen:0> -> <gen:1>
             - EntityQuerySpaceImpl(uid=<gen:1>, entity=org.reverside.bootcamp.ubereats.dto.User)
                - SQL table alias mapping - user1_
                - alias suffix - 1_
                - suffixed key columns - {email2_7_1_}

15:04:39.391 [main] DEBUG org.hibernate.loader.entity.plan.EntityLoader - Static select for entity org.reverside.bootcamp.ubereats.dto.Cart [NONE]: select cart0_.id as id1_1_0_, cart0_.cart_lines as cart_lin2_1_0_, cart0_.total as total3_1_0_, cart0_.user_email as user_ema4_1_0_, user1_.email as email2_7_1_, user1_.account_num as account_3_7_1_, user1_.is_active as is_activ4_7_1_, user1_.enabled as enabled5_7_1_, user1_.name as name6_7_1_, user1_.phone_num as phone_nu7_7_1_, user1_.recovery_response as recovery8_7_1_, user1_.role as role9_7_1_, user1_.surname as surname10_7_1_, user1_.region as region11_7_1_, user1_.DTYPE as DTYPE1_7_1_ from Cart cart0_ left outer join User user1_ on cart0_.user_email=user1_.email where cart0_.id=?
15:04:39.391 [main] DEBUG org.hibernate.loader.plan.build.internal.spaces.QuerySpacesImpl - Adding QuerySpace : uid = <gen:0> -> org.hibernate.loader.plan.build.internal.spaces.EntityQuerySpaceImpl@6b6b3572]
15:04:39.391 [main] DEBUG org.hibernate.persister.walking.spi.MetamodelGraphWalker - Visiting attribute path : cartLines
15:04:39.391 [main] DEBUG org.hibernate.persister.walking.spi.MetamodelGraphWalker - Visiting attribute path : total
15:04:39.391 [main] DEBUG org.hibernate.persister.walking.spi.MetamodelGraphWalker - Visiting attribute path : user
15:04:39.391 [main] DEBUG org.hibernate.loader.plan.build.internal.spaces.QuerySpacesImpl - Adding QuerySpace : uid = <gen:1> -> org.hibernate.loader.plan.build.internal.spaces.EntityQuerySpaceImpl@444f44c5]
15:04:39.392 [main] DEBUG org.hibernate.persister.walking.spi.MetamodelGraphWalker - Visiting attribute path : user.accountId
15:04:39.392 [main] DEBUG org.hibernate.persister.walking.spi.MetamodelGraphWalker - Visiting attribute path : user.active
15:04:39.392 [main] DEBUG org.hibernate.persister.walking.spi.MetamodelGraphWalker - Visiting attribute path : user.enabled
15:04:39.392 [main] DEBUG org.hibernate.persister.walking.spi.MetamodelGraphWalker - Visiting attribute path : user.name
15:04:39.392 [main] DEBUG org.hibernate.persister.walking.spi.MetamodelGraphWalker - Visiting attribute path : user.phoneNum
15:04:39.392 [main] DEBUG org.hibernate.persister.walking.spi.MetamodelGraphWalker - Visiting attribute path : user.recoveryQuestion
15:04:39.392 [main] DEBUG org.hibernate.persister.walking.spi.MetamodelGraphWalker - Visiting attribute path : user.role
15:04:39.392 [main] DEBUG org.hibernate.persister.walking.spi.MetamodelGraphWalker - Visiting attribute path : user.surname
15:04:39.392 [main] DEBUG org.hibernate.persister.walking.spi.MetamodelGraphWalker - Visiting attribute path : user.cart
15:04:39.392 [main] DEBUG org.hibernate.persister.walking.spi.MetamodelGraphWalker - Property path deemed to be circular : user.cart
15:04:39.392 [main] DEBUG org.hibernate.persister.walking.spi.MetamodelGraphWalker - Visiting attribute path : user.region
15:04:39.392 [main] DEBUG org.hibernate.loader.plan.build.internal.FetchStyleLoadPlanBuildingAssociationVisitationStrategy - Building LoadPlan...
15:04:39.393 [main] DEBUG org.hibernate.loader.plan.exec.internal.LoadQueryJoinAndFetchProcessor - processing queryspace <gen:0>
15:04:39.393 [main] DEBUG org.hibernate.loader.plan.build.spi.LoadPlanTreePrinter - LoadPlan(entity=org.reverside.bootcamp.ubereats.dto.Cart)
    - Returns
       - EntityReturnImpl(entity=org.reverside.bootcamp.ubereats.dto.Cart, querySpaceUid=<gen:0>, path=org.reverside.bootcamp.ubereats.dto.Cart)
          - EntityAttributeFetchImpl(entity=org.reverside.bootcamp.ubereats.dto.User, querySpaceUid=<gen:1>, path=org.reverside.bootcamp.ubereats.dto.Cart.user)
    - QuerySpaces
       - EntityQuerySpaceImpl(uid=<gen:0>, entity=org.reverside.bootcamp.ubereats.dto.Cart)
          - SQL table alias mapping - cart0_
          - alias suffix - 0_
          - suffixed key columns - {id1_1_0_}
          - JOIN (JoinDefinedByMetadata(user)) : <gen:0> -> <gen:1>
             - EntityQuerySpaceImpl(uid=<gen:1>, entity=org.reverside.bootcamp.ubereats.dto.User)
                - SQL table alias mapping - user1_
                - alias suffix - 1_
                - suffixed key columns - {email2_7_1_}

15:04:39.393 [main] DEBUG org.hibernate.loader.entity.plan.EntityLoader - Static select for entity org.reverside.bootcamp.ubereats.dto.Cart [READ]: select cart0_.id as id1_1_0_, cart0_.cart_lines as cart_lin2_1_0_, cart0_.total as total3_1_0_, cart0_.user_email as user_ema4_1_0_, user1_.email as email2_7_1_, user1_.account_num as account_3_7_1_, user1_.is_active as is_activ4_7_1_, user1_.enabled as enabled5_7_1_, user1_.name as name6_7_1_, user1_.phone_num as phone_nu7_7_1_, user1_.recovery_response as recovery8_7_1_, user1_.role as role9_7_1_, user1_.surname as surname10_7_1_, user1_.region as region11_7_1_, user1_.DTYPE as DTYPE1_7_1_ from Cart cart0_ left outer join User user1_ on cart0_.user_email=user1_.email where cart0_.id=?
15:04:39.393 [main] DEBUG org.hibernate.loader.plan.build.internal.spaces.QuerySpacesImpl - Adding QuerySpace : uid = <gen:0> -> org.hibernate.loader.plan.build.internal.spaces.EntityQuerySpaceImpl@24d61e4]
15:04:39.393 [main] DEBUG org.hibernate.persister.walking.spi.MetamodelGraphWalker - Visiting attribute path : cartLines
15:04:39.393 [main] DEBUG org.hibernate.persister.walking.spi.MetamodelGraphWalker - Visiting attribute path : total
15:04:39.393 [main] DEBUG org.hibernate.persister.walking.spi.MetamodelGraphWalker - Visiting attribute path : user
15:04:39.393 [main] DEBUG org.hibernate.loader.plan.build.internal.spaces.QuerySpacesImpl - Adding QuerySpace : uid = <gen:1> -> org.hibernate.loader.plan.build.internal.spaces.EntityQuerySpaceImpl@1f1e58ca]
15:04:39.394 [main] DEBUG org.hibernate.loader.plan.build.internal.FetchStyleLoadPlanBuildingAssociationVisitationStrategy - Building LoadPlan...
15:04:39.394 [main] DEBUG org.hibernate.loader.plan.exec.internal.LoadQueryJoinAndFetchProcessor - processing queryspace <gen:0>
15:04:39.394 [main] DEBUG org.hibernate.loader.plan.build.spi.LoadPlanTreePrinter - LoadPlan(entity=org.reverside.bootcamp.ubereats.dto.Cart)
    - Returns
       - EntityReturnImpl(entity=org.reverside.bootcamp.ubereats.dto.Cart, querySpaceUid=<gen:0>, path=org.reverside.bootcamp.ubereats.dto.Cart)
          - EntityAttributeFetchImpl(entity=org.reverside.bootcamp.ubereats.dto.User, querySpaceUid=<gen:1>, path=org.reverside.bootcamp.ubereats.dto.Cart.user)
    - QuerySpaces
       - EntityQuerySpaceImpl(uid=<gen:0>, entity=org.reverside.bootcamp.ubereats.dto.Cart)
          - SQL table alias mapping - cart0_
          - alias suffix - 0_
          - suffixed key columns - {id1_1_0_}

15:04:39.394 [main] DEBUG org.hibernate.loader.entity.plan.EntityLoader - Static select for entity org.reverside.bootcamp.ubereats.dto.Cart [UPGRADE]: select cart0_.id as id1_1_0_, cart0_.cart_lines as cart_lin2_1_0_, cart0_.total as total3_1_0_, cart0_.user_email as user_ema4_1_0_ from Cart cart0_ where cart0_.id=? for update
15:04:39.394 [main] DEBUG org.hibernate.loader.plan.build.internal.spaces.QuerySpacesImpl - Adding QuerySpace : uid = <gen:0> -> org.hibernate.loader.plan.build.internal.spaces.EntityQuerySpaceImpl@57f847af]
15:04:39.394 [main] DEBUG org.hibernate.persister.walking.spi.MetamodelGraphWalker - Visiting attribute path : cartLines
15:04:39.394 [main] DEBUG org.hibernate.persister.walking.spi.MetamodelGraphWalker - Visiting attribute path : total
15:04:39.394 [main] DEBUG org.hibernate.persister.walking.spi.MetamodelGraphWalker - Visiting attribute path : user
15:04:39.394 [main] DEBUG org.hibernate.loader.plan.build.internal.spaces.QuerySpacesImpl - Adding QuerySpace : uid = <gen:1> -> org.hibernate.loader.plan.build.internal.spaces.EntityQuerySpaceImpl@553bc36c]
15:04:39.395 [main] DEBUG org.hibernate.loader.plan.build.internal.FetchStyleLoadPlanBuildingAssociationVisitationStrategy - Building LoadPlan...
15:04:39.395 [main] DEBUG org.hibernate.loader.plan.exec.internal.LoadQueryJoinAndFetchProcessor - processing queryspace <gen:0>
15:04:39.395 [main] DEBUG org.hibernate.loader.plan.build.spi.LoadPlanTreePrinter - LoadPlan(entity=org.reverside.bootcamp.ubereats.dto.Cart)
    - Returns
       - EntityReturnImpl(entity=org.reverside.bootcamp.ubereats.dto.Cart, querySpaceUid=<gen:0>, path=org.reverside.bootcamp.ubereats.dto.Cart)
          - EntityAttributeFetchImpl(entity=org.reverside.bootcamp.ubereats.dto.User, querySpaceUid=<gen:1>, path=org.reverside.bootcamp.ubereats.dto.Cart.user)
    - QuerySpaces
       - EntityQuerySpaceImpl(uid=<gen:0>, entity=org.reverside.bootcamp.ubereats.dto.Cart)
          - SQL table alias mapping - cart0_
          - alias suffix - 0_
          - suffixed key columns - {id1_1_0_}

15:04:39.395 [main] DEBUG org.hibernate.loader.entity.plan.EntityLoader - Static select for entity org.reverside.bootcamp.ubereats.dto.Cart [UPGRADE_NOWAIT]: select cart0_.id as id1_1_0_, cart0_.cart_lines as cart_lin2_1_0_, cart0_.total as total3_1_0_, cart0_.user_email as user_ema4_1_0_ from Cart cart0_ where cart0_.id=? for update
15:04:39.395 [main] DEBUG org.hibernate.loader.plan.build.internal.spaces.QuerySpacesImpl - Adding QuerySpace : uid = <gen:0> -> org.hibernate.loader.plan.build.internal.spaces.EntityQuerySpaceImpl@380e1909]
15:04:39.395 [main] DEBUG org.hibernate.persister.walking.spi.MetamodelGraphWalker - Visiting attribute path : cartLines
15:04:39.395 [main] DEBUG org.hibernate.persister.walking.spi.MetamodelGraphWalker - Visiting attribute path : total
15:04:39.395 [main] DEBUG org.hibernate.persister.walking.spi.MetamodelGraphWalker - Visiting attribute path : user
15:04:39.395 [main] DEBUG org.hibernate.loader.plan.build.internal.spaces.QuerySpacesImpl - Adding QuerySpace : uid = <gen:1> -> org.hibernate.loader.plan.build.internal.spaces.EntityQuerySpaceImpl@95eb320]
15:04:39.395 [main] DEBUG org.hibernate.loader.plan.build.internal.FetchStyleLoadPlanBuildingAssociationVisitationStrategy - Building LoadPlan...
15:04:39.396 [main] DEBUG org.hibernate.loader.plan.exec.internal.LoadQueryJoinAndFetchProcessor - processing queryspace <gen:0>
15:04:39.396 [main] DEBUG org.hibernate.loader.plan.build.spi.LoadPlanTreePrinter - LoadPlan(entity=org.reverside.bootcamp.ubereats.dto.Cart)
    - Returns
       - EntityReturnImpl(entity=org.reverside.bootcamp.ubereats.dto.Cart, querySpaceUid=<gen:0>, path=org.reverside.bootcamp.ubereats.dto.Cart)
          - EntityAttributeFetchImpl(entity=org.reverside.bootcamp.ubereats.dto.User, querySpaceUid=<gen:1>, path=org.reverside.bootcamp.ubereats.dto.Cart.user)
    - QuerySpaces
       - EntityQuerySpaceImpl(uid=<gen:0>, entity=org.reverside.bootcamp.ubereats.dto.Cart)
          - SQL table alias mapping - cart0_
          - alias suffix - 0_
          - suffixed key columns - {id1_1_0_}

15:04:39.396 [main] DEBUG org.hibernate.loader.entity.plan.EntityLoader - Static select for entity org.reverside.bootcamp.ubereats.dto.Cart [UPGRADE_SKIPLOCKED]: select cart0_.id as id1_1_0_, cart0_.cart_lines as cart_lin2_1_0_, cart0_.total as total3_1_0_, cart0_.user_email as user_ema4_1_0_ from Cart cart0_ where cart0_.id=? for update
15:04:39.396 [main] DEBUG org.hibernate.loader.plan.build.internal.spaces.QuerySpacesImpl - Adding QuerySpace : uid = <gen:0> -> org.hibernate.loader.plan.build.internal.spaces.EntityQuerySpaceImpl@2f521c4]
15:04:39.396 [main] DEBUG org.hibernate.persister.walking.spi.MetamodelGraphWalker - Visiting attribute path : cartLines
15:04:39.396 [main] DEBUG org.hibernate.persister.walking.spi.MetamodelGraphWalker - Visiting attribute path : total
15:04:39.396 [main] DEBUG org.hibernate.persister.walking.spi.MetamodelGraphWalker - Visiting attribute path : user
15:04:39.396 [main] DEBUG org.hibernate.loader.plan.build.internal.spaces.QuerySpacesImpl - Adding QuerySpace : uid = <gen:1> -> org.hibernate.loader.plan.build.internal.spaces.EntityQuerySpaceImpl@10db6131]
15:04:39.396 [main] DEBUG org.hibernate.loader.plan.build.internal.FetchStyleLoadPlanBuildingAssociationVisitationStrategy - Building LoadPlan...
15:04:39.397 [main] DEBUG org.hibernate.loader.plan.exec.internal.LoadQueryJoinAndFetchProcessor - processing queryspace <gen:0>
15:04:39.397 [main] DEBUG org.hibernate.loader.plan.build.spi.LoadPlanTreePrinter - LoadPlan(entity=org.reverside.bootcamp.ubereats.dto.Cart)
    - Returns
       - EntityReturnImpl(entity=org.reverside.bootcamp.ubereats.dto.Cart, querySpaceUid=<gen:0>, path=org.reverside.bootcamp.ubereats.dto.Cart)
          - EntityAttributeFetchImpl(entity=org.reverside.bootcamp.ubereats.dto.User, querySpaceUid=<gen:1>, path=org.reverside.bootcamp.ubereats.dto.Cart.user)
    - QuerySpaces
       - EntityQuerySpaceImpl(uid=<gen:0>, entity=org.reverside.bootcamp.ubereats.dto.Cart)
          - SQL table alias mapping - cart0_
          - alias suffix - 0_
          - suffixed key columns - {id1_1_0_}

15:04:39.397 [main] DEBUG org.hibernate.loader.entity.plan.EntityLoader - Static select for entity org.reverside.bootcamp.ubereats.dto.Cart [FORCE]: select cart0_.id as id1_1_0_, cart0_.cart_lines as cart_lin2_1_0_, cart0_.total as total3_1_0_, cart0_.user_email as user_ema4_1_0_ from Cart cart0_ where cart0_.id=? for update
15:04:39.397 [main] DEBUG org.hibernate.loader.plan.build.internal.spaces.QuerySpacesImpl - Adding QuerySpace : uid = <gen:0> -> org.hibernate.loader.plan.build.internal.spaces.EntityQuerySpaceImpl@6c6017b9]
15:04:39.397 [main] DEBUG org.hibernate.persister.walking.spi.MetamodelGraphWalker - Visiting attribute path : cartLines
15:04:39.397 [main] DEBUG org.hibernate.persister.walking.spi.MetamodelGraphWalker - Visiting attribute path : total
15:04:39.397 [main] DEBUG org.hibernate.persister.walking.spi.MetamodelGraphWalker - Visiting attribute path : user
15:04:39.397 [main] DEBUG org.hibernate.loader.plan.build.internal.spaces.QuerySpacesImpl - Adding QuerySpace : uid = <gen:1> -> org.hibernate.loader.plan.build.internal.spaces.EntityQuerySpaceImpl@506a1372]
15:04:39.397 [main] DEBUG org.hibernate.loader.plan.build.internal.FetchStyleLoadPlanBuildingAssociationVisitationStrategy - Building LoadPlan...
15:04:39.398 [main] DEBUG org.hibernate.loader.plan.exec.internal.LoadQueryJoinAndFetchProcessor - processing queryspace <gen:0>
15:04:39.398 [main] DEBUG org.hibernate.loader.plan.build.spi.LoadPlanTreePrinter - LoadPlan(entity=org.reverside.bootcamp.ubereats.dto.Cart)
    - Returns
       - EntityReturnImpl(entity=org.reverside.bootcamp.ubereats.dto.Cart, querySpaceUid=<gen:0>, path=org.reverside.bootcamp.ubereats.dto.Cart)
          - EntityAttributeFetchImpl(entity=org.reverside.bootcamp.ubereats.dto.User, querySpaceUid=<gen:1>, path=org.reverside.bootcamp.ubereats.dto.Cart.user)
    - QuerySpaces
       - EntityQuerySpaceImpl(uid=<gen:0>, entity=org.reverside.bootcamp.ubereats.dto.Cart)
          - SQL table alias mapping - cart0_
          - alias suffix - 0_
          - suffixed key columns - {id1_1_0_}

15:04:39.398 [main] DEBUG org.hibernate.loader.entity.plan.EntityLoader - Static select for entity org.reverside.bootcamp.ubereats.dto.Cart [PESSIMISTIC_READ]: select cart0_.id as id1_1_0_, cart0_.cart_lines as cart_lin2_1_0_, cart0_.total as total3_1_0_, cart0_.user_email as user_ema4_1_0_ from Cart cart0_ where cart0_.id=? for update
15:04:39.398 [main] DEBUG org.hibernate.loader.plan.build.internal.spaces.QuerySpacesImpl - Adding QuerySpace : uid = <gen:0> -> org.hibernate.loader.plan.build.internal.spaces.EntityQuerySpaceImpl@1b7332a7]
15:04:39.398 [main] DEBUG org.hibernate.persister.walking.spi.MetamodelGraphWalker - Visiting attribute path : cartLines
15:04:39.398 [main] DEBUG org.hibernate.persister.walking.spi.MetamodelGraphWalker - Visiting attribute path : total
15:04:39.398 [main] DEBUG org.hibernate.persister.walking.spi.MetamodelGraphWalker - Visiting attribute path : user
15:04:39.398 [main] DEBUG org.hibernate.loader.plan.build.internal.spaces.QuerySpacesImpl - Adding QuerySpace : uid = <gen:1> -> org.hibernate.loader.plan.build.internal.spaces.EntityQuerySpaceImpl@37b56ac7]
15:04:39.399 [main] DEBUG org.hibernate.loader.plan.build.internal.FetchStyleLoadPlanBuildingAssociationVisitationStrategy - Building LoadPlan...
15:04:39.399 [main] DEBUG org.hibernate.loader.plan.exec.internal.LoadQueryJoinAndFetchProcessor - processing queryspace <gen:0>
15:04:39.399 [main] DEBUG org.hibernate.loader.plan.build.spi.LoadPlanTreePrinter - LoadPlan(entity=org.reverside.bootcamp.ubereats.dto.Cart)
    - Returns
       - EntityReturnImpl(entity=org.reverside.bootcamp.ubereats.dto.Cart, querySpaceUid=<gen:0>, path=org.reverside.bootcamp.ubereats.dto.Cart)
          - EntityAttributeFetchImpl(entity=org.reverside.bootcamp.ubereats.dto.User, querySpaceUid=<gen:1>, path=org.reverside.bootcamp.ubereats.dto.Cart.user)
    - QuerySpaces
       - EntityQuerySpaceImpl(uid=<gen:0>, entity=org.reverside.bootcamp.ubereats.dto.Cart)
          - SQL table alias mapping - cart0_
          - alias suffix - 0_
          - suffixed key columns - {id1_1_0_}

15:04:39.399 [main] DEBUG org.hibernate.loader.entity.plan.EntityLoader - Static select for entity org.reverside.bootcamp.ubereats.dto.Cart [PESSIMISTIC_WRITE]: select cart0_.id as id1_1_0_, cart0_.cart_lines as cart_lin2_1_0_, cart0_.total as total3_1_0_, cart0_.user_email as user_ema4_1_0_ from Cart cart0_ where cart0_.id=? for update
15:04:39.399 [main] DEBUG org.hibernate.loader.plan.build.internal.spaces.QuerySpacesImpl - Adding QuerySpace : uid = <gen:0> -> org.hibernate.loader.plan.build.internal.spaces.EntityQuerySpaceImpl@37c41ec0]
15:04:39.400 [main] DEBUG org.hibernate.persister.walking.spi.MetamodelGraphWalker - Visiting attribute path : cartLines
15:04:39.400 [main] DEBUG org.hibernate.persister.walking.spi.MetamodelGraphWalker - Visiting attribute path : total
15:04:39.400 [main] DEBUG org.hibernate.persister.walking.spi.MetamodelGraphWalker - Visiting attribute path : user
15:04:39.400 [main] DEBUG org.hibernate.loader.plan.build.internal.spaces.QuerySpacesImpl - Adding QuerySpace : uid = <gen:1> -> org.hibernate.loader.plan.build.internal.spaces.EntityQuerySpaceImpl@5399f6c5]
15:04:39.400 [main] DEBUG org.hibernate.loader.plan.build.internal.FetchStyleLoadPlanBuildingAssociationVisitationStrategy - Building LoadPlan...
15:04:39.401 [main] DEBUG org.hibernate.loader.plan.exec.internal.LoadQueryJoinAndFetchProcessor - processing queryspace <gen:0>
15:04:39.401 [main] DEBUG org.hibernate.loader.plan.build.spi.LoadPlanTreePrinter - LoadPlan(entity=org.reverside.bootcamp.ubereats.dto.Cart)
    - Returns
       - EntityReturnImpl(entity=org.reverside.bootcamp.ubereats.dto.Cart, querySpaceUid=<gen:0>, path=org.reverside.bootcamp.ubereats.dto.Cart)
          - EntityAttributeFetchImpl(entity=org.reverside.bootcamp.ubereats.dto.User, querySpaceUid=<gen:1>, path=org.reverside.bootcamp.ubereats.dto.Cart.user)
    - QuerySpaces
       - EntityQuerySpaceImpl(uid=<gen:0>, entity=org.reverside.bootcamp.ubereats.dto.Cart)
          - SQL table alias mapping - cart0_
          - alias suffix - 0_
          - suffixed key columns - {id1_1_0_}

15:04:39.401 [main] DEBUG org.hibernate.loader.entity.plan.EntityLoader - Static select for entity org.reverside.bootcamp.ubereats.dto.Cart [PESSIMISTIC_FORCE_INCREMENT]: select cart0_.id as id1_1_0_, cart0_.cart_lines as cart_lin2_1_0_, cart0_.total as total3_1_0_, cart0_.user_email as user_ema4_1_0_ from Cart cart0_ where cart0_.id=? for update
15:04:39.401 [main] DEBUG org.hibernate.loader.plan.build.internal.spaces.QuerySpacesImpl - Adding QuerySpace : uid = <gen:0> -> org.hibernate.loader.plan.build.internal.spaces.EntityQuerySpaceImpl@4fe64d23]
15:04:39.402 [main] DEBUG org.hibernate.persister.walking.spi.MetamodelGraphWalker - Visiting attribute path : cartLines
15:04:39.402 [main] DEBUG org.hibernate.persister.walking.spi.MetamodelGraphWalker - Visiting attribute path : total
15:04:39.402 [main] DEBUG org.hibernate.persister.walking.spi.MetamodelGraphWalker - Visiting attribute path : user
15:04:39.402 [main] DEBUG org.hibernate.loader.plan.build.internal.spaces.QuerySpacesImpl - Adding QuerySpace : uid = <gen:1> -> org.hibernate.loader.plan.build.internal.spaces.EntityQuerySpaceImpl@6af5bbd0]
15:04:39.402 [main] DEBUG org.hibernate.loader.plan.build.internal.FetchStyleLoadPlanBuildingAssociationVisitationStrategy - Building LoadPlan...
15:04:39.403 [main] DEBUG org.hibernate.loader.plan.exec.internal.LoadQueryJoinAndFetchProcessor - processing queryspace <gen:0>
15:04:39.403 [main] DEBUG org.hibernate.loader.plan.build.spi.LoadPlanTreePrinter - LoadPlan(entity=org.reverside.bootcamp.ubereats.dto.Cart)
    - Returns
       - EntityReturnImpl(entity=org.reverside.bootcamp.ubereats.dto.Cart, querySpaceUid=<gen:0>, path=org.reverside.bootcamp.ubereats.dto.Cart)
          - EntityAttributeFetchImpl(entity=org.reverside.bootcamp.ubereats.dto.User, querySpaceUid=<gen:1>, path=org.reverside.bootcamp.ubereats.dto.Cart.user)
    - QuerySpaces
       - EntityQuerySpaceImpl(uid=<gen:0>, entity=org.reverside.bootcamp.ubereats.dto.Cart)
          - SQL table alias mapping - cart0_
          - alias suffix - 0_
          - suffixed key columns - {id1_1_0_}

15:04:39.404 [main] DEBUG org.hibernate.loader.entity.plan.EntityLoader - Static select for entity org.reverside.bootcamp.ubereats.dto.Cart [OPTIMISTIC]: select cart0_.id as id1_1_0_, cart0_.cart_lines as cart_lin2_1_0_, cart0_.total as total3_1_0_, cart0_.user_email as user_ema4_1_0_ from Cart cart0_ where cart0_.id=?
15:04:39.404 [main] DEBUG org.hibernate.loader.plan.build.internal.spaces.QuerySpacesImpl - Adding QuerySpace : uid = <gen:0> -> org.hibernate.loader.plan.build.internal.spaces.EntityQuerySpaceImpl@76464795]
15:04:39.404 [main] DEBUG org.hibernate.persister.walking.spi.MetamodelGraphWalker - Visiting attribute path : cartLines
15:04:39.404 [main] DEBUG org.hibernate.persister.walking.spi.MetamodelGraphWalker - Visiting attribute path : total
15:04:39.404 [main] DEBUG org.hibernate.persister.walking.spi.MetamodelGraphWalker - Visiting attribute path : user
15:04:39.404 [main] DEBUG org.hibernate.loader.plan.build.internal.spaces.QuerySpacesImpl - Adding QuerySpace : uid = <gen:1> -> org.hibernate.loader.plan.build.internal.spaces.EntityQuerySpaceImpl@48f4713c]
15:04:39.404 [main] DEBUG org.hibernate.loader.plan.build.internal.FetchStyleLoadPlanBuildingAssociationVisitationStrategy - Building LoadPlan...
15:04:39.404 [main] DEBUG org.hibernate.loader.plan.exec.internal.LoadQueryJoinAndFetchProcessor - processing queryspace <gen:0>
15:04:39.405 [main] DEBUG org.hibernate.loader.plan.build.spi.LoadPlanTreePrinter - LoadPlan(entity=org.reverside.bootcamp.ubereats.dto.Cart)
    - Returns
       - EntityReturnImpl(entity=org.reverside.bootcamp.ubereats.dto.Cart, querySpaceUid=<gen:0>, path=org.reverside.bootcamp.ubereats.dto.Cart)
          - EntityAttributeFetchImpl(entity=org.reverside.bootcamp.ubereats.dto.User, querySpaceUid=<gen:1>, path=org.reverside.bootcamp.ubereats.dto.Cart.user)
    - QuerySpaces
       - EntityQuerySpaceImpl(uid=<gen:0>, entity=org.reverside.bootcamp.ubereats.dto.Cart)
          - SQL table alias mapping - cart0_
          - alias suffix - 0_
          - suffixed key columns - {id1_1_0_}

15:04:39.405 [main] DEBUG org.hibernate.loader.entity.plan.EntityLoader - Static select for entity org.reverside.bootcamp.ubereats.dto.Cart [OPTIMISTIC_FORCE_INCREMENT]: select cart0_.id as id1_1_0_, cart0_.cart_lines as cart_lin2_1_0_, cart0_.total as total3_1_0_, cart0_.user_email as user_ema4_1_0_ from Cart cart0_ where cart0_.id=?
15:04:39.405 [main] DEBUG org.hibernate.loader.Loader - Static select for action ACTION_MERGE on entity org.reverside.bootcamp.ubereats.dto.Cart: select cart0_.id as id1_1_0_, cart0_.cart_lines as cart_lin2_1_0_, cart0_.total as total3_1_0_, cart0_.user_email as user_ema4_1_0_ from Cart cart0_ where cart0_.id=?
15:04:39.405 [main] DEBUG org.hibernate.loader.Loader - Static select for action ACTION_REFRESH on entity org.reverside.bootcamp.ubereats.dto.Cart: select cart0_.id as id1_1_0_, cart0_.cart_lines as cart_lin2_1_0_, cart0_.total as total3_1_0_, cart0_.user_email as user_ema4_1_0_ from Cart cart0_ where cart0_.id=?
15:04:39.408 [main] DEBUG org.hibernate.loader.Loader - Static select for entity org.reverside.bootcamp.ubereats.dto.Cart [NONE]: select cart0_.id as id1_1_1_, cart0_.cart_lines as cart_lin2_1_1_, cart0_.total as total3_1_1_, cart0_.user_email as user_ema4_1_1_, user1_.email as email2_7_0_, user1_.account_num as account_3_7_0_, user1_.is_active as is_activ4_7_0_, user1_.enabled as enabled5_7_0_, user1_.name as name6_7_0_, user1_.phone_num as phone_nu7_7_0_, user1_.recovery_response as recovery8_7_0_, user1_.role as role9_7_0_, user1_.surname as surname10_7_0_, user1_.region as region11_7_0_, user1_.DTYPE as DTYPE1_7_0_ from Cart cart0_ left outer join User user1_ on cart0_.user_email=user1_.email where cart0_.user_email=?
15:04:39.409 [main] DEBUG org.hibernate.persister.entity.AbstractEntityPersister - Static SQL for entity: org.reverside.bootcamp.ubereats.dto.Product
15:04:39.409 [main] DEBUG org.hibernate.persister.entity.AbstractEntityPersister -  Version select: select id from Product where id =?
15:04:39.409 [main] DEBUG org.hibernate.persister.entity.AbstractEntityPersister -  Snapshot select: select product_.id, product_.is_active as is_activ2_5_, product_.category_id as category3_5_, product_.code as code4_5_, product_.description as descript5_5_, product_.image_url as image_ur6_5_, product_.menu_id as menu_id7_5_, product_.name as name8_5_, product_.purchases as purchase9_5_, product_.unit_price as unit_pr10_5_, product_.views as views11_5_ from Product product_ where product_.id=?
15:04:39.409 [main] DEBUG org.hibernate.persister.entity.AbstractEntityPersister -  Insert 0: insert into Product (is_active, category_id, code, description, image_url, menu_id, name, purchases, unit_price, views, id) values (?, ?, ?, ?, ?, ?, ?, ?, ?, ?, ?)
15:04:39.409 [main] DEBUG org.hibernate.persister.entity.AbstractEntityPersister -  Update 0: update Product set is_active=?, category_id=?, code=?, description=?, image_url=?, menu_id=?, name=?, purchases=?, unit_price=?, views=? where id=?
15:04:39.409 [main] DEBUG org.hibernate.persister.entity.AbstractEntityPersister -  Delete 0: delete from Product where id=?
15:04:39.409 [main] DEBUG org.hibernate.persister.entity.AbstractEntityPersister -  Identity insert: insert into Product (id, is_active, category_id, code, description, image_url, menu_id, name, purchases, unit_price, views) values (null, ?, ?, ?, ?, ?, ?, ?, ?, ?, ?)
15:04:39.409 [main] DEBUG org.hibernate.loader.plan.build.internal.spaces.QuerySpacesImpl - Adding QuerySpace : uid = <gen:0> -> org.hibernate.loader.plan.build.internal.spaces.EntityQuerySpaceImpl@7b66322e]
15:04:39.409 [main] DEBUG org.hibernate.persister.walking.spi.MetamodelGraphWalker - Visiting attribute path : active
15:04:39.409 [main] DEBUG org.hibernate.persister.walking.spi.MetamodelGraphWalker - Visiting attribute path : categoryId
15:04:39.409 [main] DEBUG org.hibernate.persister.walking.spi.MetamodelGraphWalker - Visiting attribute path : code
15:04:39.409 [main] DEBUG org.hibernate.persister.walking.spi.MetamodelGraphWalker - Visiting attribute path : description
15:04:39.409 [main] DEBUG org.hibernate.persister.walking.spi.MetamodelGraphWalker - Visiting attribute path : imageUrl
15:04:39.409 [main] DEBUG org.hibernate.persister.walking.spi.MetamodelGraphWalker - Visiting attribute path : menuId
15:04:39.409 [main] DEBUG org.hibernate.persister.walking.spi.MetamodelGraphWalker - Visiting attribute path : name
15:04:39.409 [main] DEBUG org.hibernate.persister.walking.spi.MetamodelGraphWalker - Visiting attribute path : purchases
15:04:39.409 [main] DEBUG org.hibernate.persister.walking.spi.MetamodelGraphWalker - Visiting attribute path : unitPrice
15:04:39.409 [main] DEBUG org.hibernate.persister.walking.spi.MetamodelGraphWalker - Visiting attribute path : views
15:04:39.410 [main] DEBUG org.hibernate.loader.plan.build.internal.FetchStyleLoadPlanBuildingAssociationVisitationStrategy - Building LoadPlan...
15:04:39.410 [main] DEBUG org.hibernate.loader.plan.exec.internal.LoadQueryJoinAndFetchProcessor - processing queryspace <gen:0>
15:04:39.410 [main] DEBUG org.hibernate.loader.plan.build.spi.LoadPlanTreePrinter - LoadPlan(entity=org.reverside.bootcamp.ubereats.dto.Product)
    - Returns
       - EntityReturnImpl(entity=org.reverside.bootcamp.ubereats.dto.Product, querySpaceUid=<gen:0>, path=org.reverside.bootcamp.ubereats.dto.Product)
    - QuerySpaces
       - EntityQuerySpaceImpl(uid=<gen:0>, entity=org.reverside.bootcamp.ubereats.dto.Product)
          - SQL table alias mapping - product0_
          - alias suffix - 0_
          - suffixed key columns - {id1_5_0_}

15:04:39.410 [main] DEBUG org.hibernate.loader.entity.plan.EntityLoader - Static select for entity org.reverside.bootcamp.ubereats.dto.Product [NONE]: select product0_.id as id1_5_0_, product0_.is_active as is_activ2_5_0_, product0_.category_id as category3_5_0_, product0_.code as code4_5_0_, product0_.description as descript5_5_0_, product0_.image_url as image_ur6_5_0_, product0_.menu_id as menu_id7_5_0_, product0_.name as name8_5_0_, product0_.purchases as purchase9_5_0_, product0_.unit_price as unit_pr10_5_0_, product0_.views as views11_5_0_ from Product product0_ where product0_.id=?
15:04:39.410 [main] DEBUG org.hibernate.loader.plan.build.internal.spaces.QuerySpacesImpl - Adding QuerySpace : uid = <gen:0> -> org.hibernate.loader.plan.build.internal.spaces.EntityQuerySpaceImpl@24534cb0]
15:04:39.410 [main] DEBUG org.hibernate.persister.walking.spi.MetamodelGraphWalker - Visiting attribute path : active
15:04:39.411 [main] DEBUG org.hibernate.persister.walking.spi.MetamodelGraphWalker - Visiting attribute path : categoryId
15:04:39.411 [main] DEBUG org.hibernate.persister.walking.spi.MetamodelGraphWalker - Visiting attribute path : code
15:04:39.411 [main] DEBUG org.hibernate.persister.walking.spi.MetamodelGraphWalker - Visiting attribute path : description
15:04:39.411 [main] DEBUG org.hibernate.persister.walking.spi.MetamodelGraphWalker - Visiting attribute path : imageUrl
15:04:39.411 [main] DEBUG org.hibernate.persister.walking.spi.MetamodelGraphWalker - Visiting attribute path : menuId
15:04:39.411 [main] DEBUG org.hibernate.persister.walking.spi.MetamodelGraphWalker - Visiting attribute path : name
15:04:39.411 [main] DEBUG org.hibernate.persister.walking.spi.MetamodelGraphWalker - Visiting attribute path : purchases
15:04:39.411 [main] DEBUG org.hibernate.persister.walking.spi.MetamodelGraphWalker - Visiting attribute path : unitPrice
15:04:39.411 [main] DEBUG org.hibernate.persister.walking.spi.MetamodelGraphWalker - Visiting attribute path : views
15:04:39.411 [main] DEBUG org.hibernate.loader.plan.build.internal.FetchStyleLoadPlanBuildingAssociationVisitationStrategy - Building LoadPlan...
15:04:39.411 [main] DEBUG org.hibernate.loader.plan.exec.internal.LoadQueryJoinAndFetchProcessor - processing queryspace <gen:0>
15:04:39.412 [main] DEBUG org.hibernate.loader.plan.build.spi.LoadPlanTreePrinter - LoadPlan(entity=org.reverside.bootcamp.ubereats.dto.Product)
    - Returns
       - EntityReturnImpl(entity=org.reverside.bootcamp.ubereats.dto.Product, querySpaceUid=<gen:0>, path=org.reverside.bootcamp.ubereats.dto.Product)
    - QuerySpaces
       - EntityQuerySpaceImpl(uid=<gen:0>, entity=org.reverside.bootcamp.ubereats.dto.Product)
          - SQL table alias mapping - product0_
          - alias suffix - 0_
          - suffixed key columns - {id1_5_0_}

15:04:39.412 [main] DEBUG org.hibernate.loader.entity.plan.EntityLoader - Static select for entity org.reverside.bootcamp.ubereats.dto.Product [READ]: select product0_.id as id1_5_0_, product0_.is_active as is_activ2_5_0_, product0_.category_id as category3_5_0_, product0_.code as code4_5_0_, product0_.description as descript5_5_0_, product0_.image_url as image_ur6_5_0_, product0_.menu_id as menu_id7_5_0_, product0_.name as name8_5_0_, product0_.purchases as purchase9_5_0_, product0_.unit_price as unit_pr10_5_0_, product0_.views as views11_5_0_ from Product product0_ where product0_.id=?
15:04:39.412 [main] DEBUG org.hibernate.loader.plan.build.internal.spaces.QuerySpacesImpl - Adding QuerySpace : uid = <gen:0> -> org.hibernate.loader.plan.build.internal.spaces.EntityQuerySpaceImpl@106d77da]
15:04:39.412 [main] DEBUG org.hibernate.persister.walking.spi.MetamodelGraphWalker - Visiting attribute path : active
15:04:39.412 [main] DEBUG org.hibernate.persister.walking.spi.MetamodelGraphWalker - Visiting attribute path : categoryId
15:04:39.412 [main] DEBUG org.hibernate.persister.walking.spi.MetamodelGraphWalker - Visiting attribute path : code
15:04:39.412 [main] DEBUG org.hibernate.persister.walking.spi.MetamodelGraphWalker - Visiting attribute path : description
15:04:39.412 [main] DEBUG org.hibernate.persister.walking.spi.MetamodelGraphWalker - Visiting attribute path : imageUrl
15:04:39.412 [main] DEBUG org.hibernate.persister.walking.spi.MetamodelGraphWalker - Visiting attribute path : menuId
15:04:39.412 [main] DEBUG org.hibernate.persister.walking.spi.MetamodelGraphWalker - Visiting attribute path : name
15:04:39.413 [main] DEBUG org.hibernate.persister.walking.spi.MetamodelGraphWalker - Visiting attribute path : purchases
15:04:39.413 [main] DEBUG org.hibernate.persister.walking.spi.MetamodelGraphWalker - Visiting attribute path : unitPrice
15:04:39.413 [main] DEBUG org.hibernate.persister.walking.spi.MetamodelGraphWalker - Visiting attribute path : views
15:04:39.413 [main] DEBUG org.hibernate.loader.plan.build.internal.FetchStyleLoadPlanBuildingAssociationVisitationStrategy - Building LoadPlan...
15:04:39.414 [main] DEBUG org.hibernate.loader.plan.exec.internal.LoadQueryJoinAndFetchProcessor - processing queryspace <gen:0>
15:04:39.414 [main] DEBUG org.hibernate.loader.plan.build.spi.LoadPlanTreePrinter - LoadPlan(entity=org.reverside.bootcamp.ubereats.dto.Product)
    - Returns
       - EntityReturnImpl(entity=org.reverside.bootcamp.ubereats.dto.Product, querySpaceUid=<gen:0>, path=org.reverside.bootcamp.ubereats.dto.Product)
    - QuerySpaces
       - EntityQuerySpaceImpl(uid=<gen:0>, entity=org.reverside.bootcamp.ubereats.dto.Product)
          - SQL table alias mapping - product0_
          - alias suffix - 0_
          - suffixed key columns - {id1_5_0_}

15:04:39.414 [main] DEBUG org.hibernate.loader.entity.plan.EntityLoader - Static select for entity org.reverside.bootcamp.ubereats.dto.Product [UPGRADE]: select product0_.id as id1_5_0_, product0_.is_active as is_activ2_5_0_, product0_.category_id as category3_5_0_, product0_.code as code4_5_0_, product0_.description as descript5_5_0_, product0_.image_url as image_ur6_5_0_, product0_.menu_id as menu_id7_5_0_, product0_.name as name8_5_0_, product0_.purchases as purchase9_5_0_, product0_.unit_price as unit_pr10_5_0_, product0_.views as views11_5_0_ from Product product0_ where product0_.id=? for update
15:04:39.414 [main] DEBUG org.hibernate.loader.plan.build.internal.spaces.QuerySpacesImpl - Adding QuerySpace : uid = <gen:0> -> org.hibernate.loader.plan.build.internal.spaces.EntityQuerySpaceImpl@5114b7c7]
15:04:39.415 [main] DEBUG org.hibernate.persister.walking.spi.MetamodelGraphWalker - Visiting attribute path : active
15:04:39.415 [main] DEBUG org.hibernate.persister.walking.spi.MetamodelGraphWalker - Visiting attribute path : categoryId
15:04:39.415 [main] DEBUG org.hibernate.persister.walking.spi.MetamodelGraphWalker - Visiting attribute path : code
15:04:39.415 [main] DEBUG org.hibernate.persister.walking.spi.MetamodelGraphWalker - Visiting attribute path : description
15:04:39.415 [main] DEBUG org.hibernate.persister.walking.spi.MetamodelGraphWalker - Visiting attribute path : imageUrl
15:04:39.415 [main] DEBUG org.hibernate.persister.walking.spi.MetamodelGraphWalker - Visiting attribute path : menuId
15:04:39.415 [main] DEBUG org.hibernate.persister.walking.spi.MetamodelGraphWalker - Visiting attribute path : name
15:04:39.415 [main] DEBUG org.hibernate.persister.walking.spi.MetamodelGraphWalker - Visiting attribute path : purchases
15:04:39.415 [main] DEBUG org.hibernate.persister.walking.spi.MetamodelGraphWalker - Visiting attribute path : unitPrice
15:04:39.415 [main] DEBUG org.hibernate.persister.walking.spi.MetamodelGraphWalker - Visiting attribute path : views
15:04:39.415 [main] DEBUG org.hibernate.loader.plan.build.internal.FetchStyleLoadPlanBuildingAssociationVisitationStrategy - Building LoadPlan...
15:04:39.416 [main] DEBUG org.hibernate.loader.plan.exec.internal.LoadQueryJoinAndFetchProcessor - processing queryspace <gen:0>
15:04:39.416 [main] DEBUG org.hibernate.loader.plan.build.spi.LoadPlanTreePrinter - LoadPlan(entity=org.reverside.bootcamp.ubereats.dto.Product)
    - Returns
       - EntityReturnImpl(entity=org.reverside.bootcamp.ubereats.dto.Product, querySpaceUid=<gen:0>, path=org.reverside.bootcamp.ubereats.dto.Product)
    - QuerySpaces
       - EntityQuerySpaceImpl(uid=<gen:0>, entity=org.reverside.bootcamp.ubereats.dto.Product)
          - SQL table alias mapping - product0_
          - alias suffix - 0_
          - suffixed key columns - {id1_5_0_}

15:04:39.416 [main] DEBUG org.hibernate.loader.entity.plan.EntityLoader - Static select for entity org.reverside.bootcamp.ubereats.dto.Product [UPGRADE_NOWAIT]: select product0_.id as id1_5_0_, product0_.is_active as is_activ2_5_0_, product0_.category_id as category3_5_0_, product0_.code as code4_5_0_, product0_.description as descript5_5_0_, product0_.image_url as image_ur6_5_0_, product0_.menu_id as menu_id7_5_0_, product0_.name as name8_5_0_, product0_.purchases as purchase9_5_0_, product0_.unit_price as unit_pr10_5_0_, product0_.views as views11_5_0_ from Product product0_ where product0_.id=? for update
15:04:39.417 [main] DEBUG org.hibernate.loader.plan.build.internal.spaces.QuerySpacesImpl - Adding QuerySpace : uid = <gen:0> -> org.hibernate.loader.plan.build.internal.spaces.EntityQuerySpaceImpl@767f6ee7]
15:04:39.417 [main] DEBUG org.hibernate.persister.walking.spi.MetamodelGraphWalker - Visiting attribute path : active
15:04:39.417 [main] DEBUG org.hibernate.persister.walking.spi.MetamodelGraphWalker - Visiting attribute path : categoryId
15:04:39.417 [main] DEBUG org.hibernate.persister.walking.spi.MetamodelGraphWalker - Visiting attribute path : code
15:04:39.417 [main] DEBUG org.hibernate.persister.walking.spi.MetamodelGraphWalker - Visiting attribute path : description
15:04:39.417 [main] DEBUG org.hibernate.persister.walking.spi.MetamodelGraphWalker - Visiting attribute path : imageUrl
15:04:39.417 [main] DEBUG org.hibernate.persister.walking.spi.MetamodelGraphWalker - Visiting attribute path : menuId
15:04:39.417 [main] DEBUG org.hibernate.persister.walking.spi.MetamodelGraphWalker - Visiting attribute path : name
15:04:39.417 [main] DEBUG org.hibernate.persister.walking.spi.MetamodelGraphWalker - Visiting attribute path : purchases
15:04:39.417 [main] DEBUG org.hibernate.persister.walking.spi.MetamodelGraphWalker - Visiting attribute path : unitPrice
15:04:39.417 [main] DEBUG org.hibernate.persister.walking.spi.MetamodelGraphWalker - Visiting attribute path : views
15:04:39.417 [main] DEBUG org.hibernate.loader.plan.build.internal.FetchStyleLoadPlanBuildingAssociationVisitationStrategy - Building LoadPlan...
15:04:39.418 [main] DEBUG org.hibernate.loader.plan.exec.internal.LoadQueryJoinAndFetchProcessor - processing queryspace <gen:0>
15:04:39.418 [main] DEBUG org.hibernate.loader.plan.build.spi.LoadPlanTreePrinter - LoadPlan(entity=org.reverside.bootcamp.ubereats.dto.Product)
    - Returns
       - EntityReturnImpl(entity=org.reverside.bootcamp.ubereats.dto.Product, querySpaceUid=<gen:0>, path=org.reverside.bootcamp.ubereats.dto.Product)
    - QuerySpaces
       - EntityQuerySpaceImpl(uid=<gen:0>, entity=org.reverside.bootcamp.ubereats.dto.Product)
          - SQL table alias mapping - product0_
          - alias suffix - 0_
          - suffixed key columns - {id1_5_0_}

15:04:39.419 [main] DEBUG org.hibernate.loader.entity.plan.EntityLoader - Static select for entity org.reverside.bootcamp.ubereats.dto.Product [UPGRADE_SKIPLOCKED]: select product0_.id as id1_5_0_, product0_.is_active as is_activ2_5_0_, product0_.category_id as category3_5_0_, product0_.code as code4_5_0_, product0_.description as descript5_5_0_, product0_.image_url as image_ur6_5_0_, product0_.menu_id as menu_id7_5_0_, product0_.name as name8_5_0_, product0_.purchases as purchase9_5_0_, product0_.unit_price as unit_pr10_5_0_, product0_.views as views11_5_0_ from Product product0_ where product0_.id=? for update
15:04:39.419 [main] DEBUG org.hibernate.loader.plan.build.internal.spaces.QuerySpacesImpl - Adding QuerySpace : uid = <gen:0> -> org.hibernate.loader.plan.build.internal.spaces.EntityQuerySpaceImpl@f324455]
15:04:39.419 [main] DEBUG org.hibernate.persister.walking.spi.MetamodelGraphWalker - Visiting attribute path : active
15:04:39.419 [main] DEBUG org.hibernate.persister.walking.spi.MetamodelGraphWalker - Visiting attribute path : categoryId
15:04:39.419 [main] DEBUG org.hibernate.persister.walking.spi.MetamodelGraphWalker - Visiting attribute path : code
15:04:39.419 [main] DEBUG org.hibernate.persister.walking.spi.MetamodelGraphWalker - Visiting attribute path : description
15:04:39.419 [main] DEBUG org.hibernate.persister.walking.spi.MetamodelGraphWalker - Visiting attribute path : imageUrl
15:04:39.419 [main] DEBUG org.hibernate.persister.walking.spi.MetamodelGraphWalker - Visiting attribute path : menuId
15:04:39.419 [main] DEBUG org.hibernate.persister.walking.spi.MetamodelGraphWalker - Visiting attribute path : name
15:04:39.419 [main] DEBUG org.hibernate.persister.walking.spi.MetamodelGraphWalker - Visiting attribute path : purchases
15:04:39.419 [main] DEBUG org.hibernate.persister.walking.spi.MetamodelGraphWalker - Visiting attribute path : unitPrice
15:04:39.419 [main] DEBUG org.hibernate.persister.walking.spi.MetamodelGraphWalker - Visiting attribute path : views
15:04:39.420 [main] DEBUG org.hibernate.loader.plan.build.internal.FetchStyleLoadPlanBuildingAssociationVisitationStrategy - Building LoadPlan...
15:04:39.420 [main] DEBUG org.hibernate.loader.plan.exec.internal.LoadQueryJoinAndFetchProcessor - processing queryspace <gen:0>
15:04:39.421 [main] DEBUG org.hibernate.loader.plan.build.spi.LoadPlanTreePrinter - LoadPlan(entity=org.reverside.bootcamp.ubereats.dto.Product)
    - Returns
       - EntityReturnImpl(entity=org.reverside.bootcamp.ubereats.dto.Product, querySpaceUid=<gen:0>, path=org.reverside.bootcamp.ubereats.dto.Product)
    - QuerySpaces
       - EntityQuerySpaceImpl(uid=<gen:0>, entity=org.reverside.bootcamp.ubereats.dto.Product)
          - SQL table alias mapping - product0_
          - alias suffix - 0_
          - suffixed key columns - {id1_5_0_}

15:04:39.421 [main] DEBUG org.hibernate.loader.entity.plan.EntityLoader - Static select for entity org.reverside.bootcamp.ubereats.dto.Product [FORCE]: select product0_.id as id1_5_0_, product0_.is_active as is_activ2_5_0_, product0_.category_id as category3_5_0_, product0_.code as code4_5_0_, product0_.description as descript5_5_0_, product0_.image_url as image_ur6_5_0_, product0_.menu_id as menu_id7_5_0_, product0_.name as name8_5_0_, product0_.purchases as purchase9_5_0_, product0_.unit_price as unit_pr10_5_0_, product0_.views as views11_5_0_ from Product product0_ where product0_.id=? for update
15:04:39.421 [main] DEBUG org.hibernate.loader.plan.build.internal.spaces.QuerySpacesImpl - Adding QuerySpace : uid = <gen:0> -> org.hibernate.loader.plan.build.internal.spaces.EntityQuerySpaceImpl@370c1968]
15:04:39.421 [main] DEBUG org.hibernate.persister.walking.spi.MetamodelGraphWalker - Visiting attribute path : active
15:04:39.421 [main] DEBUG org.hibernate.persister.walking.spi.MetamodelGraphWalker - Visiting attribute path : categoryId
15:04:39.421 [main] DEBUG org.hibernate.persister.walking.spi.MetamodelGraphWalker - Visiting attribute path : code
15:04:39.421 [main] DEBUG org.hibernate.persister.walking.spi.MetamodelGraphWalker - Visiting attribute path : description
15:04:39.421 [main] DEBUG org.hibernate.persister.walking.spi.MetamodelGraphWalker - Visiting attribute path : imageUrl
15:04:39.421 [main] DEBUG org.hibernate.persister.walking.spi.MetamodelGraphWalker - Visiting attribute path : menuId
15:04:39.421 [main] DEBUG org.hibernate.persister.walking.spi.MetamodelGraphWalker - Visiting attribute path : name
15:04:39.421 [main] DEBUG org.hibernate.persister.walking.spi.MetamodelGraphWalker - Visiting attribute path : purchases
15:04:39.421 [main] DEBUG org.hibernate.persister.walking.spi.MetamodelGraphWalker - Visiting attribute path : unitPrice
15:04:39.421 [main] DEBUG org.hibernate.persister.walking.spi.MetamodelGraphWalker - Visiting attribute path : views
15:04:39.421 [main] DEBUG org.hibernate.loader.plan.build.internal.FetchStyleLoadPlanBuildingAssociationVisitationStrategy - Building LoadPlan...
15:04:39.422 [main] DEBUG org.hibernate.loader.plan.exec.internal.LoadQueryJoinAndFetchProcessor - processing queryspace <gen:0>
15:04:39.422 [main] DEBUG org.hibernate.loader.plan.build.spi.LoadPlanTreePrinter - LoadPlan(entity=org.reverside.bootcamp.ubereats.dto.Product)
    - Returns
       - EntityReturnImpl(entity=org.reverside.bootcamp.ubereats.dto.Product, querySpaceUid=<gen:0>, path=org.reverside.bootcamp.ubereats.dto.Product)
    - QuerySpaces
       - EntityQuerySpaceImpl(uid=<gen:0>, entity=org.reverside.bootcamp.ubereats.dto.Product)
          - SQL table alias mapping - product0_
          - alias suffix - 0_
          - suffixed key columns - {id1_5_0_}

15:04:39.422 [main] DEBUG org.hibernate.loader.entity.plan.EntityLoader - Static select for entity org.reverside.bootcamp.ubereats.dto.Product [PESSIMISTIC_READ]: select product0_.id as id1_5_0_, product0_.is_active as is_activ2_5_0_, product0_.category_id as category3_5_0_, product0_.code as code4_5_0_, product0_.description as descript5_5_0_, product0_.image_url as image_ur6_5_0_, product0_.menu_id as menu_id7_5_0_, product0_.name as name8_5_0_, product0_.purchases as purchase9_5_0_, product0_.unit_price as unit_pr10_5_0_, product0_.views as views11_5_0_ from Product product0_ where product0_.id=? for update
15:04:39.422 [main] DEBUG org.hibernate.loader.plan.build.internal.spaces.QuerySpacesImpl - Adding QuerySpace : uid = <gen:0> -> org.hibernate.loader.plan.build.internal.spaces.EntityQuerySpaceImpl@3206174f]
15:04:39.423 [main] DEBUG org.hibernate.persister.walking.spi.MetamodelGraphWalker - Visiting attribute path : active
15:04:39.423 [main] DEBUG org.hibernate.persister.walking.spi.MetamodelGraphWalker - Visiting attribute path : categoryId
15:04:39.423 [main] DEBUG org.hibernate.persister.walking.spi.MetamodelGraphWalker - Visiting attribute path : code
15:04:39.423 [main] DEBUG org.hibernate.persister.walking.spi.MetamodelGraphWalker - Visiting attribute path : description
15:04:39.423 [main] DEBUG org.hibernate.persister.walking.spi.MetamodelGraphWalker - Visiting attribute path : imageUrl
15:04:39.423 [main] DEBUG org.hibernate.persister.walking.spi.MetamodelGraphWalker - Visiting attribute path : menuId
15:04:39.423 [main] DEBUG org.hibernate.persister.walking.spi.MetamodelGraphWalker - Visiting attribute path : name
15:04:39.423 [main] DEBUG org.hibernate.persister.walking.spi.MetamodelGraphWalker - Visiting attribute path : purchases
15:04:39.423 [main] DEBUG org.hibernate.persister.walking.spi.MetamodelGraphWalker - Visiting attribute path : unitPrice
15:04:39.423 [main] DEBUG org.hibernate.persister.walking.spi.MetamodelGraphWalker - Visiting attribute path : views
15:04:39.423 [main] DEBUG org.hibernate.loader.plan.build.internal.FetchStyleLoadPlanBuildingAssociationVisitationStrategy - Building LoadPlan...
15:04:39.423 [main] DEBUG org.hibernate.loader.plan.exec.internal.LoadQueryJoinAndFetchProcessor - processing queryspace <gen:0>
15:04:39.424 [main] DEBUG org.hibernate.loader.plan.build.spi.LoadPlanTreePrinter - LoadPlan(entity=org.reverside.bootcamp.ubereats.dto.Product)
    - Returns
       - EntityReturnImpl(entity=org.reverside.bootcamp.ubereats.dto.Product, querySpaceUid=<gen:0>, path=org.reverside.bootcamp.ubereats.dto.Product)
    - QuerySpaces
       - EntityQuerySpaceImpl(uid=<gen:0>, entity=org.reverside.bootcamp.ubereats.dto.Product)
          - SQL table alias mapping - product0_
          - alias suffix - 0_
          - suffixed key columns - {id1_5_0_}

15:04:39.424 [main] DEBUG org.hibernate.loader.entity.plan.EntityLoader - Static select for entity org.reverside.bootcamp.ubereats.dto.Product [PESSIMISTIC_WRITE]: select product0_.id as id1_5_0_, product0_.is_active as is_activ2_5_0_, product0_.category_id as category3_5_0_, product0_.code as code4_5_0_, product0_.description as descript5_5_0_, product0_.image_url as image_ur6_5_0_, product0_.menu_id as menu_id7_5_0_, product0_.name as name8_5_0_, product0_.purchases as purchase9_5_0_, product0_.unit_price as unit_pr10_5_0_, product0_.views as views11_5_0_ from Product product0_ where product0_.id=? for update
15:04:39.424 [main] DEBUG org.hibernate.loader.plan.build.internal.spaces.QuerySpacesImpl - Adding QuerySpace : uid = <gen:0> -> org.hibernate.loader.plan.build.internal.spaces.EntityQuerySpaceImpl@15eb0ae9]
15:04:39.424 [main] DEBUG org.hibernate.persister.walking.spi.MetamodelGraphWalker - Visiting attribute path : active
15:04:39.424 [main] DEBUG org.hibernate.persister.walking.spi.MetamodelGraphWalker - Visiting attribute path : categoryId
15:04:39.424 [main] DEBUG org.hibernate.persister.walking.spi.MetamodelGraphWalker - Visiting attribute path : code
15:04:39.424 [main] DEBUG org.hibernate.persister.walking.spi.MetamodelGraphWalker - Visiting attribute path : description
15:04:39.424 [main] DEBUG org.hibernate.persister.walking.spi.MetamodelGraphWalker - Visiting attribute path : imageUrl
15:04:39.424 [main] DEBUG org.hibernate.persister.walking.spi.MetamodelGraphWalker - Visiting attribute path : menuId
15:04:39.424 [main] DEBUG org.hibernate.persister.walking.spi.MetamodelGraphWalker - Visiting attribute path : name
15:04:39.424 [main] DEBUG org.hibernate.persister.walking.spi.MetamodelGraphWalker - Visiting attribute path : purchases
15:04:39.424 [main] DEBUG org.hibernate.persister.walking.spi.MetamodelGraphWalker - Visiting attribute path : unitPrice
15:04:39.425 [main] DEBUG org.hibernate.persister.walking.spi.MetamodelGraphWalker - Visiting attribute path : views
15:04:39.425 [main] DEBUG org.hibernate.loader.plan.build.internal.FetchStyleLoadPlanBuildingAssociationVisitationStrategy - Building LoadPlan...
15:04:39.425 [main] DEBUG org.hibernate.loader.plan.exec.internal.LoadQueryJoinAndFetchProcessor - processing queryspace <gen:0>
15:04:39.429 [main] DEBUG org.hibernate.loader.plan.build.spi.LoadPlanTreePrinter - LoadPlan(entity=org.reverside.bootcamp.ubereats.dto.Product)
    - Returns
       - EntityReturnImpl(entity=org.reverside.bootcamp.ubereats.dto.Product, querySpaceUid=<gen:0>, path=org.reverside.bootcamp.ubereats.dto.Product)
    - QuerySpaces
       - EntityQuerySpaceImpl(uid=<gen:0>, entity=org.reverside.bootcamp.ubereats.dto.Product)
          - SQL table alias mapping - product0_
          - alias suffix - 0_
          - suffixed key columns - {id1_5_0_}

15:04:39.429 [main] DEBUG org.hibernate.loader.entity.plan.EntityLoader - Static select for entity org.reverside.bootcamp.ubereats.dto.Product [PESSIMISTIC_FORCE_INCREMENT]: select product0_.id as id1_5_0_, product0_.is_active as is_activ2_5_0_, product0_.category_id as category3_5_0_, product0_.code as code4_5_0_, product0_.description as descript5_5_0_, product0_.image_url as image_ur6_5_0_, product0_.menu_id as menu_id7_5_0_, product0_.name as name8_5_0_, product0_.purchases as purchase9_5_0_, product0_.unit_price as unit_pr10_5_0_, product0_.views as views11_5_0_ from Product product0_ where product0_.id=? for update
15:04:39.429 [main] DEBUG org.hibernate.loader.plan.build.internal.spaces.QuerySpacesImpl - Adding QuerySpace : uid = <gen:0> -> org.hibernate.loader.plan.build.internal.spaces.EntityQuerySpaceImpl@67de7a99]
15:04:39.430 [main] DEBUG org.hibernate.persister.walking.spi.MetamodelGraphWalker - Visiting attribute path : active
15:04:39.430 [main] DEBUG org.hibernate.persister.walking.spi.MetamodelGraphWalker - Visiting attribute path : categoryId
15:04:39.430 [main] DEBUG org.hibernate.persister.walking.spi.MetamodelGraphWalker - Visiting attribute path : code
15:04:39.430 [main] DEBUG org.hibernate.persister.walking.spi.MetamodelGraphWalker - Visiting attribute path : description
15:04:39.430 [main] DEBUG org.hibernate.persister.walking.spi.MetamodelGraphWalker - Visiting attribute path : imageUrl
15:04:39.430 [main] DEBUG org.hibernate.persister.walking.spi.MetamodelGraphWalker - Visiting attribute path : menuId
15:04:39.431 [main] DEBUG org.hibernate.persister.walking.spi.MetamodelGraphWalker - Visiting attribute path : name
15:04:39.431 [main] DEBUG org.hibernate.persister.walking.spi.MetamodelGraphWalker - Visiting attribute path : purchases
15:04:39.431 [main] DEBUG org.hibernate.persister.walking.spi.MetamodelGraphWalker - Visiting attribute path : unitPrice
15:04:39.431 [main] DEBUG org.hibernate.persister.walking.spi.MetamodelGraphWalker - Visiting attribute path : views
15:04:39.431 [main] DEBUG org.hibernate.loader.plan.build.internal.FetchStyleLoadPlanBuildingAssociationVisitationStrategy - Building LoadPlan...
15:04:39.431 [main] DEBUG org.hibernate.loader.plan.exec.internal.LoadQueryJoinAndFetchProcessor - processing queryspace <gen:0>
15:04:39.432 [main] DEBUG org.hibernate.loader.plan.build.spi.LoadPlanTreePrinter - LoadPlan(entity=org.reverside.bootcamp.ubereats.dto.Product)
    - Returns
       - EntityReturnImpl(entity=org.reverside.bootcamp.ubereats.dto.Product, querySpaceUid=<gen:0>, path=org.reverside.bootcamp.ubereats.dto.Product)
    - QuerySpaces
       - EntityQuerySpaceImpl(uid=<gen:0>, entity=org.reverside.bootcamp.ubereats.dto.Product)
          - SQL table alias mapping - product0_
          - alias suffix - 0_
          - suffixed key columns - {id1_5_0_}

15:04:39.432 [main] DEBUG org.hibernate.loader.entity.plan.EntityLoader - Static select for entity org.reverside.bootcamp.ubereats.dto.Product [OPTIMISTIC]: select product0_.id as id1_5_0_, product0_.is_active as is_activ2_5_0_, product0_.category_id as category3_5_0_, product0_.code as code4_5_0_, product0_.description as descript5_5_0_, product0_.image_url as image_ur6_5_0_, product0_.menu_id as menu_id7_5_0_, product0_.name as name8_5_0_, product0_.purchases as purchase9_5_0_, product0_.unit_price as unit_pr10_5_0_, product0_.views as views11_5_0_ from Product product0_ where product0_.id=?
15:04:39.432 [main] DEBUG org.hibernate.loader.plan.build.internal.spaces.QuerySpacesImpl - Adding QuerySpace : uid = <gen:0> -> org.hibernate.loader.plan.build.internal.spaces.EntityQuerySpaceImpl@34aeacd1]
15:04:39.432 [main] DEBUG org.hibernate.persister.walking.spi.MetamodelGraphWalker - Visiting attribute path : active
15:04:39.432 [main] DEBUG org.hibernate.persister.walking.spi.MetamodelGraphWalker - Visiting attribute path : categoryId
15:04:39.432 [main] DEBUG org.hibernate.persister.walking.spi.MetamodelGraphWalker - Visiting attribute path : code
15:04:39.432 [main] DEBUG org.hibernate.persister.walking.spi.MetamodelGraphWalker - Visiting attribute path : description
15:04:39.432 [main] DEBUG org.hibernate.persister.walking.spi.MetamodelGraphWalker - Visiting attribute path : imageUrl
15:04:39.432 [main] DEBUG org.hibernate.persister.walking.spi.MetamodelGraphWalker - Visiting attribute path : menuId
15:04:39.432 [main] DEBUG org.hibernate.persister.walking.spi.MetamodelGraphWalker - Visiting attribute path : name
15:04:39.432 [main] DEBUG org.hibernate.persister.walking.spi.MetamodelGraphWalker - Visiting attribute path : purchases
15:04:39.433 [main] DEBUG org.hibernate.persister.walking.spi.MetamodelGraphWalker - Visiting attribute path : unitPrice
15:04:39.433 [main] DEBUG org.hibernate.persister.walking.spi.MetamodelGraphWalker - Visiting attribute path : views
15:04:39.433 [main] DEBUG org.hibernate.loader.plan.build.internal.FetchStyleLoadPlanBuildingAssociationVisitationStrategy - Building LoadPlan...
15:04:39.433 [main] DEBUG org.hibernate.loader.plan.exec.internal.LoadQueryJoinAndFetchProcessor - processing queryspace <gen:0>
15:04:39.433 [main] DEBUG org.hibernate.loader.plan.build.spi.LoadPlanTreePrinter - LoadPlan(entity=org.reverside.bootcamp.ubereats.dto.Product)
    - Returns
       - EntityReturnImpl(entity=org.reverside.bootcamp.ubereats.dto.Product, querySpaceUid=<gen:0>, path=org.reverside.bootcamp.ubereats.dto.Product)
    - QuerySpaces
       - EntityQuerySpaceImpl(uid=<gen:0>, entity=org.reverside.bootcamp.ubereats.dto.Product)
          - SQL table alias mapping - product0_
          - alias suffix - 0_
          - suffixed key columns - {id1_5_0_}

15:04:39.434 [main] DEBUG org.hibernate.loader.entity.plan.EntityLoader - Static select for entity org.reverside.bootcamp.ubereats.dto.Product [OPTIMISTIC_FORCE_INCREMENT]: select product0_.id as id1_5_0_, product0_.is_active as is_activ2_5_0_, product0_.category_id as category3_5_0_, product0_.code as code4_5_0_, product0_.description as descript5_5_0_, product0_.image_url as image_ur6_5_0_, product0_.menu_id as menu_id7_5_0_, product0_.name as name8_5_0_, product0_.purchases as purchase9_5_0_, product0_.unit_price as unit_pr10_5_0_, product0_.views as views11_5_0_ from Product product0_ where product0_.id=?
15:04:39.434 [main] DEBUG org.hibernate.loader.Loader - Static select for action ACTION_MERGE on entity org.reverside.bootcamp.ubereats.dto.Product: select product0_.id as id1_5_0_, product0_.is_active as is_activ2_5_0_, product0_.category_id as category3_5_0_, product0_.code as code4_5_0_, product0_.description as descript5_5_0_, product0_.image_url as image_ur6_5_0_, product0_.menu_id as menu_id7_5_0_, product0_.name as name8_5_0_, product0_.purchases as purchase9_5_0_, product0_.unit_price as unit_pr10_5_0_, product0_.views as views11_5_0_ from Product product0_ where product0_.id=?
15:04:39.434 [main] DEBUG org.hibernate.loader.Loader - Static select for action ACTION_REFRESH on entity org.reverside.bootcamp.ubereats.dto.Product: select product0_.id as id1_5_0_, product0_.is_active as is_activ2_5_0_, product0_.category_id as category3_5_0_, product0_.code as code4_5_0_, product0_.description as descript5_5_0_, product0_.image_url as image_ur6_5_0_, product0_.menu_id as menu_id7_5_0_, product0_.name as name8_5_0_, product0_.purchases as purchase9_5_0_, product0_.unit_price as unit_pr10_5_0_, product0_.views as views11_5_0_ from Product product0_ where product0_.id=?
15:04:39.434 [main] DEBUG org.hibernate.persister.entity.AbstractEntityPersister - Static SQL for entity: org.reverside.bootcamp.ubereats.dto.FoodOutlet
15:04:39.435 [main] DEBUG org.hibernate.persister.entity.AbstractEntityPersister -  Version select: select email from Food_Outlet where email =?
15:04:39.435 [main] DEBUG org.hibernate.persister.entity.AbstractEntityPersister -  Snapshot select: select foodoutlet_.email, foodoutlet_.account_num as account_2_3_, foodoutlet_.is_active as is_activ3_3_, foodoutlet_.apt_suit as apt_suit4_3_, foodoutlet_.business_address as business5_3_, foodoutlet_.business_name as business6_3_, foodoutlet_.cuisine_type as cuisine_7_3_, foodoutlet_.enabled as enabled8_3_, foodoutlet_.name as name9_3_, foodoutlet_.number_of_locations as number_10_3_, foodoutlet_.password as passwor11_3_, foodoutlet_.phone_num as phone_n12_3_, foodoutlet_.recovery_response as recover13_3_, foodoutlet_.role as role14_3_, foodoutlet_.surname as surname15_3_, foodoutlet_.weekly_orders as weekly_16_3_ from Food_Outlet foodoutlet_ where foodoutlet_.email=?
15:04:39.435 [main] DEBUG org.hibernate.persister.entity.AbstractEntityPersister -  Insert 0: insert into Food_Outlet (account_num, is_active, apt_suit, business_address, business_name, cuisine_type, enabled, name, number_of_locations, password, phone_num, recovery_response, role, surname, weekly_orders, email) values (?, ?, ?, ?, ?, ?, ?, ?, ?, ?, ?, ?, ?, ?, ?, ?)
15:04:39.435 [main] DEBUG org.hibernate.persister.entity.AbstractEntityPersister -  Update 0: update Food_Outlet set account_num=?, is_active=?, apt_suit=?, business_address=?, business_name=?, cuisine_type=?, enabled=?, name=?, number_of_locations=?, password=?, phone_num=?, recovery_response=?, role=?, surname=?, weekly_orders=? where email=?
15:04:39.435 [main] DEBUG org.hibernate.persister.entity.AbstractEntityPersister -  Delete 0: delete from Food_Outlet where email=?
15:04:39.436 [main] DEBUG org.hibernate.loader.plan.build.internal.spaces.QuerySpacesImpl - Adding QuerySpace : uid = <gen:0> -> org.hibernate.loader.plan.build.internal.spaces.EntityQuerySpaceImpl@4098dd77]
15:04:39.437 [main] DEBUG org.hibernate.persister.walking.spi.MetamodelGraphWalker - Visiting attribute path : accountId
15:04:39.437 [main] DEBUG org.hibernate.persister.walking.spi.MetamodelGraphWalker - Visiting attribute path : active
15:04:39.437 [main] DEBUG org.hibernate.persister.walking.spi.MetamodelGraphWalker - Visiting attribute path : aptSuit
15:04:39.437 [main] DEBUG org.hibernate.persister.walking.spi.MetamodelGraphWalker - Visiting attribute path : businessAddress
15:04:39.437 [main] DEBUG org.hibernate.persister.walking.spi.MetamodelGraphWalker - Visiting attribute path : businessName
15:04:39.437 [main] DEBUG org.hibernate.persister.walking.spi.MetamodelGraphWalker - Visiting attribute path : cuisineType
15:04:39.437 [main] DEBUG org.hibernate.persister.walking.spi.MetamodelGraphWalker - Visiting attribute path : enabled
15:04:39.437 [main] DEBUG org.hibernate.persister.walking.spi.MetamodelGraphWalker - Visiting attribute path : name
15:04:39.438 [main] DEBUG org.hibernate.persister.walking.spi.MetamodelGraphWalker - Visiting attribute path : numberOfLocations
15:04:39.438 [main] DEBUG org.hibernate.persister.walking.spi.MetamodelGraphWalker - Visiting attribute path : password
15:04:39.438 [main] DEBUG org.hibernate.persister.walking.spi.MetamodelGraphWalker - Visiting attribute path : phoneNum
15:04:39.438 [main] DEBUG org.hibernate.persister.walking.spi.MetamodelGraphWalker - Visiting attribute path : recoveryResponse
15:04:39.438 [main] DEBUG org.hibernate.persister.walking.spi.MetamodelGraphWalker - Visiting attribute path : role
15:04:39.438 [main] DEBUG org.hibernate.persister.walking.spi.MetamodelGraphWalker - Visiting attribute path : surname
15:04:39.438 [main] DEBUG org.hibernate.persister.walking.spi.MetamodelGraphWalker - Visiting attribute path : weeklyOrders
15:04:39.438 [main] DEBUG org.hibernate.persister.walking.spi.MetamodelGraphWalker - Visiting attribute path : menu
15:04:39.439 [main] DEBUG org.hibernate.loader.plan.build.internal.spaces.QuerySpacesImpl - Adding QuerySpace : uid = <gen:1> -> org.hibernate.loader.plan.build.internal.spaces.EntityQuerySpaceImpl@2274160]
15:04:39.439 [main] DEBUG org.hibernate.persister.walking.spi.MetamodelGraphWalker - Visiting attribute path : menu.description
15:04:39.439 [main] DEBUG org.hibernate.persister.walking.spi.MetamodelGraphWalker - Visiting attribute path : menu.foodOutlet
15:04:39.439 [main] DEBUG org.hibernate.persister.walking.spi.MetamodelGraphWalker - Property path deemed to be circular : menu.foodOutlet
15:04:39.439 [main] DEBUG org.hibernate.persister.walking.spi.MetamodelGraphWalker - Visiting attribute path : menu.image_url
15:04:39.439 [main] DEBUG org.hibernate.persister.walking.spi.MetamodelGraphWalker - Visiting attribute path : menu.name
15:04:39.440 [main] DEBUG org.hibernate.loader.plan.build.internal.FetchStyleLoadPlanBuildingAssociationVisitationStrategy - Building LoadPlan...
15:04:39.442 [main] DEBUG org.hibernate.loader.plan.exec.internal.LoadQueryJoinAndFetchProcessor - processing queryspace <gen:0>
15:04:39.442 [main] DEBUG org.hibernate.loader.plan.build.spi.LoadPlanTreePrinter - LoadPlan(entity=org.reverside.bootcamp.ubereats.dto.FoodOutlet)
    - Returns
       - EntityReturnImpl(entity=org.reverside.bootcamp.ubereats.dto.FoodOutlet, querySpaceUid=<gen:0>, path=org.reverside.bootcamp.ubereats.dto.FoodOutlet)
          - EntityAttributeFetchImpl(entity=org.reverside.bootcamp.ubereats.dto.Menu, querySpaceUid=<gen:1>, path=org.reverside.bootcamp.ubereats.dto.FoodOutlet.menu)
    - QuerySpaces
       - EntityQuerySpaceImpl(uid=<gen:0>, entity=org.reverside.bootcamp.ubereats.dto.FoodOutlet)
          - SQL table alias mapping - foodoutlet0_
          - alias suffix - 0_
          - suffixed key columns - {email1_3_0_}
          - JOIN (JoinDefinedByMetadata(menu)) : <gen:0> -> <gen:1>
             - EntityQuerySpaceImpl(uid=<gen:1>, entity=org.reverside.bootcamp.ubereats.dto.Menu)
                - SQL table alias mapping - menu1_
                - alias suffix - 1_
                - suffixed key columns - {id1_4_1_}

15:04:39.443 [main] DEBUG org.hibernate.loader.entity.plan.EntityLoader - Static select for entity org.reverside.bootcamp.ubereats.dto.FoodOutlet [NONE]: select foodoutlet0_.email as email1_3_0_, foodoutlet0_.account_num as account_2_3_0_, foodoutlet0_.is_active as is_activ3_3_0_, foodoutlet0_.apt_suit as apt_suit4_3_0_, foodoutlet0_.business_address as business5_3_0_, foodoutlet0_.business_name as business6_3_0_, foodoutlet0_.cuisine_type as cuisine_7_3_0_, foodoutlet0_.enabled as enabled8_3_0_, foodoutlet0_.name as name9_3_0_, foodoutlet0_.number_of_locations as number_10_3_0_, foodoutlet0_.password as passwor11_3_0_, foodoutlet0_.phone_num as phone_n12_3_0_, foodoutlet0_.recovery_response as recover13_3_0_, foodoutlet0_.role as role14_3_0_, foodoutlet0_.surname as surname15_3_0_, foodoutlet0_.weekly_orders as weekly_16_3_0_, menu1_.id as id1_4_1_, menu1_.description as descript2_4_1_, menu1_.foodOutlet_email as foodOutl5_4_1_, menu1_.image_url as image_ur3_4_1_, menu1_.name as name4_4_1_ from Food_Outlet foodoutlet0_ left outer join Menu menu1_ on foodoutlet0_.email=menu1_.foodOutlet_email where foodoutlet0_.email=?
15:04:39.443 [main] DEBUG org.hibernate.loader.plan.build.internal.spaces.QuerySpacesImpl - Adding QuerySpace : uid = <gen:0> -> org.hibernate.loader.plan.build.internal.spaces.EntityQuerySpaceImpl@63cd2cd2]
15:04:39.443 [main] DEBUG org.hibernate.persister.walking.spi.MetamodelGraphWalker - Visiting attribute path : accountId
15:04:39.443 [main] DEBUG org.hibernate.persister.walking.spi.MetamodelGraphWalker - Visiting attribute path : active
15:04:39.443 [main] DEBUG org.hibernate.persister.walking.spi.MetamodelGraphWalker - Visiting attribute path : aptSuit
15:04:39.443 [main] DEBUG org.hibernate.persister.walking.spi.MetamodelGraphWalker - Visiting attribute path : businessAddress
15:04:39.443 [main] DEBUG org.hibernate.persister.walking.spi.MetamodelGraphWalker - Visiting attribute path : businessName
15:04:39.443 [main] DEBUG org.hibernate.persister.walking.spi.MetamodelGraphWalker - Visiting attribute path : cuisineType
15:04:39.443 [main] DEBUG org.hibernate.persister.walking.spi.MetamodelGraphWalker - Visiting attribute path : enabled
15:04:39.443 [main] DEBUG org.hibernate.persister.walking.spi.MetamodelGraphWalker - Visiting attribute path : name
15:04:39.443 [main] DEBUG org.hibernate.persister.walking.spi.MetamodelGraphWalker - Visiting attribute path : numberOfLocations
15:04:39.443 [main] DEBUG org.hibernate.persister.walking.spi.MetamodelGraphWalker - Visiting attribute path : password
15:04:39.443 [main] DEBUG org.hibernate.persister.walking.spi.MetamodelGraphWalker - Visiting attribute path : phoneNum
15:04:39.443 [main] DEBUG org.hibernate.persister.walking.spi.MetamodelGraphWalker - Visiting attribute path : recoveryResponse
15:04:39.443 [main] DEBUG org.hibernate.persister.walking.spi.MetamodelGraphWalker - Visiting attribute path : role
15:04:39.443 [main] DEBUG org.hibernate.persister.walking.spi.MetamodelGraphWalker - Visiting attribute path : surname
15:04:39.443 [main] DEBUG org.hibernate.persister.walking.spi.MetamodelGraphWalker - Visiting attribute path : weeklyOrders
15:04:39.443 [main] DEBUG org.hibernate.persister.walking.spi.MetamodelGraphWalker - Visiting attribute path : menu
15:04:39.444 [main] DEBUG org.hibernate.loader.plan.build.internal.spaces.QuerySpacesImpl - Adding QuerySpace : uid = <gen:1> -> org.hibernate.loader.plan.build.internal.spaces.EntityQuerySpaceImpl@6deee370]
15:04:39.444 [main] DEBUG org.hibernate.persister.walking.spi.MetamodelGraphWalker - Visiting attribute path : menu.description
15:04:39.444 [main] DEBUG org.hibernate.persister.walking.spi.MetamodelGraphWalker - Visiting attribute path : menu.foodOutlet
15:04:39.444 [main] DEBUG org.hibernate.persister.walking.spi.MetamodelGraphWalker - Property path deemed to be circular : menu.foodOutlet
15:04:39.444 [main] DEBUG org.hibernate.persister.walking.spi.MetamodelGraphWalker - Visiting attribute path : menu.image_url
15:04:39.444 [main] DEBUG org.hibernate.persister.walking.spi.MetamodelGraphWalker - Visiting attribute path : menu.name
15:04:39.444 [main] DEBUG org.hibernate.loader.plan.build.internal.FetchStyleLoadPlanBuildingAssociationVisitationStrategy - Building LoadPlan...
15:04:39.444 [main] DEBUG org.hibernate.loader.plan.exec.internal.LoadQueryJoinAndFetchProcessor - processing queryspace <gen:0>
15:04:39.445 [main] DEBUG org.hibernate.loader.plan.build.spi.LoadPlanTreePrinter - LoadPlan(entity=org.reverside.bootcamp.ubereats.dto.FoodOutlet)
    - Returns
       - EntityReturnImpl(entity=org.reverside.bootcamp.ubereats.dto.FoodOutlet, querySpaceUid=<gen:0>, path=org.reverside.bootcamp.ubereats.dto.FoodOutlet)
          - EntityAttributeFetchImpl(entity=org.reverside.bootcamp.ubereats.dto.Menu, querySpaceUid=<gen:1>, path=org.reverside.bootcamp.ubereats.dto.FoodOutlet.menu)
    - QuerySpaces
       - EntityQuerySpaceImpl(uid=<gen:0>, entity=org.reverside.bootcamp.ubereats.dto.FoodOutlet)
          - SQL table alias mapping - foodoutlet0_
          - alias suffix - 0_
          - suffixed key columns - {email1_3_0_}
          - JOIN (JoinDefinedByMetadata(menu)) : <gen:0> -> <gen:1>
             - EntityQuerySpaceImpl(uid=<gen:1>, entity=org.reverside.bootcamp.ubereats.dto.Menu)
                - SQL table alias mapping - menu1_
                - alias suffix - 1_
                - suffixed key columns - {id1_4_1_}

15:04:39.445 [main] DEBUG org.hibernate.loader.entity.plan.EntityLoader - Static select for entity org.reverside.bootcamp.ubereats.dto.FoodOutlet [READ]: select foodoutlet0_.email as email1_3_0_, foodoutlet0_.account_num as account_2_3_0_, foodoutlet0_.is_active as is_activ3_3_0_, foodoutlet0_.apt_suit as apt_suit4_3_0_, foodoutlet0_.business_address as business5_3_0_, foodoutlet0_.business_name as business6_3_0_, foodoutlet0_.cuisine_type as cuisine_7_3_0_, foodoutlet0_.enabled as enabled8_3_0_, foodoutlet0_.name as name9_3_0_, foodoutlet0_.number_of_locations as number_10_3_0_, foodoutlet0_.password as passwor11_3_0_, foodoutlet0_.phone_num as phone_n12_3_0_, foodoutlet0_.recovery_response as recover13_3_0_, foodoutlet0_.role as role14_3_0_, foodoutlet0_.surname as surname15_3_0_, foodoutlet0_.weekly_orders as weekly_16_3_0_, menu1_.id as id1_4_1_, menu1_.description as descript2_4_1_, menu1_.foodOutlet_email as foodOutl5_4_1_, menu1_.image_url as image_ur3_4_1_, menu1_.name as name4_4_1_ from Food_Outlet foodoutlet0_ left outer join Menu menu1_ on foodoutlet0_.email=menu1_.foodOutlet_email where foodoutlet0_.email=?
15:04:39.445 [main] DEBUG org.hibernate.loader.plan.build.internal.spaces.QuerySpacesImpl - Adding QuerySpace : uid = <gen:0> -> org.hibernate.loader.plan.build.internal.spaces.EntityQuerySpaceImpl@43e065f2]
15:04:39.445 [main] DEBUG org.hibernate.persister.walking.spi.MetamodelGraphWalker - Visiting attribute path : accountId
15:04:39.445 [main] DEBUG org.hibernate.persister.walking.spi.MetamodelGraphWalker - Visiting attribute path : active
15:04:39.445 [main] DEBUG org.hibernate.persister.walking.spi.MetamodelGraphWalker - Visiting attribute path : aptSuit
15:04:39.445 [main] DEBUG org.hibernate.persister.walking.spi.MetamodelGraphWalker - Visiting attribute path : businessAddress
15:04:39.445 [main] DEBUG org.hibernate.persister.walking.spi.MetamodelGraphWalker - Visiting attribute path : businessName
15:04:39.445 [main] DEBUG org.hibernate.persister.walking.spi.MetamodelGraphWalker - Visiting attribute path : cuisineType
15:04:39.445 [main] DEBUG org.hibernate.persister.walking.spi.MetamodelGraphWalker - Visiting attribute path : enabled
15:04:39.445 [main] DEBUG org.hibernate.persister.walking.spi.MetamodelGraphWalker - Visiting attribute path : name
15:04:39.445 [main] DEBUG org.hibernate.persister.walking.spi.MetamodelGraphWalker - Visiting attribute path : numberOfLocations
15:04:39.445 [main] DEBUG org.hibernate.persister.walking.spi.MetamodelGraphWalker - Visiting attribute path : password
15:04:39.446 [main] DEBUG org.hibernate.persister.walking.spi.MetamodelGraphWalker - Visiting attribute path : phoneNum
15:04:39.446 [main] DEBUG org.hibernate.persister.walking.spi.MetamodelGraphWalker - Visiting attribute path : recoveryResponse
15:04:39.446 [main] DEBUG org.hibernate.persister.walking.spi.MetamodelGraphWalker - Visiting attribute path : role
15:04:39.446 [main] DEBUG org.hibernate.persister.walking.spi.MetamodelGraphWalker - Visiting attribute path : surname
15:04:39.446 [main] DEBUG org.hibernate.persister.walking.spi.MetamodelGraphWalker - Visiting attribute path : weeklyOrders
15:04:39.446 [main] DEBUG org.hibernate.persister.walking.spi.MetamodelGraphWalker - Visiting attribute path : menu
15:04:39.446 [main] DEBUG org.hibernate.loader.plan.build.internal.spaces.QuerySpacesImpl - Adding QuerySpace : uid = <gen:1> -> org.hibernate.loader.plan.build.internal.spaces.EntityQuerySpaceImpl@5853ca50]
15:04:39.446 [main] DEBUG org.hibernate.loader.plan.build.internal.FetchStyleLoadPlanBuildingAssociationVisitationStrategy - Building LoadPlan...
15:04:39.446 [main] DEBUG org.hibernate.loader.plan.exec.internal.LoadQueryJoinAndFetchProcessor - processing queryspace <gen:0>
15:04:39.446 [main] DEBUG org.hibernate.loader.plan.build.spi.LoadPlanTreePrinter - LoadPlan(entity=org.reverside.bootcamp.ubereats.dto.FoodOutlet)
    - Returns
       - EntityReturnImpl(entity=org.reverside.bootcamp.ubereats.dto.FoodOutlet, querySpaceUid=<gen:0>, path=org.reverside.bootcamp.ubereats.dto.FoodOutlet)
          - EntityAttributeFetchImpl(entity=org.reverside.bootcamp.ubereats.dto.Menu, querySpaceUid=<gen:1>, path=org.reverside.bootcamp.ubereats.dto.FoodOutlet.menu)
    - QuerySpaces
       - EntityQuerySpaceImpl(uid=<gen:0>, entity=org.reverside.bootcamp.ubereats.dto.FoodOutlet)
          - SQL table alias mapping - foodoutlet0_
          - alias suffix - 0_
          - suffixed key columns - {email1_3_0_}

15:04:39.447 [main] DEBUG org.hibernate.loader.entity.plan.EntityLoader - Static select for entity org.reverside.bootcamp.ubereats.dto.FoodOutlet [UPGRADE]: select foodoutlet0_.email as email1_3_0_, foodoutlet0_.account_num as account_2_3_0_, foodoutlet0_.is_active as is_activ3_3_0_, foodoutlet0_.apt_suit as apt_suit4_3_0_, foodoutlet0_.business_address as business5_3_0_, foodoutlet0_.business_name as business6_3_0_, foodoutlet0_.cuisine_type as cuisine_7_3_0_, foodoutlet0_.enabled as enabled8_3_0_, foodoutlet0_.name as name9_3_0_, foodoutlet0_.number_of_locations as number_10_3_0_, foodoutlet0_.password as passwor11_3_0_, foodoutlet0_.phone_num as phone_n12_3_0_, foodoutlet0_.recovery_response as recover13_3_0_, foodoutlet0_.role as role14_3_0_, foodoutlet0_.surname as surname15_3_0_, foodoutlet0_.weekly_orders as weekly_16_3_0_ from Food_Outlet foodoutlet0_ where foodoutlet0_.email=? for update
15:04:39.447 [main] DEBUG org.hibernate.loader.plan.build.internal.spaces.QuerySpacesImpl - Adding QuerySpace : uid = <gen:0> -> org.hibernate.loader.plan.build.internal.spaces.EntityQuerySpaceImpl@1a0d96a5]
15:04:39.447 [main] DEBUG org.hibernate.persister.walking.spi.MetamodelGraphWalker - Visiting attribute path : accountId
15:04:39.447 [main] DEBUG org.hibernate.persister.walking.spi.MetamodelGraphWalker - Visiting attribute path : active
15:04:39.447 [main] DEBUG org.hibernate.persister.walking.spi.MetamodelGraphWalker - Visiting attribute path : aptSuit
15:04:39.447 [main] DEBUG org.hibernate.persister.walking.spi.MetamodelGraphWalker - Visiting attribute path : businessAddress
15:04:39.447 [main] DEBUG org.hibernate.persister.walking.spi.MetamodelGraphWalker - Visiting attribute path : businessName
15:04:39.447 [main] DEBUG org.hibernate.persister.walking.spi.MetamodelGraphWalker - Visiting attribute path : cuisineType
15:04:39.447 [main] DEBUG org.hibernate.persister.walking.spi.MetamodelGraphWalker - Visiting attribute path : enabled
15:04:39.447 [main] DEBUG org.hibernate.persister.walking.spi.MetamodelGraphWalker - Visiting attribute path : name
15:04:39.447 [main] DEBUG org.hibernate.persister.walking.spi.MetamodelGraphWalker - Visiting attribute path : numberOfLocations
15:04:39.447 [main] DEBUG org.hibernate.persister.walking.spi.MetamodelGraphWalker - Visiting attribute path : password
15:04:39.447 [main] DEBUG org.hibernate.persister.walking.spi.MetamodelGraphWalker - Visiting attribute path : phoneNum
15:04:39.447 [main] DEBUG org.hibernate.persister.walking.spi.MetamodelGraphWalker - Visiting attribute path : recoveryResponse
15:04:39.447 [main] DEBUG org.hibernate.persister.walking.spi.MetamodelGraphWalker - Visiting attribute path : role
15:04:39.447 [main] DEBUG org.hibernate.persister.walking.spi.MetamodelGraphWalker - Visiting attribute path : surname
15:04:39.447 [main] DEBUG org.hibernate.persister.walking.spi.MetamodelGraphWalker - Visiting attribute path : weeklyOrders
15:04:39.448 [main] DEBUG org.hibernate.persister.walking.spi.MetamodelGraphWalker - Visiting attribute path : menu
15:04:39.448 [main] DEBUG org.hibernate.loader.plan.build.internal.spaces.QuerySpacesImpl - Adding QuerySpace : uid = <gen:1> -> org.hibernate.loader.plan.build.internal.spaces.EntityQuerySpaceImpl@7a3e5cd3]
15:04:39.448 [main] DEBUG org.hibernate.loader.plan.build.internal.FetchStyleLoadPlanBuildingAssociationVisitationStrategy - Building LoadPlan...
15:04:39.448 [main] DEBUG org.hibernate.loader.plan.exec.internal.LoadQueryJoinAndFetchProcessor - processing queryspace <gen:0>
15:04:39.449 [main] DEBUG org.hibernate.loader.plan.build.spi.LoadPlanTreePrinter - LoadPlan(entity=org.reverside.bootcamp.ubereats.dto.FoodOutlet)
    - Returns
       - EntityReturnImpl(entity=org.reverside.bootcamp.ubereats.dto.FoodOutlet, querySpaceUid=<gen:0>, path=org.reverside.bootcamp.ubereats.dto.FoodOutlet)
          - EntityAttributeFetchImpl(entity=org.reverside.bootcamp.ubereats.dto.Menu, querySpaceUid=<gen:1>, path=org.reverside.bootcamp.ubereats.dto.FoodOutlet.menu)
    - QuerySpaces
       - EntityQuerySpaceImpl(uid=<gen:0>, entity=org.reverside.bootcamp.ubereats.dto.FoodOutlet)
          - SQL table alias mapping - foodoutlet0_
          - alias suffix - 0_
          - suffixed key columns - {email1_3_0_}

15:04:39.449 [main] DEBUG org.hibernate.loader.entity.plan.EntityLoader - Static select for entity org.reverside.bootcamp.ubereats.dto.FoodOutlet [UPGRADE_NOWAIT]: select foodoutlet0_.email as email1_3_0_, foodoutlet0_.account_num as account_2_3_0_, foodoutlet0_.is_active as is_activ3_3_0_, foodoutlet0_.apt_suit as apt_suit4_3_0_, foodoutlet0_.business_address as business5_3_0_, foodoutlet0_.business_name as business6_3_0_, foodoutlet0_.cuisine_type as cuisine_7_3_0_, foodoutlet0_.enabled as enabled8_3_0_, foodoutlet0_.name as name9_3_0_, foodoutlet0_.number_of_locations as number_10_3_0_, foodoutlet0_.password as passwor11_3_0_, foodoutlet0_.phone_num as phone_n12_3_0_, foodoutlet0_.recovery_response as recover13_3_0_, foodoutlet0_.role as role14_3_0_, foodoutlet0_.surname as surname15_3_0_, foodoutlet0_.weekly_orders as weekly_16_3_0_ from Food_Outlet foodoutlet0_ where foodoutlet0_.email=? for update
15:04:39.449 [main] DEBUG org.hibernate.loader.plan.build.internal.spaces.QuerySpacesImpl - Adding QuerySpace : uid = <gen:0> -> org.hibernate.loader.plan.build.internal.spaces.EntityQuerySpaceImpl@3c79088e]
15:04:39.450 [main] DEBUG org.hibernate.persister.walking.spi.MetamodelGraphWalker - Visiting attribute path : accountId
15:04:39.450 [main] DEBUG org.hibernate.persister.walking.spi.MetamodelGraphWalker - Visiting attribute path : active
15:04:39.450 [main] DEBUG org.hibernate.persister.walking.spi.MetamodelGraphWalker - Visiting attribute path : aptSuit
15:04:39.450 [main] DEBUG org.hibernate.persister.walking.spi.MetamodelGraphWalker - Visiting attribute path : businessAddress
15:04:39.450 [main] DEBUG org.hibernate.persister.walking.spi.MetamodelGraphWalker - Visiting attribute path : businessName
15:04:39.450 [main] DEBUG org.hibernate.persister.walking.spi.MetamodelGraphWalker - Visiting attribute path : cuisineType
15:04:39.450 [main] DEBUG org.hibernate.persister.walking.spi.MetamodelGraphWalker - Visiting attribute path : enabled
15:04:39.450 [main] DEBUG org.hibernate.persister.walking.spi.MetamodelGraphWalker - Visiting attribute path : name
15:04:39.450 [main] DEBUG org.hibernate.persister.walking.spi.MetamodelGraphWalker - Visiting attribute path : numberOfLocations
15:04:39.450 [main] DEBUG org.hibernate.persister.walking.spi.MetamodelGraphWalker - Visiting attribute path : password
15:04:39.451 [main] DEBUG org.hibernate.persister.walking.spi.MetamodelGraphWalker - Visiting attribute path : phoneNum
15:04:39.451 [main] DEBUG org.hibernate.persister.walking.spi.MetamodelGraphWalker - Visiting attribute path : recoveryResponse
15:04:39.451 [main] DEBUG org.hibernate.persister.walking.spi.MetamodelGraphWalker - Visiting attribute path : role
15:04:39.451 [main] DEBUG org.hibernate.persister.walking.spi.MetamodelGraphWalker - Visiting attribute path : surname
15:04:39.451 [main] DEBUG org.hibernate.persister.walking.spi.MetamodelGraphWalker - Visiting attribute path : weeklyOrders
15:04:39.451 [main] DEBUG org.hibernate.persister.walking.spi.MetamodelGraphWalker - Visiting attribute path : menu
15:04:39.451 [main] DEBUG org.hibernate.loader.plan.build.internal.spaces.QuerySpacesImpl - Adding QuerySpace : uid = <gen:1> -> org.hibernate.loader.plan.build.internal.spaces.EntityQuerySpaceImpl@5854a18]
15:04:39.451 [main] DEBUG org.hibernate.loader.plan.build.internal.FetchStyleLoadPlanBuildingAssociationVisitationStrategy - Building LoadPlan...
15:04:39.452 [main] DEBUG org.hibernate.loader.plan.exec.internal.LoadQueryJoinAndFetchProcessor - processing queryspace <gen:0>
15:04:39.452 [main] DEBUG org.hibernate.loader.plan.build.spi.LoadPlanTreePrinter - LoadPlan(entity=org.reverside.bootcamp.ubereats.dto.FoodOutlet)
    - Returns
       - EntityReturnImpl(entity=org.reverside.bootcamp.ubereats.dto.FoodOutlet, querySpaceUid=<gen:0>, path=org.reverside.bootcamp.ubereats.dto.FoodOutlet)
          - EntityAttributeFetchImpl(entity=org.reverside.bootcamp.ubereats.dto.Menu, querySpaceUid=<gen:1>, path=org.reverside.bootcamp.ubereats.dto.FoodOutlet.menu)
    - QuerySpaces
       - EntityQuerySpaceImpl(uid=<gen:0>, entity=org.reverside.bootcamp.ubereats.dto.FoodOutlet)
          - SQL table alias mapping - foodoutlet0_
          - alias suffix - 0_
          - suffixed key columns - {email1_3_0_}

15:04:39.452 [main] DEBUG org.hibernate.loader.entity.plan.EntityLoader - Static select for entity org.reverside.bootcamp.ubereats.dto.FoodOutlet [UPGRADE_SKIPLOCKED]: select foodoutlet0_.email as email1_3_0_, foodoutlet0_.account_num as account_2_3_0_, foodoutlet0_.is_active as is_activ3_3_0_, foodoutlet0_.apt_suit as apt_suit4_3_0_, foodoutlet0_.business_address as business5_3_0_, foodoutlet0_.business_name as business6_3_0_, foodoutlet0_.cuisine_type as cuisine_7_3_0_, foodoutlet0_.enabled as enabled8_3_0_, foodoutlet0_.name as name9_3_0_, foodoutlet0_.number_of_locations as number_10_3_0_, foodoutlet0_.password as passwor11_3_0_, foodoutlet0_.phone_num as phone_n12_3_0_, foodoutlet0_.recovery_response as recover13_3_0_, foodoutlet0_.role as role14_3_0_, foodoutlet0_.surname as surname15_3_0_, foodoutlet0_.weekly_orders as weekly_16_3_0_ from Food_Outlet foodoutlet0_ where foodoutlet0_.email=? for update
15:04:39.453 [main] DEBUG org.hibernate.loader.plan.build.internal.spaces.QuerySpacesImpl - Adding QuerySpace : uid = <gen:0> -> org.hibernate.loader.plan.build.internal.spaces.EntityQuerySpaceImpl@d5556bf]
15:04:39.453 [main] DEBUG org.hibernate.persister.walking.spi.MetamodelGraphWalker - Visiting attribute path : accountId
15:04:39.453 [main] DEBUG org.hibernate.persister.walking.spi.MetamodelGraphWalker - Visiting attribute path : active
15:04:39.453 [main] DEBUG org.hibernate.persister.walking.spi.MetamodelGraphWalker - Visiting attribute path : aptSuit
15:04:39.453 [main] DEBUG org.hibernate.persister.walking.spi.MetamodelGraphWalker - Visiting attribute path : businessAddress
15:04:39.453 [main] DEBUG org.hibernate.persister.walking.spi.MetamodelGraphWalker - Visiting attribute path : businessName
15:04:39.453 [main] DEBUG org.hibernate.persister.walking.spi.MetamodelGraphWalker - Visiting attribute path : cuisineType
15:04:39.453 [main] DEBUG org.hibernate.persister.walking.spi.MetamodelGraphWalker - Visiting attribute path : enabled
15:04:39.453 [main] DEBUG org.hibernate.persister.walking.spi.MetamodelGraphWalker - Visiting attribute path : name
15:04:39.453 [main] DEBUG org.hibernate.persister.walking.spi.MetamodelGraphWalker - Visiting attribute path : numberOfLocations
15:04:39.453 [main] DEBUG org.hibernate.persister.walking.spi.MetamodelGraphWalker - Visiting attribute path : password
15:04:39.453 [main] DEBUG org.hibernate.persister.walking.spi.MetamodelGraphWalker - Visiting attribute path : phoneNum
15:04:39.453 [main] DEBUG org.hibernate.persister.walking.spi.MetamodelGraphWalker - Visiting attribute path : recoveryResponse
15:04:39.453 [main] DEBUG org.hibernate.persister.walking.spi.MetamodelGraphWalker - Visiting attribute path : role
15:04:39.453 [main] DEBUG org.hibernate.persister.walking.spi.MetamodelGraphWalker - Visiting attribute path : surname
15:04:39.454 [main] DEBUG org.hibernate.persister.walking.spi.MetamodelGraphWalker - Visiting attribute path : weeklyOrders
15:04:39.454 [main] DEBUG org.hibernate.persister.walking.spi.MetamodelGraphWalker - Visiting attribute path : menu
15:04:39.454 [main] DEBUG org.hibernate.loader.plan.build.internal.spaces.QuerySpacesImpl - Adding QuerySpace : uid = <gen:1> -> org.hibernate.loader.plan.build.internal.spaces.EntityQuerySpaceImpl@b112b13]
15:04:39.454 [main] DEBUG org.hibernate.loader.plan.build.internal.FetchStyleLoadPlanBuildingAssociationVisitationStrategy - Building LoadPlan...
15:04:39.454 [main] DEBUG org.hibernate.loader.plan.exec.internal.LoadQueryJoinAndFetchProcessor - processing queryspace <gen:0>
15:04:39.455 [main] DEBUG org.hibernate.loader.plan.build.spi.LoadPlanTreePrinter - LoadPlan(entity=org.reverside.bootcamp.ubereats.dto.FoodOutlet)
    - Returns
       - EntityReturnImpl(entity=org.reverside.bootcamp.ubereats.dto.FoodOutlet, querySpaceUid=<gen:0>, path=org.reverside.bootcamp.ubereats.dto.FoodOutlet)
          - EntityAttributeFetchImpl(entity=org.reverside.bootcamp.ubereats.dto.Menu, querySpaceUid=<gen:1>, path=org.reverside.bootcamp.ubereats.dto.FoodOutlet.menu)
    - QuerySpaces
       - EntityQuerySpaceImpl(uid=<gen:0>, entity=org.reverside.bootcamp.ubereats.dto.FoodOutlet)
          - SQL table alias mapping - foodoutlet0_
          - alias suffix - 0_
          - suffixed key columns - {email1_3_0_}

15:04:39.455 [main] DEBUG org.hibernate.loader.entity.plan.EntityLoader - Static select for entity org.reverside.bootcamp.ubereats.dto.FoodOutlet [FORCE]: select foodoutlet0_.email as email1_3_0_, foodoutlet0_.account_num as account_2_3_0_, foodoutlet0_.is_active as is_activ3_3_0_, foodoutlet0_.apt_suit as apt_suit4_3_0_, foodoutlet0_.business_address as business5_3_0_, foodoutlet0_.business_name as business6_3_0_, foodoutlet0_.cuisine_type as cuisine_7_3_0_, foodoutlet0_.enabled as enabled8_3_0_, foodoutlet0_.name as name9_3_0_, foodoutlet0_.number_of_locations as number_10_3_0_, foodoutlet0_.password as passwor11_3_0_, foodoutlet0_.phone_num as phone_n12_3_0_, foodoutlet0_.recovery_response as recover13_3_0_, foodoutlet0_.role as role14_3_0_, foodoutlet0_.surname as surname15_3_0_, foodoutlet0_.weekly_orders as weekly_16_3_0_ from Food_Outlet foodoutlet0_ where foodoutlet0_.email=? for update
15:04:39.455 [main] DEBUG org.hibernate.loader.plan.build.internal.spaces.QuerySpacesImpl - Adding QuerySpace : uid = <gen:0> -> org.hibernate.loader.plan.build.internal.spaces.EntityQuerySpaceImpl@24eb65e3]
15:04:39.455 [main] DEBUG org.hibernate.persister.walking.spi.MetamodelGraphWalker - Visiting attribute path : accountId
15:04:39.455 [main] DEBUG org.hibernate.persister.walking.spi.MetamodelGraphWalker - Visiting attribute path : active
15:04:39.456 [main] DEBUG org.hibernate.persister.walking.spi.MetamodelGraphWalker - Visiting attribute path : aptSuit
15:04:39.456 [main] DEBUG org.hibernate.persister.walking.spi.MetamodelGraphWalker - Visiting attribute path : businessAddress
15:04:39.456 [main] DEBUG org.hibernate.persister.walking.spi.MetamodelGraphWalker - Visiting attribute path : businessName
15:04:39.456 [main] DEBUG org.hibernate.persister.walking.spi.MetamodelGraphWalker - Visiting attribute path : cuisineType
15:04:39.456 [main] DEBUG org.hibernate.persister.walking.spi.MetamodelGraphWalker - Visiting attribute path : enabled
15:04:39.456 [main] DEBUG org.hibernate.persister.walking.spi.MetamodelGraphWalker - Visiting attribute path : name
15:04:39.456 [main] DEBUG org.hibernate.persister.walking.spi.MetamodelGraphWalker - Visiting attribute path : numberOfLocations
15:04:39.456 [main] DEBUG org.hibernate.persister.walking.spi.MetamodelGraphWalker - Visiting attribute path : password
15:04:39.456 [main] DEBUG org.hibernate.persister.walking.spi.MetamodelGraphWalker - Visiting attribute path : phoneNum
15:04:39.456 [main] DEBUG org.hibernate.persister.walking.spi.MetamodelGraphWalker - Visiting attribute path : recoveryResponse
15:04:39.456 [main] DEBUG org.hibernate.persister.walking.spi.MetamodelGraphWalker - Visiting attribute path : role
15:04:39.456 [main] DEBUG org.hibernate.persister.walking.spi.MetamodelGraphWalker - Visiting attribute path : surname
15:04:39.456 [main] DEBUG org.hibernate.persister.walking.spi.MetamodelGraphWalker - Visiting attribute path : weeklyOrders
15:04:39.456 [main] DEBUG org.hibernate.persister.walking.spi.MetamodelGraphWalker - Visiting attribute path : menu
15:04:39.456 [main] DEBUG org.hibernate.loader.plan.build.internal.spaces.QuerySpacesImpl - Adding QuerySpace : uid = <gen:1> -> org.hibernate.loader.plan.build.internal.spaces.EntityQuerySpaceImpl@1abebef3]
15:04:39.457 [main] DEBUG org.hibernate.loader.plan.build.internal.FetchStyleLoadPlanBuildingAssociationVisitationStrategy - Building LoadPlan...
15:04:39.457 [main] DEBUG org.hibernate.loader.plan.exec.internal.LoadQueryJoinAndFetchProcessor - processing queryspace <gen:0>
15:04:39.457 [main] DEBUG org.hibernate.loader.plan.build.spi.LoadPlanTreePrinter - LoadPlan(entity=org.reverside.bootcamp.ubereats.dto.FoodOutlet)
    - Returns
       - EntityReturnImpl(entity=org.reverside.bootcamp.ubereats.dto.FoodOutlet, querySpaceUid=<gen:0>, path=org.reverside.bootcamp.ubereats.dto.FoodOutlet)
          - EntityAttributeFetchImpl(entity=org.reverside.bootcamp.ubereats.dto.Menu, querySpaceUid=<gen:1>, path=org.reverside.bootcamp.ubereats.dto.FoodOutlet.menu)
    - QuerySpaces
       - EntityQuerySpaceImpl(uid=<gen:0>, entity=org.reverside.bootcamp.ubereats.dto.FoodOutlet)
          - SQL table alias mapping - foodoutlet0_
          - alias suffix - 0_
          - suffixed key columns - {email1_3_0_}

15:04:39.458 [main] DEBUG org.hibernate.loader.entity.plan.EntityLoader - Static select for entity org.reverside.bootcamp.ubereats.dto.FoodOutlet [PESSIMISTIC_READ]: select foodoutlet0_.email as email1_3_0_, foodoutlet0_.account_num as account_2_3_0_, foodoutlet0_.is_active as is_activ3_3_0_, foodoutlet0_.apt_suit as apt_suit4_3_0_, foodoutlet0_.business_address as business5_3_0_, foodoutlet0_.business_name as business6_3_0_, foodoutlet0_.cuisine_type as cuisine_7_3_0_, foodoutlet0_.enabled as enabled8_3_0_, foodoutlet0_.name as name9_3_0_, foodoutlet0_.number_of_locations as number_10_3_0_, foodoutlet0_.password as passwor11_3_0_, foodoutlet0_.phone_num as phone_n12_3_0_, foodoutlet0_.recovery_response as recover13_3_0_, foodoutlet0_.role as role14_3_0_, foodoutlet0_.surname as surname15_3_0_, foodoutlet0_.weekly_orders as weekly_16_3_0_ from Food_Outlet foodoutlet0_ where foodoutlet0_.email=? for update
15:04:39.458 [main] DEBUG org.hibernate.loader.plan.build.internal.spaces.QuerySpacesImpl - Adding QuerySpace : uid = <gen:0> -> org.hibernate.loader.plan.build.internal.spaces.EntityQuerySpaceImpl@18f55704]
15:04:39.458 [main] DEBUG org.hibernate.persister.walking.spi.MetamodelGraphWalker - Visiting attribute path : accountId
15:04:39.458 [main] DEBUG org.hibernate.persister.walking.spi.MetamodelGraphWalker - Visiting attribute path : active
15:04:39.458 [main] DEBUG org.hibernate.persister.walking.spi.MetamodelGraphWalker - Visiting attribute path : aptSuit
15:04:39.458 [main] DEBUG org.hibernate.persister.walking.spi.MetamodelGraphWalker - Visiting attribute path : businessAddress
15:04:39.459 [main] DEBUG org.hibernate.persister.walking.spi.MetamodelGraphWalker - Visiting attribute path : businessName
15:04:39.459 [main] DEBUG org.hibernate.persister.walking.spi.MetamodelGraphWalker - Visiting attribute path : cuisineType
15:04:39.459 [main] DEBUG org.hibernate.persister.walking.spi.MetamodelGraphWalker - Visiting attribute path : enabled
15:04:39.459 [main] DEBUG org.hibernate.persister.walking.spi.MetamodelGraphWalker - Visiting attribute path : name
15:04:39.459 [main] DEBUG org.hibernate.persister.walking.spi.MetamodelGraphWalker - Visiting attribute path : numberOfLocations
15:04:39.459 [main] DEBUG org.hibernate.persister.walking.spi.MetamodelGraphWalker - Visiting attribute path : password
15:04:39.459 [main] DEBUG org.hibernate.persister.walking.spi.MetamodelGraphWalker - Visiting attribute path : phoneNum
15:04:39.459 [main] DEBUG org.hibernate.persister.walking.spi.MetamodelGraphWalker - Visiting attribute path : recoveryResponse
15:04:39.459 [main] DEBUG org.hibernate.persister.walking.spi.MetamodelGraphWalker - Visiting attribute path : role
15:04:39.459 [main] DEBUG org.hibernate.persister.walking.spi.MetamodelGraphWalker - Visiting attribute path : surname
15:04:39.459 [main] DEBUG org.hibernate.persister.walking.spi.MetamodelGraphWalker - Visiting attribute path : weeklyOrders
15:04:39.460 [main] DEBUG org.hibernate.persister.walking.spi.MetamodelGraphWalker - Visiting attribute path : menu
15:04:39.460 [main] DEBUG org.hibernate.loader.plan.build.internal.spaces.QuerySpacesImpl - Adding QuerySpace : uid = <gen:1> -> org.hibernate.loader.plan.build.internal.spaces.EntityQuerySpaceImpl@5fbe155]
15:04:39.460 [main] DEBUG org.hibernate.loader.plan.build.internal.FetchStyleLoadPlanBuildingAssociationVisitationStrategy - Building LoadPlan...
15:04:39.461 [main] DEBUG org.hibernate.loader.plan.exec.internal.LoadQueryJoinAndFetchProcessor - processing queryspace <gen:0>
15:04:39.462 [main] DEBUG org.hibernate.loader.plan.build.spi.LoadPlanTreePrinter - LoadPlan(entity=org.reverside.bootcamp.ubereats.dto.FoodOutlet)
    - Returns
       - EntityReturnImpl(entity=org.reverside.bootcamp.ubereats.dto.FoodOutlet, querySpaceUid=<gen:0>, path=org.reverside.bootcamp.ubereats.dto.FoodOutlet)
          - EntityAttributeFetchImpl(entity=org.reverside.bootcamp.ubereats.dto.Menu, querySpaceUid=<gen:1>, path=org.reverside.bootcamp.ubereats.dto.FoodOutlet.menu)
    - QuerySpaces
       - EntityQuerySpaceImpl(uid=<gen:0>, entity=org.reverside.bootcamp.ubereats.dto.FoodOutlet)
          - SQL table alias mapping - foodoutlet0_
          - alias suffix - 0_
          - suffixed key columns - {email1_3_0_}

15:04:39.462 [main] DEBUG org.hibernate.loader.entity.plan.EntityLoader - Static select for entity org.reverside.bootcamp.ubereats.dto.FoodOutlet [PESSIMISTIC_WRITE]: select foodoutlet0_.email as email1_3_0_, foodoutlet0_.account_num as account_2_3_0_, foodoutlet0_.is_active as is_activ3_3_0_, foodoutlet0_.apt_suit as apt_suit4_3_0_, foodoutlet0_.business_address as business5_3_0_, foodoutlet0_.business_name as business6_3_0_, foodoutlet0_.cuisine_type as cuisine_7_3_0_, foodoutlet0_.enabled as enabled8_3_0_, foodoutlet0_.name as name9_3_0_, foodoutlet0_.number_of_locations as number_10_3_0_, foodoutlet0_.password as passwor11_3_0_, foodoutlet0_.phone_num as phone_n12_3_0_, foodoutlet0_.recovery_response as recover13_3_0_, foodoutlet0_.role as role14_3_0_, foodoutlet0_.surname as surname15_3_0_, foodoutlet0_.weekly_orders as weekly_16_3_0_ from Food_Outlet foodoutlet0_ where foodoutlet0_.email=? for update
15:04:39.462 [main] DEBUG org.hibernate.loader.plan.build.internal.spaces.QuerySpacesImpl - Adding QuerySpace : uid = <gen:0> -> org.hibernate.loader.plan.build.internal.spaces.EntityQuerySpaceImpl@6add8e3f]
15:04:39.463 [main] DEBUG org.hibernate.persister.walking.spi.MetamodelGraphWalker - Visiting attribute path : accountId
15:04:39.463 [main] DEBUG org.hibernate.persister.walking.spi.MetamodelGraphWalker - Visiting attribute path : active
15:04:39.463 [main] DEBUG org.hibernate.persister.walking.spi.MetamodelGraphWalker - Visiting attribute path : aptSuit
15:04:39.463 [main] DEBUG org.hibernate.persister.walking.spi.MetamodelGraphWalker - Visiting attribute path : businessAddress
15:04:39.463 [main] DEBUG org.hibernate.persister.walking.spi.MetamodelGraphWalker - Visiting attribute path : businessName
15:04:39.463 [main] DEBUG org.hibernate.persister.walking.spi.MetamodelGraphWalker - Visiting attribute path : cuisineType
15:04:39.463 [main] DEBUG org.hibernate.persister.walking.spi.MetamodelGraphWalker - Visiting attribute path : enabled
15:04:39.463 [main] DEBUG org.hibernate.persister.walking.spi.MetamodelGraphWalker - Visiting attribute path : name
15:04:39.463 [main] DEBUG org.hibernate.persister.walking.spi.MetamodelGraphWalker - Visiting attribute path : numberOfLocations
15:04:39.463 [main] DEBUG org.hibernate.persister.walking.spi.MetamodelGraphWalker - Visiting attribute path : password
15:04:39.463 [main] DEBUG org.hibernate.persister.walking.spi.MetamodelGraphWalker - Visiting attribute path : phoneNum
15:04:39.464 [main] DEBUG org.hibernate.persister.walking.spi.MetamodelGraphWalker - Visiting attribute path : recoveryResponse
15:04:39.464 [main] DEBUG org.hibernate.persister.walking.spi.MetamodelGraphWalker - Visiting attribute path : role
15:04:39.464 [main] DEBUG org.hibernate.persister.walking.spi.MetamodelGraphWalker - Visiting attribute path : surname
15:04:39.464 [main] DEBUG org.hibernate.persister.walking.spi.MetamodelGraphWalker - Visiting attribute path : weeklyOrders
15:04:39.464 [main] DEBUG org.hibernate.persister.walking.spi.MetamodelGraphWalker - Visiting attribute path : menu
15:04:39.464 [main] DEBUG org.hibernate.loader.plan.build.internal.spaces.QuerySpacesImpl - Adding QuerySpace : uid = <gen:1> -> org.hibernate.loader.plan.build.internal.spaces.EntityQuerySpaceImpl@48904d5a]
15:04:39.464 [main] DEBUG org.hibernate.loader.plan.build.internal.FetchStyleLoadPlanBuildingAssociationVisitationStrategy - Building LoadPlan...
15:04:39.465 [main] DEBUG org.hibernate.loader.plan.exec.internal.LoadQueryJoinAndFetchProcessor - processing queryspace <gen:0>
15:04:39.465 [main] DEBUG org.hibernate.loader.plan.build.spi.LoadPlanTreePrinter - LoadPlan(entity=org.reverside.bootcamp.ubereats.dto.FoodOutlet)
    - Returns
       - EntityReturnImpl(entity=org.reverside.bootcamp.ubereats.dto.FoodOutlet, querySpaceUid=<gen:0>, path=org.reverside.bootcamp.ubereats.dto.FoodOutlet)
          - EntityAttributeFetchImpl(entity=org.reverside.bootcamp.ubereats.dto.Menu, querySpaceUid=<gen:1>, path=org.reverside.bootcamp.ubereats.dto.FoodOutlet.menu)
    - QuerySpaces
       - EntityQuerySpaceImpl(uid=<gen:0>, entity=org.reverside.bootcamp.ubereats.dto.FoodOutlet)
          - SQL table alias mapping - foodoutlet0_
          - alias suffix - 0_
          - suffixed key columns - {email1_3_0_}

15:04:39.465 [main] DEBUG org.hibernate.loader.entity.plan.EntityLoader - Static select for entity org.reverside.bootcamp.ubereats.dto.FoodOutlet [PESSIMISTIC_FORCE_INCREMENT]: select foodoutlet0_.email as email1_3_0_, foodoutlet0_.account_num as account_2_3_0_, foodoutlet0_.is_active as is_activ3_3_0_, foodoutlet0_.apt_suit as apt_suit4_3_0_, foodoutlet0_.business_address as business5_3_0_, foodoutlet0_.business_name as business6_3_0_, foodoutlet0_.cuisine_type as cuisine_7_3_0_, foodoutlet0_.enabled as enabled8_3_0_, foodoutlet0_.name as name9_3_0_, foodoutlet0_.number_of_locations as number_10_3_0_, foodoutlet0_.password as passwor11_3_0_, foodoutlet0_.phone_num as phone_n12_3_0_, foodoutlet0_.recovery_response as recover13_3_0_, foodoutlet0_.role as role14_3_0_, foodoutlet0_.surname as surname15_3_0_, foodoutlet0_.weekly_orders as weekly_16_3_0_ from Food_Outlet foodoutlet0_ where foodoutlet0_.email=? for update
15:04:39.465 [main] DEBUG org.hibernate.loader.plan.build.internal.spaces.QuerySpacesImpl - Adding QuerySpace : uid = <gen:0> -> org.hibernate.loader.plan.build.internal.spaces.EntityQuerySpaceImpl@12bbfc54]
15:04:39.466 [main] DEBUG org.hibernate.persister.walking.spi.MetamodelGraphWalker - Visiting attribute path : accountId
15:04:39.466 [main] DEBUG org.hibernate.persister.walking.spi.MetamodelGraphWalker - Visiting attribute path : active
15:04:39.466 [main] DEBUG org.hibernate.persister.walking.spi.MetamodelGraphWalker - Visiting attribute path : aptSuit
15:04:39.466 [main] DEBUG org.hibernate.persister.walking.spi.MetamodelGraphWalker - Visiting attribute path : businessAddress
15:04:39.466 [main] DEBUG org.hibernate.persister.walking.spi.MetamodelGraphWalker - Visiting attribute path : businessName
15:04:39.466 [main] DEBUG org.hibernate.persister.walking.spi.MetamodelGraphWalker - Visiting attribute path : cuisineType
15:04:39.466 [main] DEBUG org.hibernate.persister.walking.spi.MetamodelGraphWalker - Visiting attribute path : enabled
15:04:39.466 [main] DEBUG org.hibernate.persister.walking.spi.MetamodelGraphWalker - Visiting attribute path : name
15:04:39.466 [main] DEBUG org.hibernate.persister.walking.spi.MetamodelGraphWalker - Visiting attribute path : numberOfLocations
15:04:39.467 [main] DEBUG org.hibernate.persister.walking.spi.MetamodelGraphWalker - Visiting attribute path : password
15:04:39.467 [main] DEBUG org.hibernate.persister.walking.spi.MetamodelGraphWalker - Visiting attribute path : phoneNum
15:04:39.467 [main] DEBUG org.hibernate.persister.walking.spi.MetamodelGraphWalker - Visiting attribute path : recoveryResponse
15:04:39.467 [main] DEBUG org.hibernate.persister.walking.spi.MetamodelGraphWalker - Visiting attribute path : role
15:04:39.467 [main] DEBUG org.hibernate.persister.walking.spi.MetamodelGraphWalker - Visiting attribute path : surname
15:04:39.467 [main] DEBUG org.hibernate.persister.walking.spi.MetamodelGraphWalker - Visiting attribute path : weeklyOrders
15:04:39.467 [main] DEBUG org.hibernate.persister.walking.spi.MetamodelGraphWalker - Visiting attribute path : menu
15:04:39.467 [main] DEBUG org.hibernate.loader.plan.build.internal.spaces.QuerySpacesImpl - Adding QuerySpace : uid = <gen:1> -> org.hibernate.loader.plan.build.internal.spaces.EntityQuerySpaceImpl@59b65dce]
15:04:39.468 [main] DEBUG org.hibernate.loader.plan.build.internal.FetchStyleLoadPlanBuildingAssociationVisitationStrategy - Building LoadPlan...
15:04:39.468 [main] DEBUG org.hibernate.loader.plan.exec.internal.LoadQueryJoinAndFetchProcessor - processing queryspace <gen:0>
15:04:39.469 [main] DEBUG org.hibernate.loader.plan.build.spi.LoadPlanTreePrinter - LoadPlan(entity=org.reverside.bootcamp.ubereats.dto.FoodOutlet)
    - Returns
       - EntityReturnImpl(entity=org.reverside.bootcamp.ubereats.dto.FoodOutlet, querySpaceUid=<gen:0>, path=org.reverside.bootcamp.ubereats.dto.FoodOutlet)
          - EntityAttributeFetchImpl(entity=org.reverside.bootcamp.ubereats.dto.Menu, querySpaceUid=<gen:1>, path=org.reverside.bootcamp.ubereats.dto.FoodOutlet.menu)
    - QuerySpaces
       - EntityQuerySpaceImpl(uid=<gen:0>, entity=org.reverside.bootcamp.ubereats.dto.FoodOutlet)
          - SQL table alias mapping - foodoutlet0_
          - alias suffix - 0_
          - suffixed key columns - {email1_3_0_}

15:04:39.469 [main] DEBUG org.hibernate.loader.entity.plan.EntityLoader - Static select for entity org.reverside.bootcamp.ubereats.dto.FoodOutlet [OPTIMISTIC]: select foodoutlet0_.email as email1_3_0_, foodoutlet0_.account_num as account_2_3_0_, foodoutlet0_.is_active as is_activ3_3_0_, foodoutlet0_.apt_suit as apt_suit4_3_0_, foodoutlet0_.business_address as business5_3_0_, foodoutlet0_.business_name as business6_3_0_, foodoutlet0_.cuisine_type as cuisine_7_3_0_, foodoutlet0_.enabled as enabled8_3_0_, foodoutlet0_.name as name9_3_0_, foodoutlet0_.number_of_locations as number_10_3_0_, foodoutlet0_.password as passwor11_3_0_, foodoutlet0_.phone_num as phone_n12_3_0_, foodoutlet0_.recovery_response as recover13_3_0_, foodoutlet0_.role as role14_3_0_, foodoutlet0_.surname as surname15_3_0_, foodoutlet0_.weekly_orders as weekly_16_3_0_ from Food_Outlet foodoutlet0_ where foodoutlet0_.email=?
15:04:39.469 [main] DEBUG org.hibernate.loader.plan.build.internal.spaces.QuerySpacesImpl - Adding QuerySpace : uid = <gen:0> -> org.hibernate.loader.plan.build.internal.spaces.EntityQuerySpaceImpl@1386313f]
15:04:39.469 [main] DEBUG org.hibernate.persister.walking.spi.MetamodelGraphWalker - Visiting attribute path : accountId
15:04:39.469 [main] DEBUG org.hibernate.persister.walking.spi.MetamodelGraphWalker - Visiting attribute path : active
15:04:39.475 [main] DEBUG org.hibernate.persister.walking.spi.MetamodelGraphWalker - Visiting attribute path : aptSuit
15:04:39.475 [main] DEBUG org.hibernate.persister.walking.spi.MetamodelGraphWalker - Visiting attribute path : businessAddress
15:04:39.475 [main] DEBUG org.hibernate.persister.walking.spi.MetamodelGraphWalker - Visiting attribute path : businessName
15:04:39.475 [main] DEBUG org.hibernate.persister.walking.spi.MetamodelGraphWalker - Visiting attribute path : cuisineType
15:04:39.475 [main] DEBUG org.hibernate.persister.walking.spi.MetamodelGraphWalker - Visiting attribute path : enabled
15:04:39.475 [main] DEBUG org.hibernate.persister.walking.spi.MetamodelGraphWalker - Visiting attribute path : name
15:04:39.475 [main] DEBUG org.hibernate.persister.walking.spi.MetamodelGraphWalker - Visiting attribute path : numberOfLocations
15:04:39.475 [main] DEBUG org.hibernate.persister.walking.spi.MetamodelGraphWalker - Visiting attribute path : password
15:04:39.475 [main] DEBUG org.hibernate.persister.walking.spi.MetamodelGraphWalker - Visiting attribute path : phoneNum
15:04:39.475 [main] DEBUG org.hibernate.persister.walking.spi.MetamodelGraphWalker - Visiting attribute path : recoveryResponse
15:04:39.475 [main] DEBUG org.hibernate.persister.walking.spi.MetamodelGraphWalker - Visiting attribute path : role
15:04:39.475 [main] DEBUG org.hibernate.persister.walking.spi.MetamodelGraphWalker - Visiting attribute path : surname
15:04:39.475 [main] DEBUG org.hibernate.persister.walking.spi.MetamodelGraphWalker - Visiting attribute path : weeklyOrders
15:04:39.475 [main] DEBUG org.hibernate.persister.walking.spi.MetamodelGraphWalker - Visiting attribute path : menu
15:04:39.475 [main] DEBUG org.hibernate.loader.plan.build.internal.spaces.QuerySpacesImpl - Adding QuerySpace : uid = <gen:1> -> org.hibernate.loader.plan.build.internal.spaces.EntityQuerySpaceImpl@433c6abb]
15:04:39.476 [main] DEBUG org.hibernate.loader.plan.build.internal.FetchStyleLoadPlanBuildingAssociationVisitationStrategy - Building LoadPlan...
15:04:39.477 [main] DEBUG org.hibernate.loader.plan.exec.internal.LoadQueryJoinAndFetchProcessor - processing queryspace <gen:0>
15:04:39.477 [main] DEBUG org.hibernate.loader.plan.build.spi.LoadPlanTreePrinter - LoadPlan(entity=org.reverside.bootcamp.ubereats.dto.FoodOutlet)
    - Returns
       - EntityReturnImpl(entity=org.reverside.bootcamp.ubereats.dto.FoodOutlet, querySpaceUid=<gen:0>, path=org.reverside.bootcamp.ubereats.dto.FoodOutlet)
          - EntityAttributeFetchImpl(entity=org.reverside.bootcamp.ubereats.dto.Menu, querySpaceUid=<gen:1>, path=org.reverside.bootcamp.ubereats.dto.FoodOutlet.menu)
    - QuerySpaces
       - EntityQuerySpaceImpl(uid=<gen:0>, entity=org.reverside.bootcamp.ubereats.dto.FoodOutlet)
          - SQL table alias mapping - foodoutlet0_
          - alias suffix - 0_
          - suffixed key columns - {email1_3_0_}

15:04:39.477 [main] DEBUG org.hibernate.loader.entity.plan.EntityLoader - Static select for entity org.reverside.bootcamp.ubereats.dto.FoodOutlet [OPTIMISTIC_FORCE_INCREMENT]: select foodoutlet0_.email as email1_3_0_, foodoutlet0_.account_num as account_2_3_0_, foodoutlet0_.is_active as is_activ3_3_0_, foodoutlet0_.apt_suit as apt_suit4_3_0_, foodoutlet0_.business_address as business5_3_0_, foodoutlet0_.business_name as business6_3_0_, foodoutlet0_.cuisine_type as cuisine_7_3_0_, foodoutlet0_.enabled as enabled8_3_0_, foodoutlet0_.name as name9_3_0_, foodoutlet0_.number_of_locations as number_10_3_0_, foodoutlet0_.password as passwor11_3_0_, foodoutlet0_.phone_num as phone_n12_3_0_, foodoutlet0_.recovery_response as recover13_3_0_, foodoutlet0_.role as role14_3_0_, foodoutlet0_.surname as surname15_3_0_, foodoutlet0_.weekly_orders as weekly_16_3_0_ from Food_Outlet foodoutlet0_ where foodoutlet0_.email=?
15:04:39.478 [main] DEBUG org.hibernate.loader.Loader - Static select for action ACTION_MERGE on entity org.reverside.bootcamp.ubereats.dto.FoodOutlet: select foodoutlet0_.email as email1_3_1_, foodoutlet0_.account_num as account_2_3_1_, foodoutlet0_.is_active as is_activ3_3_1_, foodoutlet0_.apt_suit as apt_suit4_3_1_, foodoutlet0_.business_address as business5_3_1_, foodoutlet0_.business_name as business6_3_1_, foodoutlet0_.cuisine_type as cuisine_7_3_1_, foodoutlet0_.enabled as enabled8_3_1_, foodoutlet0_.name as name9_3_1_, foodoutlet0_.number_of_locations as number_10_3_1_, foodoutlet0_.password as passwor11_3_1_, foodoutlet0_.phone_num as phone_n12_3_1_, foodoutlet0_.recovery_response as recover13_3_1_, foodoutlet0_.role as role14_3_1_, foodoutlet0_.surname as surname15_3_1_, foodoutlet0_.weekly_orders as weekly_16_3_1_, menu1_.id as id1_4_0_, menu1_.description as descript2_4_0_, menu1_.foodOutlet_email as foodOutl5_4_0_, menu1_.image_url as image_ur3_4_0_, menu1_.name as name4_4_0_ from Food_Outlet foodoutlet0_ left outer join Menu menu1_ on foodoutlet0_.email=menu1_.foodOutlet_email where foodoutlet0_.email=?
15:04:39.478 [main] DEBUG org.hibernate.loader.Loader - Static select for action ACTION_REFRESH on entity org.reverside.bootcamp.ubereats.dto.FoodOutlet: select foodoutlet0_.email as email1_3_1_, foodoutlet0_.account_num as account_2_3_1_, foodoutlet0_.is_active as is_activ3_3_1_, foodoutlet0_.apt_suit as apt_suit4_3_1_, foodoutlet0_.business_address as business5_3_1_, foodoutlet0_.business_name as business6_3_1_, foodoutlet0_.cuisine_type as cuisine_7_3_1_, foodoutlet0_.enabled as enabled8_3_1_, foodoutlet0_.name as name9_3_1_, foodoutlet0_.number_of_locations as number_10_3_1_, foodoutlet0_.password as passwor11_3_1_, foodoutlet0_.phone_num as phone_n12_3_1_, foodoutlet0_.recovery_response as recover13_3_1_, foodoutlet0_.role as role14_3_1_, foodoutlet0_.surname as surname15_3_1_, foodoutlet0_.weekly_orders as weekly_16_3_1_, menu1_.id as id1_4_0_, menu1_.description as descript2_4_0_, menu1_.foodOutlet_email as foodOutl5_4_0_, menu1_.image_url as image_ur3_4_0_, menu1_.name as name4_4_0_ from Food_Outlet foodoutlet0_ left outer join Menu menu1_ on foodoutlet0_.email=menu1_.foodOutlet_email where foodoutlet0_.email=?
15:04:39.478 [main] DEBUG org.hibernate.persister.entity.AbstractEntityPersister - Static SQL for entity: org.reverside.bootcamp.ubereats.dto.Account
15:04:39.478 [main] DEBUG org.hibernate.persister.entity.AbstractEntityPersister -  Version select: select account_id from Account where account_id =?
15:04:39.478 [main] DEBUG org.hibernate.persister.entity.AbstractEntityPersister -  Snapshot select: select account_.account_id, account_.account_holder as account_2_0_, account_.account_num as account_3_0_, account_.branch_code as branch_c4_0_, account_.card_number as card_num5_0_, account_.cvc as cvc6_0_, account_.exp_date as exp_date7_0_, account_.payment_method as payment_8_0_ from Account account_ where account_.account_id=?
15:04:39.478 [main] DEBUG org.hibernate.persister.entity.AbstractEntityPersister -  Insert 0: insert into Account (account_holder, account_num, branch_code, card_number, cvc, exp_date, payment_method, account_id) values (?, ?, ?, ?, ?, ?, ?, ?)
15:04:39.478 [main] DEBUG org.hibernate.persister.entity.AbstractEntityPersister -  Update 0: update Account set account_holder=?, account_num=?, branch_code=?, card_number=?, cvc=?, exp_date=?, payment_method=? where account_id=?
15:04:39.478 [main] DEBUG org.hibernate.persister.entity.AbstractEntityPersister -  Delete 0: delete from Account where account_id=?
15:04:39.479 [main] DEBUG org.hibernate.loader.plan.build.internal.spaces.QuerySpacesImpl - Adding QuerySpace : uid = <gen:0> -> org.hibernate.loader.plan.build.internal.spaces.EntityQuerySpaceImpl@288f173f]
15:04:39.479 [main] DEBUG org.hibernate.persister.walking.spi.MetamodelGraphWalker - Visiting attribute path : accountHolder
15:04:39.479 [main] DEBUG org.hibernate.persister.walking.spi.MetamodelGraphWalker - Visiting attribute path : accountNum
15:04:39.479 [main] DEBUG org.hibernate.persister.walking.spi.MetamodelGraphWalker - Visiting attribute path : branchCode
15:04:39.479 [main] DEBUG org.hibernate.persister.walking.spi.MetamodelGraphWalker - Visiting attribute path : cardNumber
15:04:39.479 [main] DEBUG org.hibernate.persister.walking.spi.MetamodelGraphWalker - Visiting attribute path : cvc
15:04:39.479 [main] DEBUG org.hibernate.persister.walking.spi.MetamodelGraphWalker - Visiting attribute path : expDate
15:04:39.479 [main] DEBUG org.hibernate.persister.walking.spi.MetamodelGraphWalker - Visiting attribute path : paymentMethod
15:04:39.479 [main] DEBUG org.hibernate.loader.plan.build.internal.FetchStyleLoadPlanBuildingAssociationVisitationStrategy - Building LoadPlan...
15:04:39.480 [main] DEBUG org.hibernate.loader.plan.exec.internal.LoadQueryJoinAndFetchProcessor - processing queryspace <gen:0>
15:04:39.480 [main] DEBUG org.hibernate.loader.plan.build.spi.LoadPlanTreePrinter - LoadPlan(entity=org.reverside.bootcamp.ubereats.dto.Account)
    - Returns
       - EntityReturnImpl(entity=org.reverside.bootcamp.ubereats.dto.Account, querySpaceUid=<gen:0>, path=org.reverside.bootcamp.ubereats.dto.Account)
    - QuerySpaces
       - EntityQuerySpaceImpl(uid=<gen:0>, entity=org.reverside.bootcamp.ubereats.dto.Account)
          - SQL table alias mapping - account0_
          - alias suffix - 0_
          - suffixed key columns - {account_1_0_0_}

15:04:39.480 [main] DEBUG org.hibernate.loader.entity.plan.EntityLoader - Static select for entity org.reverside.bootcamp.ubereats.dto.Account [NONE]: select account0_.account_id as account_1_0_0_, account0_.account_holder as account_2_0_0_, account0_.account_num as account_3_0_0_, account0_.branch_code as branch_c4_0_0_, account0_.card_number as card_num5_0_0_, account0_.cvc as cvc6_0_0_, account0_.exp_date as exp_date7_0_0_, account0_.payment_method as payment_8_0_0_ from Account account0_ where account0_.account_id=?
15:04:39.480 [main] DEBUG org.hibernate.loader.plan.build.internal.spaces.QuerySpacesImpl - Adding QuerySpace : uid = <gen:0> -> org.hibernate.loader.plan.build.internal.spaces.EntityQuerySpaceImpl@45cd7bc5]
15:04:39.481 [main] DEBUG org.hibernate.persister.walking.spi.MetamodelGraphWalker - Visiting attribute path : accountHolder
15:04:39.481 [main] DEBUG org.hibernate.persister.walking.spi.MetamodelGraphWalker - Visiting attribute path : accountNum
15:04:39.481 [main] DEBUG org.hibernate.persister.walking.spi.MetamodelGraphWalker - Visiting attribute path : branchCode
15:04:39.481 [main] DEBUG org.hibernate.persister.walking.spi.MetamodelGraphWalker - Visiting attribute path : cardNumber
15:04:39.481 [main] DEBUG org.hibernate.persister.walking.spi.MetamodelGraphWalker - Visiting attribute path : cvc
15:04:39.481 [main] DEBUG org.hibernate.persister.walking.spi.MetamodelGraphWalker - Visiting attribute path : expDate
15:04:39.481 [main] DEBUG org.hibernate.persister.walking.spi.MetamodelGraphWalker - Visiting attribute path : paymentMethod
15:04:39.481 [main] DEBUG org.hibernate.loader.plan.build.internal.FetchStyleLoadPlanBuildingAssociationVisitationStrategy - Building LoadPlan...
15:04:39.491 [main] DEBUG org.hibernate.loader.plan.exec.internal.LoadQueryJoinAndFetchProcessor - processing queryspace <gen:0>
15:04:39.491 [main] DEBUG org.hibernate.loader.plan.build.spi.LoadPlanTreePrinter - LoadPlan(entity=org.reverside.bootcamp.ubereats.dto.Account)
    - Returns
       - EntityReturnImpl(entity=org.reverside.bootcamp.ubereats.dto.Account, querySpaceUid=<gen:0>, path=org.reverside.bootcamp.ubereats.dto.Account)
    - QuerySpaces
       - EntityQuerySpaceImpl(uid=<gen:0>, entity=org.reverside.bootcamp.ubereats.dto.Account)
          - SQL table alias mapping - account0_
          - alias suffix - 0_
          - suffixed key columns - {account_1_0_0_}

15:04:39.491 [main] DEBUG org.hibernate.loader.entity.plan.EntityLoader - Static select for entity org.reverside.bootcamp.ubereats.dto.Account [READ]: select account0_.account_id as account_1_0_0_, account0_.account_holder as account_2_0_0_, account0_.account_num as account_3_0_0_, account0_.branch_code as branch_c4_0_0_, account0_.card_number as card_num5_0_0_, account0_.cvc as cvc6_0_0_, account0_.exp_date as exp_date7_0_0_, account0_.payment_method as payment_8_0_0_ from Account account0_ where account0_.account_id=?
15:04:39.491 [main] DEBUG org.hibernate.loader.plan.build.internal.spaces.QuerySpacesImpl - Adding QuerySpace : uid = <gen:0> -> org.hibernate.loader.plan.build.internal.spaces.EntityQuerySpaceImpl@35e26d05]
15:04:39.491 [main] DEBUG org.hibernate.persister.walking.spi.MetamodelGraphWalker - Visiting attribute path : accountHolder
15:04:39.492 [main] DEBUG org.hibernate.persister.walking.spi.MetamodelGraphWalker - Visiting attribute path : accountNum
15:04:39.492 [main] DEBUG org.hibernate.persister.walking.spi.MetamodelGraphWalker - Visiting attribute path : branchCode
15:04:39.492 [main] DEBUG org.hibernate.persister.walking.spi.MetamodelGraphWalker - Visiting attribute path : cardNumber
15:04:39.492 [main] DEBUG org.hibernate.persister.walking.spi.MetamodelGraphWalker - Visiting attribute path : cvc
15:04:39.494 [main] DEBUG org.hibernate.persister.walking.spi.MetamodelGraphWalker - Visiting attribute path : expDate
15:04:39.494 [main] DEBUG org.hibernate.persister.walking.spi.MetamodelGraphWalker - Visiting attribute path : paymentMethod
15:04:39.494 [main] DEBUG org.hibernate.loader.plan.build.internal.FetchStyleLoadPlanBuildingAssociationVisitationStrategy - Building LoadPlan...
15:04:39.495 [main] DEBUG org.hibernate.loader.plan.exec.internal.LoadQueryJoinAndFetchProcessor - processing queryspace <gen:0>
15:04:39.495 [main] DEBUG org.hibernate.loader.plan.build.spi.LoadPlanTreePrinter - LoadPlan(entity=org.reverside.bootcamp.ubereats.dto.Account)
    - Returns
       - EntityReturnImpl(entity=org.reverside.bootcamp.ubereats.dto.Account, querySpaceUid=<gen:0>, path=org.reverside.bootcamp.ubereats.dto.Account)
    - QuerySpaces
       - EntityQuerySpaceImpl(uid=<gen:0>, entity=org.reverside.bootcamp.ubereats.dto.Account)
          - SQL table alias mapping - account0_
          - alias suffix - 0_
          - suffixed key columns - {account_1_0_0_}

15:04:39.495 [main] DEBUG org.hibernate.loader.entity.plan.EntityLoader - Static select for entity org.reverside.bootcamp.ubereats.dto.Account [UPGRADE]: select account0_.account_id as account_1_0_0_, account0_.account_holder as account_2_0_0_, account0_.account_num as account_3_0_0_, account0_.branch_code as branch_c4_0_0_, account0_.card_number as card_num5_0_0_, account0_.cvc as cvc6_0_0_, account0_.exp_date as exp_date7_0_0_, account0_.payment_method as payment_8_0_0_ from Account account0_ where account0_.account_id=? for update
15:04:39.495 [main] DEBUG org.hibernate.loader.plan.build.internal.spaces.QuerySpacesImpl - Adding QuerySpace : uid = <gen:0> -> org.hibernate.loader.plan.build.internal.spaces.EntityQuerySpaceImpl@7c72ecc]
15:04:39.496 [main] DEBUG org.hibernate.persister.walking.spi.MetamodelGraphWalker - Visiting attribute path : accountHolder
15:04:39.496 [main] DEBUG org.hibernate.persister.walking.spi.MetamodelGraphWalker - Visiting attribute path : accountNum
15:04:39.496 [main] DEBUG org.hibernate.persister.walking.spi.MetamodelGraphWalker - Visiting attribute path : branchCode
15:04:39.496 [main] DEBUG org.hibernate.persister.walking.spi.MetamodelGraphWalker - Visiting attribute path : cardNumber
15:04:39.496 [main] DEBUG org.hibernate.persister.walking.spi.MetamodelGraphWalker - Visiting attribute path : cvc
15:04:39.496 [main] DEBUG org.hibernate.persister.walking.spi.MetamodelGraphWalker - Visiting attribute path : expDate
15:04:39.496 [main] DEBUG org.hibernate.persister.walking.spi.MetamodelGraphWalker - Visiting attribute path : paymentMethod
15:04:39.496 [main] DEBUG org.hibernate.loader.plan.build.internal.FetchStyleLoadPlanBuildingAssociationVisitationStrategy - Building LoadPlan...
15:04:39.496 [main] DEBUG org.hibernate.loader.plan.exec.internal.LoadQueryJoinAndFetchProcessor - processing queryspace <gen:0>
15:04:39.496 [main] DEBUG org.hibernate.loader.plan.build.spi.LoadPlanTreePrinter - LoadPlan(entity=org.reverside.bootcamp.ubereats.dto.Account)
    - Returns
       - EntityReturnImpl(entity=org.reverside.bootcamp.ubereats.dto.Account, querySpaceUid=<gen:0>, path=org.reverside.bootcamp.ubereats.dto.Account)
    - QuerySpaces
       - EntityQuerySpaceImpl(uid=<gen:0>, entity=org.reverside.bootcamp.ubereats.dto.Account)
          - SQL table alias mapping - account0_
          - alias suffix - 0_
          - suffixed key columns - {account_1_0_0_}

15:04:39.496 [main] DEBUG org.hibernate.loader.entity.plan.EntityLoader - Static select for entity org.reverside.bootcamp.ubereats.dto.Account [UPGRADE_NOWAIT]: select account0_.account_id as account_1_0_0_, account0_.account_holder as account_2_0_0_, account0_.account_num as account_3_0_0_, account0_.branch_code as branch_c4_0_0_, account0_.card_number as card_num5_0_0_, account0_.cvc as cvc6_0_0_, account0_.exp_date as exp_date7_0_0_, account0_.payment_method as payment_8_0_0_ from Account account0_ where account0_.account_id=? for update
15:04:39.497 [main] DEBUG org.hibernate.loader.plan.build.internal.spaces.QuerySpacesImpl - Adding QuerySpace : uid = <gen:0> -> org.hibernate.loader.plan.build.internal.spaces.EntityQuerySpaceImpl@61ecbee9]
15:04:39.497 [main] DEBUG org.hibernate.persister.walking.spi.MetamodelGraphWalker - Visiting attribute path : accountHolder
15:04:39.497 [main] DEBUG org.hibernate.persister.walking.spi.MetamodelGraphWalker - Visiting attribute path : accountNum
15:04:39.497 [main] DEBUG org.hibernate.persister.walking.spi.MetamodelGraphWalker - Visiting attribute path : branchCode
15:04:39.497 [main] DEBUG org.hibernate.persister.walking.spi.MetamodelGraphWalker - Visiting attribute path : cardNumber
15:04:39.497 [main] DEBUG org.hibernate.persister.walking.spi.MetamodelGraphWalker - Visiting attribute path : cvc
15:04:39.497 [main] DEBUG org.hibernate.persister.walking.spi.MetamodelGraphWalker - Visiting attribute path : expDate
15:04:39.497 [main] DEBUG org.hibernate.persister.walking.spi.MetamodelGraphWalker - Visiting attribute path : paymentMethod
15:04:39.497 [main] DEBUG org.hibernate.loader.plan.build.internal.FetchStyleLoadPlanBuildingAssociationVisitationStrategy - Building LoadPlan...
15:04:39.497 [main] DEBUG org.hibernate.loader.plan.exec.internal.LoadQueryJoinAndFetchProcessor - processing queryspace <gen:0>
15:04:39.497 [main] DEBUG org.hibernate.loader.plan.build.spi.LoadPlanTreePrinter - LoadPlan(entity=org.reverside.bootcamp.ubereats.dto.Account)
    - Returns
       - EntityReturnImpl(entity=org.reverside.bootcamp.ubereats.dto.Account, querySpaceUid=<gen:0>, path=org.reverside.bootcamp.ubereats.dto.Account)
    - QuerySpaces
       - EntityQuerySpaceImpl(uid=<gen:0>, entity=org.reverside.bootcamp.ubereats.dto.Account)
          - SQL table alias mapping - account0_
          - alias suffix - 0_
          - suffixed key columns - {account_1_0_0_}

15:04:39.497 [main] DEBUG org.hibernate.loader.entity.plan.EntityLoader - Static select for entity org.reverside.bootcamp.ubereats.dto.Account [UPGRADE_SKIPLOCKED]: select account0_.account_id as account_1_0_0_, account0_.account_holder as account_2_0_0_, account0_.account_num as account_3_0_0_, account0_.branch_code as branch_c4_0_0_, account0_.card_number as card_num5_0_0_, account0_.cvc as cvc6_0_0_, account0_.exp_date as exp_date7_0_0_, account0_.payment_method as payment_8_0_0_ from Account account0_ where account0_.account_id=? for update
15:04:39.497 [main] DEBUG org.hibernate.loader.plan.build.internal.spaces.QuerySpacesImpl - Adding QuerySpace : uid = <gen:0> -> org.hibernate.loader.plan.build.internal.spaces.EntityQuerySpaceImpl@2538bc06]
15:04:39.497 [main] DEBUG org.hibernate.persister.walking.spi.MetamodelGraphWalker - Visiting attribute path : accountHolder
15:04:39.498 [main] DEBUG org.hibernate.persister.walking.spi.MetamodelGraphWalker - Visiting attribute path : accountNum
15:04:39.498 [main] DEBUG org.hibernate.persister.walking.spi.MetamodelGraphWalker - Visiting attribute path : branchCode
15:04:39.498 [main] DEBUG org.hibernate.persister.walking.spi.MetamodelGraphWalker - Visiting attribute path : cardNumber
15:04:39.498 [main] DEBUG org.hibernate.persister.walking.spi.MetamodelGraphWalker - Visiting attribute path : cvc
15:04:39.498 [main] DEBUG org.hibernate.persister.walking.spi.MetamodelGraphWalker - Visiting attribute path : expDate
15:04:39.498 [main] DEBUG org.hibernate.persister.walking.spi.MetamodelGraphWalker - Visiting attribute path : paymentMethod
15:04:39.500 [main] DEBUG org.hibernate.loader.plan.build.internal.FetchStyleLoadPlanBuildingAssociationVisitationStrategy - Building LoadPlan...
15:04:39.501 [main] DEBUG org.hibernate.loader.plan.exec.internal.LoadQueryJoinAndFetchProcessor - processing queryspace <gen:0>
15:04:39.501 [main] DEBUG org.hibernate.loader.plan.build.spi.LoadPlanTreePrinter - LoadPlan(entity=org.reverside.bootcamp.ubereats.dto.Account)
    - Returns
       - EntityReturnImpl(entity=org.reverside.bootcamp.ubereats.dto.Account, querySpaceUid=<gen:0>, path=org.reverside.bootcamp.ubereats.dto.Account)
    - QuerySpaces
       - EntityQuerySpaceImpl(uid=<gen:0>, entity=org.reverside.bootcamp.ubereats.dto.Account)
          - SQL table alias mapping - account0_
          - alias suffix - 0_
          - suffixed key columns - {account_1_0_0_}

15:04:39.501 [main] DEBUG org.hibernate.loader.entity.plan.EntityLoader - Static select for entity org.reverside.bootcamp.ubereats.dto.Account [FORCE]: select account0_.account_id as account_1_0_0_, account0_.account_holder as account_2_0_0_, account0_.account_num as account_3_0_0_, account0_.branch_code as branch_c4_0_0_, account0_.card_number as card_num5_0_0_, account0_.cvc as cvc6_0_0_, account0_.exp_date as exp_date7_0_0_, account0_.payment_method as payment_8_0_0_ from Account account0_ where account0_.account_id=? for update
15:04:39.502 [main] DEBUG org.hibernate.loader.plan.build.internal.spaces.QuerySpacesImpl - Adding QuerySpace : uid = <gen:0> -> org.hibernate.loader.plan.build.internal.spaces.EntityQuerySpaceImpl@656922a0]
15:04:39.502 [main] DEBUG org.hibernate.persister.walking.spi.MetamodelGraphWalker - Visiting attribute path : accountHolder
15:04:39.502 [main] DEBUG org.hibernate.persister.walking.spi.MetamodelGraphWalker - Visiting attribute path : accountNum
15:04:39.502 [main] DEBUG org.hibernate.persister.walking.spi.MetamodelGraphWalker - Visiting attribute path : branchCode
15:04:39.502 [main] DEBUG org.hibernate.persister.walking.spi.MetamodelGraphWalker - Visiting attribute path : cardNumber
15:04:39.502 [main] DEBUG org.hibernate.persister.walking.spi.MetamodelGraphWalker - Visiting attribute path : cvc
15:04:39.502 [main] DEBUG org.hibernate.persister.walking.spi.MetamodelGraphWalker - Visiting attribute path : expDate
15:04:39.502 [main] DEBUG org.hibernate.persister.walking.spi.MetamodelGraphWalker - Visiting attribute path : paymentMethod
15:04:39.502 [main] DEBUG org.hibernate.loader.plan.build.internal.FetchStyleLoadPlanBuildingAssociationVisitationStrategy - Building LoadPlan...
15:04:39.502 [main] DEBUG org.hibernate.loader.plan.exec.internal.LoadQueryJoinAndFetchProcessor - processing queryspace <gen:0>
15:04:39.503 [main] DEBUG org.hibernate.loader.plan.build.spi.LoadPlanTreePrinter - LoadPlan(entity=org.reverside.bootcamp.ubereats.dto.Account)
    - Returns
       - EntityReturnImpl(entity=org.reverside.bootcamp.ubereats.dto.Account, querySpaceUid=<gen:0>, path=org.reverside.bootcamp.ubereats.dto.Account)
    - QuerySpaces
       - EntityQuerySpaceImpl(uid=<gen:0>, entity=org.reverside.bootcamp.ubereats.dto.Account)
          - SQL table alias mapping - account0_
          - alias suffix - 0_
          - suffixed key columns - {account_1_0_0_}

15:04:39.503 [main] DEBUG org.hibernate.loader.entity.plan.EntityLoader - Static select for entity org.reverside.bootcamp.ubereats.dto.Account [PESSIMISTIC_READ]: select account0_.account_id as account_1_0_0_, account0_.account_holder as account_2_0_0_, account0_.account_num as account_3_0_0_, account0_.branch_code as branch_c4_0_0_, account0_.card_number as card_num5_0_0_, account0_.cvc as cvc6_0_0_, account0_.exp_date as exp_date7_0_0_, account0_.payment_method as payment_8_0_0_ from Account account0_ where account0_.account_id=? for update
15:04:39.503 [main] DEBUG org.hibernate.loader.plan.build.internal.spaces.QuerySpacesImpl - Adding QuerySpace : uid = <gen:0> -> org.hibernate.loader.plan.build.internal.spaces.EntityQuerySpaceImpl@2440022a]
15:04:39.503 [main] DEBUG org.hibernate.persister.walking.spi.MetamodelGraphWalker - Visiting attribute path : accountHolder
15:04:39.503 [main] DEBUG org.hibernate.persister.walking.spi.MetamodelGraphWalker - Visiting attribute path : accountNum
15:04:39.503 [main] DEBUG org.hibernate.persister.walking.spi.MetamodelGraphWalker - Visiting attribute path : branchCode
15:04:39.503 [main] DEBUG org.hibernate.persister.walking.spi.MetamodelGraphWalker - Visiting attribute path : cardNumber
15:04:39.503 [main] DEBUG org.hibernate.persister.walking.spi.MetamodelGraphWalker - Visiting attribute path : cvc
15:04:39.503 [main] DEBUG org.hibernate.persister.walking.spi.MetamodelGraphWalker - Visiting attribute path : expDate
15:04:39.503 [main] DEBUG org.hibernate.persister.walking.spi.MetamodelGraphWalker - Visiting attribute path : paymentMethod
15:04:39.503 [main] DEBUG org.hibernate.loader.plan.build.internal.FetchStyleLoadPlanBuildingAssociationVisitationStrategy - Building LoadPlan...
15:04:39.504 [main] DEBUG org.hibernate.loader.plan.exec.internal.LoadQueryJoinAndFetchProcessor - processing queryspace <gen:0>
15:04:39.504 [main] DEBUG org.hibernate.loader.plan.build.spi.LoadPlanTreePrinter - LoadPlan(entity=org.reverside.bootcamp.ubereats.dto.Account)
    - Returns
       - EntityReturnImpl(entity=org.reverside.bootcamp.ubereats.dto.Account, querySpaceUid=<gen:0>, path=org.reverside.bootcamp.ubereats.dto.Account)
    - QuerySpaces
       - EntityQuerySpaceImpl(uid=<gen:0>, entity=org.reverside.bootcamp.ubereats.dto.Account)
          - SQL table alias mapping - account0_
          - alias suffix - 0_
          - suffixed key columns - {account_1_0_0_}

15:04:39.504 [main] DEBUG org.hibernate.loader.entity.plan.EntityLoader - Static select for entity org.reverside.bootcamp.ubereats.dto.Account [PESSIMISTIC_WRITE]: select account0_.account_id as account_1_0_0_, account0_.account_holder as account_2_0_0_, account0_.account_num as account_3_0_0_, account0_.branch_code as branch_c4_0_0_, account0_.card_number as card_num5_0_0_, account0_.cvc as cvc6_0_0_, account0_.exp_date as exp_date7_0_0_, account0_.payment_method as payment_8_0_0_ from Account account0_ where account0_.account_id=? for update
15:04:39.504 [main] DEBUG org.hibernate.loader.plan.build.internal.spaces.QuerySpacesImpl - Adding QuerySpace : uid = <gen:0> -> org.hibernate.loader.plan.build.internal.spaces.EntityQuerySpaceImpl@5f2de715]
15:04:39.504 [main] DEBUG org.hibernate.persister.walking.spi.MetamodelGraphWalker - Visiting attribute path : accountHolder
15:04:39.504 [main] DEBUG org.hibernate.persister.walking.spi.MetamodelGraphWalker - Visiting attribute path : accountNum
15:04:39.504 [main] DEBUG org.hibernate.persister.walking.spi.MetamodelGraphWalker - Visiting attribute path : branchCode
15:04:39.504 [main] DEBUG org.hibernate.persister.walking.spi.MetamodelGraphWalker - Visiting attribute path : cardNumber
15:04:39.504 [main] DEBUG org.hibernate.persister.walking.spi.MetamodelGraphWalker - Visiting attribute path : cvc
15:04:39.504 [main] DEBUG org.hibernate.persister.walking.spi.MetamodelGraphWalker - Visiting attribute path : expDate
15:04:39.504 [main] DEBUG org.hibernate.persister.walking.spi.MetamodelGraphWalker - Visiting attribute path : paymentMethod
15:04:39.504 [main] DEBUG org.hibernate.loader.plan.build.internal.FetchStyleLoadPlanBuildingAssociationVisitationStrategy - Building LoadPlan...
15:04:39.504 [main] DEBUG org.hibernate.loader.plan.exec.internal.LoadQueryJoinAndFetchProcessor - processing queryspace <gen:0>
15:04:39.505 [main] DEBUG org.hibernate.loader.plan.build.spi.LoadPlanTreePrinter - LoadPlan(entity=org.reverside.bootcamp.ubereats.dto.Account)
    - Returns
       - EntityReturnImpl(entity=org.reverside.bootcamp.ubereats.dto.Account, querySpaceUid=<gen:0>, path=org.reverside.bootcamp.ubereats.dto.Account)
    - QuerySpaces
       - EntityQuerySpaceImpl(uid=<gen:0>, entity=org.reverside.bootcamp.ubereats.dto.Account)
          - SQL table alias mapping - account0_
          - alias suffix - 0_
          - suffixed key columns - {account_1_0_0_}

15:04:39.505 [main] DEBUG org.hibernate.loader.entity.plan.EntityLoader - Static select for entity org.reverside.bootcamp.ubereats.dto.Account [PESSIMISTIC_FORCE_INCREMENT]: select account0_.account_id as account_1_0_0_, account0_.account_holder as account_2_0_0_, account0_.account_num as account_3_0_0_, account0_.branch_code as branch_c4_0_0_, account0_.card_number as card_num5_0_0_, account0_.cvc as cvc6_0_0_, account0_.exp_date as exp_date7_0_0_, account0_.payment_method as payment_8_0_0_ from Account account0_ where account0_.account_id=? for update
15:04:39.505 [main] DEBUG org.hibernate.loader.plan.build.internal.spaces.QuerySpacesImpl - Adding QuerySpace : uid = <gen:0> -> org.hibernate.loader.plan.build.internal.spaces.EntityQuerySpaceImpl@7d57dbb5]
15:04:39.505 [main] DEBUG org.hibernate.persister.walking.spi.MetamodelGraphWalker - Visiting attribute path : accountHolder
15:04:39.505 [main] DEBUG org.hibernate.persister.walking.spi.MetamodelGraphWalker - Visiting attribute path : accountNum
15:04:39.505 [main] DEBUG org.hibernate.persister.walking.spi.MetamodelGraphWalker - Visiting attribute path : branchCode
15:04:39.505 [main] DEBUG org.hibernate.persister.walking.spi.MetamodelGraphWalker - Visiting attribute path : cardNumber
15:04:39.505 [main] DEBUG org.hibernate.persister.walking.spi.MetamodelGraphWalker - Visiting attribute path : cvc
15:04:39.505 [main] DEBUG org.hibernate.persister.walking.spi.MetamodelGraphWalker - Visiting attribute path : expDate
15:04:39.505 [main] DEBUG org.hibernate.persister.walking.spi.MetamodelGraphWalker - Visiting attribute path : paymentMethod
15:04:39.505 [main] DEBUG org.hibernate.loader.plan.build.internal.FetchStyleLoadPlanBuildingAssociationVisitationStrategy - Building LoadPlan...
15:04:39.505 [main] DEBUG org.hibernate.loader.plan.exec.internal.LoadQueryJoinAndFetchProcessor - processing queryspace <gen:0>
15:04:39.506 [main] DEBUG org.hibernate.loader.plan.build.spi.LoadPlanTreePrinter - LoadPlan(entity=org.reverside.bootcamp.ubereats.dto.Account)
    - Returns
       - EntityReturnImpl(entity=org.reverside.bootcamp.ubereats.dto.Account, querySpaceUid=<gen:0>, path=org.reverside.bootcamp.ubereats.dto.Account)
    - QuerySpaces
       - EntityQuerySpaceImpl(uid=<gen:0>, entity=org.reverside.bootcamp.ubereats.dto.Account)
          - SQL table alias mapping - account0_
          - alias suffix - 0_
          - suffixed key columns - {account_1_0_0_}

15:04:39.506 [main] DEBUG org.hibernate.loader.entity.plan.EntityLoader - Static select for entity org.reverside.bootcamp.ubereats.dto.Account [OPTIMISTIC]: select account0_.account_id as account_1_0_0_, account0_.account_holder as account_2_0_0_, account0_.account_num as account_3_0_0_, account0_.branch_code as branch_c4_0_0_, account0_.card_number as card_num5_0_0_, account0_.cvc as cvc6_0_0_, account0_.exp_date as exp_date7_0_0_, account0_.payment_method as payment_8_0_0_ from Account account0_ where account0_.account_id=?
15:04:39.506 [main] DEBUG org.hibernate.loader.plan.build.internal.spaces.QuerySpacesImpl - Adding QuerySpace : uid = <gen:0> -> org.hibernate.loader.plan.build.internal.spaces.EntityQuerySpaceImpl@532e27ab]
15:04:39.506 [main] DEBUG org.hibernate.persister.walking.spi.MetamodelGraphWalker - Visiting attribute path : accountHolder
15:04:39.506 [main] DEBUG org.hibernate.persister.walking.spi.MetamodelGraphWalker - Visiting attribute path : accountNum
15:04:39.506 [main] DEBUG org.hibernate.persister.walking.spi.MetamodelGraphWalker - Visiting attribute path : branchCode
15:04:39.506 [main] DEBUG org.hibernate.persister.walking.spi.MetamodelGraphWalker - Visiting attribute path : cardNumber
15:04:39.506 [main] DEBUG org.hibernate.persister.walking.spi.MetamodelGraphWalker - Visiting attribute path : cvc
15:04:39.506 [main] DEBUG org.hibernate.persister.walking.spi.MetamodelGraphWalker - Visiting attribute path : expDate
15:04:39.506 [main] DEBUG org.hibernate.persister.walking.spi.MetamodelGraphWalker - Visiting attribute path : paymentMethod
15:04:39.506 [main] DEBUG org.hibernate.loader.plan.build.internal.FetchStyleLoadPlanBuildingAssociationVisitationStrategy - Building LoadPlan...
15:04:39.506 [main] DEBUG org.hibernate.loader.plan.exec.internal.LoadQueryJoinAndFetchProcessor - processing queryspace <gen:0>
15:04:39.506 [main] DEBUG org.hibernate.loader.plan.build.spi.LoadPlanTreePrinter - LoadPlan(entity=org.reverside.bootcamp.ubereats.dto.Account)
    - Returns
       - EntityReturnImpl(entity=org.reverside.bootcamp.ubereats.dto.Account, querySpaceUid=<gen:0>, path=org.reverside.bootcamp.ubereats.dto.Account)
    - QuerySpaces
       - EntityQuerySpaceImpl(uid=<gen:0>, entity=org.reverside.bootcamp.ubereats.dto.Account)
          - SQL table alias mapping - account0_
          - alias suffix - 0_
          - suffixed key columns - {account_1_0_0_}

15:04:39.506 [main] DEBUG org.hibernate.loader.entity.plan.EntityLoader - Static select for entity org.reverside.bootcamp.ubereats.dto.Account [OPTIMISTIC_FORCE_INCREMENT]: select account0_.account_id as account_1_0_0_, account0_.account_holder as account_2_0_0_, account0_.account_num as account_3_0_0_, account0_.branch_code as branch_c4_0_0_, account0_.card_number as card_num5_0_0_, account0_.cvc as cvc6_0_0_, account0_.exp_date as exp_date7_0_0_, account0_.payment_method as payment_8_0_0_ from Account account0_ where account0_.account_id=?
15:04:39.507 [main] DEBUG org.hibernate.loader.Loader - Static select for action ACTION_MERGE on entity org.reverside.bootcamp.ubereats.dto.Account: select account0_.account_id as account_1_0_0_, account0_.account_holder as account_2_0_0_, account0_.account_num as account_3_0_0_, account0_.branch_code as branch_c4_0_0_, account0_.card_number as card_num5_0_0_, account0_.cvc as cvc6_0_0_, account0_.exp_date as exp_date7_0_0_, account0_.payment_method as payment_8_0_0_ from Account account0_ where account0_.account_id=?
15:04:39.507 [main] DEBUG org.hibernate.loader.Loader - Static select for action ACTION_REFRESH on entity org.reverside.bootcamp.ubereats.dto.Account: select account0_.account_id as account_1_0_0_, account0_.account_holder as account_2_0_0_, account0_.account_num as account_3_0_0_, account0_.branch_code as branch_c4_0_0_, account0_.card_number as card_num5_0_0_, account0_.cvc as cvc6_0_0_, account0_.exp_date as exp_date7_0_0_, account0_.payment_method as payment_8_0_0_ from Account account0_ where account0_.account_id=?
15:04:39.507 [main] DEBUG org.hibernate.persister.entity.AbstractEntityPersister - Static SQL for entity: org.reverside.bootcamp.ubereats.dto.Category
15:04:39.507 [main] DEBUG org.hibernate.persister.entity.AbstractEntityPersister -  Version select: select id from Category where id =?
15:04:39.507 [main] DEBUG org.hibernate.persister.entity.AbstractEntityPersister -  Snapshot select: select category_.id, category_.is_active as is_activ2_2_, category_.description as descript3_2_, category_.name as name4_2_ from Category category_ where category_.id=?
15:04:39.507 [main] DEBUG org.hibernate.persister.entity.AbstractEntityPersister -  Insert 0: insert into Category (is_active, description, name, id) values (?, ?, ?, ?)
15:04:39.507 [main] DEBUG org.hibernate.persister.entity.AbstractEntityPersister -  Update 0: update Category set is_active=?, description=?, name=? where id=?
15:04:39.507 [main] DEBUG org.hibernate.persister.entity.AbstractEntityPersister -  Delete 0: delete from Category where id=?
15:04:39.507 [main] DEBUG org.hibernate.persister.entity.AbstractEntityPersister -  Identity insert: insert into Category (id, is_active, description, name) values (null, ?, ?, ?)
15:04:39.507 [main] DEBUG org.hibernate.loader.plan.build.internal.spaces.QuerySpacesImpl - Adding QuerySpace : uid = <gen:0> -> org.hibernate.loader.plan.build.internal.spaces.EntityQuerySpaceImpl@5f95f1e1]
15:04:39.507 [main] DEBUG org.hibernate.persister.walking.spi.MetamodelGraphWalker - Visiting attribute path : active
15:04:39.507 [main] DEBUG org.hibernate.persister.walking.spi.MetamodelGraphWalker - Visiting attribute path : description
15:04:39.508 [main] DEBUG org.hibernate.persister.walking.spi.MetamodelGraphWalker - Visiting attribute path : name
15:04:39.508 [main] DEBUG org.hibernate.loader.plan.build.internal.FetchStyleLoadPlanBuildingAssociationVisitationStrategy - Building LoadPlan...
15:04:39.508 [main] DEBUG org.hibernate.loader.plan.exec.internal.LoadQueryJoinAndFetchProcessor - processing queryspace <gen:0>
15:04:39.508 [main] DEBUG org.hibernate.loader.plan.build.spi.LoadPlanTreePrinter - LoadPlan(entity=org.reverside.bootcamp.ubereats.dto.Category)
    - Returns
       - EntityReturnImpl(entity=org.reverside.bootcamp.ubereats.dto.Category, querySpaceUid=<gen:0>, path=org.reverside.bootcamp.ubereats.dto.Category)
    - QuerySpaces
       - EntityQuerySpaceImpl(uid=<gen:0>, entity=org.reverside.bootcamp.ubereats.dto.Category)
          - SQL table alias mapping - category0_
          - alias suffix - 0_
          - suffixed key columns - {id1_2_0_}

15:04:39.508 [main] DEBUG org.hibernate.loader.entity.plan.EntityLoader - Static select for entity org.reverside.bootcamp.ubereats.dto.Category [NONE]: select category0_.id as id1_2_0_, category0_.is_active as is_activ2_2_0_, category0_.description as descript3_2_0_, category0_.name as name4_2_0_ from Category category0_ where category0_.id=?
15:04:39.508 [main] DEBUG org.hibernate.loader.plan.build.internal.spaces.QuerySpacesImpl - Adding QuerySpace : uid = <gen:0> -> org.hibernate.loader.plan.build.internal.spaces.EntityQuerySpaceImpl@459b6c53]
15:04:39.508 [main] DEBUG org.hibernate.persister.walking.spi.MetamodelGraphWalker - Visiting attribute path : active
15:04:39.508 [main] DEBUG org.hibernate.persister.walking.spi.MetamodelGraphWalker - Visiting attribute path : description
15:04:39.508 [main] DEBUG org.hibernate.persister.walking.spi.MetamodelGraphWalker - Visiting attribute path : name
15:04:39.508 [main] DEBUG org.hibernate.loader.plan.build.internal.FetchStyleLoadPlanBuildingAssociationVisitationStrategy - Building LoadPlan...
15:04:39.508 [main] DEBUG org.hibernate.loader.plan.exec.internal.LoadQueryJoinAndFetchProcessor - processing queryspace <gen:0>
15:04:39.509 [main] DEBUG org.hibernate.loader.plan.build.spi.LoadPlanTreePrinter - LoadPlan(entity=org.reverside.bootcamp.ubereats.dto.Category)
    - Returns
       - EntityReturnImpl(entity=org.reverside.bootcamp.ubereats.dto.Category, querySpaceUid=<gen:0>, path=org.reverside.bootcamp.ubereats.dto.Category)
    - QuerySpaces
       - EntityQuerySpaceImpl(uid=<gen:0>, entity=org.reverside.bootcamp.ubereats.dto.Category)
          - SQL table alias mapping - category0_
          - alias suffix - 0_
          - suffixed key columns - {id1_2_0_}

15:04:39.509 [main] DEBUG org.hibernate.loader.entity.plan.EntityLoader - Static select for entity org.reverside.bootcamp.ubereats.dto.Category [READ]: select category0_.id as id1_2_0_, category0_.is_active as is_activ2_2_0_, category0_.description as descript3_2_0_, category0_.name as name4_2_0_ from Category category0_ where category0_.id=?
15:04:39.509 [main] DEBUG org.hibernate.loader.plan.build.internal.spaces.QuerySpacesImpl - Adding QuerySpace : uid = <gen:0> -> org.hibernate.loader.plan.build.internal.spaces.EntityQuerySpaceImpl@490c7a83]
15:04:39.509 [main] DEBUG org.hibernate.persister.walking.spi.MetamodelGraphWalker - Visiting attribute path : active
15:04:39.509 [main] DEBUG org.hibernate.persister.walking.spi.MetamodelGraphWalker - Visiting attribute path : description
15:04:39.509 [main] DEBUG org.hibernate.persister.walking.spi.MetamodelGraphWalker - Visiting attribute path : name
15:04:39.509 [main] DEBUG org.hibernate.loader.plan.build.internal.FetchStyleLoadPlanBuildingAssociationVisitationStrategy - Building LoadPlan...
15:04:39.509 [main] DEBUG org.hibernate.loader.plan.exec.internal.LoadQueryJoinAndFetchProcessor - processing queryspace <gen:0>
15:04:39.509 [main] DEBUG org.hibernate.loader.plan.build.spi.LoadPlanTreePrinter - LoadPlan(entity=org.reverside.bootcamp.ubereats.dto.Category)
    - Returns
       - EntityReturnImpl(entity=org.reverside.bootcamp.ubereats.dto.Category, querySpaceUid=<gen:0>, path=org.reverside.bootcamp.ubereats.dto.Category)
    - QuerySpaces
       - EntityQuerySpaceImpl(uid=<gen:0>, entity=org.reverside.bootcamp.ubereats.dto.Category)
          - SQL table alias mapping - category0_
          - alias suffix - 0_
          - suffixed key columns - {id1_2_0_}

15:04:39.509 [main] DEBUG org.hibernate.loader.entity.plan.EntityLoader - Static select for entity org.reverside.bootcamp.ubereats.dto.Category [UPGRADE]: select category0_.id as id1_2_0_, category0_.is_active as is_activ2_2_0_, category0_.description as descript3_2_0_, category0_.name as name4_2_0_ from Category category0_ where category0_.id=? for update
15:04:39.509 [main] DEBUG org.hibernate.loader.plan.build.internal.spaces.QuerySpacesImpl - Adding QuerySpace : uid = <gen:0> -> org.hibernate.loader.plan.build.internal.spaces.EntityQuerySpaceImpl@6015a4a5]
15:04:39.510 [main] DEBUG org.hibernate.persister.walking.spi.MetamodelGraphWalker - Visiting attribute path : active
15:04:39.510 [main] DEBUG org.hibernate.persister.walking.spi.MetamodelGraphWalker - Visiting attribute path : description
15:04:39.510 [main] DEBUG org.hibernate.persister.walking.spi.MetamodelGraphWalker - Visiting attribute path : name
15:04:39.510 [main] DEBUG org.hibernate.loader.plan.build.internal.FetchStyleLoadPlanBuildingAssociationVisitationStrategy - Building LoadPlan...
15:04:39.510 [main] DEBUG org.hibernate.loader.plan.exec.internal.LoadQueryJoinAndFetchProcessor - processing queryspace <gen:0>
15:04:39.510 [main] DEBUG org.hibernate.loader.plan.build.spi.LoadPlanTreePrinter - LoadPlan(entity=org.reverside.bootcamp.ubereats.dto.Category)
    - Returns
       - EntityReturnImpl(entity=org.reverside.bootcamp.ubereats.dto.Category, querySpaceUid=<gen:0>, path=org.reverside.bootcamp.ubereats.dto.Category)
    - QuerySpaces
       - EntityQuerySpaceImpl(uid=<gen:0>, entity=org.reverside.bootcamp.ubereats.dto.Category)
          - SQL table alias mapping - category0_
          - alias suffix - 0_
          - suffixed key columns - {id1_2_0_}

15:04:39.510 [main] DEBUG org.hibernate.loader.entity.plan.EntityLoader - Static select for entity org.reverside.bootcamp.ubereats.dto.Category [UPGRADE_NOWAIT]: select category0_.id as id1_2_0_, category0_.is_active as is_activ2_2_0_, category0_.description as descript3_2_0_, category0_.name as name4_2_0_ from Category category0_ where category0_.id=? for update
15:04:39.510 [main] DEBUG org.hibernate.loader.plan.build.internal.spaces.QuerySpacesImpl - Adding QuerySpace : uid = <gen:0> -> org.hibernate.loader.plan.build.internal.spaces.EntityQuerySpaceImpl@4779aae6]
15:04:39.510 [main] DEBUG org.hibernate.persister.walking.spi.MetamodelGraphWalker - Visiting attribute path : active
15:04:39.510 [main] DEBUG org.hibernate.persister.walking.spi.MetamodelGraphWalker - Visiting attribute path : description
15:04:39.510 [main] DEBUG org.hibernate.persister.walking.spi.MetamodelGraphWalker - Visiting attribute path : name
15:04:39.510 [main] DEBUG org.hibernate.loader.plan.build.internal.FetchStyleLoadPlanBuildingAssociationVisitationStrategy - Building LoadPlan...
15:04:39.510 [main] DEBUG org.hibernate.loader.plan.exec.internal.LoadQueryJoinAndFetchProcessor - processing queryspace <gen:0>
15:04:39.511 [main] DEBUG org.hibernate.loader.plan.build.spi.LoadPlanTreePrinter - LoadPlan(entity=org.reverside.bootcamp.ubereats.dto.Category)
    - Returns
       - EntityReturnImpl(entity=org.reverside.bootcamp.ubereats.dto.Category, querySpaceUid=<gen:0>, path=org.reverside.bootcamp.ubereats.dto.Category)
    - QuerySpaces
       - EntityQuerySpaceImpl(uid=<gen:0>, entity=org.reverside.bootcamp.ubereats.dto.Category)
          - SQL table alias mapping - category0_
          - alias suffix - 0_
          - suffixed key columns - {id1_2_0_}

15:04:39.511 [main] DEBUG org.hibernate.loader.entity.plan.EntityLoader - Static select for entity org.reverside.bootcamp.ubereats.dto.Category [UPGRADE_SKIPLOCKED]: select category0_.id as id1_2_0_, category0_.is_active as is_activ2_2_0_, category0_.description as descript3_2_0_, category0_.name as name4_2_0_ from Category category0_ where category0_.id=? for update
15:04:39.511 [main] DEBUG org.hibernate.loader.plan.build.internal.spaces.QuerySpacesImpl - Adding QuerySpace : uid = <gen:0> -> org.hibernate.loader.plan.build.internal.spaces.EntityQuerySpaceImpl@61ab89b0]
15:04:39.511 [main] DEBUG org.hibernate.persister.walking.spi.MetamodelGraphWalker - Visiting attribute path : active
15:04:39.511 [main] DEBUG org.hibernate.persister.walking.spi.MetamodelGraphWalker - Visiting attribute path : description
15:04:39.511 [main] DEBUG org.hibernate.persister.walking.spi.MetamodelGraphWalker - Visiting attribute path : name
15:04:39.511 [main] DEBUG org.hibernate.loader.plan.build.internal.FetchStyleLoadPlanBuildingAssociationVisitationStrategy - Building LoadPlan...
15:04:39.511 [main] DEBUG org.hibernate.loader.plan.exec.internal.LoadQueryJoinAndFetchProcessor - processing queryspace <gen:0>
15:04:39.512 [main] DEBUG org.hibernate.loader.plan.build.spi.LoadPlanTreePrinter - LoadPlan(entity=org.reverside.bootcamp.ubereats.dto.Category)
    - Returns
       - EntityReturnImpl(entity=org.reverside.bootcamp.ubereats.dto.Category, querySpaceUid=<gen:0>, path=org.reverside.bootcamp.ubereats.dto.Category)
    - QuerySpaces
       - EntityQuerySpaceImpl(uid=<gen:0>, entity=org.reverside.bootcamp.ubereats.dto.Category)
          - SQL table alias mapping - category0_
          - alias suffix - 0_
          - suffixed key columns - {id1_2_0_}

15:04:39.512 [main] DEBUG org.hibernate.loader.entity.plan.EntityLoader - Static select for entity org.reverside.bootcamp.ubereats.dto.Category [FORCE]: select category0_.id as id1_2_0_, category0_.is_active as is_activ2_2_0_, category0_.description as descript3_2_0_, category0_.name as name4_2_0_ from Category category0_ where category0_.id=? for update
15:04:39.512 [main] DEBUG org.hibernate.loader.plan.build.internal.spaces.QuerySpacesImpl - Adding QuerySpace : uid = <gen:0> -> org.hibernate.loader.plan.build.internal.spaces.EntityQuerySpaceImpl@5edc70ed]
15:04:39.512 [main] DEBUG org.hibernate.persister.walking.spi.MetamodelGraphWalker - Visiting attribute path : active
15:04:39.512 [main] DEBUG org.hibernate.persister.walking.spi.MetamodelGraphWalker - Visiting attribute path : description
15:04:39.512 [main] DEBUG org.hibernate.persister.walking.spi.MetamodelGraphWalker - Visiting attribute path : name
15:04:39.512 [main] DEBUG org.hibernate.loader.plan.build.internal.FetchStyleLoadPlanBuildingAssociationVisitationStrategy - Building LoadPlan...
15:04:39.512 [main] DEBUG org.hibernate.loader.plan.exec.internal.LoadQueryJoinAndFetchProcessor - processing queryspace <gen:0>
15:04:39.512 [main] DEBUG org.hibernate.loader.plan.build.spi.LoadPlanTreePrinter - LoadPlan(entity=org.reverside.bootcamp.ubereats.dto.Category)
    - Returns
       - EntityReturnImpl(entity=org.reverside.bootcamp.ubereats.dto.Category, querySpaceUid=<gen:0>, path=org.reverside.bootcamp.ubereats.dto.Category)
    - QuerySpaces
       - EntityQuerySpaceImpl(uid=<gen:0>, entity=org.reverside.bootcamp.ubereats.dto.Category)
          - SQL table alias mapping - category0_
          - alias suffix - 0_
          - suffixed key columns - {id1_2_0_}

15:04:39.513 [main] DEBUG org.hibernate.loader.entity.plan.EntityLoader - Static select for entity org.reverside.bootcamp.ubereats.dto.Category [PESSIMISTIC_READ]: select category0_.id as id1_2_0_, category0_.is_active as is_activ2_2_0_, category0_.description as descript3_2_0_, category0_.name as name4_2_0_ from Category category0_ where category0_.id=? for update
15:04:39.513 [main] DEBUG org.hibernate.loader.plan.build.internal.spaces.QuerySpacesImpl - Adding QuerySpace : uid = <gen:0> -> org.hibernate.loader.plan.build.internal.spaces.EntityQuerySpaceImpl@7e4c72d6]
15:04:39.513 [main] DEBUG org.hibernate.persister.walking.spi.MetamodelGraphWalker - Visiting attribute path : active
15:04:39.513 [main] DEBUG org.hibernate.persister.walking.spi.MetamodelGraphWalker - Visiting attribute path : description
15:04:39.513 [main] DEBUG org.hibernate.persister.walking.spi.MetamodelGraphWalker - Visiting attribute path : name
15:04:39.513 [main] DEBUG org.hibernate.loader.plan.build.internal.FetchStyleLoadPlanBuildingAssociationVisitationStrategy - Building LoadPlan...
15:04:39.513 [main] DEBUG org.hibernate.loader.plan.exec.internal.LoadQueryJoinAndFetchProcessor - processing queryspace <gen:0>
15:04:39.513 [main] DEBUG org.hibernate.loader.plan.build.spi.LoadPlanTreePrinter - LoadPlan(entity=org.reverside.bootcamp.ubereats.dto.Category)
    - Returns
       - EntityReturnImpl(entity=org.reverside.bootcamp.ubereats.dto.Category, querySpaceUid=<gen:0>, path=org.reverside.bootcamp.ubereats.dto.Category)
    - QuerySpaces
       - EntityQuerySpaceImpl(uid=<gen:0>, entity=org.reverside.bootcamp.ubereats.dto.Category)
          - SQL table alias mapping - category0_
          - alias suffix - 0_
          - suffixed key columns - {id1_2_0_}

15:04:39.513 [main] DEBUG org.hibernate.loader.entity.plan.EntityLoader - Static select for entity org.reverside.bootcamp.ubereats.dto.Category [PESSIMISTIC_WRITE]: select category0_.id as id1_2_0_, category0_.is_active as is_activ2_2_0_, category0_.description as descript3_2_0_, category0_.name as name4_2_0_ from Category category0_ where category0_.id=? for update
15:04:39.513 [main] DEBUG org.hibernate.loader.plan.build.internal.spaces.QuerySpacesImpl - Adding QuerySpace : uid = <gen:0> -> org.hibernate.loader.plan.build.internal.spaces.EntityQuerySpaceImpl@51b01550]
15:04:39.513 [main] DEBUG org.hibernate.persister.walking.spi.MetamodelGraphWalker - Visiting attribute path : active
15:04:39.513 [main] DEBUG org.hibernate.persister.walking.spi.MetamodelGraphWalker - Visiting attribute path : description
15:04:39.513 [main] DEBUG org.hibernate.persister.walking.spi.MetamodelGraphWalker - Visiting attribute path : name
15:04:39.514 [main] DEBUG org.hibernate.loader.plan.build.internal.FetchStyleLoadPlanBuildingAssociationVisitationStrategy - Building LoadPlan...
15:04:39.514 [main] DEBUG org.hibernate.loader.plan.exec.internal.LoadQueryJoinAndFetchProcessor - processing queryspace <gen:0>
15:04:39.514 [main] DEBUG org.hibernate.loader.plan.build.spi.LoadPlanTreePrinter - LoadPlan(entity=org.reverside.bootcamp.ubereats.dto.Category)
    - Returns
       - EntityReturnImpl(entity=org.reverside.bootcamp.ubereats.dto.Category, querySpaceUid=<gen:0>, path=org.reverside.bootcamp.ubereats.dto.Category)
    - QuerySpaces
       - EntityQuerySpaceImpl(uid=<gen:0>, entity=org.reverside.bootcamp.ubereats.dto.Category)
          - SQL table alias mapping - category0_
          - alias suffix - 0_
          - suffixed key columns - {id1_2_0_}

15:04:39.514 [main] DEBUG org.hibernate.loader.entity.plan.EntityLoader - Static select for entity org.reverside.bootcamp.ubereats.dto.Category [PESSIMISTIC_FORCE_INCREMENT]: select category0_.id as id1_2_0_, category0_.is_active as is_activ2_2_0_, category0_.description as descript3_2_0_, category0_.name as name4_2_0_ from Category category0_ where category0_.id=? for update
15:04:39.514 [main] DEBUG org.hibernate.loader.plan.build.internal.spaces.QuerySpacesImpl - Adding QuerySpace : uid = <gen:0> -> org.hibernate.loader.plan.build.internal.spaces.EntityQuerySpaceImpl@3337d04c]
15:04:39.514 [main] DEBUG org.hibernate.persister.walking.spi.MetamodelGraphWalker - Visiting attribute path : active
15:04:39.514 [main] DEBUG org.hibernate.persister.walking.spi.MetamodelGraphWalker - Visiting attribute path : description
15:04:39.514 [main] DEBUG org.hibernate.persister.walking.spi.MetamodelGraphWalker - Visiting attribute path : name
15:04:39.514 [main] DEBUG org.hibernate.loader.plan.build.internal.FetchStyleLoadPlanBuildingAssociationVisitationStrategy - Building LoadPlan...
15:04:39.514 [main] DEBUG org.hibernate.loader.plan.exec.internal.LoadQueryJoinAndFetchProcessor - processing queryspace <gen:0>
15:04:39.515 [main] DEBUG org.hibernate.loader.plan.build.spi.LoadPlanTreePrinter - LoadPlan(entity=org.reverside.bootcamp.ubereats.dto.Category)
    - Returns
       - EntityReturnImpl(entity=org.reverside.bootcamp.ubereats.dto.Category, querySpaceUid=<gen:0>, path=org.reverside.bootcamp.ubereats.dto.Category)
    - QuerySpaces
       - EntityQuerySpaceImpl(uid=<gen:0>, entity=org.reverside.bootcamp.ubereats.dto.Category)
          - SQL table alias mapping - category0_
          - alias suffix - 0_
          - suffixed key columns - {id1_2_0_}

15:04:39.515 [main] DEBUG org.hibernate.loader.entity.plan.EntityLoader - Static select for entity org.reverside.bootcamp.ubereats.dto.Category [OPTIMISTIC]: select category0_.id as id1_2_0_, category0_.is_active as is_activ2_2_0_, category0_.description as descript3_2_0_, category0_.name as name4_2_0_ from Category category0_ where category0_.id=?
15:04:39.515 [main] DEBUG org.hibernate.loader.plan.build.internal.spaces.QuerySpacesImpl - Adding QuerySpace : uid = <gen:0> -> org.hibernate.loader.plan.build.internal.spaces.EntityQuerySpaceImpl@3cad68df]
15:04:39.515 [main] DEBUG org.hibernate.persister.walking.spi.MetamodelGraphWalker - Visiting attribute path : active
15:04:39.515 [main] DEBUG org.hibernate.persister.walking.spi.MetamodelGraphWalker - Visiting attribute path : description
15:04:39.515 [main] DEBUG org.hibernate.persister.walking.spi.MetamodelGraphWalker - Visiting attribute path : name
15:04:39.515 [main] DEBUG org.hibernate.loader.plan.build.internal.FetchStyleLoadPlanBuildingAssociationVisitationStrategy - Building LoadPlan...
15:04:39.515 [main] DEBUG org.hibernate.loader.plan.exec.internal.LoadQueryJoinAndFetchProcessor - processing queryspace <gen:0>
15:04:39.515 [main] DEBUG org.hibernate.loader.plan.build.spi.LoadPlanTreePrinter - LoadPlan(entity=org.reverside.bootcamp.ubereats.dto.Category)
    - Returns
       - EntityReturnImpl(entity=org.reverside.bootcamp.ubereats.dto.Category, querySpaceUid=<gen:0>, path=org.reverside.bootcamp.ubereats.dto.Category)
    - QuerySpaces
       - EntityQuerySpaceImpl(uid=<gen:0>, entity=org.reverside.bootcamp.ubereats.dto.Category)
          - SQL table alias mapping - category0_
          - alias suffix - 0_
          - suffixed key columns - {id1_2_0_}

15:04:39.515 [main] DEBUG org.hibernate.loader.entity.plan.EntityLoader - Static select for entity org.reverside.bootcamp.ubereats.dto.Category [OPTIMISTIC_FORCE_INCREMENT]: select category0_.id as id1_2_0_, category0_.is_active as is_activ2_2_0_, category0_.description as descript3_2_0_, category0_.name as name4_2_0_ from Category category0_ where category0_.id=?
15:04:39.516 [main] DEBUG org.hibernate.loader.Loader - Static select for action ACTION_MERGE on entity org.reverside.bootcamp.ubereats.dto.Category: select category0_.id as id1_2_0_, category0_.is_active as is_activ2_2_0_, category0_.description as descript3_2_0_, category0_.name as name4_2_0_ from Category category0_ where category0_.id=?
15:04:39.516 [main] DEBUG org.hibernate.loader.Loader - Static select for action ACTION_REFRESH on entity org.reverside.bootcamp.ubereats.dto.Category: select category0_.id as id1_2_0_, category0_.is_active as is_activ2_2_0_, category0_.description as descript3_2_0_, category0_.name as name4_2_0_ from Category category0_ where category0_.id=?
15:04:39.516 [main] DEBUG org.hibernate.persister.entity.AbstractEntityPersister - Static SQL for entity: org.reverside.bootcamp.ubereats.dto.User
15:04:39.516 [main] DEBUG org.hibernate.persister.entity.AbstractEntityPersister -  Version select: select email from User where email =?
15:04:39.516 [main] DEBUG org.hibernate.persister.entity.AbstractEntityPersister -  Snapshot select: select user_.email, user_.account_num as account_3_7_, user_.is_active as is_activ4_7_, user_.enabled as enabled5_7_, user_.name as name6_7_, user_.phone_num as phone_nu7_7_, user_.recovery_response as recovery8_7_, user_.role as role9_7_, user_.surname as surname10_7_ from User user_ where user_.email=?
15:04:39.516 [main] DEBUG org.hibernate.persister.entity.AbstractEntityPersister -  Insert 0: insert into User (account_num, is_active, enabled, name, phone_num, recovery_response, role, surname, DTYPE, email) values (?, ?, ?, ?, ?, ?, ?, ?, 'User', ?)
15:04:39.516 [main] DEBUG org.hibernate.persister.entity.AbstractEntityPersister -  Update 0: update User set account_num=?, is_active=?, enabled=?, name=?, phone_num=?, recovery_response=?, role=?, surname=? where email=?
15:04:39.516 [main] DEBUG org.hibernate.persister.entity.AbstractEntityPersister -  Delete 0: delete from User where email=?
15:04:39.516 [main] DEBUG org.hibernate.loader.plan.build.internal.spaces.QuerySpacesImpl - Adding QuerySpace : uid = <gen:0> -> org.hibernate.loader.plan.build.internal.spaces.EntityQuerySpaceImpl@1921994e]
15:04:39.516 [main] DEBUG org.hibernate.persister.walking.spi.MetamodelGraphWalker - Visiting attribute path : accountId
15:04:39.516 [main] DEBUG org.hibernate.persister.walking.spi.MetamodelGraphWalker - Visiting attribute path : active
15:04:39.516 [main] DEBUG org.hibernate.persister.walking.spi.MetamodelGraphWalker - Visiting attribute path : enabled
15:04:39.516 [main] DEBUG org.hibernate.persister.walking.spi.MetamodelGraphWalker - Visiting attribute path : name
15:04:39.517 [main] DEBUG org.hibernate.persister.walking.spi.MetamodelGraphWalker - Visiting attribute path : phoneNum
15:04:39.517 [main] DEBUG org.hibernate.persister.walking.spi.MetamodelGraphWalker - Visiting attribute path : recoveryQuestion
15:04:39.517 [main] DEBUG org.hibernate.persister.walking.spi.MetamodelGraphWalker - Visiting attribute path : role
15:04:39.517 [main] DEBUG org.hibernate.persister.walking.spi.MetamodelGraphWalker - Visiting attribute path : surname
15:04:39.517 [main] DEBUG org.hibernate.persister.walking.spi.MetamodelGraphWalker - Visiting attribute path : cart
15:04:39.517 [main] DEBUG org.hibernate.loader.plan.build.internal.spaces.QuerySpacesImpl - Adding QuerySpace : uid = <gen:1> -> org.hibernate.loader.plan.build.internal.spaces.EntityQuerySpaceImpl@14f40030]
15:04:39.517 [main] DEBUG org.hibernate.persister.walking.spi.MetamodelGraphWalker - Visiting attribute path : cart.cartLines
15:04:39.517 [main] DEBUG org.hibernate.persister.walking.spi.MetamodelGraphWalker - Visiting attribute path : cart.total
15:04:39.517 [main] DEBUG org.hibernate.persister.walking.spi.MetamodelGraphWalker - Visiting attribute path : cart.user
15:04:39.517 [main] DEBUG org.hibernate.persister.walking.spi.MetamodelGraphWalker - Property path deemed to be circular : cart.user
15:04:39.517 [main] DEBUG org.hibernate.persister.walking.spi.MetamodelGraphWalker - Visiting attribute path : region
15:04:39.517 [main] DEBUG org.hibernate.loader.plan.build.internal.FetchStyleLoadPlanBuildingAssociationVisitationStrategy - Building LoadPlan...
15:04:39.517 [main] DEBUG org.hibernate.loader.plan.exec.internal.LoadQueryJoinAndFetchProcessor - processing queryspace <gen:0>
15:04:39.518 [main] DEBUG org.hibernate.loader.plan.build.spi.LoadPlanTreePrinter - LoadPlan(entity=org.reverside.bootcamp.ubereats.dto.User)
    - Returns
       - EntityReturnImpl(entity=org.reverside.bootcamp.ubereats.dto.User, querySpaceUid=<gen:0>, path=org.reverside.bootcamp.ubereats.dto.User)
          - EntityAttributeFetchImpl(entity=org.reverside.bootcamp.ubereats.dto.Cart, querySpaceUid=<gen:1>, path=org.reverside.bootcamp.ubereats.dto.User.cart)
    - QuerySpaces
       - EntityQuerySpaceImpl(uid=<gen:0>, entity=org.reverside.bootcamp.ubereats.dto.User)
          - SQL table alias mapping - user0_
          - alias suffix - 0_
          - suffixed key columns - {email2_7_0_}
          - JOIN (JoinDefinedByMetadata(cart)) : <gen:0> -> <gen:1>
             - EntityQuerySpaceImpl(uid=<gen:1>, entity=org.reverside.bootcamp.ubereats.dto.Cart)
                - SQL table alias mapping - cart1_
                - alias suffix - 1_
                - suffixed key columns - {id1_1_1_}

15:04:39.518 [main] DEBUG org.hibernate.loader.entity.plan.EntityLoader - Static select for entity org.reverside.bootcamp.ubereats.dto.User [NONE]: select user0_.email as email2_7_0_, user0_.account_num as account_3_7_0_, user0_.is_active as is_activ4_7_0_, user0_.enabled as enabled5_7_0_, user0_.name as name6_7_0_, user0_.phone_num as phone_nu7_7_0_, user0_.recovery_response as recovery8_7_0_, user0_.role as role9_7_0_, user0_.surname as surname10_7_0_, user0_.region as region11_7_0_, user0_.DTYPE as DTYPE1_7_0_, cart1_.id as id1_1_1_, cart1_.cart_lines as cart_lin2_1_1_, cart1_.total as total3_1_1_, cart1_.user_email as user_ema4_1_1_ from User user0_ left outer join Cart cart1_ on user0_.email=cart1_.user_email where user0_.email=?
15:04:39.518 [main] DEBUG org.hibernate.loader.plan.build.internal.spaces.QuerySpacesImpl - Adding QuerySpace : uid = <gen:0> -> org.hibernate.loader.plan.build.internal.spaces.EntityQuerySpaceImpl@593a6726]
15:04:39.518 [main] DEBUG org.hibernate.persister.walking.spi.MetamodelGraphWalker - Visiting attribute path : accountId
15:04:39.518 [main] DEBUG org.hibernate.persister.walking.spi.MetamodelGraphWalker - Visiting attribute path : active
15:04:39.518 [main] DEBUG org.hibernate.persister.walking.spi.MetamodelGraphWalker - Visiting attribute path : enabled
15:04:39.518 [main] DEBUG org.hibernate.persister.walking.spi.MetamodelGraphWalker - Visiting attribute path : name
15:04:39.518 [main] DEBUG org.hibernate.persister.walking.spi.MetamodelGraphWalker - Visiting attribute path : phoneNum
15:04:39.518 [main] DEBUG org.hibernate.persister.walking.spi.MetamodelGraphWalker - Visiting attribute path : recoveryQuestion
15:04:39.518 [main] DEBUG org.hibernate.persister.walking.spi.MetamodelGraphWalker - Visiting attribute path : role
15:04:39.518 [main] DEBUG org.hibernate.persister.walking.spi.MetamodelGraphWalker - Visiting attribute path : surname
15:04:39.518 [main] DEBUG org.hibernate.persister.walking.spi.MetamodelGraphWalker - Visiting attribute path : cart
15:04:39.518 [main] DEBUG org.hibernate.loader.plan.build.internal.spaces.QuerySpacesImpl - Adding QuerySpace : uid = <gen:1> -> org.hibernate.loader.plan.build.internal.spaces.EntityQuerySpaceImpl@6dab01d9]
15:04:39.519 [main] DEBUG org.hibernate.persister.walking.spi.MetamodelGraphWalker - Visiting attribute path : cart.cartLines
15:04:39.519 [main] DEBUG org.hibernate.persister.walking.spi.MetamodelGraphWalker - Visiting attribute path : cart.total
15:04:39.519 [main] DEBUG org.hibernate.persister.walking.spi.MetamodelGraphWalker - Visiting attribute path : cart.user
15:04:39.519 [main] DEBUG org.hibernate.persister.walking.spi.MetamodelGraphWalker - Property path deemed to be circular : cart.user
15:04:39.519 [main] DEBUG org.hibernate.persister.walking.spi.MetamodelGraphWalker - Visiting attribute path : region
15:04:39.519 [main] DEBUG org.hibernate.loader.plan.build.internal.FetchStyleLoadPlanBuildingAssociationVisitationStrategy - Building LoadPlan...
15:04:39.519 [main] DEBUG org.hibernate.loader.plan.exec.internal.LoadQueryJoinAndFetchProcessor - processing queryspace <gen:0>
15:04:39.520 [main] DEBUG org.hibernate.loader.plan.build.spi.LoadPlanTreePrinter - LoadPlan(entity=org.reverside.bootcamp.ubereats.dto.User)
    - Returns
       - EntityReturnImpl(entity=org.reverside.bootcamp.ubereats.dto.User, querySpaceUid=<gen:0>, path=org.reverside.bootcamp.ubereats.dto.User)
          - EntityAttributeFetchImpl(entity=org.reverside.bootcamp.ubereats.dto.Cart, querySpaceUid=<gen:1>, path=org.reverside.bootcamp.ubereats.dto.User.cart)
    - QuerySpaces
       - EntityQuerySpaceImpl(uid=<gen:0>, entity=org.reverside.bootcamp.ubereats.dto.User)
          - SQL table alias mapping - user0_
          - alias suffix - 0_
          - suffixed key columns - {email2_7_0_}
          - JOIN (JoinDefinedByMetadata(cart)) : <gen:0> -> <gen:1>
             - EntityQuerySpaceImpl(uid=<gen:1>, entity=org.reverside.bootcamp.ubereats.dto.Cart)
                - SQL table alias mapping - cart1_
                - alias suffix - 1_
                - suffixed key columns - {id1_1_1_}

15:04:39.520 [main] DEBUG org.hibernate.loader.entity.plan.EntityLoader - Static select for entity org.reverside.bootcamp.ubereats.dto.User [READ]: select user0_.email as email2_7_0_, user0_.account_num as account_3_7_0_, user0_.is_active as is_activ4_7_0_, user0_.enabled as enabled5_7_0_, user0_.name as name6_7_0_, user0_.phone_num as phone_nu7_7_0_, user0_.recovery_response as recovery8_7_0_, user0_.role as role9_7_0_, user0_.surname as surname10_7_0_, user0_.region as region11_7_0_, user0_.DTYPE as DTYPE1_7_0_, cart1_.id as id1_1_1_, cart1_.cart_lines as cart_lin2_1_1_, cart1_.total as total3_1_1_, cart1_.user_email as user_ema4_1_1_ from User user0_ left outer join Cart cart1_ on user0_.email=cart1_.user_email where user0_.email=?
15:04:39.520 [main] DEBUG org.hibernate.loader.plan.build.internal.spaces.QuerySpacesImpl - Adding QuerySpace : uid = <gen:0> -> org.hibernate.loader.plan.build.internal.spaces.EntityQuerySpaceImpl@869d87c]
15:04:39.520 [main] DEBUG org.hibernate.persister.walking.spi.MetamodelGraphWalker - Visiting attribute path : accountId
15:04:39.520 [main] DEBUG org.hibernate.persister.walking.spi.MetamodelGraphWalker - Visiting attribute path : active
15:04:39.520 [main] DEBUG org.hibernate.persister.walking.spi.MetamodelGraphWalker - Visiting attribute path : enabled
15:04:39.520 [main] DEBUG org.hibernate.persister.walking.spi.MetamodelGraphWalker - Visiting attribute path : name
15:04:39.520 [main] DEBUG org.hibernate.persister.walking.spi.MetamodelGraphWalker - Visiting attribute path : phoneNum
15:04:39.520 [main] DEBUG org.hibernate.persister.walking.spi.MetamodelGraphWalker - Visiting attribute path : recoveryQuestion
15:04:39.520 [main] DEBUG org.hibernate.persister.walking.spi.MetamodelGraphWalker - Visiting attribute path : role
15:04:39.520 [main] DEBUG org.hibernate.persister.walking.spi.MetamodelGraphWalker - Visiting attribute path : surname
15:04:39.520 [main] DEBUG org.hibernate.persister.walking.spi.MetamodelGraphWalker - Visiting attribute path : cart
15:04:39.520 [main] DEBUG org.hibernate.loader.plan.build.internal.spaces.QuerySpacesImpl - Adding QuerySpace : uid = <gen:1> -> org.hibernate.loader.plan.build.internal.spaces.EntityQuerySpaceImpl@37637a24]
15:04:39.520 [main] DEBUG org.hibernate.persister.walking.spi.MetamodelGraphWalker - Visiting attribute path : region
15:04:39.520 [main] DEBUG org.hibernate.loader.plan.build.internal.FetchStyleLoadPlanBuildingAssociationVisitationStrategy - Building LoadPlan...
15:04:39.521 [main] DEBUG org.hibernate.loader.plan.exec.internal.LoadQueryJoinAndFetchProcessor - processing queryspace <gen:0>
15:04:39.521 [main] DEBUG org.hibernate.loader.plan.build.spi.LoadPlanTreePrinter - LoadPlan(entity=org.reverside.bootcamp.ubereats.dto.User)
    - Returns
       - EntityReturnImpl(entity=org.reverside.bootcamp.ubereats.dto.User, querySpaceUid=<gen:0>, path=org.reverside.bootcamp.ubereats.dto.User)
          - EntityAttributeFetchImpl(entity=org.reverside.bootcamp.ubereats.dto.Cart, querySpaceUid=<gen:1>, path=org.reverside.bootcamp.ubereats.dto.User.cart)
    - QuerySpaces
       - EntityQuerySpaceImpl(uid=<gen:0>, entity=org.reverside.bootcamp.ubereats.dto.User)
          - SQL table alias mapping - user0_
          - alias suffix - 0_
          - suffixed key columns - {email2_7_0_}

15:04:39.521 [main] DEBUG org.hibernate.loader.entity.plan.EntityLoader - Static select for entity org.reverside.bootcamp.ubereats.dto.User [UPGRADE]: select user0_.email as email2_7_0_, user0_.account_num as account_3_7_0_, user0_.is_active as is_activ4_7_0_, user0_.enabled as enabled5_7_0_, user0_.name as name6_7_0_, user0_.phone_num as phone_nu7_7_0_, user0_.recovery_response as recovery8_7_0_, user0_.role as role9_7_0_, user0_.surname as surname10_7_0_, user0_.region as region11_7_0_, user0_.DTYPE as DTYPE1_7_0_ from User user0_ where user0_.email=? for update
15:04:39.521 [main] DEBUG org.hibernate.loader.plan.build.internal.spaces.QuerySpacesImpl - Adding QuerySpace : uid = <gen:0> -> org.hibernate.loader.plan.build.internal.spaces.EntityQuerySpaceImpl@31e76a8d]
15:04:39.521 [main] DEBUG org.hibernate.persister.walking.spi.MetamodelGraphWalker - Visiting attribute path : accountId
15:04:39.521 [main] DEBUG org.hibernate.persister.walking.spi.MetamodelGraphWalker - Visiting attribute path : active
15:04:39.521 [main] DEBUG org.hibernate.persister.walking.spi.MetamodelGraphWalker - Visiting attribute path : enabled
15:04:39.521 [main] DEBUG org.hibernate.persister.walking.spi.MetamodelGraphWalker - Visiting attribute path : name
15:04:39.521 [main] DEBUG org.hibernate.persister.walking.spi.MetamodelGraphWalker - Visiting attribute path : phoneNum
15:04:39.521 [main] DEBUG org.hibernate.persister.walking.spi.MetamodelGraphWalker - Visiting attribute path : recoveryQuestion
15:04:39.521 [main] DEBUG org.hibernate.persister.walking.spi.MetamodelGraphWalker - Visiting attribute path : role
15:04:39.521 [main] DEBUG org.hibernate.persister.walking.spi.MetamodelGraphWalker - Visiting attribute path : surname
15:04:39.521 [main] DEBUG org.hibernate.persister.walking.spi.MetamodelGraphWalker - Visiting attribute path : cart
15:04:39.521 [main] DEBUG org.hibernate.loader.plan.build.internal.spaces.QuerySpacesImpl - Adding QuerySpace : uid = <gen:1> -> org.hibernate.loader.plan.build.internal.spaces.EntityQuerySpaceImpl@6dd1f638]
15:04:39.521 [main] DEBUG org.hibernate.persister.walking.spi.MetamodelGraphWalker - Visiting attribute path : region
15:04:39.522 [main] DEBUG org.hibernate.loader.plan.build.internal.FetchStyleLoadPlanBuildingAssociationVisitationStrategy - Building LoadPlan...
15:04:39.522 [main] DEBUG org.hibernate.loader.plan.exec.internal.LoadQueryJoinAndFetchProcessor - processing queryspace <gen:0>
15:04:39.522 [main] DEBUG org.hibernate.loader.plan.build.spi.LoadPlanTreePrinter - LoadPlan(entity=org.reverside.bootcamp.ubereats.dto.User)
    - Returns
       - EntityReturnImpl(entity=org.reverside.bootcamp.ubereats.dto.User, querySpaceUid=<gen:0>, path=org.reverside.bootcamp.ubereats.dto.User)
          - EntityAttributeFetchImpl(entity=org.reverside.bootcamp.ubereats.dto.Cart, querySpaceUid=<gen:1>, path=org.reverside.bootcamp.ubereats.dto.User.cart)
    - QuerySpaces
       - EntityQuerySpaceImpl(uid=<gen:0>, entity=org.reverside.bootcamp.ubereats.dto.User)
          - SQL table alias mapping - user0_
          - alias suffix - 0_
          - suffixed key columns - {email2_7_0_}

15:04:39.522 [main] DEBUG org.hibernate.loader.entity.plan.EntityLoader - Static select for entity org.reverside.bootcamp.ubereats.dto.User [UPGRADE_NOWAIT]: select user0_.email as email2_7_0_, user0_.account_num as account_3_7_0_, user0_.is_active as is_activ4_7_0_, user0_.enabled as enabled5_7_0_, user0_.name as name6_7_0_, user0_.phone_num as phone_nu7_7_0_, user0_.recovery_response as recovery8_7_0_, user0_.role as role9_7_0_, user0_.surname as surname10_7_0_, user0_.region as region11_7_0_, user0_.DTYPE as DTYPE1_7_0_ from User user0_ where user0_.email=? for update
15:04:39.522 [main] DEBUG org.hibernate.loader.plan.build.internal.spaces.QuerySpacesImpl - Adding QuerySpace : uid = <gen:0> -> org.hibernate.loader.plan.build.internal.spaces.EntityQuerySpaceImpl@414f13fc]
15:04:39.522 [main] DEBUG org.hibernate.persister.walking.spi.MetamodelGraphWalker - Visiting attribute path : accountId
15:04:39.522 [main] DEBUG org.hibernate.persister.walking.spi.MetamodelGraphWalker - Visiting attribute path : active
15:04:39.522 [main] DEBUG org.hibernate.persister.walking.spi.MetamodelGraphWalker - Visiting attribute path : enabled
15:04:39.522 [main] DEBUG org.hibernate.persister.walking.spi.MetamodelGraphWalker - Visiting attribute path : name
15:04:39.522 [main] DEBUG org.hibernate.persister.walking.spi.MetamodelGraphWalker - Visiting attribute path : phoneNum
15:04:39.522 [main] DEBUG org.hibernate.persister.walking.spi.MetamodelGraphWalker - Visiting attribute path : recoveryQuestion
15:04:39.522 [main] DEBUG org.hibernate.persister.walking.spi.MetamodelGraphWalker - Visiting attribute path : role
15:04:39.522 [main] DEBUG org.hibernate.persister.walking.spi.MetamodelGraphWalker - Visiting attribute path : surname
15:04:39.522 [main] DEBUG org.hibernate.persister.walking.spi.MetamodelGraphWalker - Visiting attribute path : cart
15:04:39.523 [main] DEBUG org.hibernate.loader.plan.build.internal.spaces.QuerySpacesImpl - Adding QuerySpace : uid = <gen:1> -> org.hibernate.loader.plan.build.internal.spaces.EntityQuerySpaceImpl@63a28987]
15:04:39.523 [main] DEBUG org.hibernate.persister.walking.spi.MetamodelGraphWalker - Visiting attribute path : region
15:04:39.523 [main] DEBUG org.hibernate.loader.plan.build.internal.FetchStyleLoadPlanBuildingAssociationVisitationStrategy - Building LoadPlan...
15:04:39.523 [main] DEBUG org.hibernate.loader.plan.exec.internal.LoadQueryJoinAndFetchProcessor - processing queryspace <gen:0>
15:04:39.523 [main] DEBUG org.hibernate.loader.plan.build.spi.LoadPlanTreePrinter - LoadPlan(entity=org.reverside.bootcamp.ubereats.dto.User)
    - Returns
       - EntityReturnImpl(entity=org.reverside.bootcamp.ubereats.dto.User, querySpaceUid=<gen:0>, path=org.reverside.bootcamp.ubereats.dto.User)
          - EntityAttributeFetchImpl(entity=org.reverside.bootcamp.ubereats.dto.Cart, querySpaceUid=<gen:1>, path=org.reverside.bootcamp.ubereats.dto.User.cart)
    - QuerySpaces
       - EntityQuerySpaceImpl(uid=<gen:0>, entity=org.reverside.bootcamp.ubereats.dto.User)
          - SQL table alias mapping - user0_
          - alias suffix - 0_
          - suffixed key columns - {email2_7_0_}

15:04:39.523 [main] DEBUG org.hibernate.loader.entity.plan.EntityLoader - Static select for entity org.reverside.bootcamp.ubereats.dto.User [UPGRADE_SKIPLOCKED]: select user0_.email as email2_7_0_, user0_.account_num as account_3_7_0_, user0_.is_active as is_activ4_7_0_, user0_.enabled as enabled5_7_0_, user0_.name as name6_7_0_, user0_.phone_num as phone_nu7_7_0_, user0_.recovery_response as recovery8_7_0_, user0_.role as role9_7_0_, user0_.surname as surname10_7_0_, user0_.region as region11_7_0_, user0_.DTYPE as DTYPE1_7_0_ from User user0_ where user0_.email=? for update
15:04:39.523 [main] DEBUG org.hibernate.loader.plan.build.internal.spaces.QuerySpacesImpl - Adding QuerySpace : uid = <gen:0> -> org.hibernate.loader.plan.build.internal.spaces.EntityQuerySpaceImpl@120d3fd]
15:04:39.524 [main] DEBUG org.hibernate.persister.walking.spi.MetamodelGraphWalker - Visiting attribute path : accountId
15:04:39.524 [main] DEBUG org.hibernate.persister.walking.spi.MetamodelGraphWalker - Visiting attribute path : active
15:04:39.524 [main] DEBUG org.hibernate.persister.walking.spi.MetamodelGraphWalker - Visiting attribute path : enabled
15:04:39.524 [main] DEBUG org.hibernate.persister.walking.spi.MetamodelGraphWalker - Visiting attribute path : name
15:04:39.524 [main] DEBUG org.hibernate.persister.walking.spi.MetamodelGraphWalker - Visiting attribute path : phoneNum
15:04:39.524 [main] DEBUG org.hibernate.persister.walking.spi.MetamodelGraphWalker - Visiting attribute path : recoveryQuestion
15:04:39.524 [main] DEBUG org.hibernate.persister.walking.spi.MetamodelGraphWalker - Visiting attribute path : role
15:04:39.524 [main] DEBUG org.hibernate.persister.walking.spi.MetamodelGraphWalker - Visiting attribute path : surname
15:04:39.524 [main] DEBUG org.hibernate.persister.walking.spi.MetamodelGraphWalker - Visiting attribute path : cart
15:04:39.524 [main] DEBUG org.hibernate.loader.plan.build.internal.spaces.QuerySpacesImpl - Adding QuerySpace : uid = <gen:1> -> org.hibernate.loader.plan.build.internal.spaces.EntityQuerySpaceImpl@4693a9ef]
15:04:39.524 [main] DEBUG org.hibernate.persister.walking.spi.MetamodelGraphWalker - Visiting attribute path : region
15:04:39.524 [main] DEBUG org.hibernate.loader.plan.build.internal.FetchStyleLoadPlanBuildingAssociationVisitationStrategy - Building LoadPlan...
15:04:39.524 [main] DEBUG org.hibernate.loader.plan.exec.internal.LoadQueryJoinAndFetchProcessor - processing queryspace <gen:0>
15:04:39.524 [main] DEBUG org.hibernate.loader.plan.build.spi.LoadPlanTreePrinter - LoadPlan(entity=org.reverside.bootcamp.ubereats.dto.User)
    - Returns
       - EntityReturnImpl(entity=org.reverside.bootcamp.ubereats.dto.User, querySpaceUid=<gen:0>, path=org.reverside.bootcamp.ubereats.dto.User)
          - EntityAttributeFetchImpl(entity=org.reverside.bootcamp.ubereats.dto.Cart, querySpaceUid=<gen:1>, path=org.reverside.bootcamp.ubereats.dto.User.cart)
    - QuerySpaces
       - EntityQuerySpaceImpl(uid=<gen:0>, entity=org.reverside.bootcamp.ubereats.dto.User)
          - SQL table alias mapping - user0_
          - alias suffix - 0_
          - suffixed key columns - {email2_7_0_}

15:04:39.525 [main] DEBUG org.hibernate.loader.entity.plan.EntityLoader - Static select for entity org.reverside.bootcamp.ubereats.dto.User [FORCE]: select user0_.email as email2_7_0_, user0_.account_num as account_3_7_0_, user0_.is_active as is_activ4_7_0_, user0_.enabled as enabled5_7_0_, user0_.name as name6_7_0_, user0_.phone_num as phone_nu7_7_0_, user0_.recovery_response as recovery8_7_0_, user0_.role as role9_7_0_, user0_.surname as surname10_7_0_, user0_.region as region11_7_0_, user0_.DTYPE as DTYPE1_7_0_ from User user0_ where user0_.email=? for update
15:04:39.525 [main] DEBUG org.hibernate.loader.plan.build.internal.spaces.QuerySpacesImpl - Adding QuerySpace : uid = <gen:0> -> org.hibernate.loader.plan.build.internal.spaces.EntityQuerySpaceImpl@310aee0b]
15:04:39.525 [main] DEBUG org.hibernate.persister.walking.spi.MetamodelGraphWalker - Visiting attribute path : accountId
15:04:39.525 [main] DEBUG org.hibernate.persister.walking.spi.MetamodelGraphWalker - Visiting attribute path : active
15:04:39.525 [main] DEBUG org.hibernate.persister.walking.spi.MetamodelGraphWalker - Visiting attribute path : enabled
15:04:39.525 [main] DEBUG org.hibernate.persister.walking.spi.MetamodelGraphWalker - Visiting attribute path : name
15:04:39.525 [main] DEBUG org.hibernate.persister.walking.spi.MetamodelGraphWalker - Visiting attribute path : phoneNum
15:04:39.525 [main] DEBUG org.hibernate.persister.walking.spi.MetamodelGraphWalker - Visiting attribute path : recoveryQuestion
15:04:39.525 [main] DEBUG org.hibernate.persister.walking.spi.MetamodelGraphWalker - Visiting attribute path : role
15:04:39.525 [main] DEBUG org.hibernate.persister.walking.spi.MetamodelGraphWalker - Visiting attribute path : surname
15:04:39.525 [main] DEBUG org.hibernate.persister.walking.spi.MetamodelGraphWalker - Visiting attribute path : cart
15:04:39.525 [main] DEBUG org.hibernate.loader.plan.build.internal.spaces.QuerySpacesImpl - Adding QuerySpace : uid = <gen:1> -> org.hibernate.loader.plan.build.internal.spaces.EntityQuerySpaceImpl@410ae5ac]
15:04:39.525 [main] DEBUG org.hibernate.persister.walking.spi.MetamodelGraphWalker - Visiting attribute path : region
15:04:39.525 [main] DEBUG org.hibernate.loader.plan.build.internal.FetchStyleLoadPlanBuildingAssociationVisitationStrategy - Building LoadPlan...
15:04:39.525 [main] DEBUG org.hibernate.loader.plan.exec.internal.LoadQueryJoinAndFetchProcessor - processing queryspace <gen:0>
15:04:39.526 [main] DEBUG org.hibernate.loader.plan.build.spi.LoadPlanTreePrinter - LoadPlan(entity=org.reverside.bootcamp.ubereats.dto.User)
    - Returns
       - EntityReturnImpl(entity=org.reverside.bootcamp.ubereats.dto.User, querySpaceUid=<gen:0>, path=org.reverside.bootcamp.ubereats.dto.User)
          - EntityAttributeFetchImpl(entity=org.reverside.bootcamp.ubereats.dto.Cart, querySpaceUid=<gen:1>, path=org.reverside.bootcamp.ubereats.dto.User.cart)
    - QuerySpaces
       - EntityQuerySpaceImpl(uid=<gen:0>, entity=org.reverside.bootcamp.ubereats.dto.User)
          - SQL table alias mapping - user0_
          - alias suffix - 0_
          - suffixed key columns - {email2_7_0_}

15:04:39.526 [main] DEBUG org.hibernate.loader.entity.plan.EntityLoader - Static select for entity org.reverside.bootcamp.ubereats.dto.User [PESSIMISTIC_READ]: select user0_.email as email2_7_0_, user0_.account_num as account_3_7_0_, user0_.is_active as is_activ4_7_0_, user0_.enabled as enabled5_7_0_, user0_.name as name6_7_0_, user0_.phone_num as phone_nu7_7_0_, user0_.recovery_response as recovery8_7_0_, user0_.role as role9_7_0_, user0_.surname as surname10_7_0_, user0_.region as region11_7_0_, user0_.DTYPE as DTYPE1_7_0_ from User user0_ where user0_.email=? for update
15:04:39.526 [main] DEBUG org.hibernate.loader.plan.build.internal.spaces.QuerySpacesImpl - Adding QuerySpace : uid = <gen:0> -> org.hibernate.loader.plan.build.internal.spaces.EntityQuerySpaceImpl@1a8df0b3]
15:04:39.526 [main] DEBUG org.hibernate.persister.walking.spi.MetamodelGraphWalker - Visiting attribute path : accountId
15:04:39.526 [main] DEBUG org.hibernate.persister.walking.spi.MetamodelGraphWalker - Visiting attribute path : active
15:04:39.526 [main] DEBUG org.hibernate.persister.walking.spi.MetamodelGraphWalker - Visiting attribute path : enabled
15:04:39.526 [main] DEBUG org.hibernate.persister.walking.spi.MetamodelGraphWalker - Visiting attribute path : name
15:04:39.526 [main] DEBUG org.hibernate.persister.walking.spi.MetamodelGraphWalker - Visiting attribute path : phoneNum
15:04:39.526 [main] DEBUG org.hibernate.persister.walking.spi.MetamodelGraphWalker - Visiting attribute path : recoveryQuestion
15:04:39.526 [main] DEBUG org.hibernate.persister.walking.spi.MetamodelGraphWalker - Visiting attribute path : role
15:04:39.526 [main] DEBUG org.hibernate.persister.walking.spi.MetamodelGraphWalker - Visiting attribute path : surname
15:04:39.526 [main] DEBUG org.hibernate.persister.walking.spi.MetamodelGraphWalker - Visiting attribute path : cart
15:04:39.526 [main] DEBUG org.hibernate.loader.plan.build.internal.spaces.QuerySpacesImpl - Adding QuerySpace : uid = <gen:1> -> org.hibernate.loader.plan.build.internal.spaces.EntityQuerySpaceImpl@5961e92d]
15:04:39.526 [main] DEBUG org.hibernate.persister.walking.spi.MetamodelGraphWalker - Visiting attribute path : region
15:04:39.526 [main] DEBUG org.hibernate.loader.plan.build.internal.FetchStyleLoadPlanBuildingAssociationVisitationStrategy - Building LoadPlan...
15:04:39.527 [main] DEBUG org.hibernate.loader.plan.exec.internal.LoadQueryJoinAndFetchProcessor - processing queryspace <gen:0>
15:04:39.527 [main] DEBUG org.hibernate.loader.plan.build.spi.LoadPlanTreePrinter - LoadPlan(entity=org.reverside.bootcamp.ubereats.dto.User)
    - Returns
       - EntityReturnImpl(entity=org.reverside.bootcamp.ubereats.dto.User, querySpaceUid=<gen:0>, path=org.reverside.bootcamp.ubereats.dto.User)
          - EntityAttributeFetchImpl(entity=org.reverside.bootcamp.ubereats.dto.Cart, querySpaceUid=<gen:1>, path=org.reverside.bootcamp.ubereats.dto.User.cart)
    - QuerySpaces
       - EntityQuerySpaceImpl(uid=<gen:0>, entity=org.reverside.bootcamp.ubereats.dto.User)
          - SQL table alias mapping - user0_
          - alias suffix - 0_
          - suffixed key columns - {email2_7_0_}

15:04:39.527 [main] DEBUG org.hibernate.loader.entity.plan.EntityLoader - Static select for entity org.reverside.bootcamp.ubereats.dto.User [PESSIMISTIC_WRITE]: select user0_.email as email2_7_0_, user0_.account_num as account_3_7_0_, user0_.is_active as is_activ4_7_0_, user0_.enabled as enabled5_7_0_, user0_.name as name6_7_0_, user0_.phone_num as phone_nu7_7_0_, user0_.recovery_response as recovery8_7_0_, user0_.role as role9_7_0_, user0_.surname as surname10_7_0_, user0_.region as region11_7_0_, user0_.DTYPE as DTYPE1_7_0_ from User user0_ where user0_.email=? for update
15:04:39.527 [main] DEBUG org.hibernate.loader.plan.build.internal.spaces.QuerySpacesImpl - Adding QuerySpace : uid = <gen:0> -> org.hibernate.loader.plan.build.internal.spaces.EntityQuerySpaceImpl@4fd05028]
15:04:39.527 [main] DEBUG org.hibernate.persister.walking.spi.MetamodelGraphWalker - Visiting attribute path : accountId
15:04:39.527 [main] DEBUG org.hibernate.persister.walking.spi.MetamodelGraphWalker - Visiting attribute path : active
15:04:39.527 [main] DEBUG org.hibernate.persister.walking.spi.MetamodelGraphWalker - Visiting attribute path : enabled
15:04:39.527 [main] DEBUG org.hibernate.persister.walking.spi.MetamodelGraphWalker - Visiting attribute path : name
15:04:39.527 [main] DEBUG org.hibernate.persister.walking.spi.MetamodelGraphWalker - Visiting attribute path : phoneNum
15:04:39.527 [main] DEBUG org.hibernate.persister.walking.spi.MetamodelGraphWalker - Visiting attribute path : recoveryQuestion
15:04:39.527 [main] DEBUG org.hibernate.persister.walking.spi.MetamodelGraphWalker - Visiting attribute path : role
15:04:39.527 [main] DEBUG org.hibernate.persister.walking.spi.MetamodelGraphWalker - Visiting attribute path : surname
15:04:39.527 [main] DEBUG org.hibernate.persister.walking.spi.MetamodelGraphWalker - Visiting attribute path : cart
15:04:39.527 [main] DEBUG org.hibernate.loader.plan.build.internal.spaces.QuerySpacesImpl - Adding QuerySpace : uid = <gen:1> -> org.hibernate.loader.plan.build.internal.spaces.EntityQuerySpaceImpl@4fb392c4]
15:04:39.527 [main] DEBUG org.hibernate.persister.walking.spi.MetamodelGraphWalker - Visiting attribute path : region
15:04:39.528 [main] DEBUG org.hibernate.loader.plan.build.internal.FetchStyleLoadPlanBuildingAssociationVisitationStrategy - Building LoadPlan...
15:04:39.528 [main] DEBUG org.hibernate.loader.plan.exec.internal.LoadQueryJoinAndFetchProcessor - processing queryspace <gen:0>
15:04:39.528 [main] DEBUG org.hibernate.loader.plan.build.spi.LoadPlanTreePrinter - LoadPlan(entity=org.reverside.bootcamp.ubereats.dto.User)
    - Returns
       - EntityReturnImpl(entity=org.reverside.bootcamp.ubereats.dto.User, querySpaceUid=<gen:0>, path=org.reverside.bootcamp.ubereats.dto.User)
          - EntityAttributeFetchImpl(entity=org.reverside.bootcamp.ubereats.dto.Cart, querySpaceUid=<gen:1>, path=org.reverside.bootcamp.ubereats.dto.User.cart)
    - QuerySpaces
       - EntityQuerySpaceImpl(uid=<gen:0>, entity=org.reverside.bootcamp.ubereats.dto.User)
          - SQL table alias mapping - user0_
          - alias suffix - 0_
          - suffixed key columns - {email2_7_0_}

15:04:39.528 [main] DEBUG org.hibernate.loader.entity.plan.EntityLoader - Static select for entity org.reverside.bootcamp.ubereats.dto.User [PESSIMISTIC_FORCE_INCREMENT]: select user0_.email as email2_7_0_, user0_.account_num as account_3_7_0_, user0_.is_active as is_activ4_7_0_, user0_.enabled as enabled5_7_0_, user0_.name as name6_7_0_, user0_.phone_num as phone_nu7_7_0_, user0_.recovery_response as recovery8_7_0_, user0_.role as role9_7_0_, user0_.surname as surname10_7_0_, user0_.region as region11_7_0_, user0_.DTYPE as DTYPE1_7_0_ from User user0_ where user0_.email=? for update
15:04:39.528 [main] DEBUG org.hibernate.loader.plan.build.internal.spaces.QuerySpacesImpl - Adding QuerySpace : uid = <gen:0> -> org.hibernate.loader.plan.build.internal.spaces.EntityQuerySpaceImpl@194d329e]
15:04:39.528 [main] DEBUG org.hibernate.persister.walking.spi.MetamodelGraphWalker - Visiting attribute path : accountId
15:04:39.528 [main] DEBUG org.hibernate.persister.walking.spi.MetamodelGraphWalker - Visiting attribute path : active
15:04:39.528 [main] DEBUG org.hibernate.persister.walking.spi.MetamodelGraphWalker - Visiting attribute path : enabled
15:04:39.528 [main] DEBUG org.hibernate.persister.walking.spi.MetamodelGraphWalker - Visiting attribute path : name
15:04:39.528 [main] DEBUG org.hibernate.persister.walking.spi.MetamodelGraphWalker - Visiting attribute path : phoneNum
15:04:39.528 [main] DEBUG org.hibernate.persister.walking.spi.MetamodelGraphWalker - Visiting attribute path : recoveryQuestion
15:04:39.528 [main] DEBUG org.hibernate.persister.walking.spi.MetamodelGraphWalker - Visiting attribute path : role
15:04:39.528 [main] DEBUG org.hibernate.persister.walking.spi.MetamodelGraphWalker - Visiting attribute path : surname
15:04:39.528 [main] DEBUG org.hibernate.persister.walking.spi.MetamodelGraphWalker - Visiting attribute path : cart
15:04:39.529 [main] DEBUG org.hibernate.loader.plan.build.internal.spaces.QuerySpacesImpl - Adding QuerySpace : uid = <gen:1> -> org.hibernate.loader.plan.build.internal.spaces.EntityQuerySpaceImpl@7e7fe6d]
15:04:39.529 [main] DEBUG org.hibernate.persister.walking.spi.MetamodelGraphWalker - Visiting attribute path : region
15:04:39.529 [main] DEBUG org.hibernate.loader.plan.build.internal.FetchStyleLoadPlanBuildingAssociationVisitationStrategy - Building LoadPlan...
15:04:39.529 [main] DEBUG org.hibernate.loader.plan.exec.internal.LoadQueryJoinAndFetchProcessor - processing queryspace <gen:0>
15:04:39.529 [main] DEBUG org.hibernate.loader.plan.build.spi.LoadPlanTreePrinter - LoadPlan(entity=org.reverside.bootcamp.ubereats.dto.User)
    - Returns
       - EntityReturnImpl(entity=org.reverside.bootcamp.ubereats.dto.User, querySpaceUid=<gen:0>, path=org.reverside.bootcamp.ubereats.dto.User)
          - EntityAttributeFetchImpl(entity=org.reverside.bootcamp.ubereats.dto.Cart, querySpaceUid=<gen:1>, path=org.reverside.bootcamp.ubereats.dto.User.cart)
    - QuerySpaces
       - EntityQuerySpaceImpl(uid=<gen:0>, entity=org.reverside.bootcamp.ubereats.dto.User)
          - SQL table alias mapping - user0_
          - alias suffix - 0_
          - suffixed key columns - {email2_7_0_}

15:04:39.529 [main] DEBUG org.hibernate.loader.entity.plan.EntityLoader - Static select for entity org.reverside.bootcamp.ubereats.dto.User [OPTIMISTIC]: select user0_.email as email2_7_0_, user0_.account_num as account_3_7_0_, user0_.is_active as is_activ4_7_0_, user0_.enabled as enabled5_7_0_, user0_.name as name6_7_0_, user0_.phone_num as phone_nu7_7_0_, user0_.recovery_response as recovery8_7_0_, user0_.role as role9_7_0_, user0_.surname as surname10_7_0_, user0_.region as region11_7_0_, user0_.DTYPE as DTYPE1_7_0_ from User user0_ where user0_.email=?
15:04:39.529 [main] DEBUG org.hibernate.loader.plan.build.internal.spaces.QuerySpacesImpl - Adding QuerySpace : uid = <gen:0> -> org.hibernate.loader.plan.build.internal.spaces.EntityQuerySpaceImpl@541179e7]
15:04:39.529 [main] DEBUG org.hibernate.persister.walking.spi.MetamodelGraphWalker - Visiting attribute path : accountId
15:04:39.529 [main] DEBUG org.hibernate.persister.walking.spi.MetamodelGraphWalker - Visiting attribute path : active
15:04:39.529 [main] DEBUG org.hibernate.persister.walking.spi.MetamodelGraphWalker - Visiting attribute path : enabled
15:04:39.529 [main] DEBUG org.hibernate.persister.walking.spi.MetamodelGraphWalker - Visiting attribute path : name
15:04:39.530 [main] DEBUG org.hibernate.persister.walking.spi.MetamodelGraphWalker - Visiting attribute path : phoneNum
15:04:39.530 [main] DEBUG org.hibernate.persister.walking.spi.MetamodelGraphWalker - Visiting attribute path : recoveryQuestion
15:04:39.530 [main] DEBUG org.hibernate.persister.walking.spi.MetamodelGraphWalker - Visiting attribute path : role
15:04:39.530 [main] DEBUG org.hibernate.persister.walking.spi.MetamodelGraphWalker - Visiting attribute path : surname
15:04:39.530 [main] DEBUG org.hibernate.persister.walking.spi.MetamodelGraphWalker - Visiting attribute path : cart
15:04:39.530 [main] DEBUG org.hibernate.loader.plan.build.internal.spaces.QuerySpacesImpl - Adding QuerySpace : uid = <gen:1> -> org.hibernate.loader.plan.build.internal.spaces.EntityQuerySpaceImpl@7b32b129]
15:04:39.530 [main] DEBUG org.hibernate.persister.walking.spi.MetamodelGraphWalker - Visiting attribute path : region
15:04:39.530 [main] DEBUG org.hibernate.loader.plan.build.internal.FetchStyleLoadPlanBuildingAssociationVisitationStrategy - Building LoadPlan...
15:04:39.530 [main] DEBUG org.hibernate.loader.plan.exec.internal.LoadQueryJoinAndFetchProcessor - processing queryspace <gen:0>
15:04:39.530 [main] DEBUG org.hibernate.loader.plan.build.spi.LoadPlanTreePrinter - LoadPlan(entity=org.reverside.bootcamp.ubereats.dto.User)
    - Returns
       - EntityReturnImpl(entity=org.reverside.bootcamp.ubereats.dto.User, querySpaceUid=<gen:0>, path=org.reverside.bootcamp.ubereats.dto.User)
          - EntityAttributeFetchImpl(entity=org.reverside.bootcamp.ubereats.dto.Cart, querySpaceUid=<gen:1>, path=org.reverside.bootcamp.ubereats.dto.User.cart)
    - QuerySpaces
       - EntityQuerySpaceImpl(uid=<gen:0>, entity=org.reverside.bootcamp.ubereats.dto.User)
          - SQL table alias mapping - user0_
          - alias suffix - 0_
          - suffixed key columns - {email2_7_0_}

15:04:39.530 [main] DEBUG org.hibernate.loader.entity.plan.EntityLoader - Static select for entity org.reverside.bootcamp.ubereats.dto.User [OPTIMISTIC_FORCE_INCREMENT]: select user0_.email as email2_7_0_, user0_.account_num as account_3_7_0_, user0_.is_active as is_activ4_7_0_, user0_.enabled as enabled5_7_0_, user0_.name as name6_7_0_, user0_.phone_num as phone_nu7_7_0_, user0_.recovery_response as recovery8_7_0_, user0_.role as role9_7_0_, user0_.surname as surname10_7_0_, user0_.region as region11_7_0_, user0_.DTYPE as DTYPE1_7_0_ from User user0_ where user0_.email=?
15:04:39.531 [main] DEBUG org.hibernate.loader.Loader - Static select for action ACTION_MERGE on entity org.reverside.bootcamp.ubereats.dto.User: select user0_.email as email2_7_1_, user0_.account_num as account_3_7_1_, user0_.is_active as is_activ4_7_1_, user0_.enabled as enabled5_7_1_, user0_.name as name6_7_1_, user0_.phone_num as phone_nu7_7_1_, user0_.recovery_response as recovery8_7_1_, user0_.role as role9_7_1_, user0_.surname as surname10_7_1_, user0_.region as region11_7_1_, user0_.DTYPE as DTYPE1_7_1_, cart1_.id as id1_1_0_, cart1_.cart_lines as cart_lin2_1_0_, cart1_.total as total3_1_0_, cart1_.user_email as user_ema4_1_0_ from User user0_ left outer join Cart cart1_ on user0_.email=cart1_.user_email where user0_.email=?
15:04:39.531 [main] DEBUG org.hibernate.loader.Loader - Static select for action ACTION_REFRESH on entity org.reverside.bootcamp.ubereats.dto.User: select user0_.email as email2_7_1_, user0_.account_num as account_3_7_1_, user0_.is_active as is_activ4_7_1_, user0_.enabled as enabled5_7_1_, user0_.name as name6_7_1_, user0_.phone_num as phone_nu7_7_1_, user0_.recovery_response as recovery8_7_1_, user0_.role as role9_7_1_, user0_.surname as surname10_7_1_, user0_.region as region11_7_1_, user0_.DTYPE as DTYPE1_7_1_, cart1_.id as id1_1_0_, cart1_.cart_lines as cart_lin2_1_0_, cart1_.total as total3_1_0_, cart1_.user_email as user_ema4_1_0_ from User user0_ left outer join Cart cart1_ on user0_.email=cart1_.user_email where user0_.email=?
15:04:39.532 [main] DEBUG org.hibernate.persister.entity.AbstractEntityPersister - Static SQL for entity: org.reverside.bootcamp.ubereats.dto.Menu
15:04:39.532 [main] DEBUG org.hibernate.persister.entity.AbstractEntityPersister -  Version select: select id from Menu where id =?
15:04:39.532 [main] DEBUG org.hibernate.persister.entity.AbstractEntityPersister -  Snapshot select: select menu_.id, menu_.description as descript2_4_, menu_.foodOutlet_email as foodOutl5_4_, menu_.image_url as image_ur3_4_, menu_.name as name4_4_ from Menu menu_ where menu_.id=?
15:04:39.532 [main] DEBUG org.hibernate.persister.entity.AbstractEntityPersister -  Insert 0: insert into Menu (description, foodOutlet_email, image_url, name, id) values (?, ?, ?, ?, ?)
15:04:39.532 [main] DEBUG org.hibernate.persister.entity.AbstractEntityPersister -  Update 0: update Menu set description=?, foodOutlet_email=?, image_url=?, name=? where id=?
15:04:39.532 [main] DEBUG org.hibernate.persister.entity.AbstractEntityPersister -  Delete 0: delete from Menu where id=?
15:04:39.532 [main] DEBUG org.hibernate.persister.entity.AbstractEntityPersister -  Identity insert: insert into Menu (id, description, foodOutlet_email, image_url, name) values (null, ?, ?, ?, ?)
15:04:39.532 [main] DEBUG org.hibernate.loader.plan.build.internal.spaces.QuerySpacesImpl - Adding QuerySpace : uid = <gen:0> -> org.hibernate.loader.plan.build.internal.spaces.EntityQuerySpaceImpl@439e3cb4]
15:04:39.532 [main] DEBUG org.hibernate.persister.walking.spi.MetamodelGraphWalker - Visiting attribute path : description
15:04:39.532 [main] DEBUG org.hibernate.persister.walking.spi.MetamodelGraphWalker - Visiting attribute path : foodOutlet
15:04:39.532 [main] DEBUG org.hibernate.loader.plan.build.internal.spaces.QuerySpacesImpl - Adding QuerySpace : uid = <gen:1> -> org.hibernate.loader.plan.build.internal.spaces.EntityQuerySpaceImpl@7b81616b]
15:04:39.532 [main] DEBUG org.hibernate.persister.walking.spi.MetamodelGraphWalker - Visiting attribute path : foodOutlet.accountId
15:04:39.532 [main] DEBUG org.hibernate.persister.walking.spi.MetamodelGraphWalker - Visiting attribute path : foodOutlet.active
15:04:39.532 [main] DEBUG org.hibernate.persister.walking.spi.MetamodelGraphWalker - Visiting attribute path : foodOutlet.aptSuit
15:04:39.532 [main] DEBUG org.hibernate.persister.walking.spi.MetamodelGraphWalker - Visiting attribute path : foodOutlet.businessAddress
15:04:39.532 [main] DEBUG org.hibernate.persister.walking.spi.MetamodelGraphWalker - Visiting attribute path : foodOutlet.businessName
15:04:39.532 [main] DEBUG org.hibernate.persister.walking.spi.MetamodelGraphWalker - Visiting attribute path : foodOutlet.cuisineType
15:04:39.532 [main] DEBUG org.hibernate.persister.walking.spi.MetamodelGraphWalker - Visiting attribute path : foodOutlet.enabled
15:04:39.532 [main] DEBUG org.hibernate.persister.walking.spi.MetamodelGraphWalker - Visiting attribute path : foodOutlet.name
15:04:39.532 [main] DEBUG org.hibernate.persister.walking.spi.MetamodelGraphWalker - Visiting attribute path : foodOutlet.numberOfLocations
15:04:39.532 [main] DEBUG org.hibernate.persister.walking.spi.MetamodelGraphWalker - Visiting attribute path : foodOutlet.password
15:04:39.532 [main] DEBUG org.hibernate.persister.walking.spi.MetamodelGraphWalker - Visiting attribute path : foodOutlet.phoneNum
15:04:39.532 [main] DEBUG org.hibernate.persister.walking.spi.MetamodelGraphWalker - Visiting attribute path : foodOutlet.recoveryResponse
15:04:39.532 [main] DEBUG org.hibernate.persister.walking.spi.MetamodelGraphWalker - Visiting attribute path : foodOutlet.role
15:04:39.532 [main] DEBUG org.hibernate.persister.walking.spi.MetamodelGraphWalker - Visiting attribute path : foodOutlet.surname
15:04:39.532 [main] DEBUG org.hibernate.persister.walking.spi.MetamodelGraphWalker - Visiting attribute path : foodOutlet.weeklyOrders
15:04:39.532 [main] DEBUG org.hibernate.persister.walking.spi.MetamodelGraphWalker - Visiting attribute path : foodOutlet.menu
15:04:39.532 [main] DEBUG org.hibernate.persister.walking.spi.MetamodelGraphWalker - Property path deemed to be circular : foodOutlet.menu
15:04:39.553 [main] DEBUG org.hibernate.persister.walking.spi.MetamodelGraphWalker - Visiting attribute path : image_url
15:04:39.553 [main] DEBUG org.hibernate.persister.walking.spi.MetamodelGraphWalker - Visiting attribute path : name
15:04:39.554 [main] DEBUG org.hibernate.loader.plan.build.internal.FetchStyleLoadPlanBuildingAssociationVisitationStrategy - Building LoadPlan...
15:04:39.554 [main] DEBUG org.hibernate.loader.plan.exec.internal.LoadQueryJoinAndFetchProcessor - processing queryspace <gen:0>
15:04:39.557 [main] DEBUG org.hibernate.loader.plan.build.spi.LoadPlanTreePrinter - LoadPlan(entity=org.reverside.bootcamp.ubereats.dto.Menu)
    - Returns
       - EntityReturnImpl(entity=org.reverside.bootcamp.ubereats.dto.Menu, querySpaceUid=<gen:0>, path=org.reverside.bootcamp.ubereats.dto.Menu)
          - EntityAttributeFetchImpl(entity=org.reverside.bootcamp.ubereats.dto.FoodOutlet, querySpaceUid=<gen:1>, path=org.reverside.bootcamp.ubereats.dto.Menu.foodOutlet)
    - QuerySpaces
       - EntityQuerySpaceImpl(uid=<gen:0>, entity=org.reverside.bootcamp.ubereats.dto.Menu)
          - SQL table alias mapping - menu0_
          - alias suffix - 0_
          - suffixed key columns - {id1_4_0_}
          - JOIN (JoinDefinedByMetadata(foodOutlet)) : <gen:0> -> <gen:1>
             - EntityQuerySpaceImpl(uid=<gen:1>, entity=org.reverside.bootcamp.ubereats.dto.FoodOutlet)
                - SQL table alias mapping - foodoutlet1_
                - alias suffix - 1_
                - suffixed key columns - {email1_3_1_}

15:04:39.557 [main] DEBUG org.hibernate.loader.entity.plan.EntityLoader - Static select for entity org.reverside.bootcamp.ubereats.dto.Menu [NONE]: select menu0_.id as id1_4_0_, menu0_.description as descript2_4_0_, menu0_.foodOutlet_email as foodOutl5_4_0_, menu0_.image_url as image_ur3_4_0_, menu0_.name as name4_4_0_, foodoutlet1_.email as email1_3_1_, foodoutlet1_.account_num as account_2_3_1_, foodoutlet1_.is_active as is_activ3_3_1_, foodoutlet1_.apt_suit as apt_suit4_3_1_, foodoutlet1_.business_address as business5_3_1_, foodoutlet1_.business_name as business6_3_1_, foodoutlet1_.cuisine_type as cuisine_7_3_1_, foodoutlet1_.enabled as enabled8_3_1_, foodoutlet1_.name as name9_3_1_, foodoutlet1_.number_of_locations as number_10_3_1_, foodoutlet1_.password as passwor11_3_1_, foodoutlet1_.phone_num as phone_n12_3_1_, foodoutlet1_.recovery_response as recover13_3_1_, foodoutlet1_.role as role14_3_1_, foodoutlet1_.surname as surname15_3_1_, foodoutlet1_.weekly_orders as weekly_16_3_1_ from Menu menu0_ left outer join Food_Outlet foodoutlet1_ on menu0_.foodOutlet_email=foodoutlet1_.email where menu0_.id=?
15:04:39.557 [main] DEBUG org.hibernate.loader.plan.build.internal.spaces.QuerySpacesImpl - Adding QuerySpace : uid = <gen:0> -> org.hibernate.loader.plan.build.internal.spaces.EntityQuerySpaceImpl@279dd959]
15:04:39.557 [main] DEBUG org.hibernate.persister.walking.spi.MetamodelGraphWalker - Visiting attribute path : description
15:04:39.557 [main] DEBUG org.hibernate.persister.walking.spi.MetamodelGraphWalker - Visiting attribute path : foodOutlet
15:04:39.558 [main] DEBUG org.hibernate.loader.plan.build.internal.spaces.QuerySpacesImpl - Adding QuerySpace : uid = <gen:1> -> org.hibernate.loader.plan.build.internal.spaces.EntityQuerySpaceImpl@36c281ed]
15:04:39.558 [main] DEBUG org.hibernate.persister.walking.spi.MetamodelGraphWalker - Visiting attribute path : foodOutlet.accountId
15:04:39.558 [main] DEBUG org.hibernate.persister.walking.spi.MetamodelGraphWalker - Visiting attribute path : foodOutlet.active
15:04:39.558 [main] DEBUG org.hibernate.persister.walking.spi.MetamodelGraphWalker - Visiting attribute path : foodOutlet.aptSuit
15:04:39.558 [main] DEBUG org.hibernate.persister.walking.spi.MetamodelGraphWalker - Visiting attribute path : foodOutlet.businessAddress
15:04:39.558 [main] DEBUG org.hibernate.persister.walking.spi.MetamodelGraphWalker - Visiting attribute path : foodOutlet.businessName
15:04:39.558 [main] DEBUG org.hibernate.persister.walking.spi.MetamodelGraphWalker - Visiting attribute path : foodOutlet.cuisineType
15:04:39.581 [main] DEBUG org.hibernate.persister.walking.spi.MetamodelGraphWalker - Visiting attribute path : foodOutlet.enabled
15:04:39.581 [main] DEBUG org.hibernate.persister.walking.spi.MetamodelGraphWalker - Visiting attribute path : foodOutlet.name
15:04:39.581 [main] DEBUG org.hibernate.persister.walking.spi.MetamodelGraphWalker - Visiting attribute path : foodOutlet.numberOfLocations
15:04:39.581 [main] DEBUG org.hibernate.persister.walking.spi.MetamodelGraphWalker - Visiting attribute path : foodOutlet.password
15:04:39.581 [main] DEBUG org.hibernate.persister.walking.spi.MetamodelGraphWalker - Visiting attribute path : foodOutlet.phoneNum
15:04:39.581 [main] DEBUG org.hibernate.persister.walking.spi.MetamodelGraphWalker - Visiting attribute path : foodOutlet.recoveryResponse
15:04:39.581 [main] DEBUG org.hibernate.persister.walking.spi.MetamodelGraphWalker - Visiting attribute path : foodOutlet.role
15:04:39.581 [main] DEBUG org.hibernate.persister.walking.spi.MetamodelGraphWalker - Visiting attribute path : foodOutlet.surname
15:04:39.581 [main] DEBUG org.hibernate.persister.walking.spi.MetamodelGraphWalker - Visiting attribute path : foodOutlet.weeklyOrders
15:04:39.581 [main] DEBUG org.hibernate.persister.walking.spi.MetamodelGraphWalker - Visiting attribute path : foodOutlet.menu
15:04:39.581 [main] DEBUG org.hibernate.persister.walking.spi.MetamodelGraphWalker - Property path deemed to be circular : foodOutlet.menu
15:04:39.582 [main] DEBUG org.hibernate.persister.walking.spi.MetamodelGraphWalker - Visiting attribute path : image_url
15:04:39.582 [main] DEBUG org.hibernate.persister.walking.spi.MetamodelGraphWalker - Visiting attribute path : name
15:04:39.582 [main] DEBUG org.hibernate.loader.plan.build.internal.FetchStyleLoadPlanBuildingAssociationVisitationStrategy - Building LoadPlan...
15:04:39.582 [main] DEBUG org.hibernate.loader.plan.exec.internal.LoadQueryJoinAndFetchProcessor - processing queryspace <gen:0>
15:04:39.583 [main] DEBUG org.hibernate.loader.plan.build.spi.LoadPlanTreePrinter - LoadPlan(entity=org.reverside.bootcamp.ubereats.dto.Menu)
    - Returns
       - EntityReturnImpl(entity=org.reverside.bootcamp.ubereats.dto.Menu, querySpaceUid=<gen:0>, path=org.reverside.bootcamp.ubereats.dto.Menu)
          - EntityAttributeFetchImpl(entity=org.reverside.bootcamp.ubereats.dto.FoodOutlet, querySpaceUid=<gen:1>, path=org.reverside.bootcamp.ubereats.dto.Menu.foodOutlet)
    - QuerySpaces
       - EntityQuerySpaceImpl(uid=<gen:0>, entity=org.reverside.bootcamp.ubereats.dto.Menu)
          - SQL table alias mapping - menu0_
          - alias suffix - 0_
          - suffixed key columns - {id1_4_0_}
          - JOIN (JoinDefinedByMetadata(foodOutlet)) : <gen:0> -> <gen:1>
             - EntityQuerySpaceImpl(uid=<gen:1>, entity=org.reverside.bootcamp.ubereats.dto.FoodOutlet)
                - SQL table alias mapping - foodoutlet1_
                - alias suffix - 1_
                - suffixed key columns - {email1_3_1_}

15:04:39.583 [main] DEBUG org.hibernate.loader.entity.plan.EntityLoader - Static select for entity org.reverside.bootcamp.ubereats.dto.Menu [READ]: select menu0_.id as id1_4_0_, menu0_.description as descript2_4_0_, menu0_.foodOutlet_email as foodOutl5_4_0_, menu0_.image_url as image_ur3_4_0_, menu0_.name as name4_4_0_, foodoutlet1_.email as email1_3_1_, foodoutlet1_.account_num as account_2_3_1_, foodoutlet1_.is_active as is_activ3_3_1_, foodoutlet1_.apt_suit as apt_suit4_3_1_, foodoutlet1_.business_address as business5_3_1_, foodoutlet1_.business_name as business6_3_1_, foodoutlet1_.cuisine_type as cuisine_7_3_1_, foodoutlet1_.enabled as enabled8_3_1_, foodoutlet1_.name as name9_3_1_, foodoutlet1_.number_of_locations as number_10_3_1_, foodoutlet1_.password as passwor11_3_1_, foodoutlet1_.phone_num as phone_n12_3_1_, foodoutlet1_.recovery_response as recover13_3_1_, foodoutlet1_.role as role14_3_1_, foodoutlet1_.surname as surname15_3_1_, foodoutlet1_.weekly_orders as weekly_16_3_1_ from Menu menu0_ left outer join Food_Outlet foodoutlet1_ on menu0_.foodOutlet_email=foodoutlet1_.email where menu0_.id=?
15:04:39.584 [main] DEBUG org.hibernate.loader.plan.build.internal.spaces.QuerySpacesImpl - Adding QuerySpace : uid = <gen:0> -> org.hibernate.loader.plan.build.internal.spaces.EntityQuerySpaceImpl@4b5a078a]
15:04:39.584 [main] DEBUG org.hibernate.persister.walking.spi.MetamodelGraphWalker - Visiting attribute path : description
15:04:39.584 [main] DEBUG org.hibernate.persister.walking.spi.MetamodelGraphWalker - Visiting attribute path : foodOutlet
15:04:39.584 [main] DEBUG org.hibernate.loader.plan.build.internal.spaces.QuerySpacesImpl - Adding QuerySpace : uid = <gen:1> -> org.hibernate.loader.plan.build.internal.spaces.EntityQuerySpaceImpl@6ed922e1]
15:04:39.584 [main] DEBUG org.hibernate.persister.walking.spi.MetamodelGraphWalker - Visiting attribute path : image_url
15:04:39.584 [main] DEBUG org.hibernate.persister.walking.spi.MetamodelGraphWalker - Visiting attribute path : name
15:04:39.585 [main] DEBUG org.hibernate.loader.plan.build.internal.FetchStyleLoadPlanBuildingAssociationVisitationStrategy - Building LoadPlan...
15:04:39.585 [main] DEBUG org.hibernate.loader.plan.exec.internal.LoadQueryJoinAndFetchProcessor - processing queryspace <gen:0>
15:04:39.586 [main] DEBUG org.hibernate.loader.plan.build.spi.LoadPlanTreePrinter - LoadPlan(entity=org.reverside.bootcamp.ubereats.dto.Menu)
    - Returns
       - EntityReturnImpl(entity=org.reverside.bootcamp.ubereats.dto.Menu, querySpaceUid=<gen:0>, path=org.reverside.bootcamp.ubereats.dto.Menu)
          - EntityAttributeFetchImpl(entity=org.reverside.bootcamp.ubereats.dto.FoodOutlet, querySpaceUid=<gen:1>, path=org.reverside.bootcamp.ubereats.dto.Menu.foodOutlet)
    - QuerySpaces
       - EntityQuerySpaceImpl(uid=<gen:0>, entity=org.reverside.bootcamp.ubereats.dto.Menu)
          - SQL table alias mapping - menu0_
          - alias suffix - 0_
          - suffixed key columns - {id1_4_0_}

15:04:39.586 [main] DEBUG org.hibernate.loader.entity.plan.EntityLoader - Static select for entity org.reverside.bootcamp.ubereats.dto.Menu [UPGRADE]: select menu0_.id as id1_4_0_, menu0_.description as descript2_4_0_, menu0_.foodOutlet_email as foodOutl5_4_0_, menu0_.image_url as image_ur3_4_0_, menu0_.name as name4_4_0_ from Menu menu0_ where menu0_.id=? for update
15:04:39.586 [main] DEBUG org.hibernate.loader.plan.build.internal.spaces.QuerySpacesImpl - Adding QuerySpace : uid = <gen:0> -> org.hibernate.loader.plan.build.internal.spaces.EntityQuerySpaceImpl@4eb166a1]
15:04:39.586 [main] DEBUG org.hibernate.persister.walking.spi.MetamodelGraphWalker - Visiting attribute path : description
15:04:39.586 [main] DEBUG org.hibernate.persister.walking.spi.MetamodelGraphWalker - Visiting attribute path : foodOutlet
15:04:39.586 [main] DEBUG org.hibernate.loader.plan.build.internal.spaces.QuerySpacesImpl - Adding QuerySpace : uid = <gen:1> -> org.hibernate.loader.plan.build.internal.spaces.EntityQuerySpaceImpl@29fd8e67]
15:04:39.586 [main] DEBUG org.hibernate.persister.walking.spi.MetamodelGraphWalker - Visiting attribute path : image_url
15:04:39.586 [main] DEBUG org.hibernate.persister.walking.spi.MetamodelGraphWalker - Visiting attribute path : name
15:04:39.587 [main] DEBUG org.hibernate.loader.plan.build.internal.FetchStyleLoadPlanBuildingAssociationVisitationStrategy - Building LoadPlan...
15:04:39.587 [main] DEBUG org.hibernate.loader.plan.exec.internal.LoadQueryJoinAndFetchProcessor - processing queryspace <gen:0>
15:04:39.587 [main] DEBUG org.hibernate.loader.plan.build.spi.LoadPlanTreePrinter - LoadPlan(entity=org.reverside.bootcamp.ubereats.dto.Menu)
    - Returns
       - EntityReturnImpl(entity=org.reverside.bootcamp.ubereats.dto.Menu, querySpaceUid=<gen:0>, path=org.reverside.bootcamp.ubereats.dto.Menu)
          - EntityAttributeFetchImpl(entity=org.reverside.bootcamp.ubereats.dto.FoodOutlet, querySpaceUid=<gen:1>, path=org.reverside.bootcamp.ubereats.dto.Menu.foodOutlet)
    - QuerySpaces
       - EntityQuerySpaceImpl(uid=<gen:0>, entity=org.reverside.bootcamp.ubereats.dto.Menu)
          - SQL table alias mapping - menu0_
          - alias suffix - 0_
          - suffixed key columns - {id1_4_0_}

15:04:39.587 [main] DEBUG org.hibernate.loader.entity.plan.EntityLoader - Static select for entity org.reverside.bootcamp.ubereats.dto.Menu [UPGRADE_NOWAIT]: select menu0_.id as id1_4_0_, menu0_.description as descript2_4_0_, menu0_.foodOutlet_email as foodOutl5_4_0_, menu0_.image_url as image_ur3_4_0_, menu0_.name as name4_4_0_ from Menu menu0_ where menu0_.id=? for update
15:04:39.587 [main] DEBUG org.hibernate.loader.plan.build.internal.spaces.QuerySpacesImpl - Adding QuerySpace : uid = <gen:0> -> org.hibernate.loader.plan.build.internal.spaces.EntityQuerySpaceImpl@e146f93]
15:04:39.587 [main] DEBUG org.hibernate.persister.walking.spi.MetamodelGraphWalker - Visiting attribute path : description
15:04:39.587 [main] DEBUG org.hibernate.persister.walking.spi.MetamodelGraphWalker - Visiting attribute path : foodOutlet
15:04:39.587 [main] DEBUG org.hibernate.loader.plan.build.internal.spaces.QuerySpacesImpl - Adding QuerySpace : uid = <gen:1> -> org.hibernate.loader.plan.build.internal.spaces.EntityQuerySpaceImpl@7cdbaa50]
15:04:39.587 [main] DEBUG org.hibernate.persister.walking.spi.MetamodelGraphWalker - Visiting attribute path : image_url
15:04:39.587 [main] DEBUG org.hibernate.persister.walking.spi.MetamodelGraphWalker - Visiting attribute path : name
15:04:39.587 [main] DEBUG org.hibernate.loader.plan.build.internal.FetchStyleLoadPlanBuildingAssociationVisitationStrategy - Building LoadPlan...
15:04:39.587 [main] DEBUG org.hibernate.loader.plan.exec.internal.LoadQueryJoinAndFetchProcessor - processing queryspace <gen:0>
15:04:39.588 [main] DEBUG org.hibernate.loader.plan.build.spi.LoadPlanTreePrinter - LoadPlan(entity=org.reverside.bootcamp.ubereats.dto.Menu)
    - Returns
       - EntityReturnImpl(entity=org.reverside.bootcamp.ubereats.dto.Menu, querySpaceUid=<gen:0>, path=org.reverside.bootcamp.ubereats.dto.Menu)
          - EntityAttributeFetchImpl(entity=org.reverside.bootcamp.ubereats.dto.FoodOutlet, querySpaceUid=<gen:1>, path=org.reverside.bootcamp.ubereats.dto.Menu.foodOutlet)
    - QuerySpaces
       - EntityQuerySpaceImpl(uid=<gen:0>, entity=org.reverside.bootcamp.ubereats.dto.Menu)
          - SQL table alias mapping - menu0_
          - alias suffix - 0_
          - suffixed key columns - {id1_4_0_}

15:04:39.588 [main] DEBUG org.hibernate.loader.entity.plan.EntityLoader - Static select for entity org.reverside.bootcamp.ubereats.dto.Menu [UPGRADE_SKIPLOCKED]: select menu0_.id as id1_4_0_, menu0_.description as descript2_4_0_, menu0_.foodOutlet_email as foodOutl5_4_0_, menu0_.image_url as image_ur3_4_0_, menu0_.name as name4_4_0_ from Menu menu0_ where menu0_.id=? for update
15:04:39.588 [main] DEBUG org.hibernate.loader.plan.build.internal.spaces.QuerySpacesImpl - Adding QuerySpace : uid = <gen:0> -> org.hibernate.loader.plan.build.internal.spaces.EntityQuerySpaceImpl@39909d1a]
15:04:39.588 [main] DEBUG org.hibernate.persister.walking.spi.MetamodelGraphWalker - Visiting attribute path : description
15:04:39.588 [main] DEBUG org.hibernate.persister.walking.spi.MetamodelGraphWalker - Visiting attribute path : foodOutlet
15:04:39.588 [main] DEBUG org.hibernate.loader.plan.build.internal.spaces.QuerySpacesImpl - Adding QuerySpace : uid = <gen:1> -> org.hibernate.loader.plan.build.internal.spaces.EntityQuerySpaceImpl@7343922c]
15:04:39.588 [main] DEBUG org.hibernate.persister.walking.spi.MetamodelGraphWalker - Visiting attribute path : image_url
15:04:39.588 [main] DEBUG org.hibernate.persister.walking.spi.MetamodelGraphWalker - Visiting attribute path : name
15:04:39.588 [main] DEBUG org.hibernate.loader.plan.build.internal.FetchStyleLoadPlanBuildingAssociationVisitationStrategy - Building LoadPlan...
15:04:39.589 [main] DEBUG org.hibernate.loader.plan.exec.internal.LoadQueryJoinAndFetchProcessor - processing queryspace <gen:0>
15:04:39.590 [main] DEBUG org.hibernate.loader.plan.build.spi.LoadPlanTreePrinter - LoadPlan(entity=org.reverside.bootcamp.ubereats.dto.Menu)
    - Returns
       - EntityReturnImpl(entity=org.reverside.bootcamp.ubereats.dto.Menu, querySpaceUid=<gen:0>, path=org.reverside.bootcamp.ubereats.dto.Menu)
          - EntityAttributeFetchImpl(entity=org.reverside.bootcamp.ubereats.dto.FoodOutlet, querySpaceUid=<gen:1>, path=org.reverside.bootcamp.ubereats.dto.Menu.foodOutlet)
    - QuerySpaces
       - EntityQuerySpaceImpl(uid=<gen:0>, entity=org.reverside.bootcamp.ubereats.dto.Menu)
          - SQL table alias mapping - menu0_
          - alias suffix - 0_
          - suffixed key columns - {id1_4_0_}

15:04:39.590 [main] DEBUG org.hibernate.loader.entity.plan.EntityLoader - Static select for entity org.reverside.bootcamp.ubereats.dto.Menu [FORCE]: select menu0_.id as id1_4_0_, menu0_.description as descript2_4_0_, menu0_.foodOutlet_email as foodOutl5_4_0_, menu0_.image_url as image_ur3_4_0_, menu0_.name as name4_4_0_ from Menu menu0_ where menu0_.id=? for update
15:04:39.590 [main] DEBUG org.hibernate.loader.plan.build.internal.spaces.QuerySpacesImpl - Adding QuerySpace : uid = <gen:0> -> org.hibernate.loader.plan.build.internal.spaces.EntityQuerySpaceImpl@526b2f3e]
15:04:39.590 [main] DEBUG org.hibernate.persister.walking.spi.MetamodelGraphWalker - Visiting attribute path : description
15:04:39.590 [main] DEBUG org.hibernate.persister.walking.spi.MetamodelGraphWalker - Visiting attribute path : foodOutlet
15:04:39.590 [main] DEBUG org.hibernate.loader.plan.build.internal.spaces.QuerySpacesImpl - Adding QuerySpace : uid = <gen:1> -> org.hibernate.loader.plan.build.internal.spaces.EntityQuerySpaceImpl@536d97f8]
15:04:39.590 [main] DEBUG org.hibernate.persister.walking.spi.MetamodelGraphWalker - Visiting attribute path : image_url
15:04:39.590 [main] DEBUG org.hibernate.persister.walking.spi.MetamodelGraphWalker - Visiting attribute path : name
15:04:39.590 [main] DEBUG org.hibernate.loader.plan.build.internal.FetchStyleLoadPlanBuildingAssociationVisitationStrategy - Building LoadPlan...
15:04:39.590 [main] DEBUG org.hibernate.loader.plan.exec.internal.LoadQueryJoinAndFetchProcessor - processing queryspace <gen:0>
15:04:39.590 [main] DEBUG org.hibernate.loader.plan.build.spi.LoadPlanTreePrinter - LoadPlan(entity=org.reverside.bootcamp.ubereats.dto.Menu)
    - Returns
       - EntityReturnImpl(entity=org.reverside.bootcamp.ubereats.dto.Menu, querySpaceUid=<gen:0>, path=org.reverside.bootcamp.ubereats.dto.Menu)
          - EntityAttributeFetchImpl(entity=org.reverside.bootcamp.ubereats.dto.FoodOutlet, querySpaceUid=<gen:1>, path=org.reverside.bootcamp.ubereats.dto.Menu.foodOutlet)
    - QuerySpaces
       - EntityQuerySpaceImpl(uid=<gen:0>, entity=org.reverside.bootcamp.ubereats.dto.Menu)
          - SQL table alias mapping - menu0_
          - alias suffix - 0_
          - suffixed key columns - {id1_4_0_}

15:04:39.591 [main] DEBUG org.hibernate.loader.entity.plan.EntityLoader - Static select for entity org.reverside.bootcamp.ubereats.dto.Menu [PESSIMISTIC_READ]: select menu0_.id as id1_4_0_, menu0_.description as descript2_4_0_, menu0_.foodOutlet_email as foodOutl5_4_0_, menu0_.image_url as image_ur3_4_0_, menu0_.name as name4_4_0_ from Menu menu0_ where menu0_.id=? for update
15:04:39.591 [main] DEBUG org.hibernate.loader.plan.build.internal.spaces.QuerySpacesImpl - Adding QuerySpace : uid = <gen:0> -> org.hibernate.loader.plan.build.internal.spaces.EntityQuerySpaceImpl@3c50ad4b]
15:04:39.591 [main] DEBUG org.hibernate.persister.walking.spi.MetamodelGraphWalker - Visiting attribute path : description
15:04:39.591 [main] DEBUG org.hibernate.persister.walking.spi.MetamodelGraphWalker - Visiting attribute path : foodOutlet
15:04:39.591 [main] DEBUG org.hibernate.loader.plan.build.internal.spaces.QuerySpacesImpl - Adding QuerySpace : uid = <gen:1> -> org.hibernate.loader.plan.build.internal.spaces.EntityQuerySpaceImpl@28f9fedd]
15:04:39.591 [main] DEBUG org.hibernate.persister.walking.spi.MetamodelGraphWalker - Visiting attribute path : image_url
15:04:39.591 [main] DEBUG org.hibernate.persister.walking.spi.MetamodelGraphWalker - Visiting attribute path : name
15:04:39.591 [main] DEBUG org.hibernate.loader.plan.build.internal.FetchStyleLoadPlanBuildingAssociationVisitationStrategy - Building LoadPlan...
15:04:39.591 [main] DEBUG org.hibernate.loader.plan.exec.internal.LoadQueryJoinAndFetchProcessor - processing queryspace <gen:0>
15:04:39.591 [main] DEBUG org.hibernate.loader.plan.build.spi.LoadPlanTreePrinter - LoadPlan(entity=org.reverside.bootcamp.ubereats.dto.Menu)
    - Returns
       - EntityReturnImpl(entity=org.reverside.bootcamp.ubereats.dto.Menu, querySpaceUid=<gen:0>, path=org.reverside.bootcamp.ubereats.dto.Menu)
          - EntityAttributeFetchImpl(entity=org.reverside.bootcamp.ubereats.dto.FoodOutlet, querySpaceUid=<gen:1>, path=org.reverside.bootcamp.ubereats.dto.Menu.foodOutlet)
    - QuerySpaces
       - EntityQuerySpaceImpl(uid=<gen:0>, entity=org.reverside.bootcamp.ubereats.dto.Menu)
          - SQL table alias mapping - menu0_
          - alias suffix - 0_
          - suffixed key columns - {id1_4_0_}

15:04:39.592 [main] DEBUG org.hibernate.loader.entity.plan.EntityLoader - Static select for entity org.reverside.bootcamp.ubereats.dto.Menu [PESSIMISTIC_WRITE]: select menu0_.id as id1_4_0_, menu0_.description as descript2_4_0_, menu0_.foodOutlet_email as foodOutl5_4_0_, menu0_.image_url as image_ur3_4_0_, menu0_.name as name4_4_0_ from Menu menu0_ where menu0_.id=? for update
15:04:39.592 [main] DEBUG org.hibernate.loader.plan.build.internal.spaces.QuerySpacesImpl - Adding QuerySpace : uid = <gen:0> -> org.hibernate.loader.plan.build.internal.spaces.EntityQuerySpaceImpl@17947e6d]
15:04:39.592 [main] DEBUG org.hibernate.persister.walking.spi.MetamodelGraphWalker - Visiting attribute path : description
15:04:39.592 [main] DEBUG org.hibernate.persister.walking.spi.MetamodelGraphWalker - Visiting attribute path : foodOutlet
15:04:39.592 [main] DEBUG org.hibernate.loader.plan.build.internal.spaces.QuerySpacesImpl - Adding QuerySpace : uid = <gen:1> -> org.hibernate.loader.plan.build.internal.spaces.EntityQuerySpaceImpl@521bb1a4]
15:04:39.592 [main] DEBUG org.hibernate.persister.walking.spi.MetamodelGraphWalker - Visiting attribute path : image_url
15:04:39.592 [main] DEBUG org.hibernate.persister.walking.spi.MetamodelGraphWalker - Visiting attribute path : name
15:04:39.592 [main] DEBUG org.hibernate.loader.plan.build.internal.FetchStyleLoadPlanBuildingAssociationVisitationStrategy - Building LoadPlan...
15:04:39.592 [main] DEBUG org.hibernate.loader.plan.exec.internal.LoadQueryJoinAndFetchProcessor - processing queryspace <gen:0>
15:04:39.593 [main] DEBUG org.hibernate.loader.plan.build.spi.LoadPlanTreePrinter - LoadPlan(entity=org.reverside.bootcamp.ubereats.dto.Menu)
    - Returns
       - EntityReturnImpl(entity=org.reverside.bootcamp.ubereats.dto.Menu, querySpaceUid=<gen:0>, path=org.reverside.bootcamp.ubereats.dto.Menu)
          - EntityAttributeFetchImpl(entity=org.reverside.bootcamp.ubereats.dto.FoodOutlet, querySpaceUid=<gen:1>, path=org.reverside.bootcamp.ubereats.dto.Menu.foodOutlet)
    - QuerySpaces
       - EntityQuerySpaceImpl(uid=<gen:0>, entity=org.reverside.bootcamp.ubereats.dto.Menu)
          - SQL table alias mapping - menu0_
          - alias suffix - 0_
          - suffixed key columns - {id1_4_0_}

15:04:39.593 [main] DEBUG org.hibernate.loader.entity.plan.EntityLoader - Static select for entity org.reverside.bootcamp.ubereats.dto.Menu [PESSIMISTIC_FORCE_INCREMENT]: select menu0_.id as id1_4_0_, menu0_.description as descript2_4_0_, menu0_.foodOutlet_email as foodOutl5_4_0_, menu0_.image_url as image_ur3_4_0_, menu0_.name as name4_4_0_ from Menu menu0_ where menu0_.id=? for update
15:04:39.594 [main] DEBUG org.hibernate.loader.plan.build.internal.spaces.QuerySpacesImpl - Adding QuerySpace : uid = <gen:0> -> org.hibernate.loader.plan.build.internal.spaces.EntityQuerySpaceImpl@35f3a22c]
15:04:39.594 [main] DEBUG org.hibernate.persister.walking.spi.MetamodelGraphWalker - Visiting attribute path : description
15:04:39.594 [main] DEBUG org.hibernate.persister.walking.spi.MetamodelGraphWalker - Visiting attribute path : foodOutlet
15:04:39.594 [main] DEBUG org.hibernate.loader.plan.build.internal.spaces.QuerySpacesImpl - Adding QuerySpace : uid = <gen:1> -> org.hibernate.loader.plan.build.internal.spaces.EntityQuerySpaceImpl@123d7057]
15:04:39.594 [main] DEBUG org.hibernate.persister.walking.spi.MetamodelGraphWalker - Visiting attribute path : image_url
15:04:39.594 [main] DEBUG org.hibernate.persister.walking.spi.MetamodelGraphWalker - Visiting attribute path : name
15:04:39.594 [main] DEBUG org.hibernate.loader.plan.build.internal.FetchStyleLoadPlanBuildingAssociationVisitationStrategy - Building LoadPlan...
15:04:39.595 [main] DEBUG org.hibernate.loader.plan.exec.internal.LoadQueryJoinAndFetchProcessor - processing queryspace <gen:0>
15:04:39.595 [main] DEBUG org.hibernate.loader.plan.build.spi.LoadPlanTreePrinter - LoadPlan(entity=org.reverside.bootcamp.ubereats.dto.Menu)
    - Returns
       - EntityReturnImpl(entity=org.reverside.bootcamp.ubereats.dto.Menu, querySpaceUid=<gen:0>, path=org.reverside.bootcamp.ubereats.dto.Menu)
          - EntityAttributeFetchImpl(entity=org.reverside.bootcamp.ubereats.dto.FoodOutlet, querySpaceUid=<gen:1>, path=org.reverside.bootcamp.ubereats.dto.Menu.foodOutlet)
    - QuerySpaces
       - EntityQuerySpaceImpl(uid=<gen:0>, entity=org.reverside.bootcamp.ubereats.dto.Menu)
          - SQL table alias mapping - menu0_
          - alias suffix - 0_
          - suffixed key columns - {id1_4_0_}

15:04:39.595 [main] DEBUG org.hibernate.loader.entity.plan.EntityLoader - Static select for entity org.reverside.bootcamp.ubereats.dto.Menu [OPTIMISTIC]: select menu0_.id as id1_4_0_, menu0_.description as descript2_4_0_, menu0_.foodOutlet_email as foodOutl5_4_0_, menu0_.image_url as image_ur3_4_0_, menu0_.name as name4_4_0_ from Menu menu0_ where menu0_.id=?
15:04:39.595 [main] DEBUG org.hibernate.loader.plan.build.internal.spaces.QuerySpacesImpl - Adding QuerySpace : uid = <gen:0> -> org.hibernate.loader.plan.build.internal.spaces.EntityQuerySpaceImpl@1d247525]
15:04:39.596 [main] DEBUG org.hibernate.persister.walking.spi.MetamodelGraphWalker - Visiting attribute path : description
15:04:39.596 [main] DEBUG org.hibernate.persister.walking.spi.MetamodelGraphWalker - Visiting attribute path : foodOutlet
15:04:39.596 [main] DEBUG org.hibernate.loader.plan.build.internal.spaces.QuerySpacesImpl - Adding QuerySpace : uid = <gen:1> -> org.hibernate.loader.plan.build.internal.spaces.EntityQuerySpaceImpl@32e652b6]
15:04:39.596 [main] DEBUG org.hibernate.persister.walking.spi.MetamodelGraphWalker - Visiting attribute path : image_url
15:04:39.596 [main] DEBUG org.hibernate.persister.walking.spi.MetamodelGraphWalker - Visiting attribute path : name
15:04:39.596 [main] DEBUG org.hibernate.loader.plan.build.internal.FetchStyleLoadPlanBuildingAssociationVisitationStrategy - Building LoadPlan...
15:04:39.596 [main] DEBUG org.hibernate.loader.plan.exec.internal.LoadQueryJoinAndFetchProcessor - processing queryspace <gen:0>
15:04:39.597 [main] DEBUG org.hibernate.loader.plan.build.spi.LoadPlanTreePrinter - LoadPlan(entity=org.reverside.bootcamp.ubereats.dto.Menu)
    - Returns
       - EntityReturnImpl(entity=org.reverside.bootcamp.ubereats.dto.Menu, querySpaceUid=<gen:0>, path=org.reverside.bootcamp.ubereats.dto.Menu)
          - EntityAttributeFetchImpl(entity=org.reverside.bootcamp.ubereats.dto.FoodOutlet, querySpaceUid=<gen:1>, path=org.reverside.bootcamp.ubereats.dto.Menu.foodOutlet)
    - QuerySpaces
       - EntityQuerySpaceImpl(uid=<gen:0>, entity=org.reverside.bootcamp.ubereats.dto.Menu)
          - SQL table alias mapping - menu0_
          - alias suffix - 0_
          - suffixed key columns - {id1_4_0_}

15:04:39.597 [main] DEBUG org.hibernate.loader.entity.plan.EntityLoader - Static select for entity org.reverside.bootcamp.ubereats.dto.Menu [OPTIMISTIC_FORCE_INCREMENT]: select menu0_.id as id1_4_0_, menu0_.description as descript2_4_0_, menu0_.foodOutlet_email as foodOutl5_4_0_, menu0_.image_url as image_ur3_4_0_, menu0_.name as name4_4_0_ from Menu menu0_ where menu0_.id=?
15:04:39.597 [main] DEBUG org.hibernate.loader.Loader - Static select for action ACTION_MERGE on entity org.reverside.bootcamp.ubereats.dto.Menu: select menu0_.id as id1_4_0_, menu0_.description as descript2_4_0_, menu0_.foodOutlet_email as foodOutl5_4_0_, menu0_.image_url as image_ur3_4_0_, menu0_.name as name4_4_0_ from Menu menu0_ where menu0_.id=?
15:04:39.597 [main] DEBUG org.hibernate.loader.Loader - Static select for action ACTION_REFRESH on entity org.reverside.bootcamp.ubereats.dto.Menu: select menu0_.id as id1_4_0_, menu0_.description as descript2_4_0_, menu0_.foodOutlet_email as foodOutl5_4_0_, menu0_.image_url as image_ur3_4_0_, menu0_.name as name4_4_0_ from Menu menu0_ where menu0_.id=?
15:04:39.598 [main] DEBUG org.hibernate.loader.Loader - Static select for entity org.reverside.bootcamp.ubereats.dto.Menu [NONE]: select menu0_.id as id1_4_1_, menu0_.description as descript2_4_1_, menu0_.foodOutlet_email as foodOutl5_4_1_, menu0_.image_url as image_ur3_4_1_, menu0_.name as name4_4_1_, foodoutlet1_.email as email1_3_0_, foodoutlet1_.account_num as account_2_3_0_, foodoutlet1_.is_active as is_activ3_3_0_, foodoutlet1_.apt_suit as apt_suit4_3_0_, foodoutlet1_.business_address as business5_3_0_, foodoutlet1_.business_name as business6_3_0_, foodoutlet1_.cuisine_type as cuisine_7_3_0_, foodoutlet1_.enabled as enabled8_3_0_, foodoutlet1_.name as name9_3_0_, foodoutlet1_.number_of_locations as number_10_3_0_, foodoutlet1_.password as passwor11_3_0_, foodoutlet1_.phone_num as phone_n12_3_0_, foodoutlet1_.recovery_response as recover13_3_0_, foodoutlet1_.role as role14_3_0_, foodoutlet1_.surname as surname15_3_0_, foodoutlet1_.weekly_orders as weekly_16_3_0_ from Menu menu0_ left outer join Food_Outlet foodoutlet1_ on menu0_.foodOutlet_email=foodoutlet1_.email where menu0_.foodOutlet_email=?
15:04:39.792 [main] DEBUG org.hibernate.mapping.Table - No alter strings for table : Account
15:04:39.792 [main] DEBUG org.hibernate.mapping.Table - No alter strings for table : Cart
15:04:39.792 [main] DEBUG org.hibernate.mapping.Table - No alter strings for table : Category
15:04:39.792 [main] DEBUG org.hibernate.mapping.Table - No alter strings for table : Food_Outlet
15:04:39.792 [main] DEBUG org.hibernate.mapping.Table - No alter strings for table : Menu
15:04:39.792 [main] DEBUG org.hibernate.mapping.Table - No alter strings for table : Product
15:04:39.792 [main] DEBUG org.hibernate.mapping.Table - No alter strings for table : Role
15:04:39.792 [main] DEBUG org.hibernate.mapping.Table - No alter strings for table : User
15:04:39.830 [main] DEBUG org.hibernate.engine.transaction.jta.platform.internal.JtaPlatformInitiator - No JtaPlatform was specified, checking resolver
15:04:39.836 [main] DEBUG org.hibernate.engine.transaction.jta.platform.internal.JtaPlatformResolverInitiator - No JtaPlatformResolver was specified, using default [org.hibernate.engine.transaction.jta.platform.internal.StandardJtaPlatformResolver]
15:04:39.846 [main] DEBUG org.hibernate.engine.transaction.jta.platform.internal.StandardJtaPlatformResolver - Could not resolve JtaPlatform, using default [org.hibernate.engine.transaction.jta.platform.internal.NoJtaPlatform]
15:04:39.864 [main] DEBUG org.hibernate.query.spi.NamedQueryRepository - Checking 0 named HQL queries
15:04:39.864 [main] DEBUG org.hibernate.query.spi.NamedQueryRepository - Checking 0 named SQL queries
15:04:39.867 [main] DEBUG org.hibernate.internal.SessionFactoryRegistry - Initializing SessionFactoryRegistry : org.hibernate.internal.SessionFactoryRegistry@633fd91
15:04:39.867 [main] DEBUG org.hibernate.internal.SessionFactoryRegistry - Registering SessionFactory: 8d89029b-2a89-45f4-8948-d0c54d8ff35d (<unnamed>)
15:04:39.867 [main] DEBUG org.hibernate.internal.SessionFactoryRegistry - Not binding SessionFactory to JNDI, no JNDI name configured
15:04:39.904 [main] DEBUG org.springframework.beans.factory.support.DefaultListableBeanFactory - Eagerly caching bean 'getSessionFactory' to allow for resolving potential circular references
15:04:39.915 [main] DEBUG org.springframework.beans.factory.support.DefaultListableBeanFactory - Returning cached instance of singleton bean 'org.springframework.transaction.config.internalTransactionAdvisor'
15:04:39.915 [main] DEBUG org.springframework.beans.factory.support.DefaultListableBeanFactory - Returning cached instance of singleton bean 'org.springframework.transaction.config.internalTransactionAdvisor'
15:04:39.962 [main] DEBUG org.springframework.beans.factory.support.DefaultListableBeanFactory - Returning cached instance of singleton bean 'org.springframework.boot.autoconfigure.jdbc.DataSourceInitializerInvoker'
15:04:39.963 [main] DEBUG org.springframework.core.io.support.PathMatchingResourcePatternResolver - Resolved classpath location [data-all.sql] to resources []
15:04:39.963 [main] DEBUG org.springframework.core.io.support.PathMatchingResourcePatternResolver - Resolved classpath location [data.sql] to resources []
15:04:39.963 [main] DEBUG org.springframework.beans.factory.support.DefaultListableBeanFactory - Finished creating instance of bean 'getSessionFactory'
15:04:39.964 [main] DEBUG org.springframework.beans.factory.annotation.AutowiredAnnotationBeanPostProcessor - Autowiring by type from bean name 'productDAO' to bean named 'getSessionFactory'
15:04:39.964 [main] DEBUG org.springframework.beans.factory.support.DefaultListableBeanFactory - Returning cached instance of singleton bean 'org.springframework.transaction.config.internalTransactionAdvisor'
15:04:39.964 [main] DEBUG org.springframework.beans.factory.support.DefaultListableBeanFactory - Returning cached instance of singleton bean 'org.springframework.transaction.config.internalTransactionAdvisor'
15:04:39.968 [main] DEBUG org.springframework.transaction.annotation.AnnotationTransactionAttributeSource - Adding transactional method 'org.reverside.bootcamp.ubereats.repositoryImpl.ProductDaoImpl.add' with attribute: PROPAGATION_REQUIRED,ISOLATION_DEFAULT; ''
15:04:39.992 [main] DEBUG org.springframework.aop.aspectj.annotation.AnnotationAwareAspectJAutoProxyCreator - Creating implicit proxy for bean 'productDAO' with 0 common interceptors and 1 specific interceptors
15:04:39.996 [main] DEBUG org.springframework.aop.framework.CglibAopProxy - Creating CGLIB proxy: target source is SingletonTargetSource for target object [org.reverside.bootcamp.ubereats.repositoryImpl.ProductDaoImpl@493ac8d3]
15:04:40.017 [main] DEBUG org.springframework.transaction.annotation.AnnotationTransactionAttributeSource - Adding transactional method 'org.reverside.bootcamp.ubereats.repositoryImpl.ProductDaoImpl.add' with attribute: PROPAGATION_REQUIRED,ISOLATION_DEFAULT; ''
15:04:40.018 [main] DEBUG org.springframework.aop.framework.CglibAopProxy - Unable to apply any optimizations to advised method: public boolean org.reverside.bootcamp.ubereats.repositoryImpl.ProductDaoImpl.add(org.reverside.bootcamp.ubereats.dto.Product)
15:04:40.019 [main] DEBUG org.springframework.transaction.annotation.AnnotationTransactionAttributeSource - Adding transactional method 'org.reverside.bootcamp.ubereats.repositoryImpl.ProductDaoImpl.get' with attribute: PROPAGATION_REQUIRED,ISOLATION_DEFAULT; ''
15:04:40.019 [main] DEBUG org.springframework.aop.framework.CglibAopProxy - Unable to apply any optimizations to advised method: public org.reverside.bootcamp.ubereats.dto.Product org.reverside.bootcamp.ubereats.repositoryImpl.ProductDaoImpl.get(int)
15:04:40.019 [main] DEBUG org.springframework.transaction.annotation.AnnotationTransactionAttributeSource - Adding transactional method 'org.reverside.bootcamp.ubereats.repositoryImpl.ProductDaoImpl.update' with attribute: PROPAGATION_REQUIRED,ISOLATION_DEFAULT; ''
15:04:40.019 [main] DEBUG org.springframework.aop.framework.CglibAopProxy - Unable to apply any optimizations to advised method: public boolean org.reverside.bootcamp.ubereats.repositoryImpl.ProductDaoImpl.update(org.reverside.bootcamp.ubereats.dto.Product)
15:04:40.020 [main] DEBUG org.springframework.transaction.annotation.AnnotationTransactionAttributeSource - Adding transactional method 'org.reverside.bootcamp.ubereats.repositoryImpl.ProductDaoImpl.delete' with attribute: PROPAGATION_REQUIRED,ISOLATION_DEFAULT; ''
15:04:40.020 [main] DEBUG org.springframework.aop.framework.CglibAopProxy - Unable to apply any optimizations to advised method: public boolean org.reverside.bootcamp.ubereats.repositoryImpl.ProductDaoImpl.delete(org.reverside.bootcamp.ubereats.dto.Product)
15:04:40.020 [main] DEBUG org.springframework.transaction.annotation.AnnotationTransactionAttributeSource - Adding transactional method 'org.reverside.bootcamp.ubereats.repositoryImpl.ProductDaoImpl.list' with attribute: PROPAGATION_REQUIRED,ISOLATION_DEFAULT; ''
15:04:40.020 [main] DEBUG org.springframework.aop.framework.CglibAopProxy - Unable to apply any optimizations to advised method: public java.util.List org.reverside.bootcamp.ubereats.repositoryImpl.ProductDaoImpl.list()
15:04:40.021 [main] DEBUG org.springframework.transaction.annotation.AnnotationTransactionAttributeSource - Adding transactional method 'org.reverside.bootcamp.ubereats.repositoryImpl.ProductDaoImpl.listActiveProductsByMenu' with attribute: PROPAGATION_REQUIRED,ISOLATION_DEFAULT; ''
15:04:40.021 [main] DEBUG org.springframework.aop.framework.CglibAopProxy - Unable to apply any optimizations to advised method: public java.util.List org.reverside.bootcamp.ubereats.repositoryImpl.ProductDaoImpl.listActiveProductsByMenu(int)
15:04:40.021 [main] DEBUG org.springframework.transaction.annotation.AnnotationTransactionAttributeSource - Adding transactional method 'org.reverside.bootcamp.ubereats.repositoryImpl.ProductDaoImpl.getLatestActiveProducts' with attribute: PROPAGATION_REQUIRED,ISOLATION_DEFAULT; ''
15:04:40.021 [main] DEBUG org.springframework.aop.framework.CglibAopProxy - Unable to apply any optimizations to advised method: public java.util.List org.reverside.bootcamp.ubereats.repositoryImpl.ProductDaoImpl.getLatestActiveProducts(int)
15:04:40.028 [main] DEBUG org.springframework.transaction.annotation.AnnotationTransactionAttributeSource - Adding transactional method 'org.reverside.bootcamp.ubereats.repositoryImpl.ProductDaoImpl.listActiveProductsByCategory' with attribute: PROPAGATION_REQUIRED,ISOLATION_DEFAULT; ''
15:04:40.028 [main] DEBUG org.springframework.aop.framework.CglibAopProxy - Unable to apply any optimizations to advised method: public java.util.List org.reverside.bootcamp.ubereats.repositoryImpl.ProductDaoImpl.listActiveProductsByCategory(int)
15:04:40.029 [main] DEBUG org.springframework.transaction.annotation.AnnotationTransactionAttributeSource - Adding transactional method 'org.reverside.bootcamp.ubereats.repositoryImpl.ProductDaoImpl.listActiveProducts' with attribute: PROPAGATION_REQUIRED,ISOLATION_DEFAULT; ''
15:04:40.029 [main] DEBUG org.springframework.aop.framework.CglibAopProxy - Unable to apply any optimizations to advised method: public java.util.List org.reverside.bootcamp.ubereats.repositoryImpl.ProductDaoImpl.listActiveProducts()
15:04:40.030 [main] DEBUG org.springframework.transaction.annotation.AnnotationTransactionAttributeSource - Adding transactional method 'org.reverside.bootcamp.ubereats.repositoryImpl.ProductDaoImpl.deactivate' with attribute: PROPAGATION_REQUIRED,ISOLATION_DEFAULT; ''
15:04:40.030 [main] DEBUG org.springframework.aop.framework.CglibAopProxy - Unable to apply any optimizations to advised method: public boolean org.reverside.bootcamp.ubereats.repositoryImpl.ProductDaoImpl.deactivate(org.reverside.bootcamp.ubereats.dto.Product)
15:04:40.030 [main] DEBUG org.springframework.aop.framework.CglibAopProxy - Found 'equals' method: public boolean java.lang.Object.equals(java.lang.Object)
15:04:40.030 [main] DEBUG org.springframework.aop.framework.CglibAopProxy - Unable to apply any optimizations to advised method: public java.lang.String java.lang.Object.toString()
15:04:40.030 [main] DEBUG org.springframework.aop.framework.CglibAopProxy - Found 'hashCode' method: public native int java.lang.Object.hashCode()
15:04:40.030 [main] DEBUG org.springframework.aop.framework.CglibAopProxy - Unable to apply any optimizations to advised method: protected native java.lang.Object java.lang.Object.clone() throws java.lang.CloneNotSupportedException
15:04:40.030 [main] DEBUG org.springframework.aop.framework.CglibAopProxy - Method is declared on Advised interface: public abstract int org.springframework.aop.framework.Advised.indexOf(org.aopalliance.aop.Advice)
15:04:40.030 [main] DEBUG org.springframework.aop.framework.CglibAopProxy - Method is declared on Advised interface: public abstract int org.springframework.aop.framework.Advised.indexOf(org.springframework.aop.Advisor)
15:04:40.030 [main] DEBUG org.springframework.aop.framework.CglibAopProxy - Method is declared on Advised interface: public abstract boolean org.springframework.aop.framework.Advised.isFrozen()
15:04:40.030 [main] DEBUG org.springframework.aop.framework.CglibAopProxy - Method is declared on Advised interface: public abstract java.lang.Class[] org.springframework.aop.framework.Advised.getProxiedInterfaces()
15:04:40.030 [main] DEBUG org.springframework.aop.framework.CglibAopProxy - Method is declared on Advised interface: public abstract java.lang.String org.springframework.aop.framework.Advised.toProxyConfigString()
15:04:40.030 [main] DEBUG org.springframework.aop.framework.CglibAopProxy - Method is declared on Advised interface: public abstract boolean org.springframework.aop.framework.Advised.isInterfaceProxied(java.lang.Class)
15:04:40.030 [main] DEBUG org.springframework.aop.framework.CglibAopProxy - Method is declared on Advised interface: public abstract void org.springframework.aop.framework.Advised.addAdvice(int,org.aopalliance.aop.Advice) throws org.springframework.aop.framework.AopConfigException
15:04:40.031 [main] DEBUG org.springframework.aop.framework.CglibAopProxy - Method is declared on Advised interface: public abstract void org.springframework.aop.framework.Advised.addAdvice(org.aopalliance.aop.Advice) throws org.springframework.aop.framework.AopConfigException
15:04:40.031 [main] DEBUG org.springframework.aop.framework.CglibAopProxy - Method is declared on Advised interface: public abstract void org.springframework.aop.framework.Advised.setTargetSource(org.springframework.aop.TargetSource)
15:04:40.031 [main] DEBUG org.springframework.aop.framework.CglibAopProxy - Method is declared on Advised interface: public abstract void org.springframework.aop.framework.Advised.setPreFiltered(boolean)
15:04:40.031 [main] DEBUG org.springframework.aop.framework.CglibAopProxy - Method is declared on Advised interface: public abstract org.springframework.aop.TargetSource org.springframework.aop.framework.Advised.getTargetSource()
15:04:40.031 [main] DEBUG org.springframework.aop.framework.CglibAopProxy - Method is declared on Advised interface: public abstract boolean org.springframework.aop.framework.Advised.isProxyTargetClass()
15:04:40.031 [main] DEBUG org.springframework.aop.framework.CglibAopProxy - Method is declared on Advised interface: public abstract void org.springframework.aop.framework.Advised.setExposeProxy(boolean)
15:04:40.031 [main] DEBUG org.springframework.aop.framework.CglibAopProxy - Method is declared on Advised interface: public abstract boolean org.springframework.aop.framework.Advised.isExposeProxy()
15:04:40.031 [main] DEBUG org.springframework.aop.framework.CglibAopProxy - Method is declared on Advised interface: public abstract void org.springframework.aop.framework.Advised.addAdvisor(org.springframework.aop.Advisor) throws org.springframework.aop.framework.AopConfigException
15:04:40.031 [main] DEBUG org.springframework.aop.framework.CglibAopProxy - Method is declared on Advised interface: public abstract void org.springframework.aop.framework.Advised.addAdvisor(int,org.springframework.aop.Advisor) throws org.springframework.aop.framework.AopConfigException
15:04:40.031 [main] DEBUG org.springframework.aop.framework.CglibAopProxy - Method is declared on Advised interface: public abstract boolean org.springframework.aop.framework.Advised.isPreFiltered()
15:04:40.032 [main] DEBUG org.springframework.aop.framework.CglibAopProxy - Method is declared on Advised interface: public abstract boolean org.springframework.aop.framework.Advised.replaceAdvisor(org.springframework.aop.Advisor,org.springframework.aop.Advisor) throws org.springframework.aop.framework.AopConfigException
15:04:40.032 [main] DEBUG org.springframework.aop.framework.CglibAopProxy - Method is declared on Advised interface: public abstract boolean org.springframework.aop.framework.Advised.removeAdvice(org.aopalliance.aop.Advice)
15:04:40.032 [main] DEBUG org.springframework.aop.framework.CglibAopProxy - Method is declared on Advised interface: public abstract boolean org.springframework.aop.framework.Advised.removeAdvisor(org.springframework.aop.Advisor)
15:04:40.032 [main] DEBUG org.springframework.aop.framework.CglibAopProxy - Method is declared on Advised interface: public abstract void org.springframework.aop.framework.Advised.removeAdvisor(int) throws org.springframework.aop.framework.AopConfigException
15:04:40.032 [main] DEBUG org.springframework.aop.framework.CglibAopProxy - Method is declared on Advised interface: public abstract org.springframework.aop.Advisor[] org.springframework.aop.framework.Advised.getAdvisors()
15:04:40.032 [main] DEBUG org.springframework.aop.framework.CglibAopProxy - Method is declared on Advised interface: public abstract java.lang.Class org.springframework.aop.TargetClassAware.getTargetClass()
15:04:40.054 [main] DEBUG org.springframework.beans.factory.support.DefaultListableBeanFactory - Finished creating instance of bean 'productDAO'
15:04:40.054 [main] DEBUG org.springframework.beans.factory.annotation.AutowiredAnnotationBeanPostProcessor - Autowiring by type from bean name 'jsonDataController' to bean named 'productDAO'
15:04:40.054 [main] DEBUG org.springframework.beans.factory.support.DefaultListableBeanFactory - Returning cached instance of singleton bean 'org.springframework.transaction.config.internalTransactionAdvisor'
15:04:40.055 [main] DEBUG org.springframework.beans.factory.support.DefaultListableBeanFactory - Returning cached instance of singleton bean 'org.springframework.transaction.config.internalTransactionAdvisor'
15:04:40.055 [main] DEBUG org.springframework.beans.factory.support.DefaultListableBeanFactory - Finished creating instance of bean 'jsonDataController'
15:04:40.056 [main] DEBUG org.springframework.beans.factory.support.DefaultListableBeanFactory - Creating shared instance of singleton bean 'userController'
15:04:40.056 [main] DEBUG org.springframework.beans.factory.support.DefaultListableBeanFactory - Creating instance of bean 'userController'
15:04:40.056 [main] DEBUG org.springframework.beans.factory.support.DefaultListableBeanFactory - Returning cached instance of singleton bean 'org.springframework.transaction.config.internalTransactionAdvisor'
15:04:40.057 [main] DEBUG org.springframework.beans.factory.annotation.InjectionMetadata - Registered injected element on class [org.reverside.bootcamp.ubereats.controller.UserController]: AutowiredFieldElement for private org.reverside.bootcamp.ubereats.repository.UserDAO org.reverside.bootcamp.ubereats.controller.UserController.userDAO
15:04:40.058 [main] DEBUG org.springframework.beans.factory.support.DefaultListableBeanFactory - Eagerly caching bean 'userController' to allow for resolving potential circular references
15:04:40.060 [main] DEBUG org.springframework.beans.factory.annotation.InjectionMetadata - Processing injected element of bean 'userController': AutowiredFieldElement for private org.reverside.bootcamp.ubereats.repository.UserDAO org.reverside.bootcamp.ubereats.controller.UserController.userDAO
15:04:40.060 [main] DEBUG org.springframework.core.annotation.AnnotationUtils - Failed to meta-introspect annotation [interface org.springframework.beans.factory.annotation.Autowired]: java.lang.NullPointerException
15:04:40.062 [main] DEBUG org.springframework.beans.factory.support.DefaultListableBeanFactory - Creating shared instance of singleton bean 'userDAO'
15:04:40.062 [main] DEBUG org.springframework.beans.factory.support.DefaultListableBeanFactory - Creating instance of bean 'userDAO'
15:04:40.062 [main] DEBUG org.springframework.beans.factory.support.DefaultListableBeanFactory - Returning cached instance of singleton bean 'org.springframework.transaction.config.internalTransactionAdvisor'
15:04:40.063 [main] DEBUG org.springframework.beans.factory.annotation.InjectionMetadata - Registered injected element on class [org.reverside.bootcamp.ubereats.repositoryImpl.UserDaoImpl]: AutowiredFieldElement for private org.hibernate.SessionFactory org.reverside.bootcamp.ubereats.repositoryImpl.UserDaoImpl.sessionFactory
15:04:40.063 [main] DEBUG org.springframework.beans.factory.support.DefaultListableBeanFactory - Eagerly caching bean 'userDAO' to allow for resolving potential circular references
15:04:40.067 [main] DEBUG org.springframework.beans.factory.annotation.InjectionMetadata - Processing injected element of bean 'userDAO': AutowiredFieldElement for private org.hibernate.SessionFactory org.reverside.bootcamp.ubereats.repositoryImpl.UserDaoImpl.sessionFactory
15:04:40.069 [main] DEBUG org.springframework.core.annotation.AnnotationUtils - Failed to meta-introspect annotation [interface org.springframework.beans.factory.annotation.Autowired]: java.lang.NullPointerException
15:04:40.070 [main] DEBUG org.springframework.beans.factory.support.DefaultListableBeanFactory - Returning cached instance of singleton bean 'getSessionFactory'
15:04:40.070 [main] DEBUG org.springframework.beans.factory.annotation.AutowiredAnnotationBeanPostProcessor - Autowiring by type from bean name 'userDAO' to bean named 'getSessionFactory'
15:04:40.070 [main] DEBUG org.springframework.beans.factory.support.DefaultListableBeanFactory - Returning cached instance of singleton bean 'org.springframework.transaction.config.internalTransactionAdvisor'
15:04:40.070 [main] DEBUG org.springframework.beans.factory.support.DefaultListableBeanFactory - Returning cached instance of singleton bean 'org.springframework.transaction.config.internalTransactionAdvisor'
15:04:40.071 [main] DEBUG org.springframework.transaction.annotation.AnnotationTransactionAttributeSource - Adding transactional method 'org.reverside.bootcamp.ubereats.repositoryImpl.UserDaoImpl.listAllActiveUsers' with attribute: PROPAGATION_REQUIRED,ISOLATION_DEFAULT; ''
15:04:40.071 [main] DEBUG org.springframework.aop.aspectj.annotation.AnnotationAwareAspectJAutoProxyCreator - Creating implicit proxy for bean 'userDAO' with 0 common interceptors and 1 specific interceptors
15:04:40.071 [main] DEBUG org.springframework.aop.framework.CglibAopProxy - Creating CGLIB proxy: target source is SingletonTargetSource for target object [org.reverside.bootcamp.ubereats.repositoryImpl.UserDaoImpl@5583098b]
15:04:40.075 [main] DEBUG org.springframework.transaction.annotation.AnnotationTransactionAttributeSource - Adding transactional method 'org.reverside.bootcamp.ubereats.repositoryImpl.UserDaoImpl.listAllActiveUsers' with attribute: PROPAGATION_REQUIRED,ISOLATION_DEFAULT; ''
15:04:40.077 [main] DEBUG org.springframework.aop.framework.CglibAopProxy - Unable to apply any optimizations to advised method: public java.util.List org.reverside.bootcamp.ubereats.repositoryImpl.UserDaoImpl.listAllActiveUsers()
15:04:40.085 [main] DEBUG org.springframework.transaction.annotation.AnnotationTransactionAttributeSource - Adding transactional method 'org.reverside.bootcamp.ubereats.repositoryImpl.UserDaoImpl.updateCart' with attribute: PROPAGATION_REQUIRED,ISOLATION_DEFAULT; ''
15:04:40.086 [main] DEBUG org.springframework.aop.framework.CglibAopProxy - Unable to apply any optimizations to advised method: public boolean org.reverside.bootcamp.ubereats.repositoryImpl.UserDaoImpl.updateCart(org.reverside.bootcamp.ubereats.dto.Cart)
15:04:40.086 [main] DEBUG org.springframework.transaction.annotation.AnnotationTransactionAttributeSource - Adding transactional method 'org.reverside.bootcamp.ubereats.repositoryImpl.UserDaoImpl.createAccount' with attribute: PROPAGATION_REQUIRED,ISOLATION_DEFAULT; ''
15:04:40.086 [main] DEBUG org.springframework.aop.framework.CglibAopProxy - Unable to apply any optimizations to advised method: public boolean org.reverside.bootcamp.ubereats.repositoryImpl.UserDaoImpl.createAccount(org.reverside.bootcamp.ubereats.dto.Account)
15:04:40.090 [main] DEBUG org.springframework.transaction.annotation.AnnotationTransactionAttributeSource - Adding transactional method 'org.reverside.bootcamp.ubereats.repositoryImpl.UserDaoImpl.findByEmail' with attribute: PROPAGATION_REQUIRED,ISOLATION_DEFAULT; ''
15:04:40.090 [main] DEBUG org.springframework.aop.framework.CglibAopProxy - Unable to apply any optimizations to advised method: public org.reverside.bootcamp.ubereats.dto.User org.reverside.bootcamp.ubereats.repositoryImpl.UserDaoImpl.findByEmail(java.lang.String)
15:04:40.096 [main] DEBUG org.springframework.transaction.annotation.AnnotationTransactionAttributeSource - Adding transactional method 'org.reverside.bootcamp.ubereats.repositoryImpl.UserDaoImpl.addUser' with attribute: PROPAGATION_REQUIRED,ISOLATION_DEFAULT; ''
15:04:40.097 [main] DEBUG org.springframework.aop.framework.CglibAopProxy - Unable to apply any optimizations to advised method: public boolean org.reverside.bootcamp.ubereats.repositoryImpl.UserDaoImpl.addUser(org.reverside.bootcamp.ubereats.dto.User)
15:04:40.097 [main] DEBUG org.springframework.transaction.annotation.AnnotationTransactionAttributeSource - Adding transactional method 'org.reverside.bootcamp.ubereats.repositoryImpl.UserDaoImpl.listUserByRole' with attribute: PROPAGATION_REQUIRED,ISOLATION_DEFAULT; ''
15:04:40.098 [main] DEBUG org.springframework.aop.framework.CglibAopProxy - Unable to apply any optimizations to advised method: public org.reverside.bootcamp.ubereats.dto.User org.reverside.bootcamp.ubereats.repositoryImpl.UserDaoImpl.listUserByRole(java.lang.String)
15:04:40.098 [main] DEBUG org.springframework.transaction.annotation.AnnotationTransactionAttributeSource - Adding transactional method 'org.reverside.bootcamp.ubereats.repositoryImpl.UserDaoImpl.updateUser' with attribute: PROPAGATION_REQUIRED,ISOLATION_DEFAULT; ''
15:04:40.098 [main] DEBUG org.springframework.aop.framework.CglibAopProxy - Unable to apply any optimizations to advised method: public boolean org.reverside.bootcamp.ubereats.repositoryImpl.UserDaoImpl.updateUser(org.reverside.bootcamp.ubereats.dto.User)
15:04:40.099 [main] DEBUG org.springframework.transaction.annotation.AnnotationTransactionAttributeSource - Adding transactional method 'org.reverside.bootcamp.ubereats.repositoryImpl.UserDaoImpl.deleteUser' with attribute: PROPAGATION_REQUIRED,ISOLATION_DEFAULT; ''
15:04:40.103 [main] DEBUG org.springframework.aop.framework.CglibAopProxy - Unable to apply any optimizations to advised method: public boolean org.reverside.bootcamp.ubereats.repositoryImpl.UserDaoImpl.deleteUser(org.reverside.bootcamp.ubereats.dto.User)
15:04:40.103 [main] DEBUG org.springframework.transaction.annotation.AnnotationTransactionAttributeSource - Adding transactional method 'org.reverside.bootcamp.ubereats.repositoryImpl.UserDaoImpl.deactivateUser' with attribute: PROPAGATION_REQUIRED,ISOLATION_DEFAULT; ''
15:04:40.104 [main] DEBUG org.springframework.aop.framework.CglibAopProxy - Unable to apply any optimizations to advised method: public boolean org.reverside.bootcamp.ubereats.repositoryImpl.UserDaoImpl.deactivateUser(org.reverside.bootcamp.ubereats.dto.User)
15:04:40.104 [main] DEBUG org.springframework.aop.framework.CglibAopProxy - Found 'equals' method: public boolean java.lang.Object.equals(java.lang.Object)
15:04:40.104 [main] DEBUG org.springframework.aop.framework.CglibAopProxy - Unable to apply any optimizations to advised method: public java.lang.String java.lang.Object.toString()
15:04:40.104 [main] DEBUG org.springframework.aop.framework.CglibAopProxy - Found 'hashCode' method: public native int java.lang.Object.hashCode()
15:04:40.105 [main] DEBUG org.springframework.aop.framework.CglibAopProxy - Unable to apply any optimizations to advised method: protected native java.lang.Object java.lang.Object.clone() throws java.lang.CloneNotSupportedException
15:04:40.106 [main] DEBUG org.springframework.aop.framework.CglibAopProxy - Method is declared on Advised interface: public abstract int org.springframework.aop.framework.Advised.indexOf(org.aopalliance.aop.Advice)
15:04:40.106 [main] DEBUG org.springframework.aop.framework.CglibAopProxy - Method is declared on Advised interface: public abstract int org.springframework.aop.framework.Advised.indexOf(org.springframework.aop.Advisor)
15:04:40.106 [main] DEBUG org.springframework.aop.framework.CglibAopProxy - Method is declared on Advised interface: public abstract boolean org.springframework.aop.framework.Advised.isFrozen()
15:04:40.106 [main] DEBUG org.springframework.aop.framework.CglibAopProxy - Method is declared on Advised interface: public abstract java.lang.Class[] org.springframework.aop.framework.Advised.getProxiedInterfaces()
15:04:40.106 [main] DEBUG org.springframework.aop.framework.CglibAopProxy - Method is declared on Advised interface: public abstract java.lang.String org.springframework.aop.framework.Advised.toProxyConfigString()
15:04:40.106 [main] DEBUG org.springframework.aop.framework.CglibAopProxy - Method is declared on Advised interface: public abstract boolean org.springframework.aop.framework.Advised.isInterfaceProxied(java.lang.Class)
15:04:40.106 [main] DEBUG org.springframework.aop.framework.CglibAopProxy - Method is declared on Advised interface: public abstract void org.springframework.aop.framework.Advised.addAdvice(int,org.aopalliance.aop.Advice) throws org.springframework.aop.framework.AopConfigException
15:04:40.106 [main] DEBUG org.springframework.aop.framework.CglibAopProxy - Method is declared on Advised interface: public abstract void org.springframework.aop.framework.Advised.addAdvice(org.aopalliance.aop.Advice) throws org.springframework.aop.framework.AopConfigException
15:04:40.107 [main] DEBUG org.springframework.aop.framework.CglibAopProxy - Method is declared on Advised interface: public abstract void org.springframework.aop.framework.Advised.setTargetSource(org.springframework.aop.TargetSource)
15:04:40.107 [main] DEBUG org.springframework.aop.framework.CglibAopProxy - Method is declared on Advised interface: public abstract void org.springframework.aop.framework.Advised.setPreFiltered(boolean)
15:04:40.107 [main] DEBUG org.springframework.aop.framework.CglibAopProxy - Method is declared on Advised interface: public abstract org.springframework.aop.TargetSource org.springframework.aop.framework.Advised.getTargetSource()
15:04:40.107 [main] DEBUG org.springframework.aop.framework.CglibAopProxy - Method is declared on Advised interface: public abstract boolean org.springframework.aop.framework.Advised.isProxyTargetClass()
15:04:40.107 [main] DEBUG org.springframework.aop.framework.CglibAopProxy - Method is declared on Advised interface: public abstract void org.springframework.aop.framework.Advised.setExposeProxy(boolean)
15:04:40.107 [main] DEBUG org.springframework.aop.framework.CglibAopProxy - Method is declared on Advised interface: public abstract boolean org.springframework.aop.framework.Advised.isExposeProxy()
15:04:40.107 [main] DEBUG org.springframework.aop.framework.CglibAopProxy - Method is declared on Advised interface: public abstract void org.springframework.aop.framework.Advised.addAdvisor(org.springframework.aop.Advisor) throws org.springframework.aop.framework.AopConfigException
15:04:40.107 [main] DEBUG org.springframework.aop.framework.CglibAopProxy - Method is declared on Advised interface: public abstract void org.springframework.aop.framework.Advised.addAdvisor(int,org.springframework.aop.Advisor) throws org.springframework.aop.framework.AopConfigException
15:04:40.107 [main] DEBUG org.springframework.aop.framework.CglibAopProxy - Method is declared on Advised interface: public abstract boolean org.springframework.aop.framework.Advised.isPreFiltered()
15:04:40.108 [main] DEBUG org.springframework.aop.framework.CglibAopProxy - Method is declared on Advised interface: public abstract boolean org.springframework.aop.framework.Advised.replaceAdvisor(org.springframework.aop.Advisor,org.springframework.aop.Advisor) throws org.springframework.aop.framework.AopConfigException
15:04:40.108 [main] DEBUG org.springframework.aop.framework.CglibAopProxy - Method is declared on Advised interface: public abstract boolean org.springframework.aop.framework.Advised.removeAdvice(org.aopalliance.aop.Advice)
15:04:40.110 [main] DEBUG org.springframework.aop.framework.CglibAopProxy - Method is declared on Advised interface: public abstract boolean org.springframework.aop.framework.Advised.removeAdvisor(org.springframework.aop.Advisor)
15:04:40.110 [main] DEBUG org.springframework.aop.framework.CglibAopProxy - Method is declared on Advised interface: public abstract void org.springframework.aop.framework.Advised.removeAdvisor(int) throws org.springframework.aop.framework.AopConfigException
15:04:40.110 [main] DEBUG org.springframework.aop.framework.CglibAopProxy - Method is declared on Advised interface: public abstract org.springframework.aop.Advisor[] org.springframework.aop.framework.Advised.getAdvisors()
15:04:40.111 [main] DEBUG org.springframework.aop.framework.CglibAopProxy - Method is declared on Advised interface: public abstract java.lang.Class org.springframework.aop.TargetClassAware.getTargetClass()
15:04:40.127 [main] DEBUG org.springframework.beans.factory.support.DefaultListableBeanFactory - Finished creating instance of bean 'userDAO'
15:04:40.128 [main] DEBUG org.springframework.beans.factory.annotation.AutowiredAnnotationBeanPostProcessor - Autowiring by type from bean name 'userController' to bean named 'userDAO'
15:04:40.128 [main] DEBUG org.springframework.beans.factory.support.DefaultListableBeanFactory - Returning cached instance of singleton bean 'org.springframework.transaction.config.internalTransactionAdvisor'
15:04:40.128 [main] DEBUG org.springframework.beans.factory.support.DefaultListableBeanFactory - Returning cached instance of singleton bean 'org.springframework.transaction.config.internalTransactionAdvisor'
15:04:40.128 [main] DEBUG org.springframework.beans.factory.support.DefaultListableBeanFactory - Finished creating instance of bean 'userController'
15:04:40.129 [main] DEBUG org.springframework.beans.factory.support.DefaultListableBeanFactory - Creating shared instance of singleton bean 'webController'
15:04:40.129 [main] DEBUG org.springframework.beans.factory.support.DefaultListableBeanFactory - Creating instance of bean 'webController'
15:04:40.129 [main] DEBUG org.springframework.beans.factory.support.DefaultListableBeanFactory - Returning cached instance of singleton bean 'org.springframework.transaction.config.internalTransactionAdvisor'
15:04:40.130 [main] DEBUG org.springframework.beans.factory.support.DefaultListableBeanFactory - Eagerly caching bean 'webController' to allow for resolving potential circular references
15:04:40.133 [main] DEBUG org.springframework.beans.factory.support.DefaultListableBeanFactory - Returning cached instance of singleton bean 'org.springframework.transaction.config.internalTransactionAdvisor'
15:04:40.135 [main] DEBUG org.springframework.beans.factory.support.DefaultListableBeanFactory - Returning cached instance of singleton bean 'org.springframework.transaction.config.internalTransactionAdvisor'
15:04:40.135 [main] DEBUG org.springframework.beans.factory.support.DefaultListableBeanFactory - Finished creating instance of bean 'webController'
15:04:40.136 [main] DEBUG org.springframework.beans.factory.support.DefaultListableBeanFactory - Creating shared instance of singleton bean 'categoryDAO'
15:04:40.136 [main] DEBUG org.springframework.beans.factory.support.DefaultListableBeanFactory - Creating instance of bean 'categoryDAO'
15:04:40.136 [main] DEBUG org.springframework.beans.factory.support.DefaultListableBeanFactory - Returning cached instance of singleton bean 'org.springframework.transaction.config.internalTransactionAdvisor'
15:04:40.137 [main] DEBUG org.springframework.beans.factory.annotation.InjectionMetadata - Registered injected element on class [org.reverside.bootcamp.ubereats.repositoryImpl.CategoryDaoImpl]: AutowiredFieldElement for private org.hibernate.SessionFactory org.reverside.bootcamp.ubereats.repositoryImpl.CategoryDaoImpl.sessionFactory
15:04:40.137 [main] DEBUG org.springframework.beans.factory.support.DefaultListableBeanFactory - Eagerly caching bean 'categoryDAO' to allow for resolving potential circular references
15:04:40.144 [main] DEBUG org.springframework.beans.factory.annotation.InjectionMetadata - Processing injected element of bean 'categoryDAO': AutowiredFieldElement for private org.hibernate.SessionFactory org.reverside.bootcamp.ubereats.repositoryImpl.CategoryDaoImpl.sessionFactory
15:04:40.144 [main] DEBUG org.springframework.core.annotation.AnnotationUtils - Failed to meta-introspect annotation [interface org.springframework.beans.factory.annotation.Autowired]: java.lang.NullPointerException
15:04:40.144 [main] DEBUG org.springframework.beans.factory.support.DefaultListableBeanFactory - Returning cached instance of singleton bean 'getSessionFactory'
15:04:40.145 [main] DEBUG org.springframework.beans.factory.annotation.AutowiredAnnotationBeanPostProcessor - Autowiring by type from bean name 'categoryDAO' to bean named 'getSessionFactory'
15:04:40.145 [main] DEBUG org.springframework.beans.factory.support.DefaultListableBeanFactory - Returning cached instance of singleton bean 'org.springframework.transaction.config.internalTransactionAdvisor'
15:04:40.145 [main] DEBUG org.springframework.beans.factory.support.DefaultListableBeanFactory - Returning cached instance of singleton bean 'org.springframework.transaction.config.internalTransactionAdvisor'
15:04:40.145 [main] DEBUG org.springframework.transaction.annotation.AnnotationTransactionAttributeSource - Adding transactional method 'org.reverside.bootcamp.ubereats.repositoryImpl.CategoryDaoImpl.get' with attribute: PROPAGATION_REQUIRED,ISOLATION_DEFAULT; ''
15:04:40.146 [main] DEBUG org.springframework.aop.aspectj.annotation.AnnotationAwareAspectJAutoProxyCreator - Creating implicit proxy for bean 'categoryDAO' with 0 common interceptors and 1 specific interceptors
15:04:40.146 [main] DEBUG org.springframework.aop.framework.CglibAopProxy - Creating CGLIB proxy: target source is SingletonTargetSource for target object [org.reverside.bootcamp.ubereats.repositoryImpl.CategoryDaoImpl@62b93086]
15:04:40.147 [main] DEBUG org.springframework.transaction.annotation.AnnotationTransactionAttributeSource - Adding transactional method 'org.reverside.bootcamp.ubereats.repositoryImpl.CategoryDaoImpl.get' with attribute: PROPAGATION_REQUIRED,ISOLATION_DEFAULT; ''
15:04:40.147 [main] DEBUG org.springframework.aop.framework.CglibAopProxy - Unable to apply any optimizations to advised method: public org.reverside.bootcamp.ubereats.dto.Category org.reverside.bootcamp.ubereats.repositoryImpl.CategoryDaoImpl.get(int)
15:04:40.148 [main] DEBUG org.springframework.transaction.annotation.AnnotationTransactionAttributeSource - Adding transactional method 'org.reverside.bootcamp.ubereats.repositoryImpl.CategoryDaoImpl.list' with attribute: PROPAGATION_REQUIRED,ISOLATION_DEFAULT; ''
15:04:40.148 [main] DEBUG org.springframework.aop.framework.CglibAopProxy - Unable to apply any optimizations to advised method: public java.util.List org.reverside.bootcamp.ubereats.repositoryImpl.CategoryDaoImpl.list()
15:04:40.148 [main] DEBUG org.springframework.transaction.annotation.AnnotationTransactionAttributeSource - Adding transactional method 'org.reverside.bootcamp.ubereats.repositoryImpl.CategoryDaoImpl.addCategory' with attribute: PROPAGATION_REQUIRED,ISOLATION_DEFAULT; ''
15:04:40.148 [main] DEBUG org.springframework.aop.framework.CglibAopProxy - Unable to apply any optimizations to advised method: public boolean org.reverside.bootcamp.ubereats.repositoryImpl.CategoryDaoImpl.addCategory(org.reverside.bootcamp.ubereats.dto.Category)
15:04:40.148 [main] DEBUG org.springframework.transaction.annotation.AnnotationTransactionAttributeSource - Adding transactional method 'org.reverside.bootcamp.ubereats.repositoryImpl.CategoryDaoImpl.updateCategory' with attribute: PROPAGATION_REQUIRED,ISOLATION_DEFAULT; ''
15:04:40.148 [main] DEBUG org.springframework.aop.framework.CglibAopProxy - Unable to apply any optimizations to advised method: public boolean org.reverside.bootcamp.ubereats.repositoryImpl.CategoryDaoImpl.updateCategory(org.reverside.bootcamp.ubereats.dto.Category)
15:04:40.149 [main] DEBUG org.springframework.transaction.annotation.AnnotationTransactionAttributeSource - Adding transactional method 'org.reverside.bootcamp.ubereats.repositoryImpl.CategoryDaoImpl.deleteCategory' with attribute: PROPAGATION_REQUIRED,ISOLATION_DEFAULT; ''
15:04:40.149 [main] DEBUG org.springframework.aop.framework.CglibAopProxy - Unable to apply any optimizations to advised method: public boolean org.reverside.bootcamp.ubereats.repositoryImpl.CategoryDaoImpl.deleteCategory(org.reverside.bootcamp.ubereats.dto.Category)
15:04:40.149 [main] DEBUG org.springframework.aop.framework.CglibAopProxy - Found 'equals' method: public boolean java.lang.Object.equals(java.lang.Object)
15:04:40.149 [main] DEBUG org.springframework.aop.framework.CglibAopProxy - Unable to apply any optimizations to advised method: public java.lang.String java.lang.Object.toString()
15:04:40.149 [main] DEBUG org.springframework.aop.framework.CglibAopProxy - Found 'hashCode' method: public native int java.lang.Object.hashCode()
15:04:40.149 [main] DEBUG org.springframework.aop.framework.CglibAopProxy - Unable to apply any optimizations to advised method: protected native java.lang.Object java.lang.Object.clone() throws java.lang.CloneNotSupportedException
15:04:40.149 [main] DEBUG org.springframework.aop.framework.CglibAopProxy - Method is declared on Advised interface: public abstract int org.springframework.aop.framework.Advised.indexOf(org.aopalliance.aop.Advice)
15:04:40.149 [main] DEBUG org.springframework.aop.framework.CglibAopProxy - Method is declared on Advised interface: public abstract int org.springframework.aop.framework.Advised.indexOf(org.springframework.aop.Advisor)
15:04:40.149 [main] DEBUG org.springframework.aop.framework.CglibAopProxy - Method is declared on Advised interface: public abstract boolean org.springframework.aop.framework.Advised.isFrozen()
15:04:40.149 [main] DEBUG org.springframework.aop.framework.CglibAopProxy - Method is declared on Advised interface: public abstract java.lang.Class[] org.springframework.aop.framework.Advised.getProxiedInterfaces()
15:04:40.149 [main] DEBUG org.springframework.aop.framework.CglibAopProxy - Method is declared on Advised interface: public abstract java.lang.String org.springframework.aop.framework.Advised.toProxyConfigString()
15:04:40.149 [main] DEBUG org.springframework.aop.framework.CglibAopProxy - Method is declared on Advised interface: public abstract boolean org.springframework.aop.framework.Advised.isInterfaceProxied(java.lang.Class)
15:04:40.149 [main] DEBUG org.springframework.aop.framework.CglibAopProxy - Method is declared on Advised interface: public abstract void org.springframework.aop.framework.Advised.addAdvice(int,org.aopalliance.aop.Advice) throws org.springframework.aop.framework.AopConfigException
15:04:40.149 [main] DEBUG org.springframework.aop.framework.CglibAopProxy - Method is declared on Advised interface: public abstract void org.springframework.aop.framework.Advised.addAdvice(org.aopalliance.aop.Advice) throws org.springframework.aop.framework.AopConfigException
15:04:40.149 [main] DEBUG org.springframework.aop.framework.CglibAopProxy - Method is declared on Advised interface: public abstract void org.springframework.aop.framework.Advised.setTargetSource(org.springframework.aop.TargetSource)
15:04:40.149 [main] DEBUG org.springframework.aop.framework.CglibAopProxy - Method is declared on Advised interface: public abstract void org.springframework.aop.framework.Advised.setPreFiltered(boolean)
15:04:40.149 [main] DEBUG org.springframework.aop.framework.CglibAopProxy - Method is declared on Advised interface: public abstract org.springframework.aop.TargetSource org.springframework.aop.framework.Advised.getTargetSource()
15:04:40.149 [main] DEBUG org.springframework.aop.framework.CglibAopProxy - Method is declared on Advised interface: public abstract boolean org.springframework.aop.framework.Advised.isProxyTargetClass()
15:04:40.150 [main] DEBUG org.springframework.aop.framework.CglibAopProxy - Method is declared on Advised interface: public abstract void org.springframework.aop.framework.Advised.setExposeProxy(boolean)
15:04:40.150 [main] DEBUG org.springframework.aop.framework.CglibAopProxy - Method is declared on Advised interface: public abstract boolean org.springframework.aop.framework.Advised.isExposeProxy()
15:04:40.150 [main] DEBUG org.springframework.aop.framework.CglibAopProxy - Method is declared on Advised interface: public abstract void org.springframework.aop.framework.Advised.addAdvisor(org.springframework.aop.Advisor) throws org.springframework.aop.framework.AopConfigException
15:04:40.150 [main] DEBUG org.springframework.aop.framework.CglibAopProxy - Method is declared on Advised interface: public abstract void org.springframework.aop.framework.Advised.addAdvisor(int,org.springframework.aop.Advisor) throws org.springframework.aop.framework.AopConfigException
15:04:40.150 [main] DEBUG org.springframework.aop.framework.CglibAopProxy - Method is declared on Advised interface: public abstract boolean org.springframework.aop.framework.Advised.isPreFiltered()
15:04:40.150 [main] DEBUG org.springframework.aop.framework.CglibAopProxy - Method is declared on Advised interface: public abstract boolean org.springframework.aop.framework.Advised.replaceAdvisor(org.springframework.aop.Advisor,org.springframework.aop.Advisor) throws org.springframework.aop.framework.AopConfigException
15:04:40.150 [main] DEBUG org.springframework.aop.framework.CglibAopProxy - Method is declared on Advised interface: public abstract boolean org.springframework.aop.framework.Advised.removeAdvice(org.aopalliance.aop.Advice)
15:04:40.150 [main] DEBUG org.springframework.aop.framework.CglibAopProxy - Method is declared on Advised interface: public abstract boolean org.springframework.aop.framework.Advised.removeAdvisor(org.springframework.aop.Advisor)
15:04:40.150 [main] DEBUG org.springframework.aop.framework.CglibAopProxy - Method is declared on Advised interface: public abstract void org.springframework.aop.framework.Advised.removeAdvisor(int) throws org.springframework.aop.framework.AopConfigException
15:04:40.150 [main] DEBUG org.springframework.aop.framework.CglibAopProxy - Method is declared on Advised interface: public abstract org.springframework.aop.Advisor[] org.springframework.aop.framework.Advised.getAdvisors()
15:04:40.150 [main] DEBUG org.springframework.aop.framework.CglibAopProxy - Method is declared on Advised interface: public abstract java.lang.Class org.springframework.aop.TargetClassAware.getTargetClass()
15:04:40.166 [main] DEBUG org.springframework.beans.factory.support.DefaultListableBeanFactory - Finished creating instance of bean 'categoryDAO'
15:04:40.166 [main] DEBUG org.springframework.beans.factory.support.DefaultListableBeanFactory - Creating shared instance of singleton bean 'foodOutletDAO'
15:04:40.167 [main] DEBUG org.springframework.beans.factory.support.DefaultListableBeanFactory - Creating instance of bean 'foodOutletDAO'
15:04:40.167 [main] DEBUG org.springframework.beans.factory.support.DefaultListableBeanFactory - Returning cached instance of singleton bean 'org.springframework.transaction.config.internalTransactionAdvisor'
15:04:40.169 [main] DEBUG org.springframework.beans.factory.annotation.InjectionMetadata - Registered injected element on class [org.reverside.bootcamp.ubereats.repositoryImpl.FoodOutletDaoImpl]: AutowiredFieldElement for private org.hibernate.SessionFactory org.reverside.bootcamp.ubereats.repositoryImpl.FoodOutletDaoImpl.sessionFactory
15:04:40.170 [main] DEBUG org.springframework.beans.factory.support.DefaultListableBeanFactory - Eagerly caching bean 'foodOutletDAO' to allow for resolving potential circular references
15:04:40.173 [main] DEBUG org.springframework.beans.factory.annotation.InjectionMetadata - Processing injected element of bean 'foodOutletDAO': AutowiredFieldElement for private org.hibernate.SessionFactory org.reverside.bootcamp.ubereats.repositoryImpl.FoodOutletDaoImpl.sessionFactory
15:04:40.173 [main] DEBUG org.springframework.core.annotation.AnnotationUtils - Failed to meta-introspect annotation [interface org.springframework.beans.factory.annotation.Autowired]: java.lang.NullPointerException
15:04:40.174 [main] DEBUG org.springframework.beans.factory.support.DefaultListableBeanFactory - Returning cached instance of singleton bean 'getSessionFactory'
15:04:40.174 [main] DEBUG org.springframework.beans.factory.annotation.AutowiredAnnotationBeanPostProcessor - Autowiring by type from bean name 'foodOutletDAO' to bean named 'getSessionFactory'
15:04:40.174 [main] DEBUG org.springframework.beans.factory.support.DefaultListableBeanFactory - Returning cached instance of singleton bean 'org.springframework.transaction.config.internalTransactionAdvisor'
15:04:40.174 [main] DEBUG org.springframework.beans.factory.support.DefaultListableBeanFactory - Returning cached instance of singleton bean 'org.springframework.transaction.config.internalTransactionAdvisor'
15:04:40.175 [main] DEBUG org.springframework.transaction.annotation.AnnotationTransactionAttributeSource - Adding transactional method 'org.reverside.bootcamp.ubereats.repositoryImpl.FoodOutletDaoImpl.deactivateFoodOutlet' with attribute: PROPAGATION_REQUIRED,ISOLATION_DEFAULT; ''
15:04:40.175 [main] DEBUG org.springframework.aop.aspectj.annotation.AnnotationAwareAspectJAutoProxyCreator - Creating implicit proxy for bean 'foodOutletDAO' with 0 common interceptors and 1 specific interceptors
15:04:40.175 [main] DEBUG org.springframework.aop.framework.CglibAopProxy - Creating CGLIB proxy: target source is SingletonTargetSource for target object [org.reverside.bootcamp.ubereats.repositoryImpl.FoodOutletDaoImpl@5731d3a]
15:04:40.176 [main] DEBUG org.springframework.transaction.annotation.AnnotationTransactionAttributeSource - Adding transactional method 'org.reverside.bootcamp.ubereats.repositoryImpl.FoodOutletDaoImpl.deactivateFoodOutlet' with attribute: PROPAGATION_REQUIRED,ISOLATION_DEFAULT; ''
15:04:40.176 [main] DEBUG org.springframework.aop.framework.CglibAopProxy - Unable to apply any optimizations to advised method: public boolean org.reverside.bootcamp.ubereats.repositoryImpl.FoodOutletDaoImpl.deactivateFoodOutlet(org.reverside.bootcamp.ubereats.dto.FoodOutlet)
15:04:40.177 [main] DEBUG org.springframework.transaction.annotation.AnnotationTransactionAttributeSource - Adding transactional method 'org.reverside.bootcamp.ubereats.repositoryImpl.FoodOutletDaoImpl.listActiveFoodOutlets' with attribute: PROPAGATION_REQUIRED,ISOLATION_DEFAULT; ''
15:04:40.177 [main] DEBUG org.springframework.aop.framework.CglibAopProxy - Unable to apply any optimizations to advised method: public java.util.List org.reverside.bootcamp.ubereats.repositoryImpl.FoodOutletDaoImpl.listActiveFoodOutlets()
15:04:40.177 [main] DEBUG org.springframework.transaction.annotation.AnnotationTransactionAttributeSource - Adding transactional method 'org.reverside.bootcamp.ubereats.repositoryImpl.FoodOutletDaoImpl.createAccount' with attribute: PROPAGATION_REQUIRED,ISOLATION_DEFAULT; ''
15:04:40.178 [main] DEBUG org.springframework.aop.framework.CglibAopProxy - Unable to apply any optimizations to advised method: public boolean org.reverside.bootcamp.ubereats.repositoryImpl.FoodOutletDaoImpl.createAccount(org.reverside.bootcamp.ubereats.dto.Account)
15:04:40.180 [main] DEBUG org.springframework.transaction.annotation.AnnotationTransactionAttributeSource - Adding transactional method 'org.reverside.bootcamp.ubereats.repositoryImpl.FoodOutletDaoImpl.findByEmail' with attribute: PROPAGATION_REQUIRED,ISOLATION_DEFAULT; ''
15:04:40.180 [main] DEBUG org.springframework.aop.framework.CglibAopProxy - Unable to apply any optimizations to advised method: public org.reverside.bootcamp.ubereats.dto.FoodOutlet org.reverside.bootcamp.ubereats.repositoryImpl.FoodOutletDaoImpl.findByEmail(java.lang.String)
15:04:40.181 [main] DEBUG org.springframework.transaction.annotation.AnnotationTransactionAttributeSource - Adding transactional method 'org.reverside.bootcamp.ubereats.repositoryImpl.FoodOutletDaoImpl.deleteFoodOutlet' with attribute: PROPAGATION_REQUIRED,ISOLATION_DEFAULT; ''
15:04:40.181 [main] DEBUG org.springframework.aop.framework.CglibAopProxy - Unable to apply any optimizations to advised method: public boolean org.reverside.bootcamp.ubereats.repositoryImpl.FoodOutletDaoImpl.deleteFoodOutlet(org.reverside.bootcamp.ubereats.dto.FoodOutlet)
15:04:40.181 [main] DEBUG org.springframework.transaction.annotation.AnnotationTransactionAttributeSource - Adding transactional method 'org.reverside.bootcamp.ubereats.repositoryImpl.FoodOutletDaoImpl.updateMenu' with attribute: PROPAGATION_REQUIRED,ISOLATION_DEFAULT; ''
15:04:40.182 [main] DEBUG org.springframework.aop.framework.CglibAopProxy - Unable to apply any optimizations to advised method: public boolean org.reverside.bootcamp.ubereats.repositoryImpl.FoodOutletDaoImpl.updateMenu(org.reverside.bootcamp.ubereats.dto.Menu)
15:04:40.182 [main] DEBUG org.springframework.transaction.annotation.AnnotationTransactionAttributeSource - Adding transactional method 'org.reverside.bootcamp.ubereats.repositoryImpl.FoodOutletDaoImpl.updateAccount' with attribute: PROPAGATION_REQUIRED,ISOLATION_DEFAULT; ''
15:04:40.182 [main] DEBUG org.springframework.aop.framework.CglibAopProxy - Unable to apply any optimizations to advised method: public boolean org.reverside.bootcamp.ubereats.repositoryImpl.FoodOutletDaoImpl.updateAccount(org.reverside.bootcamp.ubereats.dto.Account)
15:04:40.183 [main] DEBUG org.springframework.transaction.annotation.AnnotationTransactionAttributeSource - Adding transactional method 'org.reverside.bootcamp.ubereats.repositoryImpl.FoodOutletDaoImpl.addFoodOutlet' with attribute: PROPAGATION_REQUIRED,ISOLATION_DEFAULT; ''
15:04:40.183 [main] DEBUG org.springframework.aop.framework.CglibAopProxy - Unable to apply any optimizations to advised method: public boolean org.reverside.bootcamp.ubereats.repositoryImpl.FoodOutletDaoImpl.addFoodOutlet(org.reverside.bootcamp.ubereats.dto.FoodOutlet)
15:04:40.183 [main] DEBUG org.springframework.transaction.annotation.AnnotationTransactionAttributeSource - Adding transactional method 'org.reverside.bootcamp.ubereats.repositoryImpl.FoodOutletDaoImpl.updateFoodOutlet' with attribute: PROPAGATION_REQUIRED,ISOLATION_DEFAULT; ''
15:04:40.183 [main] DEBUG org.springframework.aop.framework.CglibAopProxy - Unable to apply any optimizations to advised method: public boolean org.reverside.bootcamp.ubereats.repositoryImpl.FoodOutletDaoImpl.updateFoodOutlet(org.reverside.bootcamp.ubereats.dto.FoodOutlet)
15:04:40.184 [main] DEBUG org.springframework.aop.framework.CglibAopProxy - Found 'equals' method: public boolean java.lang.Object.equals(java.lang.Object)
15:04:40.184 [main] DEBUG org.springframework.aop.framework.CglibAopProxy - Unable to apply any optimizations to advised method: public java.lang.String java.lang.Object.toString()
15:04:40.184 [main] DEBUG org.springframework.aop.framework.CglibAopProxy - Found 'hashCode' method: public native int java.lang.Object.hashCode()
15:04:40.184 [main] DEBUG org.springframework.aop.framework.CglibAopProxy - Unable to apply any optimizations to advised method: protected native java.lang.Object java.lang.Object.clone() throws java.lang.CloneNotSupportedException
15:04:40.184 [main] DEBUG org.springframework.aop.framework.CglibAopProxy - Method is declared on Advised interface: public abstract int org.springframework.aop.framework.Advised.indexOf(org.aopalliance.aop.Advice)
15:04:40.185 [main] DEBUG org.springframework.aop.framework.CglibAopProxy - Method is declared on Advised interface: public abstract int org.springframework.aop.framework.Advised.indexOf(org.springframework.aop.Advisor)
15:04:40.185 [main] DEBUG org.springframework.aop.framework.CglibAopProxy - Method is declared on Advised interface: public abstract boolean org.springframework.aop.framework.Advised.isFrozen()
15:04:40.185 [main] DEBUG org.springframework.aop.framework.CglibAopProxy - Method is declared on Advised interface: public abstract java.lang.Class[] org.springframework.aop.framework.Advised.getProxiedInterfaces()
15:04:40.185 [main] DEBUG org.springframework.aop.framework.CglibAopProxy - Method is declared on Advised interface: public abstract java.lang.String org.springframework.aop.framework.Advised.toProxyConfigString()
15:04:40.190 [main] DEBUG org.springframework.aop.framework.CglibAopProxy - Method is declared on Advised interface: public abstract boolean org.springframework.aop.framework.Advised.isInterfaceProxied(java.lang.Class)
15:04:40.190 [main] DEBUG org.springframework.aop.framework.CglibAopProxy - Method is declared on Advised interface: public abstract void org.springframework.aop.framework.Advised.addAdvice(int,org.aopalliance.aop.Advice) throws org.springframework.aop.framework.AopConfigException
15:04:40.191 [main] DEBUG org.springframework.aop.framework.CglibAopProxy - Method is declared on Advised interface: public abstract void org.springframework.aop.framework.Advised.addAdvice(org.aopalliance.aop.Advice) throws org.springframework.aop.framework.AopConfigException
15:04:40.191 [main] DEBUG org.springframework.aop.framework.CglibAopProxy - Method is declared on Advised interface: public abstract void org.springframework.aop.framework.Advised.setTargetSource(org.springframework.aop.TargetSource)
15:04:40.194 [main] DEBUG org.springframework.aop.framework.CglibAopProxy - Method is declared on Advised interface: public abstract void org.springframework.aop.framework.Advised.setPreFiltered(boolean)
15:04:40.194 [main] DEBUG org.springframework.aop.framework.CglibAopProxy - Method is declared on Advised interface: public abstract org.springframework.aop.TargetSource org.springframework.aop.framework.Advised.getTargetSource()
15:04:40.194 [main] DEBUG org.springframework.aop.framework.CglibAopProxy - Method is declared on Advised interface: public abstract boolean org.springframework.aop.framework.Advised.isProxyTargetClass()
15:04:40.194 [main] DEBUG org.springframework.aop.framework.CglibAopProxy - Method is declared on Advised interface: public abstract void org.springframework.aop.framework.Advised.setExposeProxy(boolean)
15:04:40.195 [main] DEBUG org.springframework.aop.framework.CglibAopProxy - Method is declared on Advised interface: public abstract boolean org.springframework.aop.framework.Advised.isExposeProxy()
15:04:40.195 [main] DEBUG org.springframework.aop.framework.CglibAopProxy - Method is declared on Advised interface: public abstract void org.springframework.aop.framework.Advised.addAdvisor(org.springframework.aop.Advisor) throws org.springframework.aop.framework.AopConfigException
15:04:40.195 [main] DEBUG org.springframework.aop.framework.CglibAopProxy - Method is declared on Advised interface: public abstract void org.springframework.aop.framework.Advised.addAdvisor(int,org.springframework.aop.Advisor) throws org.springframework.aop.framework.AopConfigException
15:04:40.195 [main] DEBUG org.springframework.aop.framework.CglibAopProxy - Method is declared on Advised interface: public abstract boolean org.springframework.aop.framework.Advised.isPreFiltered()
15:04:40.195 [main] DEBUG org.springframework.aop.framework.CglibAopProxy - Method is declared on Advised interface: public abstract boolean org.springframework.aop.framework.Advised.replaceAdvisor(org.springframework.aop.Advisor,org.springframework.aop.Advisor) throws org.springframework.aop.framework.AopConfigException
15:04:40.195 [main] DEBUG org.springframework.aop.framework.CglibAopProxy - Method is declared on Advised interface: public abstract boolean org.springframework.aop.framework.Advised.removeAdvice(org.aopalliance.aop.Advice)
15:04:40.195 [main] DEBUG org.springframework.aop.framework.CglibAopProxy - Method is declared on Advised interface: public abstract boolean org.springframework.aop.framework.Advised.removeAdvisor(org.springframework.aop.Advisor)
15:04:40.195 [main] DEBUG org.springframework.aop.framework.CglibAopProxy - Method is declared on Advised interface: public abstract void org.springframework.aop.framework.Advised.removeAdvisor(int) throws org.springframework.aop.framework.AopConfigException
15:04:40.196 [main] DEBUG org.springframework.aop.framework.CglibAopProxy - Method is declared on Advised interface: public abstract org.springframework.aop.Advisor[] org.springframework.aop.framework.Advised.getAdvisors()
15:04:40.196 [main] DEBUG org.springframework.aop.framework.CglibAopProxy - Method is declared on Advised interface: public abstract java.lang.Class org.springframework.aop.TargetClassAware.getTargetClass()
15:04:40.248 [main] DEBUG org.springframework.beans.factory.support.DefaultListableBeanFactory - Finished creating instance of bean 'foodOutletDAO'
15:04:40.286 [main] DEBUG org.springframework.beans.factory.support.DefaultListableBeanFactory - Returning cached instance of singleton bean 'productDAO'
15:04:40.286 [main] DEBUG org.springframework.beans.factory.support.DefaultListableBeanFactory - Returning cached instance of singleton bean 'userDAO'
15:04:40.286 [main] DEBUG org.springframework.beans.factory.support.DefaultListableBeanFactory - Returning cached instance of singleton bean 'org.springframework.boot.autoconfigure.AutoConfigurationPackages'
15:04:40.286 [main] DEBUG org.springframework.beans.factory.support.DefaultListableBeanFactory - Returning cached instance of singleton bean 'org.springframework.transaction.annotation.ProxyTransactionManagementConfiguration'
15:04:40.286 [main] DEBUG org.springframework.beans.factory.support.DefaultListableBeanFactory - Returning cached instance of singleton bean 'org.springframework.transaction.config.internalTransactionAdvisor'
15:04:40.286 [main] DEBUG org.springframework.beans.factory.support.DefaultListableBeanFactory - Returning cached instance of singleton bean 'transactionAttributeSource'
15:04:40.286 [main] DEBUG org.springframework.beans.factory.support.DefaultListableBeanFactory - Returning cached instance of singleton bean 'transactionInterceptor'
15:04:40.287 [main] DEBUG org.springframework.beans.factory.support.DefaultListableBeanFactory - Creating shared instance of singleton bean 'org.springframework.transaction.config.internalTransactionalEventListenerFactory'
15:04:40.287 [main] DEBUG org.springframework.beans.factory.support.DefaultListableBeanFactory - Creating instance of bean 'org.springframework.transaction.config.internalTransactionalEventListenerFactory'
15:04:40.287 [main] DEBUG org.springframework.beans.factory.support.DefaultListableBeanFactory - Returning cached instance of singleton bean 'org.springframework.transaction.config.internalTransactionAdvisor'
15:04:40.287 [main] DEBUG org.springframework.beans.factory.support.DefaultListableBeanFactory - Returning cached instance of singleton bean 'org.springframework.transaction.annotation.ProxyTransactionManagementConfiguration'
15:04:40.292 [main] DEBUG org.springframework.beans.factory.support.DefaultListableBeanFactory - Eagerly caching bean 'org.springframework.transaction.config.internalTransactionalEventListenerFactory' to allow for resolving potential circular references
15:04:40.299 [main] DEBUG org.springframework.beans.factory.support.DefaultListableBeanFactory - Returning cached instance of singleton bean 'org.springframework.transaction.config.internalTransactionAdvisor'
15:04:40.300 [main] DEBUG org.springframework.beans.factory.support.DefaultListableBeanFactory - Returning cached instance of singleton bean 'org.springframework.transaction.config.internalTransactionAdvisor'
15:04:40.303 [main] DEBUG org.springframework.beans.factory.support.DefaultListableBeanFactory - Finished creating instance of bean 'org.springframework.transaction.config.internalTransactionalEventListenerFactory'
15:04:40.303 [main] DEBUG org.springframework.beans.factory.support.DefaultListableBeanFactory - Returning cached instance of singleton bean 'getDataSource'
15:04:40.303 [main] DEBUG org.springframework.beans.factory.support.DefaultListableBeanFactory - Returning cached instance of singleton bean 'getSessionFactory'
15:04:40.304 [main] DEBUG org.springframework.beans.factory.support.DefaultListableBeanFactory - Creating shared instance of singleton bean 'getTransactionManager'
15:04:40.305 [main] DEBUG org.springframework.beans.factory.support.DefaultListableBeanFactory - Creating instance of bean 'getTransactionManager'
15:04:40.305 [main] DEBUG org.springframework.beans.factory.support.DefaultListableBeanFactory - Returning cached instance of singleton bean 'org.springframework.transaction.config.internalTransactionAdvisor'
15:04:40.305 [main] DEBUG org.springframework.beans.factory.support.DefaultListableBeanFactory - Returning cached instance of singleton bean 'hibernateConfig'
15:04:40.306 [main] DEBUG org.springframework.beans.factory.support.DefaultListableBeanFactory - Returning cached instance of singleton bean 'getSessionFactory'
15:04:40.307 [main] DEBUG org.springframework.beans.factory.support.DefaultListableBeanFactory - Autowiring by type from bean name 'getTransactionManager' via factory method to bean named 'getSessionFactory'
15:04:40.453 [main] INFO org.springframework.orm.hibernate5.HibernateTransactionManager - Using DataSource [org.apache.commons.dbcp2.BasicDataSource@51671b08] of Hibernate SessionFactory for HibernateTransactionManager
15:04:40.461 [main] DEBUG org.springframework.beans.factory.support.DefaultListableBeanFactory - Eagerly caching bean 'getTransactionManager' to allow for resolving potential circular references
15:04:40.470 [main] DEBUG org.springframework.beans.factory.support.DefaultListableBeanFactory - Invoking afterPropertiesSet() on bean with name 'getTransactionManager'
15:04:40.470 [main] DEBUG org.springframework.beans.factory.support.DefaultListableBeanFactory - Returning cached instance of singleton bean 'org.springframework.transaction.config.internalTransactionAdvisor'
15:04:40.470 [main] DEBUG org.springframework.beans.factory.support.DefaultListableBeanFactory - Returning cached instance of singleton bean 'org.springframework.transaction.config.internalTransactionAdvisor'
15:04:40.472 [main] DEBUG org.springframework.beans.factory.support.DefaultListableBeanFactory - Finished creating instance of bean 'getTransactionManager'
15:04:40.473 [main] DEBUG org.springframework.beans.factory.support.DefaultListableBeanFactory - Returning cached instance of singleton bean 'org.springframework.aop.config.internalAutoProxyCreator'
15:04:40.473 [main] DEBUG org.springframework.beans.factory.support.DefaultListableBeanFactory - Creating shared instance of singleton bean 'org.springframework.boot.autoconfigure.context.PropertyPlaceholderAutoConfiguration'
15:04:40.474 [main] DEBUG org.springframework.beans.factory.support.DefaultListableBeanFactory - Creating instance of bean 'org.springframework.boot.autoconfigure.context.PropertyPlaceholderAutoConfiguration'
15:04:40.476 [main] DEBUG org.springframework.beans.factory.support.DefaultListableBeanFactory - Returning cached instance of singleton bean 'org.springframework.transaction.config.internalTransactionAdvisor'
15:04:40.477 [main] DEBUG org.springframework.beans.factory.support.DefaultListableBeanFactory - Eagerly caching bean 'org.springframework.boot.autoconfigure.context.PropertyPlaceholderAutoConfiguration' to allow for resolving potential circular references
15:04:40.482 [main] DEBUG org.springframework.beans.factory.support.DefaultListableBeanFactory - Returning cached instance of singleton bean 'org.springframework.transaction.config.internalTransactionAdvisor'
15:04:40.482 [main] DEBUG org.springframework.beans.factory.support.DefaultListableBeanFactory - Returning cached instance of singleton bean 'org.springframework.transaction.config.internalTransactionAdvisor'
15:04:40.483 [main] DEBUG org.springframework.beans.factory.support.DefaultListableBeanFactory - Finished creating instance of bean 'org.springframework.boot.autoconfigure.context.PropertyPlaceholderAutoConfiguration'
15:04:40.483 [main] DEBUG org.springframework.beans.factory.support.DefaultListableBeanFactory - Returning cached instance of singleton bean 'org.springframework.boot.autoconfigure.condition.BeanTypeRegistry'
15:04:40.483 [main] DEBUG org.springframework.beans.factory.support.DefaultListableBeanFactory - Returning cached instance of singleton bean 'propertySourcesPlaceholderConfigurer'
15:04:40.483 [main] DEBUG org.springframework.beans.factory.support.DefaultListableBeanFactory - Creating shared instance of singleton bean 'org.springframework.boot.autoconfigure.jackson.JacksonAutoConfiguration$Jackson2ObjectMapperBuilderCustomizerConfiguration'
15:04:40.483 [main] DEBUG org.springframework.beans.factory.support.DefaultListableBeanFactory - Creating instance of bean 'org.springframework.boot.autoconfigure.jackson.JacksonAutoConfiguration$Jackson2ObjectMapperBuilderCustomizerConfiguration'
15:04:40.483 [main] DEBUG org.springframework.beans.factory.support.DefaultListableBeanFactory - Returning cached instance of singleton bean 'org.springframework.transaction.config.internalTransactionAdvisor'
15:04:40.484 [main] DEBUG org.springframework.beans.factory.support.DefaultListableBeanFactory - Eagerly caching bean 'org.springframework.boot.autoconfigure.jackson.JacksonAutoConfiguration$Jackson2ObjectMapperBuilderCustomizerConfiguration' to allow for resolving potential circular references
15:04:40.490 [main] DEBUG org.springframework.beans.factory.support.DefaultListableBeanFactory - Returning cached instance of singleton bean 'org.springframework.transaction.config.internalTransactionAdvisor'
15:04:40.490 [main] DEBUG org.springframework.beans.factory.support.DefaultListableBeanFactory - Returning cached instance of singleton bean 'org.springframework.transaction.config.internalTransactionAdvisor'
15:04:40.500 [main] DEBUG org.springframework.beans.factory.support.DefaultListableBeanFactory - Finished creating instance of bean 'org.springframework.boot.autoconfigure.jackson.JacksonAutoConfiguration$Jackson2ObjectMapperBuilderCustomizerConfiguration'
15:04:40.503 [main] DEBUG org.springframework.beans.factory.support.DefaultListableBeanFactory - Creating shared instance of singleton bean 'standardJacksonObjectMapperBuilderCustomizer'
15:04:40.510 [main] DEBUG org.springframework.beans.factory.support.DefaultListableBeanFactory - Creating instance of bean 'standardJacksonObjectMapperBuilderCustomizer'
15:04:40.511 [main] DEBUG org.springframework.beans.factory.support.DefaultListableBeanFactory - Returning cached instance of singleton bean 'org.springframework.transaction.config.internalTransactionAdvisor'
15:04:40.511 [main] DEBUG org.springframework.beans.factory.support.DefaultListableBeanFactory - Returning cached instance of singleton bean 'org.springframework.boot.autoconfigure.jackson.JacksonAutoConfiguration$Jackson2ObjectMapperBuilderCustomizerConfiguration'
15:04:40.513 [main] DEBUG org.springframework.beans.factory.support.DefaultListableBeanFactory - Creating shared instance of singleton bean 'spring.jackson-org.springframework.boot.autoconfigure.jackson.JacksonProperties'
15:04:40.516 [main] DEBUG org.springframework.beans.factory.support.DefaultListableBeanFactory - Creating instance of bean 'spring.jackson-org.springframework.boot.autoconfigure.jackson.JacksonProperties'
15:04:40.516 [main] DEBUG org.springframework.beans.factory.support.DefaultListableBeanFactory - Returning cached instance of singleton bean 'org.springframework.transaction.config.internalTransactionAdvisor'
15:04:40.543 [main] DEBUG org.springframework.beans.factory.support.DefaultListableBeanFactory - Eagerly caching bean 'spring.jackson-org.springframework.boot.autoconfigure.jackson.JacksonProperties' to allow for resolving potential circular references
15:04:40.547 [main] DEBUG org.springframework.beans.factory.support.DefaultListableBeanFactory - Returning cached instance of singleton bean 'org.springframework.transaction.config.internalTransactionAdvisor'
15:04:40.547 [main] DEBUG org.springframework.beans.factory.support.DefaultListableBeanFactory - Returning cached instance of singleton bean 'org.springframework.transaction.config.internalTransactionAdvisor'
15:04:40.548 [main] DEBUG org.springframework.beans.factory.support.DefaultListableBeanFactory - Finished creating instance of bean 'spring.jackson-org.springframework.boot.autoconfigure.jackson.JacksonProperties'
15:04:40.548 [main] DEBUG org.springframework.beans.factory.support.DefaultListableBeanFactory - Autowiring by type from bean name 'standardJacksonObjectMapperBuilderCustomizer' via factory method to bean named 'org.springframework.context.annotation.AnnotationConfigApplicationContext@86be70a'
15:04:40.548 [main] DEBUG org.springframework.beans.factory.support.DefaultListableBeanFactory - Autowiring by type from bean name 'standardJacksonObjectMapperBuilderCustomizer' via factory method to bean named 'spring.jackson-org.springframework.boot.autoconfigure.jackson.JacksonProperties'
15:04:40.555 [main] DEBUG org.springframework.beans.factory.support.DefaultListableBeanFactory - Eagerly caching bean 'standardJacksonObjectMapperBuilderCustomizer' to allow for resolving potential circular references
15:04:40.560 [main] DEBUG org.springframework.beans.factory.support.DefaultListableBeanFactory - Returning cached instance of singleton bean 'org.springframework.transaction.config.internalTransactionAdvisor'
15:04:40.560 [main] DEBUG org.springframework.beans.factory.support.DefaultListableBeanFactory - Returning cached instance of singleton bean 'org.springframework.transaction.config.internalTransactionAdvisor'
15:04:40.561 [main] DEBUG org.springframework.beans.factory.support.DefaultListableBeanFactory - Finished creating instance of bean 'standardJacksonObjectMapperBuilderCustomizer'
15:04:40.561 [main] DEBUG org.springframework.beans.factory.support.DefaultListableBeanFactory - Returning cached instance of singleton bean 'spring.jackson-org.springframework.boot.autoconfigure.jackson.JacksonProperties'
15:04:40.561 [main] DEBUG org.springframework.beans.factory.support.DefaultListableBeanFactory - Returning cached instance of singleton bean 'org.springframework.boot.context.properties.ConfigurationPropertiesBindingPostProcessor'
15:04:40.561 [main] DEBUG org.springframework.beans.factory.support.DefaultListableBeanFactory - Returning cached instance of singleton bean 'org.springframework.boot.context.properties.ConfigurationBeanFactoryMetadata'
15:04:40.567 [main] DEBUG org.springframework.beans.factory.support.DefaultListableBeanFactory - Creating shared instance of singleton bean 'org.springframework.boot.autoconfigure.jackson.JacksonAutoConfiguration$JacksonObjectMapperBuilderConfiguration'
15:04:40.567 [main] DEBUG org.springframework.beans.factory.support.DefaultListableBeanFactory - Creating instance of bean 'org.springframework.boot.autoconfigure.jackson.JacksonAutoConfiguration$JacksonObjectMapperBuilderConfiguration'
15:04:40.572 [main] DEBUG org.springframework.beans.factory.support.DefaultListableBeanFactory - Returning cached instance of singleton bean 'org.springframework.transaction.config.internalTransactionAdvisor'
15:04:40.573 [main] DEBUG org.springframework.core.LocalVariableTableParameterNameDiscoverer - Cannot find '.class' file for class [class org.springframework.boot.autoconfigure.jackson.JacksonAutoConfiguration$JacksonObjectMapperBuilderConfiguration$$EnhancerBySpringCGLIB$$cf18b7e1] - unable to determine constructor/method parameter names
15:04:40.573 [main] DEBUG org.springframework.beans.factory.support.DefaultListableBeanFactory - Autowiring by type from bean name 'org.springframework.boot.autoconfigure.jackson.JacksonAutoConfiguration$JacksonObjectMapperBuilderConfiguration' via constructor to bean named 'org.springframework.context.annotation.AnnotationConfigApplicationContext@86be70a'
15:04:40.573 [main] DEBUG org.springframework.beans.factory.support.DefaultListableBeanFactory - Eagerly caching bean 'org.springframework.boot.autoconfigure.jackson.JacksonAutoConfiguration$JacksonObjectMapperBuilderConfiguration' to allow for resolving potential circular references
15:04:40.579 [main] DEBUG org.springframework.beans.factory.support.DefaultListableBeanFactory - Returning cached instance of singleton bean 'org.springframework.transaction.config.internalTransactionAdvisor'
15:04:40.579 [main] DEBUG org.springframework.beans.factory.support.DefaultListableBeanFactory - Returning cached instance of singleton bean 'org.springframework.transaction.config.internalTransactionAdvisor'
15:04:40.580 [main] DEBUG org.springframework.beans.factory.support.DefaultListableBeanFactory - Finished creating instance of bean 'org.springframework.boot.autoconfigure.jackson.JacksonAutoConfiguration$JacksonObjectMapperBuilderConfiguration'
15:04:40.628 [main] DEBUG org.springframework.beans.factory.support.DefaultListableBeanFactory - Creating shared instance of singleton bean 'jacksonObjectMapperBuilder'
15:04:40.630 [main] DEBUG org.springframework.beans.factory.support.DefaultListableBeanFactory - Creating instance of bean 'jacksonObjectMapperBuilder'
15:04:40.633 [main] DEBUG org.springframework.beans.factory.support.DefaultListableBeanFactory - Returning cached instance of singleton bean 'org.springframework.transaction.config.internalTransactionAdvisor'
15:04:40.635 [main] DEBUG org.springframework.beans.factory.support.DefaultListableBeanFactory - Returning cached instance of singleton bean 'org.springframework.boot.autoconfigure.jackson.JacksonAutoConfiguration$JacksonObjectMapperBuilderConfiguration'
15:04:40.641 [main] DEBUG org.springframework.beans.factory.support.DefaultListableBeanFactory - Returning cached instance of singleton bean 'standardJacksonObjectMapperBuilderCustomizer'
15:04:40.659 [main] DEBUG org.springframework.beans.factory.support.DefaultListableBeanFactory - Autowiring by type from bean name 'jacksonObjectMapperBuilder' via factory method to bean named 'standardJacksonObjectMapperBuilderCustomizer'
15:04:40.683 [main] DEBUG org.springframework.beans.factory.support.DefaultListableBeanFactory - Creating shared instance of singleton bean 'parameterNamesModule'
15:04:40.683 [main] DEBUG org.springframework.beans.factory.support.DefaultListableBeanFactory - Creating instance of bean 'parameterNamesModule'
15:04:40.684 [main] DEBUG org.springframework.beans.factory.support.DefaultListableBeanFactory - Returning cached instance of singleton bean 'org.springframework.transaction.config.internalTransactionAdvisor'
15:04:40.686 [main] DEBUG org.springframework.beans.factory.support.DefaultListableBeanFactory - Creating shared instance of singleton bean 'org.springframework.boot.autoconfigure.jackson.JacksonAutoConfiguration$ParameterNamesModuleConfiguration'
15:04:40.686 [main] DEBUG org.springframework.beans.factory.support.DefaultListableBeanFactory - Creating instance of bean 'org.springframework.boot.autoconfigure.jackson.JacksonAutoConfiguration$ParameterNamesModuleConfiguration'
15:04:40.686 [main] DEBUG org.springframework.beans.factory.support.DefaultListableBeanFactory - Returning cached instance of singleton bean 'org.springframework.transaction.config.internalTransactionAdvisor'
15:04:40.687 [main] DEBUG org.springframework.beans.factory.support.DefaultListableBeanFactory - Eagerly caching bean 'org.springframework.boot.autoconfigure.jackson.JacksonAutoConfiguration$ParameterNamesModuleConfiguration' to allow for resolving potential circular references
15:04:40.706 [main] DEBUG org.springframework.beans.factory.support.DefaultListableBeanFactory - Returning cached instance of singleton bean 'org.springframework.transaction.config.internalTransactionAdvisor'
15:04:40.709 [main] DEBUG org.springframework.beans.factory.support.DefaultListableBeanFactory - Returning cached instance of singleton bean 'org.springframework.transaction.config.internalTransactionAdvisor'
15:04:40.711 [main] DEBUG org.springframework.beans.factory.support.DefaultListableBeanFactory - Finished creating instance of bean 'org.springframework.boot.autoconfigure.jackson.JacksonAutoConfiguration$ParameterNamesModuleConfiguration'
15:04:40.775 [main] DEBUG org.springframework.beans.factory.support.DefaultListableBeanFactory - Eagerly caching bean 'parameterNamesModule' to allow for resolving potential circular references
15:04:40.804 [main] DEBUG org.springframework.beans.factory.support.DefaultListableBeanFactory - Returning cached instance of singleton bean 'org.springframework.transaction.config.internalTransactionAdvisor'
15:04:40.804 [main] DEBUG org.springframework.beans.factory.support.DefaultListableBeanFactory - Returning cached instance of singleton bean 'org.springframework.transaction.config.internalTransactionAdvisor'
15:04:40.806 [main] DEBUG org.springframework.beans.factory.support.DefaultListableBeanFactory - Finished creating instance of bean 'parameterNamesModule'
15:04:40.807 [main] DEBUG org.springframework.beans.factory.support.DefaultListableBeanFactory - Creating shared instance of singleton bean 'jsonComponentModule'
15:04:40.807 [main] DEBUG org.springframework.beans.factory.support.DefaultListableBeanFactory - Creating instance of bean 'jsonComponentModule'
15:04:40.807 [main] DEBUG org.springframework.beans.factory.support.DefaultListableBeanFactory - Returning cached instance of singleton bean 'org.springframework.transaction.config.internalTransactionAdvisor'
15:04:40.807 [main] DEBUG org.springframework.beans.factory.support.DefaultListableBeanFactory - Creating shared instance of singleton bean 'org.springframework.boot.autoconfigure.jackson.JacksonAutoConfiguration'
15:04:40.807 [main] DEBUG org.springframework.beans.factory.support.DefaultListableBeanFactory - Creating instance of bean 'org.springframework.boot.autoconfigure.jackson.JacksonAutoConfiguration'
15:04:40.807 [main] DEBUG org.springframework.beans.factory.support.DefaultListableBeanFactory - Returning cached instance of singleton bean 'org.springframework.transaction.config.internalTransactionAdvisor'
15:04:40.808 [main] DEBUG org.springframework.beans.factory.support.DefaultListableBeanFactory - Eagerly caching bean 'org.springframework.boot.autoconfigure.jackson.JacksonAutoConfiguration' to allow for resolving potential circular references
15:04:40.813 [main] DEBUG org.springframework.beans.factory.support.DefaultListableBeanFactory - Returning cached instance of singleton bean 'org.springframework.transaction.config.internalTransactionAdvisor'
15:04:40.813 [main] DEBUG org.springframework.beans.factory.support.DefaultListableBeanFactory - Returning cached instance of singleton bean 'org.springframework.transaction.config.internalTransactionAdvisor'
15:04:40.814 [main] DEBUG org.springframework.beans.factory.support.DefaultListableBeanFactory - Finished creating instance of bean 'org.springframework.boot.autoconfigure.jackson.JacksonAutoConfiguration'
15:04:40.831 [main] DEBUG org.springframework.context.annotation.CommonAnnotationBeanPostProcessor - Found init method on class [org.springframework.boot.jackson.JsonComponentModule]: public void org.springframework.boot.jackson.JsonComponentModule.registerJsonComponents()
15:04:40.833 [main] DEBUG org.springframework.context.annotation.CommonAnnotationBeanPostProcessor - Registered init method on class [org.springframework.boot.jackson.JsonComponentModule]: org.springframework.beans.factory.annotation.InitDestroyAnnotationBeanPostProcessor$LifecycleElement@65126ba1
15:04:40.839 [main] DEBUG org.springframework.beans.factory.support.DefaultListableBeanFactory - Eagerly caching bean 'jsonComponentModule' to allow for resolving potential circular references
15:04:40.846 [main] DEBUG org.springframework.context.annotation.CommonAnnotationBeanPostProcessor - Invoking init method on bean 'jsonComponentModule': public void org.springframework.boot.jackson.JsonComponentModule.registerJsonComponents()
15:04:40.853 [main] DEBUG org.springframework.beans.factory.support.DefaultListableBeanFactory - Returning cached instance of singleton bean 'org.springframework.transaction.config.internalTransactionAdvisor'
15:04:40.856 [main] DEBUG org.springframework.beans.factory.support.DefaultListableBeanFactory - Returning cached instance of singleton bean 'org.springframework.transaction.config.internalTransactionAdvisor'
15:04:40.865 [main] DEBUG org.springframework.beans.factory.support.DefaultListableBeanFactory - Finished creating instance of bean 'jsonComponentModule'
15:04:40.872 [main] DEBUG org.springframework.beans.factory.support.DefaultListableBeanFactory - Eagerly caching bean 'jacksonObjectMapperBuilder' to allow for resolving potential circular references
15:04:40.880 [main] DEBUG org.springframework.beans.factory.support.DefaultListableBeanFactory - Returning cached instance of singleton bean 'org.springframework.transaction.config.internalTransactionAdvisor'
15:04:40.880 [main] DEBUG org.springframework.beans.factory.support.DefaultListableBeanFactory - Returning cached instance of singleton bean 'org.springframework.transaction.config.internalTransactionAdvisor'
15:04:40.881 [main] DEBUG org.springframework.beans.factory.support.DefaultListableBeanFactory - Finished creating instance of bean 'jacksonObjectMapperBuilder'
15:04:40.881 [main] DEBUG org.springframework.beans.factory.support.DefaultListableBeanFactory - Returning cached instance of singleton bean 'org.springframework.boot.autoconfigure.jackson.JacksonAutoConfiguration$ParameterNamesModuleConfiguration'
15:04:40.881 [main] DEBUG org.springframework.beans.factory.support.DefaultListableBeanFactory - Returning cached instance of singleton bean 'parameterNamesModule'
15:04:40.881 [main] DEBUG org.springframework.beans.factory.support.DefaultListableBeanFactory - Creating shared instance of singleton bean 'org.springframework.boot.autoconfigure.jackson.JacksonAutoConfiguration$JacksonObjectMapperConfiguration'
15:04:40.881 [main] DEBUG org.springframework.beans.factory.support.DefaultListableBeanFactory - Creating instance of bean 'org.springframework.boot.autoconfigure.jackson.JacksonAutoConfiguration$JacksonObjectMapperConfiguration'
15:04:40.882 [main] DEBUG org.springframework.beans.factory.support.DefaultListableBeanFactory - Returning cached instance of singleton bean 'org.springframework.transaction.config.internalTransactionAdvisor'
15:04:40.882 [main] DEBUG org.springframework.beans.factory.support.DefaultListableBeanFactory - Eagerly caching bean 'org.springframework.boot.autoconfigure.jackson.JacksonAutoConfiguration$JacksonObjectMapperConfiguration' to allow for resolving potential circular references
15:04:40.891 [main] DEBUG org.springframework.beans.factory.support.DefaultListableBeanFactory - Returning cached instance of singleton bean 'org.springframework.transaction.config.internalTransactionAdvisor'
15:04:40.891 [main] DEBUG org.springframework.beans.factory.support.DefaultListableBeanFactory - Returning cached instance of singleton bean 'org.springframework.transaction.config.internalTransactionAdvisor'
15:04:40.905 [main] DEBUG org.springframework.beans.factory.support.DefaultListableBeanFactory - Finished creating instance of bean 'org.springframework.boot.autoconfigure.jackson.JacksonAutoConfiguration$JacksonObjectMapperConfiguration'
15:04:40.906 [main] DEBUG org.springframework.beans.factory.support.DefaultListableBeanFactory - Creating shared instance of singleton bean 'jacksonObjectMapper'
15:04:40.906 [main] DEBUG org.springframework.beans.factory.support.DefaultListableBeanFactory - Creating instance of bean 'jacksonObjectMapper'
15:04:40.906 [main] DEBUG org.springframework.beans.factory.support.DefaultListableBeanFactory - Returning cached instance of singleton bean 'org.springframework.transaction.config.internalTransactionAdvisor'
15:04:40.906 [main] DEBUG org.springframework.beans.factory.support.DefaultListableBeanFactory - Returning cached instance of singleton bean 'org.springframework.boot.autoconfigure.jackson.JacksonAutoConfiguration$JacksonObjectMapperConfiguration'
15:04:40.907 [main] DEBUG org.springframework.beans.factory.support.DefaultListableBeanFactory - Returning cached instance of singleton bean 'jacksonObjectMapperBuilder'
15:04:40.907 [main] DEBUG org.springframework.beans.factory.support.DefaultListableBeanFactory - Autowiring by type from bean name 'jacksonObjectMapper' via factory method to bean named 'jacksonObjectMapperBuilder'
15:04:41.499 [main] DEBUG org.springframework.beans.factory.support.DefaultListableBeanFactory - Eagerly caching bean 'jacksonObjectMapper' to allow for resolving potential circular references
15:04:41.528 [main] DEBUG org.springframework.beans.factory.support.DefaultListableBeanFactory - Returning cached instance of singleton bean 'org.springframework.transaction.config.internalTransactionAdvisor'
15:04:41.529 [main] DEBUG org.springframework.beans.factory.support.DefaultListableBeanFactory - Returning cached instance of singleton bean 'org.springframework.transaction.config.internalTransactionAdvisor'
15:04:41.571 [main] DEBUG org.springframework.beans.factory.support.DefaultListableBeanFactory - Finished creating instance of bean 'jacksonObjectMapper'
15:04:41.571 [main] DEBUG org.springframework.beans.factory.support.DefaultListableBeanFactory - Returning cached instance of singleton bean 'org.springframework.boot.autoconfigure.jackson.JacksonAutoConfiguration'
15:04:41.571 [main] DEBUG org.springframework.beans.factory.support.DefaultListableBeanFactory - Returning cached instance of singleton bean 'jsonComponentModule'
15:04:41.571 [main] DEBUG org.springframework.beans.factory.support.DefaultListableBeanFactory - Creating shared instance of singleton bean 'org.springframework.boot.autoconfigure.http.codec.CodecsAutoConfiguration$JacksonCodecConfiguration'
15:04:41.572 [main] DEBUG org.springframework.beans.factory.support.DefaultListableBeanFactory - Creating instance of bean 'org.springframework.boot.autoconfigure.http.codec.CodecsAutoConfiguration$JacksonCodecConfiguration'
15:04:41.572 [main] DEBUG org.springframework.beans.factory.support.DefaultListableBeanFactory - Returning cached instance of singleton bean 'org.springframework.transaction.config.internalTransactionAdvisor'
15:04:41.573 [main] DEBUG org.springframework.beans.factory.support.DefaultListableBeanFactory - Eagerly caching bean 'org.springframework.boot.autoconfigure.http.codec.CodecsAutoConfiguration$JacksonCodecConfiguration' to allow for resolving potential circular references
15:04:41.579 [main] DEBUG org.springframework.beans.factory.support.DefaultListableBeanFactory - Returning cached instance of singleton bean 'org.springframework.transaction.config.internalTransactionAdvisor'
15:04:41.579 [main] DEBUG org.springframework.beans.factory.support.DefaultListableBeanFactory - Returning cached instance of singleton bean 'org.springframework.transaction.config.internalTransactionAdvisor'
15:04:41.580 [main] DEBUG org.springframework.beans.factory.support.DefaultListableBeanFactory - Finished creating instance of bean 'org.springframework.boot.autoconfigure.http.codec.CodecsAutoConfiguration$JacksonCodecConfiguration'
15:04:41.580 [main] DEBUG org.springframework.beans.factory.support.DefaultListableBeanFactory - Creating shared instance of singleton bean 'jacksonCodecCustomizer'
15:04:41.580 [main] DEBUG org.springframework.beans.factory.support.DefaultListableBeanFactory - Creating instance of bean 'jacksonCodecCustomizer'
15:04:41.580 [main] DEBUG org.springframework.beans.factory.support.DefaultListableBeanFactory - Returning cached instance of singleton bean 'org.springframework.transaction.config.internalTransactionAdvisor'
15:04:41.581 [main] DEBUG org.springframework.beans.factory.support.DefaultListableBeanFactory - Returning cached instance of singleton bean 'org.springframework.boot.autoconfigure.http.codec.CodecsAutoConfiguration$JacksonCodecConfiguration'
15:04:41.582 [main] DEBUG org.springframework.beans.factory.support.DefaultListableBeanFactory - Returning cached instance of singleton bean 'jacksonObjectMapper'
15:04:41.582 [main] DEBUG org.springframework.beans.factory.support.DefaultListableBeanFactory - Autowiring by type from bean name 'jacksonCodecCustomizer' via factory method to bean named 'jacksonObjectMapper'
15:04:41.588 [main] DEBUG org.springframework.beans.factory.support.DefaultListableBeanFactory - Eagerly caching bean 'jacksonCodecCustomizer' to allow for resolving potential circular references
15:04:41.590 [main] DEBUG org.springframework.beans.factory.support.DefaultListableBeanFactory - Returning cached instance of singleton bean 'org.springframework.transaction.config.internalTransactionAdvisor'
15:04:41.590 [main] DEBUG org.springframework.beans.factory.support.DefaultListableBeanFactory - Returning cached instance of singleton bean 'org.springframework.transaction.config.internalTransactionAdvisor'
15:04:41.591 [main] DEBUG org.springframework.beans.factory.support.DefaultListableBeanFactory - Finished creating instance of bean 'jacksonCodecCustomizer'
15:04:41.591 [main] DEBUG org.springframework.beans.factory.support.DefaultListableBeanFactory - Creating shared instance of singleton bean 'org.springframework.boot.autoconfigure.http.codec.CodecsAutoConfiguration'
15:04:41.591 [main] DEBUG org.springframework.beans.factory.support.DefaultListableBeanFactory - Creating instance of bean 'org.springframework.boot.autoconfigure.http.codec.CodecsAutoConfiguration'
15:04:41.591 [main] DEBUG org.springframework.beans.factory.support.DefaultListableBeanFactory - Returning cached instance of singleton bean 'org.springframework.transaction.config.internalTransactionAdvisor'
15:04:41.592 [main] DEBUG org.springframework.beans.factory.support.DefaultListableBeanFactory - Eagerly caching bean 'org.springframework.boot.autoconfigure.http.codec.CodecsAutoConfiguration' to allow for resolving potential circular references
15:04:41.597 [main] DEBUG org.springframework.beans.factory.support.DefaultListableBeanFactory - Returning cached instance of singleton bean 'org.springframework.transaction.config.internalTransactionAdvisor'
15:04:41.597 [main] DEBUG org.springframework.beans.factory.support.DefaultListableBeanFactory - Returning cached instance of singleton bean 'org.springframework.transaction.config.internalTransactionAdvisor'
15:04:41.597 [main] DEBUG org.springframework.beans.factory.support.DefaultListableBeanFactory - Finished creating instance of bean 'org.springframework.boot.autoconfigure.http.codec.CodecsAutoConfiguration'
15:04:41.597 [main] DEBUG org.springframework.beans.factory.support.DefaultListableBeanFactory - Creating shared instance of singleton bean 'org.springframework.boot.autoconfigure.validation.ValidationAutoConfiguration'
15:04:41.597 [main] DEBUG org.springframework.beans.factory.support.DefaultListableBeanFactory - Creating instance of bean 'org.springframework.boot.autoconfigure.validation.ValidationAutoConfiguration'
15:04:41.599 [main] DEBUG org.springframework.beans.factory.support.DefaultListableBeanFactory - Returning cached instance of singleton bean 'org.springframework.transaction.config.internalTransactionAdvisor'
15:04:41.600 [main] DEBUG org.springframework.beans.factory.support.DefaultListableBeanFactory - Eagerly caching bean 'org.springframework.boot.autoconfigure.validation.ValidationAutoConfiguration' to allow for resolving potential circular references
15:04:41.617 [main] DEBUG org.springframework.beans.factory.support.DefaultListableBeanFactory - Returning cached instance of singleton bean 'org.springframework.transaction.config.internalTransactionAdvisor'
15:04:41.618 [main] DEBUG org.springframework.beans.factory.support.DefaultListableBeanFactory - Returning cached instance of singleton bean 'org.springframework.transaction.config.internalTransactionAdvisor'
15:04:41.619 [main] DEBUG org.springframework.beans.factory.support.DefaultListableBeanFactory - Finished creating instance of bean 'org.springframework.boot.autoconfigure.validation.ValidationAutoConfiguration'
15:04:41.619 [main] DEBUG org.springframework.beans.factory.support.DefaultListableBeanFactory - Creating shared instance of singleton bean 'defaultValidator'
15:04:41.619 [main] DEBUG org.springframework.beans.factory.support.DefaultListableBeanFactory - Creating instance of bean 'defaultValidator'
15:04:41.620 [main] DEBUG org.springframework.beans.factory.support.DefaultListableBeanFactory - Returning cached instance of singleton bean 'org.springframework.transaction.config.internalTransactionAdvisor'
15:04:41.620 [main] DEBUG org.hibernate.validator.internal.engine.resolver.TraversableResolvers - Found javax.persistence.Persistence on classpath containing 'getPersistenceUtil'. Assuming JPA 2 environment. Trying to instantiate JPA aware TraversableResolver
15:04:41.620 [main] DEBUG org.hibernate.validator.internal.engine.resolver.TraversableResolvers - Instantiated JPA aware TraversableResolver of type org.hibernate.validator.internal.engine.resolver.JPATraversableResolver.
15:04:41.621 [main] DEBUG org.hibernate.validator.internal.engine.resolver.TraversableResolvers - Unable to load or instantiate JPA aware resolver org.hibernate.validator.internal.engine.resolver.JPATraversableResolver. All properties will per default be traversable.
15:04:41.621 [main] DEBUG org.hibernate.validator.messageinterpolation.ResourceBundleMessageInterpolator - Loaded expression factory via original TCCL
15:04:41.631 [main] DEBUG org.springframework.beans.factory.support.DefaultListableBeanFactory - Eagerly caching bean 'defaultValidator' to allow for resolving potential circular references
15:04:41.652 [main] DEBUG org.springframework.beans.factory.support.DefaultListableBeanFactory - Invoking afterPropertiesSet() on bean with name 'defaultValidator'
15:04:41.652 [main] DEBUG org.hibernate.validator.internal.engine.resolver.TraversableResolvers - Found javax.persistence.Persistence on classpath containing 'getPersistenceUtil'. Assuming JPA 2 environment. Trying to instantiate JPA aware TraversableResolver
15:04:41.653 [main] DEBUG org.hibernate.validator.internal.engine.resolver.TraversableResolvers - Instantiated JPA aware TraversableResolver of type org.hibernate.validator.internal.engine.resolver.JPATraversableResolver.
15:04:41.653 [main] DEBUG org.hibernate.validator.internal.engine.resolver.TraversableResolvers - Unable to load or instantiate JPA aware resolver org.hibernate.validator.internal.engine.resolver.JPATraversableResolver. All properties will per default be traversable.
15:04:41.653 [main] DEBUG org.hibernate.validator.internal.engine.ConfigurationImpl - Setting custom MessageInterpolator of type org.springframework.validation.beanvalidation.LocaleContextMessageInterpolator
15:04:41.653 [main] DEBUG org.hibernate.validator.internal.engine.ConfigurationImpl - Setting custom ConstraintValidatorFactory of type org.springframework.validation.beanvalidation.SpringConstraintValidatorFactory
15:04:41.653 [main] DEBUG org.hibernate.validator.internal.engine.ConfigurationImpl - Setting custom ParameterNameProvider of type org.springframework.validation.beanvalidation.LocalValidatorFactoryBean$1
15:04:41.654 [main] DEBUG org.hibernate.validator.internal.xml.ValidationXmlParser - Trying to load META-INF/validation.xml for XML based Validator configuration.
15:04:41.654 [main] DEBUG org.hibernate.validator.internal.xml.ResourceLoaderHelper - Trying to load META-INF/validation.xml via user class loader
15:04:41.655 [main] DEBUG org.hibernate.validator.internal.xml.ResourceLoaderHelper - Trying to load META-INF/validation.xml via TCCL
15:04:41.655 [main] DEBUG org.hibernate.validator.internal.xml.ResourceLoaderHelper - Trying to load META-INF/validation.xml via Hibernate Validator's class loader
15:04:41.656 [main] DEBUG org.hibernate.validator.internal.xml.ValidationXmlParser - No META-INF/validation.xml found. Using annotation based configuration only.
15:04:41.672 [main] DEBUG org.hibernate.validator.internal.engine.ValidatorFactoryImpl - HV000234: Using org.springframework.validation.beanvalidation.LocaleContextMessageInterpolator as ValidatorFactory-scoped message interpolator.
15:04:41.675 [main] DEBUG org.hibernate.validator.internal.engine.ValidatorFactoryImpl - HV000234: Using org.hibernate.validator.internal.engine.resolver.TraverseAllTraversableResolver as ValidatorFactory-scoped traversable resolver.
15:04:41.677 [main] DEBUG org.hibernate.validator.internal.engine.ValidatorFactoryImpl - HV000234: Using org.hibernate.validator.internal.util.ExecutableParameterNameProvider as ValidatorFactory-scoped parameter name provider.
15:04:41.679 [main] DEBUG org.hibernate.validator.internal.engine.ValidatorFactoryImpl - HV000234: Using org.hibernate.validator.internal.engine.DefaultClockProvider as ValidatorFactory-scoped clock provider.
15:04:41.681 [main] DEBUG org.hibernate.validator.internal.engine.ValidatorFactoryImpl - HV000234: Using org.hibernate.validator.internal.engine.scripting.DefaultScriptEvaluatorFactory as ValidatorFactory-scoped script evaluator factory.
15:04:41.682 [main] DEBUG org.springframework.beans.factory.support.DefaultListableBeanFactory - Returning cached instance of singleton bean 'org.springframework.transaction.config.internalTransactionAdvisor'
15:04:41.682 [main] DEBUG org.springframework.beans.factory.support.DefaultListableBeanFactory - Returning cached instance of singleton bean 'org.springframework.transaction.config.internalTransactionAdvisor'
15:04:41.684 [main] DEBUG org.springframework.beans.factory.support.DefaultListableBeanFactory - Finished creating instance of bean 'defaultValidator'
15:04:41.685 [main] DEBUG org.springframework.beans.factory.support.DefaultListableBeanFactory - Returning cached instance of singleton bean 'methodValidationPostProcessor'
15:04:41.685 [main] DEBUG org.springframework.beans.factory.support.DefaultListableBeanFactory - Creating shared instance of singleton bean 'org.springframework.boot.autoconfigure.transaction.jta.JtaAutoConfiguration'
15:04:41.686 [main] DEBUG org.springframework.beans.factory.support.DefaultListableBeanFactory - Creating instance of bean 'org.springframework.boot.autoconfigure.transaction.jta.JtaAutoConfiguration'
15:04:41.686 [main] DEBUG org.springframework.beans.factory.support.DefaultListableBeanFactory - Returning cached instance of singleton bean 'org.springframework.transaction.config.internalTransactionAdvisor'
15:04:41.686 [main] DEBUG org.springframework.beans.factory.support.DefaultListableBeanFactory - Eagerly caching bean 'org.springframework.boot.autoconfigure.transaction.jta.JtaAutoConfiguration' to allow for resolving potential circular references
15:04:41.688 [main] DEBUG org.springframework.beans.factory.support.DefaultListableBeanFactory - Returning cached instance of singleton bean 'org.springframework.transaction.config.internalTransactionAdvisor'
15:04:41.689 [main] DEBUG org.springframework.beans.factory.support.DefaultListableBeanFactory - Returning cached instance of singleton bean 'org.springframework.transaction.config.internalTransactionAdvisor'
15:04:41.689 [main] DEBUG org.springframework.beans.factory.support.DefaultListableBeanFactory - Finished creating instance of bean 'org.springframework.boot.autoconfigure.transaction.jta.JtaAutoConfiguration'
15:04:41.689 [main] DEBUG org.springframework.beans.factory.support.DefaultListableBeanFactory - Creating shared instance of singleton bean 'spring.jta-org.springframework.boot.autoconfigure.transaction.jta.JtaProperties'
15:04:41.689 [main] DEBUG org.springframework.beans.factory.support.DefaultListableBeanFactory - Creating instance of bean 'spring.jta-org.springframework.boot.autoconfigure.transaction.jta.JtaProperties'
15:04:41.690 [main] DEBUG org.springframework.beans.factory.support.DefaultListableBeanFactory - Returning cached instance of singleton bean 'org.springframework.transaction.config.internalTransactionAdvisor'
15:04:41.690 [main] DEBUG org.springframework.beans.factory.support.DefaultListableBeanFactory - Eagerly caching bean 'spring.jta-org.springframework.boot.autoconfigure.transaction.jta.JtaProperties' to allow for resolving potential circular references
15:04:41.696 [main] DEBUG org.springframework.beans.factory.support.DefaultListableBeanFactory - Returning cached instance of singleton bean 'org.springframework.transaction.config.internalTransactionAdvisor'
15:04:41.696 [main] DEBUG org.springframework.beans.factory.support.DefaultListableBeanFactory - Returning cached instance of singleton bean 'org.springframework.transaction.config.internalTransactionAdvisor'
15:04:41.700 [main] DEBUG org.springframework.beans.factory.support.DefaultListableBeanFactory - Finished creating instance of bean 'spring.jta-org.springframework.boot.autoconfigure.transaction.jta.JtaProperties'
15:04:41.700 [main] DEBUG org.springframework.beans.factory.support.DefaultListableBeanFactory - Creating shared instance of singleton bean 'org.springframework.boot.autoconfigure.jdbc.metadata.DataSourcePoolMetadataProvidersConfiguration$CommonsDbcp2PoolDataSourceMetadataProviderConfiguration'
15:04:41.700 [main] DEBUG org.springframework.beans.factory.support.DefaultListableBeanFactory - Creating instance of bean 'org.springframework.boot.autoconfigure.jdbc.metadata.DataSourcePoolMetadataProvidersConfiguration$CommonsDbcp2PoolDataSourceMetadataProviderConfiguration'
15:04:41.700 [main] DEBUG org.springframework.beans.factory.support.DefaultListableBeanFactory - Returning cached instance of singleton bean 'org.springframework.transaction.config.internalTransactionAdvisor'
15:04:41.703 [main] DEBUG org.springframework.beans.factory.support.DefaultListableBeanFactory - Eagerly caching bean 'org.springframework.boot.autoconfigure.jdbc.metadata.DataSourcePoolMetadataProvidersConfiguration$CommonsDbcp2PoolDataSourceMetadataProviderConfiguration' to allow for resolving potential circular references
15:04:41.743 [main] DEBUG org.springframework.beans.factory.support.DefaultListableBeanFactory - Returning cached instance of singleton bean 'org.springframework.transaction.config.internalTransactionAdvisor'
15:04:41.744 [main] DEBUG org.springframework.beans.factory.support.DefaultListableBeanFactory - Returning cached instance of singleton bean 'org.springframework.transaction.config.internalTransactionAdvisor'
15:04:41.746 [main] DEBUG org.springframework.beans.factory.support.DefaultListableBeanFactory - Finished creating instance of bean 'org.springframework.boot.autoconfigure.jdbc.metadata.DataSourcePoolMetadataProvidersConfiguration$CommonsDbcp2PoolDataSourceMetadataProviderConfiguration'
15:04:41.747 [main] DEBUG org.springframework.beans.factory.support.DefaultListableBeanFactory - Creating shared instance of singleton bean 'commonsDbcp2PoolDataSourceMetadataProvider'
15:04:41.747 [main] DEBUG org.springframework.beans.factory.support.DefaultListableBeanFactory - Creating instance of bean 'commonsDbcp2PoolDataSourceMetadataProvider'
15:04:41.747 [main] DEBUG org.springframework.beans.factory.support.DefaultListableBeanFactory - Returning cached instance of singleton bean 'org.springframework.transaction.config.internalTransactionAdvisor'
15:04:41.747 [main] DEBUG org.springframework.beans.factory.support.DefaultListableBeanFactory - Returning cached instance of singleton bean 'org.springframework.boot.autoconfigure.jdbc.metadata.DataSourcePoolMetadataProvidersConfiguration$CommonsDbcp2PoolDataSourceMetadataProviderConfiguration'
15:04:41.766 [main] DEBUG org.springframework.beans.factory.support.DefaultListableBeanFactory - Eagerly caching bean 'commonsDbcp2PoolDataSourceMetadataProvider' to allow for resolving potential circular references
15:04:41.769 [main] DEBUG org.springframework.beans.factory.support.DefaultListableBeanFactory - Returning cached instance of singleton bean 'org.springframework.transaction.config.internalTransactionAdvisor'
15:04:41.770 [main] DEBUG org.springframework.beans.factory.support.DefaultListableBeanFactory - Returning cached instance of singleton bean 'org.springframework.transaction.config.internalTransactionAdvisor'
15:04:41.770 [main] DEBUG org.springframework.beans.factory.support.DefaultListableBeanFactory - Finished creating instance of bean 'commonsDbcp2PoolDataSourceMetadataProvider'
15:04:41.772 [main] DEBUG org.springframework.beans.factory.support.DefaultListableBeanFactory - Creating shared instance of singleton bean 'org.springframework.boot.autoconfigure.jdbc.metadata.DataSourcePoolMetadataProvidersConfiguration$HikariPoolDataSourceMetadataProviderConfiguration'
15:04:41.772 [main] DEBUG org.springframework.beans.factory.support.DefaultListableBeanFactory - Creating instance of bean 'org.springframework.boot.autoconfigure.jdbc.metadata.DataSourcePoolMetadataProvidersConfiguration$HikariPoolDataSourceMetadataProviderConfiguration'
15:04:41.772 [main] DEBUG org.springframework.beans.factory.support.DefaultListableBeanFactory - Returning cached instance of singleton bean 'org.springframework.transaction.config.internalTransactionAdvisor'
15:04:41.773 [main] DEBUG org.springframework.beans.factory.support.DefaultListableBeanFactory - Eagerly caching bean 'org.springframework.boot.autoconfigure.jdbc.metadata.DataSourcePoolMetadataProvidersConfiguration$HikariPoolDataSourceMetadataProviderConfiguration' to allow for resolving potential circular references
15:04:41.782 [main] DEBUG org.springframework.beans.factory.support.DefaultListableBeanFactory - Returning cached instance of singleton bean 'org.springframework.transaction.config.internalTransactionAdvisor'
15:04:41.785 [main] DEBUG org.springframework.beans.factory.support.DefaultListableBeanFactory - Returning cached instance of singleton bean 'org.springframework.transaction.config.internalTransactionAdvisor'
15:04:41.788 [main] DEBUG org.springframework.beans.factory.support.DefaultListableBeanFactory - Finished creating instance of bean 'org.springframework.boot.autoconfigure.jdbc.metadata.DataSourcePoolMetadataProvidersConfiguration$HikariPoolDataSourceMetadataProviderConfiguration'
15:04:41.790 [main] DEBUG org.springframework.beans.factory.support.DefaultListableBeanFactory - Creating shared instance of singleton bean 'hikariPoolDataSourceMetadataProvider'
15:04:41.792 [main] DEBUG org.springframework.beans.factory.support.DefaultListableBeanFactory - Creating instance of bean 'hikariPoolDataSourceMetadataProvider'
15:04:41.793 [main] DEBUG org.springframework.beans.factory.support.DefaultListableBeanFactory - Returning cached instance of singleton bean 'org.springframework.transaction.config.internalTransactionAdvisor'
15:04:41.793 [main] DEBUG org.springframework.beans.factory.support.DefaultListableBeanFactory - Returning cached instance of singleton bean 'org.springframework.boot.autoconfigure.jdbc.metadata.DataSourcePoolMetadataProvidersConfiguration$HikariPoolDataSourceMetadataProviderConfiguration'
15:04:41.798 [main] DEBUG org.springframework.beans.factory.support.DefaultListableBeanFactory - Eagerly caching bean 'hikariPoolDataSourceMetadataProvider' to allow for resolving potential circular references
15:04:41.800 [main] DEBUG org.springframework.beans.factory.support.DefaultListableBeanFactory - Returning cached instance of singleton bean 'org.springframework.transaction.config.internalTransactionAdvisor'
15:04:41.800 [main] DEBUG org.springframework.beans.factory.support.DefaultListableBeanFactory - Returning cached instance of singleton bean 'org.springframework.transaction.config.internalTransactionAdvisor'
15:04:41.802 [main] DEBUG org.springframework.beans.factory.support.DefaultListableBeanFactory - Finished creating instance of bean 'hikariPoolDataSourceMetadataProvider'
15:04:41.803 [main] DEBUG org.springframework.beans.factory.support.DefaultListableBeanFactory - Creating shared instance of singleton bean 'org.springframework.boot.autoconfigure.jdbc.metadata.DataSourcePoolMetadataProvidersConfiguration'
15:04:41.803 [main] DEBUG org.springframework.beans.factory.support.DefaultListableBeanFactory - Creating instance of bean 'org.springframework.boot.autoconfigure.jdbc.metadata.DataSourcePoolMetadataProvidersConfiguration'
15:04:41.803 [main] DEBUG org.springframework.beans.factory.support.DefaultListableBeanFactory - Returning cached instance of singleton bean 'org.springframework.transaction.config.internalTransactionAdvisor'
15:04:41.804 [main] DEBUG org.springframework.beans.factory.support.DefaultListableBeanFactory - Eagerly caching bean 'org.springframework.boot.autoconfigure.jdbc.metadata.DataSourcePoolMetadataProvidersConfiguration' to allow for resolving potential circular references
15:04:41.814 [main] DEBUG org.springframework.beans.factory.support.DefaultListableBeanFactory - Returning cached instance of singleton bean 'org.springframework.transaction.config.internalTransactionAdvisor'
15:04:41.815 [main] DEBUG org.springframework.beans.factory.support.DefaultListableBeanFactory - Returning cached instance of singleton bean 'org.springframework.transaction.config.internalTransactionAdvisor'
15:04:41.815 [main] DEBUG org.springframework.beans.factory.support.DefaultListableBeanFactory - Finished creating instance of bean 'org.springframework.boot.autoconfigure.jdbc.metadata.DataSourcePoolMetadataProvidersConfiguration'
15:04:41.816 [main] DEBUG org.springframework.beans.factory.support.DefaultListableBeanFactory - Returning cached instance of singleton bean 'org.springframework.boot.autoconfigure.jdbc.DataSourceInitializerInvoker'
15:04:41.816 [main] DEBUG org.springframework.beans.factory.support.DefaultListableBeanFactory - Creating shared instance of singleton bean 'org.springframework.boot.autoconfigure.jdbc.DataSourceInitializationConfiguration'
15:04:41.816 [main] DEBUG org.springframework.beans.factory.support.DefaultListableBeanFactory - Creating instance of bean 'org.springframework.boot.autoconfigure.jdbc.DataSourceInitializationConfiguration'
15:04:41.816 [main] DEBUG org.springframework.beans.factory.support.DefaultListableBeanFactory - Returning cached instance of singleton bean 'org.springframework.transaction.config.internalTransactionAdvisor'
15:04:41.817 [main] DEBUG org.springframework.beans.factory.support.DefaultListableBeanFactory - Eagerly caching bean 'org.springframework.boot.autoconfigure.jdbc.DataSourceInitializationConfiguration' to allow for resolving potential circular references
15:04:41.828 [main] DEBUG org.springframework.beans.factory.support.DefaultListableBeanFactory - Returning cached instance of singleton bean 'org.springframework.transaction.config.internalTransactionAdvisor'
15:04:41.828 [main] DEBUG org.springframework.beans.factory.support.DefaultListableBeanFactory - Returning cached instance of singleton bean 'org.springframework.transaction.config.internalTransactionAdvisor'
15:04:41.828 [main] DEBUG org.springframework.beans.factory.support.DefaultListableBeanFactory - Finished creating instance of bean 'org.springframework.boot.autoconfigure.jdbc.DataSourceInitializationConfiguration'
15:04:41.829 [main] DEBUG org.springframework.beans.factory.support.DefaultListableBeanFactory - Returning cached instance of singleton bean 'dataSourceInitializerPostProcessor'
15:04:41.829 [main] DEBUG org.springframework.beans.factory.support.DefaultListableBeanFactory - Creating shared instance of singleton bean 'org.springframework.boot.autoconfigure.jdbc.DataSourceAutoConfiguration'
15:04:41.829 [main] DEBUG org.springframework.beans.factory.support.DefaultListableBeanFactory - Creating instance of bean 'org.springframework.boot.autoconfigure.jdbc.DataSourceAutoConfiguration'
15:04:41.829 [main] DEBUG org.springframework.beans.factory.support.DefaultListableBeanFactory - Returning cached instance of singleton bean 'org.springframework.transaction.config.internalTransactionAdvisor'
15:04:41.830 [main] DEBUG org.springframework.beans.factory.support.DefaultListableBeanFactory - Eagerly caching bean 'org.springframework.boot.autoconfigure.jdbc.DataSourceAutoConfiguration' to allow for resolving potential circular references
15:04:41.858 [main] DEBUG org.springframework.beans.factory.support.DefaultListableBeanFactory - Returning cached instance of singleton bean 'org.springframework.transaction.config.internalTransactionAdvisor'
15:04:41.858 [main] DEBUG org.springframework.beans.factory.support.DefaultListableBeanFactory - Returning cached instance of singleton bean 'org.springframework.transaction.config.internalTransactionAdvisor'
15:04:41.859 [main] DEBUG org.springframework.beans.factory.support.DefaultListableBeanFactory - Finished creating instance of bean 'org.springframework.boot.autoconfigure.jdbc.DataSourceAutoConfiguration'
15:04:41.859 [main] DEBUG org.springframework.beans.factory.support.DefaultListableBeanFactory - Returning cached instance of singleton bean 'spring.datasource-org.springframework.boot.autoconfigure.jdbc.DataSourceProperties'
15:04:41.860 [main] DEBUG org.springframework.beans.factory.support.DefaultListableBeanFactory - Creating shared instance of singleton bean 'org.springframework.boot.autoconfigure.jdbc.JdbcTemplateAutoConfiguration$JdbcTemplateConfiguration'
15:04:41.860 [main] DEBUG org.springframework.beans.factory.support.DefaultListableBeanFactory - Creating instance of bean 'org.springframework.boot.autoconfigure.jdbc.JdbcTemplateAutoConfiguration$JdbcTemplateConfiguration'
15:04:41.860 [main] DEBUG org.springframework.beans.factory.support.DefaultListableBeanFactory - Returning cached instance of singleton bean 'org.springframework.transaction.config.internalTransactionAdvisor'
15:04:41.862 [main] DEBUG org.springframework.core.LocalVariableTableParameterNameDiscoverer - Cannot find '.class' file for class [class org.springframework.boot.autoconfigure.jdbc.JdbcTemplateAutoConfiguration$JdbcTemplateConfiguration$$EnhancerBySpringCGLIB$$d9c3a4a4] - unable to determine constructor/method parameter names
15:04:41.863 [main] DEBUG org.springframework.beans.factory.support.DefaultListableBeanFactory - Returning cached instance of singleton bean 'getDataSource'
15:04:41.864 [main] DEBUG org.springframework.beans.factory.support.DefaultListableBeanFactory - Creating shared instance of singleton bean 'spring.jdbc-org.springframework.boot.autoconfigure.jdbc.JdbcProperties'
15:04:41.864 [main] DEBUG org.springframework.beans.factory.support.DefaultListableBeanFactory - Creating instance of bean 'spring.jdbc-org.springframework.boot.autoconfigure.jdbc.JdbcProperties'
15:04:41.864 [main] DEBUG org.springframework.beans.factory.support.DefaultListableBeanFactory - Returning cached instance of singleton bean 'org.springframework.transaction.config.internalTransactionAdvisor'
15:04:41.865 [main] DEBUG org.springframework.beans.factory.support.DefaultListableBeanFactory - Eagerly caching bean 'spring.jdbc-org.springframework.boot.autoconfigure.jdbc.JdbcProperties' to allow for resolving potential circular references
15:04:41.869 [main] DEBUG org.springframework.beans.factory.support.DefaultListableBeanFactory - Returning cached instance of singleton bean 'org.springframework.transaction.config.internalTransactionAdvisor'
15:04:41.869 [main] DEBUG org.springframework.beans.factory.support.DefaultListableBeanFactory - Returning cached instance of singleton bean 'org.springframework.transaction.config.internalTransactionAdvisor'
15:04:41.869 [main] DEBUG org.springframework.beans.factory.support.DefaultListableBeanFactory - Finished creating instance of bean 'spring.jdbc-org.springframework.boot.autoconfigure.jdbc.JdbcProperties'
15:04:41.870 [main] DEBUG org.springframework.beans.factory.support.DefaultListableBeanFactory - Autowiring by type from bean name 'org.springframework.boot.autoconfigure.jdbc.JdbcTemplateAutoConfiguration$JdbcTemplateConfiguration' via constructor to bean named 'getDataSource'
15:04:41.870 [main] DEBUG org.springframework.beans.factory.support.DefaultListableBeanFactory - Autowiring by type from bean name 'org.springframework.boot.autoconfigure.jdbc.JdbcTemplateAutoConfiguration$JdbcTemplateConfiguration' via constructor to bean named 'spring.jdbc-org.springframework.boot.autoconfigure.jdbc.JdbcProperties'
15:04:41.870 [main] DEBUG org.springframework.beans.factory.support.DefaultListableBeanFactory - Eagerly caching bean 'org.springframework.boot.autoconfigure.jdbc.JdbcTemplateAutoConfiguration$JdbcTemplateConfiguration' to allow for resolving potential circular references
15:04:41.876 [main] DEBUG org.springframework.beans.factory.support.DefaultListableBeanFactory - Returning cached instance of singleton bean 'org.springframework.transaction.config.internalTransactionAdvisor'
15:04:41.876 [main] DEBUG org.springframework.beans.factory.support.DefaultListableBeanFactory - Returning cached instance of singleton bean 'org.springframework.transaction.config.internalTransactionAdvisor'
15:04:41.877 [main] DEBUG org.springframework.beans.factory.support.DefaultListableBeanFactory - Finished creating instance of bean 'org.springframework.boot.autoconfigure.jdbc.JdbcTemplateAutoConfiguration$JdbcTemplateConfiguration'
15:04:41.878 [main] DEBUG org.springframework.beans.factory.support.DefaultListableBeanFactory - Creating shared instance of singleton bean 'jdbcTemplate'
15:04:41.878 [main] DEBUG org.springframework.beans.factory.support.DefaultListableBeanFactory - Creating instance of bean 'jdbcTemplate'
15:04:41.878 [main] DEBUG org.springframework.beans.factory.support.DefaultListableBeanFactory - Returning cached instance of singleton bean 'org.springframework.transaction.config.internalTransactionAdvisor'
15:04:41.878 [main] DEBUG org.springframework.beans.factory.support.DefaultListableBeanFactory - Returning cached instance of singleton bean 'org.springframework.boot.autoconfigure.jdbc.JdbcTemplateAutoConfiguration$JdbcTemplateConfiguration'
15:04:41.916 [main] DEBUG org.springframework.beans.factory.support.DefaultListableBeanFactory - Eagerly caching bean 'jdbcTemplate' to allow for resolving potential circular references
15:04:41.970 [main] DEBUG org.springframework.beans.factory.support.DefaultListableBeanFactory - Invoking afterPropertiesSet() on bean with name 'jdbcTemplate'
15:04:41.971 [main] DEBUG org.springframework.beans.factory.support.DefaultListableBeanFactory - Returning cached instance of singleton bean 'org.springframework.transaction.config.internalTransactionAdvisor'
15:04:41.971 [main] DEBUG org.springframework.beans.factory.support.DefaultListableBeanFactory - Returning cached instance of singleton bean 'org.springframework.transaction.config.internalTransactionAdvisor'
15:04:41.982 [main] DEBUG org.springframework.beans.factory.support.DefaultListableBeanFactory - Finished creating instance of bean 'jdbcTemplate'
15:04:41.983 [main] DEBUG org.springframework.beans.factory.support.DefaultListableBeanFactory - Creating shared instance of singleton bean 'org.springframework.boot.autoconfigure.jdbc.JdbcTemplateAutoConfiguration$NamedParameterJdbcTemplateConfiguration'
15:04:41.984 [main] DEBUG org.springframework.beans.factory.support.DefaultListableBeanFactory - Creating instance of bean 'org.springframework.boot.autoconfigure.jdbc.JdbcTemplateAutoConfiguration$NamedParameterJdbcTemplateConfiguration'
15:04:41.984 [main] DEBUG org.springframework.beans.factory.support.DefaultListableBeanFactory - Returning cached instance of singleton bean 'org.springframework.transaction.config.internalTransactionAdvisor'
15:04:41.986 [main] DEBUG org.springframework.beans.factory.support.DefaultListableBeanFactory - Eagerly caching bean 'org.springframework.boot.autoconfigure.jdbc.JdbcTemplateAutoConfiguration$NamedParameterJdbcTemplateConfiguration' to allow for resolving potential circular references
15:04:41.992 [main] DEBUG org.springframework.beans.factory.support.DefaultListableBeanFactory - Returning cached instance of singleton bean 'org.springframework.transaction.config.internalTransactionAdvisor'
15:04:41.992 [main] DEBUG org.springframework.beans.factory.support.DefaultListableBeanFactory - Returning cached instance of singleton bean 'org.springframework.transaction.config.internalTransactionAdvisor'
15:04:41.994 [main] DEBUG org.springframework.beans.factory.support.DefaultListableBeanFactory - Finished creating instance of bean 'org.springframework.boot.autoconfigure.jdbc.JdbcTemplateAutoConfiguration$NamedParameterJdbcTemplateConfiguration'
15:04:41.994 [main] DEBUG org.springframework.beans.factory.support.DefaultListableBeanFactory - Creating shared instance of singleton bean 'namedParameterJdbcTemplate'
15:04:41.994 [main] DEBUG org.springframework.beans.factory.support.DefaultListableBeanFactory - Creating instance of bean 'namedParameterJdbcTemplate'
15:04:41.994 [main] DEBUG org.springframework.beans.factory.support.DefaultListableBeanFactory - Returning cached instance of singleton bean 'org.springframework.transaction.config.internalTransactionAdvisor'
15:04:41.995 [main] DEBUG org.springframework.beans.factory.support.DefaultListableBeanFactory - Returning cached instance of singleton bean 'org.springframework.boot.autoconfigure.jdbc.JdbcTemplateAutoConfiguration$NamedParameterJdbcTemplateConfiguration'
15:04:41.996 [main] DEBUG org.springframework.beans.factory.support.DefaultListableBeanFactory - Returning cached instance of singleton bean 'jdbcTemplate'
15:04:41.996 [main] DEBUG org.springframework.beans.factory.support.DefaultListableBeanFactory - Autowiring by type from bean name 'namedParameterJdbcTemplate' via factory method to bean named 'jdbcTemplate'
15:04:42.005 [main] DEBUG org.springframework.beans.factory.support.DefaultListableBeanFactory - Eagerly caching bean 'namedParameterJdbcTemplate' to allow for resolving potential circular references
15:04:42.011 [main] DEBUG org.springframework.beans.factory.support.DefaultListableBeanFactory - Returning cached instance of singleton bean 'org.springframework.transaction.config.internalTransactionAdvisor'
15:04:42.012 [main] DEBUG org.springframework.beans.factory.support.DefaultListableBeanFactory - Returning cached instance of singleton bean 'org.springframework.transaction.config.internalTransactionAdvisor'
15:04:42.014 [main] DEBUG org.springframework.beans.factory.support.DefaultListableBeanFactory - Finished creating instance of bean 'namedParameterJdbcTemplate'
15:04:42.017 [main] DEBUG org.springframework.beans.factory.support.DefaultListableBeanFactory - Creating shared instance of singleton bean 'org.springframework.boot.autoconfigure.jdbc.JdbcTemplateAutoConfiguration'
15:04:42.017 [main] DEBUG org.springframework.beans.factory.support.DefaultListableBeanFactory - Creating instance of bean 'org.springframework.boot.autoconfigure.jdbc.JdbcTemplateAutoConfiguration'
15:04:42.017 [main] DEBUG org.springframework.beans.factory.support.DefaultListableBeanFactory - Returning cached instance of singleton bean 'org.springframework.transaction.config.internalTransactionAdvisor'
15:04:42.018 [main] DEBUG org.springframework.beans.factory.support.DefaultListableBeanFactory - Eagerly caching bean 'org.springframework.boot.autoconfigure.jdbc.JdbcTemplateAutoConfiguration' to allow for resolving potential circular references
15:04:42.023 [main] DEBUG org.springframework.beans.factory.support.DefaultListableBeanFactory - Returning cached instance of singleton bean 'org.springframework.transaction.config.internalTransactionAdvisor'
15:04:42.036 [main] DEBUG org.springframework.beans.factory.support.DefaultListableBeanFactory - Returning cached instance of singleton bean 'org.springframework.transaction.config.internalTransactionAdvisor'
15:04:42.037 [main] DEBUG org.springframework.beans.factory.support.DefaultListableBeanFactory - Finished creating instance of bean 'org.springframework.boot.autoconfigure.jdbc.JdbcTemplateAutoConfiguration'
15:04:42.037 [main] DEBUG org.springframework.beans.factory.support.DefaultListableBeanFactory - Returning cached instance of singleton bean 'spring.jdbc-org.springframework.boot.autoconfigure.jdbc.JdbcProperties'
15:04:42.037 [main] DEBUG org.springframework.beans.factory.support.DefaultListableBeanFactory - Creating shared instance of singleton bean 'org.springframework.boot.autoconfigure.jmx.JmxAutoConfiguration'
15:04:42.037 [main] DEBUG org.springframework.beans.factory.support.DefaultListableBeanFactory - Creating instance of bean 'org.springframework.boot.autoconfigure.jmx.JmxAutoConfiguration'
15:04:42.037 [main] DEBUG org.springframework.beans.factory.support.DefaultListableBeanFactory - Returning cached instance of singleton bean 'org.springframework.transaction.config.internalTransactionAdvisor'
15:04:42.038 [main] DEBUG org.springframework.beans.factory.support.DefaultListableBeanFactory - Eagerly caching bean 'org.springframework.boot.autoconfigure.jmx.JmxAutoConfiguration' to allow for resolving potential circular references
15:04:42.049 [main] DEBUG org.springframework.beans.factory.support.DefaultListableBeanFactory - Returning cached instance of singleton bean 'org.springframework.transaction.config.internalTransactionAdvisor'
15:04:42.049 [main] DEBUG org.springframework.beans.factory.support.DefaultListableBeanFactory - Returning cached instance of singleton bean 'org.springframework.transaction.config.internalTransactionAdvisor'
15:04:42.062 [main] DEBUG org.springframework.beans.factory.support.DefaultListableBeanFactory - Finished creating instance of bean 'org.springframework.boot.autoconfigure.jmx.JmxAutoConfiguration'
15:04:42.062 [main] DEBUG org.springframework.beans.factory.support.DefaultListableBeanFactory - Creating shared instance of singleton bean 'mbeanExporter'
15:04:42.062 [main] DEBUG org.springframework.beans.factory.support.DefaultListableBeanFactory - Creating instance of bean 'mbeanExporter'
15:04:42.062 [main] DEBUG org.springframework.beans.factory.support.DefaultListableBeanFactory - Returning cached instance of singleton bean 'org.springframework.transaction.config.internalTransactionAdvisor'
15:04:42.062 [main] DEBUG org.springframework.beans.factory.support.DefaultListableBeanFactory - Returning cached instance of singleton bean 'org.springframework.boot.autoconfigure.jmx.JmxAutoConfiguration'
15:04:42.063 [main] DEBUG org.springframework.beans.factory.support.DefaultListableBeanFactory - Creating shared instance of singleton bean 'objectNamingStrategy'
15:04:42.064 [main] DEBUG org.springframework.beans.factory.support.DefaultListableBeanFactory - Creating instance of bean 'objectNamingStrategy'
15:04:42.064 [main] DEBUG org.springframework.beans.factory.support.DefaultListableBeanFactory - Returning cached instance of singleton bean 'org.springframework.transaction.config.internalTransactionAdvisor'
15:04:42.064 [main] DEBUG org.springframework.beans.factory.support.DefaultListableBeanFactory - Returning cached instance of singleton bean 'org.springframework.boot.autoconfigure.jmx.JmxAutoConfiguration'
15:04:42.068 [main] DEBUG org.springframework.core.env.PropertySourcesPropertyResolver - Could not find key 'spring.jmx.default-domain' in any property source
15:04:42.069 [main] DEBUG org.springframework.beans.factory.support.DefaultListableBeanFactory - Eagerly caching bean 'objectNamingStrategy' to allow for resolving potential circular references
15:04:42.076 [main] DEBUG org.springframework.beans.factory.support.DefaultListableBeanFactory - Invoking afterPropertiesSet() on bean with name 'objectNamingStrategy'
15:04:42.087 [main] DEBUG org.springframework.beans.factory.support.DefaultListableBeanFactory - Returning cached instance of singleton bean 'org.springframework.transaction.config.internalTransactionAdvisor'
15:04:42.087 [main] DEBUG org.springframework.beans.factory.support.DefaultListableBeanFactory - Returning cached instance of singleton bean 'org.springframework.transaction.config.internalTransactionAdvisor'
15:04:42.088 [main] DEBUG org.springframework.beans.factory.support.DefaultListableBeanFactory - Finished creating instance of bean 'objectNamingStrategy'
15:04:42.088 [main] DEBUG org.springframework.beans.factory.support.DefaultListableBeanFactory - Autowiring by type from bean name 'mbeanExporter' via factory method to bean named 'objectNamingStrategy'
15:04:42.112 [main] DEBUG org.springframework.core.env.PropertySourcesPropertyResolver - Could not find key 'spring.jmx.server' in any property source
15:04:42.112 [main] DEBUG org.springframework.beans.factory.support.DefaultListableBeanFactory - Creating shared instance of singleton bean 'mbeanServer'
15:04:42.112 [main] DEBUG org.springframework.beans.factory.support.DefaultListableBeanFactory - Creating instance of bean 'mbeanServer'
15:04:42.112 [main] DEBUG org.springframework.beans.factory.support.DefaultListableBeanFactory - Returning cached instance of singleton bean 'org.springframework.transaction.config.internalTransactionAdvisor'
15:04:42.113 [main] DEBUG org.springframework.beans.factory.support.DefaultListableBeanFactory - Returning cached instance of singleton bean 'org.springframework.boot.autoconfigure.jmx.JmxAutoConfiguration'
15:04:42.152 [main] DEBUG org.springframework.jmx.support.JmxUtils - Found MBeanServer: com.sun.jmx.mbeanserver.JmxMBeanServer@9d200de
15:04:42.185 [main] DEBUG org.springframework.beans.factory.support.DefaultListableBeanFactory - Eagerly caching bean 'mbeanServer' to allow for resolving potential circular references
15:04:42.190 [main] DEBUG org.springframework.beans.factory.support.DefaultListableBeanFactory - Returning cached instance of singleton bean 'org.springframework.transaction.config.internalTransactionAdvisor'
15:04:42.190 [main] DEBUG org.springframework.beans.factory.support.DefaultListableBeanFactory - Returning cached instance of singleton bean 'org.springframework.transaction.config.internalTransactionAdvisor'
15:04:42.195 [main] DEBUG org.springframework.beans.factory.support.DefaultListableBeanFactory - Finished creating instance of bean 'mbeanServer'
15:04:42.201 [main] DEBUG org.springframework.beans.factory.support.DefaultListableBeanFactory - Eagerly caching bean 'mbeanExporter' to allow for resolving potential circular references
15:04:42.354 [main] DEBUG org.springframework.beans.factory.support.DefaultListableBeanFactory - Invoking afterPropertiesSet() on bean with name 'mbeanExporter'
15:04:42.357 [main] DEBUG org.springframework.beans.factory.support.DefaultListableBeanFactory - Returning cached instance of singleton bean 'org.springframework.transaction.config.internalTransactionAdvisor'
15:04:42.361 [main] DEBUG org.springframework.beans.factory.support.DefaultListableBeanFactory - Returning cached instance of singleton bean 'org.springframework.transaction.config.internalTransactionAdvisor'
15:04:42.369 [main] DEBUG org.springframework.beans.factory.support.DefaultListableBeanFactory - Finished creating instance of bean 'mbeanExporter'
15:04:42.372 [main] DEBUG org.springframework.beans.factory.support.DefaultListableBeanFactory - Returning cached instance of singleton bean 'objectNamingStrategy'
15:04:42.380 [main] DEBUG org.springframework.beans.factory.support.DefaultListableBeanFactory - Returning cached instance of singleton bean 'mbeanServer'
15:04:42.382 [main] DEBUG org.springframework.beans.factory.support.DefaultListableBeanFactory - Creating shared instance of singleton bean 'org.springframework.boot.autoconfigure.aop.AopAutoConfiguration$CglibAutoProxyConfiguration'
15:04:42.401 [main] DEBUG org.springframework.beans.factory.support.DefaultListableBeanFactory - Creating instance of bean 'org.springframework.boot.autoconfigure.aop.AopAutoConfiguration$CglibAutoProxyConfiguration'
15:04:42.404 [main] DEBUG org.springframework.beans.factory.support.DefaultListableBeanFactory - Returning cached instance of singleton bean 'org.springframework.transaction.config.internalTransactionAdvisor'
15:04:42.412 [main] DEBUG org.springframework.beans.factory.support.DefaultListableBeanFactory - Eagerly caching bean 'org.springframework.boot.autoconfigure.aop.AopAutoConfiguration$CglibAutoProxyConfiguration' to allow for resolving potential circular references
15:04:42.428 [main] DEBUG org.springframework.beans.factory.support.DefaultListableBeanFactory - Returning cached instance of singleton bean 'org.springframework.transaction.config.internalTransactionAdvisor'
15:04:42.430 [main] DEBUG org.springframework.beans.factory.support.DefaultListableBeanFactory - Returning cached instance of singleton bean 'org.springframework.transaction.config.internalTransactionAdvisor'
15:04:42.435 [main] DEBUG org.springframework.beans.factory.support.DefaultListableBeanFactory - Finished creating instance of bean 'org.springframework.boot.autoconfigure.aop.AopAutoConfiguration$CglibAutoProxyConfiguration'
15:04:42.436 [main] DEBUG org.springframework.beans.factory.support.DefaultListableBeanFactory - Creating shared instance of singleton bean 'org.springframework.boot.autoconfigure.aop.AopAutoConfiguration'
15:04:42.436 [main] DEBUG org.springframework.beans.factory.support.DefaultListableBeanFactory - Creating instance of bean 'org.springframework.boot.autoconfigure.aop.AopAutoConfiguration'
15:04:42.436 [main] DEBUG org.springframework.beans.factory.support.DefaultListableBeanFactory - Returning cached instance of singleton bean 'org.springframework.transaction.config.internalTransactionAdvisor'
15:04:42.437 [main] DEBUG org.springframework.beans.factory.support.DefaultListableBeanFactory - Eagerly caching bean 'org.springframework.boot.autoconfigure.aop.AopAutoConfiguration' to allow for resolving potential circular references
15:04:42.447 [main] DEBUG org.springframework.beans.factory.support.DefaultListableBeanFactory - Returning cached instance of singleton bean 'org.springframework.transaction.config.internalTransactionAdvisor'
15:04:42.450 [main] DEBUG org.springframework.beans.factory.support.DefaultListableBeanFactory - Returning cached instance of singleton bean 'org.springframework.transaction.config.internalTransactionAdvisor'
15:04:42.454 [main] DEBUG org.springframework.beans.factory.support.DefaultListableBeanFactory - Finished creating instance of bean 'org.springframework.boot.autoconfigure.aop.AopAutoConfiguration'
15:04:42.454 [main] DEBUG org.springframework.beans.factory.support.DefaultListableBeanFactory - Creating shared instance of singleton bean 'org.springframework.boot.autoconfigure.orm.jpa.HibernateJpaConfiguration'
15:04:42.454 [main] DEBUG org.springframework.beans.factory.support.DefaultListableBeanFactory - Creating instance of bean 'org.springframework.boot.autoconfigure.orm.jpa.HibernateJpaConfiguration'
15:04:42.455 [main] DEBUG org.springframework.beans.factory.support.DefaultListableBeanFactory - Returning cached instance of singleton bean 'org.springframework.transaction.config.internalTransactionAdvisor'
15:04:42.456 [main] DEBUG org.springframework.core.LocalVariableTableParameterNameDiscoverer - Cannot find '.class' file for class [class org.springframework.boot.autoconfigure.orm.jpa.HibernateJpaConfiguration$$EnhancerBySpringCGLIB$$e00f38a6] - unable to determine constructor/method parameter names
15:04:42.458 [main] DEBUG org.springframework.beans.factory.support.DefaultListableBeanFactory - Returning cached instance of singleton bean 'getDataSource'
15:04:42.459 [main] DEBUG org.springframework.beans.factory.support.DefaultListableBeanFactory - Creating shared instance of singleton bean 'spring.jpa-org.springframework.boot.autoconfigure.orm.jpa.JpaProperties'
15:04:42.459 [main] DEBUG org.springframework.beans.factory.support.DefaultListableBeanFactory - Creating instance of bean 'spring.jpa-org.springframework.boot.autoconfigure.orm.jpa.JpaProperties'
15:04:42.460 [main] DEBUG org.springframework.beans.factory.support.DefaultListableBeanFactory - Returning cached instance of singleton bean 'org.springframework.transaction.config.internalTransactionAdvisor'
15:04:42.461 [main] DEBUG org.springframework.beans.factory.support.DefaultListableBeanFactory - Eagerly caching bean 'spring.jpa-org.springframework.boot.autoconfigure.orm.jpa.JpaProperties' to allow for resolving potential circular references
15:04:42.507 [main] DEBUG org.springframework.beans.factory.support.DefaultListableBeanFactory - Returning cached instance of singleton bean 'org.springframework.transaction.config.internalTransactionAdvisor'
15:04:42.514 [main] DEBUG org.springframework.beans.factory.support.DefaultListableBeanFactory - Returning cached instance of singleton bean 'org.springframework.transaction.config.internalTransactionAdvisor'
15:04:42.515 [main] DEBUG org.springframework.beans.factory.support.DefaultListableBeanFactory - Finished creating instance of bean 'spring.jpa-org.springframework.boot.autoconfigure.orm.jpa.JpaProperties'
15:04:42.516 [main] DEBUG org.springframework.beans.factory.support.DefaultListableBeanFactory - Autowiring by type from bean name 'org.springframework.boot.autoconfigure.orm.jpa.HibernateJpaConfiguration' via constructor to bean named 'getDataSource'
15:04:42.516 [main] DEBUG org.springframework.beans.factory.support.DefaultListableBeanFactory - Autowiring by type from bean name 'org.springframework.boot.autoconfigure.orm.jpa.HibernateJpaConfiguration' via constructor to bean named 'spring.jpa-org.springframework.boot.autoconfigure.orm.jpa.JpaProperties'
15:04:42.519 [main] DEBUG org.springframework.beans.factory.support.DefaultListableBeanFactory - Creating shared instance of singleton bean 'platformTransactionManagerCustomizers'
15:04:42.519 [main] DEBUG org.springframework.beans.factory.support.DefaultListableBeanFactory - Creating instance of bean 'platformTransactionManagerCustomizers'
15:04:42.519 [main] DEBUG org.springframework.beans.factory.support.DefaultListableBeanFactory - Returning cached instance of singleton bean 'org.springframework.transaction.config.internalTransactionAdvisor'
15:04:42.519 [main] DEBUG org.springframework.beans.factory.support.DefaultListableBeanFactory - Creating shared instance of singleton bean 'org.springframework.boot.autoconfigure.transaction.TransactionAutoConfiguration'
15:04:42.520 [main] DEBUG org.springframework.beans.factory.support.DefaultListableBeanFactory - Creating instance of bean 'org.springframework.boot.autoconfigure.transaction.TransactionAutoConfiguration'
15:04:42.520 [main] DEBUG org.springframework.beans.factory.support.DefaultListableBeanFactory - Returning cached instance of singleton bean 'org.springframework.transaction.config.internalTransactionAdvisor'
15:04:42.521 [main] DEBUG org.springframework.beans.factory.support.DefaultListableBeanFactory - Eagerly caching bean 'org.springframework.boot.autoconfigure.transaction.TransactionAutoConfiguration' to allow for resolving potential circular references
15:04:42.532 [main] DEBUG org.springframework.beans.factory.support.DefaultListableBeanFactory - Returning cached instance of singleton bean 'org.springframework.transaction.config.internalTransactionAdvisor'
15:04:42.534 [main] DEBUG org.springframework.beans.factory.support.DefaultListableBeanFactory - Returning cached instance of singleton bean 'org.springframework.transaction.config.internalTransactionAdvisor'
15:04:42.538 [main] DEBUG org.springframework.beans.factory.support.DefaultListableBeanFactory - Finished creating instance of bean 'org.springframework.boot.autoconfigure.transaction.TransactionAutoConfiguration'
15:04:42.550 [main] DEBUG org.springframework.beans.factory.support.DefaultListableBeanFactory - Creating shared instance of singleton bean 'spring.transaction-org.springframework.boot.autoconfigure.transaction.TransactionProperties'
15:04:42.550 [main] DEBUG org.springframework.beans.factory.support.DefaultListableBeanFactory - Creating instance of bean 'spring.transaction-org.springframework.boot.autoconfigure.transaction.TransactionProperties'
15:04:42.550 [main] DEBUG org.springframework.beans.factory.support.DefaultListableBeanFactory - Returning cached instance of singleton bean 'org.springframework.transaction.config.internalTransactionAdvisor'
15:04:42.553 [main] DEBUG org.springframework.beans.factory.support.DefaultListableBeanFactory - Eagerly caching bean 'spring.transaction-org.springframework.boot.autoconfigure.transaction.TransactionProperties' to allow for resolving potential circular references
15:04:42.589 [main] DEBUG org.springframework.beans.factory.support.DefaultListableBeanFactory - Returning cached instance of singleton bean 'org.springframework.transaction.config.internalTransactionAdvisor'
15:04:42.599 [main] DEBUG org.springframework.beans.factory.support.DefaultListableBeanFactory - Returning cached instance of singleton bean 'org.springframework.transaction.config.internalTransactionAdvisor'
15:04:42.600 [main] DEBUG org.springframework.beans.factory.support.DefaultListableBeanFactory - Finished creating instance of bean 'spring.transaction-org.springframework.boot.autoconfigure.transaction.TransactionProperties'
15:04:42.600 [main] DEBUG org.springframework.beans.factory.support.DefaultListableBeanFactory - Eagerly caching bean 'platformTransactionManagerCustomizers' to allow for resolving potential circular references
15:04:42.603 [main] DEBUG org.springframework.beans.factory.support.DefaultListableBeanFactory - Returning cached instance of singleton bean 'org.springframework.transaction.config.internalTransactionAdvisor'
15:04:42.603 [main] DEBUG org.springframework.beans.factory.support.DefaultListableBeanFactory - Returning cached instance of singleton bean 'org.springframework.transaction.config.internalTransactionAdvisor'
15:04:42.604 [main] DEBUG org.springframework.beans.factory.support.DefaultListableBeanFactory - Finished creating instance of bean 'platformTransactionManagerCustomizers'
15:04:42.608 [main] DEBUG org.springframework.beans.factory.support.DefaultListableBeanFactory - Returning cached instance of singleton bean 'commonsDbcp2PoolDataSourceMetadataProvider'
15:04:42.609 [main] DEBUG org.springframework.beans.factory.support.DefaultListableBeanFactory - Returning cached instance of singleton bean 'hikariPoolDataSourceMetadataProvider'
15:04:42.618 [main] DEBUG org.springframework.beans.factory.support.DefaultListableBeanFactory - Eagerly caching bean 'org.springframework.boot.autoconfigure.orm.jpa.HibernateJpaConfiguration' to allow for resolving potential circular references
15:04:42.646 [main] DEBUG org.springframework.beans.factory.support.DefaultListableBeanFactory - Returning cached instance of singleton bean 'org.springframework.transaction.config.internalTransactionAdvisor'
15:04:42.648 [main] DEBUG org.springframework.beans.factory.support.DefaultListableBeanFactory - Returning cached instance of singleton bean 'org.springframework.transaction.config.internalTransactionAdvisor'
15:04:42.654 [main] DEBUG org.springframework.beans.factory.support.DefaultListableBeanFactory - Finished creating instance of bean 'org.springframework.boot.autoconfigure.orm.jpa.HibernateJpaConfiguration'
15:04:42.654 [main] DEBUG org.springframework.beans.factory.support.DefaultListableBeanFactory - Creating shared instance of singleton bean 'jpaVendorAdapter'
15:04:42.655 [main] DEBUG org.springframework.beans.factory.support.DefaultListableBeanFactory - Creating instance of bean 'jpaVendorAdapter'
15:04:42.655 [main] DEBUG org.springframework.beans.factory.support.DefaultListableBeanFactory - Returning cached instance of singleton bean 'org.springframework.transaction.config.internalTransactionAdvisor'
15:04:42.655 [main] DEBUG org.springframework.beans.factory.support.DefaultListableBeanFactory - Returning cached instance of singleton bean 'org.springframework.boot.autoconfigure.orm.jpa.HibernateJpaConfiguration'
15:04:42.726 [main] DEBUG org.springframework.jdbc.datasource.DataSourceUtils - Fetching JDBC Connection from DataSource
15:04:42.727 [main] DEBUG org.springframework.jdbc.datasource.DataSourceUtils - Returning JDBC Connection to DataSource
15:04:42.731 [main] DEBUG org.springframework.beans.factory.support.DefaultListableBeanFactory - Eagerly caching bean 'jpaVendorAdapter' to allow for resolving potential circular references
15:04:42.740 [main] DEBUG org.springframework.beans.factory.support.DefaultListableBeanFactory - Returning cached instance of singleton bean 'org.springframework.transaction.config.internalTransactionAdvisor'
15:04:42.741 [main] DEBUG org.springframework.beans.factory.support.DefaultListableBeanFactory - Returning cached instance of singleton bean 'org.springframework.transaction.config.internalTransactionAdvisor'
15:04:42.743 [main] DEBUG org.springframework.beans.factory.support.DefaultListableBeanFactory - Finished creating instance of bean 'jpaVendorAdapter'
15:04:42.745 [main] DEBUG org.springframework.beans.factory.support.DefaultListableBeanFactory - Creating shared instance of singleton bean 'entityManagerFactoryBuilder'
15:04:42.748 [main] DEBUG org.springframework.beans.factory.support.DefaultListableBeanFactory - Creating instance of bean 'entityManagerFactoryBuilder'
15:04:42.748 [main] DEBUG org.springframework.beans.factory.support.DefaultListableBeanFactory - Returning cached instance of singleton bean 'org.springframework.transaction.config.internalTransactionAdvisor'
15:04:42.748 [main] DEBUG org.springframework.beans.factory.support.DefaultListableBeanFactory - Returning cached instance of singleton bean 'org.springframework.boot.autoconfigure.orm.jpa.HibernateJpaConfiguration'
15:04:42.749 [main] DEBUG org.springframework.beans.factory.support.DefaultListableBeanFactory - Returning cached instance of singleton bean 'jpaVendorAdapter'
15:04:42.750 [main] DEBUG org.springframework.beans.factory.support.DefaultListableBeanFactory - Autowiring by type from bean name 'entityManagerFactoryBuilder' via factory method to bean named 'jpaVendorAdapter'
15:04:42.779 [main] DEBUG org.springframework.beans.factory.support.DefaultListableBeanFactory - Eagerly caching bean 'entityManagerFactoryBuilder' to allow for resolving potential circular references
15:04:42.782 [main] DEBUG org.springframework.beans.factory.support.DefaultListableBeanFactory - Returning cached instance of singleton bean 'org.springframework.transaction.config.internalTransactionAdvisor'
15:04:42.782 [main] DEBUG org.springframework.beans.factory.support.DefaultListableBeanFactory - Returning cached instance of singleton bean 'org.springframework.transaction.config.internalTransactionAdvisor'
15:04:42.783 [main] DEBUG org.springframework.beans.factory.support.DefaultListableBeanFactory - Finished creating instance of bean 'entityManagerFactoryBuilder'
15:04:42.783 [main] DEBUG org.springframework.beans.factory.support.DefaultListableBeanFactory - Returning cached instance of singleton bean 'spring.jpa-org.springframework.boot.autoconfigure.orm.jpa.JpaProperties'
15:04:42.783 [main] DEBUG org.springframework.beans.factory.support.DefaultListableBeanFactory - Returning cached instance of singleton bean 'dataSourceInitializedPublisher'
15:04:42.783 [main] DEBUG org.springframework.beans.factory.support.DefaultListableBeanFactory - Creating shared instance of singleton bean 'org.springframework.boot.autoconfigure.orm.jpa.HibernateJpaAutoConfiguration'
15:04:42.783 [main] DEBUG org.springframework.beans.factory.support.DefaultListableBeanFactory - Creating instance of bean 'org.springframework.boot.autoconfigure.orm.jpa.HibernateJpaAutoConfiguration'
15:04:42.783 [main] DEBUG org.springframework.beans.factory.support.DefaultListableBeanFactory - Returning cached instance of singleton bean 'org.springframework.transaction.config.internalTransactionAdvisor'
15:04:42.785 [main] DEBUG org.springframework.beans.factory.support.DefaultListableBeanFactory - Eagerly caching bean 'org.springframework.boot.autoconfigure.orm.jpa.HibernateJpaAutoConfiguration' to allow for resolving potential circular references
15:04:42.792 [main] DEBUG org.springframework.beans.factory.support.DefaultListableBeanFactory - Returning cached instance of singleton bean 'org.springframework.transaction.config.internalTransactionAdvisor'
15:04:42.793 [main] DEBUG org.springframework.beans.factory.support.DefaultListableBeanFactory - Returning cached instance of singleton bean 'org.springframework.transaction.config.internalTransactionAdvisor'
15:04:42.794 [main] DEBUG org.springframework.beans.factory.support.DefaultListableBeanFactory - Finished creating instance of bean 'org.springframework.boot.autoconfigure.orm.jpa.HibernateJpaAutoConfiguration'
15:04:42.794 [main] DEBUG org.springframework.beans.factory.support.DefaultListableBeanFactory - Creating shared instance of singleton bean 'org.springframework.boot.autoconfigure.context.ConfigurationPropertiesAutoConfiguration'
15:04:42.794 [main] DEBUG org.springframework.beans.factory.support.DefaultListableBeanFactory - Creating instance of bean 'org.springframework.boot.autoconfigure.context.ConfigurationPropertiesAutoConfiguration'
15:04:42.794 [main] DEBUG org.springframework.beans.factory.support.DefaultListableBeanFactory - Returning cached instance of singleton bean 'org.springframework.transaction.config.internalTransactionAdvisor'
15:04:42.794 [main] DEBUG org.springframework.beans.factory.support.DefaultListableBeanFactory - Eagerly caching bean 'org.springframework.boot.autoconfigure.context.ConfigurationPropertiesAutoConfiguration' to allow for resolving potential circular references
15:04:42.802 [main] DEBUG org.springframework.beans.factory.support.DefaultListableBeanFactory - Returning cached instance of singleton bean 'org.springframework.transaction.config.internalTransactionAdvisor'
15:04:42.802 [main] DEBUG org.springframework.beans.factory.support.DefaultListableBeanFactory - Returning cached instance of singleton bean 'org.springframework.transaction.config.internalTransactionAdvisor'
15:04:42.803 [main] DEBUG org.springframework.beans.factory.support.DefaultListableBeanFactory - Finished creating instance of bean 'org.springframework.boot.autoconfigure.context.ConfigurationPropertiesAutoConfiguration'
15:04:42.803 [main] DEBUG org.springframework.beans.factory.support.DefaultListableBeanFactory - Creating shared instance of singleton bean 'org.springframework.boot.autoconfigure.dao.PersistenceExceptionTranslationAutoConfiguration'
15:04:42.803 [main] DEBUG org.springframework.beans.factory.support.DefaultListableBeanFactory - Creating instance of bean 'org.springframework.boot.autoconfigure.dao.PersistenceExceptionTranslationAutoConfiguration'
15:04:42.803 [main] DEBUG org.springframework.beans.factory.support.DefaultListableBeanFactory - Returning cached instance of singleton bean 'org.springframework.transaction.config.internalTransactionAdvisor'
15:04:42.804 [main] DEBUG org.springframework.beans.factory.support.DefaultListableBeanFactory - Eagerly caching bean 'org.springframework.boot.autoconfigure.dao.PersistenceExceptionTranslationAutoConfiguration' to allow for resolving potential circular references
15:04:42.808 [main] DEBUG org.springframework.beans.factory.support.DefaultListableBeanFactory - Returning cached instance of singleton bean 'org.springframework.transaction.config.internalTransactionAdvisor'
15:04:42.808 [main] DEBUG org.springframework.beans.factory.support.DefaultListableBeanFactory - Returning cached instance of singleton bean 'org.springframework.transaction.config.internalTransactionAdvisor'
15:04:42.809 [main] DEBUG org.springframework.beans.factory.support.DefaultListableBeanFactory - Finished creating instance of bean 'org.springframework.boot.autoconfigure.dao.PersistenceExceptionTranslationAutoConfiguration'
15:04:42.809 [main] DEBUG org.springframework.beans.factory.support.DefaultListableBeanFactory - Returning cached instance of singleton bean 'persistenceExceptionTranslationPostProcessor'
15:04:42.809 [main] DEBUG org.springframework.beans.factory.support.DefaultListableBeanFactory - Creating shared instance of singleton bean 'org.springframework.boot.autoconfigure.data.jpa.JpaRepositoriesAutoConfiguration'
15:04:42.809 [main] DEBUG org.springframework.beans.factory.support.DefaultListableBeanFactory - Creating instance of bean 'org.springframework.boot.autoconfigure.data.jpa.JpaRepositoriesAutoConfiguration'
15:04:42.809 [main] DEBUG org.springframework.beans.factory.support.DefaultListableBeanFactory - Returning cached instance of singleton bean 'org.springframework.transaction.config.internalTransactionAdvisor'
15:04:42.810 [main] DEBUG org.springframework.beans.factory.support.DefaultListableBeanFactory - Eagerly caching bean 'org.springframework.boot.autoconfigure.data.jpa.JpaRepositoriesAutoConfiguration' to allow for resolving potential circular references
15:04:42.829 [main] DEBUG org.springframework.beans.factory.support.DefaultListableBeanFactory - Returning cached instance of singleton bean 'org.springframework.transaction.config.internalTransactionAdvisor'
15:04:42.831 [main] DEBUG org.springframework.beans.factory.support.DefaultListableBeanFactory - Returning cached instance of singleton bean 'org.springframework.transaction.config.internalTransactionAdvisor'
15:04:42.832 [main] DEBUG org.springframework.beans.factory.support.DefaultListableBeanFactory - Finished creating instance of bean 'org.springframework.boot.autoconfigure.data.jpa.JpaRepositoriesAutoConfiguration'
15:04:42.835 [main] DEBUG org.springframework.beans.factory.support.DefaultListableBeanFactory - Returning cached instance of singleton bean 'emBeanDefinitionRegistrarPostProcessor'
15:04:42.837 [main] DEBUG org.springframework.beans.factory.support.DefaultListableBeanFactory - Creating shared instance of singleton bean 'jpaMappingContext'
15:04:42.838 [main] DEBUG org.springframework.beans.factory.support.DefaultListableBeanFactory - Creating instance of bean 'jpaMappingContext'
15:04:42.838 [main] DEBUG org.springframework.beans.factory.support.DefaultListableBeanFactory - Returning cached instance of singleton bean 'org.springframework.transaction.config.internalTransactionAdvisor'
15:04:42.839 [main] DEBUG org.springframework.beans.factory.support.DefaultListableBeanFactory - Eagerly caching bean 'jpaMappingContext' to allow for resolving potential circular references
15:04:42.854 [main] DEBUG org.springframework.beans.factory.support.DefaultListableBeanFactory - Invoking afterPropertiesSet() on bean with name 'jpaMappingContext'
15:04:42.855 [main] DEBUG org.springframework.beans.factory.support.DefaultListableBeanFactory - Returning cached instance of singleton bean 'getSessionFactory'
15:04:43.588 [main] DEBUG org.springframework.beans.factory.support.DefaultListableBeanFactory - Returning cached instance of singleton bean 'org.springframework.transaction.config.internalTransactionAdvisor'
15:04:43.588 [main] DEBUG org.springframework.beans.factory.support.DefaultListableBeanFactory - Returning cached instance of singleton bean 'org.springframework.transaction.config.internalTransactionAdvisor'
15:04:43.589 [main] DEBUG org.springframework.beans.factory.support.DefaultListableBeanFactory - Finished creating instance of bean 'jpaMappingContext'
15:04:43.590 [main] DEBUG org.springframework.beans.factory.support.DefaultListableBeanFactory - Creating shared instance of singleton bean 'jpaContext'
15:04:43.591 [main] DEBUG org.springframework.beans.factory.support.DefaultListableBeanFactory - Creating instance of bean 'jpaContext'
15:04:43.591 [main] DEBUG org.springframework.beans.factory.support.DefaultListableBeanFactory - Returning cached instance of singleton bean 'org.springframework.transaction.config.internalTransactionAdvisor'
15:04:43.600 [main] DEBUG org.springframework.beans.factory.support.DefaultListableBeanFactory - Creating shared instance of singleton bean 'org.springframework.orm.jpa.SharedEntityManagerCreator#0'
15:04:43.600 [main] DEBUG org.springframework.beans.factory.support.DefaultListableBeanFactory - Creating instance of bean 'org.springframework.orm.jpa.SharedEntityManagerCreator#0'
15:04:43.601 [main] DEBUG org.springframework.beans.factory.support.DefaultListableBeanFactory - Returning cached instance of singleton bean 'org.springframework.transaction.config.internalTransactionAdvisor'
15:04:43.602 [main] DEBUG org.springframework.beans.factory.support.DefaultListableBeanFactory - Returning cached instance of singleton bean 'getSessionFactory'
15:04:43.616 [main] DEBUG org.springframework.beans.factory.support.DefaultListableBeanFactory - Eagerly caching bean 'org.springframework.orm.jpa.SharedEntityManagerCreator#0' to allow for resolving potential circular references
15:04:43.625 [main] DEBUG org.springframework.beans.factory.support.DefaultListableBeanFactory - Returning cached instance of singleton bean 'org.springframework.transaction.config.internalTransactionAdvisor'
15:04:43.625 [main] DEBUG org.springframework.beans.factory.support.DefaultListableBeanFactory - Returning cached instance of singleton bean 'org.springframework.transaction.config.internalTransactionAdvisor'
15:04:43.630 [main] DEBUG org.springframework.beans.factory.support.DefaultListableBeanFactory - Finished creating instance of bean 'org.springframework.orm.jpa.SharedEntityManagerCreator#0'
15:04:43.630 [main] DEBUG org.springframework.beans.factory.support.DefaultListableBeanFactory - Autowiring by type from bean name 'jpaContext' via constructor to bean named 'org.springframework.orm.jpa.SharedEntityManagerCreator#0'
15:04:43.631 [main] DEBUG org.springframework.beans.factory.support.DefaultListableBeanFactory - Eagerly caching bean 'jpaContext' to allow for resolving potential circular references
15:04:43.633 [main] DEBUG org.springframework.beans.factory.support.DefaultListableBeanFactory - Returning cached instance of singleton bean 'org.springframework.transaction.config.internalTransactionAdvisor'
15:04:43.634 [main] DEBUG org.springframework.beans.factory.support.DefaultListableBeanFactory - Returning cached instance of singleton bean 'org.springframework.transaction.config.internalTransactionAdvisor'
15:04:43.634 [main] DEBUG org.springframework.beans.factory.support.DefaultListableBeanFactory - Finished creating instance of bean 'jpaContext'
15:04:43.634 [main] DEBUG org.springframework.beans.factory.support.DefaultListableBeanFactory - Creating shared instance of singleton bean 'org.springframework.boot.autoconfigure.http.HttpMessageConvertersAutoConfiguration$StringHttpMessageConverterConfiguration'
15:04:43.634 [main] DEBUG org.springframework.beans.factory.support.DefaultListableBeanFactory - Creating instance of bean 'org.springframework.boot.autoconfigure.http.HttpMessageConvertersAutoConfiguration$StringHttpMessageConverterConfiguration'
15:04:43.635 [main] DEBUG org.springframework.beans.factory.support.DefaultListableBeanFactory - Returning cached instance of singleton bean 'org.springframework.transaction.config.internalTransactionAdvisor'
15:04:43.636 [main] DEBUG org.springframework.core.LocalVariableTableParameterNameDiscoverer - Cannot find '.class' file for class [class org.springframework.boot.autoconfigure.http.HttpMessageConvertersAutoConfiguration$StringHttpMessageConverterConfiguration$$EnhancerBySpringCGLIB$$e7a086b] - unable to determine constructor/method parameter names
15:04:43.639 [main] DEBUG org.springframework.beans.factory.support.DefaultListableBeanFactory - Creating shared instance of singleton bean 'spring.http.encoding-org.springframework.boot.autoconfigure.http.HttpEncodingProperties'
15:04:43.646 [main] DEBUG org.springframework.beans.factory.support.DefaultListableBeanFactory - Creating instance of bean 'spring.http.encoding-org.springframework.boot.autoconfigure.http.HttpEncodingProperties'
15:04:43.646 [main] DEBUG org.springframework.beans.factory.support.DefaultListableBeanFactory - Returning cached instance of singleton bean 'org.springframework.transaction.config.internalTransactionAdvisor'
15:04:43.647 [main] DEBUG org.springframework.beans.factory.support.DefaultListableBeanFactory - Eagerly caching bean 'spring.http.encoding-org.springframework.boot.autoconfigure.http.HttpEncodingProperties' to allow for resolving potential circular references
15:04:43.650 [main] DEBUG org.springframework.beans.factory.support.DefaultListableBeanFactory - Returning cached instance of singleton bean 'org.springframework.transaction.config.internalTransactionAdvisor'
15:04:43.650 [main] DEBUG org.springframework.beans.factory.support.DefaultListableBeanFactory - Returning cached instance of singleton bean 'org.springframework.transaction.config.internalTransactionAdvisor'
15:04:43.651 [main] DEBUG org.springframework.beans.factory.support.DefaultListableBeanFactory - Finished creating instance of bean 'spring.http.encoding-org.springframework.boot.autoconfigure.http.HttpEncodingProperties'
15:04:43.651 [main] DEBUG org.springframework.beans.factory.support.DefaultListableBeanFactory - Autowiring by type from bean name 'org.springframework.boot.autoconfigure.http.HttpMessageConvertersAutoConfiguration$StringHttpMessageConverterConfiguration' via constructor to bean named 'spring.http.encoding-org.springframework.boot.autoconfigure.http.HttpEncodingProperties'
15:04:43.651 [main] DEBUG org.springframework.beans.factory.support.DefaultListableBeanFactory - Eagerly caching bean 'org.springframework.boot.autoconfigure.http.HttpMessageConvertersAutoConfiguration$StringHttpMessageConverterConfiguration' to allow for resolving potential circular references
15:04:43.656 [main] DEBUG org.springframework.beans.factory.support.DefaultListableBeanFactory - Returning cached instance of singleton bean 'org.springframework.transaction.config.internalTransactionAdvisor'
15:04:43.657 [main] DEBUG org.springframework.beans.factory.support.DefaultListableBeanFactory - Returning cached instance of singleton bean 'org.springframework.transaction.config.internalTransactionAdvisor'
15:04:43.659 [main] DEBUG org.springframework.beans.factory.support.DefaultListableBeanFactory - Finished creating instance of bean 'org.springframework.boot.autoconfigure.http.HttpMessageConvertersAutoConfiguration$StringHttpMessageConverterConfiguration'
15:04:43.660 [main] DEBUG org.springframework.beans.factory.support.DefaultListableBeanFactory - Creating shared instance of singleton bean 'stringHttpMessageConverter'
15:04:43.660 [main] DEBUG org.springframework.beans.factory.support.DefaultListableBeanFactory - Creating instance of bean 'stringHttpMessageConverter'
15:04:43.660 [main] DEBUG org.springframework.beans.factory.support.DefaultListableBeanFactory - Returning cached instance of singleton bean 'org.springframework.transaction.config.internalTransactionAdvisor'
15:04:43.660 [main] DEBUG org.springframework.beans.factory.support.DefaultListableBeanFactory - Returning cached instance of singleton bean 'org.springframework.boot.autoconfigure.http.HttpMessageConvertersAutoConfiguration$StringHttpMessageConverterConfiguration'
15:04:43.779 [main] DEBUG org.springframework.beans.factory.support.DefaultListableBeanFactory - Eagerly caching bean 'stringHttpMessageConverter' to allow for resolving potential circular references
15:04:43.786 [main] DEBUG org.springframework.beans.factory.support.DefaultListableBeanFactory - Returning cached instance of singleton bean 'org.springframework.transaction.config.internalTransactionAdvisor'
15:04:43.786 [main] DEBUG org.springframework.beans.factory.support.DefaultListableBeanFactory - Returning cached instance of singleton bean 'org.springframework.transaction.config.internalTransactionAdvisor'
15:04:43.786 [main] DEBUG org.springframework.beans.factory.support.DefaultListableBeanFactory - Finished creating instance of bean 'stringHttpMessageConverter'
15:04:43.786 [main] DEBUG org.springframework.beans.factory.support.DefaultListableBeanFactory - Returning cached instance of singleton bean 'spring.http.encoding-org.springframework.boot.autoconfigure.http.HttpEncodingProperties'
15:04:43.787 [main] DEBUG org.springframework.beans.factory.support.DefaultListableBeanFactory - Creating shared instance of singleton bean 'org.springframework.boot.autoconfigure.http.JacksonHttpMessageConvertersConfiguration$MappingJackson2HttpMessageConverterConfiguration'
15:04:43.787 [main] DEBUG org.springframework.beans.factory.support.DefaultListableBeanFactory - Creating instance of bean 'org.springframework.boot.autoconfigure.http.JacksonHttpMessageConvertersConfiguration$MappingJackson2HttpMessageConverterConfiguration'
15:04:43.787 [main] DEBUG org.springframework.beans.factory.support.DefaultListableBeanFactory - Returning cached instance of singleton bean 'org.springframework.transaction.config.internalTransactionAdvisor'
15:04:43.787 [main] DEBUG org.springframework.beans.factory.support.DefaultListableBeanFactory - Eagerly caching bean 'org.springframework.boot.autoconfigure.http.JacksonHttpMessageConvertersConfiguration$MappingJackson2HttpMessageConverterConfiguration' to allow for resolving potential circular references
15:04:43.793 [main] DEBUG org.springframework.beans.factory.support.DefaultListableBeanFactory - Returning cached instance of singleton bean 'org.springframework.transaction.config.internalTransactionAdvisor'
15:04:43.793 [main] DEBUG org.springframework.beans.factory.support.DefaultListableBeanFactory - Returning cached instance of singleton bean 'org.springframework.transaction.config.internalTransactionAdvisor'
15:04:43.794 [main] DEBUG org.springframework.beans.factory.support.DefaultListableBeanFactory - Finished creating instance of bean 'org.springframework.boot.autoconfigure.http.JacksonHttpMessageConvertersConfiguration$MappingJackson2HttpMessageConverterConfiguration'
15:04:43.794 [main] DEBUG org.springframework.beans.factory.support.DefaultListableBeanFactory - Creating shared instance of singleton bean 'mappingJackson2HttpMessageConverter'
15:04:43.794 [main] DEBUG org.springframework.beans.factory.support.DefaultListableBeanFactory - Creating instance of bean 'mappingJackson2HttpMessageConverter'
15:04:43.794 [main] DEBUG org.springframework.beans.factory.support.DefaultListableBeanFactory - Returning cached instance of singleton bean 'org.springframework.transaction.config.internalTransactionAdvisor'
15:04:43.795 [main] DEBUG org.springframework.beans.factory.support.DefaultListableBeanFactory - Returning cached instance of singleton bean 'org.springframework.boot.autoconfigure.http.JacksonHttpMessageConvertersConfiguration$MappingJackson2HttpMessageConverterConfiguration'
15:04:43.795 [main] DEBUG org.springframework.beans.factory.support.DefaultListableBeanFactory - Returning cached instance of singleton bean 'jacksonObjectMapper'
15:04:43.795 [main] DEBUG org.springframework.beans.factory.support.DefaultListableBeanFactory - Autowiring by type from bean name 'mappingJackson2HttpMessageConverter' via factory method to bean named 'jacksonObjectMapper'
15:04:43.802 [main] DEBUG org.springframework.beans.factory.support.DefaultListableBeanFactory - Eagerly caching bean 'mappingJackson2HttpMessageConverter' to allow for resolving potential circular references
15:04:43.814 [main] DEBUG org.springframework.beans.factory.support.DefaultListableBeanFactory - Returning cached instance of singleton bean 'org.springframework.transaction.config.internalTransactionAdvisor'
15:04:43.814 [main] DEBUG org.springframework.beans.factory.support.DefaultListableBeanFactory - Returning cached instance of singleton bean 'org.springframework.transaction.config.internalTransactionAdvisor'
15:04:43.816 [main] DEBUG org.springframework.beans.factory.support.DefaultListableBeanFactory - Finished creating instance of bean 'mappingJackson2HttpMessageConverter'
15:04:43.816 [main] DEBUG org.springframework.beans.factory.support.DefaultListableBeanFactory - Creating shared instance of singleton bean 'org.springframework.boot.autoconfigure.http.JacksonHttpMessageConvertersConfiguration'
15:04:43.817 [main] DEBUG org.springframework.beans.factory.support.DefaultListableBeanFactory - Creating instance of bean 'org.springframework.boot.autoconfigure.http.JacksonHttpMessageConvertersConfiguration'
15:04:43.817 [main] DEBUG org.springframework.beans.factory.support.DefaultListableBeanFactory - Returning cached instance of singleton bean 'org.springframework.transaction.config.internalTransactionAdvisor'
15:04:43.817 [main] DEBUG org.springframework.beans.factory.support.DefaultListableBeanFactory - Eagerly caching bean 'org.springframework.boot.autoconfigure.http.JacksonHttpMessageConvertersConfiguration' to allow for resolving potential circular references
15:04:43.822 [main] DEBUG org.springframework.beans.factory.support.DefaultListableBeanFactory - Returning cached instance of singleton bean 'org.springframework.transaction.config.internalTransactionAdvisor'
15:04:43.825 [main] DEBUG org.springframework.beans.factory.support.DefaultListableBeanFactory - Returning cached instance of singleton bean 'org.springframework.transaction.config.internalTransactionAdvisor'
15:04:43.827 [main] DEBUG org.springframework.beans.factory.support.DefaultListableBeanFactory - Finished creating instance of bean 'org.springframework.boot.autoconfigure.http.JacksonHttpMessageConvertersConfiguration'
15:04:43.828 [main] DEBUG org.springframework.beans.factory.support.DefaultListableBeanFactory - Creating shared instance of singleton bean 'org.springframework.boot.autoconfigure.http.HttpMessageConvertersAutoConfiguration'
15:04:43.828 [main] DEBUG org.springframework.beans.factory.support.DefaultListableBeanFactory - Creating instance of bean 'org.springframework.boot.autoconfigure.http.HttpMessageConvertersAutoConfiguration'
15:04:43.829 [main] DEBUG org.springframework.beans.factory.support.DefaultListableBeanFactory - Returning cached instance of singleton bean 'org.springframework.transaction.config.internalTransactionAdvisor'
15:04:43.830 [main] DEBUG org.springframework.core.LocalVariableTableParameterNameDiscoverer - Cannot find '.class' file for class [class org.springframework.boot.autoconfigure.http.HttpMessageConvertersAutoConfiguration$$EnhancerBySpringCGLIB$$db6c41cb] - unable to determine constructor/method parameter names
15:04:43.831 [main] DEBUG org.springframework.beans.factory.support.DefaultListableBeanFactory - Returning cached instance of singleton bean 'stringHttpMessageConverter'
15:04:43.834 [main] DEBUG org.springframework.beans.factory.support.DefaultListableBeanFactory - Returning cached instance of singleton bean 'mappingJackson2HttpMessageConverter'
15:04:43.838 [main] DEBUG org.springframework.beans.factory.support.DefaultListableBeanFactory - Eagerly caching bean 'org.springframework.boot.autoconfigure.http.HttpMessageConvertersAutoConfiguration' to allow for resolving potential circular references
15:04:43.843 [main] DEBUG org.springframework.beans.factory.support.DefaultListableBeanFactory - Returning cached instance of singleton bean 'org.springframework.transaction.config.internalTransactionAdvisor'
15:04:43.844 [main] DEBUG org.springframework.beans.factory.support.DefaultListableBeanFactory - Returning cached instance of singleton bean 'org.springframework.transaction.config.internalTransactionAdvisor'
15:04:43.848 [main] DEBUG org.springframework.beans.factory.support.DefaultListableBeanFactory - Finished creating instance of bean 'org.springframework.boot.autoconfigure.http.HttpMessageConvertersAutoConfiguration'
15:04:43.848 [main] DEBUG org.springframework.beans.factory.support.DefaultListableBeanFactory - Creating shared instance of singleton bean 'messageConverters'
15:04:43.849 [main] DEBUG org.springframework.beans.factory.support.DefaultListableBeanFactory - Creating instance of bean 'messageConverters'
15:04:43.849 [main] DEBUG org.springframework.beans.factory.support.DefaultListableBeanFactory - Returning cached instance of singleton bean 'org.springframework.transaction.config.internalTransactionAdvisor'
15:04:43.849 [main] DEBUG org.springframework.beans.factory.support.DefaultListableBeanFactory - Returning cached instance of singleton bean 'org.springframework.boot.autoconfigure.http.HttpMessageConvertersAutoConfiguration'
15:04:44.078 [main] DEBUG org.springframework.beans.factory.support.DefaultListableBeanFactory - Eagerly caching bean 'messageConverters' to allow for resolving potential circular references
15:04:44.081 [main] DEBUG org.springframework.beans.factory.support.DefaultListableBeanFactory - Returning cached instance of singleton bean 'org.springframework.transaction.config.internalTransactionAdvisor'
15:04:44.082 [main] DEBUG org.springframework.beans.factory.support.DefaultListableBeanFactory - Returning cached instance of singleton bean 'org.springframework.transaction.config.internalTransactionAdvisor'
15:04:44.082 [main] DEBUG org.springframework.beans.factory.support.DefaultListableBeanFactory - Finished creating instance of bean 'messageConverters'
15:04:44.093 [main] DEBUG org.springframework.beans.factory.support.DefaultListableBeanFactory - Creating shared instance of singleton bean 'org.springframework.boot.autoconfigure.info.ProjectInfoAutoConfiguration'
15:04:44.093 [main] DEBUG org.springframework.beans.factory.support.DefaultListableBeanFactory - Creating instance of bean 'org.springframework.boot.autoconfigure.info.ProjectInfoAutoConfiguration'
15:04:44.093 [main] DEBUG org.springframework.beans.factory.support.DefaultListableBeanFactory - Returning cached instance of singleton bean 'org.springframework.transaction.config.internalTransactionAdvisor'
15:04:44.094 [main] DEBUG org.springframework.core.LocalVariableTableParameterNameDiscoverer - Cannot find '.class' file for class [class org.springframework.boot.autoconfigure.info.ProjectInfoAutoConfiguration$$EnhancerBySpringCGLIB$$fd328350] - unable to determine constructor/method parameter names
15:04:44.094 [main] DEBUG org.springframework.beans.factory.support.DefaultListableBeanFactory - Creating shared instance of singleton bean 'spring.info-org.springframework.boot.autoconfigure.info.ProjectInfoProperties'
15:04:44.094 [main] DEBUG org.springframework.beans.factory.support.DefaultListableBeanFactory - Creating instance of bean 'spring.info-org.springframework.boot.autoconfigure.info.ProjectInfoProperties'
15:04:44.094 [main] DEBUG org.springframework.beans.factory.support.DefaultListableBeanFactory - Returning cached instance of singleton bean 'org.springframework.transaction.config.internalTransactionAdvisor'
15:04:44.096 [main] DEBUG org.springframework.beans.factory.support.DefaultListableBeanFactory - Eagerly caching bean 'spring.info-org.springframework.boot.autoconfigure.info.ProjectInfoProperties' to allow for resolving potential circular references
15:04:44.099 [main] DEBUG org.springframework.beans.factory.support.DefaultListableBeanFactory - Returning cached instance of singleton bean 'org.springframework.transaction.config.internalTransactionAdvisor'
15:04:44.100 [main] DEBUG org.springframework.beans.factory.support.DefaultListableBeanFactory - Returning cached instance of singleton bean 'org.springframework.transaction.config.internalTransactionAdvisor'
15:04:44.100 [main] DEBUG org.springframework.beans.factory.support.DefaultListableBeanFactory - Finished creating instance of bean 'spring.info-org.springframework.boot.autoconfigure.info.ProjectInfoProperties'
15:04:44.100 [main] DEBUG org.springframework.beans.factory.support.DefaultListableBeanFactory - Autowiring by type from bean name 'org.springframework.boot.autoconfigure.info.ProjectInfoAutoConfiguration' via constructor to bean named 'spring.info-org.springframework.boot.autoconfigure.info.ProjectInfoProperties'
15:04:44.100 [main] DEBUG org.springframework.beans.factory.support.DefaultListableBeanFactory - Eagerly caching bean 'org.springframework.boot.autoconfigure.info.ProjectInfoAutoConfiguration' to allow for resolving potential circular references
15:04:44.106 [main] DEBUG org.springframework.beans.factory.support.DefaultListableBeanFactory - Returning cached instance of singleton bean 'org.springframework.transaction.config.internalTransactionAdvisor'
15:04:44.106 [main] DEBUG org.springframework.beans.factory.support.DefaultListableBeanFactory - Returning cached instance of singleton bean 'org.springframework.transaction.config.internalTransactionAdvisor'
15:04:44.107 [main] DEBUG org.springframework.beans.factory.support.DefaultListableBeanFactory - Finished creating instance of bean 'org.springframework.boot.autoconfigure.info.ProjectInfoAutoConfiguration'
15:04:44.107 [main] DEBUG org.springframework.beans.factory.support.DefaultListableBeanFactory - Returning cached instance of singleton bean 'spring.info-org.springframework.boot.autoconfigure.info.ProjectInfoProperties'
15:04:44.108 [main] DEBUG org.springframework.beans.factory.support.DefaultListableBeanFactory - Creating shared instance of singleton bean 'org.springframework.boot.autoconfigure.jdbc.DataSourceTransactionManagerAutoConfiguration$DataSourceTransactionManagerConfiguration'
15:04:44.108 [main] DEBUG org.springframework.beans.factory.support.DefaultListableBeanFactory - Creating instance of bean 'org.springframework.boot.autoconfigure.jdbc.DataSourceTransactionManagerAutoConfiguration$DataSourceTransactionManagerConfiguration'
15:04:44.108 [main] DEBUG org.springframework.beans.factory.support.DefaultListableBeanFactory - Returning cached instance of singleton bean 'org.springframework.transaction.config.internalTransactionAdvisor'
15:04:44.109 [main] DEBUG org.springframework.core.LocalVariableTableParameterNameDiscoverer - Cannot find '.class' file for class [class org.springframework.boot.autoconfigure.jdbc.DataSourceTransactionManagerAutoConfiguration$DataSourceTransactionManagerConfiguration$$EnhancerBySpringCGLIB$$6e390ea6] - unable to determine constructor/method parameter names
15:04:44.109 [main] DEBUG org.springframework.beans.factory.support.DefaultListableBeanFactory - Returning cached instance of singleton bean 'getDataSource'
15:04:44.109 [main] DEBUG org.springframework.beans.factory.support.DefaultListableBeanFactory - Autowiring by type from bean name 'org.springframework.boot.autoconfigure.jdbc.DataSourceTransactionManagerAutoConfiguration$DataSourceTransactionManagerConfiguration' via constructor to bean named 'getDataSource'
15:04:44.109 [main] DEBUG org.springframework.beans.factory.support.DefaultListableBeanFactory - Returning cached instance of singleton bean 'platformTransactionManagerCustomizers'
15:04:44.110 [main] DEBUG org.springframework.beans.factory.support.DefaultListableBeanFactory - Eagerly caching bean 'org.springframework.boot.autoconfigure.jdbc.DataSourceTransactionManagerAutoConfiguration$DataSourceTransactionManagerConfiguration' to allow for resolving potential circular references
15:04:44.115 [main] DEBUG org.springframework.beans.factory.support.DefaultListableBeanFactory - Returning cached instance of singleton bean 'org.springframework.transaction.config.internalTransactionAdvisor'
15:04:44.115 [main] DEBUG org.springframework.beans.factory.support.DefaultListableBeanFactory - Returning cached instance of singleton bean 'org.springframework.transaction.config.internalTransactionAdvisor'
15:04:44.116 [main] DEBUG org.springframework.beans.factory.support.DefaultListableBeanFactory - Finished creating instance of bean 'org.springframework.boot.autoconfigure.jdbc.DataSourceTransactionManagerAutoConfiguration$DataSourceTransactionManagerConfiguration'
15:04:44.116 [main] DEBUG org.springframework.beans.factory.support.DefaultListableBeanFactory - Creating shared instance of singleton bean 'org.springframework.boot.autoconfigure.jdbc.DataSourceTransactionManagerAutoConfiguration'
15:04:44.116 [main] DEBUG org.springframework.beans.factory.support.DefaultListableBeanFactory - Creating instance of bean 'org.springframework.boot.autoconfigure.jdbc.DataSourceTransactionManagerAutoConfiguration'
15:04:44.117 [main] DEBUG org.springframework.beans.factory.support.DefaultListableBeanFactory - Returning cached instance of singleton bean 'org.springframework.transaction.config.internalTransactionAdvisor'
15:04:44.117 [main] DEBUG org.springframework.beans.factory.support.DefaultListableBeanFactory - Eagerly caching bean 'org.springframework.boot.autoconfigure.jdbc.DataSourceTransactionManagerAutoConfiguration' to allow for resolving potential circular references
15:04:44.122 [main] DEBUG org.springframework.beans.factory.support.DefaultListableBeanFactory - Returning cached instance of singleton bean 'org.springframework.transaction.config.internalTransactionAdvisor'
15:04:44.122 [main] DEBUG org.springframework.beans.factory.support.DefaultListableBeanFactory - Returning cached instance of singleton bean 'org.springframework.transaction.config.internalTransactionAdvisor'
15:04:44.123 [main] DEBUG org.springframework.beans.factory.support.DefaultListableBeanFactory - Finished creating instance of bean 'org.springframework.boot.autoconfigure.jdbc.DataSourceTransactionManagerAutoConfiguration'
15:04:44.123 [main] DEBUG org.springframework.beans.factory.support.DefaultListableBeanFactory - Creating shared instance of singleton bean 'org.springframework.boot.autoconfigure.transaction.TransactionAutoConfiguration$TransactionTemplateConfiguration'
15:04:44.123 [main] DEBUG org.springframework.beans.factory.support.DefaultListableBeanFactory - Creating instance of bean 'org.springframework.boot.autoconfigure.transaction.TransactionAutoConfiguration$TransactionTemplateConfiguration'
15:04:44.124 [main] DEBUG org.springframework.beans.factory.support.DefaultListableBeanFactory - Returning cached instance of singleton bean 'org.springframework.transaction.config.internalTransactionAdvisor'
15:04:44.125 [main] DEBUG org.springframework.core.LocalVariableTableParameterNameDiscoverer - Cannot find '.class' file for class [class org.springframework.boot.autoconfigure.transaction.TransactionAutoConfiguration$TransactionTemplateConfiguration$$EnhancerBySpringCGLIB$$bfc2d379] - unable to determine constructor/method parameter names
15:04:44.127 [main] DEBUG org.springframework.beans.factory.support.DefaultListableBeanFactory - Returning cached instance of singleton bean 'getTransactionManager'
15:04:44.129 [main] DEBUG org.springframework.beans.factory.support.DefaultListableBeanFactory - Autowiring by type from bean name 'org.springframework.boot.autoconfigure.transaction.TransactionAutoConfiguration$TransactionTemplateConfiguration' via constructor to bean named 'getTransactionManager'
15:04:44.137 [main] DEBUG org.springframework.beans.factory.support.DefaultListableBeanFactory - Eagerly caching bean 'org.springframework.boot.autoconfigure.transaction.TransactionAutoConfiguration$TransactionTemplateConfiguration' to allow for resolving potential circular references
15:04:44.141 [main] DEBUG org.springframework.beans.factory.support.DefaultListableBeanFactory - Returning cached instance of singleton bean 'org.springframework.transaction.config.internalTransactionAdvisor'
15:04:44.142 [main] DEBUG org.springframework.beans.factory.support.DefaultListableBeanFactory - Returning cached instance of singleton bean 'org.springframework.transaction.config.internalTransactionAdvisor'
15:04:44.145 [main] DEBUG org.springframework.beans.factory.support.DefaultListableBeanFactory - Finished creating instance of bean 'org.springframework.boot.autoconfigure.transaction.TransactionAutoConfiguration$TransactionTemplateConfiguration'
15:04:44.146 [main] DEBUG org.springframework.beans.factory.support.DefaultListableBeanFactory - Creating shared instance of singleton bean 'transactionTemplate'
15:04:44.146 [main] DEBUG org.springframework.beans.factory.support.DefaultListableBeanFactory - Creating instance of bean 'transactionTemplate'
15:04:44.146 [main] DEBUG org.springframework.beans.factory.support.DefaultListableBeanFactory - Returning cached instance of singleton bean 'org.springframework.transaction.config.internalTransactionAdvisor'
15:04:44.146 [main] DEBUG org.springframework.beans.factory.support.DefaultListableBeanFactory - Returning cached instance of singleton bean 'org.springframework.boot.autoconfigure.transaction.TransactionAutoConfiguration$TransactionTemplateConfiguration'
15:04:44.154 [main] DEBUG org.springframework.beans.factory.support.DefaultListableBeanFactory - Eagerly caching bean 'transactionTemplate' to allow for resolving potential circular references
15:04:44.165 [main] DEBUG org.springframework.beans.factory.support.DefaultListableBeanFactory - Invoking afterPropertiesSet() on bean with name 'transactionTemplate'
15:04:44.165 [main] DEBUG org.springframework.beans.factory.support.DefaultListableBeanFactory - Returning cached instance of singleton bean 'org.springframework.transaction.config.internalTransactionAdvisor'
15:04:44.166 [main] DEBUG org.springframework.beans.factory.support.DefaultListableBeanFactory - Returning cached instance of singleton bean 'org.springframework.transaction.config.internalTransactionAdvisor'
15:04:44.169 [main] DEBUG org.springframework.beans.factory.support.DefaultListableBeanFactory - Finished creating instance of bean 'transactionTemplate'
15:04:44.169 [main] DEBUG org.springframework.beans.factory.support.DefaultListableBeanFactory - Returning cached instance of singleton bean 'org.springframework.boot.autoconfigure.transaction.TransactionAutoConfiguration'
15:04:44.169 [main] DEBUG org.springframework.beans.factory.support.DefaultListableBeanFactory - Returning cached instance of singleton bean 'platformTransactionManagerCustomizers'
15:04:44.169 [main] DEBUG org.springframework.beans.factory.support.DefaultListableBeanFactory - Returning cached instance of singleton bean 'spring.transaction-org.springframework.boot.autoconfigure.transaction.TransactionProperties'
15:04:44.169 [main] DEBUG org.springframework.beans.factory.support.DefaultListableBeanFactory - Creating shared instance of singleton bean 'org.springframework.boot.autoconfigure.security.reactive.ReactiveSecurityAutoConfiguration'
15:04:44.170 [main] DEBUG org.springframework.beans.factory.support.DefaultListableBeanFactory - Creating instance of bean 'org.springframework.boot.autoconfigure.security.reactive.ReactiveSecurityAutoConfiguration'
15:04:44.170 [main] DEBUG org.springframework.beans.factory.support.DefaultListableBeanFactory - Returning cached instance of singleton bean 'org.springframework.transaction.config.internalTransactionAdvisor'
15:04:44.170 [main] DEBUG org.springframework.beans.factory.support.DefaultListableBeanFactory - Eagerly caching bean 'org.springframework.boot.autoconfigure.security.reactive.ReactiveSecurityAutoConfiguration' to allow for resolving potential circular references
15:04:44.176 [main] DEBUG org.springframework.beans.factory.support.DefaultListableBeanFactory - Returning cached instance of singleton bean 'org.springframework.transaction.config.internalTransactionAdvisor'
15:04:44.176 [main] DEBUG org.springframework.beans.factory.support.DefaultListableBeanFactory - Returning cached instance of singleton bean 'org.springframework.transaction.config.internalTransactionAdvisor'
15:04:44.177 [main] DEBUG org.springframework.beans.factory.support.DefaultListableBeanFactory - Finished creating instance of bean 'org.springframework.boot.autoconfigure.security.reactive.ReactiveSecurityAutoConfiguration'
15:04:44.178 [main] DEBUG org.springframework.beans.factory.support.DefaultListableBeanFactory - Creating shared instance of singleton bean 'spring.security-org.springframework.boot.autoconfigure.security.SecurityProperties'
15:04:44.178 [main] DEBUG org.springframework.beans.factory.support.DefaultListableBeanFactory - Creating instance of bean 'spring.security-org.springframework.boot.autoconfigure.security.SecurityProperties'
15:04:44.178 [main] DEBUG org.springframework.beans.factory.support.DefaultListableBeanFactory - Returning cached instance of singleton bean 'org.springframework.transaction.config.internalTransactionAdvisor'
15:04:44.180 [main] DEBUG org.springframework.beans.factory.support.DefaultListableBeanFactory - Eagerly caching bean 'spring.security-org.springframework.boot.autoconfigure.security.SecurityProperties' to allow for resolving potential circular references
15:04:44.184 [main] DEBUG org.springframework.beans.factory.support.DefaultListableBeanFactory - Returning cached instance of singleton bean 'org.springframework.transaction.config.internalTransactionAdvisor'
15:04:44.185 [main] DEBUG org.springframework.beans.factory.support.DefaultListableBeanFactory - Returning cached instance of singleton bean 'org.springframework.transaction.config.internalTransactionAdvisor'
15:04:44.219 [main] DEBUG org.springframework.beans.factory.support.DefaultListableBeanFactory - Finished creating instance of bean 'spring.security-org.springframework.boot.autoconfigure.security.SecurityProperties'
15:04:44.219 [main] DEBUG org.springframework.beans.factory.support.DefaultListableBeanFactory - Creating shared instance of singleton bean 'org.springframework.boot.autoconfigure.web.client.RestTemplateAutoConfiguration'
15:04:44.219 [main] DEBUG org.springframework.beans.factory.support.DefaultListableBeanFactory - Creating instance of bean 'org.springframework.boot.autoconfigure.web.client.RestTemplateAutoConfiguration'
15:04:44.220 [main] DEBUG org.springframework.beans.factory.support.DefaultListableBeanFactory - Returning cached instance of singleton bean 'org.springframework.transaction.config.internalTransactionAdvisor'
15:04:44.220 [main] DEBUG org.springframework.core.LocalVariableTableParameterNameDiscoverer - Cannot find '.class' file for class [class org.springframework.boot.autoconfigure.web.client.RestTemplateAutoConfiguration$$EnhancerBySpringCGLIB$$5c4e6fb8] - unable to determine constructor/method parameter names
15:04:44.283 [main] DEBUG org.springframework.beans.factory.support.DefaultListableBeanFactory - Eagerly caching bean 'org.springframework.boot.autoconfigure.web.client.RestTemplateAutoConfiguration' to allow for resolving potential circular references
15:04:44.319 [main] DEBUG org.springframework.beans.factory.support.DefaultListableBeanFactory - Returning cached instance of singleton bean 'org.springframework.transaction.config.internalTransactionAdvisor'
15:04:44.319 [main] DEBUG org.springframework.beans.factory.support.DefaultListableBeanFactory - Returning cached instance of singleton bean 'org.springframework.transaction.config.internalTransactionAdvisor'
15:04:44.321 [main] DEBUG org.springframework.beans.factory.support.DefaultListableBeanFactory - Finished creating instance of bean 'org.springframework.boot.autoconfigure.web.client.RestTemplateAutoConfiguration'
15:04:44.321 [main] DEBUG org.springframework.beans.factory.support.DefaultListableBeanFactory - Creating shared instance of singleton bean 'restTemplateBuilder'
15:04:44.322 [main] DEBUG org.springframework.beans.factory.support.DefaultListableBeanFactory - Creating instance of bean 'restTemplateBuilder'
15:04:44.322 [main] DEBUG org.springframework.beans.factory.support.DefaultListableBeanFactory - Returning cached instance of singleton bean 'org.springframework.transaction.config.internalTransactionAdvisor'
15:04:44.322 [main] DEBUG org.springframework.beans.factory.support.DefaultListableBeanFactory - Returning cached instance of singleton bean 'org.springframework.boot.autoconfigure.web.client.RestTemplateAutoConfiguration'
15:04:44.338 [main] DEBUG org.springframework.beans.factory.support.DefaultListableBeanFactory - Returning cached instance of singleton bean 'messageConverters'
15:04:44.360 [main] DEBUG org.springframework.beans.factory.support.DefaultListableBeanFactory - Eagerly caching bean 'restTemplateBuilder' to allow for resolving potential circular references
15:04:44.364 [main] DEBUG org.springframework.beans.factory.support.DefaultListableBeanFactory - Returning cached instance of singleton bean 'org.springframework.transaction.config.internalTransactionAdvisor'
15:04:44.365 [main] DEBUG org.springframework.beans.factory.support.DefaultListableBeanFactory - Returning cached instance of singleton bean 'org.springframework.transaction.config.internalTransactionAdvisor'
15:04:44.365 [main] DEBUG org.springframework.beans.factory.support.DefaultListableBeanFactory - Finished creating instance of bean 'restTemplateBuilder'
15:04:44.365 [main] DEBUG org.springframework.beans.factory.support.DefaultListableBeanFactory - Creating shared instance of singleton bean 'org.springframework.boot.autoconfigure.web.embedded.EmbeddedWebServerFactoryCustomizerAutoConfiguration$TomcatWebServerFactoryCustomizerConfiguration'
15:04:44.365 [main] DEBUG org.springframework.beans.factory.support.DefaultListableBeanFactory - Creating instance of bean 'org.springframework.boot.autoconfigure.web.embedded.EmbeddedWebServerFactoryCustomizerAutoConfiguration$TomcatWebServerFactoryCustomizerConfiguration'
15:04:44.365 [main] DEBUG org.springframework.beans.factory.support.DefaultListableBeanFactory - Returning cached instance of singleton bean 'org.springframework.transaction.config.internalTransactionAdvisor'
15:04:44.366 [main] DEBUG org.springframework.beans.factory.support.DefaultListableBeanFactory - Eagerly caching bean 'org.springframework.boot.autoconfigure.web.embedded.EmbeddedWebServerFactoryCustomizerAutoConfiguration$TomcatWebServerFactoryCustomizerConfiguration' to allow for resolving potential circular references
15:04:44.368 [main] DEBUG org.springframework.beans.factory.support.DefaultListableBeanFactory - Returning cached instance of singleton bean 'org.springframework.transaction.config.internalTransactionAdvisor'
15:04:44.369 [main] DEBUG org.springframework.beans.factory.support.DefaultListableBeanFactory - Returning cached instance of singleton bean 'org.springframework.transaction.config.internalTransactionAdvisor'
15:04:44.369 [main] DEBUG org.springframework.beans.factory.support.DefaultListableBeanFactory - Finished creating instance of bean 'org.springframework.boot.autoconfigure.web.embedded.EmbeddedWebServerFactoryCustomizerAutoConfiguration$TomcatWebServerFactoryCustomizerConfiguration'
15:04:44.369 [main] DEBUG org.springframework.beans.factory.support.DefaultListableBeanFactory - Creating shared instance of singleton bean 'tomcatWebServerFactoryCustomizer'
15:04:44.369 [main] DEBUG org.springframework.beans.factory.support.DefaultListableBeanFactory - Creating instance of bean 'tomcatWebServerFactoryCustomizer'
15:04:44.369 [main] DEBUG org.springframework.beans.factory.support.DefaultListableBeanFactory - Returning cached instance of singleton bean 'org.springframework.transaction.config.internalTransactionAdvisor'
15:04:44.369 [main] DEBUG org.springframework.beans.factory.support.DefaultListableBeanFactory - Returning cached instance of singleton bean 'org.springframework.boot.autoconfigure.web.embedded.EmbeddedWebServerFactoryCustomizerAutoConfiguration$TomcatWebServerFactoryCustomizerConfiguration'
15:04:44.370 [main] DEBUG org.springframework.beans.factory.support.DefaultListableBeanFactory - Returning cached instance of singleton bean 'environment'
15:04:44.371 [main] DEBUG org.springframework.beans.factory.support.DefaultListableBeanFactory - Creating shared instance of singleton bean 'server-org.springframework.boot.autoconfigure.web.ServerProperties'
15:04:44.371 [main] DEBUG org.springframework.beans.factory.support.DefaultListableBeanFactory - Creating instance of bean 'server-org.springframework.boot.autoconfigure.web.ServerProperties'
15:04:44.371 [main] DEBUG org.springframework.beans.factory.support.DefaultListableBeanFactory - Returning cached instance of singleton bean 'org.springframework.transaction.config.internalTransactionAdvisor'
15:04:44.422 [main] DEBUG org.springframework.beans.factory.support.DefaultListableBeanFactory - Eagerly caching bean 'server-org.springframework.boot.autoconfigure.web.ServerProperties' to allow for resolving potential circular references
15:04:44.426 [main] DEBUG org.springframework.beans.factory.support.DefaultListableBeanFactory - Returning cached instance of singleton bean 'org.springframework.transaction.config.internalTransactionAdvisor'
15:04:44.426 [main] DEBUG org.springframework.beans.factory.support.DefaultListableBeanFactory - Returning cached instance of singleton bean 'org.springframework.transaction.config.internalTransactionAdvisor'
15:04:44.427 [main] DEBUG org.springframework.beans.factory.support.DefaultListableBeanFactory - Finished creating instance of bean 'server-org.springframework.boot.autoconfigure.web.ServerProperties'
15:04:44.427 [main] DEBUG org.springframework.beans.factory.support.DefaultListableBeanFactory - Autowiring by type from bean name 'tomcatWebServerFactoryCustomizer' via factory method to bean named 'environment'
15:04:44.427 [main] DEBUG org.springframework.beans.factory.support.DefaultListableBeanFactory - Autowiring by type from bean name 'tomcatWebServerFactoryCustomizer' via factory method to bean named 'server-org.springframework.boot.autoconfigure.web.ServerProperties'
15:04:44.475 [main] DEBUG org.springframework.beans.factory.support.DefaultListableBeanFactory - Eagerly caching bean 'tomcatWebServerFactoryCustomizer' to allow for resolving potential circular references
15:04:44.479 [main] DEBUG org.springframework.beans.factory.support.DefaultListableBeanFactory - Returning cached instance of singleton bean 'org.springframework.transaction.config.internalTransactionAdvisor'
15:04:44.479 [main] DEBUG org.springframework.beans.factory.support.DefaultListableBeanFactory - Returning cached instance of singleton bean 'org.springframework.transaction.config.internalTransactionAdvisor'
15:04:44.480 [main] DEBUG org.springframework.beans.factory.support.DefaultListableBeanFactory - Finished creating instance of bean 'tomcatWebServerFactoryCustomizer'
15:04:44.480 [main] DEBUG org.springframework.beans.factory.support.DefaultListableBeanFactory - Creating shared instance of singleton bean 'org.springframework.boot.autoconfigure.web.embedded.EmbeddedWebServerFactoryCustomizerAutoConfiguration'
15:04:44.480 [main] DEBUG org.springframework.beans.factory.support.DefaultListableBeanFactory - Creating instance of bean 'org.springframework.boot.autoconfigure.web.embedded.EmbeddedWebServerFactoryCustomizerAutoConfiguration'
15:04:44.480 [main] DEBUG org.springframework.beans.factory.support.DefaultListableBeanFactory - Returning cached instance of singleton bean 'org.springframework.transaction.config.internalTransactionAdvisor'
15:04:44.481 [main] DEBUG org.springframework.beans.factory.support.DefaultListableBeanFactory - Eagerly caching bean 'org.springframework.boot.autoconfigure.web.embedded.EmbeddedWebServerFactoryCustomizerAutoConfiguration' to allow for resolving potential circular references
15:04:44.487 [main] DEBUG org.springframework.beans.factory.support.DefaultListableBeanFactory - Returning cached instance of singleton bean 'org.springframework.transaction.config.internalTransactionAdvisor'
15:04:44.487 [main] DEBUG org.springframework.beans.factory.support.DefaultListableBeanFactory - Returning cached instance of singleton bean 'org.springframework.transaction.config.internalTransactionAdvisor'
15:04:44.487 [main] DEBUG org.springframework.beans.factory.support.DefaultListableBeanFactory - Finished creating instance of bean 'org.springframework.boot.autoconfigure.web.embedded.EmbeddedWebServerFactoryCustomizerAutoConfiguration'
15:04:44.487 [main] DEBUG org.springframework.beans.factory.support.DefaultListableBeanFactory - Returning cached instance of singleton bean 'server-org.springframework.boot.autoconfigure.web.ServerProperties'
15:04:44.487 [main] DEBUG org.springframework.beans.factory.support.DefaultListableBeanFactory - Returning cached instance of singleton bean 'org.springframework.orm.jpa.SharedEntityManagerCreator#0'
15:04:44.488 [main] DEBUG org.springframework.beans.factory.support.DefaultListableBeanFactory - Returning cached instance of singleton bean 'org.springframework.context.event.internalEventListenerFactory'
15:04:44.488 [main] DEBUG org.springframework.beans.factory.support.DefaultListableBeanFactory - Returning cached instance of singleton bean 'org.springframework.transaction.config.internalTransactionalEventListenerFactory'
15:04:44.620 [main] INFO org.springframework.jmx.export.annotation.AnnotationMBeanExporter - Registering beans for JMX exposure on startup
15:04:44.620 [main] DEBUG org.springframework.jmx.export.annotation.AnnotationMBeanExporter - Autodetecting user-defined JMX MBeans
15:04:44.621 [main] DEBUG org.springframework.beans.factory.support.DefaultListableBeanFactory - Returning cached instance of singleton bean 'getDataSource'
15:04:44.621 [main] INFO org.springframework.jmx.export.annotation.AnnotationMBeanExporter - Bean with name 'getDataSource' has been autodetected for JMX exposure
15:04:44.628 [main] DEBUG org.springframework.beans.factory.support.DefaultListableBeanFactory - Returning cached instance of singleton bean 'getDataSource'
15:04:44.631 [main] INFO org.springframework.jmx.export.annotation.AnnotationMBeanExporter - Located MBean 'getDataSource': registering with JMX server as MBean [org.apache.commons.dbcp2:name=getDataSource,type=BasicDataSource]
15:04:44.650 [main] DEBUG org.springframework.context.annotation.AnnotationConfigApplicationContext - Unable to locate LifecycleProcessor with name 'lifecycleProcessor': using default [org.springframework.context.support.DefaultLifecycleProcessor@7dee835]
15:04:44.651 [main] DEBUG org.springframework.beans.factory.support.DefaultListableBeanFactory - Returning cached instance of singleton bean 'lifecycleProcessor'
15:04:44.660 [main] DEBUG org.springframework.core.env.PropertySourcesPropertyResolver - Could not find key 'spring.liveBeansView.mbeanDomain' in any property source
15:04:44.663 [main] DEBUG org.springframework.beans.factory.support.DefaultListableBeanFactory - Returning cached instance of singleton bean 'categoryDAO'
15:04:44.678 [main] DEBUG org.springframework.beans.factory.support.DefaultListableBeanFactory - Returning cached instance of singleton bean 'getTransactionManager'
15:04:44.682 [main] DEBUG org.springframework.orm.hibernate5.HibernateTransactionManager - Creating new transaction with name [org.reverside.bootcamp.ubereats.repositoryImpl.CategoryDaoImpl.addCategory]: PROPAGATION_REQUIRED,ISOLATION_DEFAULT; ''
15:04:45.021 [main] DEBUG org.hibernate.stat.internal.StatisticsInitiator - Statistics initialized [enabled=false]
15:04:45.098 [main] DEBUG org.springframework.orm.hibernate5.HibernateTransactionManager - Opened new Session [SessionImpl(PersistenceContext[entityKeys=[],collectionKeys=[]];ActionQueue[insertions=ExecutableList{size=0} updates=ExecutableList{size=0} deletions=ExecutableList{size=0} orphanRemovals=ExecutableList{size=0} collectionCreations=ExecutableList{size=0} collectionRemovals=ExecutableList{size=0} collectionUpdates=ExecutableList{size=0} collectionQueuedOps=ExecutableList{size=0} unresolvedInsertDependencies=null])] for Hibernate transaction
15:04:45.101 [main] DEBUG org.springframework.orm.hibernate5.HibernateTransactionManager - Preparing JDBC Connection of Hibernate Session [SessionImpl(PersistenceContext[entityKeys=[],collectionKeys=[]];ActionQueue[insertions=ExecutableList{size=0} updates=ExecutableList{size=0} deletions=ExecutableList{size=0} orphanRemovals=ExecutableList{size=0} collectionCreations=ExecutableList{size=0} collectionRemovals=ExecutableList{size=0} collectionUpdates=ExecutableList{size=0} collectionQueuedOps=ExecutableList{size=0} unresolvedInsertDependencies=null])]
15:04:45.105 [main] DEBUG org.hibernate.engine.transaction.internal.TransactionImpl - begin
15:04:45.108 [main] DEBUG org.springframework.orm.hibernate5.HibernateTransactionManager - Exposing Hibernate transaction as JDBC transaction [1160112616, URL=jdbc:h2:tcp://localhost/~/test, UserName=SA, H2 JDBC Driver]
15:04:45.391 [main] DEBUG org.hibernate.engine.spi.ActionQueue - Executing identity-insert immediately
15:04:45.617 [main] DEBUG org.hibernate.SQL - 
    insert 
    into
        Category
        (id, is_active, description, name) 
    values
        (null, ?, ?, ?)
Hibernate: 
    insert 
    into
        Category
        (id, is_active, description, name) 
    values
        (null, ?, ?, ?)
15:04:45.681 [main] DEBUG org.hibernate.id.IdentifierGeneratorHelper - Natively generated identity: 1
15:04:45.681 [main] DEBUG org.hibernate.resource.jdbc.internal.ResourceRegistryStandardImpl - HHH000387: ResultSet's statement was not registered
15:04:45.713 [main] DEBUG org.springframework.orm.hibernate5.HibernateTransactionManager - Initiating transaction commit
15:04:45.729 [main] DEBUG org.springframework.orm.hibernate5.HibernateTransactionManager - Committing Hibernate transaction on Session [SessionImpl(PersistenceContext[entityKeys=[EntityKey[org.reverside.bootcamp.ubereats.dto.Category#1]],collectionKeys=[]];ActionQueue[insertions=ExecutableList{size=0} updates=ExecutableList{size=0} deletions=ExecutableList{size=0} orphanRemovals=ExecutableList{size=0} collectionCreations=ExecutableList{size=0} collectionRemovals=ExecutableList{size=0} collectionUpdates=ExecutableList{size=0} collectionQueuedOps=ExecutableList{size=0} unresolvedInsertDependencies=null])]
15:04:45.729 [main] DEBUG org.hibernate.engine.transaction.internal.TransactionImpl - committing
15:04:45.738 [main] DEBUG org.hibernate.event.internal.AbstractFlushingEventListener - Processing flush-time cascades
15:04:45.740 [main] DEBUG org.hibernate.event.internal.AbstractFlushingEventListener - Dirty checking collections
15:04:45.744 [main] DEBUG org.hibernate.event.internal.AbstractFlushingEventListener - Flushed: 0 insertions, 0 updates, 0 deletions to 1 objects
15:04:45.745 [main] DEBUG org.hibernate.event.internal.AbstractFlushingEventListener - Flushed: 0 (re)creations, 0 updates, 0 removals to 0 collections
15:04:45.747 [main] DEBUG org.hibernate.internal.util.EntityPrinter - Listing entities:
15:04:45.747 [main] DEBUG org.hibernate.internal.util.EntityPrinter - org.reverside.bootcamp.ubereats.dto.Category{name=CRUD, active=true, description=JUnit CRUD test, id=1}
15:04:45.751 [main] DEBUG org.springframework.orm.hibernate5.HibernateTransactionManager - Closing Hibernate Session [SessionImpl(PersistenceContext[entityKeys=[EntityKey[org.reverside.bootcamp.ubereats.dto.Category#1]],collectionKeys=[]];ActionQueue[insertions=ExecutableList{size=0} updates=ExecutableList{size=0} deletions=ExecutableList{size=0} orphanRemovals=ExecutableList{size=0} collectionCreations=ExecutableList{size=0} collectionRemovals=ExecutableList{size=0} collectionUpdates=ExecutableList{size=0} collectionQueuedOps=ExecutableList{size=0} unresolvedInsertDependencies=null])] after transaction
15:04:45.755 [main] DEBUG org.springframework.orm.hibernate5.HibernateTransactionManager - Creating new transaction with name [org.reverside.bootcamp.ubereats.repositoryImpl.CategoryDaoImpl.get]: PROPAGATION_REQUIRED,ISOLATION_DEFAULT; ''
15:04:45.756 [main] DEBUG org.springframework.orm.hibernate5.HibernateTransactionManager - Opened new Session [SessionImpl(PersistenceContext[entityKeys=[],collectionKeys=[]];ActionQueue[insertions=ExecutableList{size=0} updates=ExecutableList{size=0} deletions=ExecutableList{size=0} orphanRemovals=ExecutableList{size=0} collectionCreations=ExecutableList{size=0} collectionRemovals=ExecutableList{size=0} collectionUpdates=ExecutableList{size=0} collectionQueuedOps=ExecutableList{size=0} unresolvedInsertDependencies=null])] for Hibernate transaction
15:04:45.756 [main] DEBUG org.springframework.orm.hibernate5.HibernateTransactionManager - Preparing JDBC Connection of Hibernate Session [SessionImpl(PersistenceContext[entityKeys=[],collectionKeys=[]];ActionQueue[insertions=ExecutableList{size=0} updates=ExecutableList{size=0} deletions=ExecutableList{size=0} orphanRemovals=ExecutableList{size=0} collectionCreations=ExecutableList{size=0} collectionRemovals=ExecutableList{size=0} collectionUpdates=ExecutableList{size=0} collectionQueuedOps=ExecutableList{size=0} unresolvedInsertDependencies=null])]
15:04:45.756 [main] DEBUG org.hibernate.engine.transaction.internal.TransactionImpl - begin
15:04:45.757 [main] DEBUG org.springframework.orm.hibernate5.HibernateTransactionManager - Exposing Hibernate transaction as JDBC transaction [425842522, URL=jdbc:h2:tcp://localhost/~/test, UserName=SA, H2 JDBC Driver]
15:04:45.789 [main] DEBUG org.hibernate.SQL - 
    select
        category0_.id as id1_2_0_,
        category0_.is_active as is_activ2_2_0_,
        category0_.description as descript3_2_0_,
        category0_.name as name4_2_0_ 
    from
        Category category0_ 
    where
        category0_.id=?
Hibernate: 
    select
        category0_.id as id1_2_0_,
        category0_.is_active as is_activ2_2_0_,
        category0_.description as descript3_2_0_,
        category0_.name as name4_2_0_ 
    from
        Category category0_ 
    where
        category0_.id=?
15:04:45.830 [main] DEBUG org.hibernate.resource.jdbc.internal.ResourceRegistryStandardImpl - HHH000387: ResultSet's statement was not registered
15:04:45.831 [main] DEBUG org.hibernate.loader.entity.plan.AbstractLoadPlanBasedEntityLoader - Done entity load : org.reverside.bootcamp.ubereats.dto.Category#2
15:04:45.831 [main] DEBUG org.springframework.orm.hibernate5.HibernateTransactionManager - Initiating transaction commit
15:04:45.831 [main] DEBUG org.springframework.orm.hibernate5.HibernateTransactionManager - Committing Hibernate transaction on Session [SessionImpl(PersistenceContext[entityKeys=[],collectionKeys=[]];ActionQueue[insertions=ExecutableList{size=0} updates=ExecutableList{size=0} deletions=ExecutableList{size=0} orphanRemovals=ExecutableList{size=0} collectionCreations=ExecutableList{size=0} collectionRemovals=ExecutableList{size=0} collectionUpdates=ExecutableList{size=0} collectionQueuedOps=ExecutableList{size=0} unresolvedInsertDependencies=null])]
15:04:45.831 [main] DEBUG org.hibernate.engine.transaction.internal.TransactionImpl - committing
15:04:45.832 [main] DEBUG org.springframework.orm.hibernate5.HibernateTransactionManager - Closing Hibernate Session [SessionImpl(PersistenceContext[entityKeys=[],collectionKeys=[]];ActionQueue[insertions=ExecutableList{size=0} updates=ExecutableList{size=0} deletions=ExecutableList{size=0} orphanRemovals=ExecutableList{size=0} collectionCreations=ExecutableList{size=0} collectionRemovals=ExecutableList{size=0} collectionUpdates=ExecutableList{size=0} collectionQueuedOps=ExecutableList{size=0} unresolvedInsertDependencies=null])] after transaction
]]></system-out>
  </testcase>
</testsuite>